--------------------------------------------------------------------------
Machine specifications – written 2026-02-26 16:16:37.481601
OS          : Windows 11 (10.0.26100)
CPU         : 12th Gen Intel(R) Core(TM) i7-12700
   logical  : 20
   physical : 12
RAM         : 31.24 GB
Disk        : 943.72 GB total  /  2.64 GB free
Python      : 3.12.5  (C:\Users\s1834431\AppData\Local\Programs\Python\Python312\python.exe)
GPU(s)      : Intel(R) UHD Graphics 770
--------------------------------------------------------------------------

Runtime telemetry header written → C:\Users\s1834431\Programs\fem_model\post_processing\results\job_0001_n16_2026-02-26_16-16-35-396417_pid18316_70719141\diagnostics\RuntimeMonitorTelemetry.log
2026-02-26 16:16:37 │ PrepareLocalSystem BEGIN   │ Δt  0.00 s │ RAM   130.6 MB │ CPU  29.2 % │ Disk  941.1 GB
2026-02-26 16:16:37 │ PrepareLocalSystem END     │ Δt  0.20 s │ RAM   130.6 MB │ CPU  28.3 % │ Disk  941.1 GB
2026-02-26 16:16:38 │ AssembleGlobalSystem BEGIN │ Δt  0.20 s │ RAM   130.6 MB │ CPU  33.1 % │ Disk  941.1 GB
2026-02-26 16:16:38 │ AssembleGlobalSystem END   │ Δt  0.21 s │ RAM   130.6 MB │ CPU  29.5 % │ Disk  941.1 GB
2026-02-26 16:16:38 │ ModifyGlobalSystem BEGIN   │ Δt  0.21 s │ RAM   130.9 MB │ CPU  31.1 % │ Disk  941.1 GB
2026-02-26 16:16:38 │ ModifyGlobalSystem END     │ Δt  0.21 s │ RAM   130.9 MB │ CPU  36.1 % │ Disk  941.1 GB
2026-02-26 16:16:39 │ CondenseModifiedSystem BEGIN │ Δt  0.21 s │ RAM   130.9 MB │ CPU  50.0 % │ Disk  941.1 GB
2026-02-26 16:16:39 │ CondenseModifiedSystem END │ Δt  0.23 s │ RAM   131.8 MB │ CPU  26.4 % │ Disk  941.1 GB
2026-02-26 16:16:39 │ SolveCondensedSystem BEGIN │ Δt  0.21 s │ RAM   131.8 MB │ CPU  40.8 % │ Disk  941.1 GB
2026-02-26 16:16:39 │ SolveCondensedSystem END   │ Δt  0.26 s │ RAM   131.8 MB │ CPU  13.7 % │ Disk  941.1 GB
2026-02-26 16:16:39 │ ReconstructGlobalSystem BEGIN │ Δt  0.20 s │ RAM   131.8 MB │ CPU  28.8 % │ Disk  941.1 GB
2026-02-26 16:16:40 │ ReconstructGlobalSystem END │ Δt  0.21 s │ RAM   131.8 MB │ CPU  10.4 % │ Disk  941.1 GB
2026-02-26 16:16:40 │ ComputePrimaryResults BEGIN │ Δt  0.20 s │ RAM   131.8 MB │ CPU  13.8 % │ Disk  941.1 GB
2026-02-26 16:16:40 │ ComputePrimaryResults END  │ Δt  0.29 s │ RAM   131.8 MB │ CPU  15.5 % │ Disk  941.1 GB
2026-02-26 16:16:40 │ SaveFormulationCache BEGIN │ Δt  0.20 s │ RAM   131.8 MB │ CPU  18.1 % │ Disk  941.1 GB
2026-02-26 16:16:41 │ SaveFormulationCache END   │ Δt  0.26 s │ RAM   131.8 MB │ CPU   8.0 % │ Disk  941.1 GB
2026-02-26 16:16:41 │ ComputeSecondaryResults BEGIN │ Δt  0.20 s │ RAM   131.8 MB │ CPU  11.5 % │ Disk  941.1 GB
2026-02-26 16:16:41 │ ComputeSecondaryResults END │ Δt  0.23 s │ RAM   131.8 MB │ CPU  33.7 % │ Disk  941.1 GB
2026-02-26 16:16:41 │ ComputeTertiaryResults BEGIN │ Δt  0.20 s │ RAM   131.8 MB │ CPU  18.1 % │ Disk  941.1 GB
2026-02-26 16:16:41 │ ComputeTertiaryResults END │ Δt  0.23 s │ RAM   131.8 MB │ CPU  21.8 % │ Disk  941.1 GB
