--------------------------------------------------------------------------
Machine specifications – written 2025-11-15 15:04:20.114743
OS          : Windows 11 (10.0.26100)
CPU         : 12th Gen Intel(R) Core(TM) i7-12700
   logical  : 20
   physical : 12
RAM         : 31.24 GB
Disk        : 943.72 GB total  /  505.40 GB free
Python      : 3.12.5  (C:\Users\s1834431\AppData\Local\Programs\Python\Python312\python.exe)
GPU(s)      : Intel(R) UHD Graphics 770
--------------------------------------------------------------------------

Runtime telemetry header written → C:\Users\s1834431\.cursor\worktrees\fem_model\CRudA\post_processing\results\job_0003_2025-11-15_15-04-13-697156_pid17900_07661090\diagnostics\RuntimeMonitorTelemetry.log
2025-11-15 15:04:20 │ PrepareLocalSystem BEGIN   │ Δt  0.00 s │ RAM   126.5 MB │ CPU  43.3 % │ Disk  438.3 GB
2025-11-15 15:04:20 │ PrepareLocalSystem END     │ Δt  0.23 s │ RAM   127.2 MB │ CPU  28.1 % │ Disk  438.3 GB
2025-11-15 15:04:20 │ AssembleGlobalSystem BEGIN │ Δt  0.20 s │ RAM   127.2 MB │ CPU  51.5 % │ Disk  438.3 GB
2025-11-15 15:04:21 │ AssembleGlobalSystem END   │ Δt  0.35 s │ RAM   131.6 MB │ CPU  50.2 % │ Disk  438.3 GB
2025-11-15 15:04:48 │ ModifyGlobalSystem BEGIN   │ Δt 27.46 s │ RAM   134.6 MB │ CPU   9.7 % │ Disk  438.3 GB
2025-11-15 15:04:49 │ ModifyGlobalSystem END     │ Δt  0.26 s │ RAM   137.2 MB │ CPU  34.6 % │ Disk  438.3 GB
2025-11-15 15:05:24 │ CondenseModifiedSystem BEGIN │ Δt 35.23 s │ RAM   137.2 MB │ CPU   8.9 % │ Disk  438.3 GB
2025-11-15 15:05:25 │ CondenseModifiedSystem END │ Δt  0.98 s │ RAM   138.5 MB │ CPU   5.7 % │ Disk  438.3 GB
2025-11-15 15:07:37 │ SolveCondensedSystem BEGIN │ Δt 132.46 s │ RAM   138.4 MB │ CPU  15.8 % │ Disk  438.5 GB
2025-11-15 15:07:38 │ SolveCondensedSystem END   │ Δt  0.32 s │ RAM   140.4 MB │ CPU   6.0 % │ Disk  438.5 GB
2025-11-15 15:07:38 │ ReconstructGlobalSystem BEGIN │ Δt  0.20 s │ RAM   140.4 MB │ CPU  15.2 % │ Disk  438.5 GB
2025-11-15 15:07:38 │ ReconstructGlobalSystem END │ Δt  0.32 s │ RAM   140.4 MB │ CPU  10.0 % │ Disk  438.5 GB
2025-11-15 15:07:38 │ ComputePrimaryResults BEGIN │ Δt  0.20 s │ RAM   140.4 MB │ CPU  11.6 % │ Disk  438.5 GB
2025-11-15 15:07:40 │ ComputePrimaryResults END  │ Δt  2.15 s │ RAM   140.9 MB │ CPU  28.8 % │ Disk  438.5 GB
