--------------------------------------------------------------------------
Machine specifications – written 2025-11-15 15:10:23.482141
OS          : Windows 11 (10.0.26100)
CPU         : 12th Gen Intel(R) Core(TM) i7-12700
   logical  : 20
   physical : 12
RAM         : 31.24 GB
Disk        : 943.72 GB total  /  504.04 GB free
Python      : 3.12.5  (C:\Users\s1834431\AppData\Local\Programs\Python\Python312\python.exe)
GPU(s)      : Intel(R) UHD Graphics 770
--------------------------------------------------------------------------

Runtime telemetry header written → C:\Users\s1834431\.cursor\worktrees\fem_model\CRudA\post_processing\results\job_0002_2025-11-15_15-10-13-634150_pid24568_0c80c54a\diagnostics\RuntimeMonitorTelemetry.log
2025-11-15 15:10:23 │ PrepareLocalSystem BEGIN   │ Δt  0.00 s │ RAM   124.1 MB │ CPU  23.0 % │ Disk  439.7 GB
2025-11-15 15:10:24 │ PrepareLocalSystem END     │ Δt  0.25 s │ RAM   124.3 MB │ CPU  34.7 % │ Disk  439.7 GB
2025-11-15 15:10:24 │ AssembleGlobalSystem BEGIN │ Δt  0.20 s │ RAM   124.3 MB │ CPU  33.2 % │ Disk  439.7 GB
2025-11-15 15:10:24 │ AssembleGlobalSystem END   │ Δt  0.40 s │ RAM   126.9 MB │ CPU  29.9 % │ Disk  439.7 GB
2025-11-15 15:10:56 │ ModifyGlobalSystem BEGIN   │ Δt 32.07 s │ RAM   129.1 MB │ CPU  63.5 % │ Disk  439.8 GB
2025-11-15 15:10:57 │ ModifyGlobalSystem END     │ Δt  0.28 s │ RAM   130.2 MB │ CPU  79.2 % │ Disk  439.8 GB
2025-11-15 15:11:03 │ CondenseModifiedSystem BEGIN │ Δt  6.28 s │ RAM   130.2 MB │ CPU  70.1 % │ Disk  439.8 GB
2025-11-15 15:11:03 │ CondenseModifiedSystem END │ Δt  0.40 s │ RAM   131.0 MB │ CPU  58.6 % │ Disk  439.8 GB
2025-11-15 15:11:09 │ SolveCondensedSystem BEGIN │ Δt  5.83 s │ RAM   131.8 MB │ CPU  63.9 % │ Disk  439.8 GB
2025-11-15 15:11:16 │ SolveCondensedSystem END   │ Δt  6.51 s │ RAM   132.1 MB │ CPU  33.8 % │ Disk  439.9 GB
2025-11-15 15:11:16 │ ReconstructGlobalSystem BEGIN │ Δt  0.20 s │ RAM   132.1 MB │ CPU  35.5 % │ Disk  439.9 GB
2025-11-15 15:11:16 │ ReconstructGlobalSystem END │ Δt  0.26 s │ RAM   132.1 MB │ CPU  11.3 % │ Disk  439.9 GB
2025-11-15 15:11:16 │ ComputePrimaryResults BEGIN │ Δt  0.20 s │ RAM   132.1 MB │ CPU  11.7 % │ Disk  439.9 GB
2025-11-15 15:11:19 │ ComputePrimaryResults END  │ Δt  2.20 s │ RAM   133.1 MB │ CPU  80.4 % │ Disk  439.9 GB
