Machine Specifications:
   - OS: Windows 11 (10.0.26100)
       • Logical cores: 20
       • Physical cores: 12
   - RAM: 31.24 GB
   - Disk: 943.72 GB total, 2.50 GB free
   - Python Version: 3.12.5 (C:\Users\s1834431\AppData\Local\Programs\Python\Python312\python.exe)
   - GPU(s): Intel(R) UHD Graphics 770

Job: job_0008_n128
Timestamp (job start): 2026-02-26_16-18-57-017934
Total Time: 11.81 sec

+-------------------------------+------------+---------------+-------------+-----------+
| Step                          |   Time (s) |   Memory (MB) |   Disk (GB) |   CPU (%) |
+===============================+============+===============+=============+===========+
| Parsing                       | 0.00341678 |       135.297 |     941.207 |       0   |
+-------------------------------+------------+---------------+-------------+-----------+
| Element Instantiation         | 0.771242   |       135.297 |     941.209 |      16.6 |
+-------------------------------+------------+---------------+-------------+-----------+
| Element Stiffness Computation | 0.826689   |       135.457 |     941.21  |       0   |
+-------------------------------+------------+---------------+-------------+-----------+
| Element Force Computation     | 0.591595   |       135.457 |     941.211 |       0   |
+-------------------------------+------------+---------------+-------------+-----------+
| Full Simulation               | 9.00987    |       135     |     941.215 |       0   |
+-------------------------------+------------+---------------+-------------+-----------+

Parallel Jobs: None
Start Memory: 135.30 MB | End Memory: 135.00 MB
Start Disk Usage: 941.21 GB | End Disk Usage: 941.22 GB
Start CPU: 0.00% | End CPU: 0.00%
