2026-02-26 16:18:53,341 [DEBUG] 📁 Log file: c:\Users\s1834431\Programs\fem_model\post_processing\results\job_0008_n128_2026-02-26_16-18-45-002514_pid18316_051f381c\logs\SolveCondensedSystem.log (Module: solver, Line: 249)
2026-02-26 16:18:53,346 [DEBUG] Row/column scaling applied. (Module: solver, Line: 164)
2026-02-26 16:18:53,346 [DEBUG] Building ILU (drop_tol=1e-06, fill_factor=1.0) (Module: solver, Line: 77)
2026-02-26 16:18:53,348 [DEBUG] ILU fill-ratio = 1.07 (Module: solver, Line: 82)
2026-02-26 16:18:53,348 [INFO] Solver parameters • solver='cg', prec='auto', K nnz=3312, dofs=768 (Module: solver, Line: 181)
2026-02-26 16:18:53,348 [INFO] Condensed condition estimate: 1.00e+00 (Module: solver, Line: 187)
2026-02-26 16:18:53,352 [DEBUG] Iter   10 | residual 9.310e-03 (Module: solver, Line: 328)
2026-02-26 16:18:53,354 [DEBUG] Iter   20 | residual 1.026e-02 (Module: solver, Line: 328)
2026-02-26 16:18:53,355 [DEBUG] Iter   30 | residual 1.103e-02 (Module: solver, Line: 328)
2026-02-26 16:18:53,357 [DEBUG] Iter   40 | residual 1.156e-02 (Module: solver, Line: 328)
2026-02-26 16:18:53,357 [DEBUG] Iter   50 | residual 1.191e-02 (Module: solver, Line: 328)
2026-02-26 16:18:53,357 [DEBUG] Iter   60 | residual 1.216e-02 (Module: solver, Line: 328)
2026-02-26 16:18:53,357 [DEBUG] Iter   70 | residual 1.234e-02 (Module: solver, Line: 328)
2026-02-26 16:18:53,357 [DEBUG] Iter   80 | residual 1.248e-02 (Module: solver, Line: 328)
2026-02-26 16:18:53,360 [DEBUG] Iter   90 | residual 1.260e-02 (Module: solver, Line: 328)
2026-02-26 16:18:53,360 [DEBUG] Iter  100 | residual 1.270e-02 (Module: solver, Line: 328)
2026-02-26 16:18:53,362 [DEBUG] Iter  110 | residual 1.279e-02 (Module: solver, Line: 328)
2026-02-26 16:18:53,363 [DEBUG] Iter  120 | residual 1.287e-02 (Module: solver, Line: 328)
2026-02-26 16:18:53,363 [DEBUG] Iter  130 | residual 1.295e-02 (Module: solver, Line: 328)
2026-02-26 16:18:53,364 [DEBUG] Iter  140 | residual 1.302e-02 (Module: solver, Line: 328)
2026-02-26 16:18:53,365 [DEBUG] Iter  150 | residual 1.309e-02 (Module: solver, Line: 328)
2026-02-26 16:18:53,365 [DEBUG] Iter  160 | residual 1.315e-02 (Module: solver, Line: 328)
2026-02-26 16:18:53,366 [DEBUG] Iter  170 | residual 1.321e-02 (Module: solver, Line: 328)
2026-02-26 16:18:53,367 [DEBUG] Iter  180 | residual 1.327e-02 (Module: solver, Line: 328)
2026-02-26 16:18:53,367 [DEBUG] Iter  190 | residual 1.332e-02 (Module: solver, Line: 328)
2026-02-26 16:18:53,368 [DEBUG] Iter  200 | residual 1.338e-02 (Module: solver, Line: 328)
2026-02-26 16:18:53,369 [DEBUG] Iter  210 | residual 1.343e-02 (Module: solver, Line: 328)
2026-02-26 16:18:53,369 [DEBUG] Iter  220 | residual 1.348e-02 (Module: solver, Line: 328)
2026-02-26 16:18:53,370 [DEBUG] Iter  230 | residual 1.352e-02 (Module: solver, Line: 328)
2026-02-26 16:18:53,371 [DEBUG] Iter  240 | residual 1.357e-02 (Module: solver, Line: 328)
2026-02-26 16:18:53,372 [DEBUG] Iter  250 | residual 1.361e-02 (Module: solver, Line: 328)
2026-02-26 16:18:53,372 [DEBUG] Iter  260 | residual 1.365e-02 (Module: solver, Line: 328)
2026-02-26 16:18:53,373 [DEBUG] Iter  270 | residual 1.368e-02 (Module: solver, Line: 328)
2026-02-26 16:18:53,374 [DEBUG] Iter  280 | residual 1.372e-02 (Module: solver, Line: 328)
2026-02-26 16:18:53,374 [DEBUG] Iter  290 | residual 1.375e-02 (Module: solver, Line: 328)
2026-02-26 16:18:53,375 [DEBUG] Iter  300 | residual 1.379e-02 (Module: solver, Line: 328)
2026-02-26 16:18:53,376 [DEBUG] Iter  310 | residual 1.382e-02 (Module: solver, Line: 328)
2026-02-26 16:18:53,376 [DEBUG] Iter  320 | residual 1.385e-02 (Module: solver, Line: 328)
2026-02-26 16:18:53,377 [DEBUG] Iter  330 | residual 1.388e-02 (Module: solver, Line: 328)
2026-02-26 16:18:53,378 [DEBUG] Iter  340 | residual 1.390e-02 (Module: solver, Line: 328)
2026-02-26 16:18:53,380 [DEBUG] Iter  350 | residual 1.393e-02 (Module: solver, Line: 328)
2026-02-26 16:18:53,380 [DEBUG] Iter  360 | residual 1.395e-02 (Module: solver, Line: 328)
2026-02-26 16:18:53,380 [DEBUG] Iter  370 | residual 1.397e-02 (Module: solver, Line: 328)
2026-02-26 16:18:53,380 [DEBUG] Iter  380 | residual 1.400e-02 (Module: solver, Line: 328)
2026-02-26 16:18:53,380 [DEBUG] Iter  390 | residual 1.402e-02 (Module: solver, Line: 328)
2026-02-26 16:18:53,383 [DEBUG] Iter  400 | residual 1.404e-02 (Module: solver, Line: 328)
2026-02-26 16:18:53,383 [DEBUG] Iter  410 | residual 1.405e-02 (Module: solver, Line: 328)
2026-02-26 16:18:53,385 [DEBUG] Iter  420 | residual 1.407e-02 (Module: solver, Line: 328)
2026-02-26 16:18:53,385 [DEBUG] Iter  430 | residual 1.409e-02 (Module: solver, Line: 328)
2026-02-26 16:18:53,385 [DEBUG] Iter  440 | residual 1.410e-02 (Module: solver, Line: 328)
2026-02-26 16:18:53,387 [DEBUG] Iter  450 | residual 1.412e-02 (Module: solver, Line: 328)
2026-02-26 16:18:53,387 [DEBUG] Iter  460 | residual 1.413e-02 (Module: solver, Line: 328)
2026-02-26 16:18:53,387 [DEBUG] Iter  470 | residual 1.415e-02 (Module: solver, Line: 328)
2026-02-26 16:18:53,389 [DEBUG] Iter  480 | residual 1.416e-02 (Module: solver, Line: 328)
2026-02-26 16:18:53,389 [DEBUG] Iter  490 | residual 1.417e-02 (Module: solver, Line: 328)
2026-02-26 16:18:53,389 [DEBUG] Iter  500 | residual 1.419e-02 (Module: solver, Line: 328)
2026-02-26 16:18:53,391 [DEBUG] Iter  510 | residual 1.420e-02 (Module: solver, Line: 328)
2026-02-26 16:18:53,391 [DEBUG] Iter  520 | residual 1.421e-02 (Module: solver, Line: 328)
2026-02-26 16:18:53,391 [DEBUG] Iter  530 | residual 1.422e-02 (Module: solver, Line: 328)
2026-02-26 16:18:53,393 [DEBUG] Iter  540 | residual 1.423e-02 (Module: solver, Line: 328)
2026-02-26 16:18:53,393 [DEBUG] Iter  550 | residual 1.424e-02 (Module: solver, Line: 328)
2026-02-26 16:18:53,393 [DEBUG] Iter  560 | residual 1.425e-02 (Module: solver, Line: 328)
2026-02-26 16:18:53,395 [DEBUG] Iter  570 | residual 1.426e-02 (Module: solver, Line: 328)
2026-02-26 16:18:53,396 [DEBUG] Iter  580 | residual 1.426e-02 (Module: solver, Line: 328)
2026-02-26 16:18:53,396 [DEBUG] Iter  590 | residual 1.427e-02 (Module: solver, Line: 328)
2026-02-26 16:18:53,397 [DEBUG] Iter  600 | residual 1.428e-02 (Module: solver, Line: 328)
2026-02-26 16:18:53,398 [DEBUG] Iter  610 | residual 1.429e-02 (Module: solver, Line: 328)
2026-02-26 16:18:53,398 [DEBUG] Iter  620 | residual 1.429e-02 (Module: solver, Line: 328)
2026-02-26 16:18:53,399 [DEBUG] Iter  630 | residual 1.430e-02 (Module: solver, Line: 328)
2026-02-26 16:18:53,399 [DEBUG] Iter  640 | residual 1.431e-02 (Module: solver, Line: 328)
2026-02-26 16:18:53,400 [DEBUG] Iter  650 | residual 1.431e-02 (Module: solver, Line: 328)
2026-02-26 16:18:53,401 [DEBUG] Iter  660 | residual 1.432e-02 (Module: solver, Line: 328)
2026-02-26 16:18:53,401 [DEBUG] Iter  670 | residual 1.432e-02 (Module: solver, Line: 328)
2026-02-26 16:18:53,402 [DEBUG] Iter  680 | residual 1.433e-02 (Module: solver, Line: 328)
2026-02-26 16:18:53,403 [DEBUG] Iter  690 | residual 1.433e-02 (Module: solver, Line: 328)
2026-02-26 16:18:53,403 [DEBUG] Iter  700 | residual 1.434e-02 (Module: solver, Line: 328)
2026-02-26 16:18:53,404 [DEBUG] Iter  710 | residual 1.434e-02 (Module: solver, Line: 328)
2026-02-26 16:18:53,405 [DEBUG] Iter  720 | residual 1.435e-02 (Module: solver, Line: 328)
2026-02-26 16:18:53,405 [DEBUG] Iter  730 | residual 1.435e-02 (Module: solver, Line: 328)
2026-02-26 16:18:53,406 [DEBUG] Iter  740 | residual 1.436e-02 (Module: solver, Line: 328)
2026-02-26 16:18:53,407 [DEBUG] Iter  750 | residual 1.436e-02 (Module: solver, Line: 328)
2026-02-26 16:18:53,407 [DEBUG] Iter  760 | residual 1.436e-02 (Module: solver, Line: 328)
2026-02-26 16:18:53,408 [DEBUG] Iter  770 | residual 1.437e-02 (Module: solver, Line: 328)
2026-02-26 16:18:53,409 [DEBUG] Iter  780 | residual 1.437e-02 (Module: solver, Line: 328)
2026-02-26 16:18:53,409 [DEBUG] Iter  790 | residual 1.437e-02 (Module: solver, Line: 328)
2026-02-26 16:18:53,410 [DEBUG] Iter  800 | residual 1.438e-02 (Module: solver, Line: 328)
2026-02-26 16:18:53,411 [DEBUG] Iter  810 | residual 1.438e-02 (Module: solver, Line: 328)
2026-02-26 16:18:53,411 [DEBUG] Iter  820 | residual 1.438e-02 (Module: solver, Line: 328)
2026-02-26 16:18:53,412 [DEBUG] Iter  830 | residual 1.439e-02 (Module: solver, Line: 328)
2026-02-26 16:18:53,413 [DEBUG] Iter  840 | residual 1.439e-02 (Module: solver, Line: 328)
2026-02-26 16:18:53,414 [DEBUG] Iter  850 | residual 1.439e-02 (Module: solver, Line: 328)
2026-02-26 16:18:53,414 [DEBUG] Iter  860 | residual 1.440e-02 (Module: solver, Line: 328)
2026-02-26 16:18:53,415 [DEBUG] Iter  870 | residual 1.440e-02 (Module: solver, Line: 328)
2026-02-26 16:18:53,415 [DEBUG] Iter  880 | residual 1.440e-02 (Module: solver, Line: 328)
2026-02-26 16:18:53,416 [DEBUG] Iter  890 | residual 1.440e-02 (Module: solver, Line: 328)
2026-02-26 16:18:53,417 [DEBUG] Iter  900 | residual 1.441e-02 (Module: solver, Line: 328)
2026-02-26 16:18:53,417 [DEBUG] Iter  910 | residual 1.441e-02 (Module: solver, Line: 328)
2026-02-26 16:18:53,418 [DEBUG] Iter  920 | residual 1.441e-02 (Module: solver, Line: 328)
2026-02-26 16:18:53,419 [DEBUG] Iter  930 | residual 1.441e-02 (Module: solver, Line: 328)
2026-02-26 16:18:53,419 [DEBUG] Iter  940 | residual 1.442e-02 (Module: solver, Line: 328)
2026-02-26 16:18:53,419 [DEBUG] Iter  950 | residual 1.442e-02 (Module: solver, Line: 328)
2026-02-26 16:18:53,421 [DEBUG] Iter  960 | residual 1.442e-02 (Module: solver, Line: 328)
2026-02-26 16:18:53,422 [DEBUG] Iter  970 | residual 1.442e-02 (Module: solver, Line: 328)
2026-02-26 16:18:53,422 [DEBUG] Iter  980 | residual 1.443e-02 (Module: solver, Line: 328)
2026-02-26 16:18:53,423 [DEBUG] Iter  990 | residual 1.443e-02 (Module: solver, Line: 328)
2026-02-26 16:18:53,424 [DEBUG] Iter 1000 | residual 1.443e-02 (Module: solver, Line: 328)
2026-02-26 16:18:53,424 [WARNING] Solver info=1000 (not converged). (Module: solver, Line: 344)
2026-02-26 16:18:53,424 [INFO] Retrying with ILU preconditioner … (Module: solver, Line: 351)
2026-02-26 16:18:53,424 [DEBUG] Building ILU (drop_tol=1e-06, fill_factor=1.0) (Module: solver, Line: 77)
2026-02-26 16:18:53,425 [DEBUG] ILU fill-ratio = 1.07 (Module: solver, Line: 82)
2026-02-26 16:18:53,426 [DEBUG] Iter 1010 | residual 9.310e-03 (Module: solver, Line: 328)
2026-02-26 16:18:53,427 [DEBUG] Iter 1020 | residual 1.026e-02 (Module: solver, Line: 328)
2026-02-26 16:18:53,427 [DEBUG] Iter 1030 | residual 1.103e-02 (Module: solver, Line: 328)
2026-02-26 16:18:53,428 [DEBUG] Iter 1040 | residual 1.156e-02 (Module: solver, Line: 328)
2026-02-26 16:18:53,429 [DEBUG] Iter 1050 | residual 1.191e-02 (Module: solver, Line: 328)
2026-02-26 16:18:53,429 [DEBUG] Iter 1060 | residual 1.216e-02 (Module: solver, Line: 328)
2026-02-26 16:18:53,429 [DEBUG] Iter 1070 | residual 1.234e-02 (Module: solver, Line: 328)
2026-02-26 16:18:53,429 [DEBUG] Iter 1080 | residual 1.248e-02 (Module: solver, Line: 328)
2026-02-26 16:18:53,429 [DEBUG] Iter 1090 | residual 1.260e-02 (Module: solver, Line: 328)
2026-02-26 16:18:53,432 [DEBUG] Iter 1100 | residual 1.270e-02 (Module: solver, Line: 328)
2026-02-26 16:18:53,432 [DEBUG] Iter 1110 | residual 1.279e-02 (Module: solver, Line: 328)
2026-02-26 16:18:53,432 [DEBUG] Iter 1120 | residual 1.287e-02 (Module: solver, Line: 328)
2026-02-26 16:18:53,434 [DEBUG] Iter 1130 | residual 1.295e-02 (Module: solver, Line: 328)
2026-02-26 16:18:53,434 [DEBUG] Iter 1140 | residual 1.302e-02 (Module: solver, Line: 328)
2026-02-26 16:18:53,434 [DEBUG] Iter 1150 | residual 1.309e-02 (Module: solver, Line: 328)
2026-02-26 16:18:53,436 [DEBUG] Iter 1160 | residual 1.315e-02 (Module: solver, Line: 328)
2026-02-26 16:18:53,436 [DEBUG] Iter 1170 | residual 1.321e-02 (Module: solver, Line: 328)
2026-02-26 16:18:53,436 [DEBUG] Iter 1180 | residual 1.327e-02 (Module: solver, Line: 328)
2026-02-26 16:18:53,438 [DEBUG] Iter 1190 | residual 1.332e-02 (Module: solver, Line: 328)
2026-02-26 16:18:53,438 [DEBUG] Iter 1200 | residual 1.338e-02 (Module: solver, Line: 328)
2026-02-26 16:18:53,440 [DEBUG] Iter 1210 | residual 1.343e-02 (Module: solver, Line: 328)
2026-02-26 16:18:53,440 [DEBUG] Iter 1220 | residual 1.348e-02 (Module: solver, Line: 328)
2026-02-26 16:18:53,440 [DEBUG] Iter 1230 | residual 1.352e-02 (Module: solver, Line: 328)
2026-02-26 16:18:53,441 [DEBUG] Iter 1240 | residual 1.357e-02 (Module: solver, Line: 328)
2026-02-26 16:18:53,441 [DEBUG] Iter 1250 | residual 1.361e-02 (Module: solver, Line: 328)
2026-02-26 16:18:53,441 [DEBUG] Iter 1260 | residual 1.365e-02 (Module: solver, Line: 328)
2026-02-26 16:18:53,443 [DEBUG] Iter 1270 | residual 1.368e-02 (Module: solver, Line: 328)
2026-02-26 16:18:53,444 [DEBUG] Iter 1280 | residual 1.372e-02 (Module: solver, Line: 328)
2026-02-26 16:18:53,445 [DEBUG] Iter 1290 | residual 1.375e-02 (Module: solver, Line: 328)
2026-02-26 16:18:53,446 [DEBUG] Iter 1300 | residual 1.379e-02 (Module: solver, Line: 328)
2026-02-26 16:18:53,447 [DEBUG] Iter 1310 | residual 1.382e-02 (Module: solver, Line: 328)
2026-02-26 16:18:53,447 [DEBUG] Iter 1320 | residual 1.385e-02 (Module: solver, Line: 328)
2026-02-26 16:18:53,448 [DEBUG] Iter 1330 | residual 1.388e-02 (Module: solver, Line: 328)
2026-02-26 16:18:53,449 [DEBUG] Iter 1340 | residual 1.390e-02 (Module: solver, Line: 328)
2026-02-26 16:18:53,449 [DEBUG] Iter 1350 | residual 1.393e-02 (Module: solver, Line: 328)
2026-02-26 16:18:53,449 [DEBUG] Iter 1360 | residual 1.395e-02 (Module: solver, Line: 328)
2026-02-26 16:18:53,449 [DEBUG] Iter 1370 | residual 1.397e-02 (Module: solver, Line: 328)
2026-02-26 16:18:53,449 [DEBUG] Iter 1380 | residual 1.400e-02 (Module: solver, Line: 328)
2026-02-26 16:18:53,449 [DEBUG] Iter 1390 | residual 1.402e-02 (Module: solver, Line: 328)
2026-02-26 16:18:53,449 [DEBUG] Iter 1400 | residual 1.404e-02 (Module: solver, Line: 328)
2026-02-26 16:18:53,449 [DEBUG] Iter 1410 | residual 1.405e-02 (Module: solver, Line: 328)
2026-02-26 16:18:53,449 [DEBUG] Iter 1420 | residual 1.407e-02 (Module: solver, Line: 328)
2026-02-26 16:18:53,449 [DEBUG] Iter 1430 | residual 1.409e-02 (Module: solver, Line: 328)
2026-02-26 16:18:53,449 [DEBUG] Iter 1440 | residual 1.410e-02 (Module: solver, Line: 328)
2026-02-26 16:18:53,449 [DEBUG] Iter 1450 | residual 1.412e-02 (Module: solver, Line: 328)
2026-02-26 16:18:53,449 [DEBUG] Iter 1460 | residual 1.413e-02 (Module: solver, Line: 328)
2026-02-26 16:18:53,449 [DEBUG] Iter 1470 | residual 1.415e-02 (Module: solver, Line: 328)
2026-02-26 16:18:53,449 [DEBUG] Iter 1480 | residual 1.416e-02 (Module: solver, Line: 328)
2026-02-26 16:18:53,449 [DEBUG] Iter 1490 | residual 1.417e-02 (Module: solver, Line: 328)
2026-02-26 16:18:53,449 [DEBUG] Iter 1500 | residual 1.419e-02 (Module: solver, Line: 328)
2026-02-26 16:18:53,449 [DEBUG] Iter 1510 | residual 1.420e-02 (Module: solver, Line: 328)
2026-02-26 16:18:53,449 [DEBUG] Iter 1520 | residual 1.421e-02 (Module: solver, Line: 328)
2026-02-26 16:18:53,462 [DEBUG] Iter 1530 | residual 1.422e-02 (Module: solver, Line: 328)
2026-02-26 16:18:53,463 [DEBUG] Iter 1540 | residual 1.423e-02 (Module: solver, Line: 328)
2026-02-26 16:18:53,463 [DEBUG] Iter 1550 | residual 1.424e-02 (Module: solver, Line: 328)
2026-02-26 16:18:53,464 [DEBUG] Iter 1560 | residual 1.425e-02 (Module: solver, Line: 328)
2026-02-26 16:18:53,465 [DEBUG] Iter 1570 | residual 1.426e-02 (Module: solver, Line: 328)
2026-02-26 16:18:53,465 [DEBUG] Iter 1580 | residual 1.426e-02 (Module: solver, Line: 328)
2026-02-26 16:18:53,466 [DEBUG] Iter 1590 | residual 1.427e-02 (Module: solver, Line: 328)
2026-02-26 16:18:53,467 [DEBUG] Iter 1600 | residual 1.428e-02 (Module: solver, Line: 328)
2026-02-26 16:18:53,467 [DEBUG] Iter 1610 | residual 1.429e-02 (Module: solver, Line: 328)
2026-02-26 16:18:53,468 [DEBUG] Iter 1620 | residual 1.429e-02 (Module: solver, Line: 328)
2026-02-26 16:18:53,469 [DEBUG] Iter 1630 | residual 1.430e-02 (Module: solver, Line: 328)
2026-02-26 16:18:53,469 [DEBUG] Iter 1640 | residual 1.431e-02 (Module: solver, Line: 328)
2026-02-26 16:18:53,470 [DEBUG] Iter 1650 | residual 1.431e-02 (Module: solver, Line: 328)
2026-02-26 16:18:53,471 [DEBUG] Iter 1660 | residual 1.432e-02 (Module: solver, Line: 328)
2026-02-26 16:18:53,471 [DEBUG] Iter 1670 | residual 1.432e-02 (Module: solver, Line: 328)
2026-02-26 16:18:53,473 [DEBUG] Iter 1680 | residual 1.433e-02 (Module: solver, Line: 328)
2026-02-26 16:18:53,473 [DEBUG] Iter 1690 | residual 1.433e-02 (Module: solver, Line: 328)
2026-02-26 16:18:53,474 [DEBUG] Iter 1700 | residual 1.434e-02 (Module: solver, Line: 328)
2026-02-26 16:18:53,474 [DEBUG] Iter 1710 | residual 1.434e-02 (Module: solver, Line: 328)
2026-02-26 16:18:53,475 [DEBUG] Iter 1720 | residual 1.435e-02 (Module: solver, Line: 328)
2026-02-26 16:18:53,476 [DEBUG] Iter 1730 | residual 1.435e-02 (Module: solver, Line: 328)
2026-02-26 16:18:53,476 [DEBUG] Iter 1740 | residual 1.436e-02 (Module: solver, Line: 328)
2026-02-26 16:18:53,477 [DEBUG] Iter 1750 | residual 1.436e-02 (Module: solver, Line: 328)
2026-02-26 16:18:53,478 [DEBUG] Iter 1760 | residual 1.436e-02 (Module: solver, Line: 328)
2026-02-26 16:18:53,478 [DEBUG] Iter 1770 | residual 1.437e-02 (Module: solver, Line: 328)
2026-02-26 16:18:53,479 [DEBUG] Iter 1780 | residual 1.437e-02 (Module: solver, Line: 328)
2026-02-26 16:18:53,480 [DEBUG] Iter 1790 | residual 1.437e-02 (Module: solver, Line: 328)
2026-02-26 16:18:53,480 [DEBUG] Iter 1800 | residual 1.438e-02 (Module: solver, Line: 328)
2026-02-26 16:18:53,480 [DEBUG] Iter 1810 | residual 1.438e-02 (Module: solver, Line: 328)
2026-02-26 16:18:53,480 [DEBUG] Iter 1820 | residual 1.438e-02 (Module: solver, Line: 328)
2026-02-26 16:18:53,480 [DEBUG] Iter 1830 | residual 1.439e-02 (Module: solver, Line: 328)
2026-02-26 16:18:53,484 [DEBUG] Iter 1840 | residual 1.439e-02 (Module: solver, Line: 328)
2026-02-26 16:18:53,485 [DEBUG] Iter 1850 | residual 1.439e-02 (Module: solver, Line: 328)
2026-02-26 16:18:53,485 [DEBUG] Iter 1860 | residual 1.440e-02 (Module: solver, Line: 328)
2026-02-26 16:18:53,485 [DEBUG] Iter 1870 | residual 1.440e-02 (Module: solver, Line: 328)
2026-02-26 16:18:53,487 [DEBUG] Iter 1880 | residual 1.440e-02 (Module: solver, Line: 328)
2026-02-26 16:18:53,487 [DEBUG] Iter 1890 | residual 1.440e-02 (Module: solver, Line: 328)
2026-02-26 16:18:53,487 [DEBUG] Iter 1900 | residual 1.441e-02 (Module: solver, Line: 328)
2026-02-26 16:18:53,489 [DEBUG] Iter 1910 | residual 1.441e-02 (Module: solver, Line: 328)
2026-02-26 16:18:53,489 [DEBUG] Iter 1920 | residual 1.441e-02 (Module: solver, Line: 328)
2026-02-26 16:18:53,489 [DEBUG] Iter 1930 | residual 1.441e-02 (Module: solver, Line: 328)
2026-02-26 16:18:53,489 [DEBUG] Iter 1940 | residual 1.442e-02 (Module: solver, Line: 328)
2026-02-26 16:18:53,491 [DEBUG] Iter 1950 | residual 1.442e-02 (Module: solver, Line: 328)
2026-02-26 16:18:53,491 [DEBUG] Iter 1960 | residual 1.442e-02 (Module: solver, Line: 328)
2026-02-26 16:18:53,491 [DEBUG] Iter 1970 | residual 1.442e-02 (Module: solver, Line: 328)
2026-02-26 16:18:53,493 [DEBUG] Iter 1980 | residual 1.443e-02 (Module: solver, Line: 328)
2026-02-26 16:18:53,493 [DEBUG] Iter 1990 | residual 1.443e-02 (Module: solver, Line: 328)
2026-02-26 16:18:53,493 [DEBUG] Iter 2000 | residual 1.443e-02 (Module: solver, Line: 328)
2026-02-26 16:18:53,495 [WARNING] Solver info=1000 (not converged). (Module: solver, Line: 344)
2026-02-26 16:18:53,495 [INFO] Switching to direct SuperLU fall-back. (Module: solver, Line: 359)
2026-02-26 16:18:53,495 [DEBUG] Using SuperLU direct solver (Module: solver, Line: 306)
2026-02-26 16:18:53,496 [INFO] Condensed residual norm: 4.701e-03 (Module: solver, Line: 204)
2026-02-26 16:18:53,496 [WARNING] Residual is high – verify model! (Module: solver, Line: 207)
2026-02-26 16:18:53,496 [INFO] 📊 Condensed solver report: (Module: solver, Line: 384)
2026-02-26 16:18:53,496 [INFO]  • dofs: 768 (Module: solver, Line: 386)
2026-02-26 16:18:53,496 [INFO]  • nnz: 3312 (Module: solver, Line: 386)
2026-02-26 16:18:53,497 [INFO]  • density: 0.005615234375 (Module: solver, Line: 386)
2026-02-26 16:18:53,497 [INFO]  • condition_est: 1.0043906936437876 (Module: solver, Line: 386)
2026-02-26 16:18:53,497 [INFO]  • solve_phases: {'iterative': 0.0699215999993612, 'factorization': 0.0007290000003195019, 'solution': 0.0007941000003484078} (Module: solver, Line: 386)
2026-02-26 16:18:53,497 [INFO]  • iters: 2000 (Module: solver, Line: 386)
2026-02-26 16:18:53,497 [INFO]  • final_residual: 0.014430201454300469 (Module: solver, Line: 386)
