Machine Specifications:
   - OS: Windows 11 (10.0.26100)
       • Logical cores: 20
       • Physical cores: 12
   - RAM: 31.24 GB
   - Disk: 943.72 GB total, 2.54 GB free
   - Python Version: 3.12.5 (C:\Users\s1834431\AppData\Local\Programs\Python\Python312\python.exe)
   - GPU(s): Intel(R) UHD Graphics 770

Job: job_0004_n64
Timestamp (job start): 2026-02-26_16-17-58-602946
Total Time: 10.04 sec

+-------------------------------+------------+---------------+-------------+-----------+
| Step                          |   Time (s) |   Memory (MB) |   Disk (GB) |   CPU (%) |
+===============================+============+===============+=============+===========+
| Parsing                       | 0.00798273 |       134.516 |     941.163 |         0 |
+-------------------------------+------------+---------------+-------------+-----------+
| Element Instantiation         | 0.683434   |       134.629 |     941.164 |         0 |
+-------------------------------+------------+---------------+-------------+-----------+
| Element Stiffness Computation | 1.22491    |       135.469 |     941.169 |         0 |
+-------------------------------+------------+---------------+-------------+-----------+
| Element Force Computation     | 0.657664   |       135.75  |     941.171 |         0 |
+-------------------------------+------------+---------------+-------------+-----------+
| Full Simulation               | 6.86097    |       136.398 |     941.177 |         0 |
+-------------------------------+------------+---------------+-------------+-----------+

Parallel Jobs: None
Start Memory: 134.51 MB | End Memory: 136.40 MB
Start Disk Usage: 941.16 GB | End Disk Usage: 941.18 GB
Start CPU: 0.00% | End CPU: 0.00%
