2026-02-26 16:17:55,389 [DEBUG] 📁 Log file: c:\Users\s1834431\Programs\fem_model\post_processing\results\job_0004_n64_2026-02-26_16-17-48-348743_pid18316_b8d08218\logs\SolveCondensedSystem.log (Module: solver, Line: 249)
2026-02-26 16:17:55,389 [DEBUG] Row/column scaling applied. (Module: solver, Line: 164)
2026-02-26 16:17:55,389 [DEBUG] Building ILU (drop_tol=1e-06, fill_factor=1.0) (Module: solver, Line: 77)
2026-02-26 16:17:55,389 [WARNING] Preconditioner 'ilu' failed (Factor is exactly singular); proceeding without it. (Module: solver, Line: 279)
2026-02-26 16:17:55,389 [INFO] Solver parameters • solver='cg', prec='None', K nnz=1648, dofs=384 (Module: solver, Line: 181)
2026-02-26 16:17:55,389 [INFO] Condensed condition estimate: 1.02e+00 (Module: solver, Line: 187)
2026-02-26 16:17:55,389 [DEBUG] Iter   10 | residual 2.480e-02 (Module: solver, Line: 328)
2026-02-26 16:17:55,389 [DEBUG] Iter   20 | residual 2.011e-02 (Module: solver, Line: 328)
2026-02-26 16:17:55,389 [DEBUG] Iter   30 | residual 2.877e-02 (Module: solver, Line: 328)
2026-02-26 16:17:55,389 [DEBUG] Iter   40 | residual 2.641e-02 (Module: solver, Line: 328)
2026-02-26 16:17:55,389 [DEBUG] Iter   50 | residual 2.446e-02 (Module: solver, Line: 328)
2026-02-26 16:17:55,389 [DEBUG] Iter   60 | residual 1.701e-02 (Module: solver, Line: 328)
2026-02-26 16:17:55,389 [DEBUG] Iter   70 | residual 1.791e-02 (Module: solver, Line: 328)
2026-02-26 16:17:55,389 [DEBUG] Iter   80 | residual 1.375e-02 (Module: solver, Line: 328)
2026-02-26 16:17:55,389 [DEBUG] Iter   90 | residual 1.275e-02 (Module: solver, Line: 328)
2026-02-26 16:17:55,389 [DEBUG] Iter  100 | residual 1.305e-02 (Module: solver, Line: 328)
2026-02-26 16:17:55,389 [DEBUG] Iter  110 | residual 9.715e-03 (Module: solver, Line: 328)
2026-02-26 16:17:55,389 [DEBUG] Iter  120 | residual 9.178e-03 (Module: solver, Line: 328)
2026-02-26 16:17:55,389 [DEBUG] Iter  130 | residual 6.997e-02 (Module: solver, Line: 328)
2026-02-26 16:17:55,389 [DEBUG] Iter  140 | residual 1.729e-02 (Module: solver, Line: 328)
2026-02-26 16:17:55,389 [DEBUG] Iter  150 | residual 2.747e-03 (Module: solver, Line: 328)
2026-02-26 16:17:55,389 [DEBUG] Iter  160 | residual 3.484e-02 (Module: solver, Line: 328)
2026-02-26 16:17:55,389 [DEBUG] Iter  170 | residual 2.333e-03 (Module: solver, Line: 328)
2026-02-26 16:17:55,389 [DEBUG] Iter  180 | residual 5.131e-02 (Module: solver, Line: 328)
2026-02-26 16:17:55,389 [DEBUG] Iter  190 | residual 2.726e-02 (Module: solver, Line: 328)
2026-02-26 16:17:55,389 [DEBUG] Iter  200 | residual 2.504e-03 (Module: solver, Line: 328)
2026-02-26 16:17:55,389 [DEBUG] Iter  210 | residual 3.077e-03 (Module: solver, Line: 328)
2026-02-26 16:17:55,389 [DEBUG] Iter  220 | residual 1.279e-02 (Module: solver, Line: 328)
2026-02-26 16:17:55,389 [DEBUG] Iter  230 | residual 1.022e-01 (Module: solver, Line: 328)
2026-02-26 16:17:55,389 [DEBUG] Iter  240 | residual 2.466e-03 (Module: solver, Line: 328)
2026-02-26 16:17:55,389 [DEBUG] Iter  250 | residual 3.027e-05 (Module: solver, Line: 328)
2026-02-26 16:17:55,389 [DEBUG] Iter  260 | residual 5.951e-06 (Module: solver, Line: 328)
2026-02-26 16:17:55,389 [DEBUG] Iter  270 | residual 1.142e-06 (Module: solver, Line: 328)
2026-02-26 16:17:55,389 [DEBUG] Iter  280 | residual 6.163e-08 (Module: solver, Line: 328)
2026-02-26 16:17:55,389 [DEBUG] Iter  290 | residual 8.223e-09 (Module: solver, Line: 328)
2026-02-26 16:17:55,389 [DEBUG] Iter  300 | residual 6.699e-09 (Module: solver, Line: 328)
2026-02-26 16:17:55,389 [DEBUG] Iter  310 | residual 4.374e-09 (Module: solver, Line: 328)
2026-02-26 16:17:55,389 [DEBUG] Iter  320 | residual 8.851e-10 (Module: solver, Line: 328)
2026-02-26 16:17:55,389 [DEBUG] Iter  330 | residual 2.040e-09 (Module: solver, Line: 328)
2026-02-26 16:17:55,389 [DEBUG] Iter  340 | residual 1.628e-10 (Module: solver, Line: 328)
2026-02-26 16:17:55,389 [INFO] Condensed residual norm: 1.063e-02 (Module: solver, Line: 204)
2026-02-26 16:17:55,389 [WARNING] Residual is high – verify model! (Module: solver, Line: 207)
2026-02-26 16:17:55,389 [INFO] 📊 Condensed solver report: (Module: solver, Line: 384)
2026-02-26 16:17:55,389 [INFO]  • dofs: 384 (Module: solver, Line: 386)
2026-02-26 16:17:55,389 [INFO]  • nnz: 1648 (Module: solver, Line: 386)
2026-02-26 16:17:55,389 [INFO]  • density: 0.011176215277777778 (Module: solver, Line: 386)
2026-02-26 16:17:55,400 [INFO]  • condition_est: 1.0189162211052432 (Module: solver, Line: 386)
2026-02-26 16:17:55,400 [INFO]  • solve_phases: {'iterative': 0.00659300000006624} (Module: solver, Line: 386)
2026-02-26 16:17:55,400 [INFO]  • iters: 342 (Module: solver, Line: 386)
2026-02-26 16:17:55,400 [INFO]  • final_residual: 8.141245119132129e-11 (Module: solver, Line: 386)
