2026-02-26 16:16:55,287 [DEBUG] 📁 Log file: c:\Users\s1834431\Programs\fem_model\post_processing\results\job_0001_n64_2026-02-26_16-16-48-562007_pid18316_c3b89ec2\logs\SolveCondensedSystem.log (Module: solver, Line: 249)
2026-02-26 16:16:55,289 [DEBUG] Row/column scaling applied. (Module: solver, Line: 164)
2026-02-26 16:16:55,290 [DEBUG] Building ILU (drop_tol=1e-06, fill_factor=1.0) (Module: solver, Line: 77)
2026-02-26 16:16:55,290 [WARNING] Preconditioner 'ilu' failed (Factor is exactly singular); proceeding without it. (Module: solver, Line: 279)
2026-02-26 16:16:55,291 [INFO] Solver parameters • solver='cg', prec='None', K nnz=1648, dofs=384 (Module: solver, Line: 181)
2026-02-26 16:16:55,292 [INFO] Condensed condition estimate: 1.02e+00 (Module: solver, Line: 187)
2026-02-26 16:16:55,294 [DEBUG] Iter   10 | residual 1.739e-03 (Module: solver, Line: 328)
2026-02-26 16:16:55,295 [DEBUG] Iter   20 | residual 2.055e-03 (Module: solver, Line: 328)
2026-02-26 16:16:55,295 [DEBUG] Iter   30 | residual 2.269e-03 (Module: solver, Line: 328)
2026-02-26 16:16:55,296 [DEBUG] Iter   40 | residual 2.435e-03 (Module: solver, Line: 328)
2026-02-26 16:16:55,297 [DEBUG] Iter   50 | residual 3.470e-03 (Module: solver, Line: 328)
2026-02-26 16:16:55,297 [DEBUG] Iter   60 | residual 3.329e-03 (Module: solver, Line: 328)
2026-02-26 16:16:55,297 [DEBUG] Iter   70 | residual 4.025e-03 (Module: solver, Line: 328)
2026-02-26 16:16:55,297 [DEBUG] Iter   80 | residual 2.691e-03 (Module: solver, Line: 328)
2026-02-26 16:16:55,297 [DEBUG] Iter   90 | residual 6.509e-03 (Module: solver, Line: 328)
2026-02-26 16:16:55,297 [DEBUG] Iter  100 | residual 2.623e-03 (Module: solver, Line: 328)
2026-02-26 16:16:55,297 [DEBUG] Iter  110 | residual 1.594e-03 (Module: solver, Line: 328)
2026-02-26 16:16:55,297 [DEBUG] Iter  120 | residual 2.589e-03 (Module: solver, Line: 328)
2026-02-26 16:16:55,299 [DEBUG] Iter  130 | residual 1.002e-02 (Module: solver, Line: 328)
2026-02-26 16:16:55,299 [DEBUG] Iter  140 | residual 2.944e-02 (Module: solver, Line: 328)
2026-02-26 16:16:55,299 [DEBUG] Iter  150 | residual 1.832e-04 (Module: solver, Line: 328)
2026-02-26 16:16:55,299 [DEBUG] Iter  160 | residual 4.325e-03 (Module: solver, Line: 328)
2026-02-26 16:16:55,299 [DEBUG] Iter  170 | residual 2.846e-04 (Module: solver, Line: 328)
2026-02-26 16:16:55,299 [DEBUG] Iter  180 | residual 2.611e-03 (Module: solver, Line: 328)
2026-02-26 16:16:55,299 [DEBUG] Iter  190 | residual 2.339e-02 (Module: solver, Line: 328)
2026-02-26 16:16:55,299 [DEBUG] Iter  200 | residual 1.529e-03 (Module: solver, Line: 328)
2026-02-26 16:16:55,301 [DEBUG] Iter  210 | residual 6.554e-04 (Module: solver, Line: 328)
2026-02-26 16:16:55,301 [DEBUG] Iter  220 | residual 5.290e-03 (Module: solver, Line: 328)
2026-02-26 16:16:55,301 [WARNING] Iterative solver aborted: Divergence detected (Module: solver, Line: 346)
2026-02-26 16:16:55,301 [INFO] Switching to direct SuperLU fall-back. (Module: solver, Line: 359)
2026-02-26 16:16:55,301 [DEBUG] Using SuperLU direct solver (Module: solver, Line: 306)
2026-02-26 16:16:55,303 [INFO] Condensed residual norm: 5.949e-03 (Module: solver, Line: 204)
2026-02-26 16:16:55,303 [WARNING] Residual is high – verify model! (Module: solver, Line: 207)
2026-02-26 16:16:55,303 [INFO] 📊 Condensed solver report: (Module: solver, Line: 384)
2026-02-26 16:16:55,303 [INFO]  • dofs: 384 (Module: solver, Line: 386)
2026-02-26 16:16:55,303 [INFO]  • nnz: 1648 (Module: solver, Line: 386)
2026-02-26 16:16:55,303 [INFO]  • density: 0.011176215277777778 (Module: solver, Line: 386)
2026-02-26 16:16:55,303 [INFO]  • condition_est: 1.0186477275579464 (Module: solver, Line: 386)
2026-02-26 16:16:55,303 [INFO]  • solve_phases: {'factorization': 0.00048599999990983633, 'solution': 0.0005272999997032457} (Module: solver, Line: 386)
2026-02-26 16:16:55,303 [INFO]  • iters: 228 (Module: solver, Line: 386)
2026-02-26 16:16:55,303 [INFO]  • final_residual: 0.13670395083986692 (Module: solver, Line: 386)
