2026-02-26 16:17:11,462 [DEBUG]: 🟢 ElementFactory logger initialised.
2026-02-26 16:17:11,462 [INFO]: 🚩 Starting batch element creation.
2026-02-26 16:17:11,462 [DEBUG]: Element IDs sanitised: [0, 1, 2, 3, 4, 5, 6, 7, 8, 9, 10, 11, 12, 13, 14, 15, 16, 17, 18, 19, 20, 21, 22, 23, 24, 25, 26, 27, 28, 29, 30, 31, 32, 33, 34, 35, 36, 37, 38, 39, 40, 41, 42, 43, 44, 45, 46, 47, 48, 49, 50, 51, 52, 53, 54, 55, 56, 57, 58, 59, 60, 61, 62, 63, 64, 65, 66, 67, 68, 69, 70, 71, 72, 73, 74, 75, 76, 77, 78, 79, 80, 81, 82, 83, 84, 85, 86, 87, 88, 89, 90, 91, 92, 93, 94, 95, 96, 97, 98, 99, 100, 101, 102, 103, 104, 105, 106, 107, 108, 109, 110, 111, 112, 113, 114, 115, 116, 117, 118, 119, 120, 121, 122, 123, 124, 125, 126, 127]
2026-02-26 16:17:11,462 [INFO]: Instantiating 128 elements in parallel (2 processes)
2026-02-26 16:17:12,094 [INFO]: Parallel element instantiation completed successfully
2026-02-26 16:17:12,095 [DEBUG]: Logging verified for element 0.
2026-02-26 16:17:12,095 [DEBUG]: Logging verified for element 1.
2026-02-26 16:17:12,096 [DEBUG]: Logging verified for element 2.
2026-02-26 16:17:12,096 [DEBUG]: Logging verified for element 3.
2026-02-26 16:17:12,097 [DEBUG]: Logging verified for element 4.
2026-02-26 16:17:12,097 [DEBUG]: Logging verified for element 5.
2026-02-26 16:17:12,098 [DEBUG]: Logging verified for element 6.
2026-02-26 16:17:12,098 [DEBUG]: Logging verified for element 7.
2026-02-26 16:17:12,099 [DEBUG]: Logging verified for element 8.
2026-02-26 16:17:12,099 [DEBUG]: Logging verified for element 9.
2026-02-26 16:17:12,099 [DEBUG]: Logging verified for element 10.
2026-02-26 16:17:12,100 [DEBUG]: Logging verified for element 11.
2026-02-26 16:17:12,100 [DEBUG]: Logging verified for element 12.
2026-02-26 16:17:12,101 [DEBUG]: Logging verified for element 13.
2026-02-26 16:17:12,101 [DEBUG]: Logging verified for element 14.
2026-02-26 16:17:12,101 [DEBUG]: Logging verified for element 15.
2026-02-26 16:17:12,102 [DEBUG]: Logging verified for element 16.
2026-02-26 16:17:12,103 [DEBUG]: Logging verified for element 17.
2026-02-26 16:17:12,103 [DEBUG]: Logging verified for element 18.
2026-02-26 16:17:12,103 [DEBUG]: Logging verified for element 19.
2026-02-26 16:17:12,104 [DEBUG]: Logging verified for element 20.
2026-02-26 16:17:12,104 [DEBUG]: Logging verified for element 21.
2026-02-26 16:17:12,105 [DEBUG]: Logging verified for element 22.
2026-02-26 16:17:12,105 [DEBUG]: Logging verified for element 23.
2026-02-26 16:17:12,106 [DEBUG]: Logging verified for element 24.
2026-02-26 16:17:12,106 [DEBUG]: Logging verified for element 25.
2026-02-26 16:17:12,106 [DEBUG]: Logging verified for element 26.
2026-02-26 16:17:12,107 [DEBUG]: Logging verified for element 27.
2026-02-26 16:17:12,108 [DEBUG]: Logging verified for element 28.
2026-02-26 16:17:12,108 [DEBUG]: Logging verified for element 29.
2026-02-26 16:17:12,108 [DEBUG]: Logging verified for element 30.
2026-02-26 16:17:12,109 [DEBUG]: Logging verified for element 31.
2026-02-26 16:17:12,109 [DEBUG]: Logging verified for element 32.
2026-02-26 16:17:12,110 [DEBUG]: Logging verified for element 33.
2026-02-26 16:17:12,110 [DEBUG]: Logging verified for element 34.
2026-02-26 16:17:12,111 [DEBUG]: Logging verified for element 35.
2026-02-26 16:17:12,111 [DEBUG]: Logging verified for element 36.
2026-02-26 16:17:12,112 [DEBUG]: Logging verified for element 37.
2026-02-26 16:17:12,112 [DEBUG]: Logging verified for element 38.
2026-02-26 16:17:12,113 [DEBUG]: Logging verified for element 39.
2026-02-26 16:17:12,113 [DEBUG]: Logging verified for element 40.
2026-02-26 16:17:12,113 [DEBUG]: Logging verified for element 41.
2026-02-26 16:17:12,114 [DEBUG]: Logging verified for element 42.
2026-02-26 16:17:12,114 [DEBUG]: Logging verified for element 43.
2026-02-26 16:17:12,115 [DEBUG]: Logging verified for element 44.
2026-02-26 16:17:12,115 [DEBUG]: Logging verified for element 45.
2026-02-26 16:17:12,115 [DEBUG]: Logging verified for element 46.
2026-02-26 16:17:12,117 [DEBUG]: Logging verified for element 47.
2026-02-26 16:17:12,117 [DEBUG]: Logging verified for element 48.
2026-02-26 16:17:12,117 [DEBUG]: Logging verified for element 49.
2026-02-26 16:17:12,118 [DEBUG]: Logging verified for element 50.
2026-02-26 16:17:12,118 [DEBUG]: Logging verified for element 51.
2026-02-26 16:17:12,119 [DEBUG]: Logging verified for element 52.
2026-02-26 16:17:12,119 [DEBUG]: Logging verified for element 53.
2026-02-26 16:17:12,120 [DEBUG]: Logging verified for element 54.
2026-02-26 16:17:12,120 [DEBUG]: Logging verified for element 55.
2026-02-26 16:17:12,120 [DEBUG]: Logging verified for element 56.
2026-02-26 16:17:12,121 [DEBUG]: Logging verified for element 57.
2026-02-26 16:17:12,121 [DEBUG]: Logging verified for element 58.
2026-02-26 16:17:12,122 [DEBUG]: Logging verified for element 59.
2026-02-26 16:17:12,122 [DEBUG]: Logging verified for element 60.
2026-02-26 16:17:12,122 [DEBUG]: Logging verified for element 61.
2026-02-26 16:17:12,123 [DEBUG]: Logging verified for element 62.
2026-02-26 16:17:12,123 [DEBUG]: Logging verified for element 63.
2026-02-26 16:17:12,124 [DEBUG]: Logging verified for element 64.
2026-02-26 16:17:12,124 [DEBUG]: Logging verified for element 65.
2026-02-26 16:17:12,125 [DEBUG]: Logging verified for element 66.
2026-02-26 16:17:12,125 [DEBUG]: Logging verified for element 67.
2026-02-26 16:17:12,125 [DEBUG]: Logging verified for element 68.
2026-02-26 16:17:12,126 [DEBUG]: Logging verified for element 69.
2026-02-26 16:17:12,126 [DEBUG]: Logging verified for element 70.
2026-02-26 16:17:12,126 [DEBUG]: Logging verified for element 71.
2026-02-26 16:17:12,126 [DEBUG]: Logging verified for element 72.
2026-02-26 16:17:12,126 [DEBUG]: Logging verified for element 73.
2026-02-26 16:17:12,126 [DEBUG]: Logging verified for element 74.
2026-02-26 16:17:12,126 [DEBUG]: Logging verified for element 75.
2026-02-26 16:17:12,126 [DEBUG]: Logging verified for element 76.
2026-02-26 16:17:12,126 [DEBUG]: Logging verified for element 77.
2026-02-26 16:17:12,126 [DEBUG]: Logging verified for element 78.
2026-02-26 16:17:12,126 [DEBUG]: Logging verified for element 79.
2026-02-26 16:17:12,126 [DEBUG]: Logging verified for element 80.
2026-02-26 16:17:12,126 [DEBUG]: Logging verified for element 81.
2026-02-26 16:17:12,126 [DEBUG]: Logging verified for element 82.
2026-02-26 16:17:12,126 [DEBUG]: Logging verified for element 83.
2026-02-26 16:17:12,126 [DEBUG]: Logging verified for element 84.
2026-02-26 16:17:12,132 [DEBUG]: Logging verified for element 85.
2026-02-26 16:17:12,132 [DEBUG]: Logging verified for element 86.
2026-02-26 16:17:12,132 [DEBUG]: Logging verified for element 87.
2026-02-26 16:17:12,132 [DEBUG]: Logging verified for element 88.
2026-02-26 16:17:12,132 [DEBUG]: Logging verified for element 89.
2026-02-26 16:17:12,132 [DEBUG]: Logging verified for element 90.
2026-02-26 16:17:12,135 [DEBUG]: Logging verified for element 91.
2026-02-26 16:17:12,135 [DEBUG]: Logging verified for element 92.
2026-02-26 16:17:12,135 [DEBUG]: Logging verified for element 93.
2026-02-26 16:17:12,135 [DEBUG]: Logging verified for element 94.
2026-02-26 16:17:12,135 [DEBUG]: Logging verified for element 95.
2026-02-26 16:17:12,135 [DEBUG]: Logging verified for element 96.
2026-02-26 16:17:12,135 [DEBUG]: Logging verified for element 97.
2026-02-26 16:17:12,135 [DEBUG]: Logging verified for element 98.
2026-02-26 16:17:12,135 [DEBUG]: Logging verified for element 99.
2026-02-26 16:17:12,135 [DEBUG]: Logging verified for element 100.
2026-02-26 16:17:12,139 [DEBUG]: Logging verified for element 101.
2026-02-26 16:17:12,139 [DEBUG]: Logging verified for element 102.
2026-02-26 16:17:12,139 [DEBUG]: Logging verified for element 103.
2026-02-26 16:17:12,139 [DEBUG]: Logging verified for element 104.
2026-02-26 16:17:12,139 [DEBUG]: Logging verified for element 105.
2026-02-26 16:17:12,139 [DEBUG]: Logging verified for element 106.
2026-02-26 16:17:12,142 [DEBUG]: Logging verified for element 107.
2026-02-26 16:17:12,142 [DEBUG]: Logging verified for element 108.
2026-02-26 16:17:12,142 [DEBUG]: Logging verified for element 109.
2026-02-26 16:17:12,142 [DEBUG]: Logging verified for element 110.
2026-02-26 16:17:12,142 [DEBUG]: Logging verified for element 111.
2026-02-26 16:17:12,142 [DEBUG]: Logging verified for element 112.
2026-02-26 16:17:12,144 [DEBUG]: Logging verified for element 113.
2026-02-26 16:17:12,144 [DEBUG]: Logging verified for element 114.
2026-02-26 16:17:12,144 [DEBUG]: Logging verified for element 115.
2026-02-26 16:17:12,144 [DEBUG]: Logging verified for element 116.
2026-02-26 16:17:12,144 [DEBUG]: Logging verified for element 117.
2026-02-26 16:17:12,146 [DEBUG]: Logging verified for element 118.
2026-02-26 16:17:12,146 [DEBUG]: Logging verified for element 119.
2026-02-26 16:17:12,146 [DEBUG]: Logging verified for element 120.
2026-02-26 16:17:12,146 [DEBUG]: Logging verified for element 121.
2026-02-26 16:17:12,146 [DEBUG]: Logging verified for element 122.
2026-02-26 16:17:12,146 [DEBUG]: Logging verified for element 123.
2026-02-26 16:17:12,148 [DEBUG]: Logging verified for element 124.
2026-02-26 16:17:12,148 [DEBUG]: Logging verified for element 125.
2026-02-26 16:17:12,148 [DEBUG]: Logging verified for element 126.
2026-02-26 16:17:12,148 [DEBUG]: Logging verified for element 127.
2026-02-26 16:17:12,148 [INFO]: ✅ Batch element creation complete.
