2026-02-26 16:17:20,348 [DEBUG] 📁 Log file: c:\Users\s1834431\Programs\fem_model\post_processing\results\job_0003_n128_2026-02-26_16-17-11-252587_pid18316_6ef00e8c\logs\SolveCondensedSystem.log (Module: solver, Line: 249)
2026-02-26 16:17:20,348 [DEBUG] Row/column scaling applied. (Module: solver, Line: 164)
2026-02-26 16:17:20,348 [DEBUG] Building ILU (drop_tol=1e-06, fill_factor=1.0) (Module: solver, Line: 77)
2026-02-26 16:17:20,348 [DEBUG] ILU fill-ratio = 1.02 (Module: solver, Line: 82)
2026-02-26 16:17:20,348 [INFO] Solver parameters • solver='cg', prec='auto', K nnz=3312, dofs=768 (Module: solver, Line: 181)
2026-02-26 16:17:20,348 [INFO] Condensed condition estimate: 1.04e+00 (Module: solver, Line: 187)
2026-02-26 16:17:20,348 [DEBUG] Iter   10 | residual 2.871e-03 (Module: solver, Line: 328)
2026-02-26 16:17:20,348 [DEBUG] Iter   20 | residual 2.871e-03 (Module: solver, Line: 328)
2026-02-26 16:17:20,348 [DEBUG] Iter   30 | residual 3.046e-03 (Module: solver, Line: 328)
2026-02-26 16:17:20,348 [DEBUG] Iter   40 | residual 3.054e-03 (Module: solver, Line: 328)
2026-02-26 16:17:20,348 [DEBUG] Iter   50 | residual nan (Module: solver, Line: 328)
2026-02-26 16:17:20,348 [DEBUG] Iter   60 | residual nan (Module: solver, Line: 328)
2026-02-26 16:17:20,356 [DEBUG] Iter   70 | residual nan (Module: solver, Line: 328)
2026-02-26 16:17:20,357 [DEBUG] Iter   80 | residual nan (Module: solver, Line: 328)
2026-02-26 16:17:20,357 [DEBUG] Iter   90 | residual nan (Module: solver, Line: 328)
2026-02-26 16:17:20,359 [DEBUG] Iter  100 | residual nan (Module: solver, Line: 328)
2026-02-26 16:17:20,359 [DEBUG] Iter  110 | residual nan (Module: solver, Line: 328)
2026-02-26 16:17:20,360 [DEBUG] Iter  120 | residual nan (Module: solver, Line: 328)
2026-02-26 16:17:20,361 [DEBUG] Iter  130 | residual nan (Module: solver, Line: 328)
2026-02-26 16:17:20,362 [DEBUG] Iter  140 | residual nan (Module: solver, Line: 328)
2026-02-26 16:17:20,362 [DEBUG] Iter  150 | residual nan (Module: solver, Line: 328)
2026-02-26 16:17:20,362 [DEBUG] Iter  160 | residual nan (Module: solver, Line: 328)
2026-02-26 16:17:20,362 [DEBUG] Iter  170 | residual nan (Module: solver, Line: 328)
2026-02-26 16:17:20,362 [DEBUG] Iter  180 | residual nan (Module: solver, Line: 328)
2026-02-26 16:17:20,362 [DEBUG] Iter  190 | residual nan (Module: solver, Line: 328)
2026-02-26 16:17:20,362 [DEBUG] Iter  200 | residual nan (Module: solver, Line: 328)
2026-02-26 16:17:20,362 [DEBUG] Iter  210 | residual nan (Module: solver, Line: 328)
2026-02-26 16:17:20,368 [DEBUG] Iter  220 | residual nan (Module: solver, Line: 328)
2026-02-26 16:17:20,368 [DEBUG] Iter  230 | residual nan (Module: solver, Line: 328)
2026-02-26 16:17:20,368 [DEBUG] Iter  240 | residual nan (Module: solver, Line: 328)
2026-02-26 16:17:20,368 [DEBUG] Iter  250 | residual nan (Module: solver, Line: 328)
2026-02-26 16:17:20,368 [DEBUG] Iter  260 | residual nan (Module: solver, Line: 328)
2026-02-26 16:17:20,368 [DEBUG] Iter  270 | residual nan (Module: solver, Line: 328)
2026-02-26 16:17:20,368 [DEBUG] Iter  280 | residual nan (Module: solver, Line: 328)
2026-02-26 16:17:20,368 [DEBUG] Iter  290 | residual nan (Module: solver, Line: 328)
2026-02-26 16:17:20,374 [DEBUG] Iter  300 | residual nan (Module: solver, Line: 328)
2026-02-26 16:17:20,375 [DEBUG] Iter  310 | residual nan (Module: solver, Line: 328)
2026-02-26 16:17:20,375 [DEBUG] Iter  320 | residual nan (Module: solver, Line: 328)
2026-02-26 16:17:20,376 [DEBUG] Iter  330 | residual nan (Module: solver, Line: 328)
2026-02-26 16:17:20,377 [DEBUG] Iter  340 | residual nan (Module: solver, Line: 328)
2026-02-26 16:17:20,377 [DEBUG] Iter  350 | residual nan (Module: solver, Line: 328)
2026-02-26 16:17:20,378 [DEBUG] Iter  360 | residual nan (Module: solver, Line: 328)
2026-02-26 16:17:20,379 [DEBUG] Iter  370 | residual nan (Module: solver, Line: 328)
2026-02-26 16:17:20,380 [DEBUG] Iter  380 | residual nan (Module: solver, Line: 328)
2026-02-26 16:17:20,380 [DEBUG] Iter  390 | residual nan (Module: solver, Line: 328)
2026-02-26 16:17:20,380 [DEBUG] Iter  400 | residual nan (Module: solver, Line: 328)
2026-02-26 16:17:20,380 [DEBUG] Iter  410 | residual nan (Module: solver, Line: 328)
2026-02-26 16:17:20,380 [DEBUG] Iter  420 | residual nan (Module: solver, Line: 328)
2026-02-26 16:17:20,380 [DEBUG] Iter  430 | residual nan (Module: solver, Line: 328)
2026-02-26 16:17:20,380 [DEBUG] Iter  440 | residual nan (Module: solver, Line: 328)
2026-02-26 16:17:20,380 [DEBUG] Iter  450 | residual nan (Module: solver, Line: 328)
2026-02-26 16:17:20,380 [DEBUG] Iter  460 | residual nan (Module: solver, Line: 328)
2026-02-26 16:17:20,380 [DEBUG] Iter  470 | residual nan (Module: solver, Line: 328)
2026-02-26 16:17:20,380 [DEBUG] Iter  480 | residual nan (Module: solver, Line: 328)
2026-02-26 16:17:20,380 [DEBUG] Iter  490 | residual nan (Module: solver, Line: 328)
2026-02-26 16:17:20,380 [DEBUG] Iter  500 | residual nan (Module: solver, Line: 328)
2026-02-26 16:17:20,380 [DEBUG] Iter  510 | residual nan (Module: solver, Line: 328)
2026-02-26 16:17:20,390 [DEBUG] Iter  520 | residual nan (Module: solver, Line: 328)
2026-02-26 16:17:20,391 [DEBUG] Iter  530 | residual nan (Module: solver, Line: 328)
2026-02-26 16:17:20,392 [DEBUG] Iter  540 | residual nan (Module: solver, Line: 328)
2026-02-26 16:17:20,392 [DEBUG] Iter  550 | residual nan (Module: solver, Line: 328)
2026-02-26 16:17:20,392 [DEBUG] Iter  560 | residual nan (Module: solver, Line: 328)
2026-02-26 16:17:20,392 [DEBUG] Iter  570 | residual nan (Module: solver, Line: 328)
2026-02-26 16:17:20,392 [DEBUG] Iter  580 | residual nan (Module: solver, Line: 328)
2026-02-26 16:17:20,392 [DEBUG] Iter  590 | residual nan (Module: solver, Line: 328)
2026-02-26 16:17:20,392 [DEBUG] Iter  600 | residual nan (Module: solver, Line: 328)
2026-02-26 16:17:20,392 [DEBUG] Iter  610 | residual nan (Module: solver, Line: 328)
2026-02-26 16:17:20,392 [DEBUG] Iter  620 | residual nan (Module: solver, Line: 328)
2026-02-26 16:17:20,392 [DEBUG] Iter  630 | residual nan (Module: solver, Line: 328)
2026-02-26 16:17:20,392 [DEBUG] Iter  640 | residual nan (Module: solver, Line: 328)
2026-02-26 16:17:20,392 [DEBUG] Iter  650 | residual nan (Module: solver, Line: 328)
2026-02-26 16:17:20,392 [DEBUG] Iter  660 | residual nan (Module: solver, Line: 328)
2026-02-26 16:17:20,392 [DEBUG] Iter  670 | residual nan (Module: solver, Line: 328)
2026-02-26 16:17:20,392 [DEBUG] Iter  680 | residual nan (Module: solver, Line: 328)
2026-02-26 16:17:20,392 [DEBUG] Iter  690 | residual nan (Module: solver, Line: 328)
2026-02-26 16:17:20,392 [DEBUG] Iter  700 | residual nan (Module: solver, Line: 328)
2026-02-26 16:17:20,392 [DEBUG] Iter  710 | residual nan (Module: solver, Line: 328)
2026-02-26 16:17:20,392 [DEBUG] Iter  720 | residual nan (Module: solver, Line: 328)
2026-02-26 16:17:20,392 [DEBUG] Iter  730 | residual nan (Module: solver, Line: 328)
2026-02-26 16:17:20,392 [DEBUG] Iter  740 | residual nan (Module: solver, Line: 328)
2026-02-26 16:17:20,407 [DEBUG] Iter  750 | residual nan (Module: solver, Line: 328)
2026-02-26 16:17:20,407 [DEBUG] Iter  760 | residual nan (Module: solver, Line: 328)
2026-02-26 16:17:20,408 [DEBUG] Iter  770 | residual nan (Module: solver, Line: 328)
2026-02-26 16:17:20,409 [DEBUG] Iter  780 | residual nan (Module: solver, Line: 328)
2026-02-26 16:17:20,409 [DEBUG] Iter  790 | residual nan (Module: solver, Line: 328)
2026-02-26 16:17:20,410 [DEBUG] Iter  800 | residual nan (Module: solver, Line: 328)
2026-02-26 16:17:20,411 [DEBUG] Iter  810 | residual nan (Module: solver, Line: 328)
2026-02-26 16:17:20,411 [DEBUG] Iter  820 | residual nan (Module: solver, Line: 328)
2026-02-26 16:17:20,412 [DEBUG] Iter  830 | residual nan (Module: solver, Line: 328)
2026-02-26 16:17:20,413 [DEBUG] Iter  840 | residual nan (Module: solver, Line: 328)
2026-02-26 16:17:20,413 [DEBUG] Iter  850 | residual nan (Module: solver, Line: 328)
2026-02-26 16:17:20,414 [DEBUG] Iter  860 | residual nan (Module: solver, Line: 328)
2026-02-26 16:17:20,415 [DEBUG] Iter  870 | residual nan (Module: solver, Line: 328)
2026-02-26 16:17:20,415 [DEBUG] Iter  880 | residual nan (Module: solver, Line: 328)
2026-02-26 16:17:20,416 [DEBUG] Iter  890 | residual nan (Module: solver, Line: 328)
2026-02-26 16:17:20,416 [DEBUG] Iter  900 | residual nan (Module: solver, Line: 328)
2026-02-26 16:17:20,418 [DEBUG] Iter  910 | residual nan (Module: solver, Line: 328)
2026-02-26 16:17:20,418 [DEBUG] Iter  920 | residual nan (Module: solver, Line: 328)
2026-02-26 16:17:20,419 [DEBUG] Iter  930 | residual nan (Module: solver, Line: 328)
2026-02-26 16:17:20,420 [DEBUG] Iter  940 | residual nan (Module: solver, Line: 328)
2026-02-26 16:17:20,420 [DEBUG] Iter  950 | residual nan (Module: solver, Line: 328)
2026-02-26 16:17:20,421 [DEBUG] Iter  960 | residual nan (Module: solver, Line: 328)
2026-02-26 16:17:20,422 [DEBUG] Iter  970 | residual nan (Module: solver, Line: 328)
2026-02-26 16:17:20,422 [DEBUG] Iter  980 | residual nan (Module: solver, Line: 328)
2026-02-26 16:17:20,423 [DEBUG] Iter  990 | residual nan (Module: solver, Line: 328)
2026-02-26 16:17:20,424 [DEBUG] Iter 1000 | residual nan (Module: solver, Line: 328)
2026-02-26 16:17:20,424 [WARNING] Solver info=1000 (not converged). (Module: solver, Line: 344)
2026-02-26 16:17:20,424 [INFO] Retrying with ILU preconditioner … (Module: solver, Line: 351)
2026-02-26 16:17:20,424 [DEBUG] Building ILU (drop_tol=1e-06, fill_factor=1.0) (Module: solver, Line: 77)
2026-02-26 16:17:20,425 [DEBUG] ILU fill-ratio = 1.02 (Module: solver, Line: 82)
2026-02-26 16:17:20,426 [DEBUG] Iter 1010 | residual 2.871e-03 (Module: solver, Line: 328)
2026-02-26 16:17:20,426 [DEBUG] Iter 1020 | residual 2.871e-03 (Module: solver, Line: 328)
2026-02-26 16:17:20,427 [DEBUG] Iter 1030 | residual 3.046e-03 (Module: solver, Line: 328)
2026-02-26 16:17:20,428 [DEBUG] Iter 1040 | residual 3.054e-03 (Module: solver, Line: 328)
2026-02-26 16:17:20,429 [DEBUG] Iter 1050 | residual nan (Module: solver, Line: 328)
2026-02-26 16:17:20,429 [DEBUG] Iter 1060 | residual nan (Module: solver, Line: 328)
2026-02-26 16:17:20,430 [DEBUG] Iter 1070 | residual nan (Module: solver, Line: 328)
2026-02-26 16:17:20,430 [DEBUG] Iter 1080 | residual nan (Module: solver, Line: 328)
2026-02-26 16:17:20,431 [DEBUG] Iter 1090 | residual nan (Module: solver, Line: 328)
2026-02-26 16:17:20,432 [DEBUG] Iter 1100 | residual nan (Module: solver, Line: 328)
2026-02-26 16:17:20,432 [DEBUG] Iter 1110 | residual nan (Module: solver, Line: 328)
2026-02-26 16:17:20,433 [DEBUG] Iter 1120 | residual nan (Module: solver, Line: 328)
2026-02-26 16:17:20,434 [DEBUG] Iter 1130 | residual nan (Module: solver, Line: 328)
2026-02-26 16:17:20,434 [DEBUG] Iter 1140 | residual nan (Module: solver, Line: 328)
2026-02-26 16:17:20,435 [DEBUG] Iter 1150 | residual nan (Module: solver, Line: 328)
2026-02-26 16:17:20,436 [DEBUG] Iter 1160 | residual nan (Module: solver, Line: 328)
2026-02-26 16:17:20,436 [DEBUG] Iter 1170 | residual nan (Module: solver, Line: 328)
2026-02-26 16:17:20,437 [DEBUG] Iter 1180 | residual nan (Module: solver, Line: 328)
2026-02-26 16:17:20,438 [DEBUG] Iter 1190 | residual nan (Module: solver, Line: 328)
2026-02-26 16:17:20,438 [DEBUG] Iter 1200 | residual nan (Module: solver, Line: 328)
2026-02-26 16:17:20,439 [DEBUG] Iter 1210 | residual nan (Module: solver, Line: 328)
2026-02-26 16:17:20,440 [DEBUG] Iter 1220 | residual nan (Module: solver, Line: 328)
2026-02-26 16:17:20,440 [DEBUG] Iter 1230 | residual nan (Module: solver, Line: 328)
2026-02-26 16:17:20,441 [DEBUG] Iter 1240 | residual nan (Module: solver, Line: 328)
2026-02-26 16:17:20,442 [DEBUG] Iter 1250 | residual nan (Module: solver, Line: 328)
2026-02-26 16:17:20,443 [DEBUG] Iter 1260 | residual nan (Module: solver, Line: 328)
2026-02-26 16:17:20,443 [DEBUG] Iter 1270 | residual nan (Module: solver, Line: 328)
2026-02-26 16:17:20,445 [DEBUG] Iter 1280 | residual nan (Module: solver, Line: 328)
2026-02-26 16:17:20,445 [DEBUG] Iter 1290 | residual nan (Module: solver, Line: 328)
2026-02-26 16:17:20,445 [DEBUG] Iter 1300 | residual nan (Module: solver, Line: 328)
2026-02-26 16:17:20,446 [DEBUG] Iter 1310 | residual nan (Module: solver, Line: 328)
2026-02-26 16:17:20,446 [DEBUG] Iter 1320 | residual nan (Module: solver, Line: 328)
2026-02-26 16:17:20,446 [DEBUG] Iter 1330 | residual nan (Module: solver, Line: 328)
2026-02-26 16:17:20,446 [DEBUG] Iter 1340 | residual nan (Module: solver, Line: 328)
2026-02-26 16:17:20,446 [DEBUG] Iter 1350 | residual nan (Module: solver, Line: 328)
2026-02-26 16:17:20,446 [DEBUG] Iter 1360 | residual nan (Module: solver, Line: 328)
2026-02-26 16:17:20,446 [DEBUG] Iter 1370 | residual nan (Module: solver, Line: 328)
2026-02-26 16:17:20,446 [DEBUG] Iter 1380 | residual nan (Module: solver, Line: 328)
2026-02-26 16:17:20,446 [DEBUG] Iter 1390 | residual nan (Module: solver, Line: 328)
2026-02-26 16:17:20,446 [DEBUG] Iter 1400 | residual nan (Module: solver, Line: 328)
2026-02-26 16:17:20,446 [DEBUG] Iter 1410 | residual nan (Module: solver, Line: 328)
2026-02-26 16:17:20,446 [DEBUG] Iter 1420 | residual nan (Module: solver, Line: 328)
2026-02-26 16:17:20,446 [DEBUG] Iter 1430 | residual nan (Module: solver, Line: 328)
2026-02-26 16:17:20,446 [DEBUG] Iter 1440 | residual nan (Module: solver, Line: 328)
2026-02-26 16:17:20,446 [DEBUG] Iter 1450 | residual nan (Module: solver, Line: 328)
2026-02-26 16:17:20,457 [DEBUG] Iter 1460 | residual nan (Module: solver, Line: 328)
2026-02-26 16:17:20,458 [DEBUG] Iter 1470 | residual nan (Module: solver, Line: 328)
2026-02-26 16:17:20,458 [DEBUG] Iter 1480 | residual nan (Module: solver, Line: 328)
2026-02-26 16:17:20,458 [DEBUG] Iter 1490 | residual nan (Module: solver, Line: 328)
2026-02-26 16:17:20,458 [DEBUG] Iter 1500 | residual nan (Module: solver, Line: 328)
2026-02-26 16:17:20,458 [DEBUG] Iter 1510 | residual nan (Module: solver, Line: 328)
2026-02-26 16:17:20,458 [DEBUG] Iter 1520 | residual nan (Module: solver, Line: 328)
2026-02-26 16:17:20,458 [DEBUG] Iter 1530 | residual nan (Module: solver, Line: 328)
2026-02-26 16:17:20,458 [DEBUG] Iter 1540 | residual nan (Module: solver, Line: 328)
2026-02-26 16:17:20,458 [DEBUG] Iter 1550 | residual nan (Module: solver, Line: 328)
2026-02-26 16:17:20,458 [DEBUG] Iter 1560 | residual nan (Module: solver, Line: 328)
2026-02-26 16:17:20,458 [DEBUG] Iter 1570 | residual nan (Module: solver, Line: 328)
2026-02-26 16:17:20,458 [DEBUG] Iter 1580 | residual nan (Module: solver, Line: 328)
2026-02-26 16:17:20,458 [DEBUG] Iter 1590 | residual nan (Module: solver, Line: 328)
2026-02-26 16:17:20,458 [DEBUG] Iter 1600 | residual nan (Module: solver, Line: 328)
2026-02-26 16:17:20,458 [DEBUG] Iter 1610 | residual nan (Module: solver, Line: 328)
2026-02-26 16:17:20,468 [DEBUG] Iter 1620 | residual nan (Module: solver, Line: 328)
2026-02-26 16:17:20,468 [DEBUG] Iter 1630 | residual nan (Module: solver, Line: 328)
2026-02-26 16:17:20,468 [DEBUG] Iter 1640 | residual nan (Module: solver, Line: 328)
2026-02-26 16:17:20,468 [DEBUG] Iter 1650 | residual nan (Module: solver, Line: 328)
2026-02-26 16:17:20,468 [DEBUG] Iter 1660 | residual nan (Module: solver, Line: 328)
2026-02-26 16:17:20,468 [DEBUG] Iter 1670 | residual nan (Module: solver, Line: 328)
2026-02-26 16:17:20,468 [DEBUG] Iter 1680 | residual nan (Module: solver, Line: 328)
2026-02-26 16:17:20,474 [DEBUG] Iter 1690 | residual nan (Module: solver, Line: 328)
2026-02-26 16:17:20,474 [DEBUG] Iter 1700 | residual nan (Module: solver, Line: 328)
2026-02-26 16:17:20,475 [DEBUG] Iter 1710 | residual nan (Module: solver, Line: 328)
2026-02-26 16:17:20,476 [DEBUG] Iter 1720 | residual nan (Module: solver, Line: 328)
2026-02-26 16:17:20,476 [DEBUG] Iter 1730 | residual nan (Module: solver, Line: 328)
2026-02-26 16:17:20,477 [DEBUG] Iter 1740 | residual nan (Module: solver, Line: 328)
2026-02-26 16:17:20,478 [DEBUG] Iter 1750 | residual nan (Module: solver, Line: 328)
2026-02-26 16:17:20,478 [DEBUG] Iter 1760 | residual nan (Module: solver, Line: 328)
2026-02-26 16:17:20,479 [DEBUG] Iter 1770 | residual nan (Module: solver, Line: 328)
2026-02-26 16:17:20,480 [DEBUG] Iter 1780 | residual nan (Module: solver, Line: 328)
2026-02-26 16:17:20,481 [DEBUG] Iter 1790 | residual nan (Module: solver, Line: 328)
2026-02-26 16:17:20,481 [DEBUG] Iter 1800 | residual nan (Module: solver, Line: 328)
2026-02-26 16:17:20,482 [DEBUG] Iter 1810 | residual nan (Module: solver, Line: 328)
2026-02-26 16:17:20,483 [DEBUG] Iter 1820 | residual nan (Module: solver, Line: 328)
2026-02-26 16:17:20,483 [DEBUG] Iter 1830 | residual nan (Module: solver, Line: 328)
2026-02-26 16:17:20,484 [DEBUG] Iter 1840 | residual nan (Module: solver, Line: 328)
2026-02-26 16:17:20,485 [DEBUG] Iter 1850 | residual nan (Module: solver, Line: 328)
2026-02-26 16:17:20,486 [DEBUG] Iter 1860 | residual nan (Module: solver, Line: 328)
2026-02-26 16:17:20,486 [DEBUG] Iter 1870 | residual nan (Module: solver, Line: 328)
2026-02-26 16:17:20,487 [DEBUG] Iter 1880 | residual nan (Module: solver, Line: 328)
2026-02-26 16:17:20,488 [DEBUG] Iter 1890 | residual nan (Module: solver, Line: 328)
2026-02-26 16:17:20,488 [DEBUG] Iter 1900 | residual nan (Module: solver, Line: 328)
2026-02-26 16:17:20,489 [DEBUG] Iter 1910 | residual nan (Module: solver, Line: 328)
2026-02-26 16:17:20,490 [DEBUG] Iter 1920 | residual nan (Module: solver, Line: 328)
2026-02-26 16:17:20,491 [DEBUG] Iter 1930 | residual nan (Module: solver, Line: 328)
2026-02-26 16:17:20,492 [DEBUG] Iter 1940 | residual nan (Module: solver, Line: 328)
2026-02-26 16:17:20,493 [DEBUG] Iter 1950 | residual nan (Module: solver, Line: 328)
2026-02-26 16:17:20,493 [DEBUG] Iter 1960 | residual nan (Module: solver, Line: 328)
2026-02-26 16:17:20,494 [DEBUG] Iter 1970 | residual nan (Module: solver, Line: 328)
2026-02-26 16:17:20,495 [DEBUG] Iter 1980 | residual nan (Module: solver, Line: 328)
2026-02-26 16:17:20,495 [DEBUG] Iter 1990 | residual nan (Module: solver, Line: 328)
2026-02-26 16:17:20,496 [DEBUG] Iter 2000 | residual nan (Module: solver, Line: 328)
2026-02-26 16:17:20,496 [WARNING] Solver info=1000 (not converged). (Module: solver, Line: 344)
2026-02-26 16:17:20,496 [INFO] Switching to direct SuperLU fall-back. (Module: solver, Line: 359)
2026-02-26 16:17:20,496 [DEBUG] Using SuperLU direct solver (Module: solver, Line: 306)
2026-02-26 16:17:20,497 [INFO] Condensed residual norm: 2.053e-02 (Module: solver, Line: 204)
2026-02-26 16:17:20,497 [WARNING] Residual is high – verify model! (Module: solver, Line: 207)
2026-02-26 16:17:20,497 [INFO] 📊 Condensed solver report: (Module: solver, Line: 384)
2026-02-26 16:17:20,498 [INFO]  • dofs: 768 (Module: solver, Line: 386)
2026-02-26 16:17:20,498 [INFO]  • nnz: 3312 (Module: solver, Line: 386)
2026-02-26 16:17:20,498 [INFO]  • density: 0.005615234375 (Module: solver, Line: 386)
2026-02-26 16:17:20,498 [INFO]  • condition_est: 1.0428452412446187 (Module: solver, Line: 386)
2026-02-26 16:17:20,498 [INFO]  • solve_phases: {'iterative': 0.07080609999957233, 'factorization': 0.0004958999998052604, 'solution': 0.0005711000003429945} (Module: solver, Line: 386)
2026-02-26 16:17:20,498 [INFO]  • iters: 2000 (Module: solver, Line: 386)
2026-02-26 16:17:20,498 [INFO]  • final_residual: nan (Module: solver, Line: 386)
