--------------------------------------------------------------------------
### Global System

                   │ CURRENT            │ EVOLUTION         
Equations          │ 3006               │ 3006              
Dirichlet          │ 0                  │ 0                 
Eliminated         │ 0                  │ 0                 
Unknowns           │ 3006               │ 3006              
nnz                │ 15010              │ 15010             
Density            │ 1.66e-03           │ 1.66e-03          
Zero rows          │ 0                  │ 0                 
Zero cols          │ 0                  │ 0                 
Bandwidth          │ 10                 │ 10                
Symmetric          │ yes                │ yes               
Rank               │ 2958               │ 2958              
Cond-no            │ 1.4e+18            │ 1.4e+18           
λmin/λmax          │ —                  │ —                 
Inertia            │ —                  │ —                 
b-min/max          │ -5.0e+02/0.0e+00   │ -5.0e+02/0.0e+00  
Σb                 │ -5.0e+02           │ -5.0e+02          
Top|b|             │ 3001:-5.0e+02, 2992:0.0e+00, 2991:0.0e+00 │ 3001:-5.0e+02, 2992:0.0e+00, 2991:0.0e+00

2025-11-15 15:11:16,430 [INFO] 🩺  Global System diagnostics appended → C:\Users\s1834431\.cursor\worktrees\fem_model\CRudA\post_processing\results\job_0003_2025-11-15_15-10-13-634150_pid24568_88743caa\diagnostics\DiagnoseLinearStaticSystem.log
--------------------------------------------------------------------------
### Modified System

                   │ CURRENT            │ EVOLUTION         
Equations          │ 3006               │ 3006              
Dirichlet          │ 0                  │ 6                 
Eliminated         │ 0                  │ 0                 
Unknowns           │ 3006               │ 3000              
nnz                │ 14986              │ 15010             
Density            │ 1.66e-03           │ 1.66e-03          
Zero rows          │ 0                  │ 0                 
Zero cols          │ 0                  │ 0                 
Bandwidth          │ 10                 │ 10                
Symmetric          │ yes                │ yes               
Rank               │ 6                  │ 2958              
Cond-no            │ 1.9e+35            │ 1.4e+18           
λmin/λmax          │ —                  │ —                 
Inertia            │ —                  │ —                 
b-min/max          │ -5.0e+02/0.0e+00   │ -5.0e+02/0.0e+00  
Σb                 │ -5.0e+02           │ -5.0e+02          
Top|b|             │ 3001:-5.0e+02, 2992:0.0e+00, 2991:0.0e+00 │ 3001:-5.0e+02, 2992:0.0e+00, 2991:0.0e+00

2025-11-15 15:11:38,903 [INFO] 🩺  Modified System diagnostics appended → C:\Users\s1834431\.cursor\worktrees\fem_model\CRudA\post_processing\results\job_0003_2025-11-15_15-10-13-634150_pid24568_88743caa\diagnostics\DiagnoseLinearStaticSystem.log
--------------------------------------------------------------------------
### Condensed System

                   │ CURRENT            │ EVOLUTION         
Equations          │ 3000               │ 3006              
Dirichlet          │ 0                  │ 6                 
Eliminated         │ 0                  │ 6                 
Unknowns           │ 3000               │ 2994              
nnz                │ 14980              │ 15010             
Density            │ 1.66e-03           │ 1.66e-03          
Zero rows          │ 0                  │ 0                 
Zero cols          │ 0                  │ 0                 
Bandwidth          │ 10                 │ 10                
Symmetric          │ yes                │ yes               
Rank               │ 2956               │ 2958              
Cond-no            │ 7.1e+15            │ 1.4e+18           
λmin/λmax          │ —                  │ —                 
Inertia            │ —                  │ —                 
b-min/max          │ -5.0e+02/0.0e+00   │ -5.0e+02/0.0e+00  
Σb                 │ -5.0e+02           │ -5.0e+02          
Top|b|             │ 2995:-5.0e+02, 2992:0.0e+00, 2991:0.0e+00 │ 3001:-5.0e+02, 2992:0.0e+00, 2991:0.0e+00

2025-11-15 15:13:11,967 [INFO] 🩺  Condensed System diagnostics appended → C:\Users\s1834431\.cursor\worktrees\fem_model\CRudA\post_processing\results\job_0003_2025-11-15_15-10-13-634150_pid24568_88743caa\diagnostics\DiagnoseLinearStaticSystem.log
