--------------------------------------------------------------------------
Machine specifications – written 2025-11-15 15:10:30.321217
OS          : Windows 11 (10.0.26100)
CPU         : 12th Gen Intel(R) Core(TM) i7-12700
   logical  : 20
   physical : 12
RAM         : 31.24 GB
Disk        : 943.72 GB total  /  504.02 GB free
Python      : 3.12.5  (C:\Users\s1834431\AppData\Local\Programs\Python\Python312\python.exe)
GPU(s)      : Intel(R) UHD Graphics 770
--------------------------------------------------------------------------

Runtime telemetry header written → C:\Users\s1834431\.cursor\worktrees\fem_model\CRudA\post_processing\results\job_0003_2025-11-15_15-10-13-634150_pid24568_88743caa\diagnostics\RuntimeMonitorTelemetry.log
2025-11-15 15:10:30 │ PrepareLocalSystem BEGIN   │ Δt  0.00 s │ RAM   126.1 MB │ CPU  19.9 % │ Disk  439.7 GB
2025-11-15 15:10:31 │ PrepareLocalSystem END     │ Δt  0.39 s │ RAM   126.9 MB │ CPU  34.1 % │ Disk  439.7 GB
2025-11-15 15:10:31 │ AssembleGlobalSystem BEGIN │ Δt  0.30 s │ RAM   127.0 MB │ CPU  22.1 % │ Disk  439.7 GB
2025-11-15 15:10:33 │ AssembleGlobalSystem END   │ Δt  1.37 s │ RAM   131.3 MB │ CPU  24.4 % │ Disk  439.7 GB
2025-11-15 15:11:16 │ ModifyGlobalSystem BEGIN   │ Δt 43.62 s │ RAM   134.3 MB │ CPU  10.8 % │ Disk  439.9 GB
2025-11-15 15:11:16 │ ModifyGlobalSystem END     │ Δt  0.26 s │ RAM   136.8 MB │ CPU  12.5 % │ Disk  439.9 GB
2025-11-15 15:11:39 │ CondenseModifiedSystem BEGIN │ Δt 22.21 s │ RAM   136.8 MB │ CPU  11.5 % │ Disk  440.0 GB
2025-11-15 15:11:39 │ CondenseModifiedSystem END │ Δt  0.48 s │ RAM   138.1 MB │ CPU   6.8 % │ Disk  440.0 GB
2025-11-15 15:13:12 │ SolveCondensedSystem BEGIN │ Δt 92.59 s │ RAM   138.1 MB │ CPU   7.3 % │ Disk  440.0 GB
2025-11-15 15:13:12 │ SolveCondensedSystem END   │ Δt  0.52 s │ RAM   139.4 MB │ CPU  10.0 % │ Disk  440.0 GB
2025-11-15 15:13:12 │ ReconstructGlobalSystem BEGIN │ Δt  0.20 s │ RAM   139.4 MB │ CPU   7.6 % │ Disk  440.0 GB
2025-11-15 15:13:13 │ ReconstructGlobalSystem END │ Δt  0.58 s │ RAM   139.5 MB │ CPU  18.5 % │ Disk  440.1 GB
2025-11-15 15:13:13 │ ComputePrimaryResults BEGIN │ Δt  0.20 s │ RAM   139.5 MB │ CPU   8.1 % │ Disk  440.1 GB
2025-11-15 15:13:18 │ ComputePrimaryResults END  │ Δt  4.47 s │ RAM   140.2 MB │ CPU  20.7 % │ Disk  440.1 GB
