--------------------------------------------------------------------------
### Global System

                   │ CURRENT            │ EVOLUTION         
Equations          │ 1506               │ 1506              
Dirichlet          │ 0                  │ 0                 
Eliminated         │ 0                  │ 0                 
Unknowns           │ 1506               │ 1506              
nnz                │ 7510               │ 7510              
Density            │ 3.31e-03           │ 3.31e-03          
Zero rows          │ 0                  │ 0                 
Zero cols          │ 0                  │ 0                 
Bandwidth          │ 10                 │ 10                
Symmetric          │ yes                │ yes               
Rank               │ 1490               │ 1490              
Cond-no            │ 2.9e+18            │ 2.9e+18           
λmin/λmax          │ —                  │ —                 
Inertia            │ —                  │ —                 
b-min/max          │ -5.0e+02/0.0e+00   │ -5.0e+02/0.0e+00  
Σb                 │ -5.0e+02           │ -5.0e+02          
Top|b|             │ 1501:-5.0e+02, 1503:0.0e+00, 1502:0.0e+00 │ 1501:-5.0e+02, 1503:0.0e+00, 1502:0.0e+00

2025-11-16 14:50:30,337 [INFO] 🩺  Global System diagnostics appended → C:\Users\s1834431\.cursor\worktrees\fem_model\kXxtc\post_processing\results\job_0002_2025-11-16_14-50-19-069527_pid21144_c6568b09\diagnostics\DiagnoseLinearStaticSystem.log
--------------------------------------------------------------------------
### Modified System

                   │ CURRENT            │ EVOLUTION         
Equations          │ 1506               │ 1506              
Dirichlet          │ 0                  │ 6                 
Eliminated         │ 0                  │ 0                 
Unknowns           │ 1506               │ 1500              
nnz                │ 7486               │ 7510              
Density            │ 3.30e-03           │ 3.31e-03          
Zero rows          │ 0                  │ 0                 
Zero cols          │ 0                  │ 0                 
Bandwidth          │ 10                 │ 10                
Symmetric          │ yes                │ yes               
Rank               │ 6                  │ 1490              
Cond-no            │ 9.6e+34            │ 2.9e+18           
λmin/λmax          │ —                  │ —                 
Inertia            │ —                  │ —                 
b-min/max          │ -5.0e+02/0.0e+00   │ -5.0e+02/0.0e+00  
Σb                 │ -5.0e+02           │ -5.0e+02          
Top|b|             │ 1501:-5.0e+02, 1503:0.0e+00, 1502:0.0e+00 │ 1501:-5.0e+02, 1503:0.0e+00, 1502:0.0e+00

2025-11-16 14:50:36,868 [INFO] 🩺  Modified System diagnostics appended → C:\Users\s1834431\.cursor\worktrees\fem_model\kXxtc\post_processing\results\job_0002_2025-11-16_14-50-19-069527_pid21144_c6568b09\diagnostics\DiagnoseLinearStaticSystem.log
--------------------------------------------------------------------------
### Condensed System

                   │ CURRENT            │ EVOLUTION         
Equations          │ 1500               │ 1506              
Dirichlet          │ 0                  │ 6                 
Eliminated         │ 0                  │ 6                 
Unknowns           │ 1500               │ 1494              
nnz                │ 7480               │ 7510              
Density            │ 3.32e-03           │ 3.31e-03          
Zero rows          │ 0                  │ 0                 
Zero cols          │ 0                  │ 0                 
Bandwidth          │ 10                 │ 10                
Symmetric          │ yes                │ yes               
Rank               │ 1488               │ 1490              
Cond-no            │ 4.5e+14            │ 2.9e+18           
λmin/λmax          │ —                  │ —                 
Inertia            │ —                  │ —                 
b-min/max          │ -5.0e+02/0.0e+00   │ -5.0e+02/0.0e+00  
Σb                 │ -5.0e+02           │ -5.0e+02          
Top|b|             │ 1495:-5.0e+02, 1488:0.0e+00, 1487:0.0e+00 │ 1501:-5.0e+02, 1503:0.0e+00, 1502:0.0e+00

2025-11-16 14:50:43,399 [INFO] 🩺  Condensed System diagnostics appended → C:\Users\s1834431\.cursor\worktrees\fem_model\kXxtc\post_processing\results\job_0002_2025-11-16_14-50-19-069527_pid21144_c6568b09\diagnostics\DiagnoseLinearStaticSystem.log
