Machine Specifications:
   - OS: Windows 11 (10.0.26100)
       • Logical cores: 20
       • Physical cores: 12
   - RAM: 31.24 GB
   - Disk: 943.72 GB total, 2.58 GB free
   - Python Version: 3.12.5 (C:\Users\s1834431\AppData\Local\Programs\Python\Python312\python.exe)
   - GPU(s): Intel(R) UHD Graphics 770

Job: job_0003_n8
Timestamp (job start): 2026-02-26_16-17-30-930447
Total Time: 6.49 sec

+-------------------------------+------------+---------------+-------------+-----------+
| Step                          |   Time (s) |   Memory (MB) |   Disk (GB) |   CPU (%) |
+===============================+============+===============+=============+===========+
| Parsing                       | 0.00401068 |       133.141 |     941.136 |         0 |
+-------------------------------+------------+---------------+-------------+-----------+
| Element Instantiation         | 0.0173225  |       133.141 |     941.136 |         0 |
+-------------------------------+------------+---------------+-------------+-----------+
| Element Stiffness Computation | 0.0307164  |       133.152 |     941.136 |         0 |
+-------------------------------+------------+---------------+-------------+-----------+
| Element Force Computation     | 0.015022   |       133.293 |     941.137 |         0 |
+-------------------------------+------------+---------------+-------------+-----------+
| Full Simulation               | 5.81541    |       133.609 |     941.143 |         0 |
+-------------------------------+------------+---------------+-------------+-----------+

Parallel Jobs: None
Start Memory: 133.14 MB | End Memory: 133.61 MB
Start Disk Usage: 941.14 GB | End Disk Usage: 941.14 GB
Start CPU: 0.00% | End CPU: 0.00%
