=== Unnamed Matrix ===
[[0. 0.]
 [0. 0.]]


=== Element 15 Stiffness Matrix Computation (Selective Integration) ===
Integration orders: axial=3, bending_y=3, bending_z=3, shear_y=2, shear_z=2, torsion=3 (shear block uses 1-point reduced integration)
=== Element length  L  (1, 1) ===
[[0.125]]

=== Material stiffness matrix  D  (6, 6) ===
[[2.751000e+08 0.000000e+00 0.000000e+00 0.000000e+00 0.000000e+00 0.000000e+00]
 [0.000000e+00 6.791400e+04 0.000000e+00 0.000000e+00 0.000000e+00 0.000000e+00]
 [0.000000e+00 0.000000e+00 4.384149e+05 0.000000e+00 0.000000e+00 0.000000e+00]
 [0.000000e+00 0.000000e+00 0.000000e+00 8.842500e+07 0.000000e+00 0.000000e+00]
 [0.000000e+00 0.000000e+00 0.000000e+00 0.000000e+00 8.842500e+07 0.000000e+00]
 [0.000000e+00 0.000000e+00 0.000000e+00 0.000000e+00 0.000000e+00 2.111451e+03]]

=== Bending contribution (selective) ===
[[       0.         0.         0.         0.         0.         0.         0.         0.         0.         0.
         0.         0. ]
 [       0.         0.         0.         0.         0.         0.         0.         0.         0.         0.
         0.         0. ]
 [       0.         0.         0.         0.         0.         0.         0.         0.         0.         0.
         0.         0. ]
 [       0.         0.         0.         0.         0.         0.         0.         0.         0.         0.
         0.         0. ]
 [       0.         0.         0.         0.    543312.         0.         0.         0.         0.         0.
   -543312.         0. ]
 [       0.         0.         0.         0.         0.   3507319.2        0.         0.         0.         0.
         0.  -3507319.2]
 [       0.         0.         0.         0.         0.         0.         0.         0.         0.         0.
         0.         0. ]
 [       0.         0.         0.         0.         0.         0.         0.         0.         0.         0.
         0.         0. ]
 [       0.         0.         0.         0.         0.         0.         0.         0.         0.         0.
         0.         0. ]
 [       0.         0.         0.         0.         0.         0.         0.         0.         0.         0.
         0.         0. ]
 [       0.         0.         0.         0.   -543312.         0.         0.         0.         0.         0.
    543312.         0. ]
 [       0.         0.         0.         0.         0.  -3507319.2        0.         0.         0.         0.
         0.   3507319.2]]

=== Shear contribution (selective) ===
[[ 0.000000e+00  0.000000e+00  0.000000e+00  0.000000e+00  0.000000e+00  0.000000e+00  0.000000e+00  0.000000e+00
   0.000000e+00  0.000000e+00  0.000000e+00  0.000000e+00]
 [ 0.000000e+00  7.074000e+08  0.000000e+00  0.000000e+00  0.000000e+00  4.421250e+07  0.000000e+00 -7.074000e+08
   0.000000e+00  0.000000e+00  0.000000e+00  4.421250e+07]
 [ 0.000000e+00  0.000000e+00  7.074000e+08  0.000000e+00 -4.421250e+07  0.000000e+00  0.000000e+00  0.000000e+00
  -7.074000e+08  0.000000e+00 -4.421250e+07  0.000000e+00]
 [ 0.000000e+00  0.000000e+00  0.000000e+00  0.000000e+00  0.000000e+00  0.000000e+00  0.000000e+00  0.000000e+00
   0.000000e+00  0.000000e+00  0.000000e+00  0.000000e+00]
 [ 0.000000e+00  0.000000e+00 -4.421250e+07  0.000000e+00  2.763281e+06  0.000000e+00  0.000000e+00  0.000000e+00
   4.421250e+07  0.000000e+00  2.763281e+06  0.000000e+00]
 [ 0.000000e+00  4.421250e+07  0.000000e+00  0.000000e+00  0.000000e+00  2.763281e+06  0.000000e+00 -4.421250e+07
   0.000000e+00  0.000000e+00  0.000000e+00  2.763281e+06]
 [ 0.000000e+00  0.000000e+00  0.000000e+00  0.000000e+00  0.000000e+00  0.000000e+00  0.000000e+00  0.000000e+00
   0.000000e+00  0.000000e+00  0.000000e+00  0.000000e+00]
 [ 0.000000e+00 -7.074000e+08  0.000000e+00  0.000000e+00  0.000000e+00 -4.421250e+07  0.000000e+00  7.074000e+08
   0.000000e+00  0.000000e+00  0.000000e+00 -4.421250e+07]
 [ 0.000000e+00  0.000000e+00 -7.074000e+08  0.000000e+00  4.421250e+07  0.000000e+00  0.000000e+00  0.000000e+00
   7.074000e+08  0.000000e+00  4.421250e+07  0.000000e+00]
 [ 0.000000e+00  0.000000e+00  0.000000e+00  0.000000e+00  0.000000e+00  0.000000e+00  0.000000e+00  0.000000e+00
   0.000000e+00  0.000000e+00  0.000000e+00  0.000000e+00]
 [ 0.000000e+00  0.000000e+00 -4.421250e+07  0.000000e+00  2.763281e+06  0.000000e+00  0.000000e+00  0.000000e+00
   4.421250e+07  0.000000e+00  2.763281e+06  0.000000e+00]
 [ 0.000000e+00  4.421250e+07  0.000000e+00  0.000000e+00  0.000000e+00  2.763281e+06  0.000000e+00 -4.421250e+07
   0.000000e+00  0.000000e+00  0.000000e+00  2.763281e+06]]

=== Other terms contribution ===
[[ 2.200800e+09  0.000000e+00  0.000000e+00  0.000000e+00  0.000000e+00  0.000000e+00 -2.200800e+09  0.000000e+00
   0.000000e+00  0.000000e+00  0.000000e+00  0.000000e+00]
 [ 0.000000e+00  0.000000e+00  0.000000e+00  0.000000e+00  0.000000e+00  0.000000e+00  0.000000e+00  0.000000e+00
   0.000000e+00  0.000000e+00  0.000000e+00  0.000000e+00]
 [ 0.000000e+00  0.000000e+00  0.000000e+00  0.000000e+00  0.000000e+00  0.000000e+00  0.000000e+00  0.000000e+00
   0.000000e+00  0.000000e+00  0.000000e+00  0.000000e+00]
 [ 0.000000e+00  0.000000e+00  0.000000e+00  1.689161e+04  0.000000e+00  0.000000e+00  0.000000e+00  0.000000e+00
   0.000000e+00 -1.689161e+04  0.000000e+00  0.000000e+00]
 [ 0.000000e+00  0.000000e+00  0.000000e+00  0.000000e+00  0.000000e+00  0.000000e+00  0.000000e+00  0.000000e+00
   0.000000e+00  0.000000e+00  0.000000e+00  0.000000e+00]
 [ 0.000000e+00  0.000000e+00  0.000000e+00  0.000000e+00  0.000000e+00  4.656613e-10  0.000000e+00  0.000000e+00
   0.000000e+00  0.000000e+00  0.000000e+00  0.000000e+00]
 [-2.200800e+09  0.000000e+00  0.000000e+00  0.000000e+00  0.000000e+00  0.000000e+00  2.200800e+09  0.000000e+00
   0.000000e+00  0.000000e+00  0.000000e+00  0.000000e+00]
 [ 0.000000e+00  0.000000e+00  0.000000e+00  0.000000e+00  0.000000e+00  0.000000e+00  0.000000e+00  0.000000e+00
   0.000000e+00  0.000000e+00  0.000000e+00  0.000000e+00]
 [ 0.000000e+00  0.000000e+00  0.000000e+00  0.000000e+00  0.000000e+00  0.000000e+00  0.000000e+00  0.000000e+00
   0.000000e+00  0.000000e+00  0.000000e+00  0.000000e+00]
 [ 0.000000e+00  0.000000e+00  0.000000e+00 -1.689161e+04  0.000000e+00  0.000000e+00  0.000000e+00  0.000000e+00
   0.000000e+00  1.689161e+04  0.000000e+00  0.000000e+00]
 [ 0.000000e+00  0.000000e+00  0.000000e+00  0.000000e+00  0.000000e+00  0.000000e+00  0.000000e+00  0.000000e+00
   0.000000e+00  0.000000e+00  0.000000e+00  0.000000e+00]
 [ 0.000000e+00  0.000000e+00  0.000000e+00  0.000000e+00  0.000000e+00  0.000000e+00  0.000000e+00  0.000000e+00
   0.000000e+00  0.000000e+00  0.000000e+00 -4.656613e-10]]

=== Final Element Stiffness Matrix ===
[[ 2.200800e+09  0.000000e+00  0.000000e+00  0.000000e+00  0.000000e+00  0.000000e+00 -2.200800e+09  0.000000e+00
   0.000000e+00  0.000000e+00  0.000000e+00  0.000000e+00]
 [ 0.000000e+00  7.074000e+08  0.000000e+00  0.000000e+00  0.000000e+00  4.421250e+07  0.000000e+00 -7.074000e+08
   0.000000e+00  0.000000e+00  0.000000e+00  4.421250e+07]
 [ 0.000000e+00  0.000000e+00  7.074000e+08  0.000000e+00 -4.421250e+07  0.000000e+00  0.000000e+00  0.000000e+00
  -7.074000e+08  0.000000e+00 -4.421250e+07  0.000000e+00]
 [ 0.000000e+00  0.000000e+00  0.000000e+00  1.689161e+04  0.000000e+00  0.000000e+00  0.000000e+00  0.000000e+00
   0.000000e+00 -1.689161e+04  0.000000e+00  0.000000e+00]
 [ 0.000000e+00  0.000000e+00 -4.421250e+07  0.000000e+00  3.306593e+06  0.000000e+00  0.000000e+00  0.000000e+00
   4.421250e+07  0.000000e+00  2.219969e+06  0.000000e+00]
 [ 0.000000e+00  4.421250e+07  0.000000e+00  0.000000e+00  0.000000e+00  6.270600e+06  0.000000e+00 -4.421250e+07
   0.000000e+00  0.000000e+00  0.000000e+00 -7.440380e+05]
 [-2.200800e+09  0.000000e+00  0.000000e+00  0.000000e+00  0.000000e+00  0.000000e+00  2.200800e+09  0.000000e+00
   0.000000e+00  0.000000e+00  0.000000e+00  0.000000e+00]
 [ 0.000000e+00 -7.074000e+08  0.000000e+00  0.000000e+00  0.000000e+00 -4.421250e+07  0.000000e+00  7.074000e+08
   0.000000e+00  0.000000e+00  0.000000e+00 -4.421250e+07]
 [ 0.000000e+00  0.000000e+00 -7.074000e+08  0.000000e+00  4.421250e+07  0.000000e+00  0.000000e+00  0.000000e+00
   7.074000e+08  0.000000e+00  4.421250e+07  0.000000e+00]
 [ 0.000000e+00  0.000000e+00  0.000000e+00 -1.689161e+04  0.000000e+00  0.000000e+00  0.000000e+00  0.000000e+00
   0.000000e+00  1.689161e+04  0.000000e+00  0.000000e+00]
 [ 0.000000e+00  0.000000e+00 -4.421250e+07  0.000000e+00  2.219969e+06  0.000000e+00  0.000000e+00  0.000000e+00
   4.421250e+07  0.000000e+00  3.306593e+06  0.000000e+00]
 [ 0.000000e+00  4.421250e+07  0.000000e+00  0.000000e+00  0.000000e+00 -7.440380e+05  0.000000e+00 -4.421250e+07
   0.000000e+00  0.000000e+00  0.000000e+00  6.270600e+06]]

