--------------------------------------------------------------------------
### Global System

                   │ CURRENT            │ EVOLUTION         
Equations          │ 198                │ 198               
Dirichlet          │ 0                  │ 0                 
Eliminated         │ 0                  │ 0                 
Unknowns           │ 198                │ 198               
nnz                │ 970                │ 970               
Density            │ 2.47e-02           │ 2.47e-02          
Zero rows          │ 0                  │ 0                 
Zero cols          │ 0                  │ 0                 
Bandwidth          │ 10                 │ 10                
Symmetric          │ yes                │ yes               
Rank               │ 192                │ 192               
Cond-no            │ 3.3e+17            │ 3.3e+17           
λmin/λmax          │ -3.3e-06/8.6e+10   │ -3.3e-06/8.6e+10  
Inertia            │ 195/3/0            │ 195/3/0           
b-min/max          │ -5.0e+02/0.0e+00   │ -5.0e+02/0.0e+00  
Σb                 │ -5.0e+02           │ -5.0e+02          
Top|b|             │ 193:-5.0e+02, 0:0.0e+00, 2:0.0e+00 │ 193:-5.0e+02, 0:0.0e+00, 2:0.0e+00

2026-02-26 16:16:25,548 [INFO] 🩺  Global System diagnostics appended → C:\Users\s1834431\Programs\fem_model\post_processing\results\job_0000_n32_2026-02-26_16-16-21-504436_pid18316_f2bb01c7\diagnostics\DiagnoseLinearStaticSystem.log
--------------------------------------------------------------------------
### Modified System

                   │ CURRENT            │ EVOLUTION         
Equations          │ 198                │ 198               
Dirichlet          │ 0                  │ 6                 
Eliminated         │ 0                  │ 0                 
Unknowns           │ 198                │ 192               
nnz                │ 946                │ 970               
Density            │ 2.41e-02           │ 2.47e-02          
Zero rows          │ 0                  │ 0                 
Zero cols          │ 0                  │ 0                 
Bandwidth          │ 10                 │ 10                
Symmetric          │ yes                │ yes               
Rank               │ 6                  │ 192               
Cond-no            │ 1.3e+34            │ 3.3e+17           
λmin/λmax          │ 7.9e+01/1.0e+36    │ -3.3e-06/8.6e+10  
Inertia            │ 198/0/0            │ 195/3/0           
b-min/max          │ -5.0e+02/0.0e+00   │ -5.0e+02/0.0e+00  
Σb                 │ -5.0e+02           │ -5.0e+02          
Top|b|             │ 193:-5.0e+02, 0:0.0e+00, 2:0.0e+00 │ 193:-5.0e+02, 0:0.0e+00, 2:0.0e+00

2026-02-26 16:16:25,982 [INFO] 🩺  Modified System diagnostics appended → C:\Users\s1834431\Programs\fem_model\post_processing\results\job_0000_n32_2026-02-26_16-16-21-504436_pid18316_f2bb01c7\diagnostics\DiagnoseLinearStaticSystem.log
--------------------------------------------------------------------------
### Condensed System

                   │ CURRENT            │ EVOLUTION         
Equations          │ 192                │ 198               
Dirichlet          │ 0                  │ 6                 
Eliminated         │ 0                  │ 6                 
Unknowns           │ 192                │ 186               
nnz                │ 940                │ 970               
Density            │ 2.55e-02           │ 2.47e-02          
Zero rows          │ 0                  │ 0                 
Zero cols          │ 0                  │ 0                 
Bandwidth          │ 10                 │ 10                
Symmetric          │ yes                │ yes               
Rank               │ 192                │ 192               
Cond-no            │ 1.1e+09            │ 3.3e+17           
λmin/λmax          │ 7.9e+01/8.6e+10    │ -3.3e-06/8.6e+10  
Inertia            │ 192/0/0            │ 195/3/0           
b-min/max          │ -5.0e+02/0.0e+00   │ -5.0e+02/0.0e+00  
Σb                 │ -5.0e+02           │ -5.0e+02          
Top|b|             │ 187:-5.0e+02, 0:0.0e+00, 2:0.0e+00 │ 193:-5.0e+02, 0:0.0e+00, 2:0.0e+00

2026-02-26 16:16:26,442 [INFO] 🩺  Condensed System diagnostics appended → C:\Users\s1834431\Programs\fem_model\post_processing\results\job_0000_n32_2026-02-26_16-16-21-504436_pid18316_f2bb01c7\diagnostics\DiagnoseLinearStaticSystem.log
