--------------------------------------------------------------------------
Machine specifications – written 2026-02-26 16:16:24.594138
OS          : Windows 11 (10.0.26100)
CPU         : 12th Gen Intel(R) Core(TM) i7-12700
   logical  : 20
   physical : 12
RAM         : 31.24 GB
Disk        : 943.72 GB total  /  2.65 GB free
Python      : 3.12.5  (C:\Users\s1834431\AppData\Local\Programs\Python\Python312\python.exe)
GPU(s)      : Intel(R) UHD Graphics 770
--------------------------------------------------------------------------

Runtime telemetry header written → C:\Users\s1834431\Programs\fem_model\post_processing\results\job_0000_n32_2026-02-26_16-16-21-504436_pid18316_f2bb01c7\diagnostics\RuntimeMonitorTelemetry.log
2026-02-26 16:16:24 │ PrepareLocalSystem BEGIN   │ Δt  0.00 s │ RAM   123.1 MB │ CPU  26.1 % │ Disk  941.1 GB
2026-02-26 16:16:25 │ PrepareLocalSystem END     │ Δt  0.21 s │ RAM   123.1 MB │ CPU  13.3 % │ Disk  941.1 GB
2026-02-26 16:16:25 │ AssembleGlobalSystem BEGIN │ Δt  0.20 s │ RAM   123.1 MB │ CPU  25.4 % │ Disk  941.1 GB
2026-02-26 16:16:25 │ AssembleGlobalSystem END   │ Δt  0.22 s │ RAM   124.2 MB │ CPU  20.0 % │ Disk  941.1 GB
2026-02-26 16:16:25 │ ModifyGlobalSystem BEGIN   │ Δt  0.23 s │ RAM   127.1 MB │ CPU  20.9 % │ Disk  941.1 GB
2026-02-26 16:16:25 │ ModifyGlobalSystem END     │ Δt  0.22 s │ RAM   127.4 MB │ CPU  12.9 % │ Disk  941.1 GB
2026-02-26 16:16:26 │ CondenseModifiedSystem BEGIN │ Δt  0.22 s │ RAM   127.8 MB │ CPU  16.1 % │ Disk  941.1 GB
2026-02-26 16:16:26 │ CondenseModifiedSystem END │ Δt  0.22 s │ RAM   128.0 MB │ CPU  18.5 % │ Disk  941.1 GB
2026-02-26 16:16:26 │ SolveCondensedSystem BEGIN │ Δt  0.24 s │ RAM   128.1 MB │ CPU   8.0 % │ Disk  941.1 GB
2026-02-26 16:16:26 │ SolveCondensedSystem END   │ Δt  0.27 s │ RAM   128.5 MB │ CPU   6.7 % │ Disk  941.1 GB
2026-02-26 16:16:27 │ ReconstructGlobalSystem BEGIN │ Δt  0.20 s │ RAM   128.5 MB │ CPU   9.6 % │ Disk  941.1 GB
2026-02-26 16:16:27 │ ReconstructGlobalSystem END │ Δt  0.21 s │ RAM   128.5 MB │ CPU  16.7 % │ Disk  941.1 GB
2026-02-26 16:16:27 │ ComputePrimaryResults BEGIN │ Δt  0.20 s │ RAM   128.5 MB │ CPU  25.2 % │ Disk  941.1 GB
2026-02-26 16:16:27 │ ComputePrimaryResults END  │ Δt  0.34 s │ RAM   128.7 MB │ CPU  20.6 % │ Disk  941.1 GB
2026-02-26 16:16:28 │ SaveFormulationCache BEGIN │ Δt  0.20 s │ RAM   128.7 MB │ CPU  18.9 % │ Disk  941.1 GB
2026-02-26 16:16:28 │ SaveFormulationCache END   │ Δt  0.31 s │ RAM   128.7 MB │ CPU  15.2 % │ Disk  941.1 GB
2026-02-26 16:16:28 │ ComputeSecondaryResults BEGIN │ Δt  0.20 s │ RAM   128.7 MB │ CPU  18.7 % │ Disk  941.1 GB
2026-02-26 16:16:28 │ ComputeSecondaryResults END │ Δt  0.25 s │ RAM   128.8 MB │ CPU  43.1 % │ Disk  941.1 GB
2026-02-26 16:16:29 │ ComputeTertiaryResults BEGIN │ Δt  0.20 s │ RAM   128.8 MB │ CPU  22.6 % │ Disk  941.1 GB
2026-02-26 16:16:29 │ ComputeTertiaryResults END │ Δt  0.25 s │ RAM   128.9 MB │ CPU  10.4 % │ Disk  941.1 GB
