2026-02-26 16:18:35,694 [DEBUG]: 🟢 ElementFactory logger initialised.
2026-02-26 16:18:35,694 [INFO]: 🚩 Starting batch element creation.
2026-02-26 16:18:35,694 [DEBUG]: Element IDs sanitised: [0, 1, 2, 3, 4, 5, 6, 7]
2026-02-26 16:18:35,694 [DEBUG]: Module for TimoshenkoBeamElement3D loaded.
2026-02-26 16:18:35,694 [DEBUG]: ✅ Element 0 (TimoshenkoBeamElement3D) instantiated.
2026-02-26 16:18:35,696 [DEBUG]: ✅ Element 1 (TimoshenkoBeamElement3D) instantiated.
2026-02-26 16:18:35,696 [DEBUG]: ✅ Element 2 (TimoshenkoBeamElement3D) instantiated.
2026-02-26 16:18:35,698 [DEBUG]: ✅ Element 3 (TimoshenkoBeamElement3D) instantiated.
2026-02-26 16:18:35,700 [DEBUG]: ✅ Element 4 (TimoshenkoBeamElement3D) instantiated.
2026-02-26 16:18:35,702 [DEBUG]: ✅ Element 5 (TimoshenkoBeamElement3D) instantiated.
2026-02-26 16:18:35,702 [DEBUG]: ✅ Element 6 (TimoshenkoBeamElement3D) instantiated.
2026-02-26 16:18:35,703 [DEBUG]: ✅ Element 7 (TimoshenkoBeamElement3D) instantiated.
2026-02-26 16:18:35,704 [DEBUG]: Logging verified for element 0.
2026-02-26 16:18:35,705 [DEBUG]: Logging verified for element 1.
2026-02-26 16:18:35,707 [DEBUG]: Logging verified for element 2.
2026-02-26 16:18:35,707 [DEBUG]: Logging verified for element 3.
2026-02-26 16:18:35,708 [DEBUG]: Logging verified for element 4.
2026-02-26 16:18:35,709 [DEBUG]: Logging verified for element 5.
2026-02-26 16:18:35,711 [DEBUG]: Logging verified for element 6.
2026-02-26 16:18:35,712 [DEBUG]: Logging verified for element 7.
2026-02-26 16:18:35,712 [INFO]: ✅ Batch element creation complete.
