Machine Specifications:
   - OS: Windows 11 (10.0.26100)
       • Logical cores: 20
       • Physical cores: 12
   - RAM: 31.24 GB
   - Disk: 943.72 GB total, 2.51 GB free
   - Python Version: 3.12.5 (C:\Users\s1834431\AppData\Local\Programs\Python\Python312\python.exe)
   - GPU(s): Intel(R) UHD Graphics 770

Job: job_0007_n8
Timestamp (job start): 2026-02-26_16-18-42-104091
Total Time: 6.42 sec

+-------------------------------+------------+---------------+-------------+-----------+
| Step                          |   Time (s) |   Memory (MB) |   Disk (GB) |   CPU (%) |
+===============================+============+===============+=============+===========+
| Parsing                       | 0          |       133.441 |     941.202 |         0 |
+-------------------------------+------------+---------------+-------------+-----------+
| Element Instantiation         | 0.0188351  |       133.441 |     941.202 |         0 |
+-------------------------------+------------+---------------+-------------+-----------+
| Element Stiffness Computation | 0.0281186  |       133.441 |     941.203 |         0 |
+-------------------------------+------------+---------------+-------------+-----------+
| Element Force Computation     | 0.00448585 |       133.441 |     941.203 |         0 |
+-------------------------------+------------+---------------+-------------+-----------+
| Full Simulation               | 5.76539    |       134.004 |     941.206 |         0 |
+-------------------------------+------------+---------------+-------------+-----------+

Parallel Jobs: None
Start Memory: 133.47 MB | End Memory: 134.00 MB
Start Disk Usage: 941.20 GB | End Disk Usage: 941.21 GB
Start CPU: 0.00% | End CPU: 0.00%
