2026-02-26 16:18:39,427 [DEBUG] 📁 Log file: c:\Users\s1834431\Programs\fem_model\post_processing\results\job_0007_n8_2026-02-26_16-18-35-482850_pid18316_31626e1e\logs\SolveCondensedSystem.log (Module: solver, Line: 249)
2026-02-26 16:18:39,427 [DEBUG] Row/column scaling applied. (Module: solver, Line: 164)
2026-02-26 16:18:39,427 [DEBUG] Building ILU (drop_tol=1e-06, fill_factor=1.0) (Module: solver, Line: 77)
2026-02-26 16:18:39,428 [DEBUG] ILU fill-ratio = 1.28 (Module: solver, Line: 82)
2026-02-26 16:18:39,428 [INFO] Solver parameters • solver='cg', prec='auto', K nnz=192, dofs=48 (Module: solver, Line: 181)
2026-02-26 16:18:39,428 [INFO] Condensed condition estimate: 1.01e+00 (Module: solver, Line: 187)
2026-02-26 16:18:39,429 [DEBUG] Iter   10 | residual 9.330e-02 (Module: solver, Line: 328)
2026-02-26 16:18:39,429 [DEBUG] Iter   20 | residual 8.677e-02 (Module: solver, Line: 328)
2026-02-26 16:18:39,429 [DEBUG] Iter   30 | residual 6.877e-02 (Module: solver, Line: 328)
2026-02-26 16:18:39,429 [DEBUG] Iter   40 | residual 9.111e-02 (Module: solver, Line: 328)
2026-02-26 16:18:39,430 [DEBUG] Iter   50 | residual 1.204e-01 (Module: solver, Line: 328)
2026-02-26 16:18:39,430 [DEBUG] Iter   60 | residual 1.305e-01 (Module: solver, Line: 328)
2026-02-26 16:18:39,430 [DEBUG] Iter   70 | residual 1.288e-01 (Module: solver, Line: 328)
2026-02-26 16:18:39,430 [DEBUG] Iter   80 | residual 1.239e-01 (Module: solver, Line: 328)
2026-02-26 16:18:39,431 [DEBUG] Iter   90 | residual 1.192e-01 (Module: solver, Line: 328)
2026-02-26 16:18:39,431 [DEBUG] Iter  100 | residual 1.154e-01 (Module: solver, Line: 328)
2026-02-26 16:18:39,432 [DEBUG] Iter  110 | residual 1.126e-01 (Module: solver, Line: 328)
2026-02-26 16:18:39,432 [DEBUG] Iter  120 | residual 1.106e-01 (Module: solver, Line: 328)
2026-02-26 16:18:39,432 [DEBUG] Iter  130 | residual 1.091e-01 (Module: solver, Line: 328)
2026-02-26 16:18:39,432 [DEBUG] Iter  140 | residual 1.080e-01 (Module: solver, Line: 328)
2026-02-26 16:18:39,432 [DEBUG] Iter  150 | residual 1.072e-01 (Module: solver, Line: 328)
2026-02-26 16:18:39,432 [DEBUG] Iter  160 | residual 1.067e-01 (Module: solver, Line: 328)
2026-02-26 16:18:39,432 [DEBUG] Iter  170 | residual 1.062e-01 (Module: solver, Line: 328)
2026-02-26 16:18:39,432 [DEBUG] Iter  180 | residual 1.059e-01 (Module: solver, Line: 328)
2026-02-26 16:18:39,432 [DEBUG] Iter  190 | residual 1.057e-01 (Module: solver, Line: 328)
2026-02-26 16:18:39,432 [DEBUG] Iter  200 | residual 1.055e-01 (Module: solver, Line: 328)
2026-02-26 16:18:39,432 [DEBUG] Iter  210 | residual 1.053e-01 (Module: solver, Line: 328)
2026-02-26 16:18:39,432 [DEBUG] Iter  220 | residual 1.052e-01 (Module: solver, Line: 328)
2026-02-26 16:18:39,432 [DEBUG] Iter  230 | residual 1.051e-01 (Module: solver, Line: 328)
2026-02-26 16:18:39,432 [DEBUG] Iter  240 | residual 1.051e-01 (Module: solver, Line: 328)
2026-02-26 16:18:39,432 [DEBUG] Iter  250 | residual 1.050e-01 (Module: solver, Line: 328)
2026-02-26 16:18:39,432 [DEBUG] Iter  260 | residual 1.050e-01 (Module: solver, Line: 328)
2026-02-26 16:18:39,432 [DEBUG] Iter  270 | residual 1.049e-01 (Module: solver, Line: 328)
2026-02-26 16:18:39,432 [DEBUG] Iter  280 | residual 1.049e-01 (Module: solver, Line: 328)
2026-02-26 16:18:39,432 [DEBUG] Iter  290 | residual 1.049e-01 (Module: solver, Line: 328)
2026-02-26 16:18:39,432 [DEBUG] Iter  300 | residual 1.048e-01 (Module: solver, Line: 328)
2026-02-26 16:18:39,432 [DEBUG] Iter  310 | residual 1.048e-01 (Module: solver, Line: 328)
2026-02-26 16:18:39,432 [DEBUG] Iter  320 | residual 1.048e-01 (Module: solver, Line: 328)
2026-02-26 16:18:39,432 [DEBUG] Iter  330 | residual 1.048e-01 (Module: solver, Line: 328)
2026-02-26 16:18:39,432 [DEBUG] Iter  340 | residual 1.048e-01 (Module: solver, Line: 328)
2026-02-26 16:18:39,432 [DEBUG] Iter  350 | residual 1.048e-01 (Module: solver, Line: 328)
2026-02-26 16:18:39,432 [DEBUG] Iter  360 | residual 1.048e-01 (Module: solver, Line: 328)
2026-02-26 16:18:39,432 [DEBUG] Iter  370 | residual 1.048e-01 (Module: solver, Line: 328)
2026-02-26 16:18:39,432 [DEBUG] Iter  380 | residual 1.048e-01 (Module: solver, Line: 328)
2026-02-26 16:18:39,432 [DEBUG] Iter  390 | residual 1.048e-01 (Module: solver, Line: 328)
2026-02-26 16:18:39,432 [DEBUG] Iter  400 | residual 1.048e-01 (Module: solver, Line: 328)
2026-02-26 16:18:39,432 [DEBUG] Iter  410 | residual 1.048e-01 (Module: solver, Line: 328)
2026-02-26 16:18:39,432 [DEBUG] Iter  420 | residual 1.048e-01 (Module: solver, Line: 328)
2026-02-26 16:18:39,432 [DEBUG] Iter  430 | residual 1.048e-01 (Module: solver, Line: 328)
2026-02-26 16:18:39,432 [DEBUG] Iter  440 | residual 1.047e-01 (Module: solver, Line: 328)
2026-02-26 16:18:39,432 [DEBUG] Iter  450 | residual 1.047e-01 (Module: solver, Line: 328)
2026-02-26 16:18:39,432 [DEBUG] Iter  460 | residual 1.047e-01 (Module: solver, Line: 328)
2026-02-26 16:18:39,432 [DEBUG] Iter  470 | residual 1.047e-01 (Module: solver, Line: 328)
2026-02-26 16:18:39,432 [DEBUG] Iter  480 | residual 1.047e-01 (Module: solver, Line: 328)
2026-02-26 16:18:39,432 [DEBUG] Iter  490 | residual 1.047e-01 (Module: solver, Line: 328)
2026-02-26 16:18:39,432 [DEBUG] Iter  500 | residual 1.047e-01 (Module: solver, Line: 328)
2026-02-26 16:18:39,432 [DEBUG] Iter  510 | residual 1.047e-01 (Module: solver, Line: 328)
2026-02-26 16:18:39,432 [DEBUG] Iter  520 | residual 1.047e-01 (Module: solver, Line: 328)
2026-02-26 16:18:39,432 [DEBUG] Iter  530 | residual 1.047e-01 (Module: solver, Line: 328)
2026-02-26 16:18:39,432 [DEBUG] Iter  540 | residual 1.047e-01 (Module: solver, Line: 328)
2026-02-26 16:18:39,432 [DEBUG] Iter  550 | residual 1.047e-01 (Module: solver, Line: 328)
2026-02-26 16:18:39,432 [DEBUG] Iter  560 | residual 1.047e-01 (Module: solver, Line: 328)
2026-02-26 16:18:39,432 [DEBUG] Iter  570 | residual 1.047e-01 (Module: solver, Line: 328)
2026-02-26 16:18:39,432 [DEBUG] Iter  580 | residual 1.047e-01 (Module: solver, Line: 328)
2026-02-26 16:18:39,432 [DEBUG] Iter  590 | residual 1.047e-01 (Module: solver, Line: 328)
2026-02-26 16:18:39,432 [DEBUG] Iter  600 | residual 1.047e-01 (Module: solver, Line: 328)
2026-02-26 16:18:39,432 [DEBUG] Iter  610 | residual 1.047e-01 (Module: solver, Line: 328)
2026-02-26 16:18:39,432 [DEBUG] Iter  620 | residual 1.047e-01 (Module: solver, Line: 328)
2026-02-26 16:18:39,432 [DEBUG] Iter  630 | residual 1.047e-01 (Module: solver, Line: 328)
2026-02-26 16:18:39,432 [DEBUG] Iter  640 | residual 1.047e-01 (Module: solver, Line: 328)
2026-02-26 16:18:39,432 [DEBUG] Iter  650 | residual 1.047e-01 (Module: solver, Line: 328)
2026-02-26 16:18:39,432 [DEBUG] Iter  660 | residual 1.047e-01 (Module: solver, Line: 328)
2026-02-26 16:18:39,432 [DEBUG] Iter  670 | residual 1.047e-01 (Module: solver, Line: 328)
2026-02-26 16:18:39,432 [DEBUG] Iter  680 | residual 1.047e-01 (Module: solver, Line: 328)
2026-02-26 16:18:39,432 [DEBUG] Iter  690 | residual 1.047e-01 (Module: solver, Line: 328)
2026-02-26 16:18:39,432 [DEBUG] Iter  700 | residual 1.047e-01 (Module: solver, Line: 328)
2026-02-26 16:18:39,432 [DEBUG] Iter  710 | residual 1.047e-01 (Module: solver, Line: 328)
2026-02-26 16:18:39,432 [DEBUG] Iter  720 | residual 1.047e-01 (Module: solver, Line: 328)
2026-02-26 16:18:39,432 [DEBUG] Iter  730 | residual 1.047e-01 (Module: solver, Line: 328)
2026-02-26 16:18:39,432 [DEBUG] Iter  740 | residual 1.047e-01 (Module: solver, Line: 328)
2026-02-26 16:18:39,432 [DEBUG] Iter  750 | residual 1.047e-01 (Module: solver, Line: 328)
2026-02-26 16:18:39,432 [DEBUG] Iter  760 | residual 1.047e-01 (Module: solver, Line: 328)
2026-02-26 16:18:39,447 [DEBUG] Iter  770 | residual 1.047e-01 (Module: solver, Line: 328)
2026-02-26 16:18:39,447 [DEBUG] Iter  780 | residual 1.047e-01 (Module: solver, Line: 328)
2026-02-26 16:18:39,447 [DEBUG] Iter  790 | residual 1.047e-01 (Module: solver, Line: 328)
2026-02-26 16:18:39,447 [DEBUG] Iter  800 | residual 1.047e-01 (Module: solver, Line: 328)
2026-02-26 16:18:39,448 [DEBUG] Iter  810 | residual 1.047e-01 (Module: solver, Line: 328)
2026-02-26 16:18:39,448 [DEBUG] Iter  820 | residual 1.047e-01 (Module: solver, Line: 328)
2026-02-26 16:18:39,448 [DEBUG] Iter  830 | residual 1.047e-01 (Module: solver, Line: 328)
2026-02-26 16:18:39,448 [DEBUG] Iter  840 | residual 1.047e-01 (Module: solver, Line: 328)
2026-02-26 16:18:39,449 [DEBUG] Iter  850 | residual 1.047e-01 (Module: solver, Line: 328)
2026-02-26 16:18:39,449 [DEBUG] Iter  860 | residual 1.047e-01 (Module: solver, Line: 328)
2026-02-26 16:18:39,449 [DEBUG] Iter  870 | residual 1.047e-01 (Module: solver, Line: 328)
2026-02-26 16:18:39,449 [DEBUG] Iter  880 | residual 1.047e-01 (Module: solver, Line: 328)
2026-02-26 16:18:39,449 [DEBUG] Iter  890 | residual 1.047e-01 (Module: solver, Line: 328)
2026-02-26 16:18:39,450 [DEBUG] Iter  900 | residual 1.047e-01 (Module: solver, Line: 328)
2026-02-26 16:18:39,450 [DEBUG] Iter  910 | residual 1.047e-01 (Module: solver, Line: 328)
2026-02-26 16:18:39,450 [DEBUG] Iter  920 | residual 1.047e-01 (Module: solver, Line: 328)
2026-02-26 16:18:39,450 [DEBUG] Iter  930 | residual 1.047e-01 (Module: solver, Line: 328)
2026-02-26 16:18:39,451 [DEBUG] Iter  940 | residual 1.047e-01 (Module: solver, Line: 328)
2026-02-26 16:18:39,451 [DEBUG] Iter  950 | residual 1.047e-01 (Module: solver, Line: 328)
2026-02-26 16:18:39,451 [DEBUG] Iter  960 | residual 1.047e-01 (Module: solver, Line: 328)
2026-02-26 16:18:39,451 [DEBUG] Iter  970 | residual 1.047e-01 (Module: solver, Line: 328)
2026-02-26 16:18:39,451 [DEBUG] Iter  980 | residual 1.047e-01 (Module: solver, Line: 328)
2026-02-26 16:18:39,452 [DEBUG] Iter  990 | residual 1.047e-01 (Module: solver, Line: 328)
2026-02-26 16:18:39,452 [DEBUG] Iter 1000 | residual 1.047e-01 (Module: solver, Line: 328)
2026-02-26 16:18:39,452 [WARNING] Solver info=1000 (not converged). (Module: solver, Line: 344)
2026-02-26 16:18:39,452 [INFO] Retrying with ILU preconditioner … (Module: solver, Line: 351)
2026-02-26 16:18:39,452 [DEBUG] Building ILU (drop_tol=1e-06, fill_factor=1.0) (Module: solver, Line: 77)
2026-02-26 16:18:39,452 [DEBUG] ILU fill-ratio = 1.28 (Module: solver, Line: 82)
2026-02-26 16:18:39,453 [DEBUG] Iter 1010 | residual 9.330e-02 (Module: solver, Line: 328)
2026-02-26 16:18:39,453 [DEBUG] Iter 1020 | residual 8.677e-02 (Module: solver, Line: 328)
2026-02-26 16:18:39,453 [DEBUG] Iter 1030 | residual 6.877e-02 (Module: solver, Line: 328)
2026-02-26 16:18:39,453 [DEBUG] Iter 1040 | residual 9.111e-02 (Module: solver, Line: 328)
2026-02-26 16:18:39,454 [DEBUG] Iter 1050 | residual 1.204e-01 (Module: solver, Line: 328)
2026-02-26 16:18:39,454 [DEBUG] Iter 1060 | residual 1.305e-01 (Module: solver, Line: 328)
2026-02-26 16:18:39,454 [DEBUG] Iter 1070 | residual 1.288e-01 (Module: solver, Line: 328)
2026-02-26 16:18:39,454 [DEBUG] Iter 1080 | residual 1.239e-01 (Module: solver, Line: 328)
2026-02-26 16:18:39,455 [DEBUG] Iter 1090 | residual 1.192e-01 (Module: solver, Line: 328)
2026-02-26 16:18:39,455 [DEBUG] Iter 1100 | residual 1.154e-01 (Module: solver, Line: 328)
2026-02-26 16:18:39,455 [DEBUG] Iter 1110 | residual 1.126e-01 (Module: solver, Line: 328)
2026-02-26 16:18:39,455 [DEBUG] Iter 1120 | residual 1.106e-01 (Module: solver, Line: 328)
2026-02-26 16:18:39,456 [DEBUG] Iter 1130 | residual 1.091e-01 (Module: solver, Line: 328)
2026-02-26 16:18:39,456 [DEBUG] Iter 1140 | residual 1.080e-01 (Module: solver, Line: 328)
2026-02-26 16:18:39,456 [DEBUG] Iter 1150 | residual 1.072e-01 (Module: solver, Line: 328)
2026-02-26 16:18:39,456 [DEBUG] Iter 1160 | residual 1.067e-01 (Module: solver, Line: 328)
2026-02-26 16:18:39,456 [DEBUG] Iter 1170 | residual 1.062e-01 (Module: solver, Line: 328)
2026-02-26 16:18:39,456 [DEBUG] Iter 1180 | residual 1.059e-01 (Module: solver, Line: 328)
2026-02-26 16:18:39,456 [DEBUG] Iter 1190 | residual 1.057e-01 (Module: solver, Line: 328)
2026-02-26 16:18:39,458 [DEBUG] Iter 1200 | residual 1.055e-01 (Module: solver, Line: 328)
2026-02-26 16:18:39,458 [DEBUG] Iter 1210 | residual 1.053e-01 (Module: solver, Line: 328)
2026-02-26 16:18:39,458 [DEBUG] Iter 1220 | residual 1.052e-01 (Module: solver, Line: 328)
2026-02-26 16:18:39,458 [DEBUG] Iter 1230 | residual 1.051e-01 (Module: solver, Line: 328)
2026-02-26 16:18:39,459 [DEBUG] Iter 1240 | residual 1.051e-01 (Module: solver, Line: 328)
2026-02-26 16:18:39,459 [DEBUG] Iter 1250 | residual 1.050e-01 (Module: solver, Line: 328)
2026-02-26 16:18:39,459 [DEBUG] Iter 1260 | residual 1.050e-01 (Module: solver, Line: 328)
2026-02-26 16:18:39,460 [DEBUG] Iter 1270 | residual 1.049e-01 (Module: solver, Line: 328)
2026-02-26 16:18:39,460 [DEBUG] Iter 1280 | residual 1.049e-01 (Module: solver, Line: 328)
2026-02-26 16:18:39,460 [DEBUG] Iter 1290 | residual 1.049e-01 (Module: solver, Line: 328)
2026-02-26 16:18:39,460 [DEBUG] Iter 1300 | residual 1.048e-01 (Module: solver, Line: 328)
2026-02-26 16:18:39,460 [DEBUG] Iter 1310 | residual 1.048e-01 (Module: solver, Line: 328)
2026-02-26 16:18:39,461 [DEBUG] Iter 1320 | residual 1.048e-01 (Module: solver, Line: 328)
2026-02-26 16:18:39,461 [DEBUG] Iter 1330 | residual 1.048e-01 (Module: solver, Line: 328)
2026-02-26 16:18:39,461 [DEBUG] Iter 1340 | residual 1.048e-01 (Module: solver, Line: 328)
2026-02-26 16:18:39,461 [DEBUG] Iter 1350 | residual 1.048e-01 (Module: solver, Line: 328)
2026-02-26 16:18:39,462 [DEBUG] Iter 1360 | residual 1.048e-01 (Module: solver, Line: 328)
2026-02-26 16:18:39,462 [DEBUG] Iter 1370 | residual 1.048e-01 (Module: solver, Line: 328)
2026-02-26 16:18:39,462 [DEBUG] Iter 1380 | residual 1.048e-01 (Module: solver, Line: 328)
2026-02-26 16:18:39,462 [DEBUG] Iter 1390 | residual 1.048e-01 (Module: solver, Line: 328)
2026-02-26 16:18:39,462 [DEBUG] Iter 1400 | residual 1.048e-01 (Module: solver, Line: 328)
2026-02-26 16:18:39,463 [DEBUG] Iter 1410 | residual 1.048e-01 (Module: solver, Line: 328)
2026-02-26 16:18:39,463 [DEBUG] Iter 1420 | residual 1.048e-01 (Module: solver, Line: 328)
2026-02-26 16:18:39,463 [DEBUG] Iter 1430 | residual 1.048e-01 (Module: solver, Line: 328)
2026-02-26 16:18:39,463 [DEBUG] Iter 1440 | residual 1.047e-01 (Module: solver, Line: 328)
2026-02-26 16:18:39,464 [DEBUG] Iter 1450 | residual 1.047e-01 (Module: solver, Line: 328)
2026-02-26 16:18:39,464 [DEBUG] Iter 1460 | residual 1.047e-01 (Module: solver, Line: 328)
2026-02-26 16:18:39,464 [DEBUG] Iter 1470 | residual 1.047e-01 (Module: solver, Line: 328)
2026-02-26 16:18:39,464 [DEBUG] Iter 1480 | residual 1.047e-01 (Module: solver, Line: 328)
2026-02-26 16:18:39,465 [DEBUG] Iter 1490 | residual 1.047e-01 (Module: solver, Line: 328)
2026-02-26 16:18:39,465 [DEBUG] Iter 1500 | residual 1.047e-01 (Module: solver, Line: 328)
2026-02-26 16:18:39,465 [DEBUG] Iter 1510 | residual 1.047e-01 (Module: solver, Line: 328)
2026-02-26 16:18:39,465 [DEBUG] Iter 1520 | residual 1.047e-01 (Module: solver, Line: 328)
2026-02-26 16:18:39,465 [DEBUG] Iter 1530 | residual 1.047e-01 (Module: solver, Line: 328)
2026-02-26 16:18:39,465 [DEBUG] Iter 1540 | residual 1.047e-01 (Module: solver, Line: 328)
2026-02-26 16:18:39,465 [DEBUG] Iter 1550 | residual 1.047e-01 (Module: solver, Line: 328)
2026-02-26 16:18:39,465 [DEBUG] Iter 1560 | residual 1.047e-01 (Module: solver, Line: 328)
2026-02-26 16:18:39,465 [DEBUG] Iter 1570 | residual 1.047e-01 (Module: solver, Line: 328)
2026-02-26 16:18:39,465 [DEBUG] Iter 1580 | residual 1.047e-01 (Module: solver, Line: 328)
2026-02-26 16:18:39,465 [DEBUG] Iter 1590 | residual 1.047e-01 (Module: solver, Line: 328)
2026-02-26 16:18:39,465 [DEBUG] Iter 1600 | residual 1.047e-01 (Module: solver, Line: 328)
2026-02-26 16:18:39,468 [DEBUG] Iter 1610 | residual 1.047e-01 (Module: solver, Line: 328)
2026-02-26 16:18:39,468 [DEBUG] Iter 1620 | residual 1.047e-01 (Module: solver, Line: 328)
2026-02-26 16:18:39,468 [DEBUG] Iter 1630 | residual 1.047e-01 (Module: solver, Line: 328)
2026-02-26 16:18:39,468 [DEBUG] Iter 1640 | residual 1.047e-01 (Module: solver, Line: 328)
2026-02-26 16:18:39,468 [DEBUG] Iter 1650 | residual 1.047e-01 (Module: solver, Line: 328)
2026-02-26 16:18:39,468 [DEBUG] Iter 1660 | residual 1.047e-01 (Module: solver, Line: 328)
2026-02-26 16:18:39,468 [DEBUG] Iter 1670 | residual 1.047e-01 (Module: solver, Line: 328)
2026-02-26 16:18:39,468 [DEBUG] Iter 1680 | residual 1.047e-01 (Module: solver, Line: 328)
2026-02-26 16:18:39,470 [DEBUG] Iter 1690 | residual 1.047e-01 (Module: solver, Line: 328)
2026-02-26 16:18:39,470 [DEBUG] Iter 1700 | residual 1.047e-01 (Module: solver, Line: 328)
2026-02-26 16:18:39,470 [DEBUG] Iter 1710 | residual 1.047e-01 (Module: solver, Line: 328)
2026-02-26 16:18:39,470 [DEBUG] Iter 1720 | residual 1.047e-01 (Module: solver, Line: 328)
2026-02-26 16:18:39,470 [DEBUG] Iter 1730 | residual 1.047e-01 (Module: solver, Line: 328)
2026-02-26 16:18:39,470 [DEBUG] Iter 1740 | residual 1.047e-01 (Module: solver, Line: 328)
2026-02-26 16:18:39,470 [DEBUG] Iter 1750 | residual 1.047e-01 (Module: solver, Line: 328)
2026-02-26 16:18:39,470 [DEBUG] Iter 1760 | residual 1.047e-01 (Module: solver, Line: 328)
2026-02-26 16:18:39,470 [DEBUG] Iter 1770 | residual 1.047e-01 (Module: solver, Line: 328)
2026-02-26 16:18:39,470 [DEBUG] Iter 1780 | residual 1.047e-01 (Module: solver, Line: 328)
2026-02-26 16:18:39,472 [DEBUG] Iter 1790 | residual 1.047e-01 (Module: solver, Line: 328)
2026-02-26 16:18:39,472 [DEBUG] Iter 1800 | residual 1.047e-01 (Module: solver, Line: 328)
2026-02-26 16:18:39,472 [DEBUG] Iter 1810 | residual 1.047e-01 (Module: solver, Line: 328)
2026-02-26 16:18:39,472 [DEBUG] Iter 1820 | residual 1.047e-01 (Module: solver, Line: 328)
2026-02-26 16:18:39,473 [DEBUG] Iter 1830 | residual 1.047e-01 (Module: solver, Line: 328)
2026-02-26 16:18:39,473 [DEBUG] Iter 1840 | residual 1.047e-01 (Module: solver, Line: 328)
2026-02-26 16:18:39,473 [DEBUG] Iter 1850 | residual 1.047e-01 (Module: solver, Line: 328)
2026-02-26 16:18:39,473 [DEBUG] Iter 1860 | residual 1.047e-01 (Module: solver, Line: 328)
2026-02-26 16:18:39,473 [DEBUG] Iter 1870 | residual 1.047e-01 (Module: solver, Line: 328)
2026-02-26 16:18:39,473 [DEBUG] Iter 1880 | residual 1.047e-01 (Module: solver, Line: 328)
2026-02-26 16:18:39,473 [DEBUG] Iter 1890 | residual 1.047e-01 (Module: solver, Line: 328)
2026-02-26 16:18:39,473 [DEBUG] Iter 1900 | residual 1.047e-01 (Module: solver, Line: 328)
2026-02-26 16:18:39,473 [DEBUG] Iter 1910 | residual 1.047e-01 (Module: solver, Line: 328)
2026-02-26 16:18:39,473 [DEBUG] Iter 1920 | residual 1.047e-01 (Module: solver, Line: 328)
2026-02-26 16:18:39,475 [DEBUG] Iter 1930 | residual 1.047e-01 (Module: solver, Line: 328)
2026-02-26 16:18:39,475 [DEBUG] Iter 1940 | residual 1.047e-01 (Module: solver, Line: 328)
2026-02-26 16:18:39,475 [DEBUG] Iter 1950 | residual 1.047e-01 (Module: solver, Line: 328)
2026-02-26 16:18:39,475 [DEBUG] Iter 1960 | residual 1.047e-01 (Module: solver, Line: 328)
2026-02-26 16:18:39,475 [DEBUG] Iter 1970 | residual 1.047e-01 (Module: solver, Line: 328)
2026-02-26 16:18:39,475 [DEBUG] Iter 1980 | residual 1.047e-01 (Module: solver, Line: 328)
2026-02-26 16:18:39,475 [DEBUG] Iter 1990 | residual 1.047e-01 (Module: solver, Line: 328)
2026-02-26 16:18:39,475 [DEBUG] Iter 2000 | residual 1.047e-01 (Module: solver, Line: 328)
2026-02-26 16:18:39,475 [WARNING] Solver info=1000 (not converged). (Module: solver, Line: 344)
2026-02-26 16:18:39,475 [INFO] Switching to direct SuperLU fall-back. (Module: solver, Line: 359)
2026-02-26 16:18:39,475 [DEBUG] Using SuperLU direct solver (Module: solver, Line: 306)
2026-02-26 16:18:39,475 [INFO] Condensed residual norm: 1.887e-02 (Module: solver, Line: 204)
2026-02-26 16:18:39,475 [WARNING] Residual is high – verify model! (Module: solver, Line: 207)
2026-02-26 16:18:39,475 [INFO] 📊 Condensed solver report: (Module: solver, Line: 384)
2026-02-26 16:18:39,475 [INFO]  • dofs: 48 (Module: solver, Line: 386)
2026-02-26 16:18:39,475 [INFO]  • nnz: 192 (Module: solver, Line: 386)
2026-02-26 16:18:39,475 [INFO]  • density: 0.08333333333333333 (Module: solver, Line: 386)
2026-02-26 16:18:39,475 [INFO]  • condition_est: 1.0056021125174952 (Module: solver, Line: 386)
2026-02-26 16:18:39,475 [INFO]  • solve_phases: {'iterative': 0.023546400000668655, 'factorization': 0.00023260000034497352, 'solution': 0.0002461000003677327} (Module: solver, Line: 386)
2026-02-26 16:18:39,475 [INFO]  • iters: 2000 (Module: solver, Line: 386)
2026-02-26 16:18:39,475 [INFO]  • final_residual: 0.10473492208072478 (Module: solver, Line: 386)
