--------------------------------------------------------------------------
Machine specifications – written 2026-02-26 16:18:03.816880
OS          : Windows 11 (10.0.26100)
CPU         : 12th Gen Intel(R) Core(TM) i7-12700
   logical  : 20
   physical : 12
RAM         : 31.24 GB
Disk        : 943.72 GB total  /  2.53 GB free
Python      : 3.12.5  (C:\Users\s1834431\AppData\Local\Programs\Python\Python312\python.exe)
GPU(s)      : Intel(R) UHD Graphics 770
--------------------------------------------------------------------------

Runtime telemetry header written → C:\Users\s1834431\Programs\fem_model\post_processing\results\job_0005_n32_2026-02-26_16-18-01-495138_pid18316_8bf5f225\diagnostics\RuntimeMonitorTelemetry.log
2026-02-26 16:18:04 │ PrepareLocalSystem BEGIN   │ Δt  0.00 s │ RAM   135.3 MB │ CPU  21.2 % │ Disk  941.2 GB
2026-02-26 16:18:04 │ PrepareLocalSystem END     │ Δt  0.20 s │ RAM   135.3 MB │ CPU  25.8 % │ Disk  941.2 GB
2026-02-26 16:18:04 │ AssembleGlobalSystem BEGIN │ Δt  0.20 s │ RAM   135.3 MB │ CPU   8.0 % │ Disk  941.2 GB
2026-02-26 16:18:04 │ AssembleGlobalSystem END   │ Δt  0.22 s │ RAM   135.3 MB │ CPU  14.7 % │ Disk  941.2 GB
2026-02-26 16:18:04 │ ModifyGlobalSystem BEGIN   │ Δt  0.23 s │ RAM   135.7 MB │ CPU  13.9 % │ Disk  941.2 GB
2026-02-26 16:18:05 │ ModifyGlobalSystem END     │ Δt  0.22 s │ RAM   135.7 MB │ CPU  16.1 % │ Disk  941.2 GB
2026-02-26 16:18:05 │ CondenseModifiedSystem BEGIN │ Δt  0.22 s │ RAM   135.7 MB │ CPU  12.4 % │ Disk  941.2 GB
2026-02-26 16:18:05 │ CondenseModifiedSystem END │ Δt  0.22 s │ RAM   135.7 MB │ CPU  13.0 % │ Disk  941.2 GB
2026-02-26 16:18:05 │ SolveCondensedSystem BEGIN │ Δt  0.24 s │ RAM   135.8 MB │ CPU   8.7 % │ Disk  941.2 GB
2026-02-26 16:18:06 │ SolveCondensedSystem END   │ Δt  0.28 s │ RAM   135.8 MB │ CPU   7.3 % │ Disk  941.2 GB
2026-02-26 16:18:06 │ ReconstructGlobalSystem BEGIN │ Δt  0.20 s │ RAM   135.8 MB │ CPU   6.9 % │ Disk  941.2 GB
2026-02-26 16:18:06 │ ReconstructGlobalSystem END │ Δt  0.21 s │ RAM   135.8 MB │ CPU  12.0 % │ Disk  941.2 GB
2026-02-26 16:18:06 │ ComputePrimaryResults BEGIN │ Δt  0.20 s │ RAM   135.8 MB │ CPU   7.9 % │ Disk  941.2 GB
2026-02-26 16:18:07 │ ComputePrimaryResults END  │ Δt  0.41 s │ RAM   135.8 MB │ CPU  15.6 % │ Disk  941.2 GB
2026-02-26 16:18:07 │ SaveFormulationCache BEGIN │ Δt  0.20 s │ RAM   135.8 MB │ CPU  11.1 % │ Disk  941.2 GB
2026-02-26 16:18:07 │ SaveFormulationCache END   │ Δt  0.32 s │ RAM   135.8 MB │ CPU  23.1 % │ Disk  941.2 GB
2026-02-26 16:18:07 │ ComputeSecondaryResults BEGIN │ Δt  0.20 s │ RAM   135.8 MB │ CPU  10.0 % │ Disk  941.2 GB
2026-02-26 16:18:08 │ ComputeSecondaryResults END │ Δt  0.25 s │ RAM   135.8 MB │ CPU  22.8 % │ Disk  941.2 GB
2026-02-26 16:18:08 │ ComputeTertiaryResults BEGIN │ Δt  0.20 s │ RAM   135.8 MB │ CPU  12.8 % │ Disk  941.2 GB
2026-02-26 16:18:08 │ ComputeTertiaryResults END │ Δt  0.25 s │ RAM   135.8 MB │ CPU  10.5 % │ Disk  941.2 GB
