2026-02-26 16:17:26,973 [DEBUG] 📁 Log file created at: c:\Users\s1834431\Programs\fem_model\post_processing\results\job_0003_n4_2026-02-26_16-17-24-237043_pid18316_35459b2c\logs\AssembleGlobalSystem.log (Module: assembly, Line: 91)
2026-02-26 16:17:26,973 [INFO] 🔧 Starting global matrix assembly... (Module: assembly, Line: 109)
2026-02-26 16:17:26,973 [DEBUG] Element 0 DOF mapping validated (Module: assembly, Line: 184)
2026-02-26 16:17:26,974 [DEBUG] Element 1 DOF mapping validated (Module: assembly, Line: 184)
2026-02-26 16:17:26,974 [DEBUG] Element 2 DOF mapping validated (Module: assembly, Line: 184)
2026-02-26 16:17:26,974 [DEBUG] Element 3 DOF mapping validated (Module: assembly, Line: 184)
2026-02-26 16:17:26,975 [DEBUG] 
✅ DOF Mappings Summary:
 Element ID                              Local DOF                                       Global DOF
          0 [0, 1, 2, 3, 4, 5, 6, 7, 8, 9, 10, 11]           [0, 1, 2, 3, 4, 5, 6, 7, 8, 9, 10, 11]
          1 [0, 1, 2, 3, 4, 5, 6, 7, 8, 9, 10, 11]     [6, 7, 8, 9, 10, 11, 12, 13, 14, 15, 16, 17]
          2 [0, 1, 2, 3, 4, 5, 6, 7, 8, 9, 10, 11] [12, 13, 14, 15, 16, 17, 18, 19, 20, 21, 22, 23]
          3 [0, 1, 2, 3, 4, 5, 6, 7, 8, 9, 10, 11] [18, 19, 20, 21, 22, 23, 24, 25, 26, 27, 28, 29] (Module: assembly, Line: 204)
2026-02-26 16:17:26,975 [INFO] 🧾 System Info:
  Total DOFs: 30
  Number of elements: 4
  Symmetry tolerance: 1.0e-08 (Module: assembly, Line: 344)
2026-02-26 16:17:26,977 [INFO] ✅ Stiffness matrix assembled (Module: assembly, Line: 248)
2026-02-26 16:17:26,977 [INFO] ✅ Force vector assembled (Module: assembly, Line: 277)
2026-02-26 16:17:26,977 [INFO] Global Stiffness Matrix:
  Non-zero entries: 130
  Symmetry: True
  Norm: 2.589e+09 (Module: assembly, Line: 364)
2026-02-26 16:17:26,980 [DEBUG] 
Full Stiffness Matrix (Dense):
Col        0         1         2         3         4         5         6         7         8         9         10        11        12        13        14        15        16        17        18        19        20        21        22        23        24        25        26        27        28        29
Row                                                                                                                                                                                                                                                                                                            
0    5.50e+08  0.00e+00  0.00e+00  0.00e+00  0.00e+00  0.00e+00 -5.50e+08  0.00e+00  0.00e+00  0.00e+00  0.00e+00  0.00e+00  0.00e+00  0.00e+00  0.00e+00  0.00e+00  0.00e+00  0.00e+00  0.00e+00  0.00e+00  0.00e+00  0.00e+00  0.00e+00  0.00e+00  0.00e+00  0.00e+00  0.00e+00  0.00e+00  0.00e+00  0.00e+00
1    0.00e+00  4.21e+07  0.00e+00  0.00e+00  0.00e+00  1.05e+07  0.00e+00 -4.21e+07  0.00e+00  0.00e+00  0.00e+00  1.05e+07  0.00e+00  0.00e+00  0.00e+00  0.00e+00  0.00e+00  0.00e+00  0.00e+00  0.00e+00  0.00e+00  0.00e+00  0.00e+00  0.00e+00  0.00e+00  0.00e+00  0.00e+00  0.00e+00  0.00e+00  0.00e+00
2    0.00e+00  0.00e+00  6.52e+06  0.00e+00 -1.63e+06  0.00e+00  0.00e+00  0.00e+00 -6.52e+06  0.00e+00 -1.63e+06  0.00e+00  0.00e+00  0.00e+00  0.00e+00  0.00e+00  0.00e+00  0.00e+00  0.00e+00  0.00e+00  0.00e+00  0.00e+00  0.00e+00  0.00e+00  0.00e+00  0.00e+00  0.00e+00  0.00e+00  0.00e+00  0.00e+00
3    0.00e+00  0.00e+00  0.00e+00  4.22e+03  0.00e+00  0.00e+00  0.00e+00  0.00e+00  0.00e+00 -4.22e+03  0.00e+00  0.00e+00  0.00e+00  0.00e+00  0.00e+00  0.00e+00  0.00e+00  0.00e+00  0.00e+00  0.00e+00  0.00e+00  0.00e+00  0.00e+00  0.00e+00  0.00e+00  0.00e+00  0.00e+00  0.00e+00  0.00e+00  0.00e+00
4    0.00e+00  0.00e+00 -1.63e+06  0.00e+00  5.43e+05  0.00e+00  0.00e+00  0.00e+00  1.63e+06  0.00e+00  2.72e+05  0.00e+00  0.00e+00  0.00e+00  0.00e+00  0.00e+00  0.00e+00  0.00e+00  0.00e+00  0.00e+00  0.00e+00  0.00e+00  0.00e+00  0.00e+00  0.00e+00  0.00e+00  0.00e+00  0.00e+00  0.00e+00  0.00e+00
5    0.00e+00  1.05e+07  0.00e+00  0.00e+00  0.00e+00  3.51e+06  0.00e+00 -1.05e+07  0.00e+00  0.00e+00  0.00e+00  1.75e+06  0.00e+00  0.00e+00  0.00e+00  0.00e+00  0.00e+00  0.00e+00  0.00e+00  0.00e+00  0.00e+00  0.00e+00  0.00e+00  0.00e+00  0.00e+00  0.00e+00  0.00e+00  0.00e+00  0.00e+00  0.00e+00
6   -5.50e+08  0.00e+00  0.00e+00  0.00e+00  0.00e+00  0.00e+00  1.10e+09  0.00e+00  0.00e+00  0.00e+00  0.00e+00  0.00e+00 -5.50e+08  0.00e+00  0.00e+00  0.00e+00  0.00e+00  0.00e+00  0.00e+00  0.00e+00  0.00e+00  0.00e+00  0.00e+00  0.00e+00  0.00e+00  0.00e+00  0.00e+00  0.00e+00  0.00e+00  0.00e+00
7    0.00e+00 -4.21e+07  0.00e+00  0.00e+00  0.00e+00 -1.05e+07  0.00e+00  8.42e+07  0.00e+00  0.00e+00  0.00e+00  0.00e+00  0.00e+00 -4.21e+07  0.00e+00  0.00e+00  0.00e+00  1.05e+07  0.00e+00  0.00e+00  0.00e+00  0.00e+00  0.00e+00  0.00e+00  0.00e+00  0.00e+00  0.00e+00  0.00e+00  0.00e+00  0.00e+00
8    0.00e+00  0.00e+00 -6.52e+06  0.00e+00  1.63e+06  0.00e+00  0.00e+00  0.00e+00  1.30e+07  0.00e+00  0.00e+00  0.00e+00  0.00e+00  0.00e+00 -6.52e+06  0.00e+00 -1.63e+06  0.00e+00  0.00e+00  0.00e+00  0.00e+00  0.00e+00  0.00e+00  0.00e+00  0.00e+00  0.00e+00  0.00e+00  0.00e+00  0.00e+00  0.00e+00
9    0.00e+00  0.00e+00  0.00e+00 -4.22e+03  0.00e+00  0.00e+00  0.00e+00  0.00e+00  0.00e+00  8.45e+03  0.00e+00  0.00e+00  0.00e+00  0.00e+00  0.00e+00 -4.22e+03  0.00e+00  0.00e+00  0.00e+00  0.00e+00  0.00e+00  0.00e+00  0.00e+00  0.00e+00  0.00e+00  0.00e+00  0.00e+00  0.00e+00  0.00e+00  0.00e+00
10   0.00e+00  0.00e+00 -1.63e+06  0.00e+00  2.72e+05  0.00e+00  0.00e+00  0.00e+00  0.00e+00  0.00e+00  1.09e+06  0.00e+00  0.00e+00  0.00e+00  1.63e+06  0.00e+00  2.72e+05  0.00e+00  0.00e+00  0.00e+00  0.00e+00  0.00e+00  0.00e+00  0.00e+00  0.00e+00  0.00e+00  0.00e+00  0.00e+00  0.00e+00  0.00e+00
11   0.00e+00  1.05e+07  0.00e+00  0.00e+00  0.00e+00  1.75e+06  0.00e+00  0.00e+00  0.00e+00  0.00e+00  0.00e+00  7.01e+06  0.00e+00 -1.05e+07  0.00e+00  0.00e+00  0.00e+00  1.75e+06  0.00e+00  0.00e+00  0.00e+00  0.00e+00  0.00e+00  0.00e+00  0.00e+00  0.00e+00  0.00e+00  0.00e+00  0.00e+00  0.00e+00
12   0.00e+00  0.00e+00  0.00e+00  0.00e+00  0.00e+00  0.00e+00 -5.50e+08  0.00e+00  0.00e+00  0.00e+00  0.00e+00  0.00e+00  1.10e+09  0.00e+00  0.00e+00  0.00e+00  0.00e+00  0.00e+00 -5.50e+08  0.00e+00  0.00e+00  0.00e+00  0.00e+00  0.00e+00  0.00e+00  0.00e+00  0.00e+00  0.00e+00  0.00e+00  0.00e+00
13   0.00e+00  0.00e+00  0.00e+00  0.00e+00  0.00e+00  0.00e+00  0.00e+00 -4.21e+07  0.00e+00  0.00e+00  0.00e+00 -1.05e+07  0.00e+00  8.42e+07  0.00e+00  0.00e+00  0.00e+00  0.00e+00  0.00e+00 -4.21e+07  0.00e+00  0.00e+00  0.00e+00  1.05e+07  0.00e+00  0.00e+00  0.00e+00  0.00e+00  0.00e+00  0.00e+00
14   0.00e+00  0.00e+00  0.00e+00  0.00e+00  0.00e+00  0.00e+00  0.00e+00  0.00e+00 -6.52e+06  0.00e+00  1.63e+06  0.00e+00  0.00e+00  0.00e+00  1.30e+07  0.00e+00  0.00e+00  0.00e+00  0.00e+00  0.00e+00 -6.52e+06  0.00e+00 -1.63e+06  0.00e+00  0.00e+00  0.00e+00  0.00e+00  0.00e+00  0.00e+00  0.00e+00
15   0.00e+00  0.00e+00  0.00e+00  0.00e+00  0.00e+00  0.00e+00  0.00e+00  0.00e+00  0.00e+00 -4.22e+03  0.00e+00  0.00e+00  0.00e+00  0.00e+00  0.00e+00  8.45e+03  0.00e+00  0.00e+00  0.00e+00  0.00e+00  0.00e+00 -4.22e+03  0.00e+00  0.00e+00  0.00e+00  0.00e+00  0.00e+00  0.00e+00  0.00e+00  0.00e+00
16   0.00e+00  0.00e+00  0.00e+00  0.00e+00  0.00e+00  0.00e+00  0.00e+00  0.00e+00 -1.63e+06  0.00e+00  2.72e+05  0.00e+00  0.00e+00  0.00e+00  0.00e+00  0.00e+00  1.09e+06  0.00e+00  0.00e+00  0.00e+00  1.63e+06  0.00e+00  2.72e+05  0.00e+00  0.00e+00  0.00e+00  0.00e+00  0.00e+00  0.00e+00  0.00e+00
17   0.00e+00  0.00e+00  0.00e+00  0.00e+00  0.00e+00  0.00e+00  0.00e+00  1.05e+07  0.00e+00  0.00e+00  0.00e+00  1.75e+06  0.00e+00  0.00e+00  0.00e+00  0.00e+00  0.00e+00  7.01e+06  0.00e+00 -1.05e+07  0.00e+00  0.00e+00  0.00e+00  1.75e+06  0.00e+00  0.00e+00  0.00e+00  0.00e+00  0.00e+00  0.00e+00
18   0.00e+00  0.00e+00  0.00e+00  0.00e+00  0.00e+00  0.00e+00  0.00e+00  0.00e+00  0.00e+00  0.00e+00  0.00e+00  0.00e+00 -5.50e+08  0.00e+00  0.00e+00  0.00e+00  0.00e+00  0.00e+00  1.10e+09  0.00e+00  0.00e+00  0.00e+00  0.00e+00  0.00e+00 -5.50e+08  0.00e+00  0.00e+00  0.00e+00  0.00e+00  0.00e+00
19   0.00e+00  0.00e+00  0.00e+00  0.00e+00  0.00e+00  0.00e+00  0.00e+00  0.00e+00  0.00e+00  0.00e+00  0.00e+00  0.00e+00  0.00e+00 -4.21e+07  0.00e+00  0.00e+00  0.00e+00 -1.05e+07  0.00e+00  8.42e+07  0.00e+00  0.00e+00  0.00e+00  0.00e+00  0.00e+00 -4.21e+07  0.00e+00  0.00e+00  0.00e+00  1.05e+07
20   0.00e+00  0.00e+00  0.00e+00  0.00e+00  0.00e+00  0.00e+00  0.00e+00  0.00e+00  0.00e+00  0.00e+00  0.00e+00  0.00e+00  0.00e+00  0.00e+00 -6.52e+06  0.00e+00  1.63e+06  0.00e+00  0.00e+00  0.00e+00  1.30e+07  0.00e+00  0.00e+00  0.00e+00  0.00e+00  0.00e+00 -6.52e+06  0.00e+00 -1.63e+06  0.00e+00
21   0.00e+00  0.00e+00  0.00e+00  0.00e+00  0.00e+00  0.00e+00  0.00e+00  0.00e+00  0.00e+00  0.00e+00  0.00e+00  0.00e+00  0.00e+00  0.00e+00  0.00e+00 -4.22e+03  0.00e+00  0.00e+00  0.00e+00  0.00e+00  0.00e+00  8.45e+03  0.00e+00  0.00e+00  0.00e+00  0.00e+00  0.00e+00 -4.22e+03  0.00e+00  0.00e+00
22   0.00e+00  0.00e+00  0.00e+00  0.00e+00  0.00e+00  0.00e+00  0.00e+00  0.00e+00  0.00e+00  0.00e+00  0.00e+00  0.00e+00  0.00e+00  0.00e+00 -1.63e+06  0.00e+00  2.72e+05  0.00e+00  0.00e+00  0.00e+00  0.00e+00  0.00e+00  1.09e+06  0.00e+00  0.00e+00  0.00e+00  1.63e+06  0.00e+00  2.72e+05  0.00e+00
23   0.00e+00  0.00e+00  0.00e+00  0.00e+00  0.00e+00  0.00e+00  0.00e+00  0.00e+00  0.00e+00  0.00e+00  0.00e+00  0.00e+00  0.00e+00  1.05e+07  0.00e+00  0.00e+00  0.00e+00  1.75e+06  0.00e+00  0.00e+00  0.00e+00  0.00e+00  0.00e+00  7.01e+06  0.00e+00 -1.05e+07  0.00e+00  0.00e+00  0.00e+00  1.75e+06
24   0.00e+00  0.00e+00  0.00e+00  0.00e+00  0.00e+00  0.00e+00  0.00e+00  0.00e+00  0.00e+00  0.00e+00  0.00e+00  0.00e+00  0.00e+00  0.00e+00  0.00e+00  0.00e+00  0.00e+00  0.00e+00 -5.50e+08  0.00e+00  0.00e+00  0.00e+00  0.00e+00  0.00e+00  5.50e+08  0.00e+00  0.00e+00  0.00e+00  0.00e+00  0.00e+00
25   0.00e+00  0.00e+00  0.00e+00  0.00e+00  0.00e+00  0.00e+00  0.00e+00  0.00e+00  0.00e+00  0.00e+00  0.00e+00  0.00e+00  0.00e+00  0.00e+00  0.00e+00  0.00e+00  0.00e+00  0.00e+00  0.00e+00 -4.21e+07  0.00e+00  0.00e+00  0.00e+00 -1.05e+07  0.00e+00  4.21e+07  0.00e+00  0.00e+00  0.00e+00 -1.05e+07
26   0.00e+00  0.00e+00  0.00e+00  0.00e+00  0.00e+00  0.00e+00  0.00e+00  0.00e+00  0.00e+00  0.00e+00  0.00e+00  0.00e+00  0.00e+00  0.00e+00  0.00e+00  0.00e+00  0.00e+00  0.00e+00  0.00e+00  0.00e+00 -6.52e+06  0.00e+00  1.63e+06  0.00e+00  0.00e+00  0.00e+00  6.52e+06  0.00e+00  1.63e+06  0.00e+00
27   0.00e+00  0.00e+00  0.00e+00  0.00e+00  0.00e+00  0.00e+00  0.00e+00  0.00e+00  0.00e+00  0.00e+00  0.00e+00  0.00e+00  0.00e+00  0.00e+00  0.00e+00  0.00e+00  0.00e+00  0.00e+00  0.00e+00  0.00e+00  0.00e+00 -4.22e+03  0.00e+00  0.00e+00  0.00e+00  0.00e+00  0.00e+00  4.22e+03  0.00e+00  0.00e+00
28   0.00e+00  0.00e+00  0.00e+00  0.00e+00  0.00e+00  0.00e+00  0.00e+00  0.00e+00  0.00e+00  0.00e+00  0.00e+00  0.00e+00  0.00e+00  0.00e+00  0.00e+00  0.00e+00  0.00e+00  0.00e+00  0.00e+00  0.00e+00 -1.63e+06  0.00e+00  2.72e+05  0.00e+00  0.00e+00  0.00e+00  1.63e+06  0.00e+00  5.43e+05  0.00e+00
29   0.00e+00  0.00e+00  0.00e+00  0.00e+00  0.00e+00  0.00e+00  0.00e+00  0.00e+00  0.00e+00  0.00e+00  0.00e+00  0.00e+00  0.00e+00  0.00e+00  0.00e+00  0.00e+00  0.00e+00  0.00e+00  0.00e+00  1.05e+07  0.00e+00  0.00e+00  0.00e+00  1.75e+06  0.00e+00 -1.05e+07  0.00e+00  0.00e+00  0.00e+00  3.51e+06 (Module: assembly, Line: 379)
2026-02-26 16:17:26,980 [INFO] 📊 Performance Metrics:
  Assembly Time: 0.01s
  Elements Processed: 4
  Matrix Density: 1.44e-01
  Memory Usage: 0.00MB
  Processing Rate: 638.8 elements/s (Module: assembly, Line: 360)
2026-02-26 16:17:26,981 [INFO] ✅ Assembly complete. (Module: assembly, Line: 127)
