Machine Specifications:
   - OS: Windows 11 (10.0.26100)
       • Logical cores: 20
       • Physical cores: 12
   - RAM: 31.24 GB
   - Disk: 943.72 GB total, 2.58 GB free
   - Python Version: 3.12.5 (C:\Users\s1834431\AppData\Local\Programs\Python\Python312\python.exe)
   - GPU(s): Intel(R) UHD Graphics 770

Job: job_0003_n4
Timestamp (job start): 2026-02-26_16-17-30-789668
Total Time: 6.36 sec

+-------------------------------+------------+---------------+-------------+-----------+
| Step                          |   Time (s) |   Memory (MB) |   Disk (GB) |   CPU (%) |
+===============================+============+===============+=============+===========+
| Parsing                       | 0.00401068 |       132.707 |     941.136 |       0   |
+-------------------------------+------------+---------------+-------------+-----------+
| Element Instantiation         | 0.0093441  |       132.707 |     941.136 |       0   |
+-------------------------------+------------+---------------+-------------+-----------+
| Element Stiffness Computation | 0.00405407 |       132.719 |     941.136 |       0   |
+-------------------------------+------------+---------------+-------------+-----------+
| Element Force Computation     | 0.00768805 |       132.719 |     941.137 |       0   |
+-------------------------------+------------+---------------+-------------+-----------+
| Full Simulation               | 5.715      |       132.801 |     941.143 |      14.2 |
+-------------------------------+------------+---------------+-------------+-----------+

Parallel Jobs: None
Start Memory: 132.71 MB | End Memory: 132.80 MB
Start Disk Usage: 941.14 GB | End Disk Usage: 941.14 GB
Start CPU: 0.00% | End CPU: 0.00%
