2026-02-26 16:19:34,166 [DEBUG] 📁 Log file created at: c:\Users\s1834431\Programs\fem_model\post_processing\results\job_0010_n8_2026-02-26_16-19-30-575092_pid18316_9263a81c\logs\CondenseModifiedSystem.log (Module: condensation, Line: 68)
2026-02-26 16:19:34,167 [DEBUG] Adaptive tolerance: 1.00e+24 (Module: condensation, Line: 122)
2026-02-26 16:19:34,167 [DEBUG] System Validation Summary:
  - Fixed DOFs Valid: 6/54
  - Matrix Shape: (54, 54)
  - Adaptive Tolerance: 1.00e+24 (Module: condensation, Line: 78)
2026-02-26 16:19:34,167 [DEBUG] Active DOFs: [6, 7, 8, 9, 10, 11, 12, 13, 14, 15...] (Module: condensation, Line: 159)
2026-02-26 16:19:34,168 [DEBUG] Intermediate system created | Shape: (48, 48) (Module: condensation, Line: 165)
2026-02-26 16:19:34,168 [DEBUG] 🔧 Building condensed system from intermediate matrix (Module: condensation, Line: 185)
2026-02-26 16:19:34,168 [DEBUG] 📐 Condensed system built: K_cond shape = (48, 48), F_cond length = 48 (Module: condensation, Line: 199)
2026-02-26 16:19:34,168 [DEBUG] Bi-directional mapping validated (Module: condensation, Line: 236)
2026-02-26 16:19:34,170 [DEBUG] 
======================================== SYSTEM DETAILS ======================================== (Module: condensation, Line: 328)
2026-02-26 16:19:34,170 [DEBUG] 📊 Statistics:
Total DOFs: 54
Fixed DOFs: 6 (11.1%)
Active DOFs: 48 (88.9%)
Condensed DOFs: 48 (88.9%)
Inactive DOFs: 0 (0.0%) (Module: condensation, Line: 339)
2026-02-26 16:19:34,170 [DEBUG] 🗺️ Mapping Samples:
Condensed → Original: 0 → 6
1 → 7
2 → 8
3 → 9
4 → 10
... → ...
43 → 49
44 → 50
45 → 51
46 → 52
47 → 53
Original → Condensed: 6 → 0
7 → 1
8 → 2
9 → 3
10 → 4
... → ...
49 → 43
50 → 44
51 → 45
52 → 46
53 → 47 (Module: condensation, Line: 342)
2026-02-26 16:19:34,177 [DEBUG] 🔍 Condensed Stiffness Matrix:
            C0 (O6)   C1 (O7)   C2 (O8)   C3 (O9)  C4 (O10)  C5 (O11)  C6 (O12)  C7 (O13)  C8 (O14)  C9 (O15)  C10 (O16)  C11 (O17)  C12 (O18)  C13 (O19)  C14 (O20)  C15 (O21)  C16 (O22)  C17 (O23)  C18 (O24)  C19 (O25)  C20 (O26)  C21 (O27)  C22 (O28)  C23 (O29)  C24 (O30)  C25 (O31)  C26 (O32)  C27 (O33)  C28 (O34)  C29 (O35)  C30 (O36)  C31 (O37)  C32 (O38)  C33 (O39)  C34 (O40)  C35 (O41)  C36 (O42)  C37 (O43)  C38 (O44)  C39 (O45)  C40 (O46)  C41 (O47)  C42 (O48)  C43 (O49)  C44 (O50)  C45 (O51)  C46 (O52)  C47 (O53)
C0 (O6)    2.20e+09  0.00e+00  0.00e+00  0.00e+00  0.00e+00  0.00e+00 -1.10e+09  0.00e+00  0.00e+00  0.00e+00   0.00e+00   0.00e+00   0.00e+00   0.00e+00   0.00e+00   0.00e+00   0.00e+00   0.00e+00   0.00e+00   0.00e+00   0.00e+00   0.00e+00   0.00e+00   0.00e+00   0.00e+00   0.00e+00   0.00e+00   0.00e+00   0.00e+00   0.00e+00   0.00e+00   0.00e+00   0.00e+00   0.00e+00   0.00e+00   0.00e+00   0.00e+00   0.00e+00   0.00e+00   0.00e+00   0.00e+00   0.00e+00   0.00e+00   0.00e+00   0.00e+00   0.00e+00   0.00e+00   0.00e+00
C1 (O7)    0.00e+00  7.07e+08  0.00e+00  0.00e+00  0.00e+00  0.00e+00  0.00e+00 -3.54e+08  0.00e+00  0.00e+00   0.00e+00   4.42e+07   0.00e+00   0.00e+00   0.00e+00   0.00e+00   0.00e+00   0.00e+00   0.00e+00   0.00e+00   0.00e+00   0.00e+00   0.00e+00   0.00e+00   0.00e+00   0.00e+00   0.00e+00   0.00e+00   0.00e+00   0.00e+00   0.00e+00   0.00e+00   0.00e+00   0.00e+00   0.00e+00   0.00e+00   0.00e+00   0.00e+00   0.00e+00   0.00e+00   0.00e+00   0.00e+00   0.00e+00   0.00e+00   0.00e+00   0.00e+00   0.00e+00   0.00e+00
C2 (O8)    0.00e+00  0.00e+00  7.07e+08  0.00e+00  0.00e+00  0.00e+00  0.00e+00  0.00e+00 -3.54e+08  0.00e+00  -4.42e+07   0.00e+00   0.00e+00   0.00e+00   0.00e+00   0.00e+00   0.00e+00   0.00e+00   0.00e+00   0.00e+00   0.00e+00   0.00e+00   0.00e+00   0.00e+00   0.00e+00   0.00e+00   0.00e+00   0.00e+00   0.00e+00   0.00e+00   0.00e+00   0.00e+00   0.00e+00   0.00e+00   0.00e+00   0.00e+00   0.00e+00   0.00e+00   0.00e+00   0.00e+00   0.00e+00   0.00e+00   0.00e+00   0.00e+00   0.00e+00   0.00e+00   0.00e+00   0.00e+00
C3 (O9)    0.00e+00  0.00e+00  0.00e+00  1.69e+04  0.00e+00  0.00e+00  0.00e+00  0.00e+00  0.00e+00 -8.45e+03   0.00e+00   0.00e+00   0.00e+00   0.00e+00   0.00e+00   0.00e+00   0.00e+00   0.00e+00   0.00e+00   0.00e+00   0.00e+00   0.00e+00   0.00e+00   0.00e+00   0.00e+00   0.00e+00   0.00e+00   0.00e+00   0.00e+00   0.00e+00   0.00e+00   0.00e+00   0.00e+00   0.00e+00   0.00e+00   0.00e+00   0.00e+00   0.00e+00   0.00e+00   0.00e+00   0.00e+00   0.00e+00   0.00e+00   0.00e+00   0.00e+00   0.00e+00   0.00e+00   0.00e+00
C4 (O10)   0.00e+00  0.00e+00  0.00e+00  0.00e+00  1.16e+07  0.00e+00  0.00e+00  0.00e+00  4.42e+07  0.00e+00   5.25e+06   0.00e+00   0.00e+00   0.00e+00   0.00e+00   0.00e+00   0.00e+00   0.00e+00   0.00e+00   0.00e+00   0.00e+00   0.00e+00   0.00e+00   0.00e+00   0.00e+00   0.00e+00   0.00e+00   0.00e+00   0.00e+00   0.00e+00   0.00e+00   0.00e+00   0.00e+00   0.00e+00   0.00e+00   0.00e+00   0.00e+00   0.00e+00   0.00e+00   0.00e+00   0.00e+00   0.00e+00   0.00e+00   0.00e+00   0.00e+00   0.00e+00   0.00e+00   0.00e+00
C5 (O11)   0.00e+00  0.00e+00  0.00e+00  0.00e+00  0.00e+00  1.46e+07  0.00e+00 -4.42e+07  0.00e+00  0.00e+00   0.00e+00   3.77e+06   0.00e+00   0.00e+00   0.00e+00   0.00e+00   0.00e+00   0.00e+00   0.00e+00   0.00e+00   0.00e+00   0.00e+00   0.00e+00   0.00e+00   0.00e+00   0.00e+00   0.00e+00   0.00e+00   0.00e+00   0.00e+00   0.00e+00   0.00e+00   0.00e+00   0.00e+00   0.00e+00   0.00e+00   0.00e+00   0.00e+00   0.00e+00   0.00e+00   0.00e+00   0.00e+00   0.00e+00   0.00e+00   0.00e+00   0.00e+00   0.00e+00   0.00e+00
C6 (O12)  -1.10e+09  0.00e+00  0.00e+00  0.00e+00  0.00e+00  0.00e+00  2.20e+09  0.00e+00  0.00e+00  0.00e+00   0.00e+00   0.00e+00  -1.10e+09   0.00e+00   0.00e+00   0.00e+00   0.00e+00   0.00e+00   0.00e+00   0.00e+00   0.00e+00   0.00e+00   0.00e+00   0.00e+00   0.00e+00   0.00e+00   0.00e+00   0.00e+00   0.00e+00   0.00e+00   0.00e+00   0.00e+00   0.00e+00   0.00e+00   0.00e+00   0.00e+00   0.00e+00   0.00e+00   0.00e+00   0.00e+00   0.00e+00   0.00e+00   0.00e+00   0.00e+00   0.00e+00   0.00e+00   0.00e+00   0.00e+00
C7 (O13)   0.00e+00 -3.54e+08  0.00e+00  0.00e+00  0.00e+00 -4.42e+07  0.00e+00  7.07e+08  0.00e+00  0.00e+00   0.00e+00   0.00e+00   0.00e+00  -3.54e+08   0.00e+00   0.00e+00   0.00e+00   4.42e+07   0.00e+00   0.00e+00   0.00e+00   0.00e+00   0.00e+00   0.00e+00   0.00e+00   0.00e+00   0.00e+00   0.00e+00   0.00e+00   0.00e+00   0.00e+00   0.00e+00   0.00e+00   0.00e+00   0.00e+00   0.00e+00   0.00e+00   0.00e+00   0.00e+00   0.00e+00   0.00e+00   0.00e+00   0.00e+00   0.00e+00   0.00e+00   0.00e+00   0.00e+00   0.00e+00
C8 (O14)   0.00e+00  0.00e+00 -3.54e+08  0.00e+00  4.42e+07  0.00e+00  0.00e+00  0.00e+00  7.07e+08  0.00e+00   0.00e+00   0.00e+00   0.00e+00   0.00e+00  -3.54e+08   0.00e+00  -4.42e+07   0.00e+00   0.00e+00   0.00e+00   0.00e+00   0.00e+00   0.00e+00   0.00e+00   0.00e+00   0.00e+00   0.00e+00   0.00e+00   0.00e+00   0.00e+00   0.00e+00   0.00e+00   0.00e+00   0.00e+00   0.00e+00   0.00e+00   0.00e+00   0.00e+00   0.00e+00   0.00e+00   0.00e+00   0.00e+00   0.00e+00   0.00e+00   0.00e+00   0.00e+00   0.00e+00   0.00e+00
C9 (O15)   0.00e+00  0.00e+00  0.00e+00 -8.45e+03  0.00e+00  0.00e+00  0.00e+00  0.00e+00  0.00e+00  1.69e+04   0.00e+00   0.00e+00   0.00e+00   0.00e+00   0.00e+00  -8.45e+03   0.00e+00   0.00e+00   0.00e+00   0.00e+00   0.00e+00   0.00e+00   0.00e+00   0.00e+00   0.00e+00   0.00e+00   0.00e+00   0.00e+00   0.00e+00   0.00e+00   0.00e+00   0.00e+00   0.00e+00   0.00e+00   0.00e+00   0.00e+00   0.00e+00   0.00e+00   0.00e+00   0.00e+00   0.00e+00   0.00e+00   0.00e+00   0.00e+00   0.00e+00   0.00e+00   0.00e+00   0.00e+00
C10 (O16)  0.00e+00  0.00e+00 -4.42e+07  0.00e+00  5.25e+06  0.00e+00  0.00e+00  0.00e+00  0.00e+00  0.00e+00   1.16e+07   0.00e+00   0.00e+00   0.00e+00   4.42e+07   0.00e+00   5.25e+06   0.00e+00   0.00e+00   0.00e+00   0.00e+00   0.00e+00   0.00e+00   0.00e+00   0.00e+00   0.00e+00   0.00e+00   0.00e+00   0.00e+00   0.00e+00   0.00e+00   0.00e+00   0.00e+00   0.00e+00   0.00e+00   0.00e+00   0.00e+00   0.00e+00   0.00e+00   0.00e+00   0.00e+00   0.00e+00   0.00e+00   0.00e+00   0.00e+00   0.00e+00   0.00e+00   0.00e+00
C11 (O17)  0.00e+00  4.42e+07  0.00e+00  0.00e+00  0.00e+00  3.77e+06  0.00e+00  0.00e+00  0.00e+00  0.00e+00   0.00e+00   1.46e+07   0.00e+00  -4.42e+07   0.00e+00   0.00e+00   0.00e+00   3.77e+06   0.00e+00   0.00e+00   0.00e+00   0.00e+00   0.00e+00   0.00e+00   0.00e+00   0.00e+00   0.00e+00   0.00e+00   0.00e+00   0.00e+00   0.00e+00   0.00e+00   0.00e+00   0.00e+00   0.00e+00   0.00e+00   0.00e+00   0.00e+00   0.00e+00   0.00e+00   0.00e+00   0.00e+00   0.00e+00   0.00e+00   0.00e+00   0.00e+00   0.00e+00   0.00e+00
C12 (O18)  0.00e+00  0.00e+00  0.00e+00  0.00e+00  0.00e+00  0.00e+00 -1.10e+09  0.00e+00  0.00e+00  0.00e+00   0.00e+00   0.00e+00   2.20e+09   0.00e+00   0.00e+00   0.00e+00   0.00e+00   0.00e+00  -1.10e+09   0.00e+00   0.00e+00   0.00e+00   0.00e+00   0.00e+00   0.00e+00   0.00e+00   0.00e+00   0.00e+00   0.00e+00   0.00e+00   0.00e+00   0.00e+00   0.00e+00   0.00e+00   0.00e+00   0.00e+00   0.00e+00   0.00e+00   0.00e+00   0.00e+00   0.00e+00   0.00e+00   0.00e+00   0.00e+00   0.00e+00   0.00e+00   0.00e+00   0.00e+00
C13 (O19)  0.00e+00  0.00e+00  0.00e+00  0.00e+00  0.00e+00  0.00e+00  0.00e+00 -3.54e+08  0.00e+00  0.00e+00   0.00e+00  -4.42e+07   0.00e+00   7.07e+08   0.00e+00   0.00e+00   0.00e+00   0.00e+00   0.00e+00  -3.54e+08   0.00e+00   0.00e+00   0.00e+00   4.42e+07   0.00e+00   0.00e+00   0.00e+00   0.00e+00   0.00e+00   0.00e+00   0.00e+00   0.00e+00   0.00e+00   0.00e+00   0.00e+00   0.00e+00   0.00e+00   0.00e+00   0.00e+00   0.00e+00   0.00e+00   0.00e+00   0.00e+00   0.00e+00   0.00e+00   0.00e+00   0.00e+00   0.00e+00
C14 (O20)  0.00e+00  0.00e+00  0.00e+00  0.00e+00  0.00e+00  0.00e+00  0.00e+00  0.00e+00 -3.54e+08  0.00e+00   4.42e+07   0.00e+00   0.00e+00   0.00e+00   7.07e+08   0.00e+00   0.00e+00   0.00e+00   0.00e+00   0.00e+00  -3.54e+08   0.00e+00  -4.42e+07   0.00e+00   0.00e+00   0.00e+00   0.00e+00   0.00e+00   0.00e+00   0.00e+00   0.00e+00   0.00e+00   0.00e+00   0.00e+00   0.00e+00   0.00e+00   0.00e+00   0.00e+00   0.00e+00   0.00e+00   0.00e+00   0.00e+00   0.00e+00   0.00e+00   0.00e+00   0.00e+00   0.00e+00   0.00e+00
C15 (O21)  0.00e+00  0.00e+00  0.00e+00  0.00e+00  0.00e+00  0.00e+00  0.00e+00  0.00e+00  0.00e+00 -8.45e+03   0.00e+00   0.00e+00   0.00e+00   0.00e+00   0.00e+00   1.69e+04   0.00e+00   0.00e+00   0.00e+00   0.00e+00   0.00e+00  -8.45e+03   0.00e+00   0.00e+00   0.00e+00   0.00e+00   0.00e+00   0.00e+00   0.00e+00   0.00e+00   0.00e+00   0.00e+00   0.00e+00   0.00e+00   0.00e+00   0.00e+00   0.00e+00   0.00e+00   0.00e+00   0.00e+00   0.00e+00   0.00e+00   0.00e+00   0.00e+00   0.00e+00   0.00e+00   0.00e+00   0.00e+00
C16 (O22)  0.00e+00  0.00e+00  0.00e+00  0.00e+00  0.00e+00  0.00e+00  0.00e+00  0.00e+00 -4.42e+07  0.00e+00   5.25e+06   0.00e+00   0.00e+00   0.00e+00   0.00e+00   0.00e+00   1.16e+07   0.00e+00   0.00e+00   0.00e+00   4.42e+07   0.00e+00   5.25e+06   0.00e+00   0.00e+00   0.00e+00   0.00e+00   0.00e+00   0.00e+00   0.00e+00   0.00e+00   0.00e+00   0.00e+00   0.00e+00   0.00e+00   0.00e+00   0.00e+00   0.00e+00   0.00e+00   0.00e+00   0.00e+00   0.00e+00   0.00e+00   0.00e+00   0.00e+00   0.00e+00   0.00e+00   0.00e+00
C17 (O23)  0.00e+00  0.00e+00  0.00e+00  0.00e+00  0.00e+00  0.00e+00  0.00e+00  4.42e+07  0.00e+00  0.00e+00   0.00e+00   3.77e+06   0.00e+00   0.00e+00   0.00e+00   0.00e+00   0.00e+00   1.46e+07   0.00e+00  -4.42e+07   0.00e+00   0.00e+00   0.00e+00   3.77e+06   0.00e+00   0.00e+00   0.00e+00   0.00e+00   0.00e+00   0.00e+00   0.00e+00   0.00e+00   0.00e+00   0.00e+00   0.00e+00   0.00e+00   0.00e+00   0.00e+00   0.00e+00   0.00e+00   0.00e+00   0.00e+00   0.00e+00   0.00e+00   0.00e+00   0.00e+00   0.00e+00   0.00e+00
C18 (O24)  0.00e+00  0.00e+00  0.00e+00  0.00e+00  0.00e+00  0.00e+00  0.00e+00  0.00e+00  0.00e+00  0.00e+00   0.00e+00   0.00e+00  -1.10e+09   0.00e+00   0.00e+00   0.00e+00   0.00e+00   0.00e+00   2.20e+09   0.00e+00   0.00e+00   0.00e+00   0.00e+00   0.00e+00  -1.10e+09   0.00e+00   0.00e+00   0.00e+00   0.00e+00   0.00e+00   0.00e+00   0.00e+00   0.00e+00   0.00e+00   0.00e+00   0.00e+00   0.00e+00   0.00e+00   0.00e+00   0.00e+00   0.00e+00   0.00e+00   0.00e+00   0.00e+00   0.00e+00   0.00e+00   0.00e+00   0.00e+00
C19 (O25)  0.00e+00  0.00e+00  0.00e+00  0.00e+00  0.00e+00  0.00e+00  0.00e+00  0.00e+00  0.00e+00  0.00e+00   0.00e+00   0.00e+00   0.00e+00  -3.54e+08   0.00e+00   0.00e+00   0.00e+00  -4.42e+07   0.00e+00   7.07e+08   0.00e+00   0.00e+00   0.00e+00   0.00e+00   0.00e+00  -3.54e+08   0.00e+00   0.00e+00   0.00e+00   4.42e+07   0.00e+00   0.00e+00   0.00e+00   0.00e+00   0.00e+00   0.00e+00   0.00e+00   0.00e+00   0.00e+00   0.00e+00   0.00e+00   0.00e+00   0.00e+00   0.00e+00   0.00e+00   0.00e+00   0.00e+00   0.00e+00
C20 (O26)  0.00e+00  0.00e+00  0.00e+00  0.00e+00  0.00e+00  0.00e+00  0.00e+00  0.00e+00  0.00e+00  0.00e+00   0.00e+00   0.00e+00   0.00e+00   0.00e+00  -3.54e+08   0.00e+00   4.42e+07   0.00e+00   0.00e+00   0.00e+00   7.07e+08   0.00e+00   0.00e+00   0.00e+00   0.00e+00   0.00e+00  -3.54e+08   0.00e+00  -4.42e+07   0.00e+00   0.00e+00   0.00e+00   0.00e+00   0.00e+00   0.00e+00   0.00e+00   0.00e+00   0.00e+00   0.00e+00   0.00e+00   0.00e+00   0.00e+00   0.00e+00   0.00e+00   0.00e+00   0.00e+00   0.00e+00   0.00e+00
C21 (O27)  0.00e+00  0.00e+00  0.00e+00  0.00e+00  0.00e+00  0.00e+00  0.00e+00  0.00e+00  0.00e+00  0.00e+00   0.00e+00   0.00e+00   0.00e+00   0.00e+00   0.00e+00  -8.45e+03   0.00e+00   0.00e+00   0.00e+00   0.00e+00   0.00e+00   1.69e+04   0.00e+00   0.00e+00   0.00e+00   0.00e+00   0.00e+00  -8.45e+03   0.00e+00   0.00e+00   0.00e+00   0.00e+00   0.00e+00   0.00e+00   0.00e+00   0.00e+00   0.00e+00   0.00e+00   0.00e+00   0.00e+00   0.00e+00   0.00e+00   0.00e+00   0.00e+00   0.00e+00   0.00e+00   0.00e+00   0.00e+00
C22 (O28)  0.00e+00  0.00e+00  0.00e+00  0.00e+00  0.00e+00  0.00e+00  0.00e+00  0.00e+00  0.00e+00  0.00e+00   0.00e+00   0.00e+00   0.00e+00   0.00e+00  -4.42e+07   0.00e+00   5.25e+06   0.00e+00   0.00e+00   0.00e+00   0.00e+00   0.00e+00   1.16e+07   0.00e+00   0.00e+00   0.00e+00   4.42e+07   0.00e+00   5.25e+06   0.00e+00   0.00e+00   0.00e+00   0.00e+00   0.00e+00   0.00e+00   0.00e+00   0.00e+00   0.00e+00   0.00e+00   0.00e+00   0.00e+00   0.00e+00   0.00e+00   0.00e+00   0.00e+00   0.00e+00   0.00e+00   0.00e+00
C23 (O29)  0.00e+00  0.00e+00  0.00e+00  0.00e+00  0.00e+00  0.00e+00  0.00e+00  0.00e+00  0.00e+00  0.00e+00   0.00e+00   0.00e+00   0.00e+00   4.42e+07   0.00e+00   0.00e+00   0.00e+00   3.77e+06   0.00e+00   0.00e+00   0.00e+00   0.00e+00   0.00e+00   1.46e+07   0.00e+00  -4.42e+07   0.00e+00   0.00e+00   0.00e+00   3.77e+06   0.00e+00   0.00e+00   0.00e+00   0.00e+00   0.00e+00   0.00e+00   0.00e+00   0.00e+00   0.00e+00   0.00e+00   0.00e+00   0.00e+00   0.00e+00   0.00e+00   0.00e+00   0.00e+00   0.00e+00   0.00e+00
C24 (O30)  0.00e+00  0.00e+00  0.00e+00  0.00e+00  0.00e+00  0.00e+00  0.00e+00  0.00e+00  0.00e+00  0.00e+00   0.00e+00   0.00e+00   0.00e+00   0.00e+00   0.00e+00   0.00e+00   0.00e+00   0.00e+00  -1.10e+09   0.00e+00   0.00e+00   0.00e+00   0.00e+00   0.00e+00   2.20e+09   0.00e+00   0.00e+00   0.00e+00   0.00e+00   0.00e+00  -1.10e+09   0.00e+00   0.00e+00   0.00e+00   0.00e+00   0.00e+00   0.00e+00   0.00e+00   0.00e+00   0.00e+00   0.00e+00   0.00e+00   0.00e+00   0.00e+00   0.00e+00   0.00e+00   0.00e+00   0.00e+00
C25 (O31)  0.00e+00  0.00e+00  0.00e+00  0.00e+00  0.00e+00  0.00e+00  0.00e+00  0.00e+00  0.00e+00  0.00e+00   0.00e+00   0.00e+00   0.00e+00   0.00e+00   0.00e+00   0.00e+00   0.00e+00   0.00e+00   0.00e+00  -3.54e+08   0.00e+00   0.00e+00   0.00e+00  -4.42e+07   0.00e+00   7.07e+08   0.00e+00   0.00e+00   0.00e+00   0.00e+00   0.00e+00  -3.54e+08   0.00e+00   0.00e+00   0.00e+00   4.42e+07   0.00e+00   0.00e+00   0.00e+00   0.00e+00   0.00e+00   0.00e+00   0.00e+00   0.00e+00   0.00e+00   0.00e+00   0.00e+00   0.00e+00
C26 (O32)  0.00e+00  0.00e+00  0.00e+00  0.00e+00  0.00e+00  0.00e+00  0.00e+00  0.00e+00  0.00e+00  0.00e+00   0.00e+00   0.00e+00   0.00e+00   0.00e+00   0.00e+00   0.00e+00   0.00e+00   0.00e+00   0.00e+00   0.00e+00  -3.54e+08   0.00e+00   4.42e+07   0.00e+00   0.00e+00   0.00e+00   7.07e+08   0.00e+00   0.00e+00   0.00e+00   0.00e+00   0.00e+00  -3.54e+08   0.00e+00  -4.42e+07   0.00e+00   0.00e+00   0.00e+00   0.00e+00   0.00e+00   0.00e+00   0.00e+00   0.00e+00   0.00e+00   0.00e+00   0.00e+00   0.00e+00   0.00e+00
C27 (O33)  0.00e+00  0.00e+00  0.00e+00  0.00e+00  0.00e+00  0.00e+00  0.00e+00  0.00e+00  0.00e+00  0.00e+00   0.00e+00   0.00e+00   0.00e+00   0.00e+00   0.00e+00   0.00e+00   0.00e+00   0.00e+00   0.00e+00   0.00e+00   0.00e+00  -8.45e+03   0.00e+00   0.00e+00   0.00e+00   0.00e+00   0.00e+00   1.69e+04   0.00e+00   0.00e+00   0.00e+00   0.00e+00   0.00e+00  -8.45e+03   0.00e+00   0.00e+00   0.00e+00   0.00e+00   0.00e+00   0.00e+00   0.00e+00   0.00e+00   0.00e+00   0.00e+00   0.00e+00   0.00e+00   0.00e+00   0.00e+00
C28 (O34)  0.00e+00  0.00e+00  0.00e+00  0.00e+00  0.00e+00  0.00e+00  0.00e+00  0.00e+00  0.00e+00  0.00e+00   0.00e+00   0.00e+00   0.00e+00   0.00e+00   0.00e+00   0.00e+00   0.00e+00   0.00e+00   0.00e+00   0.00e+00  -4.42e+07   0.00e+00   5.25e+06   0.00e+00   0.00e+00   0.00e+00   0.00e+00   0.00e+00   1.16e+07   0.00e+00   0.00e+00   0.00e+00   4.42e+07   0.00e+00   5.25e+06   0.00e+00   0.00e+00   0.00e+00   0.00e+00   0.00e+00   0.00e+00   0.00e+00   0.00e+00   0.00e+00   0.00e+00   0.00e+00   0.00e+00   0.00e+00
C29 (O35)  0.00e+00  0.00e+00  0.00e+00  0.00e+00  0.00e+00  0.00e+00  0.00e+00  0.00e+00  0.00e+00  0.00e+00   0.00e+00   0.00e+00   0.00e+00   0.00e+00   0.00e+00   0.00e+00   0.00e+00   0.00e+00   0.00e+00   4.42e+07   0.00e+00   0.00e+00   0.00e+00   3.77e+06   0.00e+00   0.00e+00   0.00e+00   0.00e+00   0.00e+00   1.46e+07   0.00e+00  -4.42e+07   0.00e+00   0.00e+00   0.00e+00   3.77e+06   0.00e+00   0.00e+00   0.00e+00   0.00e+00   0.00e+00   0.00e+00   0.00e+00   0.00e+00   0.00e+00   0.00e+00   0.00e+00   0.00e+00
C30 (O36)  0.00e+00  0.00e+00  0.00e+00  0.00e+00  0.00e+00  0.00e+00  0.00e+00  0.00e+00  0.00e+00  0.00e+00   0.00e+00   0.00e+00   0.00e+00   0.00e+00   0.00e+00   0.00e+00   0.00e+00   0.00e+00   0.00e+00   0.00e+00   0.00e+00   0.00e+00   0.00e+00   0.00e+00  -1.10e+09   0.00e+00   0.00e+00   0.00e+00   0.00e+00   0.00e+00   2.20e+09   0.00e+00   0.00e+00   0.00e+00   0.00e+00   0.00e+00  -1.10e+09   0.00e+00   0.00e+00   0.00e+00   0.00e+00   0.00e+00   0.00e+00   0.00e+00   0.00e+00   0.00e+00   0.00e+00   0.00e+00
C31 (O37)  0.00e+00  0.00e+00  0.00e+00  0.00e+00  0.00e+00  0.00e+00  0.00e+00  0.00e+00  0.00e+00  0.00e+00   0.00e+00   0.00e+00   0.00e+00   0.00e+00   0.00e+00   0.00e+00   0.00e+00   0.00e+00   0.00e+00   0.00e+00   0.00e+00   0.00e+00   0.00e+00   0.00e+00   0.00e+00  -3.54e+08   0.00e+00   0.00e+00   0.00e+00  -4.42e+07   0.00e+00   7.07e+08   0.00e+00   0.00e+00   0.00e+00   0.00e+00   0.00e+00  -3.54e+08   0.00e+00   0.00e+00   0.00e+00   4.42e+07   0.00e+00   0.00e+00   0.00e+00   0.00e+00   0.00e+00   0.00e+00
C32 (O38)  0.00e+00  0.00e+00  0.00e+00  0.00e+00  0.00e+00  0.00e+00  0.00e+00  0.00e+00  0.00e+00  0.00e+00   0.00e+00   0.00e+00   0.00e+00   0.00e+00   0.00e+00   0.00e+00   0.00e+00   0.00e+00   0.00e+00   0.00e+00   0.00e+00   0.00e+00   0.00e+00   0.00e+00   0.00e+00   0.00e+00  -3.54e+08   0.00e+00   4.42e+07   0.00e+00   0.00e+00   0.00e+00   7.07e+08   0.00e+00   0.00e+00   0.00e+00   0.00e+00   0.00e+00  -3.54e+08   0.00e+00  -4.42e+07   0.00e+00   0.00e+00   0.00e+00   0.00e+00   0.00e+00   0.00e+00   0.00e+00
C33 (O39)  0.00e+00  0.00e+00  0.00e+00  0.00e+00  0.00e+00  0.00e+00  0.00e+00  0.00e+00  0.00e+00  0.00e+00   0.00e+00   0.00e+00   0.00e+00   0.00e+00   0.00e+00   0.00e+00   0.00e+00   0.00e+00   0.00e+00   0.00e+00   0.00e+00   0.00e+00   0.00e+00   0.00e+00   0.00e+00   0.00e+00   0.00e+00  -8.45e+03   0.00e+00   0.00e+00   0.00e+00   0.00e+00   0.00e+00   1.69e+04   0.00e+00   0.00e+00   0.00e+00   0.00e+00   0.00e+00  -8.45e+03   0.00e+00   0.00e+00   0.00e+00   0.00e+00   0.00e+00   0.00e+00   0.00e+00   0.00e+00
C34 (O40)  0.00e+00  0.00e+00  0.00e+00  0.00e+00  0.00e+00  0.00e+00  0.00e+00  0.00e+00  0.00e+00  0.00e+00   0.00e+00   0.00e+00   0.00e+00   0.00e+00   0.00e+00   0.00e+00   0.00e+00   0.00e+00   0.00e+00   0.00e+00   0.00e+00   0.00e+00   0.00e+00   0.00e+00   0.00e+00   0.00e+00  -4.42e+07   0.00e+00   5.25e+06   0.00e+00   0.00e+00   0.00e+00   0.00e+00   0.00e+00   1.16e+07   0.00e+00   0.00e+00   0.00e+00   4.42e+07   0.00e+00   5.25e+06   0.00e+00   0.00e+00   0.00e+00   0.00e+00   0.00e+00   0.00e+00   0.00e+00
C35 (O41)  0.00e+00  0.00e+00  0.00e+00  0.00e+00  0.00e+00  0.00e+00  0.00e+00  0.00e+00  0.00e+00  0.00e+00   0.00e+00   0.00e+00   0.00e+00   0.00e+00   0.00e+00   0.00e+00   0.00e+00   0.00e+00   0.00e+00   0.00e+00   0.00e+00   0.00e+00   0.00e+00   0.00e+00   0.00e+00   4.42e+07   0.00e+00   0.00e+00   0.00e+00   3.77e+06   0.00e+00   0.00e+00   0.00e+00   0.00e+00   0.00e+00   1.46e+07   0.00e+00  -4.42e+07   0.00e+00   0.00e+00   0.00e+00   3.77e+06   0.00e+00   0.00e+00   0.00e+00   0.00e+00   0.00e+00   0.00e+00
C36 (O42)  0.00e+00  0.00e+00  0.00e+00  0.00e+00  0.00e+00  0.00e+00  0.00e+00  0.00e+00  0.00e+00  0.00e+00   0.00e+00   0.00e+00   0.00e+00   0.00e+00   0.00e+00   0.00e+00   0.00e+00   0.00e+00   0.00e+00   0.00e+00   0.00e+00   0.00e+00   0.00e+00   0.00e+00   0.00e+00   0.00e+00   0.00e+00   0.00e+00   0.00e+00   0.00e+00  -1.10e+09   0.00e+00   0.00e+00   0.00e+00   0.00e+00   0.00e+00   2.20e+09   0.00e+00   0.00e+00   0.00e+00   0.00e+00   0.00e+00  -1.10e+09   0.00e+00   0.00e+00   0.00e+00   0.00e+00   0.00e+00
C37 (O43)  0.00e+00  0.00e+00  0.00e+00  0.00e+00  0.00e+00  0.00e+00  0.00e+00  0.00e+00  0.00e+00  0.00e+00   0.00e+00   0.00e+00   0.00e+00   0.00e+00   0.00e+00   0.00e+00   0.00e+00   0.00e+00   0.00e+00   0.00e+00   0.00e+00   0.00e+00   0.00e+00   0.00e+00   0.00e+00   0.00e+00   0.00e+00   0.00e+00   0.00e+00   0.00e+00   0.00e+00  -3.54e+08   0.00e+00   0.00e+00   0.00e+00  -4.42e+07   0.00e+00   7.07e+08   0.00e+00   0.00e+00   0.00e+00   0.00e+00   0.00e+00  -3.54e+08   0.00e+00   0.00e+00   0.00e+00   4.42e+07
C38 (O44)  0.00e+00  0.00e+00  0.00e+00  0.00e+00  0.00e+00  0.00e+00  0.00e+00  0.00e+00  0.00e+00  0.00e+00   0.00e+00   0.00e+00   0.00e+00   0.00e+00   0.00e+00   0.00e+00   0.00e+00   0.00e+00   0.00e+00   0.00e+00   0.00e+00   0.00e+00   0.00e+00   0.00e+00   0.00e+00   0.00e+00   0.00e+00   0.00e+00   0.00e+00   0.00e+00   0.00e+00   0.00e+00  -3.54e+08   0.00e+00   4.42e+07   0.00e+00   0.00e+00   0.00e+00   7.07e+08   0.00e+00   0.00e+00   0.00e+00   0.00e+00   0.00e+00  -3.54e+08   0.00e+00  -4.42e+07   0.00e+00
C39 (O45)  0.00e+00  0.00e+00  0.00e+00  0.00e+00  0.00e+00  0.00e+00  0.00e+00  0.00e+00  0.00e+00  0.00e+00   0.00e+00   0.00e+00   0.00e+00   0.00e+00   0.00e+00   0.00e+00   0.00e+00   0.00e+00   0.00e+00   0.00e+00   0.00e+00   0.00e+00   0.00e+00   0.00e+00   0.00e+00   0.00e+00   0.00e+00   0.00e+00   0.00e+00   0.00e+00   0.00e+00   0.00e+00   0.00e+00  -8.45e+03   0.00e+00   0.00e+00   0.00e+00   0.00e+00   0.00e+00   1.69e+04   0.00e+00   0.00e+00   0.00e+00   0.00e+00   0.00e+00  -8.45e+03   0.00e+00   0.00e+00
C40 (O46)  0.00e+00  0.00e+00  0.00e+00  0.00e+00  0.00e+00  0.00e+00  0.00e+00  0.00e+00  0.00e+00  0.00e+00   0.00e+00   0.00e+00   0.00e+00   0.00e+00   0.00e+00   0.00e+00   0.00e+00   0.00e+00   0.00e+00   0.00e+00   0.00e+00   0.00e+00   0.00e+00   0.00e+00   0.00e+00   0.00e+00   0.00e+00   0.00e+00   0.00e+00   0.00e+00   0.00e+00   0.00e+00  -4.42e+07   0.00e+00   5.25e+06   0.00e+00   0.00e+00   0.00e+00   0.00e+00   0.00e+00   1.16e+07   0.00e+00   0.00e+00   0.00e+00   4.42e+07   0.00e+00   5.25e+06   0.00e+00
C41 (O47)  0.00e+00  0.00e+00  0.00e+00  0.00e+00  0.00e+00  0.00e+00  0.00e+00  0.00e+00  0.00e+00  0.00e+00   0.00e+00   0.00e+00   0.00e+00   0.00e+00   0.00e+00   0.00e+00   0.00e+00   0.00e+00   0.00e+00   0.00e+00   0.00e+00   0.00e+00   0.00e+00   0.00e+00   0.00e+00   0.00e+00   0.00e+00   0.00e+00   0.00e+00   0.00e+00   0.00e+00   4.42e+07   0.00e+00   0.00e+00   0.00e+00   3.77e+06   0.00e+00   0.00e+00   0.00e+00   0.00e+00   0.00e+00   1.46e+07   0.00e+00  -4.42e+07   0.00e+00   0.00e+00   0.00e+00   3.77e+06
C42 (O48)  0.00e+00  0.00e+00  0.00e+00  0.00e+00  0.00e+00  0.00e+00  0.00e+00  0.00e+00  0.00e+00  0.00e+00   0.00e+00   0.00e+00   0.00e+00   0.00e+00   0.00e+00   0.00e+00   0.00e+00   0.00e+00   0.00e+00   0.00e+00   0.00e+00   0.00e+00   0.00e+00   0.00e+00   0.00e+00   0.00e+00   0.00e+00   0.00e+00   0.00e+00   0.00e+00   0.00e+00   0.00e+00   0.00e+00   0.00e+00   0.00e+00   0.00e+00  -1.10e+09   0.00e+00   0.00e+00   0.00e+00   0.00e+00   0.00e+00   1.10e+09   0.00e+00   0.00e+00   0.00e+00   0.00e+00   0.00e+00
C43 (O49)  0.00e+00  0.00e+00  0.00e+00  0.00e+00  0.00e+00  0.00e+00  0.00e+00  0.00e+00  0.00e+00  0.00e+00   0.00e+00   0.00e+00   0.00e+00   0.00e+00   0.00e+00   0.00e+00   0.00e+00   0.00e+00   0.00e+00   0.00e+00   0.00e+00   0.00e+00   0.00e+00   0.00e+00   0.00e+00   0.00e+00   0.00e+00   0.00e+00   0.00e+00   0.00e+00   0.00e+00   0.00e+00   0.00e+00   0.00e+00   0.00e+00   0.00e+00   0.00e+00  -3.54e+08   0.00e+00   0.00e+00   0.00e+00  -4.42e+07   0.00e+00   3.54e+08   0.00e+00   0.00e+00   0.00e+00  -4.42e+07
C44 (O50)  0.00e+00  0.00e+00  0.00e+00  0.00e+00  0.00e+00  0.00e+00  0.00e+00  0.00e+00  0.00e+00  0.00e+00   0.00e+00   0.00e+00   0.00e+00   0.00e+00   0.00e+00   0.00e+00   0.00e+00   0.00e+00   0.00e+00   0.00e+00   0.00e+00   0.00e+00   0.00e+00   0.00e+00   0.00e+00   0.00e+00   0.00e+00   0.00e+00   0.00e+00   0.00e+00   0.00e+00   0.00e+00   0.00e+00   0.00e+00   0.00e+00   0.00e+00   0.00e+00   0.00e+00  -3.54e+08   0.00e+00   4.42e+07   0.00e+00   0.00e+00   0.00e+00   3.54e+08   0.00e+00   4.42e+07   0.00e+00
C45 (O51)  0.00e+00  0.00e+00  0.00e+00  0.00e+00  0.00e+00  0.00e+00  0.00e+00  0.00e+00  0.00e+00  0.00e+00   0.00e+00   0.00e+00   0.00e+00   0.00e+00   0.00e+00   0.00e+00   0.00e+00   0.00e+00   0.00e+00   0.00e+00   0.00e+00   0.00e+00   0.00e+00   0.00e+00   0.00e+00   0.00e+00   0.00e+00   0.00e+00   0.00e+00   0.00e+00   0.00e+00   0.00e+00   0.00e+00   0.00e+00   0.00e+00   0.00e+00   0.00e+00   0.00e+00   0.00e+00  -8.45e+03   0.00e+00   0.00e+00   0.00e+00   0.00e+00   0.00e+00   8.45e+03   0.00e+00   0.00e+00
C46 (O52)  0.00e+00  0.00e+00  0.00e+00  0.00e+00  0.00e+00  0.00e+00  0.00e+00  0.00e+00  0.00e+00  0.00e+00   0.00e+00   0.00e+00   0.00e+00   0.00e+00   0.00e+00   0.00e+00   0.00e+00   0.00e+00   0.00e+00   0.00e+00   0.00e+00   0.00e+00   0.00e+00   0.00e+00   0.00e+00   0.00e+00   0.00e+00   0.00e+00   0.00e+00   0.00e+00   0.00e+00   0.00e+00   0.00e+00   0.00e+00   0.00e+00   0.00e+00   0.00e+00   0.00e+00  -4.42e+07   0.00e+00   5.25e+06   0.00e+00   0.00e+00   0.00e+00   4.42e+07   0.00e+00   5.80e+06   0.00e+00
C47 (O53)  0.00e+00  0.00e+00  0.00e+00  0.00e+00  0.00e+00  0.00e+00  0.00e+00  0.00e+00  0.00e+00  0.00e+00   0.00e+00   0.00e+00   0.00e+00   0.00e+00   0.00e+00   0.00e+00   0.00e+00   0.00e+00   0.00e+00   0.00e+00   0.00e+00   0.00e+00   0.00e+00   0.00e+00   0.00e+00   0.00e+00   0.00e+00   0.00e+00   0.00e+00   0.00e+00   0.00e+00   0.00e+00   0.00e+00   0.00e+00   0.00e+00   0.00e+00   0.00e+00   4.42e+07   0.00e+00   0.00e+00   0.00e+00   3.77e+06   0.00e+00  -4.42e+07   0.00e+00   0.00e+00   0.00e+00   7.28e+06 (Module: condensation, Line: 367)
2026-02-26 16:19:34,177 [DEBUG] 🔍 Condensed Force Vector:
              Force
C0 (O6)    0.00e+00
C1 (O7)   -1.56e+01
C2 (O8)    0.00e+00
C3 (O9)    0.00e+00
C4 (O10)   0.00e+00
C5 (O11)   0.00e+00
C6 (O12)   0.00e+00
C7 (O13)  -3.13e+01
C8 (O14)   0.00e+00
C9 (O15)   0.00e+00
C10 (O16)  0.00e+00
C11 (O17)  0.00e+00
C12 (O18)  0.00e+00
C13 (O19) -4.69e+01
C14 (O20)  0.00e+00
C15 (O21)  0.00e+00
C16 (O22)  0.00e+00
C17 (O23)  0.00e+00
C18 (O24)  0.00e+00
C19 (O25) -6.25e+01
C20 (O26)  0.00e+00
C21 (O27)  0.00e+00
C22 (O28)  0.00e+00
C23 (O29)  0.00e+00
C24 (O30)  0.00e+00
C25 (O31) -7.81e+01
C26 (O32)  0.00e+00
C27 (O33)  0.00e+00
C28 (O34)  0.00e+00
C29 (O35)  0.00e+00
C30 (O36)  0.00e+00
C31 (O37) -9.38e+01
C32 (O38)  0.00e+00
C33 (O39)  0.00e+00
C34 (O40)  0.00e+00
C35 (O41)  0.00e+00
C36 (O42)  0.00e+00
C37 (O43) -1.09e+02
C38 (O44)  0.00e+00
C39 (O45)  0.00e+00
C40 (O46)  0.00e+00
C41 (O47)  0.00e+00
C42 (O48)  0.00e+00
C43 (O49) -5.99e+01
C44 (O50)  0.00e+00
C45 (O51)  0.00e+00
C46 (O52)  0.00e+00
C47 (O53)  0.00e+00 (Module: condensation, Line: 374)
