Machine Specifications:
   - OS: Windows 11 (10.0.26100)
       • Logical cores: 20
       • Physical cores: 12
   - RAM: 31.24 GB
   - Disk: 943.72 GB total, 2.47 GB free
   - Python Version: 3.12.5 (C:\Users\s1834431\AppData\Local\Programs\Python\Python312\python.exe)
   - GPU(s): Intel(R) UHD Graphics 770

Job: job_0010_n8
Timestamp (job start): 2026-02-26_16-19-37-276976
Total Time: 6.51 sec

+-------------------------------+------------+---------------+-------------+-----------+
| Step                          |   Time (s) |   Memory (MB) |   Disk (GB) |   CPU (%) |
+===============================+============+===============+=============+===========+
| Parsing                       | 0.00839806 |       136.352 |     941.238 |         0 |
+-------------------------------+------------+---------------+-------------+-----------+
| Element Instantiation         | 0.0105526  |       136.352 |     941.239 |         0 |
+-------------------------------+------------+---------------+-------------+-----------+
| Element Stiffness Computation | 0.0288153  |       136.352 |     941.239 |         0 |
+-------------------------------+------------+---------------+-------------+-----------+
| Element Force Computation     | 0.0141881  |       136.363 |     941.239 |         0 |
+-------------------------------+------------+---------------+-------------+-----------+
| Full Simulation               | 5.83321    |       136.441 |     941.245 |         0 |
+-------------------------------+------------+---------------+-------------+-----------+

Parallel Jobs: None
Start Memory: 136.35 MB | End Memory: 136.44 MB
Start Disk Usage: 941.24 GB | End Disk Usage: 941.24 GB
Start CPU: 0.00% | End CPU: 0.00%
