Machine Specifications:
   - OS: Windows 11 (10.0.26100)
       • Logical cores: 20
       • Physical cores: 12
   - RAM: 31.24 GB
   - Disk: 943.72 GB total, 2.50 GB free
   - Python Version: 3.12.5 (C:\Users\s1834431\AppData\Local\Programs\Python\Python312\python.exe)
   - GPU(s): Intel(R) UHD Graphics 770

Job: job_0009_n16
Timestamp (job start): 2026-02-26_16-19-03-882769
Total Time: 6.66 sec

+-------------------------------+------------+---------------+-------------+-----------+
| Step                          |   Time (s) |   Memory (MB) |   Disk (GB) |   CPU (%) |
+===============================+============+===============+=============+===========+
| Parsing                       | 0.00151968 |       135     |     941.215 |         0 |
+-------------------------------+------------+---------------+-------------+-----------+
| Element Instantiation         | 0.0184462  |       135     |     941.215 |         0 |
+-------------------------------+------------+---------------+-------------+-----------+
| Element Stiffness Computation | 0.0482457  |       135     |     941.215 |         0 |
+-------------------------------+------------+---------------+-------------+-----------+
| Element Force Computation     | 0.0281765  |       135     |     941.215 |         0 |
+-------------------------------+------------+---------------+-------------+-----------+
| Full Simulation               | 5.93891    |       136.863 |     941.221 |         0 |
+-------------------------------+------------+---------------+-------------+-----------+

Parallel Jobs: None
Start Memory: 135.00 MB | End Memory: 136.86 MB
Start Disk Usage: 941.22 GB | End Disk Usage: 941.22 GB
Start CPU: 0.00% | End CPU: 0.00%
