2026-02-26 16:17:27,157 [DEBUG] 📁 Log file created at: c:\Users\s1834431\Programs\fem_model\post_processing\results\job_0003_n32_2026-02-26_16-17-24-233500_pid18316_1d7b3738\logs\AssembleGlobalSystem.log (Module: assembly, Line: 91)
2026-02-26 16:17:27,157 [INFO] 🔧 Starting global matrix assembly... (Module: assembly, Line: 109)
2026-02-26 16:17:27,158 [DEBUG] Element 0 DOF mapping validated (Module: assembly, Line: 184)
2026-02-26 16:17:27,158 [DEBUG] Element 1 DOF mapping validated (Module: assembly, Line: 184)
2026-02-26 16:17:27,158 [DEBUG] Element 2 DOF mapping validated (Module: assembly, Line: 184)
2026-02-26 16:17:27,158 [DEBUG] Element 3 DOF mapping validated (Module: assembly, Line: 184)
2026-02-26 16:17:27,158 [DEBUG] Element 4 DOF mapping validated (Module: assembly, Line: 184)
2026-02-26 16:17:27,158 [DEBUG] Element 5 DOF mapping validated (Module: assembly, Line: 184)
2026-02-26 16:17:27,158 [DEBUG] Element 6 DOF mapping validated (Module: assembly, Line: 184)
2026-02-26 16:17:27,158 [DEBUG] Element 7 DOF mapping validated (Module: assembly, Line: 184)
2026-02-26 16:17:27,158 [DEBUG] Element 8 DOF mapping validated (Module: assembly, Line: 184)
2026-02-26 16:17:27,159 [DEBUG] Element 9 DOF mapping validated (Module: assembly, Line: 184)
2026-02-26 16:17:27,159 [DEBUG] Element 10 DOF mapping validated (Module: assembly, Line: 184)
2026-02-26 16:17:27,159 [DEBUG] Element 11 DOF mapping validated (Module: assembly, Line: 184)
2026-02-26 16:17:27,159 [DEBUG] Element 12 DOF mapping validated (Module: assembly, Line: 184)
2026-02-26 16:17:27,159 [DEBUG] Element 13 DOF mapping validated (Module: assembly, Line: 184)
2026-02-26 16:17:27,159 [DEBUG] Element 14 DOF mapping validated (Module: assembly, Line: 184)
2026-02-26 16:17:27,159 [DEBUG] Element 15 DOF mapping validated (Module: assembly, Line: 184)
2026-02-26 16:17:27,159 [DEBUG] Element 16 DOF mapping validated (Module: assembly, Line: 184)
2026-02-26 16:17:27,159 [DEBUG] Element 17 DOF mapping validated (Module: assembly, Line: 184)
2026-02-26 16:17:27,159 [DEBUG] Element 18 DOF mapping validated (Module: assembly, Line: 184)
2026-02-26 16:17:27,159 [DEBUG] Element 19 DOF mapping validated (Module: assembly, Line: 184)
2026-02-26 16:17:27,159 [DEBUG] Element 20 DOF mapping validated (Module: assembly, Line: 184)
2026-02-26 16:17:27,159 [DEBUG] Element 21 DOF mapping validated (Module: assembly, Line: 184)
2026-02-26 16:17:27,159 [DEBUG] Element 22 DOF mapping validated (Module: assembly, Line: 184)
2026-02-26 16:17:27,159 [DEBUG] Element 23 DOF mapping validated (Module: assembly, Line: 184)
2026-02-26 16:17:27,159 [DEBUG] Element 24 DOF mapping validated (Module: assembly, Line: 184)
2026-02-26 16:17:27,159 [DEBUG] Element 25 DOF mapping validated (Module: assembly, Line: 184)
2026-02-26 16:17:27,159 [DEBUG] Element 26 DOF mapping validated (Module: assembly, Line: 184)
2026-02-26 16:17:27,159 [DEBUG] Element 27 DOF mapping validated (Module: assembly, Line: 184)
2026-02-26 16:17:27,159 [DEBUG] Element 28 DOF mapping validated (Module: assembly, Line: 184)
2026-02-26 16:17:27,159 [DEBUG] Element 29 DOF mapping validated (Module: assembly, Line: 184)
2026-02-26 16:17:27,160 [DEBUG] Element 30 DOF mapping validated (Module: assembly, Line: 184)
2026-02-26 16:17:27,160 [DEBUG] Element 31 DOF mapping validated (Module: assembly, Line: 184)
2026-02-26 16:17:27,162 [DEBUG] 
✅ DOF Mappings Summary:
 Element ID                              Local DOF                                                   Global DOF
          0 [0, 1, 2, 3, 4, 5, 6, 7, 8, 9, 10, 11]                       [0, 1, 2, 3, 4, 5, 6, 7, 8, 9, 10, 11]
          1 [0, 1, 2, 3, 4, 5, 6, 7, 8, 9, 10, 11]                 [6, 7, 8, 9, 10, 11, 12, 13, 14, 15, 16, 17]
          2 [0, 1, 2, 3, 4, 5, 6, 7, 8, 9, 10, 11]             [12, 13, 14, 15, 16, 17, 18, 19, 20, 21, 22, 23]
          3 [0, 1, 2, 3, 4, 5, 6, 7, 8, 9, 10, 11]             [18, 19, 20, 21, 22, 23, 24, 25, 26, 27, 28, 29]
          4 [0, 1, 2, 3, 4, 5, 6, 7, 8, 9, 10, 11]             [24, 25, 26, 27, 28, 29, 30, 31, 32, 33, 34, 35]
          5 [0, 1, 2, 3, 4, 5, 6, 7, 8, 9, 10, 11]             [30, 31, 32, 33, 34, 35, 36, 37, 38, 39, 40, 41]
          6 [0, 1, 2, 3, 4, 5, 6, 7, 8, 9, 10, 11]             [36, 37, 38, 39, 40, 41, 42, 43, 44, 45, 46, 47]
          7 [0, 1, 2, 3, 4, 5, 6, 7, 8, 9, 10, 11]             [42, 43, 44, 45, 46, 47, 48, 49, 50, 51, 52, 53]
          8 [0, 1, 2, 3, 4, 5, 6, 7, 8, 9, 10, 11]             [48, 49, 50, 51, 52, 53, 54, 55, 56, 57, 58, 59]
          9 [0, 1, 2, 3, 4, 5, 6, 7, 8, 9, 10, 11]             [54, 55, 56, 57, 58, 59, 60, 61, 62, 63, 64, 65]
         10 [0, 1, 2, 3, 4, 5, 6, 7, 8, 9, 10, 11]             [60, 61, 62, 63, 64, 65, 66, 67, 68, 69, 70, 71]
         11 [0, 1, 2, 3, 4, 5, 6, 7, 8, 9, 10, 11]             [66, 67, 68, 69, 70, 71, 72, 73, 74, 75, 76, 77]
         12 [0, 1, 2, 3, 4, 5, 6, 7, 8, 9, 10, 11]             [72, 73, 74, 75, 76, 77, 78, 79, 80, 81, 82, 83]
         13 [0, 1, 2, 3, 4, 5, 6, 7, 8, 9, 10, 11]             [78, 79, 80, 81, 82, 83, 84, 85, 86, 87, 88, 89]
         14 [0, 1, 2, 3, 4, 5, 6, 7, 8, 9, 10, 11]             [84, 85, 86, 87, 88, 89, 90, 91, 92, 93, 94, 95]
         15 [0, 1, 2, 3, 4, 5, 6, 7, 8, 9, 10, 11]           [90, 91, 92, 93, 94, 95, 96, 97, 98, 99, 100, 101]
         16 [0, 1, 2, 3, 4, 5, 6, 7, 8, 9, 10, 11]     [96, 97, 98, 99, 100, 101, 102, 103, 104, 105, 106, 107]
         17 [0, 1, 2, 3, 4, 5, 6, 7, 8, 9, 10, 11] [102, 103, 104, 105, 106, 107, 108, 109, 110, 111, 112, 113]
         18 [0, 1, 2, 3, 4, 5, 6, 7, 8, 9, 10, 11] [108, 109, 110, 111, 112, 113, 114, 115, 116, 117, 118, 119]
         19 [0, 1, 2, 3, 4, 5, 6, 7, 8, 9, 10, 11] [114, 115, 116, 117, 118, 119, 120, 121, 122, 123, 124, 125]
         20 [0, 1, 2, 3, 4, 5, 6, 7, 8, 9, 10, 11] [120, 121, 122, 123, 124, 125, 126, 127, 128, 129, 130, 131]
         21 [0, 1, 2, 3, 4, 5, 6, 7, 8, 9, 10, 11] [126, 127, 128, 129, 130, 131, 132, 133, 134, 135, 136, 137]
         22 [0, 1, 2, 3, 4, 5, 6, 7, 8, 9, 10, 11] [132, 133, 134, 135, 136, 137, 138, 139, 140, 141, 142, 143]
         23 [0, 1, 2, 3, 4, 5, 6, 7, 8, 9, 10, 11] [138, 139, 140, 141, 142, 143, 144, 145, 146, 147, 148, 149]
         24 [0, 1, 2, 3, 4, 5, 6, 7, 8, 9, 10, 11] [144, 145, 146, 147, 148, 149, 150, 151, 152, 153, 154, 155]
         25 [0, 1, 2, 3, 4, 5, 6, 7, 8, 9, 10, 11] [150, 151, 152, 153, 154, 155, 156, 157, 158, 159, 160, 161]
         26 [0, 1, 2, 3, 4, 5, 6, 7, 8, 9, 10, 11] [156, 157, 158, 159, 160, 161, 162, 163, 164, 165, 166, 167]
         27 [0, 1, 2, 3, 4, 5, 6, 7, 8, 9, 10, 11] [162, 163, 164, 165, 166, 167, 168, 169, 170, 171, 172, 173]
         28 [0, 1, 2, 3, 4, 5, 6, 7, 8, 9, 10, 11] [168, 169, 170, 171, 172, 173, 174, 175, 176, 177, 178, 179]
         29 [0, 1, 2, 3, 4, 5, 6, 7, 8, 9, 10, 11] [174, 175, 176, 177, 178, 179, 180, 181, 182, 183, 184, 185]
         30 [0, 1, 2, 3, 4, 5, 6, 7, 8, 9, 10, 11] [180, 181, 182, 183, 184, 185, 186, 187, 188, 189, 190, 191]
         31 [0, 1, 2, 3, 4, 5, 6, 7, 8, 9, 10, 11] [186, 187, 188, 189, 190, 191, 192, 193, 194, 195, 196, 197] (Module: assembly, Line: 204)
2026-02-26 16:17:27,162 [INFO] 🧾 System Info:
  Total DOFs: 198
  Number of elements: 32
  Symmetry tolerance: 1.0e-08 (Module: assembly, Line: 344)
2026-02-26 16:17:27,166 [INFO] ✅ Stiffness matrix assembled (Module: assembly, Line: 248)
2026-02-26 16:17:27,166 [INFO] ✅ Force vector assembled (Module: assembly, Line: 277)
2026-02-26 16:17:27,167 [INFO] Global Stiffness Matrix:
  Non-zero entries: 970
  Symmetry: True
  Norm: 3.067e+11 (Module: assembly, Line: 364)
2026-02-26 16:17:27,176 [DEBUG] 
Stiffness Matrix Sample (COO):
 Row  Col       K Value
 188  194 -3.338109e+09
  58   52  2.173248e+06
   4    8  1.043159e+08
 138  138  8.803200e+09
  94   86 -1.043159e+08
 155  149  1.402928e+07
 139  139  4.309794e+10
 169  167 -6.734053e+08
  77   83  1.402928e+07
 113  115 -6.734053e+08
   8    8  6.676218e+09
 178  178  8.692992e+06
 107  103  0.000000e+00
 144  150 -4.401600e+09
 161  157  0.000000e+00
 149  149  5.611711e+07
 149  145  0.000000e+00
  64   56 -1.043159e+08
 128  124  1.043159e+08
 142  146  1.043159e+08
  13   13  4.309794e+10
 118  110 -1.043159e+08
  70   62 -1.043159e+08
  73   83  6.734053e+08
 138  144 -4.401600e+09
  43   41 -6.734053e+08
 115  125  6.734053e+08
 122  122  6.676218e+09
 179  185  1.402928e+07
 176  178  0.000000e+00
 147  141 -3.378322e+04
  73   77  0.000000e+00
  48   42 -4.401600e+09
 109  103 -2.154897e+10
  64   62  0.000000e+00
 197  187  6.734053e+08
 106  112  2.173248e+06
  61   71  6.734053e+08
 151  149 -6.734053e+08
  95   91  0.000000e+00
  56   52  1.043159e+08
  55   59  0.000000e+00
  56   58  0.000000e+00
 117  123 -3.378322e+04
  76   80  1.043159e+08
  55   53 -6.734053e+08
 129  129  6.756644e+04
 185  179  1.402928e+07
 101  101  5.611711e+07
  50   44 -3.338109e+09
  23   25 -6.734053e+08
  30   30  8.803200e+09
 112  118  2.173248e+06
  97  103 -2.154897e+10
  49   53  0.000000e+00
  61   59 -6.734053e+08
  54   54  8.803200e+09
  53   47  1.402928e+07
 179  169  6.734053e+08
 161  155  1.402928e+07
 106  106  8.692992e+06
 160  158  0.000000e+00
  21   27 -3.378322e+04
  66   60 -4.401600e+09
  72   72  8.803200e+09
  75   75  6.756644e+04
  44   52 -1.043159e+08
  85   79 -2.154897e+10
 140  140  6.676218e+09
 111  111  6.756644e+04
  17   17  5.611711e+07
  89   85  0.000000e+00
 100  104  1.043159e+08
  15    9 -3.378322e+04
 154  158  1.043159e+08
 136  130  2.173248e+06
 130  134  1.043159e+08
 135  135  6.756644e+04
 139  149  6.734053e+08
 159  159  6.756644e+04
  31   31  4.309794e+10
  55   61 -2.154897e+10
 191  185  1.402928e+07
  26   28  0.000000e+00
  37   37  4.309794e+10
 194  194  3.338109e+09
  14   10  1.043159e+08
 165  171 -3.378322e+04
  77   79 -6.734053e+08
 125  115  6.734053e+08
  50   46  1.043159e+08
  93   93  6.756644e+04
  70   74  1.043159e+08
 181  179 -6.734053e+08
 196  196  4.346496e+06
 184  178  2.173248e+06
  74   76  0.000000e+00
  92   98 -3.338109e+09
 174  168 -4.401600e+09
 167  173  1.402928e+07
  51   57 -3.378322e+04
 146  154 -1.043159e+08
 117  117  6.756644e+04
  86   88  0.000000e+00
   2    8 -3.338109e+09
 160  154  2.173248e+06
  22   22  8.692992e+06
 140  134 -3.338109e+09
 120  114 -4.401600e+09
 131  121  6.734053e+08
 196  194  1.043159e+08
 120  126 -4.401600e+09
  80   76  1.043159e+08
 124  118  2.173248e+06
  74   80 -3.338109e+09
  74   82 -1.043159e+08
 196  188 -1.043159e+08
   8   16 -1.043159e+08
  82   86  1.043159e+08
   8    4  1.043159e+08
  22   28  2.173248e+06
 151  157 -2.154897e+10
  64   64  8.692992e+06
 148  148  8.692992e+06
 148  142  2.173248e+06
 151  161  6.734053e+08
  52   52  8.692992e+06
   7   13 -2.154897e+10
 108  108  8.803200e+09
 169  163 -2.154897e+10
 107  107  5.611711e+07
 102   96 -4.401600e+09
 128  136 -1.043159e+08
 175  169 -2.154897e+10
 169  175 -2.154897e+10
  30   36 -4.401600e+09
 175  179  0.000000e+00
 125  131  1.402928e+07
 159  165 -3.378322e+04
  82   76  2.173248e+06
 155  157 -6.734053e+08
 101   97  0.000000e+00
 180  180  8.803200e+09
 116  116  6.676218e+09
  42   48 -4.401600e+09
 127  125 -6.734053e+08
  81   75 -3.378322e+04
  31   29 -6.734053e+08
 150  150  8.803200e+09
 106  104  0.000000e+00
  71   65  1.402928e+07
 173  169  0.000000e+00
  52   58  2.173248e+06
 140  142  0.000000e+00
  94   92  0.000000e+00
 134  136  0.000000e+00
 173  175 -6.734053e+08
  75   81 -3.378322e+04
  79   79  4.309794e+10
   1   11  6.734053e+08
  65   71  1.402928e+07
 136  134  0.000000e+00
 186  180 -4.401600e+09
  58   64  2.173248e+06
  87   93 -3.378322e+04
  32   28  1.043159e+08
 194  196  1.043159e+08
  91   85 -2.154897e+10
  63   63  6.756644e+04
 132  132  8.803200e+09
  92   92  6.676218e+09
  52   56  1.043159e+08
  68   70  0.000000e+00
 131  133 -6.734053e+08
  98  106 -1.043159e+08
 173  163  6.734053e+08
  25   19 -2.154897e+10
 119  121 -6.734053e+08
   9   15 -3.378322e+04
 175  181 -2.154897e+10
 177  177  6.756644e+04
  34   26 -1.043159e+08
  32   40 -1.043159e+08
  10    8  0.000000e+00
 175  173 -6.734053e+08
  58   50 -1.043159e+08
  52   46  2.173248e+06
  54   60 -4.401600e+09
 155  155  5.611711e+07
 118  116  0.000000e+00
 100   94  2.173248e+06
   5    7 -6.734053e+08
  86   82  1.043159e+08
 101  107  1.402928e+07
  41   37  0.000000e+00
  92   94  0.000000e+00
 161  167  1.402928e+07
  14   16  0.000000e+00
  17   23  1.402928e+07
 133  137  0.000000e+00
  40   46  2.173248e+06
  38   38  6.676218e+09
 144  138 -4.401600e+09
 142  134 -1.043159e+08
  42   36 -4.401600e+09
  64   68  1.043159e+08
 195  195  3.378322e+04
 126  120 -4.401600e+09
  62   56 -3.338109e+09
   1    1  2.154897e+10
  90   84 -4.401600e+09
 167  161  1.402928e+07
  45   39 -3.378322e+04
 152  154  0.000000e+00
  19   19  4.309794e+10
 160  152 -1.043159e+08
  17   11  1.402928e+07
 122  130 -1.043159e+08
 104  110 -3.338109e+09
  83   85 -6.734053e+08
  69   75 -3.378322e+04
  94   98  1.043159e+08
 131  127  0.000000e+00
   0    6 -4.401600e+09
 187  197  6.734053e+08
  78   72 -4.401600e+09
  48   48  8.803200e+09
 185  175  6.734053e+08
 142  140  0.000000e+00
  79   77 -6.734053e+08
  87   81 -3.378322e+04
  30   24 -4.401600e+09
  56   56  6.676218e+09
 155  161  1.402928e+07
 163  169 -2.154897e+10
  61   61  4.309794e+10
 130  122 -1.043159e+08
  89   79  6.734053e+08
  65   61  0.000000e+00
  78   84 -4.401600e+09
 154  148  2.173248e+06
  98  100  0.000000e+00
  98  104 -3.338109e+09
  12    6 -4.401600e+09
  34   38  1.043159e+08
 197  191  1.402928e+07
  72   78 -4.401600e+09
 190  184  2.173248e+06
 160  164  1.043159e+08
 114  114  8.803200e+09
 108  102 -4.401600e+09
 119  113  1.402928e+07
 104  104  6.676218e+09
 100  106  2.173248e+06
  13   11 -6.734053e+08
  11    5  1.402928e+07
 151  145 -2.154897e+10
  36   42 -4.401600e+09
 129  123 -3.378322e+04
  62   70 -1.043159e+08
 109  109  4.309794e+10
 191  197  1.402928e+07
 150  144 -4.401600e+09
  10    4  2.173248e+06
 102  102  8.803200e+09
  33   33  6.756644e+04
  46   50  1.043159e+08
  44   40  1.043159e+08
 146  142  1.043159e+08
 188  184  1.043159e+08
  35   35  5.611711e+07
 138  132 -4.401600e+09
  89   83  1.402928e+07
  65   65  5.611711e+07
   3    3  3.378322e+04
  23   17  1.402928e+07
  16    8 -1.043159e+08
 154  152  0.000000e+00
 139  143  0.000000e+00
 124  128  1.043159e+08
  53   55 -6.734053e+08
 185  187 -6.734053e+08
 166  158 -1.043159e+08
 158  166 -1.043159e+08
 184  176 -1.043159e+08
 181  181  4.309794e+10
 152  152  6.676218e+09
   6    0 -4.401600e+09
 177  183 -3.378322e+04
  72   66 -4.401600e+09
  79   83  0.000000e+00
  59   53  1.402928e+07
  16   16  8.692992e+06
  11   17  1.402928e+07
 100  100  8.692992e+06
 170  166  1.043159e+08
 118  122  1.043159e+08
  25   29  0.000000e+00
  61   55 -2.154897e+10
  17   13  0.000000e+00
  11   13 -6.734053e+08
  68   64  1.043159e+08
  55   49 -2.154897e+10
 158  158  6.676218e+09
 137  127  6.734053e+08
 134  142 -1.043159e+08
  14   22 -1.043159e+08
 156  156  8.803200e+09
  12   18 -4.401600e+09
  83   79  0.000000e+00
  26   34 -1.043159e+08
 127  131  0.000000e+00
 148  154  2.173248e+06
 188  196 -1.043159e+08
 186  192 -4.401600e+09
  91   97 -2.154897e+10
  25   35  6.734053e+08
   4    2 -1.043159e+08
  33   39 -3.378322e+04
  27   33 -3.378322e+04
 101   91  6.734053e+08
  49   49  4.309794e+10
 105  105  6.756644e+04
  50   50  6.676218e+09
  82   88  2.173248e+06
  68   68  6.676218e+09
 188  182 -3.338109e+09
 166  166  8.692992e+06
 153  159 -3.378322e+04
  67   67  4.309794e+10
 176  176  6.676218e+09
 182  178  1.043159e+08
 181  191  6.734053e+08
   5    5  2.805855e+07
  39   39  6.756644e+04
 197  193 -6.734053e+08
  98   98  6.676218e+09
  88   92  1.043159e+08
  97   95 -6.734053e+08
  50   52  0.000000e+00
 193  187 -2.154897e+10
  36   30 -4.401600e+09
  39   45 -3.378322e+04
 176  182 -3.338109e+09
 103  107  0.000000e+00
  62   62  6.676218e+09
 143  139  0.000000e+00
 106   98 -1.043159e+08
  65   67 -6.734053e+08
  17   19 -6.734053e+08
 146  148  0.000000e+00
  71   67  0.000000e+00
  41   43 -6.734053e+08
 169  179  6.734053e+08
 179  175  0.000000e+00
 178  172  2.173248e+06
  84   90 -4.401600e+09
   6    6  8.803200e+09
 157  161  0.000000e+00
 140  146 -3.338109e+09
  52   50  0.000000e+00
  50   56 -3.338109e+09
 112  104 -1.043159e+08
   9    3 -3.378322e+04
  18   18  8.803200e+09
  34   28  2.173248e+06
  68   74 -3.338109e+09
 164  160  1.043159e+08
  83   89  1.402928e+07
 131  131  5.611711e+07
  23   29  1.402928e+07
  80   74 -3.338109e+09
 121  125  0.000000e+00
 170  170  6.676218e+09
  20   22  0.000000e+00
  85   89  0.000000e+00
  98   92 -3.338109e+09
 154  146 -1.043159e+08
 163  163  4.309794e+10
 193  197 -6.734053e+08
 181  187 -2.154897e+10
  44   44  6.676218e+09
 101   95  1.402928e+07
  35   29  1.402928e+07
  49   59  6.734053e+08
  40   32 -1.043159e+08
 107  113  1.402928e+07
 121  127 -2.154897e+10
  71   61  6.734053e+08
 106  100  2.173248e+06
  85   95  6.734053e+08
 126  132 -4.401600e+09
 163  157 -2.154897e+10
  33   27 -3.378322e+04
 173  167  1.402928e+07
 112  106  2.173248e+06
 148  140 -1.043159e+08
  27   21 -3.378322e+04
  15   15  6.756644e+04
 119  119  5.611711e+07
  96   96  8.803200e+09
  47   37  6.734053e+08
  55   65  6.734053e+08
  34   34  8.692992e+06
  85   85  4.309794e+10
 130  136  2.173248e+06
 132  138 -4.401600e+09
 168  174 -4.401600e+09
 136  140  1.043159e+08
  22   20  0.000000e+00
 178  176  0.000000e+00
 194  188 -3.338109e+09
  47   53  1.402928e+07
  68   76 -1.043159e+08
 122  128 -3.338109e+09
 190  196  2.173248e+06
 135  129 -3.378322e+04
  86   94 -1.043159e+08
 180  174 -4.401600e+09
  46   44  0.000000e+00
  80   80  6.676218e+09
 178  184  2.173248e+06
  64   58  2.173248e+06
 158  154  1.043159e+08
 173  173  5.611711e+07
   4   10  2.173248e+06
  97  107  6.734053e+08
  51   45 -3.378322e+04
 193  193  2.154897e+10
   2    2  3.338109e+09
 162  156 -4.401600e+09
 184  188  1.043159e+08
  81   87 -3.378322e+04
 151  151  4.309794e+10
 190  182 -1.043159e+08
  23   13  6.734053e+08
  62   68 -3.338109e+09
 143  133  6.734053e+08
  43   53  6.734053e+08
  62   64  0.000000e+00
  12   12  8.803200e+09
  20   16  1.043159e+08
  73   71 -6.734053e+08
 124  116 -1.043159e+08
   6   12 -4.401600e+09
  77   67  6.734053e+08
 107   97  6.734053e+08
  89   95  1.402928e+07
  46   38 -1.043159e+08
 144  144  8.803200e+09
  95   89  1.402928e+07
  99  105 -3.378322e+04
 131  137  1.402928e+07
 106  110  1.043159e+08
 103   97 -2.154897e+10
  43   43  4.309794e+10
 116  110 -3.338109e+09
  40   38  0.000000e+00
  74   74  6.676218e+09
 130  128  0.000000e+00
  77   71  1.402928e+07
  39   33 -3.378322e+04
 196  190  2.173248e+06
  83   73  6.734053e+08
  41   31  6.734053e+08
 115  119  0.000000e+00
  82   82  8.692992e+06
 103  103  4.309794e+10
 128  130  0.000000e+00
  90   90  8.803200e+09
  28   32  1.043159e+08
  49   43 -2.154897e+10
  37   31 -2.154897e+10
  37   47  6.734053e+08
  64   70  2.173248e+06
  65   59  1.402928e+07
  88   80 -1.043159e+08
 115  113 -6.734053e+08
 111  105 -3.378322e+04
 189  195 -3.378322e+04
 148  152  1.043159e+08
  43   47  0.000000e+00
 122  124  0.000000e+00
 145  145  4.309794e+10
  21   21  6.756644e+04
 115  121 -2.154897e+10
 168  162 -4.401600e+09
 176  184 -1.043159e+08
  17    7  6.734053e+08
  20   14 -3.338109e+09
  10    2 -1.043159e+08
  38   32 -3.338109e+09
 145  139 -2.154897e+10
   0    0  4.401600e+09
  11    7  0.000000e+00
  36   36  8.803200e+09
  80   82  0.000000e+00
  97  101  0.000000e+00
  99   93 -3.378322e+04
 156  162 -4.401600e+09
 113  113  5.611711e+07
  95   95  5.611711e+07
  93   99 -3.378322e+04
 187  191  0.000000e+00
  23   23  5.611711e+07
 139  133 -2.154897e+10
  28   34  2.173248e+06
 179  179  5.611711e+07
  46   52  2.173248e+06
 133  133  4.309794e+10
  67   73 -2.154897e+10
 136  136  8.692992e+06
  22   26  1.043159e+08
 137  143  1.402928e+07
  97   97  4.309794e+10
  44   50 -3.338109e+09
  29   23  1.402928e+07
  51   51  6.756644e+04
 190  188  0.000000e+00
 168  168  8.803200e+09
 124  130  2.173248e+06
 118  124  2.173248e+06
  75   69 -3.378322e+04
 159  153 -3.378322e+04
   7   11  0.000000e+00
 125  127 -6.734053e+08
  85   91 -2.154897e+10
 181  175 -2.154897e+10
 109  119  6.734053e+08
   1    5  6.734053e+08
  29   19  6.734053e+08
  73   73  4.309794e+10
 191  181  6.734053e+08
 150  156 -4.401600e+09
 164  158 -3.338109e+09
 143  145 -6.734053e+08
 155  145  6.734053e+08
  47   41  1.402928e+07
 160  166  2.173248e+06
  76   70  2.173248e+06
 133  143  6.734053e+08
  70   64  2.173248e+06
  86   80 -3.338109e+09
 183  189 -3.378322e+04
 186  186  8.803200e+09
  92  100 -1.043159e+08
  14   20 -3.338109e+09
  74   70  1.043159e+08
  49   55 -2.154897e+10
  24   30 -4.401600e+09
 148  146  0.000000e+00
 108  114 -4.401600e+09
  27   27  6.756644e+04
  53   59  1.402928e+07
 167  169 -6.734053e+08
 197  197  2.805855e+07
  29   29  5.611711e+07
   2    4 -1.043159e+08
 102  108 -4.401600e+09
 194  190  1.043159e+08
 137  133  0.000000e+00
 167  157  6.734053e+08
  83   83  5.611711e+07
 135  141 -3.378322e+04
  73   67 -2.154897e+10
  32   38 -3.338109e+09
 110  112  0.000000e+00
  70   76  2.173248e+06
 173  179  1.402928e+07
 123  117 -3.378322e+04
 161  163 -6.734053e+08
  13   17  0.000000e+00
  82   80  0.000000e+00
 116  118  0.000000e+00
  97   91 -2.154897e+10
  95   97 -6.734053e+08
 127  133 -2.154897e+10
 169  173  0.000000e+00
 103  101 -6.734053e+08
 125  119  1.402928e+07
 127  127  4.309794e+10
 182  184  0.000000e+00
  62   58  1.043159e+08
 132  126 -4.401600e+09
 130  130  8.692992e+06
 116  112  1.043159e+08
  34   40  2.173248e+06
  69   69  6.756644e+04
  14    8 -3.338109e+09
 161  151  6.734053e+08
 182  190 -1.043159e+08
 100   98  0.000000e+00
 154  154  8.692992e+06
  92   86 -3.338109e+09
 137  139 -6.734053e+08
  89   89  5.611711e+07
 115  109 -2.154897e+10
 141  135 -3.378322e+04
 174  180 -4.401600e+09
  46   40  2.173248e+06
 133  131 -6.734053e+08
 119  115  0.000000e+00
  58   62  1.043159e+08
  71   73 -6.734053e+08
 134  134  6.676218e+09
   1    7 -2.154897e+10
 179  173  1.402928e+07
  94  100  2.173248e+06
 152  148  1.043159e+08
 178  170 -1.043159e+08
 172  172  8.692992e+06
 105  111 -3.378322e+04
 116  122 -3.338109e+09
 155  151  0.000000e+00
 175  175  4.309794e+10
 109  107 -6.734053e+08
 177  171 -3.378322e+04
  57   57  6.756644e+04
  59   49  6.734053e+08
  96   90 -4.401600e+09
  87   87  6.756644e+04
  58   58  8.692992e+06
  26   22  1.043159e+08
 121  115 -2.154897e+10
 192  192  4.401600e+09
   4    4  4.346496e+06
 128  128  6.676218e+09
  93   87 -3.378322e+04
 119  109  6.734053e+08
 187  187  4.309794e+10
  34   32  0.000000e+00
 191  191  5.611711e+07
 133  127 -2.154897e+10
 188  188  6.676218e+09
 145  155  6.734053e+08
  41   35  1.402928e+07
  40   40  8.692992e+06
 127  137  6.734053e+08
 109  113  0.000000e+00
 172  176  1.043159e+08
  35   25  6.734053e+08
  23   19  0.000000e+00
   5    1  6.734053e+08
 117  111 -3.378322e+04
 181  185  0.000000e+00
 139  145 -2.154897e+10
 110  106  1.043159e+08
  68   62 -3.338109e+09
  98   94  1.043159e+08
 101  103 -6.734053e+08
 170  176 -3.338109e+09
  83   77  1.402928e+07
 145  151 -2.154897e+10
  20   26 -3.338109e+09
  88   94  2.173248e+06
  19   13 -2.154897e+10
 172  164 -1.043159e+08
 152  158 -3.338109e+09
 133  139 -2.154897e+10
  85   83 -6.734053e+08
 191  193 -6.734053e+08
 166  164  0.000000e+00
 142  148  2.173248e+06
 187  185 -6.734053e+08
 195  189 -3.378322e+04
  66   72 -4.401600e+09
 113  109  0.000000e+00
  73   79 -2.154897e+10
  16   10  2.173248e+06
 104  112 -1.043159e+08
 104   98 -3.338109e+09
  70   68  0.000000e+00
  46   46  8.692992e+06
 182  176 -3.338109e+09
  31   35  0.000000e+00
  59   65  1.402928e+07
   8    2 -3.338109e+09
  25   23 -6.734053e+08
 103  113  6.734053e+08
 158  164 -3.338109e+09
 190  194  1.043159e+08
  37   41  0.000000e+00
  35   37 -6.734053e+08
  71   71  5.611711e+07
  77   73  0.000000e+00
 149  151 -6.734053e+08
 170  178 -1.043159e+08
 167  163  0.000000e+00
 151  155  0.000000e+00
  40   34  2.173248e+06
  29   25  0.000000e+00
  91   95  0.000000e+00
 164  166  0.000000e+00
  53   43  6.734053e+08
 174  174  8.803200e+09
  60   54 -4.401600e+09
 184  184  8.692992e+06
 166  160  2.173248e+06
  48   54 -4.401600e+09
 131  125  1.402928e+07
   8   14 -3.338109e+09
  19   29  6.734053e+08
  11    1  6.734053e+08
  70   70  8.692992e+06
  14   14  6.676218e+09
 187  181 -2.154897e+10
  41   47  1.402928e+07
  88   82  2.173248e+06
 146  146  6.676218e+09
  80   88 -1.043159e+08
  61   67 -2.154897e+10
  16   22  2.173248e+06
  80   86 -3.338109e+09
 111  117 -3.378322e+04
 118  112  2.173248e+06
 110  110  6.676218e+09
 167  167  5.611711e+07
 163  173  6.734053e+08
 164  170 -3.338109e+09
 134  140 -3.338109e+09
  45   51 -3.378322e+04
 110  104 -3.338109e+09
 162  162  8.803200e+09
 127  121 -2.154897e+10
 136  128 -1.043159e+08
 187  193 -2.154897e+10
  86   86  6.676218e+09
 140  148 -1.043159e+08
  29   31 -6.734053e+08
  44   46  0.000000e+00
 125  121  0.000000e+00
 165  159 -3.378322e+04
 164  164  6.676218e+09
 170  164 -3.338109e+09
 147  153 -3.378322e+04
 189  183 -3.378322e+04
 142  142  8.692992e+06
 147  147  6.756644e+04
 180  186 -4.401600e+09
 145  149  0.000000e+00
  49   47 -6.734053e+08
  15   21 -3.378322e+04
   7    5 -6.734053e+08
  78   78  8.803200e+09
  45   45  6.756644e+04
 149  143  1.402928e+07
  28   22  2.173248e+06
  71   77  1.402928e+07
  24   24  8.803200e+09
  35   31  0.000000e+00
  43   49 -2.154897e+10
  89   91 -6.734053e+08
 112  116  1.043159e+08
  56   64 -1.043159e+08
 166  170  1.043159e+08
 120  120  8.803200e+09
 157  151 -2.154897e+10
 157  157  4.309794e+10
 107  101  1.402928e+07
  59   59  5.611711e+07
  95  101  1.402928e+07
  67   71  0.000000e+00
  26   26  6.676218e+09
 103  109 -2.154897e+10
  47   49 -6.734053e+08
 136  142  2.173248e+06
 121  121  4.309794e+10
  91   91  4.309794e+10
  25   31 -2.154897e+10
  95   85  6.734053e+08
   7    7  4.309794e+10
  24   18 -4.401600e+09
  32   26 -3.338109e+09
  32   34  0.000000e+00
 107  109 -6.734053e+08
 141  141  6.756644e+04
 126  126  8.803200e+09
  94   94  8.692992e+06
 121  131  6.734053e+08
  29   35  1.402928e+07
 152  146 -3.338109e+09
  54   48 -4.401600e+09
 166  172  2.173248e+06
  67   61 -2.154897e+10
 176  170 -3.338109e+09
  52   44 -1.043159e+08
  92   88  1.043159e+08
  84   78 -4.401600e+09
 123  129 -3.378322e+04
   5   11  1.402928e+07
  67   77  6.734053e+08
  61   65  0.000000e+00
  56   50 -3.338109e+09
  47   43  0.000000e+00
  20   28 -1.043159e+08
 105   99 -3.378322e+04
 164  172 -1.043159e+08
 129  135 -3.378322e+04
  58   56  0.000000e+00
  59   55  0.000000e+00
 119  125  1.402928e+07
 182  188 -3.338109e+09
  91   89 -6.734053e+08
  38   46 -1.043159e+08
  76   76  8.692992e+06
 190  190  8.692992e+06
 191  187  0.000000e+00
  57   51 -3.378322e+04
 163  167  0.000000e+00
 183  177 -3.378322e+04
  38   40  0.000000e+00
   8   10  0.000000e+00
  18   12 -4.401600e+09
  63   69 -3.378322e+04
 156  150 -4.401600e+09
   3    9 -3.378322e+04
  10   16  2.173248e+06
  19   23  0.000000e+00
 157  167  6.734053e+08
   9    9  6.756644e+04
 192  186 -4.401600e+09
  13   23  6.734053e+08
  10   10  8.692992e+06
 158  160  0.000000e+00
  84   84  8.803200e+09
 114  120 -4.401600e+09
  44   38 -3.338109e+09
  31   41  6.734053e+08
 149  155  1.402928e+07
 121  119 -6.734053e+08
  26   32 -3.338109e+09
 149  139  6.734053e+08
 116  124 -1.043159e+08
  22   14 -1.043159e+08
  77   77  5.611711e+07
  28   26  0.000000e+00
 142  136  2.173248e+06
   7    1 -2.154897e+10
 170  172  0.000000e+00
 113  107  1.402928e+07
  76   74  0.000000e+00
 104  106  0.000000e+00
  79   73 -2.154897e+10
  42   42  8.803200e+09
  76   68 -1.043159e+08
 113  103  6.734053e+08
 124  122  0.000000e+00
  79   85 -2.154897e+10
 165  165  6.756644e+04
  60   66 -4.401600e+09
 140  136  1.043159e+08
  53   49  0.000000e+00
 123  123  6.756644e+04
  41   41  5.611711e+07
  21   15 -3.378322e+04
 188  190  0.000000e+00
 184  190  2.173248e+06
  35   41  1.402928e+07
 118  118  8.692992e+06
  63   57 -3.378322e+04
 114  108 -4.401600e+09
 172  178  2.173248e+06
  76   82  2.173248e+06
 146  140 -3.338109e+09
 160  160  8.692992e+06
  47   47  5.611711e+07
 134  130  1.043159e+08
  31   25 -2.154897e+10
 171  171  6.756644e+04
  38   34  1.043159e+08
 175  185  6.734053e+08
  28   28  8.692992e+06
 185  191  1.402928e+07
  11   11  5.611711e+07
 157  155 -6.734053e+08
  67   65 -6.734053e+08
  43   37 -2.154897e+10
  19   17 -6.734053e+08
 128  134 -3.338109e+09
 115  115  4.309794e+10
 124  124  8.692992e+06
  82   74 -1.043159e+08
  20   20  6.676218e+09
  18   24 -4.401600e+09
  88   86  0.000000e+00
 158  152 -3.338109e+09
  26   20 -3.338109e+09
 176  172  1.043159e+08
  60   60  8.803200e+09
  13   19 -2.154897e+10
  66   66  8.803200e+09
  53   53  5.611711e+07
 179  181 -6.734053e+08
 185  185  5.611711e+07
  90   96 -4.401600e+09
  10   14  1.043159e+08
 125  125  5.611711e+07
  79   89  6.734053e+08
  69   63 -3.378322e+04
  56   62 -3.338109e+09
 153  153  6.756644e+04
 100   92 -1.043159e+08
 112  110  0.000000e+00
 182  182  6.676218e+09
  13    7 -2.154897e+10
 183  183  6.756644e+04
  28   20 -1.043159e+08
 162  168 -4.401600e+09
   7   17  6.734053e+08
  38   44 -3.338109e+09
 178  182  1.043159e+08
  94   88  2.173248e+06
 104  100  1.043159e+08
 137  131  1.402928e+07
  32   32  6.676218e+09
  50   58 -1.043159e+08
 145  143 -6.734053e+08
 110  116 -3.338109e+09
 110  118 -1.043159e+08
 130  124  2.173248e+06
 141  147 -3.378322e+04
  55   55  4.309794e+10
  59   61 -6.734053e+08
  86   92 -3.338109e+09
 184  182  0.000000e+00
  31   37 -2.154897e+10
 134  128 -3.338109e+09
 161  161  5.611711e+07
 189  189  6.756644e+04
  37   43 -2.154897e+10
  22   16  2.173248e+06
 172  170  0.000000e+00
  91  101  6.734053e+08
  88   88  8.692992e+06
 171  177 -3.378322e+04
 143  149  1.402928e+07
 153  147 -3.378322e+04
  25   25  4.309794e+10
 185  181  0.000000e+00
 157  163 -2.154897e+10
  16   20  1.043159e+08
 171  165 -3.378322e+04
 109  115 -2.154897e+10
 137  137  5.611711e+07
 172  166  2.173248e+06
 193  191 -6.734053e+08
  37   35 -6.734053e+08
  19   25 -2.154897e+10
 112  112  8.692992e+06
  99   99  6.756644e+04
 143  137  1.402928e+07
  65   55  6.734053e+08
  81   81  6.756644e+04
 122  118  1.043159e+08
  96  102 -4.401600e+09
  16   14  0.000000e+00
 122  116 -3.338109e+09
 163  161 -6.734053e+08
 152  160 -1.043159e+08
  57   63 -3.378322e+04
 146  152 -3.338109e+09
   2   10 -1.043159e+08
  74   68 -3.338109e+09
 143  143  5.611711e+07
 154  160  2.173248e+06
 169  169  4.309794e+10
  40   44  1.043159e+08
 128  122 -3.338109e+09
 113  119  1.402928e+07
 139  137 -6.734053e+08 (Module: assembly, Line: 384)
2026-02-26 16:17:27,176 [INFO] 📊 Performance Metrics:
  Assembly Time: 0.02s
  Elements Processed: 32
  Matrix Density: 2.47e-02
  Memory Usage: 0.01MB
  Processing Rate: 1705.1 elements/s (Module: assembly, Line: 360)
2026-02-26 16:17:27,176 [INFO] ✅ Assembly complete. (Module: assembly, Line: 127)
