Machine Specifications:
   - OS: Windows 11 (10.0.26100)
       • Logical cores: 20
       • Physical cores: 12
   - RAM: 31.24 GB
   - Disk: 943.72 GB total, 2.58 GB free
   - Python Version: 3.12.5 (C:\Users\s1834431\AppData\Local\Programs\Python\Python312\python.exe)
   - GPU(s): Intel(R) UHD Graphics 770

Job: job_0003_n32
Timestamp (job start): 2026-02-26_16-17-31-421665
Total Time: 7.00 sec

+-------------------------------+------------+---------------+-------------+-----------+
| Step                          |   Time (s) |   Memory (MB) |   Disk (GB) |   CPU (%) |
+===============================+============+===============+=============+===========+
| Parsing                       | 0.00600219 |       132.543 |     941.136 |         0 |
+-------------------------------+------------+---------------+-------------+-----------+
| Element Instantiation         | 0.036598   |       132.543 |     941.136 |         0 |
+-------------------------------+------------+---------------+-------------+-----------+
| Element Stiffness Computation | 0.130268   |       132.543 |     941.137 |         0 |
+-------------------------------+------------+---------------+-------------+-----------+
| Element Force Computation     | 0.0666828  |       132.684 |     941.137 |         0 |
+-------------------------------+------------+---------------+-------------+-----------+
| Full Simulation               | 6.14416    |       133.23  |     941.143 |         0 |
+-------------------------------+------------+---------------+-------------+-----------+

Parallel Jobs: None
Start Memory: 132.54 MB | End Memory: 133.23 MB
Start Disk Usage: 941.14 GB | End Disk Usage: 941.14 GB
Start CPU: 0.00% | End CPU: 0.00%
