Machine Specifications:
   - OS: Windows 11 (10.0.26100)
       • Logical cores: 20
       • Physical cores: 12
   - RAM: 31.24 GB
   - Disk: 943.72 GB total, 2.51 GB free
   - Python Version: 3.12.5 (C:\Users\s1834431\AppData\Local\Programs\Python\Python312\python.exe)
   - GPU(s): Intel(R) UHD Graphics 770

Job: job_0007_n64
Timestamp (job start): 2026-02-26_16-18-45-002514
Total Time: 9.32 sec

+-------------------------------+------------+---------------+-------------+-----------+
| Step                          |   Time (s) |   Memory (MB) |   Disk (GB) |   CPU (%) |
+===============================+============+===============+=============+===========+
| Parsing                       |   0        |       137.055 |     941.202 |         0 |
+-------------------------------+------------+---------------+-------------+-----------+
| Element Instantiation         |   0.6303   |       137.055 |     941.203 |         0 |
+-------------------------------+------------+---------------+-------------+-----------+
| Element Stiffness Computation |   0.724936 |       137.055 |     941.204 |         0 |
+-------------------------------+------------+---------------+-------------+-----------+
| Element Force Computation     |   0.591765 |       137.055 |     941.204 |         0 |
+-------------------------------+------------+---------------+-------------+-----------+
| Full Simulation               |   6.76283  |       137.23  |     941.207 |         0 |
+-------------------------------+------------+---------------+-------------+-----------+

Parallel Jobs: None
Start Memory: 137.09 MB | End Memory: 137.23 MB
Start Disk Usage: 941.20 GB | End Disk Usage: 941.21 GB
Start CPU: 0.00% | End CPU: 0.00%
