2026-02-26 16:18:41,834 [DEBUG] 📁 Log file: c:\Users\s1834431\Programs\fem_model\post_processing\results\job_0007_n64_2026-02-26_16-18-35-482850_pid18316_68ccd05f\logs\SolveCondensedSystem.log (Module: solver, Line: 249)
2026-02-26 16:18:41,834 [DEBUG] Row/column scaling applied. (Module: solver, Line: 164)
2026-02-26 16:18:41,834 [DEBUG] Building ILU (drop_tol=1e-06, fill_factor=1.0) (Module: solver, Line: 77)
2026-02-26 16:18:41,834 [DEBUG] ILU fill-ratio = 1.01 (Module: solver, Line: 82)
2026-02-26 16:18:41,834 [INFO] Solver parameters • solver='cg', prec='auto', K nnz=1648, dofs=384 (Module: solver, Line: 181)
2026-02-26 16:18:41,834 [INFO] Condensed condition estimate: 1.01e+00 (Module: solver, Line: 187)
2026-02-26 16:18:41,834 [DEBUG] Iter   10 | residual 1.329e-02 (Module: solver, Line: 328)
2026-02-26 16:18:41,834 [DEBUG] Iter   20 | residual 1.585e-02 (Module: solver, Line: 328)
2026-02-26 16:18:41,834 [DEBUG] Iter   30 | residual 1.738e-02 (Module: solver, Line: 328)
2026-02-26 16:18:41,834 [DEBUG] Iter   40 | residual 1.848e-02 (Module: solver, Line: 328)
2026-02-26 16:18:41,834 [DEBUG] Iter   50 | residual 1.933e-02 (Module: solver, Line: 328)
2026-02-26 16:18:41,834 [DEBUG] Iter   60 | residual 2.003e-02 (Module: solver, Line: 328)
2026-02-26 16:18:41,834 [DEBUG] Iter   70 | residual 2.063e-02 (Module: solver, Line: 328)
2026-02-26 16:18:41,841 [DEBUG] Iter   80 | residual 2.116e-02 (Module: solver, Line: 328)
2026-02-26 16:18:41,841 [DEBUG] Iter   90 | residual 2.164e-02 (Module: solver, Line: 328)
2026-02-26 16:18:41,841 [DEBUG] Iter  100 | residual 2.208e-02 (Module: solver, Line: 328)
2026-02-26 16:18:41,841 [DEBUG] Iter  110 | residual 2.249e-02 (Module: solver, Line: 328)
2026-02-26 16:18:41,843 [DEBUG] Iter  120 | residual 2.288e-02 (Module: solver, Line: 328)
2026-02-26 16:18:41,843 [DEBUG] Iter  130 | residual 2.324e-02 (Module: solver, Line: 328)
2026-02-26 16:18:41,843 [DEBUG] Iter  140 | residual 2.359e-02 (Module: solver, Line: 328)
2026-02-26 16:18:41,843 [DEBUG] Iter  150 | residual 2.392e-02 (Module: solver, Line: 328)
2026-02-26 16:18:41,843 [DEBUG] Iter  160 | residual 2.423e-02 (Module: solver, Line: 328)
2026-02-26 16:18:41,845 [DEBUG] Iter  170 | residual 2.453e-02 (Module: solver, Line: 328)
2026-02-26 16:18:41,845 [DEBUG] Iter  180 | residual 2.481e-02 (Module: solver, Line: 328)
2026-02-26 16:18:41,845 [DEBUG] Iter  190 | residual 2.508e-02 (Module: solver, Line: 328)
2026-02-26 16:18:41,847 [DEBUG] Iter  200 | residual 2.533e-02 (Module: solver, Line: 328)
2026-02-26 16:18:41,847 [DEBUG] Iter  210 | residual 2.558e-02 (Module: solver, Line: 328)
2026-02-26 16:18:41,848 [DEBUG] Iter  220 | residual 2.581e-02 (Module: solver, Line: 328)
2026-02-26 16:18:41,849 [DEBUG] Iter  230 | residual 2.604e-02 (Module: solver, Line: 328)
2026-02-26 16:18:41,849 [DEBUG] Iter  240 | residual 2.625e-02 (Module: solver, Line: 328)
2026-02-26 16:18:41,850 [DEBUG] Iter  250 | residual 2.645e-02 (Module: solver, Line: 328)
2026-02-26 16:18:41,850 [DEBUG] Iter  260 | residual 2.664e-02 (Module: solver, Line: 328)
2026-02-26 16:18:41,851 [DEBUG] Iter  270 | residual 2.683e-02 (Module: solver, Line: 328)
2026-02-26 16:18:41,851 [DEBUG] Iter  280 | residual 2.700e-02 (Module: solver, Line: 328)
2026-02-26 16:18:41,852 [DEBUG] Iter  290 | residual 2.717e-02 (Module: solver, Line: 328)
2026-02-26 16:18:41,852 [DEBUG] Iter  300 | residual 2.733e-02 (Module: solver, Line: 328)
2026-02-26 16:18:41,852 [DEBUG] Iter  310 | residual 2.748e-02 (Module: solver, Line: 328)
2026-02-26 16:18:41,853 [DEBUG] Iter  320 | residual 2.763e-02 (Module: solver, Line: 328)
2026-02-26 16:18:41,854 [DEBUG] Iter  330 | residual 2.777e-02 (Module: solver, Line: 328)
2026-02-26 16:18:41,854 [DEBUG] Iter  340 | residual 2.790e-02 (Module: solver, Line: 328)
2026-02-26 16:18:41,855 [DEBUG] Iter  350 | residual 2.803e-02 (Module: solver, Line: 328)
2026-02-26 16:18:41,855 [DEBUG] Iter  360 | residual 2.815e-02 (Module: solver, Line: 328)
2026-02-26 16:18:41,856 [DEBUG] Iter  370 | residual 2.826e-02 (Module: solver, Line: 328)
2026-02-26 16:18:41,856 [DEBUG] Iter  380 | residual 2.837e-02 (Module: solver, Line: 328)
2026-02-26 16:18:41,856 [DEBUG] Iter  390 | residual 2.848e-02 (Module: solver, Line: 328)
2026-02-26 16:18:41,857 [DEBUG] Iter  400 | residual 2.858e-02 (Module: solver, Line: 328)
2026-02-26 16:18:41,857 [DEBUG] Iter  410 | residual 2.868e-02 (Module: solver, Line: 328)
2026-02-26 16:18:41,858 [DEBUG] Iter  420 | residual 2.877e-02 (Module: solver, Line: 328)
2026-02-26 16:18:41,858 [DEBUG] Iter  430 | residual 2.885e-02 (Module: solver, Line: 328)
2026-02-26 16:18:41,858 [DEBUG] Iter  440 | residual 2.894e-02 (Module: solver, Line: 328)
2026-02-26 16:18:41,859 [DEBUG] Iter  450 | residual 2.902e-02 (Module: solver, Line: 328)
2026-02-26 16:18:41,859 [DEBUG] Iter  460 | residual 2.910e-02 (Module: solver, Line: 328)
2026-02-26 16:18:41,860 [DEBUG] Iter  470 | residual 2.917e-02 (Module: solver, Line: 328)
2026-02-26 16:18:41,860 [DEBUG] Iter  480 | residual 2.924e-02 (Module: solver, Line: 328)
2026-02-26 16:18:41,860 [DEBUG] Iter  490 | residual 2.931e-02 (Module: solver, Line: 328)
2026-02-26 16:18:41,861 [DEBUG] Iter  500 | residual 2.937e-02 (Module: solver, Line: 328)
2026-02-26 16:18:41,861 [DEBUG] Iter  510 | residual 2.943e-02 (Module: solver, Line: 328)
2026-02-26 16:18:41,862 [DEBUG] Iter  520 | residual 2.949e-02 (Module: solver, Line: 328)
2026-02-26 16:18:41,862 [DEBUG] Iter  530 | residual 2.955e-02 (Module: solver, Line: 328)
2026-02-26 16:18:41,862 [DEBUG] Iter  540 | residual 2.960e-02 (Module: solver, Line: 328)
2026-02-26 16:18:41,863 [DEBUG] Iter  550 | residual 2.965e-02 (Module: solver, Line: 328)
2026-02-26 16:18:41,863 [DEBUG] Iter  560 | residual 2.970e-02 (Module: solver, Line: 328)
2026-02-26 16:18:41,864 [DEBUG] Iter  570 | residual 2.975e-02 (Module: solver, Line: 328)
2026-02-26 16:18:41,864 [DEBUG] Iter  580 | residual 2.979e-02 (Module: solver, Line: 328)
2026-02-26 16:18:41,865 [DEBUG] Iter  590 | residual 2.983e-02 (Module: solver, Line: 328)
2026-02-26 16:18:41,865 [DEBUG] Iter  600 | residual 2.988e-02 (Module: solver, Line: 328)
2026-02-26 16:18:41,866 [DEBUG] Iter  610 | residual 2.992e-02 (Module: solver, Line: 328)
2026-02-26 16:18:41,866 [DEBUG] Iter  620 | residual 2.995e-02 (Module: solver, Line: 328)
2026-02-26 16:18:41,867 [DEBUG] Iter  630 | residual 2.999e-02 (Module: solver, Line: 328)
2026-02-26 16:18:41,867 [DEBUG] Iter  640 | residual 3.002e-02 (Module: solver, Line: 328)
2026-02-26 16:18:41,867 [DEBUG] Iter  650 | residual 3.006e-02 (Module: solver, Line: 328)
2026-02-26 16:18:41,868 [DEBUG] Iter  660 | residual 3.009e-02 (Module: solver, Line: 328)
2026-02-26 16:18:41,868 [DEBUG] Iter  670 | residual 3.012e-02 (Module: solver, Line: 328)
2026-02-26 16:18:41,869 [DEBUG] Iter  680 | residual 3.015e-02 (Module: solver, Line: 328)
2026-02-26 16:18:41,869 [DEBUG] Iter  690 | residual 3.018e-02 (Module: solver, Line: 328)
2026-02-26 16:18:41,869 [DEBUG] Iter  700 | residual 3.020e-02 (Module: solver, Line: 328)
2026-02-26 16:18:41,870 [DEBUG] Iter  710 | residual 3.023e-02 (Module: solver, Line: 328)
2026-02-26 16:18:41,870 [DEBUG] Iter  720 | residual 3.025e-02 (Module: solver, Line: 328)
2026-02-26 16:18:41,871 [DEBUG] Iter  730 | residual 3.028e-02 (Module: solver, Line: 328)
2026-02-26 16:18:41,871 [DEBUG] Iter  740 | residual 3.030e-02 (Module: solver, Line: 328)
2026-02-26 16:18:41,872 [DEBUG] Iter  750 | residual 3.032e-02 (Module: solver, Line: 328)
2026-02-26 16:18:41,872 [DEBUG] Iter  760 | residual 3.034e-02 (Module: solver, Line: 328)
2026-02-26 16:18:41,872 [DEBUG] Iter  770 | residual 3.036e-02 (Module: solver, Line: 328)
2026-02-26 16:18:41,873 [DEBUG] Iter  780 | residual 3.038e-02 (Module: solver, Line: 328)
2026-02-26 16:18:41,873 [DEBUG] Iter  790 | residual 3.040e-02 (Module: solver, Line: 328)
2026-02-26 16:18:41,874 [DEBUG] Iter  800 | residual 3.042e-02 (Module: solver, Line: 328)
2026-02-26 16:18:41,875 [DEBUG] Iter  810 | residual 3.043e-02 (Module: solver, Line: 328)
2026-02-26 16:18:41,875 [DEBUG] Iter  820 | residual 3.045e-02 (Module: solver, Line: 328)
2026-02-26 16:18:41,876 [DEBUG] Iter  830 | residual 3.046e-02 (Module: solver, Line: 328)
2026-02-26 16:18:41,876 [DEBUG] Iter  840 | residual 3.048e-02 (Module: solver, Line: 328)
2026-02-26 16:18:41,877 [DEBUG] Iter  850 | residual 3.049e-02 (Module: solver, Line: 328)
2026-02-26 16:18:41,877 [DEBUG] Iter  860 | residual 3.051e-02 (Module: solver, Line: 328)
2026-02-26 16:18:41,878 [DEBUG] Iter  870 | residual 3.052e-02 (Module: solver, Line: 328)
2026-02-26 16:18:41,878 [DEBUG] Iter  880 | residual 3.053e-02 (Module: solver, Line: 328)
2026-02-26 16:18:41,878 [DEBUG] Iter  890 | residual 3.054e-02 (Module: solver, Line: 328)
2026-02-26 16:18:41,879 [DEBUG] Iter  900 | residual 3.055e-02 (Module: solver, Line: 328)
2026-02-26 16:18:41,879 [DEBUG] Iter  910 | residual 3.056e-02 (Module: solver, Line: 328)
2026-02-26 16:18:41,880 [DEBUG] Iter  920 | residual 3.058e-02 (Module: solver, Line: 328)
2026-02-26 16:18:41,880 [DEBUG] Iter  930 | residual 3.058e-02 (Module: solver, Line: 328)
2026-02-26 16:18:41,880 [DEBUG] Iter  940 | residual 3.059e-02 (Module: solver, Line: 328)
2026-02-26 16:18:41,881 [DEBUG] Iter  950 | residual 3.060e-02 (Module: solver, Line: 328)
2026-02-26 16:18:41,881 [DEBUG] Iter  960 | residual 3.061e-02 (Module: solver, Line: 328)
2026-02-26 16:18:41,882 [DEBUG] Iter  970 | residual 3.062e-02 (Module: solver, Line: 328)
2026-02-26 16:18:41,882 [DEBUG] Iter  980 | residual 3.063e-02 (Module: solver, Line: 328)
2026-02-26 16:18:41,882 [DEBUG] Iter  990 | residual 3.064e-02 (Module: solver, Line: 328)
2026-02-26 16:18:41,883 [DEBUG] Iter 1000 | residual 3.064e-02 (Module: solver, Line: 328)
2026-02-26 16:18:41,883 [WARNING] Solver info=1000 (not converged). (Module: solver, Line: 344)
2026-02-26 16:18:41,883 [INFO] Retrying with ILU preconditioner … (Module: solver, Line: 351)
2026-02-26 16:18:41,883 [DEBUG] Building ILU (drop_tol=1e-06, fill_factor=1.0) (Module: solver, Line: 77)
2026-02-26 16:18:41,883 [DEBUG] ILU fill-ratio = 1.01 (Module: solver, Line: 82)
2026-02-26 16:18:41,884 [DEBUG] Iter 1010 | residual 1.329e-02 (Module: solver, Line: 328)
2026-02-26 16:18:41,885 [DEBUG] Iter 1020 | residual 1.585e-02 (Module: solver, Line: 328)
2026-02-26 16:18:41,885 [DEBUG] Iter 1030 | residual 1.738e-02 (Module: solver, Line: 328)
2026-02-26 16:18:41,885 [DEBUG] Iter 1040 | residual 1.848e-02 (Module: solver, Line: 328)
2026-02-26 16:18:41,886 [DEBUG] Iter 1050 | residual 1.933e-02 (Module: solver, Line: 328)
2026-02-26 16:18:41,886 [DEBUG] Iter 1060 | residual 2.003e-02 (Module: solver, Line: 328)
2026-02-26 16:18:41,887 [DEBUG] Iter 1070 | residual 2.063e-02 (Module: solver, Line: 328)
2026-02-26 16:18:41,887 [DEBUG] Iter 1080 | residual 2.116e-02 (Module: solver, Line: 328)
2026-02-26 16:18:41,887 [DEBUG] Iter 1090 | residual 2.164e-02 (Module: solver, Line: 328)
2026-02-26 16:18:41,888 [DEBUG] Iter 1100 | residual 2.208e-02 (Module: solver, Line: 328)
2026-02-26 16:18:41,888 [DEBUG] Iter 1110 | residual 2.249e-02 (Module: solver, Line: 328)
2026-02-26 16:18:41,889 [DEBUG] Iter 1120 | residual 2.288e-02 (Module: solver, Line: 328)
2026-02-26 16:18:41,889 [DEBUG] Iter 1130 | residual 2.324e-02 (Module: solver, Line: 328)
2026-02-26 16:18:41,890 [DEBUG] Iter 1140 | residual 2.359e-02 (Module: solver, Line: 328)
2026-02-26 16:18:41,890 [DEBUG] Iter 1150 | residual 2.392e-02 (Module: solver, Line: 328)
2026-02-26 16:18:41,890 [DEBUG] Iter 1160 | residual 2.423e-02 (Module: solver, Line: 328)
2026-02-26 16:18:41,891 [DEBUG] Iter 1170 | residual 2.453e-02 (Module: solver, Line: 328)
2026-02-26 16:18:41,891 [DEBUG] Iter 1180 | residual 2.481e-02 (Module: solver, Line: 328)
2026-02-26 16:18:41,891 [DEBUG] Iter 1190 | residual 2.508e-02 (Module: solver, Line: 328)
2026-02-26 16:18:41,891 [DEBUG] Iter 1200 | residual 2.533e-02 (Module: solver, Line: 328)
2026-02-26 16:18:41,893 [DEBUG] Iter 1210 | residual 2.558e-02 (Module: solver, Line: 328)
2026-02-26 16:18:41,893 [DEBUG] Iter 1220 | residual 2.581e-02 (Module: solver, Line: 328)
2026-02-26 16:18:41,894 [DEBUG] Iter 1230 | residual 2.604e-02 (Module: solver, Line: 328)
2026-02-26 16:18:41,894 [DEBUG] Iter 1240 | residual 2.625e-02 (Module: solver, Line: 328)
2026-02-26 16:18:41,895 [DEBUG] Iter 1250 | residual 2.645e-02 (Module: solver, Line: 328)
2026-02-26 16:18:41,895 [DEBUG] Iter 1260 | residual 2.664e-02 (Module: solver, Line: 328)
2026-02-26 16:18:41,895 [DEBUG] Iter 1270 | residual 2.683e-02 (Module: solver, Line: 328)
2026-02-26 16:18:41,896 [DEBUG] Iter 1280 | residual 2.700e-02 (Module: solver, Line: 328)
2026-02-26 16:18:41,897 [DEBUG] Iter 1290 | residual 2.717e-02 (Module: solver, Line: 328)
2026-02-26 16:18:41,898 [DEBUG] Iter 1300 | residual 2.733e-02 (Module: solver, Line: 328)
2026-02-26 16:18:41,898 [DEBUG] Iter 1310 | residual 2.748e-02 (Module: solver, Line: 328)
2026-02-26 16:18:41,898 [DEBUG] Iter 1320 | residual 2.763e-02 (Module: solver, Line: 328)
2026-02-26 16:18:41,900 [DEBUG] Iter 1330 | residual 2.777e-02 (Module: solver, Line: 328)
2026-02-26 16:18:41,900 [DEBUG] Iter 1340 | residual 2.790e-02 (Module: solver, Line: 328)
2026-02-26 16:18:41,901 [DEBUG] Iter 1350 | residual 2.803e-02 (Module: solver, Line: 328)
2026-02-26 16:18:41,902 [DEBUG] Iter 1360 | residual 2.815e-02 (Module: solver, Line: 328)
2026-02-26 16:18:41,902 [DEBUG] Iter 1370 | residual 2.826e-02 (Module: solver, Line: 328)
2026-02-26 16:18:41,902 [DEBUG] Iter 1380 | residual 2.837e-02 (Module: solver, Line: 328)
2026-02-26 16:18:41,902 [DEBUG] Iter 1390 | residual 2.848e-02 (Module: solver, Line: 328)
2026-02-26 16:18:41,902 [DEBUG] Iter 1400 | residual 2.858e-02 (Module: solver, Line: 328)
2026-02-26 16:18:41,902 [DEBUG] Iter 1410 | residual 2.868e-02 (Module: solver, Line: 328)
2026-02-26 16:18:41,902 [DEBUG] Iter 1420 | residual 2.877e-02 (Module: solver, Line: 328)
2026-02-26 16:18:41,902 [DEBUG] Iter 1430 | residual 2.885e-02 (Module: solver, Line: 328)
2026-02-26 16:18:41,902 [DEBUG] Iter 1440 | residual 2.894e-02 (Module: solver, Line: 328)
2026-02-26 16:18:41,902 [DEBUG] Iter 1450 | residual 2.902e-02 (Module: solver, Line: 328)
2026-02-26 16:18:41,902 [DEBUG] Iter 1460 | residual 2.910e-02 (Module: solver, Line: 328)
2026-02-26 16:18:41,902 [DEBUG] Iter 1470 | residual 2.917e-02 (Module: solver, Line: 328)
2026-02-26 16:18:41,902 [DEBUG] Iter 1480 | residual 2.924e-02 (Module: solver, Line: 328)
2026-02-26 16:18:41,902 [DEBUG] Iter 1490 | residual 2.931e-02 (Module: solver, Line: 328)
2026-02-26 16:18:41,902 [DEBUG] Iter 1500 | residual 2.937e-02 (Module: solver, Line: 328)
2026-02-26 16:18:41,902 [DEBUG] Iter 1510 | residual 2.943e-02 (Module: solver, Line: 328)
2026-02-26 16:18:41,902 [DEBUG] Iter 1520 | residual 2.949e-02 (Module: solver, Line: 328)
2026-02-26 16:18:41,902 [DEBUG] Iter 1530 | residual 2.955e-02 (Module: solver, Line: 328)
2026-02-26 16:18:41,902 [DEBUG] Iter 1540 | residual 2.960e-02 (Module: solver, Line: 328)
2026-02-26 16:18:41,902 [DEBUG] Iter 1550 | residual 2.965e-02 (Module: solver, Line: 328)
2026-02-26 16:18:41,902 [DEBUG] Iter 1560 | residual 2.970e-02 (Module: solver, Line: 328)
2026-02-26 16:18:41,911 [DEBUG] Iter 1570 | residual 2.975e-02 (Module: solver, Line: 328)
2026-02-26 16:18:41,911 [DEBUG] Iter 1580 | residual 2.979e-02 (Module: solver, Line: 328)
2026-02-26 16:18:41,911 [DEBUG] Iter 1590 | residual 2.983e-02 (Module: solver, Line: 328)
2026-02-26 16:18:41,911 [DEBUG] Iter 1600 | residual 2.988e-02 (Module: solver, Line: 328)
2026-02-26 16:18:41,913 [DEBUG] Iter 1610 | residual 2.992e-02 (Module: solver, Line: 328)
2026-02-26 16:18:41,913 [DEBUG] Iter 1620 | residual 2.995e-02 (Module: solver, Line: 328)
2026-02-26 16:18:41,914 [DEBUG] Iter 1630 | residual 2.999e-02 (Module: solver, Line: 328)
2026-02-26 16:18:41,914 [DEBUG] Iter 1640 | residual 3.002e-02 (Module: solver, Line: 328)
2026-02-26 16:18:41,914 [DEBUG] Iter 1650 | residual 3.006e-02 (Module: solver, Line: 328)
2026-02-26 16:18:41,915 [DEBUG] Iter 1660 | residual 3.009e-02 (Module: solver, Line: 328)
2026-02-26 16:18:41,916 [DEBUG] Iter 1670 | residual 3.012e-02 (Module: solver, Line: 328)
2026-02-26 16:18:41,916 [DEBUG] Iter 1680 | residual 3.015e-02 (Module: solver, Line: 328)
2026-02-26 16:18:41,917 [DEBUG] Iter 1690 | residual 3.018e-02 (Module: solver, Line: 328)
2026-02-26 16:18:41,917 [DEBUG] Iter 1700 | residual 3.020e-02 (Module: solver, Line: 328)
2026-02-26 16:18:41,918 [DEBUG] Iter 1710 | residual 3.023e-02 (Module: solver, Line: 328)
2026-02-26 16:18:41,918 [DEBUG] Iter 1720 | residual 3.025e-02 (Module: solver, Line: 328)
2026-02-26 16:18:41,919 [DEBUG] Iter 1730 | residual 3.028e-02 (Module: solver, Line: 328)
2026-02-26 16:18:41,919 [DEBUG] Iter 1740 | residual 3.030e-02 (Module: solver, Line: 328)
2026-02-26 16:18:41,920 [DEBUG] Iter 1750 | residual 3.032e-02 (Module: solver, Line: 328)
2026-02-26 16:18:41,920 [DEBUG] Iter 1760 | residual 3.034e-02 (Module: solver, Line: 328)
2026-02-26 16:18:41,920 [DEBUG] Iter 1770 | residual 3.036e-02 (Module: solver, Line: 328)
2026-02-26 16:18:41,920 [DEBUG] Iter 1780 | residual 3.038e-02 (Module: solver, Line: 328)
2026-02-26 16:18:41,920 [DEBUG] Iter 1790 | residual 3.040e-02 (Module: solver, Line: 328)
2026-02-26 16:18:41,920 [DEBUG] Iter 1800 | residual 3.042e-02 (Module: solver, Line: 328)
2026-02-26 16:18:41,920 [DEBUG] Iter 1810 | residual 3.043e-02 (Module: solver, Line: 328)
2026-02-26 16:18:41,920 [DEBUG] Iter 1820 | residual 3.045e-02 (Module: solver, Line: 328)
2026-02-26 16:18:41,924 [DEBUG] Iter 1830 | residual 3.046e-02 (Module: solver, Line: 328)
2026-02-26 16:18:41,924 [DEBUG] Iter 1840 | residual 3.048e-02 (Module: solver, Line: 328)
2026-02-26 16:18:41,924 [DEBUG] Iter 1850 | residual 3.049e-02 (Module: solver, Line: 328)
2026-02-26 16:18:41,924 [DEBUG] Iter 1860 | residual 3.051e-02 (Module: solver, Line: 328)
2026-02-26 16:18:41,924 [DEBUG] Iter 1870 | residual 3.052e-02 (Module: solver, Line: 328)
2026-02-26 16:18:41,924 [DEBUG] Iter 1880 | residual 3.053e-02 (Module: solver, Line: 328)
2026-02-26 16:18:41,926 [DEBUG] Iter 1890 | residual 3.054e-02 (Module: solver, Line: 328)
2026-02-26 16:18:41,926 [DEBUG] Iter 1900 | residual 3.055e-02 (Module: solver, Line: 328)
2026-02-26 16:18:41,926 [DEBUG] Iter 1910 | residual 3.056e-02 (Module: solver, Line: 328)
2026-02-26 16:18:41,926 [DEBUG] Iter 1920 | residual 3.058e-02 (Module: solver, Line: 328)
2026-02-26 16:18:41,926 [DEBUG] Iter 1930 | residual 3.058e-02 (Module: solver, Line: 328)
2026-02-26 16:18:41,926 [DEBUG] Iter 1940 | residual 3.059e-02 (Module: solver, Line: 328)
2026-02-26 16:18:41,926 [DEBUG] Iter 1950 | residual 3.060e-02 (Module: solver, Line: 328)
2026-02-26 16:18:41,926 [DEBUG] Iter 1960 | residual 3.061e-02 (Module: solver, Line: 328)
2026-02-26 16:18:41,930 [DEBUG] Iter 1970 | residual 3.062e-02 (Module: solver, Line: 328)
2026-02-26 16:18:41,930 [DEBUG] Iter 1980 | residual 3.063e-02 (Module: solver, Line: 328)
2026-02-26 16:18:41,930 [DEBUG] Iter 1990 | residual 3.064e-02 (Module: solver, Line: 328)
2026-02-26 16:18:41,931 [DEBUG] Iter 2000 | residual 3.064e-02 (Module: solver, Line: 328)
2026-02-26 16:18:41,931 [WARNING] Solver info=1000 (not converged). (Module: solver, Line: 344)
2026-02-26 16:18:41,931 [INFO] Switching to direct SuperLU fall-back. (Module: solver, Line: 359)
2026-02-26 16:18:41,931 [DEBUG] Using SuperLU direct solver (Module: solver, Line: 306)
2026-02-26 16:18:41,931 [INFO] Condensed residual norm: 6.660e-03 (Module: solver, Line: 204)
2026-02-26 16:18:41,931 [WARNING] Residual is high – verify model! (Module: solver, Line: 207)
2026-02-26 16:18:41,932 [INFO] 📊 Condensed solver report: (Module: solver, Line: 384)
2026-02-26 16:18:41,932 [INFO]  • dofs: 384 (Module: solver, Line: 386)
2026-02-26 16:18:41,932 [INFO]  • nnz: 1648 (Module: solver, Line: 386)
2026-02-26 16:18:41,932 [INFO]  • density: 0.011176215277777778 (Module: solver, Line: 386)
2026-02-26 16:18:41,932 [INFO]  • condition_est: 1.0070342365582725 (Module: solver, Line: 386)
2026-02-26 16:18:41,932 [INFO]  • solve_phases: {'iterative': 0.0468418999998903, 'factorization': 0.0003176000000166823, 'solution': 0.00035740000021178275} (Module: solver, Line: 386)
2026-02-26 16:18:41,932 [INFO]  • iters: 2000 (Module: solver, Line: 386)
2026-02-26 16:18:41,932 [INFO]  • final_residual: 0.030642230756386894 (Module: solver, Line: 386)
