
=== Element 3 Force Vector Computation ===

=== Distributed Loads ===
=== N (12, 6) ===
[[ 0.887298  0.        0.        0.        0.        0.      ]
 [ 0.        0.964758  0.        0.        0.        0.      ]
 [ 0.        0.        0.964758  0.        0.        0.      ]
 [ 0.        0.        0.        0.887298  0.        0.      ]
 [ 0.        0.        0.        0.       -0.011091  0.      ]
 [ 0.        0.        0.        0.        0.        0.011091]
 [ 0.112702  0.        0.        0.        0.        0.      ]
 [ 0.        0.035242  0.        0.        0.        0.      ]
 [ 0.        0.        0.035242  0.        0.        0.      ]
 [ 0.        0.        0.        0.112702  0.        0.      ]
 [ 0.        0.        0.        0.        0.001409  0.      ]
 [ 0.        0.        0.        0.        0.       -0.001409]]

=== q (6,) ===
[  0.       -97.271927   0.         0.         0.         0.      ]

=== N (12, 6) ===
[[ 0.5       0.        0.        0.        0.        0.      ]
 [ 0.        0.5       0.        0.        0.        0.      ]
 [ 0.        0.        0.5       0.        0.        0.      ]
 [ 0.        0.        0.        0.5       0.        0.      ]
 [ 0.        0.        0.        0.       -0.015625  0.      ]
 [ 0.        0.        0.        0.        0.        0.015625]
 [ 0.5       0.        0.        0.        0.        0.      ]
 [ 0.        0.5       0.        0.        0.        0.      ]
 [ 0.        0.        0.5       0.        0.        0.      ]
 [ 0.        0.        0.        0.5       0.        0.      ]
 [ 0.        0.        0.        0.        0.015625  0.      ]
 [ 0.        0.        0.        0.        0.       -0.015625]]

=== q (6,) ===
[   0.    -109.375    0.       0.       0.       0.   ]

=== N (12, 6) ===
[[ 0.112702  0.        0.        0.        0.        0.      ]
 [ 0.        0.035242  0.        0.        0.        0.      ]
 [ 0.        0.        0.035242  0.        0.        0.      ]
 [ 0.        0.        0.        0.112702  0.        0.      ]
 [ 0.        0.        0.        0.       -0.001409  0.      ]
 [ 0.        0.        0.        0.        0.        0.001409]
 [ 0.887298  0.        0.        0.        0.        0.      ]
 [ 0.        0.964758  0.        0.        0.        0.      ]
 [ 0.        0.        0.964758  0.        0.        0.      ]
 [ 0.        0.        0.        0.887298  0.        0.      ]
 [ 0.        0.        0.        0.        0.011091  0.      ]
 [ 0.        0.        0.        0.        0.       -0.011091]]

=== q (6,) ===
[   0.       -121.478073    0.          0.          0.          0.      ]

=== Total Fe (12,) ===
[[ 0.       -6.445312  0.        0.        0.        0.        0.       -7.226562  0.
   0.        0.        0.      ]]

=== Final Force Vector ===
[[ 0.       -6.445312  0.        0.        0.        0.        0.       -7.226562  0.        0.        0.
   0.      ]]

