Machine Specifications:
   - OS: Windows 11 (10.0.26100)
       • Logical cores: 20
       • Physical cores: 12
   - RAM: 31.24 GB
   - Disk: 943.72 GB total, 2.48 GB free
   - Python Version: 3.12.5 (C:\Users\s1834431\AppData\Local\Programs\Python\Python312\python.exe)
   - GPU(s): Intel(R) UHD Graphics 770

Job: job_0010_n4
Timestamp (job start): 2026-02-26_16-19-25-200627
Total Time: 6.35 sec

+-------------------------------+------------+---------------+-------------+-----------+
| Step                          |   Time (s) |   Memory (MB) |   Disk (GB) |   CPU (%) |
+===============================+============+===============+=============+===========+
| Parsing                       | 0          |       137.457 |     941.231 |         0 |
+-------------------------------+------------+---------------+-------------+-----------+
| Element Instantiation         | 0.00694418 |       137.457 |     941.231 |         0 |
+-------------------------------+------------+---------------+-------------+-----------+
| Element Stiffness Computation | 0.0124147  |       137.457 |     941.231 |         0 |
+-------------------------------+------------+---------------+-------------+-----------+
| Element Force Computation     | 0.00700665 |       137.457 |     941.231 |         0 |
+-------------------------------+------------+---------------+-------------+-----------+
| Full Simulation               | 5.71094    |       137.473 |     941.235 |         0 |
+-------------------------------+------------+---------------+-------------+-----------+

Parallel Jobs: None
Start Memory: 137.46 MB | End Memory: 137.47 MB
Start Disk Usage: 941.23 GB | End Disk Usage: 941.24 GB
Start CPU: 0.00% | End CPU: 0.00%
