2026-02-26 16:19:21,791 [DEBUG] 📁 Log file created at: c:\Users\s1834431\Programs\fem_model\post_processing\results\job_0010_n4_2026-02-26_16-19-18-656648_pid18316_0ff8520f\logs\ModifyGlobalSystem.log (Module: modification, Line: 134)
2026-02-26 16:19:21,791 [INFO] 🔧 Applying stabilized boundary conditions... (Module: modification, Line: 152)
2026-02-26 16:19:21,791 [DEBUG] Computed penalty value: 1.00e+36 (Module: modification, Line: 210)
2026-02-26 16:19:21,791 [DEBUG] 
======================================== System Diagnostics ======================================== (Module: modification, Line: 325)
2026-02-26 16:19:21,791 [DEBUG] Original Non-zeros: 130
Modified Non-zeros: 106
Penalty Value: 1.00e+36
Stabilization Factor: 1.00e+26 (Module: modification, Line: 337)
2026-02-26 16:19:21,791 [DEBUG] 
Modified Stiffness Matrix:
         0        1        2        3        4        5         6         7         8         9        10        11        12        13        14        15        16        17        18        19        20        21        22        23        24        25        26        27        28        29
0  1.00e+36 0.00e+00 0.00e+00 0.00e+00 0.00e+00 0.00e+00  0.00e+00  0.00e+00  0.00e+00  0.00e+00 0.00e+00  0.00e+00  0.00e+00  0.00e+00  0.00e+00  0.00e+00  0.00e+00  0.00e+00  0.00e+00  0.00e+00  0.00e+00  0.00e+00  0.00e+00  0.00e+00  0.00e+00  0.00e+00  0.00e+00  0.00e+00  0.00e+00  0.00e+00
1  0.00e+00 1.00e+36 0.00e+00 0.00e+00 0.00e+00 0.00e+00  0.00e+00  0.00e+00  0.00e+00  0.00e+00 0.00e+00  0.00e+00  0.00e+00  0.00e+00  0.00e+00  0.00e+00  0.00e+00  0.00e+00  0.00e+00  0.00e+00  0.00e+00  0.00e+00  0.00e+00  0.00e+00  0.00e+00  0.00e+00  0.00e+00  0.00e+00  0.00e+00  0.00e+00
2  0.00e+00 0.00e+00 1.00e+36 0.00e+00 0.00e+00 0.00e+00  0.00e+00  0.00e+00  0.00e+00  0.00e+00 0.00e+00  0.00e+00  0.00e+00  0.00e+00  0.00e+00  0.00e+00  0.00e+00  0.00e+00  0.00e+00  0.00e+00  0.00e+00  0.00e+00  0.00e+00  0.00e+00  0.00e+00  0.00e+00  0.00e+00  0.00e+00  0.00e+00  0.00e+00
3  0.00e+00 0.00e+00 0.00e+00 1.00e+36 0.00e+00 0.00e+00  0.00e+00  0.00e+00  0.00e+00  0.00e+00 0.00e+00  0.00e+00  0.00e+00  0.00e+00  0.00e+00  0.00e+00  0.00e+00  0.00e+00  0.00e+00  0.00e+00  0.00e+00  0.00e+00  0.00e+00  0.00e+00  0.00e+00  0.00e+00  0.00e+00  0.00e+00  0.00e+00  0.00e+00
4  0.00e+00 0.00e+00 0.00e+00 0.00e+00 1.00e+36 0.00e+00  0.00e+00  0.00e+00  0.00e+00  0.00e+00 0.00e+00  0.00e+00  0.00e+00  0.00e+00  0.00e+00  0.00e+00  0.00e+00  0.00e+00  0.00e+00  0.00e+00  0.00e+00  0.00e+00  0.00e+00  0.00e+00  0.00e+00  0.00e+00  0.00e+00  0.00e+00  0.00e+00  0.00e+00
5  0.00e+00 0.00e+00 0.00e+00 0.00e+00 0.00e+00 1.00e+36  0.00e+00  0.00e+00  0.00e+00  0.00e+00 0.00e+00  0.00e+00  0.00e+00  0.00e+00  0.00e+00  0.00e+00  0.00e+00  0.00e+00  0.00e+00  0.00e+00  0.00e+00  0.00e+00  0.00e+00  0.00e+00  0.00e+00  0.00e+00  0.00e+00  0.00e+00  0.00e+00  0.00e+00
6  0.00e+00 0.00e+00 0.00e+00 0.00e+00 0.00e+00 0.00e+00  1.10e+09  0.00e+00  0.00e+00  0.00e+00 0.00e+00  0.00e+00 -5.50e+08  0.00e+00  0.00e+00  0.00e+00  0.00e+00  0.00e+00  0.00e+00  0.00e+00  0.00e+00  0.00e+00  0.00e+00  0.00e+00  0.00e+00  0.00e+00  0.00e+00  0.00e+00  0.00e+00  0.00e+00
7  0.00e+00 0.00e+00 0.00e+00 0.00e+00 0.00e+00 0.00e+00  0.00e+00  3.54e+08  0.00e+00  0.00e+00 0.00e+00  0.00e+00  0.00e+00 -1.77e+08  0.00e+00  0.00e+00  0.00e+00  4.42e+07  0.00e+00  0.00e+00  0.00e+00  0.00e+00  0.00e+00  0.00e+00  0.00e+00  0.00e+00  0.00e+00  0.00e+00  0.00e+00  0.00e+00
8  0.00e+00 0.00e+00 0.00e+00 0.00e+00 0.00e+00 0.00e+00  0.00e+00  0.00e+00  3.54e+08  0.00e+00 0.00e+00  0.00e+00  0.00e+00  0.00e+00 -1.77e+08  0.00e+00 -4.42e+07  0.00e+00  0.00e+00  0.00e+00  0.00e+00  0.00e+00  0.00e+00  0.00e+00  0.00e+00  0.00e+00  0.00e+00  0.00e+00  0.00e+00  0.00e+00
9  0.00e+00 0.00e+00 0.00e+00 0.00e+00 0.00e+00 0.00e+00  0.00e+00  0.00e+00  0.00e+00  8.45e+03 0.00e+00  0.00e+00  0.00e+00  0.00e+00  0.00e+00 -4.22e+03  0.00e+00  0.00e+00  0.00e+00  0.00e+00  0.00e+00  0.00e+00  0.00e+00  0.00e+00  0.00e+00  0.00e+00  0.00e+00  0.00e+00  0.00e+00  0.00e+00
10 0.00e+00 0.00e+00 0.00e+00 0.00e+00 0.00e+00 0.00e+00  0.00e+00  0.00e+00  0.00e+00  0.00e+00 2.24e+07  0.00e+00  0.00e+00  0.00e+00  4.42e+07  0.00e+00  1.09e+07  0.00e+00  0.00e+00  0.00e+00  0.00e+00  0.00e+00  0.00e+00  0.00e+00  0.00e+00  0.00e+00  0.00e+00  0.00e+00  0.00e+00  0.00e+00
11 0.00e+00 0.00e+00 0.00e+00 0.00e+00 0.00e+00 0.00e+00  0.00e+00  0.00e+00  0.00e+00  0.00e+00 0.00e+00  2.39e+07  0.00e+00 -4.42e+07  0.00e+00  0.00e+00  0.00e+00  1.02e+07  0.00e+00  0.00e+00  0.00e+00  0.00e+00  0.00e+00  0.00e+00  0.00e+00  0.00e+00  0.00e+00  0.00e+00  0.00e+00  0.00e+00
12 0.00e+00 0.00e+00 0.00e+00 0.00e+00 0.00e+00 0.00e+00 -5.50e+08  0.00e+00  0.00e+00  0.00e+00 0.00e+00  0.00e+00  1.10e+09  0.00e+00  0.00e+00  0.00e+00  0.00e+00  0.00e+00 -5.50e+08  0.00e+00  0.00e+00  0.00e+00  0.00e+00  0.00e+00  0.00e+00  0.00e+00  0.00e+00  0.00e+00  0.00e+00  0.00e+00
13 0.00e+00 0.00e+00 0.00e+00 0.00e+00 0.00e+00 0.00e+00  0.00e+00 -1.77e+08  0.00e+00  0.00e+00 0.00e+00 -4.42e+07  0.00e+00  3.54e+08  0.00e+00  0.00e+00  0.00e+00  0.00e+00  0.00e+00 -1.77e+08  0.00e+00  0.00e+00  0.00e+00  4.42e+07  0.00e+00  0.00e+00  0.00e+00  0.00e+00  0.00e+00  0.00e+00
14 0.00e+00 0.00e+00 0.00e+00 0.00e+00 0.00e+00 0.00e+00  0.00e+00  0.00e+00 -1.77e+08  0.00e+00 4.42e+07  0.00e+00  0.00e+00  0.00e+00  3.54e+08  0.00e+00  0.00e+00  0.00e+00  0.00e+00  0.00e+00 -1.77e+08  0.00e+00 -4.42e+07  0.00e+00  0.00e+00  0.00e+00  0.00e+00  0.00e+00  0.00e+00  0.00e+00
15 0.00e+00 0.00e+00 0.00e+00 0.00e+00 0.00e+00 0.00e+00  0.00e+00  0.00e+00  0.00e+00 -4.22e+03 0.00e+00  0.00e+00  0.00e+00  0.00e+00  0.00e+00  8.45e+03  0.00e+00  0.00e+00  0.00e+00  0.00e+00  0.00e+00 -4.22e+03  0.00e+00  0.00e+00  0.00e+00  0.00e+00  0.00e+00  0.00e+00  0.00e+00  0.00e+00
16 0.00e+00 0.00e+00 0.00e+00 0.00e+00 0.00e+00 0.00e+00  0.00e+00  0.00e+00 -4.42e+07  0.00e+00 1.09e+07  0.00e+00  0.00e+00  0.00e+00  0.00e+00  0.00e+00  2.24e+07  0.00e+00  0.00e+00  0.00e+00  4.42e+07  0.00e+00  1.09e+07  0.00e+00  0.00e+00  0.00e+00  0.00e+00  0.00e+00  0.00e+00  0.00e+00
17 0.00e+00 0.00e+00 0.00e+00 0.00e+00 0.00e+00 0.00e+00  0.00e+00  4.42e+07  0.00e+00  0.00e+00 0.00e+00  1.02e+07  0.00e+00  0.00e+00  0.00e+00  0.00e+00  0.00e+00  2.39e+07  0.00e+00 -4.42e+07  0.00e+00  0.00e+00  0.00e+00  1.02e+07  0.00e+00  0.00e+00  0.00e+00  0.00e+00  0.00e+00  0.00e+00
18 0.00e+00 0.00e+00 0.00e+00 0.00e+00 0.00e+00 0.00e+00  0.00e+00  0.00e+00  0.00e+00  0.00e+00 0.00e+00  0.00e+00 -5.50e+08  0.00e+00  0.00e+00  0.00e+00  0.00e+00  0.00e+00  1.10e+09  0.00e+00  0.00e+00  0.00e+00  0.00e+00  0.00e+00 -5.50e+08  0.00e+00  0.00e+00  0.00e+00  0.00e+00  0.00e+00
19 0.00e+00 0.00e+00 0.00e+00 0.00e+00 0.00e+00 0.00e+00  0.00e+00  0.00e+00  0.00e+00  0.00e+00 0.00e+00  0.00e+00  0.00e+00 -1.77e+08  0.00e+00  0.00e+00  0.00e+00 -4.42e+07  0.00e+00  3.54e+08  0.00e+00  0.00e+00  0.00e+00  0.00e+00  0.00e+00 -1.77e+08  0.00e+00  0.00e+00  0.00e+00  4.42e+07
20 0.00e+00 0.00e+00 0.00e+00 0.00e+00 0.00e+00 0.00e+00  0.00e+00  0.00e+00  0.00e+00  0.00e+00 0.00e+00  0.00e+00  0.00e+00  0.00e+00 -1.77e+08  0.00e+00  4.42e+07  0.00e+00  0.00e+00  0.00e+00  3.54e+08  0.00e+00  0.00e+00  0.00e+00  0.00e+00  0.00e+00 -1.77e+08  0.00e+00 -4.42e+07  0.00e+00
21 0.00e+00 0.00e+00 0.00e+00 0.00e+00 0.00e+00 0.00e+00  0.00e+00  0.00e+00  0.00e+00  0.00e+00 0.00e+00  0.00e+00  0.00e+00  0.00e+00  0.00e+00 -4.22e+03  0.00e+00  0.00e+00  0.00e+00  0.00e+00  0.00e+00  8.45e+03  0.00e+00  0.00e+00  0.00e+00  0.00e+00  0.00e+00 -4.22e+03  0.00e+00  0.00e+00
22 0.00e+00 0.00e+00 0.00e+00 0.00e+00 0.00e+00 0.00e+00  0.00e+00  0.00e+00  0.00e+00  0.00e+00 0.00e+00  0.00e+00  0.00e+00  0.00e+00 -4.42e+07  0.00e+00  1.09e+07  0.00e+00  0.00e+00  0.00e+00  0.00e+00  0.00e+00  2.24e+07  0.00e+00  0.00e+00  0.00e+00  4.42e+07  0.00e+00  1.09e+07  0.00e+00
23 0.00e+00 0.00e+00 0.00e+00 0.00e+00 0.00e+00 0.00e+00  0.00e+00  0.00e+00  0.00e+00  0.00e+00 0.00e+00  0.00e+00  0.00e+00  4.42e+07  0.00e+00  0.00e+00  0.00e+00  1.02e+07  0.00e+00  0.00e+00  0.00e+00  0.00e+00  0.00e+00  2.39e+07  0.00e+00 -4.42e+07  0.00e+00  0.00e+00  0.00e+00  1.02e+07
24 0.00e+00 0.00e+00 0.00e+00 0.00e+00 0.00e+00 0.00e+00  0.00e+00  0.00e+00  0.00e+00  0.00e+00 0.00e+00  0.00e+00  0.00e+00  0.00e+00  0.00e+00  0.00e+00  0.00e+00  0.00e+00 -5.50e+08  0.00e+00  0.00e+00  0.00e+00  0.00e+00  0.00e+00  5.50e+08  0.00e+00  0.00e+00  0.00e+00  0.00e+00  0.00e+00
25 0.00e+00 0.00e+00 0.00e+00 0.00e+00 0.00e+00 0.00e+00  0.00e+00  0.00e+00  0.00e+00  0.00e+00 0.00e+00  0.00e+00  0.00e+00  0.00e+00  0.00e+00  0.00e+00  0.00e+00  0.00e+00  0.00e+00 -1.77e+08  0.00e+00  0.00e+00  0.00e+00 -4.42e+07  0.00e+00  1.77e+08  0.00e+00  0.00e+00  0.00e+00 -4.42e+07
26 0.00e+00 0.00e+00 0.00e+00 0.00e+00 0.00e+00 0.00e+00  0.00e+00  0.00e+00  0.00e+00  0.00e+00 0.00e+00  0.00e+00  0.00e+00  0.00e+00  0.00e+00  0.00e+00  0.00e+00  0.00e+00  0.00e+00  0.00e+00 -1.77e+08  0.00e+00  4.42e+07  0.00e+00  0.00e+00  0.00e+00  1.77e+08  0.00e+00  4.42e+07  0.00e+00
27 0.00e+00 0.00e+00 0.00e+00 0.00e+00 0.00e+00 0.00e+00  0.00e+00  0.00e+00  0.00e+00  0.00e+00 0.00e+00  0.00e+00  0.00e+00  0.00e+00  0.00e+00  0.00e+00  0.00e+00  0.00e+00  0.00e+00  0.00e+00  0.00e+00 -4.22e+03  0.00e+00  0.00e+00  0.00e+00  0.00e+00  0.00e+00  4.22e+03  0.00e+00  0.00e+00
28 0.00e+00 0.00e+00 0.00e+00 0.00e+00 0.00e+00 0.00e+00  0.00e+00  0.00e+00  0.00e+00  0.00e+00 0.00e+00  0.00e+00  0.00e+00  0.00e+00  0.00e+00  0.00e+00  0.00e+00  0.00e+00  0.00e+00  0.00e+00 -4.42e+07  0.00e+00  1.09e+07  0.00e+00  0.00e+00  0.00e+00  4.42e+07  0.00e+00  1.12e+07  0.00e+00
29 0.00e+00 0.00e+00 0.00e+00 0.00e+00 0.00e+00 0.00e+00  0.00e+00  0.00e+00  0.00e+00  0.00e+00 0.00e+00  0.00e+00  0.00e+00  0.00e+00  0.00e+00  0.00e+00  0.00e+00  0.00e+00  0.00e+00  4.42e+07  0.00e+00  0.00e+00  0.00e+00  1.02e+07  0.00e+00 -4.42e+07  0.00e+00  0.00e+00  0.00e+00  1.19e+07 (Module: modification, Line: 342)
2026-02-26 16:19:21,791 [DEBUG] 
Condition Estimate: 2.4e+32 (Module: modification, Line: 352)
2026-02-26 16:19:21,791 [INFO] ✅ Boundary conditions applied in 0.00s (Module: modification, Line: 170)
