=== Unnamed Matrix ===
[[0. 0.]
 [0. 0.]]


=== Element 16 Stiffness Matrix Computation ===
=== Element length  L  (1, 1) ===
[[0.03125]]

=== Material stiffness matrix  D  (6, 6) ===
[[2.751000e+08 0.000000e+00 0.000000e+00 0.000000e+00 0.000000e+00 0.000000e+00]
 [0.000000e+00 6.791400e+04 0.000000e+00 0.000000e+00 0.000000e+00 0.000000e+00]
 [0.000000e+00 0.000000e+00 4.384149e+05 0.000000e+00 0.000000e+00 0.000000e+00]
 [0.000000e+00 0.000000e+00 0.000000e+00 0.000000e+00 0.000000e+00 0.000000e+00]
 [0.000000e+00 0.000000e+00 0.000000e+00 0.000000e+00 0.000000e+00 0.000000e+00]
 [0.000000e+00 0.000000e+00 0.000000e+00 0.000000e+00 0.000000e+00 2.111451e+03]]


GP 1/3: ξ = -0.774597,  x = 5.035219e-01,  w = 5.555556e-01
=== Shape-function derivative  dN/dξ  (1, 12, 6) ===
[[[-0.5       0.        0.        0.        0.        0.      ]
  [ 0.       -0.3       0.        0.        0.        0.      ]
  [ 0.        0.       -0.3       0.        0.        0.      ]
  [ 0.        0.        0.       -0.5       0.        0.      ]
  [ 0.        0.        0.        0.       -0.009177  0.      ]
  [ 0.        0.        0.        0.        0.        0.009177]
  [ 0.5       0.        0.        0.        0.        0.      ]
  [ 0.        0.3       0.        0.        0.        0.      ]
  [ 0.        0.        0.3       0.        0.        0.      ]
  [ 0.        0.        0.        0.5       0.        0.      ]
  [ 0.        0.        0.        0.        0.002927  0.      ]
  [ 0.        0.        0.        0.        0.       -0.002927]]]

=== Second derivative  d²N/dξ²  (1, 12, 6) ===
[[[ 0.        0.        0.        0.        0.        0.      ]
  [ 0.       -1.161895  0.        0.        0.        0.      ]
  [ 0.        0.       -1.161895  0.        0.        0.      ]
  [ 0.        0.        0.        0.        0.        0.      ]
  [ 0.        0.        0.        0.        0.025967  0.      ]
  [ 0.        0.        0.        0.        0.       -0.025967]
  [ 0.        0.        0.        0.        0.        0.      ]
  [ 0.        1.161895  0.        0.        0.        0.      ]
  [ 0.        0.        1.161895  0.        0.        0.      ]
  [ 0.        0.        0.        0.        0.        0.      ]
  [ 0.        0.        0.        0.        0.010342  0.      ]
  [ 0.        0.        0.        0.        0.       -0.010342]]]

=== Strain-displacement matrix  B  (6, 12) ===
[[  -32.           0.           0.           0.           0.           0.          32.           0.           0.
      0.           0.           0.      ]
 [    0.           0.       -4759.121936     0.         106.36128      0.           0.           0.        4759.121936
      0.          42.36128      0.      ]
 [    0.       -4759.121936     0.           0.           0.        -106.36128      0.        4759.121936     0.
      0.           0.         -42.36128 ]
 [    0.           0.           0.           0.           0.           0.           0.           0.           0.
      0.           0.           0.      ]
 [    0.           0.           0.           0.           0.           0.           0.           0.           0.
      0.           0.           0.      ]
 [    0.           0.           0.         -32.           0.           0.           0.           0.           0.
     32.           0.           0.      ]]

=== Gauss-point contribution  BᵀDB  (12, 12) ===
[[ 2.445333e+09  0.000000e+00  0.000000e+00  0.000000e+00  0.000000e+00  0.000000e+00 -2.445333e+09  0.000000e+00
   0.000000e+00  0.000000e+00  0.000000e+00  0.000000e+00]
 [ 0.000000e+00  8.619588e+10  0.000000e+00  0.000000e+00  0.000000e+00  1.926386e+09  0.000000e+00 -8.619588e+10
   0.000000e+00  0.000000e+00  0.000000e+00  7.672356e+08]
 [ 0.000000e+00  0.000000e+00  1.335244e+10  0.000000e+00 -2.984126e+08  0.000000e+00  0.000000e+00  0.000000e+00
  -1.335244e+10  0.000000e+00 -1.188510e+08  0.000000e+00]
 [ 0.000000e+00  0.000000e+00  0.000000e+00  1.876846e+04  0.000000e+00  0.000000e+00  0.000000e+00  0.000000e+00
   0.000000e+00 -1.876846e+04  0.000000e+00  0.000000e+00]
 [ 0.000000e+00  0.000000e+00 -2.984126e+08  0.000000e+00  6.669203e+06  0.000000e+00  0.000000e+00  0.000000e+00
   2.984126e+08  0.000000e+00  2.656192e+06  0.000000e+00]
 [ 0.000000e+00  1.926386e+09  0.000000e+00  0.000000e+00  0.000000e+00  4.305266e+07  0.000000e+00 -1.926386e+09
   0.000000e+00  0.000000e+00  0.000000e+00  1.714689e+07]
 [-2.445333e+09  0.000000e+00  0.000000e+00  0.000000e+00  0.000000e+00  0.000000e+00  2.445333e+09  0.000000e+00
   0.000000e+00  0.000000e+00  0.000000e+00  0.000000e+00]
 [ 0.000000e+00 -8.619588e+10  0.000000e+00  0.000000e+00  0.000000e+00 -1.926386e+09  0.000000e+00  8.619588e+10
   0.000000e+00  0.000000e+00  0.000000e+00 -7.672356e+08]
 [ 0.000000e+00  0.000000e+00 -1.335244e+10  0.000000e+00  2.984126e+08  0.000000e+00  0.000000e+00  0.000000e+00
   1.335244e+10  0.000000e+00  1.188510e+08  0.000000e+00]
 [ 0.000000e+00  0.000000e+00  0.000000e+00 -1.876846e+04  0.000000e+00  0.000000e+00  0.000000e+00  0.000000e+00
   0.000000e+00  1.876846e+04  0.000000e+00  0.000000e+00]
 [ 0.000000e+00  0.000000e+00 -1.188510e+08  0.000000e+00  2.656192e+06  0.000000e+00  0.000000e+00  0.000000e+00
   1.188510e+08  0.000000e+00  1.057901e+06  0.000000e+00]
 [ 0.000000e+00  7.672356e+08  0.000000e+00  0.000000e+00  0.000000e+00  1.714689e+07  0.000000e+00 -7.672356e+08
   0.000000e+00  0.000000e+00  0.000000e+00  6.829218e+06]]


GP 2/3: ξ = 0.000000,  x = 5.156250e-01,  w = 8.888889e-01
=== Shape-function derivative  dN/dξ  (1, 12, 6) ===
[[[-0.5       0.        0.        0.        0.        0.      ]
  [ 0.       -0.75      0.        0.        0.        0.      ]
  [ 0.        0.       -0.75      0.        0.        0.      ]
  [ 0.        0.        0.       -0.5       0.        0.      ]
  [ 0.        0.        0.        0.        0.003906  0.      ]
  [ 0.        0.        0.        0.        0.       -0.003906]
  [ 0.5       0.        0.        0.        0.        0.      ]
  [ 0.        0.75      0.        0.        0.        0.      ]
  [ 0.        0.        0.75      0.        0.        0.      ]
  [ 0.        0.        0.        0.5       0.        0.      ]
  [ 0.        0.        0.        0.        0.003906  0.      ]
  [ 0.        0.        0.        0.        0.       -0.003906]]]

=== Second derivative  d²N/dξ²  (1, 12, 6) ===
[[[ 0.        0.        0.        0.        0.        0.      ]
  [ 0.        0.        0.        0.        0.        0.      ]
  [ 0.        0.        0.        0.        0.        0.      ]
  [ 0.        0.        0.        0.        0.        0.      ]
  [ 0.        0.        0.        0.        0.007812  0.      ]
  [ 0.        0.        0.        0.        0.       -0.007812]
  [ 0.        0.        0.        0.        0.        0.      ]
  [ 0.       -0.        0.        0.        0.        0.      ]
  [ 0.        0.       -0.        0.        0.        0.      ]
  [ 0.        0.        0.        0.        0.        0.      ]
  [ 0.        0.        0.        0.       -0.007812  0.      ]
  [ 0.        0.        0.        0.        0.        0.007812]]]

=== Strain-displacement matrix  B  (6, 12) ===
[[-32.   0.   0.   0.   0.   0.  32.   0.   0.   0.   0.   0.]
 [  0.   0.   0.   0.  32.   0.   0.   0.  -0.   0. -32.   0.]
 [  0.   0.   0.   0.   0. -32.   0.  -0.   0.   0.   0.  32.]
 [  0.   0.   0.   0.   0.   0.   0.   0.   0.   0.   0.   0.]
 [  0.   0.   0.   0.   0.   0.   0.   0.   0.   0.   0.   0.]
 [  0.   0.   0. -32.   0.   0.   0.   0.   0.  32.   0.   0.]]

=== Gauss-point contribution  BᵀDB  (12, 12) ===
[[ 3.912533e+09  0.000000e+00  0.000000e+00  0.000000e+00  0.000000e+00  0.000000e+00 -3.912533e+09  0.000000e+00
   0.000000e+00  0.000000e+00  0.000000e+00  0.000000e+00]
 [ 0.000000e+00  0.000000e+00  0.000000e+00  0.000000e+00  0.000000e+00  0.000000e+00  0.000000e+00  0.000000e+00
   0.000000e+00  0.000000e+00  0.000000e+00  0.000000e+00]
 [ 0.000000e+00  0.000000e+00  0.000000e+00  0.000000e+00  0.000000e+00  0.000000e+00  0.000000e+00  0.000000e+00
   0.000000e+00  0.000000e+00  0.000000e+00  0.000000e+00]
 [ 0.000000e+00  0.000000e+00  0.000000e+00  3.002953e+04  0.000000e+00  0.000000e+00  0.000000e+00  0.000000e+00
   0.000000e+00 -3.002953e+04  0.000000e+00  0.000000e+00]
 [ 0.000000e+00  0.000000e+00  0.000000e+00  0.000000e+00  9.658880e+05  0.000000e+00  0.000000e+00  0.000000e+00
   0.000000e+00  0.000000e+00 -9.658880e+05  0.000000e+00]
 [ 0.000000e+00  0.000000e+00  0.000000e+00  0.000000e+00  0.000000e+00  6.235234e+06  0.000000e+00  0.000000e+00
   0.000000e+00  0.000000e+00  0.000000e+00 -6.235234e+06]
 [-3.912533e+09  0.000000e+00  0.000000e+00  0.000000e+00  0.000000e+00  0.000000e+00  3.912533e+09  0.000000e+00
   0.000000e+00  0.000000e+00  0.000000e+00  0.000000e+00]
 [ 0.000000e+00  0.000000e+00  0.000000e+00  0.000000e+00  0.000000e+00  0.000000e+00  0.000000e+00  0.000000e+00
   0.000000e+00  0.000000e+00  0.000000e+00  0.000000e+00]
 [ 0.000000e+00  0.000000e+00  0.000000e+00  0.000000e+00  0.000000e+00  0.000000e+00  0.000000e+00  0.000000e+00
   0.000000e+00  0.000000e+00  0.000000e+00  0.000000e+00]
 [ 0.000000e+00  0.000000e+00  0.000000e+00 -3.002953e+04  0.000000e+00  0.000000e+00  0.000000e+00  0.000000e+00
   0.000000e+00  3.002953e+04  0.000000e+00  0.000000e+00]
 [ 0.000000e+00  0.000000e+00  0.000000e+00  0.000000e+00 -9.658880e+05  0.000000e+00  0.000000e+00  0.000000e+00
   0.000000e+00  0.000000e+00  9.658880e+05  0.000000e+00]
 [ 0.000000e+00  0.000000e+00  0.000000e+00  0.000000e+00  0.000000e+00 -6.235234e+06  0.000000e+00  0.000000e+00
   0.000000e+00  0.000000e+00  0.000000e+00  6.235234e+06]]


GP 3/3: ξ = 0.774597,  x = 5.277281e-01,  w = 5.555556e-01
=== Shape-function derivative  dN/dξ  (1, 12, 6) ===
[[[-0.5       0.        0.        0.        0.        0.      ]
  [ 0.       -0.3       0.        0.        0.        0.      ]
  [ 0.        0.       -0.3       0.        0.        0.      ]
  [ 0.        0.        0.       -0.5       0.        0.      ]
  [ 0.        0.        0.        0.        0.002927  0.      ]
  [ 0.        0.        0.        0.        0.       -0.002927]
  [ 0.5       0.        0.        0.        0.        0.      ]
  [ 0.        0.3       0.        0.        0.        0.      ]
  [ 0.        0.        0.3       0.        0.        0.      ]
  [ 0.        0.        0.        0.5       0.        0.      ]
  [ 0.        0.        0.        0.       -0.009177  0.      ]
  [ 0.        0.        0.        0.        0.        0.009177]]]

=== Second derivative  d²N/dξ²  (1, 12, 6) ===
[[[ 0.        0.        0.        0.        0.        0.      ]
  [ 0.        1.161895  0.        0.        0.        0.      ]
  [ 0.        0.        1.161895  0.        0.        0.      ]
  [ 0.        0.        0.        0.        0.        0.      ]
  [ 0.        0.        0.        0.       -0.010342  0.      ]
  [ 0.        0.        0.        0.        0.        0.010342]
  [ 0.        0.        0.        0.        0.        0.      ]
  [ 0.       -1.161895  0.        0.        0.        0.      ]
  [ 0.        0.       -1.161895  0.        0.        0.      ]
  [ 0.        0.        0.        0.        0.        0.      ]
  [ 0.        0.        0.        0.       -0.025967  0.      ]
  [ 0.        0.        0.        0.        0.        0.025967]]]

=== Strain-displacement matrix  B  (6, 12) ===
[[  -32.           0.           0.           0.           0.           0.          32.           0.           0.
      0.           0.           0.      ]
 [    0.           0.        4759.121936     0.         -42.36128      0.           0.           0.       -4759.121936
      0.        -106.36128      0.      ]
 [    0.        4759.121936     0.           0.           0.          42.36128      0.       -4759.121936     0.
      0.           0.         106.36128 ]
 [    0.           0.           0.           0.           0.           0.           0.           0.           0.
      0.           0.           0.      ]
 [    0.           0.           0.           0.           0.           0.           0.           0.           0.
      0.           0.           0.      ]
 [    0.           0.           0.         -32.           0.           0.           0.           0.           0.
     32.           0.           0.      ]]

=== Gauss-point contribution  BᵀDB  (12, 12) ===
[[ 2.445333e+09  0.000000e+00  0.000000e+00  0.000000e+00  0.000000e+00  0.000000e+00 -2.445333e+09  0.000000e+00
   0.000000e+00  0.000000e+00  0.000000e+00  0.000000e+00]
 [ 0.000000e+00  8.619588e+10  0.000000e+00  0.000000e+00  0.000000e+00  7.672356e+08  0.000000e+00 -8.619588e+10
   0.000000e+00  0.000000e+00  0.000000e+00  1.926386e+09]
 [ 0.000000e+00  0.000000e+00  1.335244e+10  0.000000e+00 -1.188510e+08  0.000000e+00  0.000000e+00  0.000000e+00
  -1.335244e+10  0.000000e+00 -2.984126e+08  0.000000e+00]
 [ 0.000000e+00  0.000000e+00  0.000000e+00  1.876846e+04  0.000000e+00  0.000000e+00  0.000000e+00  0.000000e+00
   0.000000e+00 -1.876846e+04  0.000000e+00  0.000000e+00]
 [ 0.000000e+00  0.000000e+00 -1.188510e+08  0.000000e+00  1.057901e+06  0.000000e+00  0.000000e+00  0.000000e+00
   1.188510e+08  0.000000e+00  2.656192e+06  0.000000e+00]
 [ 0.000000e+00  7.672356e+08  0.000000e+00  0.000000e+00  0.000000e+00  6.829218e+06  0.000000e+00 -7.672356e+08
   0.000000e+00  0.000000e+00  0.000000e+00  1.714689e+07]
 [-2.445333e+09  0.000000e+00  0.000000e+00  0.000000e+00  0.000000e+00  0.000000e+00  2.445333e+09  0.000000e+00
   0.000000e+00  0.000000e+00  0.000000e+00  0.000000e+00]
 [ 0.000000e+00 -8.619588e+10  0.000000e+00  0.000000e+00  0.000000e+00 -7.672356e+08  0.000000e+00  8.619588e+10
   0.000000e+00  0.000000e+00  0.000000e+00 -1.926386e+09]
 [ 0.000000e+00  0.000000e+00 -1.335244e+10  0.000000e+00  1.188510e+08  0.000000e+00  0.000000e+00  0.000000e+00
   1.335244e+10  0.000000e+00  2.984126e+08  0.000000e+00]
 [ 0.000000e+00  0.000000e+00  0.000000e+00 -1.876846e+04  0.000000e+00  0.000000e+00  0.000000e+00  0.000000e+00
   0.000000e+00  1.876846e+04  0.000000e+00  0.000000e+00]
 [ 0.000000e+00  0.000000e+00 -2.984126e+08  0.000000e+00  2.656192e+06  0.000000e+00  0.000000e+00  0.000000e+00
   2.984126e+08  0.000000e+00  6.669203e+06  0.000000e+00]
 [ 0.000000e+00  1.926386e+09  0.000000e+00  0.000000e+00  0.000000e+00  1.714689e+07  0.000000e+00 -1.926386e+09
   0.000000e+00  0.000000e+00  0.000000e+00  4.305266e+07]]

=== Final Element Stiffness Matrix ===
[[ 8.803200e+09  0.000000e+00  0.000000e+00  0.000000e+00  0.000000e+00  0.000000e+00 -8.803200e+09  0.000000e+00
   0.000000e+00  0.000000e+00  0.000000e+00  0.000000e+00]
 [ 0.000000e+00  1.723918e+11  0.000000e+00  0.000000e+00  0.000000e+00  2.693621e+09  0.000000e+00 -1.723918e+11
   0.000000e+00  0.000000e+00  0.000000e+00  2.693621e+09]
 [ 0.000000e+00  0.000000e+00  2.670487e+10  0.000000e+00 -4.172636e+08  0.000000e+00  0.000000e+00  0.000000e+00
  -2.670487e+10  0.000000e+00 -4.172636e+08  0.000000e+00]
 [ 0.000000e+00  0.000000e+00  0.000000e+00  6.756644e+04  0.000000e+00  0.000000e+00  0.000000e+00  0.000000e+00
   0.000000e+00 -6.756644e+04  0.000000e+00  0.000000e+00]
 [ 0.000000e+00  0.000000e+00 -4.172636e+08  0.000000e+00  8.692992e+06  0.000000e+00  0.000000e+00  0.000000e+00
   4.172636e+08  0.000000e+00  4.346496e+06  0.000000e+00]
 [ 0.000000e+00  2.693621e+09  0.000000e+00  0.000000e+00  0.000000e+00  5.611711e+07  0.000000e+00 -2.693621e+09
   0.000000e+00  0.000000e+00  0.000000e+00  2.805855e+07]
 [-8.803200e+09  0.000000e+00  0.000000e+00  0.000000e+00  0.000000e+00  0.000000e+00  8.803200e+09  0.000000e+00
   0.000000e+00  0.000000e+00  0.000000e+00  0.000000e+00]
 [ 0.000000e+00 -1.723918e+11  0.000000e+00  0.000000e+00  0.000000e+00 -2.693621e+09  0.000000e+00  1.723918e+11
   0.000000e+00  0.000000e+00  0.000000e+00 -2.693621e+09]
 [ 0.000000e+00  0.000000e+00 -2.670487e+10  0.000000e+00  4.172636e+08  0.000000e+00  0.000000e+00  0.000000e+00
   2.670487e+10  0.000000e+00  4.172636e+08  0.000000e+00]
 [ 0.000000e+00  0.000000e+00  0.000000e+00 -6.756644e+04  0.000000e+00  0.000000e+00  0.000000e+00  0.000000e+00
   0.000000e+00  6.756644e+04  0.000000e+00  0.000000e+00]
 [ 0.000000e+00  0.000000e+00 -4.172636e+08  0.000000e+00  4.346496e+06  0.000000e+00  0.000000e+00  0.000000e+00
   4.172636e+08  0.000000e+00  8.692992e+06  0.000000e+00]
 [ 0.000000e+00  2.693621e+09  0.000000e+00  0.000000e+00  0.000000e+00  2.805855e+07  0.000000e+00 -2.693621e+09
   0.000000e+00  0.000000e+00  0.000000e+00  5.611711e+07]]


=== Element 16 Stiffness Matrix Computation ===
=== Element length  L  (1, 1) ===
[[0.03125]]

=== Material stiffness matrix  D  (6, 6) ===
[[2.751000e+08 0.000000e+00 0.000000e+00 0.000000e+00 0.000000e+00 0.000000e+00]
 [0.000000e+00 6.791400e+04 0.000000e+00 0.000000e+00 0.000000e+00 0.000000e+00]
 [0.000000e+00 0.000000e+00 4.384149e+05 0.000000e+00 0.000000e+00 0.000000e+00]
 [0.000000e+00 0.000000e+00 0.000000e+00 0.000000e+00 0.000000e+00 0.000000e+00]
 [0.000000e+00 0.000000e+00 0.000000e+00 0.000000e+00 0.000000e+00 0.000000e+00]
 [0.000000e+00 0.000000e+00 0.000000e+00 0.000000e+00 0.000000e+00 2.111451e+03]]


GP 1/3: ξ = -0.774597,  x = 5.035219e-01,  w = 5.555556e-01
=== Shape-function derivative  dN/dξ  (1, 12, 6) ===
[[[-0.5       0.        0.        0.        0.        0.      ]
  [ 0.       -0.3       0.        0.        0.        0.      ]
  [ 0.        0.       -0.3       0.        0.        0.      ]
  [ 0.        0.        0.       -0.5       0.        0.      ]
  [ 0.        0.        0.        0.       -0.009177  0.      ]
  [ 0.        0.        0.        0.        0.        0.009177]
  [ 0.5       0.        0.        0.        0.        0.      ]
  [ 0.        0.3       0.        0.        0.        0.      ]
  [ 0.        0.        0.3       0.        0.        0.      ]
  [ 0.        0.        0.        0.5       0.        0.      ]
  [ 0.        0.        0.        0.        0.002927  0.      ]
  [ 0.        0.        0.        0.        0.       -0.002927]]]

=== Second derivative  d²N/dξ²  (1, 12, 6) ===
[[[ 0.        0.        0.        0.        0.        0.      ]
  [ 0.       -1.161895  0.        0.        0.        0.      ]
  [ 0.        0.       -1.161895  0.        0.        0.      ]
  [ 0.        0.        0.        0.        0.        0.      ]
  [ 0.        0.        0.        0.        0.025967  0.      ]
  [ 0.        0.        0.        0.        0.       -0.025967]
  [ 0.        0.        0.        0.        0.        0.      ]
  [ 0.        1.161895  0.        0.        0.        0.      ]
  [ 0.        0.        1.161895  0.        0.        0.      ]
  [ 0.        0.        0.        0.        0.        0.      ]
  [ 0.        0.        0.        0.        0.010342  0.      ]
  [ 0.        0.        0.        0.        0.       -0.010342]]]

=== Strain-displacement matrix  B  (6, 12) ===
[[  -32.           0.           0.           0.           0.           0.          32.           0.           0.
      0.           0.           0.      ]
 [    0.           0.       -4759.121936     0.         106.36128      0.           0.           0.        4759.121936
      0.          42.36128      0.      ]
 [    0.       -4759.121936     0.           0.           0.        -106.36128      0.        4759.121936     0.
      0.           0.         -42.36128 ]
 [    0.           0.           0.           0.           0.           0.           0.           0.           0.
      0.           0.           0.      ]
 [    0.           0.           0.           0.           0.           0.           0.           0.           0.
      0.           0.           0.      ]
 [    0.           0.           0.         -32.           0.           0.           0.           0.           0.
     32.           0.           0.      ]]

=== Gauss-point contribution  BᵀDB  (12, 12) ===
[[ 2.445333e+09  0.000000e+00  0.000000e+00  0.000000e+00  0.000000e+00  0.000000e+00 -2.445333e+09  0.000000e+00
   0.000000e+00  0.000000e+00  0.000000e+00  0.000000e+00]
 [ 0.000000e+00  8.619588e+10  0.000000e+00  0.000000e+00  0.000000e+00  1.926386e+09  0.000000e+00 -8.619588e+10
   0.000000e+00  0.000000e+00  0.000000e+00  7.672356e+08]
 [ 0.000000e+00  0.000000e+00  1.335244e+10  0.000000e+00 -2.984126e+08  0.000000e+00  0.000000e+00  0.000000e+00
  -1.335244e+10  0.000000e+00 -1.188510e+08  0.000000e+00]
 [ 0.000000e+00  0.000000e+00  0.000000e+00  1.876846e+04  0.000000e+00  0.000000e+00  0.000000e+00  0.000000e+00
   0.000000e+00 -1.876846e+04  0.000000e+00  0.000000e+00]
 [ 0.000000e+00  0.000000e+00 -2.984126e+08  0.000000e+00  6.669203e+06  0.000000e+00  0.000000e+00  0.000000e+00
   2.984126e+08  0.000000e+00  2.656192e+06  0.000000e+00]
 [ 0.000000e+00  1.926386e+09  0.000000e+00  0.000000e+00  0.000000e+00  4.305266e+07  0.000000e+00 -1.926386e+09
   0.000000e+00  0.000000e+00  0.000000e+00  1.714689e+07]
 [-2.445333e+09  0.000000e+00  0.000000e+00  0.000000e+00  0.000000e+00  0.000000e+00  2.445333e+09  0.000000e+00
   0.000000e+00  0.000000e+00  0.000000e+00  0.000000e+00]
 [ 0.000000e+00 -8.619588e+10  0.000000e+00  0.000000e+00  0.000000e+00 -1.926386e+09  0.000000e+00  8.619588e+10
   0.000000e+00  0.000000e+00  0.000000e+00 -7.672356e+08]
 [ 0.000000e+00  0.000000e+00 -1.335244e+10  0.000000e+00  2.984126e+08  0.000000e+00  0.000000e+00  0.000000e+00
   1.335244e+10  0.000000e+00  1.188510e+08  0.000000e+00]
 [ 0.000000e+00  0.000000e+00  0.000000e+00 -1.876846e+04  0.000000e+00  0.000000e+00  0.000000e+00  0.000000e+00
   0.000000e+00  1.876846e+04  0.000000e+00  0.000000e+00]
 [ 0.000000e+00  0.000000e+00 -1.188510e+08  0.000000e+00  2.656192e+06  0.000000e+00  0.000000e+00  0.000000e+00
   1.188510e+08  0.000000e+00  1.057901e+06  0.000000e+00]
 [ 0.000000e+00  7.672356e+08  0.000000e+00  0.000000e+00  0.000000e+00  1.714689e+07  0.000000e+00 -7.672356e+08
   0.000000e+00  0.000000e+00  0.000000e+00  6.829218e+06]]


GP 2/3: ξ = 0.000000,  x = 5.156250e-01,  w = 8.888889e-01
=== Shape-function derivative  dN/dξ  (1, 12, 6) ===
[[[-0.5       0.        0.        0.        0.        0.      ]
  [ 0.       -0.75      0.        0.        0.        0.      ]
  [ 0.        0.       -0.75      0.        0.        0.      ]
  [ 0.        0.        0.       -0.5       0.        0.      ]
  [ 0.        0.        0.        0.        0.003906  0.      ]
  [ 0.        0.        0.        0.        0.       -0.003906]
  [ 0.5       0.        0.        0.        0.        0.      ]
  [ 0.        0.75      0.        0.        0.        0.      ]
  [ 0.        0.        0.75      0.        0.        0.      ]
  [ 0.        0.        0.        0.5       0.        0.      ]
  [ 0.        0.        0.        0.        0.003906  0.      ]
  [ 0.        0.        0.        0.        0.       -0.003906]]]

=== Second derivative  d²N/dξ²  (1, 12, 6) ===
[[[ 0.        0.        0.        0.        0.        0.      ]
  [ 0.        0.        0.        0.        0.        0.      ]
  [ 0.        0.        0.        0.        0.        0.      ]
  [ 0.        0.        0.        0.        0.        0.      ]
  [ 0.        0.        0.        0.        0.007812  0.      ]
  [ 0.        0.        0.        0.        0.       -0.007812]
  [ 0.        0.        0.        0.        0.        0.      ]
  [ 0.       -0.        0.        0.        0.        0.      ]
  [ 0.        0.       -0.        0.        0.        0.      ]
  [ 0.        0.        0.        0.        0.        0.      ]
  [ 0.        0.        0.        0.       -0.007812  0.      ]
  [ 0.        0.        0.        0.        0.        0.007812]]]

=== Strain-displacement matrix  B  (6, 12) ===
[[-32.   0.   0.   0.   0.   0.  32.   0.   0.   0.   0.   0.]
 [  0.   0.   0.   0.  32.   0.   0.   0.  -0.   0. -32.   0.]
 [  0.   0.   0.   0.   0. -32.   0.  -0.   0.   0.   0.  32.]
 [  0.   0.   0.   0.   0.   0.   0.   0.   0.   0.   0.   0.]
 [  0.   0.   0.   0.   0.   0.   0.   0.   0.   0.   0.   0.]
 [  0.   0.   0. -32.   0.   0.   0.   0.   0.  32.   0.   0.]]

=== Gauss-point contribution  BᵀDB  (12, 12) ===
[[ 3.912533e+09  0.000000e+00  0.000000e+00  0.000000e+00  0.000000e+00  0.000000e+00 -3.912533e+09  0.000000e+00
   0.000000e+00  0.000000e+00  0.000000e+00  0.000000e+00]
 [ 0.000000e+00  0.000000e+00  0.000000e+00  0.000000e+00  0.000000e+00  0.000000e+00  0.000000e+00  0.000000e+00
   0.000000e+00  0.000000e+00  0.000000e+00  0.000000e+00]
 [ 0.000000e+00  0.000000e+00  0.000000e+00  0.000000e+00  0.000000e+00  0.000000e+00  0.000000e+00  0.000000e+00
   0.000000e+00  0.000000e+00  0.000000e+00  0.000000e+00]
 [ 0.000000e+00  0.000000e+00  0.000000e+00  3.002953e+04  0.000000e+00  0.000000e+00  0.000000e+00  0.000000e+00
   0.000000e+00 -3.002953e+04  0.000000e+00  0.000000e+00]
 [ 0.000000e+00  0.000000e+00  0.000000e+00  0.000000e+00  9.658880e+05  0.000000e+00  0.000000e+00  0.000000e+00
   0.000000e+00  0.000000e+00 -9.658880e+05  0.000000e+00]
 [ 0.000000e+00  0.000000e+00  0.000000e+00  0.000000e+00  0.000000e+00  6.235234e+06  0.000000e+00  0.000000e+00
   0.000000e+00  0.000000e+00  0.000000e+00 -6.235234e+06]
 [-3.912533e+09  0.000000e+00  0.000000e+00  0.000000e+00  0.000000e+00  0.000000e+00  3.912533e+09  0.000000e+00
   0.000000e+00  0.000000e+00  0.000000e+00  0.000000e+00]
 [ 0.000000e+00  0.000000e+00  0.000000e+00  0.000000e+00  0.000000e+00  0.000000e+00  0.000000e+00  0.000000e+00
   0.000000e+00  0.000000e+00  0.000000e+00  0.000000e+00]
 [ 0.000000e+00  0.000000e+00  0.000000e+00  0.000000e+00  0.000000e+00  0.000000e+00  0.000000e+00  0.000000e+00
   0.000000e+00  0.000000e+00  0.000000e+00  0.000000e+00]
 [ 0.000000e+00  0.000000e+00  0.000000e+00 -3.002953e+04  0.000000e+00  0.000000e+00  0.000000e+00  0.000000e+00
   0.000000e+00  3.002953e+04  0.000000e+00  0.000000e+00]
 [ 0.000000e+00  0.000000e+00  0.000000e+00  0.000000e+00 -9.658880e+05  0.000000e+00  0.000000e+00  0.000000e+00
   0.000000e+00  0.000000e+00  9.658880e+05  0.000000e+00]
 [ 0.000000e+00  0.000000e+00  0.000000e+00  0.000000e+00  0.000000e+00 -6.235234e+06  0.000000e+00  0.000000e+00
   0.000000e+00  0.000000e+00  0.000000e+00  6.235234e+06]]


GP 3/3: ξ = 0.774597,  x = 5.277281e-01,  w = 5.555556e-01
=== Shape-function derivative  dN/dξ  (1, 12, 6) ===
[[[-0.5       0.        0.        0.        0.        0.      ]
  [ 0.       -0.3       0.        0.        0.        0.      ]
  [ 0.        0.       -0.3       0.        0.        0.      ]
  [ 0.        0.        0.       -0.5       0.        0.      ]
  [ 0.        0.        0.        0.        0.002927  0.      ]
  [ 0.        0.        0.        0.        0.       -0.002927]
  [ 0.5       0.        0.        0.        0.        0.      ]
  [ 0.        0.3       0.        0.        0.        0.      ]
  [ 0.        0.        0.3       0.        0.        0.      ]
  [ 0.        0.        0.        0.5       0.        0.      ]
  [ 0.        0.        0.        0.       -0.009177  0.      ]
  [ 0.        0.        0.        0.        0.        0.009177]]]

=== Second derivative  d²N/dξ²  (1, 12, 6) ===
[[[ 0.        0.        0.        0.        0.        0.      ]
  [ 0.        1.161895  0.        0.        0.        0.      ]
  [ 0.        0.        1.161895  0.        0.        0.      ]
  [ 0.        0.        0.        0.        0.        0.      ]
  [ 0.        0.        0.        0.       -0.010342  0.      ]
  [ 0.        0.        0.        0.        0.        0.010342]
  [ 0.        0.        0.        0.        0.        0.      ]
  [ 0.       -1.161895  0.        0.        0.        0.      ]
  [ 0.        0.       -1.161895  0.        0.        0.      ]
  [ 0.        0.        0.        0.        0.        0.      ]
  [ 0.        0.        0.        0.       -0.025967  0.      ]
  [ 0.        0.        0.        0.        0.        0.025967]]]

=== Strain-displacement matrix  B  (6, 12) ===
[[  -32.           0.           0.           0.           0.           0.          32.           0.           0.
      0.           0.           0.      ]
 [    0.           0.        4759.121936     0.         -42.36128      0.           0.           0.       -4759.121936
      0.        -106.36128      0.      ]
 [    0.        4759.121936     0.           0.           0.          42.36128      0.       -4759.121936     0.
      0.           0.         106.36128 ]
 [    0.           0.           0.           0.           0.           0.           0.           0.           0.
      0.           0.           0.      ]
 [    0.           0.           0.           0.           0.           0.           0.           0.           0.
      0.           0.           0.      ]
 [    0.           0.           0.         -32.           0.           0.           0.           0.           0.
     32.           0.           0.      ]]

=== Gauss-point contribution  BᵀDB  (12, 12) ===
[[ 2.445333e+09  0.000000e+00  0.000000e+00  0.000000e+00  0.000000e+00  0.000000e+00 -2.445333e+09  0.000000e+00
   0.000000e+00  0.000000e+00  0.000000e+00  0.000000e+00]
 [ 0.000000e+00  8.619588e+10  0.000000e+00  0.000000e+00  0.000000e+00  7.672356e+08  0.000000e+00 -8.619588e+10
   0.000000e+00  0.000000e+00  0.000000e+00  1.926386e+09]
 [ 0.000000e+00  0.000000e+00  1.335244e+10  0.000000e+00 -1.188510e+08  0.000000e+00  0.000000e+00  0.000000e+00
  -1.335244e+10  0.000000e+00 -2.984126e+08  0.000000e+00]
 [ 0.000000e+00  0.000000e+00  0.000000e+00  1.876846e+04  0.000000e+00  0.000000e+00  0.000000e+00  0.000000e+00
   0.000000e+00 -1.876846e+04  0.000000e+00  0.000000e+00]
 [ 0.000000e+00  0.000000e+00 -1.188510e+08  0.000000e+00  1.057901e+06  0.000000e+00  0.000000e+00  0.000000e+00
   1.188510e+08  0.000000e+00  2.656192e+06  0.000000e+00]
 [ 0.000000e+00  7.672356e+08  0.000000e+00  0.000000e+00  0.000000e+00  6.829218e+06  0.000000e+00 -7.672356e+08
   0.000000e+00  0.000000e+00  0.000000e+00  1.714689e+07]
 [-2.445333e+09  0.000000e+00  0.000000e+00  0.000000e+00  0.000000e+00  0.000000e+00  2.445333e+09  0.000000e+00
   0.000000e+00  0.000000e+00  0.000000e+00  0.000000e+00]
 [ 0.000000e+00 -8.619588e+10  0.000000e+00  0.000000e+00  0.000000e+00 -7.672356e+08  0.000000e+00  8.619588e+10
   0.000000e+00  0.000000e+00  0.000000e+00 -1.926386e+09]
 [ 0.000000e+00  0.000000e+00 -1.335244e+10  0.000000e+00  1.188510e+08  0.000000e+00  0.000000e+00  0.000000e+00
   1.335244e+10  0.000000e+00  2.984126e+08  0.000000e+00]
 [ 0.000000e+00  0.000000e+00  0.000000e+00 -1.876846e+04  0.000000e+00  0.000000e+00  0.000000e+00  0.000000e+00
   0.000000e+00  1.876846e+04  0.000000e+00  0.000000e+00]
 [ 0.000000e+00  0.000000e+00 -2.984126e+08  0.000000e+00  2.656192e+06  0.000000e+00  0.000000e+00  0.000000e+00
   2.984126e+08  0.000000e+00  6.669203e+06  0.000000e+00]
 [ 0.000000e+00  1.926386e+09  0.000000e+00  0.000000e+00  0.000000e+00  1.714689e+07  0.000000e+00 -1.926386e+09
   0.000000e+00  0.000000e+00  0.000000e+00  4.305266e+07]]

=== Final Element Stiffness Matrix ===
[[ 8.803200e+09  0.000000e+00  0.000000e+00  0.000000e+00  0.000000e+00  0.000000e+00 -8.803200e+09  0.000000e+00
   0.000000e+00  0.000000e+00  0.000000e+00  0.000000e+00]
 [ 0.000000e+00  1.723918e+11  0.000000e+00  0.000000e+00  0.000000e+00  2.693621e+09  0.000000e+00 -1.723918e+11
   0.000000e+00  0.000000e+00  0.000000e+00  2.693621e+09]
 [ 0.000000e+00  0.000000e+00  2.670487e+10  0.000000e+00 -4.172636e+08  0.000000e+00  0.000000e+00  0.000000e+00
  -2.670487e+10  0.000000e+00 -4.172636e+08  0.000000e+00]
 [ 0.000000e+00  0.000000e+00  0.000000e+00  6.756644e+04  0.000000e+00  0.000000e+00  0.000000e+00  0.000000e+00
   0.000000e+00 -6.756644e+04  0.000000e+00  0.000000e+00]
 [ 0.000000e+00  0.000000e+00 -4.172636e+08  0.000000e+00  8.692992e+06  0.000000e+00  0.000000e+00  0.000000e+00
   4.172636e+08  0.000000e+00  4.346496e+06  0.000000e+00]
 [ 0.000000e+00  2.693621e+09  0.000000e+00  0.000000e+00  0.000000e+00  5.611711e+07  0.000000e+00 -2.693621e+09
   0.000000e+00  0.000000e+00  0.000000e+00  2.805855e+07]
 [-8.803200e+09  0.000000e+00  0.000000e+00  0.000000e+00  0.000000e+00  0.000000e+00  8.803200e+09  0.000000e+00
   0.000000e+00  0.000000e+00  0.000000e+00  0.000000e+00]
 [ 0.000000e+00 -1.723918e+11  0.000000e+00  0.000000e+00  0.000000e+00 -2.693621e+09  0.000000e+00  1.723918e+11
   0.000000e+00  0.000000e+00  0.000000e+00 -2.693621e+09]
 [ 0.000000e+00  0.000000e+00 -2.670487e+10  0.000000e+00  4.172636e+08  0.000000e+00  0.000000e+00  0.000000e+00
   2.670487e+10  0.000000e+00  4.172636e+08  0.000000e+00]
 [ 0.000000e+00  0.000000e+00  0.000000e+00 -6.756644e+04  0.000000e+00  0.000000e+00  0.000000e+00  0.000000e+00
   0.000000e+00  6.756644e+04  0.000000e+00  0.000000e+00]
 [ 0.000000e+00  0.000000e+00 -4.172636e+08  0.000000e+00  4.346496e+06  0.000000e+00  0.000000e+00  0.000000e+00
   4.172636e+08  0.000000e+00  8.692992e+06  0.000000e+00]
 [ 0.000000e+00  2.693621e+09  0.000000e+00  0.000000e+00  0.000000e+00  2.805855e+07  0.000000e+00 -2.693621e+09
   0.000000e+00  0.000000e+00  0.000000e+00  5.611711e+07]]

