--------------------------------------------------------------------------
### Global System

                   │ CURRENT            │ EVOLUTION         
Equations          │ 390                │ 390               
Dirichlet          │ 0                  │ 0                 
Eliminated         │ 0                  │ 0                 
Unknowns           │ 390                │ 390               
nnz                │ 1930               │ 1930              
Density            │ 1.27e-02           │ 1.27e-02          
Zero rows          │ 0                  │ 0                 
Zero cols          │ 0                  │ 0                 
Bandwidth          │ 10                 │ 10                
Symmetric          │ yes                │ yes               
Rank               │ 384                │ 384               
Cond-no            │ 1.3e+18            │ 1.3e+18           
λmin/λmax          │ -3.9e-07/3.5e+10   │ -3.9e-07/3.5e+10  
Inertia            │ 387/3/0            │ 387/3/0           
b-min/max          │ -5.0e+02/0.0e+00   │ -5.0e+02/0.0e+00  
Σb                 │ -5.0e+02           │ -5.0e+02          
Top|b|             │ 385:-5.0e+02, 384:0.0e+00, 383:0.0e+00 │ 385:-5.0e+02, 384:0.0e+00, 383:0.0e+00

2026-02-26 16:18:28,570 [INFO] 🩺  Global System diagnostics appended → C:\Users\s1834431\Programs\fem_model\post_processing\results\job_0006_n64_2026-02-26_16-18-23-529502_pid18316_f4c484cd\diagnostics\DiagnoseLinearStaticSystem.log
--------------------------------------------------------------------------
### Modified System

                   │ CURRENT            │ EVOLUTION         
Equations          │ 390                │ 390               
Dirichlet          │ 0                  │ 6                 
Eliminated         │ 0                  │ 0                 
Unknowns           │ 390                │ 384               
nnz                │ 1906               │ 1930              
Density            │ 1.25e-02           │ 1.27e-02          
Zero rows          │ 0                  │ 0                 
Zero cols          │ 0                  │ 0                 
Bandwidth          │ 10                 │ 10                
Symmetric          │ yes                │ yes               
Rank               │ 6                  │ 384               
Cond-no            │ 2.5e+34            │ 1.3e+18           
λmin/λmax          │ 4.0e+01/1.0e+36    │ -3.9e-07/3.5e+10  
Inertia            │ 390/0/0            │ 387/3/0           
b-min/max          │ -5.0e+02/0.0e+00   │ -5.0e+02/0.0e+00  
Σb                 │ -5.0e+02           │ -5.0e+02          
Top|b|             │ 385:-5.0e+02, 384:0.0e+00, 383:0.0e+00 │ 385:-5.0e+02, 384:0.0e+00, 383:0.0e+00

2026-02-26 16:18:29,155 [INFO] 🩺  Modified System diagnostics appended → C:\Users\s1834431\Programs\fem_model\post_processing\results\job_0006_n64_2026-02-26_16-18-23-529502_pid18316_f4c484cd\diagnostics\DiagnoseLinearStaticSystem.log
--------------------------------------------------------------------------
### Condensed System

                   │ CURRENT            │ EVOLUTION         
Equations          │ 384                │ 390               
Dirichlet          │ 0                  │ 6                 
Eliminated         │ 0                  │ 6                 
Unknowns           │ 384                │ 378               
nnz                │ 1900               │ 1930              
Density            │ 1.29e-02           │ 1.27e-02          
Zero rows          │ 0                  │ 0                 
Zero cols          │ 0                  │ 0                 
Bandwidth          │ 10                 │ 10                
Symmetric          │ yes                │ yes               
Rank               │ 384                │ 384               
Cond-no            │ 8.8e+08            │ 1.3e+18           
λmin/λmax          │ 4.0e+01/3.5e+10    │ -3.9e-07/3.5e+10  
Inertia            │ 384/0/0            │ 387/3/0           
b-min/max          │ -5.0e+02/0.0e+00   │ -5.0e+02/0.0e+00  
Σb                 │ -5.0e+02           │ -5.0e+02          
Top|b|             │ 379:-5.0e+02, 383:0.0e+00, 382:0.0e+00 │ 385:-5.0e+02, 384:0.0e+00, 383:0.0e+00

2026-02-26 16:18:29,752 [INFO] 🩺  Condensed System diagnostics appended → C:\Users\s1834431\Programs\fem_model\post_processing\results\job_0006_n64_2026-02-26_16-18-23-529502_pid18316_f4c484cd\diagnostics\DiagnoseLinearStaticSystem.log
