--------------------------------------------------------------------------
Machine specifications – written 2026-02-26 16:18:27.497597
OS          : Windows 11 (10.0.26100)
CPU         : 12th Gen Intel(R) Core(TM) i7-12700
   logical  : 20
   physical : 12
RAM         : 31.24 GB
Disk        : 943.72 GB total  /  2.52 GB free
Python      : 3.12.5  (C:\Users\s1834431\AppData\Local\Programs\Python\Python312\python.exe)
GPU(s)      : Intel(R) UHD Graphics 770
--------------------------------------------------------------------------

Runtime telemetry header written → C:\Users\s1834431\Programs\fem_model\post_processing\results\job_0006_n64_2026-02-26_16-18-23-529502_pid18316_f4c484cd\diagnostics\RuntimeMonitorTelemetry.log
2026-02-26 16:18:27 │ PrepareLocalSystem BEGIN   │ Δt  0.00 s │ RAM   136.9 MB │ CPU  13.0 % │ Disk  941.2 GB
2026-02-26 16:18:27 │ PrepareLocalSystem END     │ Δt  0.21 s │ RAM   136.9 MB │ CPU   2.7 % │ Disk  941.2 GB
2026-02-26 16:18:28 │ AssembleGlobalSystem BEGIN │ Δt  0.20 s │ RAM   136.9 MB │ CPU   6.4 % │ Disk  941.2 GB
2026-02-26 16:18:28 │ AssembleGlobalSystem END   │ Δt  0.23 s │ RAM   136.9 MB │ CPU  12.1 % │ Disk  941.2 GB
2026-02-26 16:18:28 │ ModifyGlobalSystem BEGIN   │ Δt  0.35 s │ RAM   136.9 MB │ CPU  12.8 % │ Disk  941.2 GB
2026-02-26 16:18:28 │ ModifyGlobalSystem END     │ Δt  0.22 s │ RAM   137.0 MB │ CPU  37.3 % │ Disk  941.2 GB
2026-02-26 16:18:29 │ CondenseModifiedSystem BEGIN │ Δt  0.36 s │ RAM   137.0 MB │ CPU  39.5 % │ Disk  941.2 GB
2026-02-26 16:18:29 │ CondenseModifiedSystem END │ Δt  0.23 s │ RAM   137.0 MB │ CPU  11.2 % │ Disk  941.2 GB
2026-02-26 16:18:29 │ SolveCondensedSystem BEGIN │ Δt  0.37 s │ RAM   137.0 MB │ CPU  38.1 % │ Disk  941.2 GB
2026-02-26 16:18:30 │ SolveCondensedSystem END   │ Δt  0.31 s │ RAM   137.1 MB │ CPU  15.2 % │ Disk  941.2 GB
2026-02-26 16:18:30 │ ReconstructGlobalSystem BEGIN │ Δt  0.20 s │ RAM   137.1 MB │ CPU  18.9 % │ Disk  941.2 GB
2026-02-26 16:18:30 │ ReconstructGlobalSystem END │ Δt  0.22 s │ RAM   137.1 MB │ CPU   2.0 % │ Disk  941.2 GB
2026-02-26 16:18:30 │ ComputePrimaryResults BEGIN │ Δt  0.20 s │ RAM   137.1 MB │ CPU   1.5 % │ Disk  941.2 GB
2026-02-26 16:18:31 │ ComputePrimaryResults END  │ Δt  0.50 s │ RAM   137.1 MB │ CPU  44.7 % │ Disk  941.2 GB
2026-02-26 16:18:31 │ SaveFormulationCache BEGIN │ Δt  0.20 s │ RAM   137.1 MB │ CPU  18.8 % │ Disk  941.2 GB
2026-02-26 16:18:31 │ SaveFormulationCache END   │ Δt  0.28 s │ RAM   137.1 MB │ CPU  10.1 % │ Disk  941.2 GB
2026-02-26 16:18:32 │ ComputeSecondaryResults BEGIN │ Δt  0.20 s │ RAM   137.1 MB │ CPU   6.9 % │ Disk  941.2 GB
2026-02-26 16:18:32 │ ComputeSecondaryResults END │ Δt  0.28 s │ RAM   137.1 MB │ CPU  12.8 % │ Disk  941.2 GB
2026-02-26 16:18:32 │ ComputeTertiaryResults BEGIN │ Δt  0.20 s │ RAM   137.1 MB │ CPU   5.9 % │ Disk  941.2 GB
2026-02-26 16:18:32 │ ComputeTertiaryResults END │ Δt  0.29 s │ RAM   137.1 MB │ CPU   8.2 % │ Disk  941.2 GB
