2026-02-26 16:19:09,327 [DEBUG]: 🟢 ElementFactory logger initialised.
2026-02-26 16:19:09,327 [INFO]: 🚩 Starting batch element creation.
2026-02-26 16:19:09,327 [DEBUG]: Element IDs sanitised: [0, 1, 2, 3, 4, 5, 6, 7]
2026-02-26 16:19:09,327 [DEBUG]: Module for TimoshenkoBeamElement3D loaded.
2026-02-26 16:19:09,328 [DEBUG]: ✅ Element 0 (TimoshenkoBeamElement3D) instantiated.
2026-02-26 16:19:09,330 [DEBUG]: ✅ Element 1 (TimoshenkoBeamElement3D) instantiated.
2026-02-26 16:19:09,331 [DEBUG]: ✅ Element 2 (TimoshenkoBeamElement3D) instantiated.
2026-02-26 16:19:09,332 [DEBUG]: ✅ Element 3 (TimoshenkoBeamElement3D) instantiated.
2026-02-26 16:19:09,334 [DEBUG]: ✅ Element 4 (TimoshenkoBeamElement3D) instantiated.
2026-02-26 16:19:09,337 [DEBUG]: ✅ Element 5 (TimoshenkoBeamElement3D) instantiated.
2026-02-26 16:19:09,340 [DEBUG]: ✅ Element 6 (TimoshenkoBeamElement3D) instantiated.
2026-02-26 16:19:09,344 [DEBUG]: ✅ Element 7 (TimoshenkoBeamElement3D) instantiated.
2026-02-26 16:19:09,345 [DEBUG]: Logging verified for element 0.
2026-02-26 16:19:09,347 [DEBUG]: Logging verified for element 1.
2026-02-26 16:19:09,349 [DEBUG]: Logging verified for element 2.
2026-02-26 16:19:09,350 [DEBUG]: Logging verified for element 3.
2026-02-26 16:19:09,352 [DEBUG]: Logging verified for element 4.
2026-02-26 16:19:09,353 [DEBUG]: Logging verified for element 5.
2026-02-26 16:19:09,355 [DEBUG]: Logging verified for element 6.
2026-02-26 16:19:09,356 [DEBUG]: Logging verified for element 7.
2026-02-26 16:19:09,356 [INFO]: ✅ Batch element creation complete.
