Machine Specifications:
   - OS: Windows 11 (10.0.26100)
       • Logical cores: 20
       • Physical cores: 12
   - RAM: 31.24 GB
   - Disk: 943.72 GB total, 2.49 GB free
   - Python Version: 3.12.5 (C:\Users\s1834431\AppData\Local\Programs\Python\Python312\python.exe)
   - GPU(s): Intel(R) UHD Graphics 770

Job: job_0009_n8
Timestamp (job start): 2026-02-26_16-19-15-778599
Total Time: 6.47 sec

+-------------------------------+------------+---------------+-------------+-----------+
| Step                          |   Time (s) |   Memory (MB) |   Disk (GB) |   CPU (%) |
+===============================+============+===============+=============+===========+
| Parsing                       | 0.00516677 |       134.457 |     941.226 |         0 |
+-------------------------------+------------+---------------+-------------+-----------+
| Element Instantiation         | 0.0306513  |       134.457 |     941.226 |         0 |
+-------------------------------+------------+---------------+-------------+-----------+
| Element Stiffness Computation | 0.0287399  |       134.461 |     941.226 |         0 |
+-------------------------------+------------+---------------+-------------+-----------+
| Element Force Computation     | 0.0140407  |       134.461 |     941.226 |         0 |
+-------------------------------+------------+---------------+-------------+-----------+
| Full Simulation               | 5.78121    |       134.996 |     941.229 |         0 |
+-------------------------------+------------+---------------+-------------+-----------+

Parallel Jobs: None
Start Memory: 134.46 MB | End Memory: 135.00 MB
Start Disk Usage: 941.23 GB | End Disk Usage: 941.23 GB
Start CPU: 0.00% | End CPU: 0.00%
