--------------------------------------------------------------------------
Machine specifications – written 2026-02-26 16:18:37.459306
OS          : Windows 11 (10.0.26100)
CPU         : 12th Gen Intel(R) Core(TM) i7-12700
   logical  : 20
   physical : 12
RAM         : 31.24 GB
Disk        : 943.72 GB total  /  2.51 GB free
Python      : 3.12.5  (C:\Users\s1834431\AppData\Local\Programs\Python\Python312\python.exe)
GPU(s)      : Intel(R) UHD Graphics 770
--------------------------------------------------------------------------

Runtime telemetry header written → C:\Users\s1834431\Programs\fem_model\post_processing\results\job_0007_n4_2026-02-26_16-18-35-482850_pid18316_93a624c0\diagnostics\RuntimeMonitorTelemetry.log
2026-02-26 16:18:37 │ PrepareLocalSystem BEGIN   │ Δt  0.00 s │ RAM   135.3 MB │ CPU  29.2 % │ Disk  941.2 GB
2026-02-26 16:18:37 │ PrepareLocalSystem END     │ Δt  0.20 s │ RAM   135.3 MB │ CPU  25.1 % │ Disk  941.2 GB
2026-02-26 16:18:38 │ AssembleGlobalSystem BEGIN │ Δt  0.20 s │ RAM   135.3 MB │ CPU  23.3 % │ Disk  941.2 GB
2026-02-26 16:18:38 │ AssembleGlobalSystem END   │ Δt  0.21 s │ RAM   135.3 MB │ CPU  14.8 % │ Disk  941.2 GB
2026-02-26 16:18:38 │ ModifyGlobalSystem BEGIN   │ Δt  0.20 s │ RAM   135.3 MB │ CPU  10.0 % │ Disk  941.2 GB
2026-02-26 16:18:38 │ ModifyGlobalSystem END     │ Δt  0.21 s │ RAM   135.3 MB │ CPU   7.9 % │ Disk  941.2 GB
2026-02-26 16:18:38 │ CondenseModifiedSystem BEGIN │ Δt  0.20 s │ RAM   135.3 MB │ CPU   5.6 % │ Disk  941.2 GB
2026-02-26 16:18:39 │ CondenseModifiedSystem END │ Δt  0.21 s │ RAM   135.3 MB │ CPU   9.2 % │ Disk  941.2 GB
2026-02-26 16:18:39 │ SolveCondensedSystem BEGIN │ Δt  0.20 s │ RAM   135.3 MB │ CPU   7.9 % │ Disk  941.2 GB
2026-02-26 16:18:39 │ SolveCondensedSystem END   │ Δt  0.20 s │ RAM   135.3 MB │ CPU   7.1 % │ Disk  941.2 GB
2026-02-26 16:18:39 │ ReconstructGlobalSystem BEGIN │ Δt  0.20 s │ RAM   135.3 MB │ CPU   5.5 % │ Disk  941.2 GB
2026-02-26 16:18:40 │ ReconstructGlobalSystem END │ Δt  0.21 s │ RAM   135.3 MB │ CPU   7.9 % │ Disk  941.2 GB
2026-02-26 16:18:40 │ ComputePrimaryResults BEGIN │ Δt  0.20 s │ RAM   135.3 MB │ CPU   7.9 % │ Disk  941.2 GB
2026-02-26 16:18:40 │ ComputePrimaryResults END  │ Δt  0.24 s │ RAM   135.3 MB │ CPU  14.8 % │ Disk  941.2 GB
2026-02-26 16:18:40 │ SaveFormulationCache BEGIN │ Δt  0.20 s │ RAM   135.3 MB │ CPU  11.2 % │ Disk  941.2 GB
2026-02-26 16:18:40 │ SaveFormulationCache END   │ Δt  0.21 s │ RAM   135.3 MB │ CPU  14.0 % │ Disk  941.2 GB
2026-02-26 16:18:41 │ ComputeSecondaryResults BEGIN │ Δt  0.20 s │ RAM   135.3 MB │ CPU  13.1 % │ Disk  941.2 GB
2026-02-26 16:18:41 │ ComputeSecondaryResults END │ Δt  0.21 s │ RAM   135.3 MB │ CPU  18.2 % │ Disk  941.2 GB
2026-02-26 16:18:41 │ ComputeTertiaryResults BEGIN │ Δt  0.20 s │ RAM   135.3 MB │ CPU   3.5 % │ Disk  941.2 GB
2026-02-26 16:18:41 │ ComputeTertiaryResults END │ Δt  0.22 s │ RAM   135.3 MB │ CPU  18.7 % │ Disk  941.2 GB
