2025-11-16 14:17:03,760 [DEBUG]: 🟢 ElementFactory logger initialised.
2025-11-16 14:17:03,760 [INFO]: 🚩 Starting batch element creation.
2025-11-16 14:17:03,761 [DEBUG]: Element IDs sanitised: [0, 1, 2, 3, 4, 5, 6, 7, 8, 9, 10, 11, 12, 13, 14, 15, 16, 17, 18, 19, 20, 21, 22, 23, 24, 25, 26, 27, 28, 29, 30, 31, 32, 33, 34, 35, 36, 37, 38, 39, 40, 41, 42, 43, 44, 45, 46, 47, 48, 49, 50, 51, 52, 53, 54, 55, 56, 57, 58, 59, 60, 61, 62, 63, 64, 65, 66, 67, 68, 69, 70, 71, 72, 73, 74, 75, 76, 77, 78, 79, 80, 81, 82, 83, 84, 85, 86, 87, 88, 89, 90, 91, 92, 93, 94, 95, 96, 97, 98, 99, 100, 101, 102, 103, 104, 105, 106, 107, 108, 109, 110, 111, 112, 113, 114, 115, 116, 117, 118, 119, 120, 121, 122, 123, 124, 125, 126, 127, 128, 129, 130, 131, 132, 133, 134, 135, 136, 137, 138, 139, 140, 141, 142, 143, 144, 145, 146, 147, 148, 149, 150, 151, 152, 153, 154, 155, 156, 157, 158, 159, 160, 161, 162, 163, 164, 165, 166, 167, 168, 169, 170, 171, 172, 173, 174, 175, 176, 177, 178, 179, 180, 181, 182, 183, 184, 185, 186, 187, 188, 189, 190, 191, 192, 193, 194, 195, 196, 197, 198, 199, 200, 201, 202, 203, 204, 205, 206, 207, 208, 209, 210, 211, 212, 213, 214, 215, 216, 217, 218, 219, 220, 221, 222, 223, 224, 225, 226, 227, 228, 229, 230, 231, 232, 233, 234, 235, 236, 237, 238, 239, 240, 241, 242, 243, 244, 245, 246, 247, 248, 249]
2025-11-16 14:17:03,761 [DEBUG]: Module for EulerBernoulliBeamElement3D loaded.
2025-11-16 14:17:03,762 [DEBUG]: ✅ Element 0 (EulerBernoulliBeamElement3D) instantiated.
2025-11-16 14:17:03,762 [DEBUG]: ✅ Element 1 (EulerBernoulliBeamElement3D) instantiated.
2025-11-16 14:17:03,763 [DEBUG]: ✅ Element 2 (EulerBernoulliBeamElement3D) instantiated.
2025-11-16 14:17:03,763 [DEBUG]: ✅ Element 3 (EulerBernoulliBeamElement3D) instantiated.
2025-11-16 14:17:03,763 [DEBUG]: ✅ Element 4 (EulerBernoulliBeamElement3D) instantiated.
2025-11-16 14:17:03,765 [DEBUG]: ✅ Element 5 (EulerBernoulliBeamElement3D) instantiated.
2025-11-16 14:17:03,765 [DEBUG]: ✅ Element 6 (EulerBernoulliBeamElement3D) instantiated.
2025-11-16 14:17:03,765 [DEBUG]: ✅ Element 7 (EulerBernoulliBeamElement3D) instantiated.
2025-11-16 14:17:03,766 [DEBUG]: ✅ Element 8 (EulerBernoulliBeamElement3D) instantiated.
2025-11-16 14:17:03,766 [DEBUG]: ✅ Element 9 (EulerBernoulliBeamElement3D) instantiated.
2025-11-16 14:17:03,767 [DEBUG]: ✅ Element 10 (EulerBernoulliBeamElement3D) instantiated.
2025-11-16 14:17:03,767 [DEBUG]: ✅ Element 11 (EulerBernoulliBeamElement3D) instantiated.
2025-11-16 14:17:03,768 [DEBUG]: ✅ Element 12 (EulerBernoulliBeamElement3D) instantiated.
2025-11-16 14:17:03,768 [DEBUG]: ✅ Element 13 (EulerBernoulliBeamElement3D) instantiated.
2025-11-16 14:17:03,768 [DEBUG]: ✅ Element 14 (EulerBernoulliBeamElement3D) instantiated.
2025-11-16 14:17:03,769 [DEBUG]: ✅ Element 15 (EulerBernoulliBeamElement3D) instantiated.
2025-11-16 14:17:03,769 [DEBUG]: ✅ Element 16 (EulerBernoulliBeamElement3D) instantiated.
2025-11-16 14:17:03,770 [DEBUG]: ✅ Element 17 (EulerBernoulliBeamElement3D) instantiated.
2025-11-16 14:17:03,770 [DEBUG]: ✅ Element 18 (EulerBernoulliBeamElement3D) instantiated.
2025-11-16 14:17:03,771 [DEBUG]: ✅ Element 19 (EulerBernoulliBeamElement3D) instantiated.
2025-11-16 14:17:03,771 [DEBUG]: ✅ Element 20 (EulerBernoulliBeamElement3D) instantiated.
2025-11-16 14:17:03,771 [DEBUG]: ✅ Element 21 (EulerBernoulliBeamElement3D) instantiated.
2025-11-16 14:17:03,772 [DEBUG]: ✅ Element 22 (EulerBernoulliBeamElement3D) instantiated.
2025-11-16 14:17:03,772 [DEBUG]: ✅ Element 23 (EulerBernoulliBeamElement3D) instantiated.
2025-11-16 14:17:03,773 [DEBUG]: ✅ Element 24 (EulerBernoulliBeamElement3D) instantiated.
2025-11-16 14:17:03,773 [DEBUG]: ✅ Element 25 (EulerBernoulliBeamElement3D) instantiated.
2025-11-16 14:17:03,774 [DEBUG]: ✅ Element 26 (EulerBernoulliBeamElement3D) instantiated.
2025-11-16 14:17:03,774 [DEBUG]: ✅ Element 27 (EulerBernoulliBeamElement3D) instantiated.
2025-11-16 14:17:03,774 [DEBUG]: ✅ Element 28 (EulerBernoulliBeamElement3D) instantiated.
2025-11-16 14:17:03,775 [DEBUG]: ✅ Element 29 (EulerBernoulliBeamElement3D) instantiated.
2025-11-16 14:17:03,775 [DEBUG]: ✅ Element 30 (EulerBernoulliBeamElement3D) instantiated.
2025-11-16 14:17:03,776 [DEBUG]: ✅ Element 31 (EulerBernoulliBeamElement3D) instantiated.
2025-11-16 14:17:03,776 [DEBUG]: ✅ Element 32 (EulerBernoulliBeamElement3D) instantiated.
2025-11-16 14:17:03,777 [DEBUG]: ✅ Element 33 (EulerBernoulliBeamElement3D) instantiated.
2025-11-16 14:17:03,777 [DEBUG]: ✅ Element 34 (EulerBernoulliBeamElement3D) instantiated.
2025-11-16 14:17:03,778 [DEBUG]: ✅ Element 35 (EulerBernoulliBeamElement3D) instantiated.
2025-11-16 14:17:03,778 [DEBUG]: ✅ Element 36 (EulerBernoulliBeamElement3D) instantiated.
2025-11-16 14:17:03,779 [DEBUG]: ✅ Element 37 (EulerBernoulliBeamElement3D) instantiated.
2025-11-16 14:17:03,780 [DEBUG]: ✅ Element 38 (EulerBernoulliBeamElement3D) instantiated.
2025-11-16 14:17:03,780 [DEBUG]: ✅ Element 39 (EulerBernoulliBeamElement3D) instantiated.
2025-11-16 14:17:03,780 [DEBUG]: ✅ Element 40 (EulerBernoulliBeamElement3D) instantiated.
2025-11-16 14:17:03,780 [DEBUG]: ✅ Element 41 (EulerBernoulliBeamElement3D) instantiated.
2025-11-16 14:17:03,780 [DEBUG]: ✅ Element 42 (EulerBernoulliBeamElement3D) instantiated.
2025-11-16 14:17:03,780 [DEBUG]: ✅ Element 43 (EulerBernoulliBeamElement3D) instantiated.
2025-11-16 14:17:03,780 [DEBUG]: ✅ Element 44 (EulerBernoulliBeamElement3D) instantiated.
2025-11-16 14:17:03,783 [DEBUG]: ✅ Element 45 (EulerBernoulliBeamElement3D) instantiated.
2025-11-16 14:17:03,783 [DEBUG]: ✅ Element 46 (EulerBernoulliBeamElement3D) instantiated.
2025-11-16 14:17:03,784 [DEBUG]: ✅ Element 47 (EulerBernoulliBeamElement3D) instantiated.
2025-11-16 14:17:03,784 [DEBUG]: ✅ Element 48 (EulerBernoulliBeamElement3D) instantiated.
2025-11-16 14:17:03,785 [DEBUG]: ✅ Element 49 (EulerBernoulliBeamElement3D) instantiated.
2025-11-16 14:17:03,785 [DEBUG]: ✅ Element 50 (EulerBernoulliBeamElement3D) instantiated.
2025-11-16 14:17:03,785 [DEBUG]: ✅ Element 51 (EulerBernoulliBeamElement3D) instantiated.
2025-11-16 14:17:03,786 [DEBUG]: ✅ Element 52 (EulerBernoulliBeamElement3D) instantiated.
2025-11-16 14:17:03,786 [DEBUG]: ✅ Element 53 (EulerBernoulliBeamElement3D) instantiated.
2025-11-16 14:17:03,787 [DEBUG]: ✅ Element 54 (EulerBernoulliBeamElement3D) instantiated.
2025-11-16 14:17:03,787 [DEBUG]: ✅ Element 55 (EulerBernoulliBeamElement3D) instantiated.
2025-11-16 14:17:03,788 [DEBUG]: ✅ Element 56 (EulerBernoulliBeamElement3D) instantiated.
2025-11-16 14:17:03,788 [DEBUG]: ✅ Element 57 (EulerBernoulliBeamElement3D) instantiated.
2025-11-16 14:17:03,789 [DEBUG]: ✅ Element 58 (EulerBernoulliBeamElement3D) instantiated.
2025-11-16 14:17:03,789 [DEBUG]: ✅ Element 59 (EulerBernoulliBeamElement3D) instantiated.
2025-11-16 14:17:03,789 [DEBUG]: ✅ Element 60 (EulerBernoulliBeamElement3D) instantiated.
2025-11-16 14:17:03,789 [DEBUG]: ✅ Element 61 (EulerBernoulliBeamElement3D) instantiated.
2025-11-16 14:17:03,789 [DEBUG]: ✅ Element 62 (EulerBernoulliBeamElement3D) instantiated.
2025-11-16 14:17:03,789 [DEBUG]: ✅ Element 63 (EulerBernoulliBeamElement3D) instantiated.
2025-11-16 14:17:03,789 [DEBUG]: ✅ Element 64 (EulerBernoulliBeamElement3D) instantiated.
2025-11-16 14:17:03,789 [DEBUG]: ✅ Element 65 (EulerBernoulliBeamElement3D) instantiated.
2025-11-16 14:17:03,789 [DEBUG]: ✅ Element 66 (EulerBernoulliBeamElement3D) instantiated.
2025-11-16 14:17:03,789 [DEBUG]: ✅ Element 67 (EulerBernoulliBeamElement3D) instantiated.
2025-11-16 14:17:03,793 [DEBUG]: ✅ Element 68 (EulerBernoulliBeamElement3D) instantiated.
2025-11-16 14:17:03,793 [DEBUG]: ✅ Element 69 (EulerBernoulliBeamElement3D) instantiated.
2025-11-16 14:17:03,794 [DEBUG]: ✅ Element 70 (EulerBernoulliBeamElement3D) instantiated.
2025-11-16 14:17:03,794 [DEBUG]: ✅ Element 71 (EulerBernoulliBeamElement3D) instantiated.
2025-11-16 14:17:03,794 [DEBUG]: ✅ Element 72 (EulerBernoulliBeamElement3D) instantiated.
2025-11-16 14:17:03,796 [DEBUG]: ✅ Element 73 (EulerBernoulliBeamElement3D) instantiated.
2025-11-16 14:17:03,797 [DEBUG]: ✅ Element 74 (EulerBernoulliBeamElement3D) instantiated.
2025-11-16 14:17:03,797 [DEBUG]: ✅ Element 75 (EulerBernoulliBeamElement3D) instantiated.
2025-11-16 14:17:03,798 [DEBUG]: ✅ Element 76 (EulerBernoulliBeamElement3D) instantiated.
2025-11-16 14:17:03,798 [DEBUG]: ✅ Element 77 (EulerBernoulliBeamElement3D) instantiated.
2025-11-16 14:17:03,799 [DEBUG]: ✅ Element 78 (EulerBernoulliBeamElement3D) instantiated.
2025-11-16 14:17:03,799 [DEBUG]: ✅ Element 79 (EulerBernoulliBeamElement3D) instantiated.
2025-11-16 14:17:03,799 [DEBUG]: ✅ Element 80 (EulerBernoulliBeamElement3D) instantiated.
2025-11-16 14:17:03,799 [DEBUG]: ✅ Element 81 (EulerBernoulliBeamElement3D) instantiated.
2025-11-16 14:17:03,800 [DEBUG]: ✅ Element 82 (EulerBernoulliBeamElement3D) instantiated.
2025-11-16 14:17:03,800 [DEBUG]: ✅ Element 83 (EulerBernoulliBeamElement3D) instantiated.
2025-11-16 14:17:03,801 [DEBUG]: ✅ Element 84 (EulerBernoulliBeamElement3D) instantiated.
2025-11-16 14:17:03,801 [DEBUG]: ✅ Element 85 (EulerBernoulliBeamElement3D) instantiated.
2025-11-16 14:17:03,802 [DEBUG]: ✅ Element 86 (EulerBernoulliBeamElement3D) instantiated.
2025-11-16 14:17:03,802 [DEBUG]: ✅ Element 87 (EulerBernoulliBeamElement3D) instantiated.
2025-11-16 14:17:03,803 [DEBUG]: ✅ Element 88 (EulerBernoulliBeamElement3D) instantiated.
2025-11-16 14:17:03,803 [DEBUG]: ✅ Element 89 (EulerBernoulliBeamElement3D) instantiated.
2025-11-16 14:17:03,804 [DEBUG]: ✅ Element 90 (EulerBernoulliBeamElement3D) instantiated.
2025-11-16 14:17:03,804 [DEBUG]: ✅ Element 91 (EulerBernoulliBeamElement3D) instantiated.
2025-11-16 14:17:03,805 [DEBUG]: ✅ Element 92 (EulerBernoulliBeamElement3D) instantiated.
2025-11-16 14:17:03,805 [DEBUG]: ✅ Element 93 (EulerBernoulliBeamElement3D) instantiated.
2025-11-16 14:17:03,806 [DEBUG]: ✅ Element 94 (EulerBernoulliBeamElement3D) instantiated.
2025-11-16 14:17:03,806 [DEBUG]: ✅ Element 95 (EulerBernoulliBeamElement3D) instantiated.
2025-11-16 14:17:03,807 [DEBUG]: ✅ Element 96 (EulerBernoulliBeamElement3D) instantiated.
2025-11-16 14:17:03,807 [DEBUG]: ✅ Element 97 (EulerBernoulliBeamElement3D) instantiated.
2025-11-16 14:17:03,808 [DEBUG]: ✅ Element 98 (EulerBernoulliBeamElement3D) instantiated.
2025-11-16 14:17:03,808 [DEBUG]: ✅ Element 99 (EulerBernoulliBeamElement3D) instantiated.
2025-11-16 14:17:03,809 [DEBUG]: ✅ Element 100 (EulerBernoulliBeamElement3D) instantiated.
2025-11-16 14:17:03,809 [DEBUG]: ✅ Element 101 (EulerBernoulliBeamElement3D) instantiated.
2025-11-16 14:17:03,810 [DEBUG]: ✅ Element 102 (EulerBernoulliBeamElement3D) instantiated.
2025-11-16 14:17:03,810 [DEBUG]: ✅ Element 103 (EulerBernoulliBeamElement3D) instantiated.
2025-11-16 14:17:03,811 [DEBUG]: ✅ Element 104 (EulerBernoulliBeamElement3D) instantiated.
2025-11-16 14:17:03,811 [DEBUG]: ✅ Element 105 (EulerBernoulliBeamElement3D) instantiated.
2025-11-16 14:17:03,812 [DEBUG]: ✅ Element 106 (EulerBernoulliBeamElement3D) instantiated.
2025-11-16 14:17:03,813 [DEBUG]: ✅ Element 107 (EulerBernoulliBeamElement3D) instantiated.
2025-11-16 14:17:03,814 [DEBUG]: ✅ Element 108 (EulerBernoulliBeamElement3D) instantiated.
2025-11-16 14:17:03,814 [DEBUG]: ✅ Element 109 (EulerBernoulliBeamElement3D) instantiated.
2025-11-16 14:17:03,816 [DEBUG]: ✅ Element 110 (EulerBernoulliBeamElement3D) instantiated.
2025-11-16 14:17:03,816 [DEBUG]: ✅ Element 111 (EulerBernoulliBeamElement3D) instantiated.
2025-11-16 14:17:03,817 [DEBUG]: ✅ Element 112 (EulerBernoulliBeamElement3D) instantiated.
2025-11-16 14:17:03,817 [DEBUG]: ✅ Element 113 (EulerBernoulliBeamElement3D) instantiated.
2025-11-16 14:17:03,818 [DEBUG]: ✅ Element 114 (EulerBernoulliBeamElement3D) instantiated.
2025-11-16 14:17:03,818 [DEBUG]: ✅ Element 115 (EulerBernoulliBeamElement3D) instantiated.
2025-11-16 14:17:03,819 [DEBUG]: ✅ Element 116 (EulerBernoulliBeamElement3D) instantiated.
2025-11-16 14:17:03,820 [DEBUG]: ✅ Element 117 (EulerBernoulliBeamElement3D) instantiated.
2025-11-16 14:17:03,820 [DEBUG]: ✅ Element 118 (EulerBernoulliBeamElement3D) instantiated.
2025-11-16 14:17:03,820 [DEBUG]: ✅ Element 119 (EulerBernoulliBeamElement3D) instantiated.
2025-11-16 14:17:03,820 [DEBUG]: ✅ Element 120 (EulerBernoulliBeamElement3D) instantiated.
2025-11-16 14:17:03,821 [DEBUG]: ✅ Element 121 (EulerBernoulliBeamElement3D) instantiated.
2025-11-16 14:17:03,821 [DEBUG]: ✅ Element 122 (EulerBernoulliBeamElement3D) instantiated.
2025-11-16 14:17:03,822 [DEBUG]: ✅ Element 123 (EulerBernoulliBeamElement3D) instantiated.
2025-11-16 14:17:03,822 [DEBUG]: ✅ Element 124 (EulerBernoulliBeamElement3D) instantiated.
2025-11-16 14:17:03,823 [DEBUG]: ✅ Element 125 (EulerBernoulliBeamElement3D) instantiated.
2025-11-16 14:17:03,823 [DEBUG]: ✅ Element 126 (EulerBernoulliBeamElement3D) instantiated.
2025-11-16 14:17:03,824 [DEBUG]: ✅ Element 127 (EulerBernoulliBeamElement3D) instantiated.
2025-11-16 14:17:03,824 [DEBUG]: ✅ Element 128 (EulerBernoulliBeamElement3D) instantiated.
2025-11-16 14:17:03,825 [DEBUG]: ✅ Element 129 (EulerBernoulliBeamElement3D) instantiated.
2025-11-16 14:17:03,825 [DEBUG]: ✅ Element 130 (EulerBernoulliBeamElement3D) instantiated.
2025-11-16 14:17:03,826 [DEBUG]: ✅ Element 131 (EulerBernoulliBeamElement3D) instantiated.
2025-11-16 14:17:03,827 [DEBUG]: ✅ Element 132 (EulerBernoulliBeamElement3D) instantiated.
2025-11-16 14:17:03,827 [DEBUG]: ✅ Element 133 (EulerBernoulliBeamElement3D) instantiated.
2025-11-16 14:17:03,828 [DEBUG]: ✅ Element 134 (EulerBernoulliBeamElement3D) instantiated.
2025-11-16 14:17:03,828 [DEBUG]: ✅ Element 135 (EulerBernoulliBeamElement3D) instantiated.
2025-11-16 14:17:03,829 [DEBUG]: ✅ Element 136 (EulerBernoulliBeamElement3D) instantiated.
2025-11-16 14:17:03,830 [DEBUG]: ✅ Element 137 (EulerBernoulliBeamElement3D) instantiated.
2025-11-16 14:17:03,830 [DEBUG]: ✅ Element 138 (EulerBernoulliBeamElement3D) instantiated.
2025-11-16 14:17:03,831 [DEBUG]: ✅ Element 139 (EulerBernoulliBeamElement3D) instantiated.
2025-11-16 14:17:03,831 [DEBUG]: ✅ Element 140 (EulerBernoulliBeamElement3D) instantiated.
2025-11-16 14:17:03,832 [DEBUG]: ✅ Element 141 (EulerBernoulliBeamElement3D) instantiated.
2025-11-16 14:17:03,832 [DEBUG]: ✅ Element 142 (EulerBernoulliBeamElement3D) instantiated.
2025-11-16 14:17:03,833 [DEBUG]: ✅ Element 143 (EulerBernoulliBeamElement3D) instantiated.
2025-11-16 14:17:03,833 [DEBUG]: ✅ Element 144 (EulerBernoulliBeamElement3D) instantiated.
2025-11-16 14:17:03,834 [DEBUG]: ✅ Element 145 (EulerBernoulliBeamElement3D) instantiated.
2025-11-16 14:17:03,834 [DEBUG]: ✅ Element 146 (EulerBernoulliBeamElement3D) instantiated.
2025-11-16 14:17:03,835 [DEBUG]: ✅ Element 147 (EulerBernoulliBeamElement3D) instantiated.
2025-11-16 14:17:03,835 [DEBUG]: ✅ Element 148 (EulerBernoulliBeamElement3D) instantiated.
2025-11-16 14:17:03,836 [DEBUG]: ✅ Element 149 (EulerBernoulliBeamElement3D) instantiated.
2025-11-16 14:17:03,836 [DEBUG]: ✅ Element 150 (EulerBernoulliBeamElement3D) instantiated.
2025-11-16 14:17:03,837 [DEBUG]: ✅ Element 151 (EulerBernoulliBeamElement3D) instantiated.
2025-11-16 14:17:03,837 [DEBUG]: ✅ Element 152 (EulerBernoulliBeamElement3D) instantiated.
2025-11-16 14:17:03,838 [DEBUG]: ✅ Element 153 (EulerBernoulliBeamElement3D) instantiated.
2025-11-16 14:17:03,838 [DEBUG]: ✅ Element 154 (EulerBernoulliBeamElement3D) instantiated.
2025-11-16 14:17:03,839 [DEBUG]: ✅ Element 155 (EulerBernoulliBeamElement3D) instantiated.
2025-11-16 14:17:03,839 [DEBUG]: ✅ Element 156 (EulerBernoulliBeamElement3D) instantiated.
2025-11-16 14:17:03,840 [DEBUG]: ✅ Element 157 (EulerBernoulliBeamElement3D) instantiated.
2025-11-16 14:17:03,840 [DEBUG]: ✅ Element 158 (EulerBernoulliBeamElement3D) instantiated.
2025-11-16 14:17:03,840 [DEBUG]: ✅ Element 159 (EulerBernoulliBeamElement3D) instantiated.
2025-11-16 14:17:03,840 [DEBUG]: ✅ Element 160 (EulerBernoulliBeamElement3D) instantiated.
2025-11-16 14:17:03,840 [DEBUG]: ✅ Element 161 (EulerBernoulliBeamElement3D) instantiated.
2025-11-16 14:17:03,840 [DEBUG]: ✅ Element 162 (EulerBernoulliBeamElement3D) instantiated.
2025-11-16 14:17:03,840 [DEBUG]: ✅ Element 163 (EulerBernoulliBeamElement3D) instantiated.
2025-11-16 14:17:03,840 [DEBUG]: ✅ Element 164 (EulerBernoulliBeamElement3D) instantiated.
2025-11-16 14:17:03,840 [DEBUG]: ✅ Element 165 (EulerBernoulliBeamElement3D) instantiated.
2025-11-16 14:17:03,840 [DEBUG]: ✅ Element 166 (EulerBernoulliBeamElement3D) instantiated.
2025-11-16 14:17:03,840 [DEBUG]: ✅ Element 167 (EulerBernoulliBeamElement3D) instantiated.
2025-11-16 14:17:03,840 [DEBUG]: ✅ Element 168 (EulerBernoulliBeamElement3D) instantiated.
2025-11-16 14:17:03,840 [DEBUG]: ✅ Element 169 (EulerBernoulliBeamElement3D) instantiated.
2025-11-16 14:17:03,840 [DEBUG]: ✅ Element 170 (EulerBernoulliBeamElement3D) instantiated.
2025-11-16 14:17:03,840 [DEBUG]: ✅ Element 171 (EulerBernoulliBeamElement3D) instantiated.
2025-11-16 14:17:03,850 [DEBUG]: ✅ Element 172 (EulerBernoulliBeamElement3D) instantiated.
2025-11-16 14:17:03,851 [DEBUG]: ✅ Element 173 (EulerBernoulliBeamElement3D) instantiated.
2025-11-16 14:17:03,851 [DEBUG]: ✅ Element 174 (EulerBernoulliBeamElement3D) instantiated.
2025-11-16 14:17:03,852 [DEBUG]: ✅ Element 175 (EulerBernoulliBeamElement3D) instantiated.
2025-11-16 14:17:03,853 [DEBUG]: ✅ Element 176 (EulerBernoulliBeamElement3D) instantiated.
2025-11-16 14:17:03,853 [DEBUG]: ✅ Element 177 (EulerBernoulliBeamElement3D) instantiated.
2025-11-16 14:17:03,854 [DEBUG]: ✅ Element 178 (EulerBernoulliBeamElement3D) instantiated.
2025-11-16 14:17:03,854 [DEBUG]: ✅ Element 179 (EulerBernoulliBeamElement3D) instantiated.
2025-11-16 14:17:03,854 [DEBUG]: ✅ Element 180 (EulerBernoulliBeamElement3D) instantiated.
2025-11-16 14:17:03,855 [DEBUG]: ✅ Element 181 (EulerBernoulliBeamElement3D) instantiated.
2025-11-16 14:17:03,855 [DEBUG]: ✅ Element 182 (EulerBernoulliBeamElement3D) instantiated.
2025-11-16 14:17:03,856 [DEBUG]: ✅ Element 183 (EulerBernoulliBeamElement3D) instantiated.
2025-11-16 14:17:03,856 [DEBUG]: ✅ Element 184 (EulerBernoulliBeamElement3D) instantiated.
2025-11-16 14:17:03,857 [DEBUG]: ✅ Element 185 (EulerBernoulliBeamElement3D) instantiated.
2025-11-16 14:17:03,857 [DEBUG]: ✅ Element 186 (EulerBernoulliBeamElement3D) instantiated.
2025-11-16 14:17:03,858 [DEBUG]: ✅ Element 187 (EulerBernoulliBeamElement3D) instantiated.
2025-11-16 14:17:03,859 [DEBUG]: ✅ Element 188 (EulerBernoulliBeamElement3D) instantiated.
2025-11-16 14:17:03,859 [DEBUG]: ✅ Element 189 (EulerBernoulliBeamElement3D) instantiated.
2025-11-16 14:17:03,860 [DEBUG]: ✅ Element 190 (EulerBernoulliBeamElement3D) instantiated.
2025-11-16 14:17:03,861 [DEBUG]: ✅ Element 191 (EulerBernoulliBeamElement3D) instantiated.
2025-11-16 14:17:03,861 [DEBUG]: ✅ Element 192 (EulerBernoulliBeamElement3D) instantiated.
2025-11-16 14:17:03,862 [DEBUG]: ✅ Element 193 (EulerBernoulliBeamElement3D) instantiated.
2025-11-16 14:17:03,863 [DEBUG]: ✅ Element 194 (EulerBernoulliBeamElement3D) instantiated.
2025-11-16 14:17:03,863 [DEBUG]: ✅ Element 195 (EulerBernoulliBeamElement3D) instantiated.
2025-11-16 14:17:03,864 [DEBUG]: ✅ Element 196 (EulerBernoulliBeamElement3D) instantiated.
2025-11-16 14:17:03,864 [DEBUG]: ✅ Element 197 (EulerBernoulliBeamElement3D) instantiated.
2025-11-16 14:17:03,865 [DEBUG]: ✅ Element 198 (EulerBernoulliBeamElement3D) instantiated.
2025-11-16 14:17:03,865 [DEBUG]: ✅ Element 199 (EulerBernoulliBeamElement3D) instantiated.
2025-11-16 14:17:03,866 [DEBUG]: ✅ Element 200 (EulerBernoulliBeamElement3D) instantiated.
2025-11-16 14:17:03,866 [DEBUG]: ✅ Element 201 (EulerBernoulliBeamElement3D) instantiated.
2025-11-16 14:17:03,866 [DEBUG]: ✅ Element 202 (EulerBernoulliBeamElement3D) instantiated.
2025-11-16 14:17:03,867 [DEBUG]: ✅ Element 203 (EulerBernoulliBeamElement3D) instantiated.
2025-11-16 14:17:03,867 [DEBUG]: ✅ Element 204 (EulerBernoulliBeamElement3D) instantiated.
2025-11-16 14:17:03,868 [DEBUG]: ✅ Element 205 (EulerBernoulliBeamElement3D) instantiated.
2025-11-16 14:17:03,868 [DEBUG]: ✅ Element 206 (EulerBernoulliBeamElement3D) instantiated.
2025-11-16 14:17:03,869 [DEBUG]: ✅ Element 207 (EulerBernoulliBeamElement3D) instantiated.
2025-11-16 14:17:03,869 [DEBUG]: ✅ Element 208 (EulerBernoulliBeamElement3D) instantiated.
2025-11-16 14:17:03,870 [DEBUG]: ✅ Element 209 (EulerBernoulliBeamElement3D) instantiated.
2025-11-16 14:17:03,871 [DEBUG]: ✅ Element 210 (EulerBernoulliBeamElement3D) instantiated.
2025-11-16 14:17:03,871 [DEBUG]: ✅ Element 211 (EulerBernoulliBeamElement3D) instantiated.
2025-11-16 14:17:03,872 [DEBUG]: ✅ Element 212 (EulerBernoulliBeamElement3D) instantiated.
2025-11-16 14:17:03,872 [DEBUG]: ✅ Element 213 (EulerBernoulliBeamElement3D) instantiated.
2025-11-16 14:17:03,872 [DEBUG]: ✅ Element 214 (EulerBernoulliBeamElement3D) instantiated.
2025-11-16 14:17:03,873 [DEBUG]: ✅ Element 215 (EulerBernoulliBeamElement3D) instantiated.
2025-11-16 14:17:03,873 [DEBUG]: ✅ Element 216 (EulerBernoulliBeamElement3D) instantiated.
2025-11-16 14:17:03,874 [DEBUG]: ✅ Element 217 (EulerBernoulliBeamElement3D) instantiated.
2025-11-16 14:17:03,874 [DEBUG]: ✅ Element 218 (EulerBernoulliBeamElement3D) instantiated.
2025-11-16 14:17:03,874 [DEBUG]: ✅ Element 219 (EulerBernoulliBeamElement3D) instantiated.
2025-11-16 14:17:03,875 [DEBUG]: ✅ Element 220 (EulerBernoulliBeamElement3D) instantiated.
2025-11-16 14:17:03,875 [DEBUG]: ✅ Element 221 (EulerBernoulliBeamElement3D) instantiated.
2025-11-16 14:17:03,876 [DEBUG]: ✅ Element 222 (EulerBernoulliBeamElement3D) instantiated.
2025-11-16 14:17:03,876 [DEBUG]: ✅ Element 223 (EulerBernoulliBeamElement3D) instantiated.
2025-11-16 14:17:03,876 [DEBUG]: ✅ Element 224 (EulerBernoulliBeamElement3D) instantiated.
2025-11-16 14:17:03,877 [DEBUG]: ✅ Element 225 (EulerBernoulliBeamElement3D) instantiated.
2025-11-16 14:17:03,878 [DEBUG]: ✅ Element 226 (EulerBernoulliBeamElement3D) instantiated.
2025-11-16 14:17:03,878 [DEBUG]: ✅ Element 227 (EulerBernoulliBeamElement3D) instantiated.
2025-11-16 14:17:03,879 [DEBUG]: ✅ Element 228 (EulerBernoulliBeamElement3D) instantiated.
2025-11-16 14:17:03,879 [DEBUG]: ✅ Element 229 (EulerBernoulliBeamElement3D) instantiated.
2025-11-16 14:17:03,880 [DEBUG]: ✅ Element 230 (EulerBernoulliBeamElement3D) instantiated.
2025-11-16 14:17:03,880 [DEBUG]: ✅ Element 231 (EulerBernoulliBeamElement3D) instantiated.
2025-11-16 14:17:03,881 [DEBUG]: ✅ Element 232 (EulerBernoulliBeamElement3D) instantiated.
2025-11-16 14:17:03,881 [DEBUG]: ✅ Element 233 (EulerBernoulliBeamElement3D) instantiated.
2025-11-16 14:17:03,881 [DEBUG]: ✅ Element 234 (EulerBernoulliBeamElement3D) instantiated.
2025-11-16 14:17:03,882 [DEBUG]: ✅ Element 235 (EulerBernoulliBeamElement3D) instantiated.
2025-11-16 14:17:03,882 [DEBUG]: ✅ Element 236 (EulerBernoulliBeamElement3D) instantiated.
2025-11-16 14:17:03,883 [DEBUG]: ✅ Element 237 (EulerBernoulliBeamElement3D) instantiated.
2025-11-16 14:17:03,883 [DEBUG]: ✅ Element 238 (EulerBernoulliBeamElement3D) instantiated.
2025-11-16 14:17:03,883 [DEBUG]: ✅ Element 239 (EulerBernoulliBeamElement3D) instantiated.
2025-11-16 14:17:03,884 [DEBUG]: ✅ Element 240 (EulerBernoulliBeamElement3D) instantiated.
2025-11-16 14:17:03,884 [DEBUG]: ✅ Element 241 (EulerBernoulliBeamElement3D) instantiated.
2025-11-16 14:17:03,885 [DEBUG]: ✅ Element 242 (EulerBernoulliBeamElement3D) instantiated.
2025-11-16 14:17:03,885 [DEBUG]: ✅ Element 243 (EulerBernoulliBeamElement3D) instantiated.
2025-11-16 14:17:03,886 [DEBUG]: ✅ Element 244 (EulerBernoulliBeamElement3D) instantiated.
2025-11-16 14:17:03,886 [DEBUG]: ✅ Element 245 (EulerBernoulliBeamElement3D) instantiated.
2025-11-16 14:17:03,886 [DEBUG]: ✅ Element 246 (EulerBernoulliBeamElement3D) instantiated.
2025-11-16 14:17:03,887 [DEBUG]: ✅ Element 247 (EulerBernoulliBeamElement3D) instantiated.
2025-11-16 14:17:03,887 [DEBUG]: ✅ Element 248 (EulerBernoulliBeamElement3D) instantiated.
2025-11-16 14:17:03,888 [DEBUG]: ✅ Element 249 (EulerBernoulliBeamElement3D) instantiated.
2025-11-16 14:17:03,888 [DEBUG]: Logging verified for element 0.
2025-11-16 14:17:03,889 [DEBUG]: Logging verified for element 1.
2025-11-16 14:17:03,890 [DEBUG]: Logging verified for element 2.
2025-11-16 14:17:03,890 [DEBUG]: Logging verified for element 3.
2025-11-16 14:17:03,890 [DEBUG]: Logging verified for element 4.
2025-11-16 14:17:03,891 [DEBUG]: Logging verified for element 5.
2025-11-16 14:17:03,891 [DEBUG]: Logging verified for element 6.
2025-11-16 14:17:03,892 [DEBUG]: Logging verified for element 7.
2025-11-16 14:17:03,893 [DEBUG]: Logging verified for element 8.
2025-11-16 14:17:03,893 [DEBUG]: Logging verified for element 9.
2025-11-16 14:17:03,893 [DEBUG]: Logging verified for element 10.
2025-11-16 14:17:03,894 [DEBUG]: Logging verified for element 11.
2025-11-16 14:17:03,894 [DEBUG]: Logging verified for element 12.
2025-11-16 14:17:03,895 [DEBUG]: Logging verified for element 13.
2025-11-16 14:17:03,895 [DEBUG]: Logging verified for element 14.
2025-11-16 14:17:03,896 [DEBUG]: Logging verified for element 15.
2025-11-16 14:17:03,896 [DEBUG]: Logging verified for element 16.
2025-11-16 14:17:03,897 [DEBUG]: Logging verified for element 17.
2025-11-16 14:17:03,897 [DEBUG]: Logging verified for element 18.
2025-11-16 14:17:03,898 [DEBUG]: Logging verified for element 19.
2025-11-16 14:17:03,898 [DEBUG]: Logging verified for element 20.
2025-11-16 14:17:03,898 [DEBUG]: Logging verified for element 21.
2025-11-16 14:17:03,899 [DEBUG]: Logging verified for element 22.
2025-11-16 14:17:03,899 [DEBUG]: Logging verified for element 23.
2025-11-16 14:17:03,899 [DEBUG]: Logging verified for element 24.
2025-11-16 14:17:03,901 [DEBUG]: Logging verified for element 25.
2025-11-16 14:17:03,901 [DEBUG]: Logging verified for element 26.
2025-11-16 14:17:03,902 [DEBUG]: Logging verified for element 27.
2025-11-16 14:17:03,902 [DEBUG]: Logging verified for element 28.
2025-11-16 14:17:03,903 [DEBUG]: Logging verified for element 29.
2025-11-16 14:17:03,903 [DEBUG]: Logging verified for element 30.
2025-11-16 14:17:03,904 [DEBUG]: Logging verified for element 31.
2025-11-16 14:17:03,904 [DEBUG]: Logging verified for element 32.
2025-11-16 14:17:03,904 [DEBUG]: Logging verified for element 33.
2025-11-16 14:17:03,905 [DEBUG]: Logging verified for element 34.
2025-11-16 14:17:03,905 [DEBUG]: Logging verified for element 35.
2025-11-16 14:17:03,906 [DEBUG]: Logging verified for element 36.
2025-11-16 14:17:03,906 [DEBUG]: Logging verified for element 37.
2025-11-16 14:17:03,907 [DEBUG]: Logging verified for element 38.
2025-11-16 14:17:03,907 [DEBUG]: Logging verified for element 39.
2025-11-16 14:17:03,908 [DEBUG]: Logging verified for element 40.
2025-11-16 14:17:03,908 [DEBUG]: Logging verified for element 41.
2025-11-16 14:17:03,909 [DEBUG]: Logging verified for element 42.
2025-11-16 14:17:03,909 [DEBUG]: Logging verified for element 43.
2025-11-16 14:17:03,909 [DEBUG]: Logging verified for element 44.
2025-11-16 14:17:03,911 [DEBUG]: Logging verified for element 45.
2025-11-16 14:17:03,911 [DEBUG]: Logging verified for element 46.
2025-11-16 14:17:03,912 [DEBUG]: Logging verified for element 47.
2025-11-16 14:17:03,912 [DEBUG]: Logging verified for element 48.
2025-11-16 14:17:03,913 [DEBUG]: Logging verified for element 49.
2025-11-16 14:17:03,914 [DEBUG]: Logging verified for element 50.
2025-11-16 14:17:03,914 [DEBUG]: Logging verified for element 51.
2025-11-16 14:17:03,915 [DEBUG]: Logging verified for element 52.
2025-11-16 14:17:03,915 [DEBUG]: Logging verified for element 53.
2025-11-16 14:17:03,915 [DEBUG]: Logging verified for element 54.
2025-11-16 14:17:03,916 [DEBUG]: Logging verified for element 55.
2025-11-16 14:17:03,916 [DEBUG]: Logging verified for element 56.
2025-11-16 14:17:03,917 [DEBUG]: Logging verified for element 57.
2025-11-16 14:17:03,917 [DEBUG]: Logging verified for element 58.
2025-11-16 14:17:03,917 [DEBUG]: Logging verified for element 59.
2025-11-16 14:17:03,918 [DEBUG]: Logging verified for element 60.
2025-11-16 14:17:03,918 [DEBUG]: Logging verified for element 61.
2025-11-16 14:17:03,919 [DEBUG]: Logging verified for element 62.
2025-11-16 14:17:03,919 [DEBUG]: Logging verified for element 63.
2025-11-16 14:17:03,920 [DEBUG]: Logging verified for element 64.
2025-11-16 14:17:03,920 [DEBUG]: Logging verified for element 65.
2025-11-16 14:17:03,920 [DEBUG]: Logging verified for element 66.
2025-11-16 14:17:03,920 [DEBUG]: Logging verified for element 67.
2025-11-16 14:17:03,921 [DEBUG]: Logging verified for element 68.
2025-11-16 14:17:03,921 [DEBUG]: Logging verified for element 69.
2025-11-16 14:17:03,922 [DEBUG]: Logging verified for element 70.
2025-11-16 14:17:03,922 [DEBUG]: Logging verified for element 71.
2025-11-16 14:17:03,923 [DEBUG]: Logging verified for element 72.
2025-11-16 14:17:03,923 [DEBUG]: Logging verified for element 73.
2025-11-16 14:17:03,923 [DEBUG]: Logging verified for element 74.
2025-11-16 14:17:03,924 [DEBUG]: Logging verified for element 75.
2025-11-16 14:17:03,924 [DEBUG]: Logging verified for element 76.
2025-11-16 14:17:03,925 [DEBUG]: Logging verified for element 77.
2025-11-16 14:17:03,925 [DEBUG]: Logging verified for element 78.
2025-11-16 14:17:03,925 [DEBUG]: Logging verified for element 79.
2025-11-16 14:17:03,926 [DEBUG]: Logging verified for element 80.
2025-11-16 14:17:03,926 [DEBUG]: Logging verified for element 81.
2025-11-16 14:17:03,927 [DEBUG]: Logging verified for element 82.
2025-11-16 14:17:03,927 [DEBUG]: Logging verified for element 83.
2025-11-16 14:17:03,928 [DEBUG]: Logging verified for element 84.
2025-11-16 14:17:03,928 [DEBUG]: Logging verified for element 85.
2025-11-16 14:17:03,929 [DEBUG]: Logging verified for element 86.
2025-11-16 14:17:03,929 [DEBUG]: Logging verified for element 87.
2025-11-16 14:17:03,930 [DEBUG]: Logging verified for element 88.
2025-11-16 14:17:03,930 [DEBUG]: Logging verified for element 89.
2025-11-16 14:17:03,931 [DEBUG]: Logging verified for element 90.
2025-11-16 14:17:03,931 [DEBUG]: Logging verified for element 91.
2025-11-16 14:17:03,932 [DEBUG]: Logging verified for element 92.
2025-11-16 14:17:03,932 [DEBUG]: Logging verified for element 93.
2025-11-16 14:17:03,933 [DEBUG]: Logging verified for element 94.
2025-11-16 14:17:03,933 [DEBUG]: Logging verified for element 95.
2025-11-16 14:17:03,934 [DEBUG]: Logging verified for element 96.
2025-11-16 14:17:03,934 [DEBUG]: Logging verified for element 97.
2025-11-16 14:17:03,935 [DEBUG]: Logging verified for element 98.
2025-11-16 14:17:03,935 [DEBUG]: Logging verified for element 99.
2025-11-16 14:17:03,935 [DEBUG]: Logging verified for element 100.
2025-11-16 14:17:03,936 [DEBUG]: Logging verified for element 101.
2025-11-16 14:17:03,936 [DEBUG]: Logging verified for element 102.
2025-11-16 14:17:03,937 [DEBUG]: Logging verified for element 103.
2025-11-16 14:17:03,937 [DEBUG]: Logging verified for element 104.
2025-11-16 14:17:03,938 [DEBUG]: Logging verified for element 105.
2025-11-16 14:17:03,938 [DEBUG]: Logging verified for element 106.
2025-11-16 14:17:03,939 [DEBUG]: Logging verified for element 107.
2025-11-16 14:17:03,939 [DEBUG]: Logging verified for element 108.
2025-11-16 14:17:03,940 [DEBUG]: Logging verified for element 109.
2025-11-16 14:17:03,940 [DEBUG]: Logging verified for element 110.
2025-11-16 14:17:03,940 [DEBUG]: Logging verified for element 111.
2025-11-16 14:17:03,941 [DEBUG]: Logging verified for element 112.
2025-11-16 14:17:03,941 [DEBUG]: Logging verified for element 113.
2025-11-16 14:17:03,942 [DEBUG]: Logging verified for element 114.
2025-11-16 14:17:03,943 [DEBUG]: Logging verified for element 115.
2025-11-16 14:17:03,943 [DEBUG]: Logging verified for element 116.
2025-11-16 14:17:03,943 [DEBUG]: Logging verified for element 117.
2025-11-16 14:17:03,943 [DEBUG]: Logging verified for element 118.
2025-11-16 14:17:03,943 [DEBUG]: Logging verified for element 119.
2025-11-16 14:17:03,943 [DEBUG]: Logging verified for element 120.
2025-11-16 14:17:03,943 [DEBUG]: Logging verified for element 121.
2025-11-16 14:17:03,943 [DEBUG]: Logging verified for element 122.
2025-11-16 14:17:03,943 [DEBUG]: Logging verified for element 123.
2025-11-16 14:17:03,943 [DEBUG]: Logging verified for element 124.
2025-11-16 14:17:03,943 [DEBUG]: Logging verified for element 125.
2025-11-16 14:17:03,943 [DEBUG]: Logging verified for element 126.
2025-11-16 14:17:03,943 [DEBUG]: Logging verified for element 127.
2025-11-16 14:17:03,943 [DEBUG]: Logging verified for element 128.
2025-11-16 14:17:03,943 [DEBUG]: Logging verified for element 129.
2025-11-16 14:17:03,943 [DEBUG]: Logging verified for element 130.
2025-11-16 14:17:03,943 [DEBUG]: Logging verified for element 131.
2025-11-16 14:17:03,943 [DEBUG]: Logging verified for element 132.
2025-11-16 14:17:03,943 [DEBUG]: Logging verified for element 133.
2025-11-16 14:17:03,943 [DEBUG]: Logging verified for element 134.
2025-11-16 14:17:03,943 [DEBUG]: Logging verified for element 135.
2025-11-16 14:17:03,943 [DEBUG]: Logging verified for element 136.
2025-11-16 14:17:03,943 [DEBUG]: Logging verified for element 137.
2025-11-16 14:17:03,943 [DEBUG]: Logging verified for element 138.
2025-11-16 14:17:03,943 [DEBUG]: Logging verified for element 139.
2025-11-16 14:17:03,943 [DEBUG]: Logging verified for element 140.
2025-11-16 14:17:03,943 [DEBUG]: Logging verified for element 141.
2025-11-16 14:17:03,943 [DEBUG]: Logging verified for element 142.
2025-11-16 14:17:03,943 [DEBUG]: Logging verified for element 143.
2025-11-16 14:17:03,943 [DEBUG]: Logging verified for element 144.
2025-11-16 14:17:03,943 [DEBUG]: Logging verified for element 145.
2025-11-16 14:17:03,943 [DEBUG]: Logging verified for element 146.
2025-11-16 14:17:03,958 [DEBUG]: Logging verified for element 147.
2025-11-16 14:17:03,959 [DEBUG]: Logging verified for element 148.
2025-11-16 14:17:03,959 [DEBUG]: Logging verified for element 149.
2025-11-16 14:17:03,959 [DEBUG]: Logging verified for element 150.
2025-11-16 14:17:03,960 [DEBUG]: Logging verified for element 151.
2025-11-16 14:17:03,960 [DEBUG]: Logging verified for element 152.
2025-11-16 14:17:03,961 [DEBUG]: Logging verified for element 153.
2025-11-16 14:17:03,961 [DEBUG]: Logging verified for element 154.
2025-11-16 14:17:03,962 [DEBUG]: Logging verified for element 155.
2025-11-16 14:17:03,963 [DEBUG]: Logging verified for element 156.
2025-11-16 14:17:03,963 [DEBUG]: Logging verified for element 157.
2025-11-16 14:17:03,963 [DEBUG]: Logging verified for element 158.
2025-11-16 14:17:03,965 [DEBUG]: Logging verified for element 159.
2025-11-16 14:17:03,965 [DEBUG]: Logging verified for element 160.
2025-11-16 14:17:03,966 [DEBUG]: Logging verified for element 161.
2025-11-16 14:17:03,966 [DEBUG]: Logging verified for element 162.
2025-11-16 14:17:03,967 [DEBUG]: Logging verified for element 163.
2025-11-16 14:17:03,967 [DEBUG]: Logging verified for element 164.
2025-11-16 14:17:03,967 [DEBUG]: Logging verified for element 165.
2025-11-16 14:17:03,967 [DEBUG]: Logging verified for element 166.
2025-11-16 14:17:03,968 [DEBUG]: Logging verified for element 167.
2025-11-16 14:17:03,968 [DEBUG]: Logging verified for element 168.
2025-11-16 14:17:03,970 [DEBUG]: Logging verified for element 169.
2025-11-16 14:17:03,970 [DEBUG]: Logging verified for element 170.
2025-11-16 14:17:03,971 [DEBUG]: Logging verified for element 171.
2025-11-16 14:17:03,971 [DEBUG]: Logging verified for element 172.
2025-11-16 14:17:03,972 [DEBUG]: Logging verified for element 173.
2025-11-16 14:17:03,972 [DEBUG]: Logging verified for element 174.
2025-11-16 14:17:03,972 [DEBUG]: Logging verified for element 175.
2025-11-16 14:17:03,973 [DEBUG]: Logging verified for element 176.
2025-11-16 14:17:03,974 [DEBUG]: Logging verified for element 177.
2025-11-16 14:17:03,974 [DEBUG]: Logging verified for element 178.
2025-11-16 14:17:03,974 [DEBUG]: Logging verified for element 179.
2025-11-16 14:17:03,975 [DEBUG]: Logging verified for element 180.
2025-11-16 14:17:03,975 [DEBUG]: Logging verified for element 181.
2025-11-16 14:17:03,976 [DEBUG]: Logging verified for element 182.
2025-11-16 14:17:03,976 [DEBUG]: Logging verified for element 183.
2025-11-16 14:17:03,977 [DEBUG]: Logging verified for element 184.
2025-11-16 14:17:03,977 [DEBUG]: Logging verified for element 185.
2025-11-16 14:17:03,978 [DEBUG]: Logging verified for element 186.
2025-11-16 14:17:03,979 [DEBUG]: Logging verified for element 187.
2025-11-16 14:17:03,980 [DEBUG]: Logging verified for element 188.
2025-11-16 14:17:03,980 [DEBUG]: Logging verified for element 189.
2025-11-16 14:17:03,981 [DEBUG]: Logging verified for element 190.
2025-11-16 14:17:03,981 [DEBUG]: Logging verified for element 191.
2025-11-16 14:17:03,982 [DEBUG]: Logging verified for element 192.
2025-11-16 14:17:03,982 [DEBUG]: Logging verified for element 193.
2025-11-16 14:17:03,983 [DEBUG]: Logging verified for element 194.
2025-11-16 14:17:03,984 [DEBUG]: Logging verified for element 195.
2025-11-16 14:17:03,984 [DEBUG]: Logging verified for element 196.
2025-11-16 14:17:03,985 [DEBUG]: Logging verified for element 197.
2025-11-16 14:17:03,985 [DEBUG]: Logging verified for element 198.
2025-11-16 14:17:03,986 [DEBUG]: Logging verified for element 199.
2025-11-16 14:17:03,986 [DEBUG]: Logging verified for element 200.
2025-11-16 14:17:03,986 [DEBUG]: Logging verified for element 201.
2025-11-16 14:17:03,987 [DEBUG]: Logging verified for element 202.
2025-11-16 14:17:03,987 [DEBUG]: Logging verified for element 203.
2025-11-16 14:17:03,988 [DEBUG]: Logging verified for element 204.
2025-11-16 14:17:03,988 [DEBUG]: Logging verified for element 205.
2025-11-16 14:17:03,988 [DEBUG]: Logging verified for element 206.
2025-11-16 14:17:03,989 [DEBUG]: Logging verified for element 207.
2025-11-16 14:17:03,989 [DEBUG]: Logging verified for element 208.
2025-11-16 14:17:03,990 [DEBUG]: Logging verified for element 209.
2025-11-16 14:17:03,990 [DEBUG]: Logging verified for element 210.
2025-11-16 14:17:03,991 [DEBUG]: Logging verified for element 211.
2025-11-16 14:17:03,991 [DEBUG]: Logging verified for element 212.
2025-11-16 14:17:03,992 [DEBUG]: Logging verified for element 213.
2025-11-16 14:17:03,992 [DEBUG]: Logging verified for element 214.
2025-11-16 14:17:03,993 [DEBUG]: Logging verified for element 215.
2025-11-16 14:17:03,993 [DEBUG]: Logging verified for element 216.
2025-11-16 14:17:03,994 [DEBUG]: Logging verified for element 217.
2025-11-16 14:17:03,994 [DEBUG]: Logging verified for element 218.
2025-11-16 14:17:03,995 [DEBUG]: Logging verified for element 219.
2025-11-16 14:17:03,995 [DEBUG]: Logging verified for element 220.
2025-11-16 14:17:03,996 [DEBUG]: Logging verified for element 221.
2025-11-16 14:17:03,996 [DEBUG]: Logging verified for element 222.
2025-11-16 14:17:03,997 [DEBUG]: Logging verified for element 223.
2025-11-16 14:17:03,997 [DEBUG]: Logging verified for element 224.
2025-11-16 14:17:03,998 [DEBUG]: Logging verified for element 225.
2025-11-16 14:17:03,998 [DEBUG]: Logging verified for element 226.
2025-11-16 14:17:03,998 [DEBUG]: Logging verified for element 227.
2025-11-16 14:17:03,999 [DEBUG]: Logging verified for element 228.
2025-11-16 14:17:03,999 [DEBUG]: Logging verified for element 229.
2025-11-16 14:17:04,000 [DEBUG]: Logging verified for element 230.
2025-11-16 14:17:04,001 [DEBUG]: Logging verified for element 231.
2025-11-16 14:17:04,001 [DEBUG]: Logging verified for element 232.
2025-11-16 14:17:04,001 [DEBUG]: Logging verified for element 233.
2025-11-16 14:17:04,002 [DEBUG]: Logging verified for element 234.
2025-11-16 14:17:04,002 [DEBUG]: Logging verified for element 235.
2025-11-16 14:17:04,003 [DEBUG]: Logging verified for element 236.
2025-11-16 14:17:04,003 [DEBUG]: Logging verified for element 237.
2025-11-16 14:17:04,004 [DEBUG]: Logging verified for element 238.
2025-11-16 14:17:04,004 [DEBUG]: Logging verified for element 239.
2025-11-16 14:17:04,005 [DEBUG]: Logging verified for element 240.
2025-11-16 14:17:04,005 [DEBUG]: Logging verified for element 241.
2025-11-16 14:17:04,006 [DEBUG]: Logging verified for element 242.
2025-11-16 14:17:04,006 [DEBUG]: Logging verified for element 243.
2025-11-16 14:17:04,007 [DEBUG]: Logging verified for element 244.
2025-11-16 14:17:04,008 [DEBUG]: Logging verified for element 245.
2025-11-16 14:17:04,008 [DEBUG]: Logging verified for element 246.
2025-11-16 14:17:04,008 [DEBUG]: Logging verified for element 247.
2025-11-16 14:17:04,008 [DEBUG]: Logging verified for element 248.
2025-11-16 14:17:04,009 [DEBUG]: Logging verified for element 249.
2025-11-16 14:17:04,009 [INFO]: ✅ Batch element creation complete.
