--------------------------------------------------------------------------
Machine specifications – written 2025-11-16 14:17:07.420153
OS          : Windows 11 (10.0.26100)
CPU         : 12th Gen Intel(R) Core(TM) i7-12700
   logical  : 20
   physical : 12
RAM         : 31.24 GB
Disk        : 943.72 GB total  /  504.60 GB free
Python      : 3.12.5  (C:\Users\s1834431\AppData\Local\Programs\Python\Python312\python.exe)
GPU(s)      : Intel(R) UHD Graphics 770
--------------------------------------------------------------------------

Runtime telemetry header written → C:\Users\s1834431\.cursor\worktrees\fem_model\kXxtc\post_processing\results\job_0002_2025-11-16_14-17-02-942808_pid27564_a6e5e98f\diagnostics\RuntimeMonitorTelemetry.log
2025-11-16 14:17:07 │ PrepareLocalSystem BEGIN   │ Δt  0.00 s │ RAM   128.4 MB │ CPU  35.4 % │ Disk  439.1 GB
2025-11-16 14:17:07 │ PrepareLocalSystem END     │ Δt  0.22 s │ RAM   128.7 MB │ CPU  49.0 % │ Disk  439.1 GB
2025-11-16 14:17:08 │ AssembleGlobalSystem BEGIN │ Δt  0.20 s │ RAM   128.7 MB │ CPU  20.7 % │ Disk  439.1 GB
2025-11-16 14:17:08 │ AssembleGlobalSystem END   │ Δt  0.26 s │ RAM   130.7 MB │ CPU  16.3 % │ Disk  439.1 GB
2025-11-16 14:17:14 │ ModifyGlobalSystem BEGIN   │ Δt  5.86 s │ RAM   132.8 MB │ CPU  72.4 % │ Disk  439.1 GB
2025-11-16 14:17:14 │ ModifyGlobalSystem END     │ Δt  0.28 s │ RAM   133.6 MB │ CPU  80.1 % │ Disk  439.1 GB
2025-11-16 14:17:20 │ CondenseModifiedSystem BEGIN │ Δt  6.10 s │ RAM   133.6 MB │ CPU  46.4 % │ Disk  439.1 GB
2025-11-16 14:17:21 │ CondenseModifiedSystem END │ Δt  0.43 s │ RAM   133.8 MB │ CPU  55.3 % │ Disk  439.1 GB
2025-11-16 14:17:27 │ SolveCondensedSystem BEGIN │ Δt  5.98 s │ RAM   134.6 MB │ CPU  46.9 % │ Disk  439.1 GB
2025-11-16 14:17:33 │ SolveCondensedSystem END   │ Δt  6.14 s │ RAM   134.7 MB │ CPU  57.0 % │ Disk  439.1 GB
2025-11-16 14:17:33 │ ReconstructGlobalSystem BEGIN │ Δt  0.20 s │ RAM   134.7 MB │ CPU  46.0 % │ Disk  439.1 GB
2025-11-16 14:17:33 │ ReconstructGlobalSystem END │ Δt  0.29 s │ RAM   134.7 MB │ CPU  44.4 % │ Disk  439.1 GB
2025-11-16 14:17:33 │ ComputePrimaryResults BEGIN │ Δt  0.20 s │ RAM   134.7 MB │ CPU  23.0 % │ Disk  439.1 GB
2025-11-16 14:17:35 │ ComputePrimaryResults END  │ Δt  1.46 s │ RAM   135.8 MB │ CPU  16.0 % │ Disk  439.1 GB
2025-11-16 14:17:35 │ SaveFormulationCache BEGIN │ Δt  0.20 s │ RAM   135.8 MB │ CPU  21.7 % │ Disk  439.1 GB
2025-11-16 14:17:36 │ SaveFormulationCache END   │ Δt  0.99 s │ RAM   135.8 MB │ CPU  65.0 % │ Disk  439.1 GB
2025-11-16 14:17:36 │ ComputeSecondaryResults BEGIN │ Δt  0.20 s │ RAM   135.8 MB │ CPU  72.1 % │ Disk  439.1 GB
2025-11-16 14:17:36 │ ComputeSecondaryResults END │ Δt  0.21 s │ RAM   135.8 MB │ CPU  60.2 % │ Disk  439.1 GB
