{"sessionId": "bf991c", "hypothesisId": "H1", "location": "gci_richardson_abaqus_report.py:after_tip", "message": "Abaqus tip and order check", "data": {"job_id": 0, "n_nodes": 101, "U_shape": [101, 6], "tip_idx": 100, "U_tip_idx_UY": -0.0029619273, "U_tip_idx_RZ": 0.0, "abaqus_uy_mm": -2.9619273, "abaqus_theta_deg": 0.0, "max_abs_UY_col": 0.0029619273, "first_row_UY": -5e-34, "last_row_UY": -0.0029619273}, "timestamp": 1771957388322}
{"sessionId": "bf991c", "hypothesisId": "H2", "location": "gci_richardson_abaqus_report.py:after_tip", "message": "Jobs 6/7 all-zero check", "data": {"job_id": 0, "all_UY_near_zero": false}, "timestamp": 1771957388322}
{"sessionId": "bf991c", "hypothesisId": "H3", "location": "gci_richardson_abaqus_report.py:after_tip", "message": "Rotation zero check", "data": {"job_id": 0, "abaqus_theta_deg": 0.0, "max_abs_RZ": 0.0}, "timestamp": 1771957388322}
{"sessionId": "bf991c", "hypothesisId": "H4", "location": "gci_richardson_abaqus_report.py:after_tip", "message": "Shape/match check", "data": {"job_id": 0, "n_nodes_grid": 101, "U_rows": 101, "match": true}, "timestamp": 1771957388322}
{"sessionId": "bf991c", "hypothesisId": "H5", "location": "gci_richardson_abaqus_report.py:after_tip", "message": "Units scale", "data": {"job_id": 0, "U_tip_UY_SI": -0.0029619273, "abaqus_uy_mm": -2.9619273, "expected_mm_if_SI": -2.9619273}, "timestamp": 1771957388322}
{"sessionId": "bf991c", "hypothesisId": "H1", "location": "gci_richardson_abaqus_report.py:after_tip", "message": "Abaqus tip and order check", "data": {"job_id": 1, "n_nodes": 101, "U_shape": [101, 6], "tip_idx": 100, "U_tip_idx_UY": -0.0009108974, "U_tip_idx_RZ": 0.0, "abaqus_uy_mm": -0.9108974, "abaqus_theta_deg": 0.0, "max_abs_UY_col": 0.0009108974, "first_row_UY": -5e-34, "last_row_UY": -0.0009108974}, "timestamp": 1771957388328}
{"sessionId": "bf991c", "hypothesisId": "H2", "location": "gci_richardson_abaqus_report.py:after_tip", "message": "Jobs 6/7 all-zero check", "data": {"job_id": 1, "all_UY_near_zero": false}, "timestamp": 1771957388328}
{"sessionId": "bf991c", "hypothesisId": "H3", "location": "gci_richardson_abaqus_report.py:after_tip", "message": "Rotation zero check", "data": {"job_id": 1, "abaqus_theta_deg": 0.0, "max_abs_RZ": 0.0}, "timestamp": 1771957388328}
{"sessionId": "bf991c", "hypothesisId": "H4", "location": "gci_richardson_abaqus_report.py:after_tip", "message": "Shape/match check", "data": {"job_id": 1, "n_nodes_grid": 101, "U_rows": 101, "match": true}, "timestamp": 1771957388328}
{"sessionId": "bf991c", "hypothesisId": "H5", "location": "gci_richardson_abaqus_report.py:after_tip", "message": "Units scale", "data": {"job_id": 1, "U_tip_UY_SI": -0.0009108974, "abaqus_uy_mm": -0.9108974, "expected_mm_if_SI": -0.9108974}, "timestamp": 1771957388328}
{"sessionId": "bf991c", "hypothesisId": "H1", "location": "gci_richardson_abaqus_report.py:after_tip", "message": "Abaqus tip and order check", "data": {"job_id": 2, "n_nodes": 101, "U_shape": [101, 6], "tip_idx": 100, "U_tip_idx_UY": -0.00024178076, "U_tip_idx_RZ": 0.0, "abaqus_uy_mm": -0.24178076, "abaqus_theta_deg": 0.0, "max_abs_UY_col": 0.00024178076, "first_row_UY": -5e-34, "last_row_UY": -0.00024178076}, "timestamp": 1771957388337}
{"sessionId": "bf991c", "hypothesisId": "H2", "location": "gci_richardson_abaqus_report.py:after_tip", "message": "Jobs 6/7 all-zero check", "data": {"job_id": 2, "all_UY_near_zero": false}, "timestamp": 1771957388337}
{"sessionId": "bf991c", "hypothesisId": "H3", "location": "gci_richardson_abaqus_report.py:after_tip", "message": "Rotation zero check", "data": {"job_id": 2, "abaqus_theta_deg": 0.0, "max_abs_RZ": 0.0}, "timestamp": 1771957388337}
{"sessionId": "bf991c", "hypothesisId": "H4", "location": "gci_richardson_abaqus_report.py:after_tip", "message": "Shape/match check", "data": {"job_id": 2, "n_nodes_grid": 101, "U_rows": 101, "match": true}, "timestamp": 1771957388338}
{"sessionId": "bf991c", "hypothesisId": "H5", "location": "gci_richardson_abaqus_report.py:after_tip", "message": "Units scale", "data": {"job_id": 2, "U_tip_UY_SI": -0.00024178076, "abaqus_uy_mm": -0.24178076, "expected_mm_if_SI": -0.24178076}, "timestamp": 1771957388338}
{"sessionId": "bf991c", "hypothesisId": "H1", "location": "gci_richardson_abaqus_report.py:after_tip", "message": "Abaqus tip and order check", "data": {"job_id": 5, "n_nodes": 101, "U_shape": [101, 6], "tip_idx": 100, "U_tip_idx_UY": -0.0022020256, "U_tip_idx_RZ": 0.0, "abaqus_uy_mm": -2.2020256, "abaqus_theta_deg": 0.0, "max_abs_UY_col": 0.0022020256, "first_row_UY": -9.95e-34, "last_row_UY": -0.0022020256}, "timestamp": 1771957388342}
{"sessionId": "bf991c", "hypothesisId": "H2", "location": "gci_richardson_abaqus_report.py:after_tip", "message": "Jobs 6/7 all-zero check", "data": {"job_id": 5, "all_UY_near_zero": false}, "timestamp": 1771957388343}
{"sessionId": "bf991c", "hypothesisId": "H3", "location": "gci_richardson_abaqus_report.py:after_tip", "message": "Rotation zero check", "data": {"job_id": 5, "abaqus_theta_deg": 0.0, "max_abs_RZ": 0.0}, "timestamp": 1771957388343}
{"sessionId": "bf991c", "hypothesisId": "H4", "location": "gci_richardson_abaqus_report.py:after_tip", "message": "Shape/match check", "data": {"job_id": 5, "n_nodes_grid": 101, "U_rows": 101, "match": true}, "timestamp": 1771957388343}
{"sessionId": "bf991c", "hypothesisId": "H5", "location": "gci_richardson_abaqus_report.py:after_tip", "message": "Units scale", "data": {"job_id": 5, "U_tip_UY_SI": -0.0022020256, "abaqus_uy_mm": -2.2020256, "expected_mm_if_SI": -2.2020256}, "timestamp": 1771957388343}
{"sessionId": "bf991c", "hypothesisId": "H1", "location": "gci_richardson_abaqus_report.py:after_tip", "message": "Abaqus tip and order check", "data": {"job_id": 6, "n_nodes": 101, "U_shape": [101, 6], "tip_idx": 100, "U_tip_idx_UY": 0.0, "U_tip_idx_RZ": 0.0, "abaqus_uy_mm": 0.0, "abaqus_theta_deg": 0.0, "max_abs_UY_col": 0.0, "first_row_UY": 0.0, "last_row_UY": 0.0}, "timestamp": 1771957388347}
{"sessionId": "bf991c", "hypothesisId": "H2", "location": "gci_richardson_abaqus_report.py:after_tip", "message": "Jobs 6/7 all-zero check", "data": {"job_id": 6, "all_UY_near_zero": true}, "timestamp": 1771957388347}
{"sessionId": "bf991c", "hypothesisId": "H3", "location": "gci_richardson_abaqus_report.py:after_tip", "message": "Rotation zero check", "data": {"job_id": 6, "abaqus_theta_deg": 0.0, "max_abs_RZ": 0.0}, "timestamp": 1771957388348}
{"sessionId": "bf991c", "hypothesisId": "H4", "location": "gci_richardson_abaqus_report.py:after_tip", "message": "Shape/match check", "data": {"job_id": 6, "n_nodes_grid": 101, "U_rows": 101, "match": true}, "timestamp": 1771957388348}
{"sessionId": "bf991c", "hypothesisId": "H5", "location": "gci_richardson_abaqus_report.py:after_tip", "message": "Units scale", "data": {"job_id": 6, "U_tip_UY_SI": 0.0, "abaqus_uy_mm": 0.0, "expected_mm_if_SI": 0.0}, "timestamp": 1771957388348}
{"sessionId": "bf991c", "hypothesisId": "H1", "location": "gci_richardson_abaqus_report.py:after_tip", "message": "Abaqus tip and order check", "data": {"job_id": 7, "n_nodes": 101, "U_shape": [101, 6], "tip_idx": 100, "U_tip_idx_UY": 0.0, "U_tip_idx_RZ": 0.0, "abaqus_uy_mm": 0.0, "abaqus_theta_deg": 0.0, "max_abs_UY_col": 0.0, "first_row_UY": 0.0, "last_row_UY": 0.0}, "timestamp": 1771957388352}
{"sessionId": "bf991c", "hypothesisId": "H2", "location": "gci_richardson_abaqus_report.py:after_tip", "message": "Jobs 6/7 all-zero check", "data": {"job_id": 7, "all_UY_near_zero": true}, "timestamp": 1771957388352}
{"sessionId": "bf991c", "hypothesisId": "H3", "location": "gci_richardson_abaqus_report.py:after_tip", "message": "Rotation zero check", "data": {"job_id": 7, "abaqus_theta_deg": 0.0, "max_abs_RZ": 0.0}, "timestamp": 1771957388353}
{"sessionId": "bf991c", "hypothesisId": "H4", "location": "gci_richardson_abaqus_report.py:after_tip", "message": "Shape/match check", "data": {"job_id": 7, "n_nodes_grid": 101, "U_rows": 101, "match": true}, "timestamp": 1771957388353}
{"sessionId": "bf991c", "hypothesisId": "H5", "location": "gci_richardson_abaqus_report.py:after_tip", "message": "Units scale", "data": {"job_id": 7, "U_tip_UY_SI": 0.0, "abaqus_uy_mm": 0.0, "expected_mm_if_SI": 0.0}, "timestamp": 1771957388353}
