=== Unnamed Matrix ===
[[0. 0.]
 [0. 0.]]


=== Element 26 Stiffness Matrix Computation ===
=== Element length  L  (1, 1) ===
[[0.0625]]

=== Material stiffness matrix  D  (6, 6) ===
[[2.751000e+08 0.000000e+00 0.000000e+00 0.000000e+00 0.000000e+00 0.000000e+00]
 [0.000000e+00 6.791400e+04 0.000000e+00 0.000000e+00 0.000000e+00 0.000000e+00]
 [0.000000e+00 0.000000e+00 4.384149e+05 0.000000e+00 0.000000e+00 0.000000e+00]
 [0.000000e+00 0.000000e+00 0.000000e+00 0.000000e+00 0.000000e+00 0.000000e+00]
 [0.000000e+00 0.000000e+00 0.000000e+00 0.000000e+00 0.000000e+00 0.000000e+00]
 [0.000000e+00 0.000000e+00 0.000000e+00 0.000000e+00 0.000000e+00 2.111451e+03]]


GP 1/3: ξ = -0.774597,  x = 1.632044e+00,  w = 5.555556e-01
=== Shape-function derivative  dN/dξ  (1, 12, 6) ===
[[[-0.5       0.        0.        0.        0.        0.      ]
  [ 0.       -0.3       0.        0.        0.        0.      ]
  [ 0.        0.       -0.3       0.        0.        0.      ]
  [ 0.        0.        0.       -0.5       0.        0.      ]
  [ 0.        0.        0.        0.       -0.018353  0.      ]
  [ 0.        0.        0.        0.        0.        0.018353]
  [ 0.5       0.        0.        0.        0.        0.      ]
  [ 0.        0.3       0.        0.        0.        0.      ]
  [ 0.        0.        0.3       0.        0.        0.      ]
  [ 0.        0.        0.        0.5       0.        0.      ]
  [ 0.        0.        0.        0.        0.005853  0.      ]
  [ 0.        0.        0.        0.        0.       -0.005853]]]

=== Second derivative  d²N/dξ²  (1, 12, 6) ===
[[[ 0.        0.        0.        0.        0.        0.      ]
  [ 0.       -1.161895  0.        0.        0.        0.      ]
  [ 0.        0.       -1.161895  0.        0.        0.      ]
  [ 0.        0.        0.        0.        0.        0.      ]
  [ 0.        0.        0.        0.        0.051934  0.      ]
  [ 0.        0.        0.        0.        0.       -0.051934]
  [ 0.        0.        0.        0.        0.        0.      ]
  [ 0.        1.161895  0.        0.        0.        0.      ]
  [ 0.        0.        1.161895  0.        0.        0.      ]
  [ 0.        0.        0.        0.        0.        0.      ]
  [ 0.        0.        0.        0.        0.020684  0.      ]
  [ 0.        0.        0.        0.        0.       -0.020684]]]

=== Strain-displacement matrix  B  (6, 12) ===
[[  -16.           0.           0.           0.           0.           0.          16.           0.           0.
      0.           0.           0.      ]
 [    0.           0.       -1189.780484     0.          53.18064      0.           0.           0.        1189.780484
      0.          21.18064      0.      ]
 [    0.       -1189.780484     0.           0.           0.         -53.18064      0.        1189.780484     0.
      0.           0.         -21.18064 ]
 [    0.           0.           0.           0.           0.           0.           0.           0.           0.
      0.           0.           0.      ]
 [    0.           0.           0.           0.           0.           0.           0.           0.           0.
      0.           0.           0.      ]
 [    0.           0.           0.         -16.           0.           0.           0.           0.           0.
     16.           0.           0.      ]]

=== Gauss-point contribution  BᵀDB  (12, 12) ===
[[ 1.222667e+09  0.000000e+00  0.000000e+00  0.000000e+00  0.000000e+00  0.000000e+00 -1.222667e+09  0.000000e+00
   0.000000e+00  0.000000e+00  0.000000e+00  0.000000e+00]
 [ 0.000000e+00  1.077448e+10  0.000000e+00  0.000000e+00  0.000000e+00  4.815964e+08  0.000000e+00 -1.077448e+10
   0.000000e+00  0.000000e+00  0.000000e+00  1.918089e+08]
 [ 0.000000e+00  0.000000e+00  1.669054e+09  0.000000e+00 -7.460316e+07  0.000000e+00  0.000000e+00  0.000000e+00
  -1.669054e+09  0.000000e+00 -2.971274e+07  0.000000e+00]
 [ 0.000000e+00  0.000000e+00  0.000000e+00  9.384228e+03  0.000000e+00  0.000000e+00  0.000000e+00  0.000000e+00
   0.000000e+00 -9.384228e+03  0.000000e+00  0.000000e+00]
 [ 0.000000e+00  0.000000e+00 -7.460316e+07  0.000000e+00  3.334602e+06  0.000000e+00  0.000000e+00  0.000000e+00
   7.460316e+07  0.000000e+00  1.328096e+06  0.000000e+00]
 [ 0.000000e+00  4.815964e+08  0.000000e+00  0.000000e+00  0.000000e+00  2.152633e+07  0.000000e+00 -4.815964e+08
   0.000000e+00  0.000000e+00  0.000000e+00  8.573447e+06]
 [-1.222667e+09  0.000000e+00  0.000000e+00  0.000000e+00  0.000000e+00  0.000000e+00  1.222667e+09  0.000000e+00
   0.000000e+00  0.000000e+00  0.000000e+00  0.000000e+00]
 [ 0.000000e+00 -1.077448e+10  0.000000e+00  0.000000e+00  0.000000e+00 -4.815964e+08  0.000000e+00  1.077448e+10
   0.000000e+00  0.000000e+00  0.000000e+00 -1.918089e+08]
 [ 0.000000e+00  0.000000e+00 -1.669054e+09  0.000000e+00  7.460316e+07  0.000000e+00  0.000000e+00  0.000000e+00
   1.669054e+09  0.000000e+00  2.971274e+07  0.000000e+00]
 [ 0.000000e+00  0.000000e+00  0.000000e+00 -9.384228e+03  0.000000e+00  0.000000e+00  0.000000e+00  0.000000e+00
   0.000000e+00  9.384228e+03  0.000000e+00  0.000000e+00]
 [ 0.000000e+00  0.000000e+00 -2.971274e+07  0.000000e+00  1.328096e+06  0.000000e+00  0.000000e+00  0.000000e+00
   2.971274e+07  0.000000e+00  5.289504e+05  0.000000e+00]
 [ 0.000000e+00  1.918089e+08  0.000000e+00  0.000000e+00  0.000000e+00  8.573447e+06  0.000000e+00 -1.918089e+08
   0.000000e+00  0.000000e+00  0.000000e+00  3.414609e+06]]


GP 2/3: ξ = 0.000000,  x = 1.656250e+00,  w = 8.888889e-01
=== Shape-function derivative  dN/dξ  (1, 12, 6) ===
[[[-0.5       0.        0.        0.        0.        0.      ]
  [ 0.       -0.75      0.        0.        0.        0.      ]
  [ 0.        0.       -0.75      0.        0.        0.      ]
  [ 0.        0.        0.       -0.5       0.        0.      ]
  [ 0.        0.        0.        0.        0.007812  0.      ]
  [ 0.        0.        0.        0.        0.       -0.007812]
  [ 0.5       0.        0.        0.        0.        0.      ]
  [ 0.        0.75      0.        0.        0.        0.      ]
  [ 0.        0.        0.75      0.        0.        0.      ]
  [ 0.        0.        0.        0.5       0.        0.      ]
  [ 0.        0.        0.        0.        0.007812  0.      ]
  [ 0.        0.        0.        0.        0.       -0.007812]]]

=== Second derivative  d²N/dξ²  (1, 12, 6) ===
[[[ 0.        0.        0.        0.        0.        0.      ]
  [ 0.        0.        0.        0.        0.        0.      ]
  [ 0.        0.        0.        0.        0.        0.      ]
  [ 0.        0.        0.        0.        0.        0.      ]
  [ 0.        0.        0.        0.        0.015625  0.      ]
  [ 0.        0.        0.        0.        0.       -0.015625]
  [ 0.        0.        0.        0.        0.        0.      ]
  [ 0.       -0.        0.        0.        0.        0.      ]
  [ 0.        0.       -0.        0.        0.        0.      ]
  [ 0.        0.        0.        0.        0.        0.      ]
  [ 0.        0.        0.        0.       -0.015625  0.      ]
  [ 0.        0.        0.        0.        0.        0.015625]]]

=== Strain-displacement matrix  B  (6, 12) ===
[[-16.   0.   0.   0.   0.   0.  16.   0.   0.   0.   0.   0.]
 [  0.   0.   0.   0.  16.   0.   0.   0.  -0.   0. -16.   0.]
 [  0.   0.   0.   0.   0. -16.   0.  -0.   0.   0.   0.  16.]
 [  0.   0.   0.   0.   0.   0.   0.   0.   0.   0.   0.   0.]
 [  0.   0.   0.   0.   0.   0.   0.   0.   0.   0.   0.   0.]
 [  0.   0.   0. -16.   0.   0.   0.   0.   0.  16.   0.   0.]]

=== Gauss-point contribution  BᵀDB  (12, 12) ===
[[ 1.956267e+09  0.000000e+00  0.000000e+00  0.000000e+00  0.000000e+00  0.000000e+00 -1.956267e+09  0.000000e+00
   0.000000e+00  0.000000e+00  0.000000e+00  0.000000e+00]
 [ 0.000000e+00  0.000000e+00  0.000000e+00  0.000000e+00  0.000000e+00  0.000000e+00  0.000000e+00  0.000000e+00
   0.000000e+00  0.000000e+00  0.000000e+00  0.000000e+00]
 [ 0.000000e+00  0.000000e+00  0.000000e+00  0.000000e+00  0.000000e+00  0.000000e+00  0.000000e+00  0.000000e+00
   0.000000e+00  0.000000e+00  0.000000e+00  0.000000e+00]
 [ 0.000000e+00  0.000000e+00  0.000000e+00  1.501476e+04  0.000000e+00  0.000000e+00  0.000000e+00  0.000000e+00
   0.000000e+00 -1.501476e+04  0.000000e+00  0.000000e+00]
 [ 0.000000e+00  0.000000e+00  0.000000e+00  0.000000e+00  4.829440e+05  0.000000e+00  0.000000e+00  0.000000e+00
   0.000000e+00  0.000000e+00 -4.829440e+05  0.000000e+00]
 [ 0.000000e+00  0.000000e+00  0.000000e+00  0.000000e+00  0.000000e+00  3.117617e+06  0.000000e+00  0.000000e+00
   0.000000e+00  0.000000e+00  0.000000e+00 -3.117617e+06]
 [-1.956267e+09  0.000000e+00  0.000000e+00  0.000000e+00  0.000000e+00  0.000000e+00  1.956267e+09  0.000000e+00
   0.000000e+00  0.000000e+00  0.000000e+00  0.000000e+00]
 [ 0.000000e+00  0.000000e+00  0.000000e+00  0.000000e+00  0.000000e+00  0.000000e+00  0.000000e+00  0.000000e+00
   0.000000e+00  0.000000e+00  0.000000e+00  0.000000e+00]
 [ 0.000000e+00  0.000000e+00  0.000000e+00  0.000000e+00  0.000000e+00  0.000000e+00  0.000000e+00  0.000000e+00
   0.000000e+00  0.000000e+00  0.000000e+00  0.000000e+00]
 [ 0.000000e+00  0.000000e+00  0.000000e+00 -1.501476e+04  0.000000e+00  0.000000e+00  0.000000e+00  0.000000e+00
   0.000000e+00  1.501476e+04  0.000000e+00  0.000000e+00]
 [ 0.000000e+00  0.000000e+00  0.000000e+00  0.000000e+00 -4.829440e+05  0.000000e+00  0.000000e+00  0.000000e+00
   0.000000e+00  0.000000e+00  4.829440e+05  0.000000e+00]
 [ 0.000000e+00  0.000000e+00  0.000000e+00  0.000000e+00  0.000000e+00 -3.117617e+06  0.000000e+00  0.000000e+00
   0.000000e+00  0.000000e+00  0.000000e+00  3.117617e+06]]


GP 3/3: ξ = 0.774597,  x = 1.680456e+00,  w = 5.555556e-01
=== Shape-function derivative  dN/dξ  (1, 12, 6) ===
[[[-0.5       0.        0.        0.        0.        0.      ]
  [ 0.       -0.3       0.        0.        0.        0.      ]
  [ 0.        0.       -0.3       0.        0.        0.      ]
  [ 0.        0.        0.       -0.5       0.        0.      ]
  [ 0.        0.        0.        0.        0.005853  0.      ]
  [ 0.        0.        0.        0.        0.       -0.005853]
  [ 0.5       0.        0.        0.        0.        0.      ]
  [ 0.        0.3       0.        0.        0.        0.      ]
  [ 0.        0.        0.3       0.        0.        0.      ]
  [ 0.        0.        0.        0.5       0.        0.      ]
  [ 0.        0.        0.        0.       -0.018353  0.      ]
  [ 0.        0.        0.        0.        0.        0.018353]]]

=== Second derivative  d²N/dξ²  (1, 12, 6) ===
[[[ 0.        0.        0.        0.        0.        0.      ]
  [ 0.        1.161895  0.        0.        0.        0.      ]
  [ 0.        0.        1.161895  0.        0.        0.      ]
  [ 0.        0.        0.        0.        0.        0.      ]
  [ 0.        0.        0.        0.       -0.020684  0.      ]
  [ 0.        0.        0.        0.        0.        0.020684]
  [ 0.        0.        0.        0.        0.        0.      ]
  [ 0.       -1.161895  0.        0.        0.        0.      ]
  [ 0.        0.       -1.161895  0.        0.        0.      ]
  [ 0.        0.        0.        0.        0.        0.      ]
  [ 0.        0.        0.        0.       -0.051934  0.      ]
  [ 0.        0.        0.        0.        0.        0.051934]]]

=== Strain-displacement matrix  B  (6, 12) ===
[[  -16.           0.           0.           0.           0.           0.          16.           0.           0.
      0.           0.           0.      ]
 [    0.           0.        1189.780484     0.         -21.18064      0.           0.           0.       -1189.780484
      0.         -53.18064      0.      ]
 [    0.        1189.780484     0.           0.           0.          21.18064      0.       -1189.780484     0.
      0.           0.          53.18064 ]
 [    0.           0.           0.           0.           0.           0.           0.           0.           0.
      0.           0.           0.      ]
 [    0.           0.           0.           0.           0.           0.           0.           0.           0.
      0.           0.           0.      ]
 [    0.           0.           0.         -16.           0.           0.           0.           0.           0.
     16.           0.           0.      ]]

=== Gauss-point contribution  BᵀDB  (12, 12) ===
[[ 1.222667e+09  0.000000e+00  0.000000e+00  0.000000e+00  0.000000e+00  0.000000e+00 -1.222667e+09  0.000000e+00
   0.000000e+00  0.000000e+00  0.000000e+00  0.000000e+00]
 [ 0.000000e+00  1.077448e+10  0.000000e+00  0.000000e+00  0.000000e+00  1.918089e+08  0.000000e+00 -1.077448e+10
   0.000000e+00  0.000000e+00  0.000000e+00  4.815964e+08]
 [ 0.000000e+00  0.000000e+00  1.669054e+09  0.000000e+00 -2.971274e+07  0.000000e+00  0.000000e+00  0.000000e+00
  -1.669054e+09  0.000000e+00 -7.460316e+07  0.000000e+00]
 [ 0.000000e+00  0.000000e+00  0.000000e+00  9.384228e+03  0.000000e+00  0.000000e+00  0.000000e+00  0.000000e+00
   0.000000e+00 -9.384228e+03  0.000000e+00  0.000000e+00]
 [ 0.000000e+00  0.000000e+00 -2.971274e+07  0.000000e+00  5.289504e+05  0.000000e+00  0.000000e+00  0.000000e+00
   2.971274e+07  0.000000e+00  1.328096e+06  0.000000e+00]
 [ 0.000000e+00  1.918089e+08  0.000000e+00  0.000000e+00  0.000000e+00  3.414609e+06  0.000000e+00 -1.918089e+08
   0.000000e+00  0.000000e+00  0.000000e+00  8.573447e+06]
 [-1.222667e+09  0.000000e+00  0.000000e+00  0.000000e+00  0.000000e+00  0.000000e+00  1.222667e+09  0.000000e+00
   0.000000e+00  0.000000e+00  0.000000e+00  0.000000e+00]
 [ 0.000000e+00 -1.077448e+10  0.000000e+00  0.000000e+00  0.000000e+00 -1.918089e+08  0.000000e+00  1.077448e+10
   0.000000e+00  0.000000e+00  0.000000e+00 -4.815964e+08]
 [ 0.000000e+00  0.000000e+00 -1.669054e+09  0.000000e+00  2.971274e+07  0.000000e+00  0.000000e+00  0.000000e+00
   1.669054e+09  0.000000e+00  7.460316e+07  0.000000e+00]
 [ 0.000000e+00  0.000000e+00  0.000000e+00 -9.384228e+03  0.000000e+00  0.000000e+00  0.000000e+00  0.000000e+00
   0.000000e+00  9.384228e+03  0.000000e+00  0.000000e+00]
 [ 0.000000e+00  0.000000e+00 -7.460316e+07  0.000000e+00  1.328096e+06  0.000000e+00  0.000000e+00  0.000000e+00
   7.460316e+07  0.000000e+00  3.334602e+06  0.000000e+00]
 [ 0.000000e+00  4.815964e+08  0.000000e+00  0.000000e+00  0.000000e+00  8.573447e+06  0.000000e+00 -4.815964e+08
   0.000000e+00  0.000000e+00  0.000000e+00  2.152633e+07]]

=== Final Element Stiffness Matrix ===
[[ 4.401600e+09  0.000000e+00  0.000000e+00  0.000000e+00  0.000000e+00  0.000000e+00 -4.401600e+09  0.000000e+00
   0.000000e+00  0.000000e+00  0.000000e+00  0.000000e+00]
 [ 0.000000e+00  2.154897e+10  0.000000e+00  0.000000e+00  0.000000e+00  6.734053e+08  0.000000e+00 -2.154897e+10
   0.000000e+00  0.000000e+00  0.000000e+00  6.734053e+08]
 [ 0.000000e+00  0.000000e+00  3.338109e+09  0.000000e+00 -1.043159e+08  0.000000e+00  0.000000e+00  0.000000e+00
  -3.338109e+09  0.000000e+00 -1.043159e+08  0.000000e+00]
 [ 0.000000e+00  0.000000e+00  0.000000e+00  3.378322e+04  0.000000e+00  0.000000e+00  0.000000e+00  0.000000e+00
   0.000000e+00 -3.378322e+04  0.000000e+00  0.000000e+00]
 [ 0.000000e+00  0.000000e+00 -1.043159e+08  0.000000e+00  4.346496e+06  0.000000e+00  0.000000e+00  0.000000e+00
   1.043159e+08  0.000000e+00  2.173248e+06  0.000000e+00]
 [ 0.000000e+00  6.734053e+08  0.000000e+00  0.000000e+00  0.000000e+00  2.805855e+07  0.000000e+00 -6.734053e+08
   0.000000e+00  0.000000e+00  0.000000e+00  1.402928e+07]
 [-4.401600e+09  0.000000e+00  0.000000e+00  0.000000e+00  0.000000e+00  0.000000e+00  4.401600e+09  0.000000e+00
   0.000000e+00  0.000000e+00  0.000000e+00  0.000000e+00]
 [ 0.000000e+00 -2.154897e+10  0.000000e+00  0.000000e+00  0.000000e+00 -6.734053e+08  0.000000e+00  2.154897e+10
   0.000000e+00  0.000000e+00  0.000000e+00 -6.734053e+08]
 [ 0.000000e+00  0.000000e+00 -3.338109e+09  0.000000e+00  1.043159e+08  0.000000e+00  0.000000e+00  0.000000e+00
   3.338109e+09  0.000000e+00  1.043159e+08  0.000000e+00]
 [ 0.000000e+00  0.000000e+00  0.000000e+00 -3.378322e+04  0.000000e+00  0.000000e+00  0.000000e+00  0.000000e+00
   0.000000e+00  3.378322e+04  0.000000e+00  0.000000e+00]
 [ 0.000000e+00  0.000000e+00 -1.043159e+08  0.000000e+00  2.173248e+06  0.000000e+00  0.000000e+00  0.000000e+00
   1.043159e+08  0.000000e+00  4.346496e+06  0.000000e+00]
 [ 0.000000e+00  6.734053e+08  0.000000e+00  0.000000e+00  0.000000e+00  1.402928e+07  0.000000e+00 -6.734053e+08
   0.000000e+00  0.000000e+00  0.000000e+00  2.805855e+07]]

