--------------------------------------------------------------------------
Machine specifications – written 2026-02-26 16:18:25.601079
OS          : Windows 11 (10.0.26100)
CPU         : 12th Gen Intel(R) Core(TM) i7-12700
   logical  : 20
   physical : 12
RAM         : 31.24 GB
Disk        : 943.72 GB total  /  2.52 GB free
Python      : 3.12.5  (C:\Users\s1834431\AppData\Local\Programs\Python\Python312\python.exe)
GPU(s)      : Intel(R) UHD Graphics 770
--------------------------------------------------------------------------

Runtime telemetry header written → C:\Users\s1834431\Programs\fem_model\post_processing\results\job_0007_n16_2026-02-26_16-18-23-536081_pid18316_333d928c\diagnostics\RuntimeMonitorTelemetry.log
2026-02-26 16:18:25 │ PrepareLocalSystem BEGIN   │ Δt  0.00 s │ RAM   134.4 MB │ CPU  33.7 % │ Disk  941.2 GB
2026-02-26 16:18:26 │ PrepareLocalSystem END     │ Δt  0.20 s │ RAM   134.4 MB │ CPU  34.9 % │ Disk  941.2 GB
2026-02-26 16:18:26 │ AssembleGlobalSystem BEGIN │ Δt  0.20 s │ RAM   134.4 MB │ CPU  22.6 % │ Disk  941.2 GB
2026-02-26 16:18:26 │ AssembleGlobalSystem END   │ Δt  0.22 s │ RAM   134.4 MB │ CPU  23.1 % │ Disk  941.2 GB
2026-02-26 16:18:26 │ ModifyGlobalSystem BEGIN   │ Δt  0.21 s │ RAM   134.4 MB │ CPU  18.2 % │ Disk  941.2 GB
2026-02-26 16:18:26 │ ModifyGlobalSystem END     │ Δt  0.21 s │ RAM   134.4 MB │ CPU  13.6 % │ Disk  941.2 GB
2026-02-26 16:18:27 │ CondenseModifiedSystem BEGIN │ Δt  0.21 s │ RAM   134.4 MB │ CPU  18.1 % │ Disk  941.2 GB
2026-02-26 16:18:27 │ CondenseModifiedSystem END │ Δt  0.23 s │ RAM   135.3 MB │ CPU  11.3 % │ Disk  941.2 GB
2026-02-26 16:18:27 │ SolveCondensedSystem BEGIN │ Δt  0.21 s │ RAM   135.3 MB │ CPU  15.6 % │ Disk  941.2 GB
2026-02-26 16:18:27 │ SolveCondensedSystem END   │ Δt  0.26 s │ RAM   135.3 MB │ CPU  11.7 % │ Disk  941.2 GB
2026-02-26 16:18:28 │ ReconstructGlobalSystem BEGIN │ Δt  0.20 s │ RAM   135.3 MB │ CPU   5.8 % │ Disk  941.2 GB
2026-02-26 16:18:28 │ ReconstructGlobalSystem END │ Δt  0.21 s │ RAM   135.3 MB │ CPU   3.1 % │ Disk  941.2 GB
2026-02-26 16:18:28 │ ComputePrimaryResults BEGIN │ Δt  0.20 s │ RAM   135.3 MB │ CPU  16.0 % │ Disk  941.2 GB
2026-02-26 16:18:28 │ ComputePrimaryResults END  │ Δt  0.29 s │ RAM   135.3 MB │ CPU  11.7 % │ Disk  941.2 GB
2026-02-26 16:18:28 │ SaveFormulationCache BEGIN │ Δt  0.20 s │ RAM   135.3 MB │ CPU  27.2 % │ Disk  941.2 GB
2026-02-26 16:18:29 │ SaveFormulationCache END   │ Δt  0.22 s │ RAM   135.3 MB │ CPU  41.1 % │ Disk  941.2 GB
2026-02-26 16:18:29 │ ComputeSecondaryResults BEGIN │ Δt  0.20 s │ RAM   135.3 MB │ CPU  39.0 % │ Disk  941.2 GB
2026-02-26 16:18:29 │ ComputeSecondaryResults END │ Δt  0.23 s │ RAM   135.3 MB │ CPU  11.3 % │ Disk  941.2 GB
2026-02-26 16:18:29 │ ComputeTertiaryResults BEGIN │ Δt  0.20 s │ RAM   135.3 MB │ CPU  25.4 % │ Disk  941.2 GB
2026-02-26 16:18:30 │ ComputeTertiaryResults END │ Δt  0.23 s │ RAM   135.3 MB │ CPU  40.2 % │ Disk  941.2 GB
