2026-02-26 16:19:09,327 [DEBUG]: 🟢 ElementFactory logger initialised.
2026-02-26 16:19:09,327 [INFO]: 🚩 Starting batch element creation.
2026-02-26 16:19:09,327 [DEBUG]: Element IDs sanitised: [0, 1, 2, 3, 4, 5, 6, 7, 8, 9, 10, 11, 12, 13, 14, 15, 16, 17, 18, 19, 20, 21, 22, 23, 24, 25, 26, 27, 28, 29, 30, 31]
2026-02-26 16:19:09,328 [DEBUG]: Module for TimoshenkoBeamElement3D loaded.
2026-02-26 16:19:09,330 [DEBUG]: ✅ Element 0 (TimoshenkoBeamElement3D) instantiated.
2026-02-26 16:19:09,331 [DEBUG]: ✅ Element 1 (TimoshenkoBeamElement3D) instantiated.
2026-02-26 16:19:09,332 [DEBUG]: ✅ Element 2 (TimoshenkoBeamElement3D) instantiated.
2026-02-26 16:19:09,334 [DEBUG]: ✅ Element 3 (TimoshenkoBeamElement3D) instantiated.
2026-02-26 16:19:09,337 [DEBUG]: ✅ Element 4 (TimoshenkoBeamElement3D) instantiated.
2026-02-26 16:19:09,340 [DEBUG]: ✅ Element 5 (TimoshenkoBeamElement3D) instantiated.
2026-02-26 16:19:09,343 [DEBUG]: ✅ Element 6 (TimoshenkoBeamElement3D) instantiated.
2026-02-26 16:19:09,346 [DEBUG]: ✅ Element 7 (TimoshenkoBeamElement3D) instantiated.
2026-02-26 16:19:09,348 [DEBUG]: ✅ Element 8 (TimoshenkoBeamElement3D) instantiated.
2026-02-26 16:19:09,350 [DEBUG]: ✅ Element 9 (TimoshenkoBeamElement3D) instantiated.
2026-02-26 16:19:09,351 [DEBUG]: ✅ Element 10 (TimoshenkoBeamElement3D) instantiated.
2026-02-26 16:19:09,353 [DEBUG]: ✅ Element 11 (TimoshenkoBeamElement3D) instantiated.
2026-02-26 16:19:09,354 [DEBUG]: ✅ Element 12 (TimoshenkoBeamElement3D) instantiated.
2026-02-26 16:19:09,356 [DEBUG]: ✅ Element 13 (TimoshenkoBeamElement3D) instantiated.
2026-02-26 16:19:09,357 [DEBUG]: ✅ Element 14 (TimoshenkoBeamElement3D) instantiated.
2026-02-26 16:19:09,360 [DEBUG]: ✅ Element 15 (TimoshenkoBeamElement3D) instantiated.
2026-02-26 16:19:09,362 [DEBUG]: ✅ Element 16 (TimoshenkoBeamElement3D) instantiated.
2026-02-26 16:19:09,368 [DEBUG]: ✅ Element 17 (TimoshenkoBeamElement3D) instantiated.
2026-02-26 16:19:09,369 [DEBUG]: ✅ Element 18 (TimoshenkoBeamElement3D) instantiated.
2026-02-26 16:19:09,369 [DEBUG]: ✅ Element 19 (TimoshenkoBeamElement3D) instantiated.
2026-02-26 16:19:09,370 [DEBUG]: ✅ Element 20 (TimoshenkoBeamElement3D) instantiated.
2026-02-26 16:19:09,370 [DEBUG]: ✅ Element 21 (TimoshenkoBeamElement3D) instantiated.
2026-02-26 16:19:09,371 [DEBUG]: ✅ Element 22 (TimoshenkoBeamElement3D) instantiated.
2026-02-26 16:19:09,371 [DEBUG]: ✅ Element 23 (TimoshenkoBeamElement3D) instantiated.
2026-02-26 16:19:09,372 [DEBUG]: ✅ Element 24 (TimoshenkoBeamElement3D) instantiated.
2026-02-26 16:19:09,373 [DEBUG]: ✅ Element 25 (TimoshenkoBeamElement3D) instantiated.
2026-02-26 16:19:09,373 [DEBUG]: ✅ Element 26 (TimoshenkoBeamElement3D) instantiated.
2026-02-26 16:19:09,374 [DEBUG]: ✅ Element 27 (TimoshenkoBeamElement3D) instantiated.
2026-02-26 16:19:09,374 [DEBUG]: ✅ Element 28 (TimoshenkoBeamElement3D) instantiated.
2026-02-26 16:19:09,375 [DEBUG]: ✅ Element 29 (TimoshenkoBeamElement3D) instantiated.
2026-02-26 16:19:09,375 [DEBUG]: ✅ Element 30 (TimoshenkoBeamElement3D) instantiated.
2026-02-26 16:19:09,376 [DEBUG]: ✅ Element 31 (TimoshenkoBeamElement3D) instantiated.
2026-02-26 16:19:09,377 [DEBUG]: Logging verified for element 0.
2026-02-26 16:19:09,377 [DEBUG]: Logging verified for element 1.
2026-02-26 16:19:09,378 [DEBUG]: Logging verified for element 2.
2026-02-26 16:19:09,379 [DEBUG]: Logging verified for element 3.
2026-02-26 16:19:09,379 [DEBUG]: Logging verified for element 4.
2026-02-26 16:19:09,380 [DEBUG]: Logging verified for element 5.
2026-02-26 16:19:09,380 [DEBUG]: Logging verified for element 6.
2026-02-26 16:19:09,381 [DEBUG]: Logging verified for element 7.
2026-02-26 16:19:09,381 [DEBUG]: Logging verified for element 8.
2026-02-26 16:19:09,382 [DEBUG]: Logging verified for element 9.
2026-02-26 16:19:09,383 [DEBUG]: Logging verified for element 10.
2026-02-26 16:19:09,383 [DEBUG]: Logging verified for element 11.
2026-02-26 16:19:09,384 [DEBUG]: Logging verified for element 12.
2026-02-26 16:19:09,384 [DEBUG]: Logging verified for element 13.
2026-02-26 16:19:09,385 [DEBUG]: Logging verified for element 14.
2026-02-26 16:19:09,385 [DEBUG]: Logging verified for element 15.
2026-02-26 16:19:09,386 [DEBUG]: Logging verified for element 16.
2026-02-26 16:19:09,386 [DEBUG]: Logging verified for element 17.
2026-02-26 16:19:09,387 [DEBUG]: Logging verified for element 18.
2026-02-26 16:19:09,388 [DEBUG]: Logging verified for element 19.
2026-02-26 16:19:09,388 [DEBUG]: Logging verified for element 20.
2026-02-26 16:19:09,389 [DEBUG]: Logging verified for element 21.
2026-02-26 16:19:09,389 [DEBUG]: Logging verified for element 22.
2026-02-26 16:19:09,390 [DEBUG]: Logging verified for element 23.
2026-02-26 16:19:09,390 [DEBUG]: Logging verified for element 24.
2026-02-26 16:19:09,391 [DEBUG]: Logging verified for element 25.
2026-02-26 16:19:09,392 [DEBUG]: Logging verified for element 26.
2026-02-26 16:19:09,392 [DEBUG]: Logging verified for element 27.
2026-02-26 16:19:09,393 [DEBUG]: Logging verified for element 28.
2026-02-26 16:19:09,393 [DEBUG]: Logging verified for element 29.
2026-02-26 16:19:09,393 [DEBUG]: Logging verified for element 30.
2026-02-26 16:19:09,394 [DEBUG]: Logging verified for element 31.
2026-02-26 16:19:09,394 [INFO]: ✅ Batch element creation complete.
