Machine Specifications:
   - OS: Windows 11 (10.0.26100)
       • Logical cores: 20
       • Physical cores: 12
   - RAM: 31.24 GB
   - Disk: 943.72 GB total, 2.49 GB free
   - Python Version: 3.12.5 (C:\Users\s1834431\AppData\Local\Programs\Python\Python312\python.exe)
   - GPU(s): Intel(R) UHD Graphics 770

Job: job_0009_n32
Timestamp (job start): 2026-02-26_16-19-16-243887
Total Time: 6.93 sec

+-------------------------------+------------+---------------+-------------+-----------+
| Step                          |   Time (s) |   Memory (MB) |   Disk (GB) |   CPU (%) |
+===============================+============+===============+=============+===========+
| Parsing                       | 0.00860286 |       135.25  |     941.226 |       0   |
+-------------------------------+------------+---------------+-------------+-----------+
| Element Instantiation         | 0.0676684  |       135.25  |     941.226 |       0   |
+-------------------------------+------------+---------------+-------------+-----------+
| Element Stiffness Computation | 0.105273   |       135.25  |     941.226 |       0   |
+-------------------------------+------------+---------------+-------------+-----------+
| Element Force Computation     | 0.0592995  |       135.25  |     941.226 |      16.6 |
+-------------------------------+------------+---------------+-------------+-----------+
| Full Simulation               | 6.08068    |       136.074 |     941.229 |       0   |
+-------------------------------+------------+---------------+-------------+-----------+

Parallel Jobs: None
Start Memory: 135.25 MB | End Memory: 136.07 MB
Start Disk Usage: 941.23 GB | End Disk Usage: 941.23 GB
Start CPU: 0.00% | End CPU: 0.00%
