--------------------------------------------------------------------------
### Global System

                   │ CURRENT            │ EVOLUTION         
Equations          │ 30                 │ 30                
Dirichlet          │ 0                  │ 0                 
Eliminated         │ 0                  │ 0                 
Unknowns           │ 30                 │ 30                
nnz                │ 130                │ 130               
Density            │ 1.44e-01           │ 1.44e-01          
Zero rows          │ 0                  │ 0                 
Zero cols          │ 0                  │ 0                 
Bandwidth          │ 10                 │ 10                
Symmetric          │ yes                │ yes               
Rank               │ 24                 │ 24                
Cond-no            │ 2.9e+18            │ 2.9e+18           
λmin/λmax          │ -8.2e-09/2.0e+09   │ -8.2e-09/2.0e+09  
Inertia            │ 27/3/0             │ 27/3/0            
b-min/max          │ -5.0e+02/0.0e+00   │ -5.0e+02/0.0e+00  
Σb                 │ -5.0e+02           │ -5.0e+02          
Top|b|             │ 13:-5.0e+02, 0:0.0e+00, 2:0.0e+00 │ 13:-5.0e+02, 0:0.0e+00, 2:0.0e+00

2026-02-26 16:16:51,447 [INFO] 🩺  Global System diagnostics appended → C:\Users\s1834431\Programs\fem_model\post_processing\results\job_0001_n4_2026-02-26_16-16-48-559818_pid18316_10e4cb15\diagnostics\DiagnoseLinearStaticSystem.log
--------------------------------------------------------------------------
### Modified System

                   │ CURRENT            │ EVOLUTION         
Equations          │ 30                 │ 30                
Dirichlet          │ 0                  │ 6                 
Eliminated         │ 0                  │ 0                 
Unknowns           │ 30                 │ 24                
nnz                │ 106                │ 130               
Density            │ 1.18e-01           │ 1.44e-01          
Zero rows          │ 0                  │ 0                 
Zero cols          │ 0                  │ 0                 
Bandwidth          │ 10                 │ 10                
Symmetric          │ yes                │ yes               
Rank               │ 6                  │ 24                
Cond-no            │ 2.0e+33            │ 2.9e+18           
λmin/λmax          │ 5.1e+02/1.0e+36    │ -8.2e-09/2.0e+09  
Inertia            │ 30/0/0             │ 27/3/0            
b-min/max          │ -5.0e+02/0.0e+00   │ -5.0e+02/0.0e+00  
Σb                 │ -5.0e+02           │ -5.0e+02          
Top|b|             │ 13:-5.0e+02, 0:0.0e+00, 2:0.0e+00 │ 13:-5.0e+02, 0:0.0e+00, 2:0.0e+00

2026-02-26 16:16:51,858 [INFO] 🩺  Modified System diagnostics appended → C:\Users\s1834431\Programs\fem_model\post_processing\results\job_0001_n4_2026-02-26_16-16-48-559818_pid18316_10e4cb15\diagnostics\DiagnoseLinearStaticSystem.log
--------------------------------------------------------------------------
### Condensed System

                   │ CURRENT            │ EVOLUTION         
Equations          │ 24                 │ 30                
Dirichlet          │ 0                  │ 6                 
Eliminated         │ 0                  │ 6                 
Unknowns           │ 24                 │ 18                
nnz                │ 100                │ 130               
Density            │ 1.74e-01           │ 1.44e-01          
Zero rows          │ 0                  │ 0                 
Zero cols          │ 0                  │ 0                 
Bandwidth          │ 10                 │ 10                
Symmetric          │ yes                │ yes               
Rank               │ 24                 │ 24                
Cond-no            │ 3.8e+06            │ 2.9e+18           
λmin/λmax          │ 5.1e+02/1.9e+09    │ -8.2e-09/2.0e+09  
Inertia            │ 24/0/0             │ 27/3/0            
b-min/max          │ -5.0e+02/0.0e+00   │ -5.0e+02/0.0e+00  
Σb                 │ -5.0e+02           │ -5.0e+02          
Top|b|             │ 7:-5.0e+02, 0:0.0e+00, 2:0.0e+00 │ 13:-5.0e+02, 0:0.0e+00, 2:0.0e+00

2026-02-26 16:16:52,268 [INFO] 🩺  Condensed System diagnostics appended → C:\Users\s1834431\Programs\fem_model\post_processing\results\job_0001_n4_2026-02-26_16-16-48-559818_pid18316_10e4cb15\diagnostics\DiagnoseLinearStaticSystem.log
