2026-02-26 16:18:49,089 [DEBUG] 📁 Log file: c:\Users\s1834431\Programs\fem_model\post_processing\results\job_0008_n16_2026-02-26_16-18-45-002514_pid18316_05b343fa\logs\SolveCondensedSystem.log (Module: solver, Line: 249)
2026-02-26 16:18:49,089 [DEBUG] Row/column scaling applied. (Module: solver, Line: 164)
2026-02-26 16:18:49,089 [DEBUG] Building ILU (drop_tol=1e-06, fill_factor=1.0) (Module: solver, Line: 77)
2026-02-26 16:18:49,089 [DEBUG] ILU fill-ratio = 1.12 (Module: solver, Line: 82)
2026-02-26 16:18:49,089 [INFO] Solver parameters • solver='cg', prec='auto', K nnz=400, dofs=96 (Module: solver, Line: 181)
2026-02-26 16:18:49,089 [INFO] Condensed condition estimate: 1.02e+00 (Module: solver, Line: 187)
2026-02-26 16:18:49,089 [DEBUG] Iter   10 | residual 2.995e-02 (Module: solver, Line: 328)
2026-02-26 16:18:49,089 [DEBUG] Iter   20 | residual 3.112e-02 (Module: solver, Line: 328)
2026-02-26 16:18:49,089 [DEBUG] Iter   30 | residual 3.540e-02 (Module: solver, Line: 328)
2026-02-26 16:18:49,089 [DEBUG] Iter   40 | residual 3.729e-02 (Module: solver, Line: 328)
2026-02-26 16:18:49,089 [DEBUG] Iter   50 | residual 3.721e-02 (Module: solver, Line: 328)
2026-02-26 16:18:49,094 [DEBUG] Iter   60 | residual 3.647e-02 (Module: solver, Line: 328)
2026-02-26 16:18:49,094 [DEBUG] Iter   70 | residual 3.597e-02 (Module: solver, Line: 328)
2026-02-26 16:18:49,094 [DEBUG] Iter   80 | residual 3.601e-02 (Module: solver, Line: 328)
2026-02-26 16:18:49,094 [DEBUG] Iter   90 | residual 3.658e-02 (Module: solver, Line: 328)
2026-02-26 16:18:49,094 [DEBUG] Iter  100 | residual 3.755e-02 (Module: solver, Line: 328)
2026-02-26 16:18:49,094 [DEBUG] Iter  110 | residual 3.881e-02 (Module: solver, Line: 328)
2026-02-26 16:18:49,094 [DEBUG] Iter  120 | residual 4.025e-02 (Module: solver, Line: 328)
2026-02-26 16:18:49,094 [DEBUG] Iter  130 | residual 4.180e-02 (Module: solver, Line: 328)
2026-02-26 16:18:49,094 [DEBUG] Iter  140 | residual 4.341e-02 (Module: solver, Line: 328)
2026-02-26 16:18:49,094 [DEBUG] Iter  150 | residual 4.503e-02 (Module: solver, Line: 328)
2026-02-26 16:18:49,094 [DEBUG] Iter  160 | residual 4.661e-02 (Module: solver, Line: 328)
2026-02-26 16:18:49,094 [DEBUG] Iter  170 | residual 4.813e-02 (Module: solver, Line: 328)
2026-02-26 16:18:49,094 [DEBUG] Iter  180 | residual 4.957e-02 (Module: solver, Line: 328)
2026-02-26 16:18:49,094 [DEBUG] Iter  190 | residual 5.091e-02 (Module: solver, Line: 328)
2026-02-26 16:18:49,094 [DEBUG] Iter  200 | residual 5.214e-02 (Module: solver, Line: 328)
2026-02-26 16:18:49,098 [DEBUG] Iter  210 | residual 5.324e-02 (Module: solver, Line: 328)
2026-02-26 16:18:49,098 [DEBUG] Iter  220 | residual 5.422e-02 (Module: solver, Line: 328)
2026-02-26 16:18:49,098 [DEBUG] Iter  230 | residual 5.507e-02 (Module: solver, Line: 328)
2026-02-26 16:18:49,098 [DEBUG] Iter  240 | residual 5.580e-02 (Module: solver, Line: 328)
2026-02-26 16:18:49,098 [DEBUG] Iter  250 | residual 5.642e-02 (Module: solver, Line: 328)
2026-02-26 16:18:49,098 [DEBUG] Iter  260 | residual 5.693e-02 (Module: solver, Line: 328)
2026-02-26 16:18:49,098 [DEBUG] Iter  270 | residual 5.734e-02 (Module: solver, Line: 328)
2026-02-26 16:18:49,098 [DEBUG] Iter  280 | residual 5.766e-02 (Module: solver, Line: 328)
2026-02-26 16:18:49,100 [DEBUG] Iter  290 | residual 5.790e-02 (Module: solver, Line: 328)
2026-02-26 16:18:49,100 [DEBUG] Iter  300 | residual 5.806e-02 (Module: solver, Line: 328)
2026-02-26 16:18:49,100 [DEBUG] Iter  310 | residual 5.817e-02 (Module: solver, Line: 328)
2026-02-26 16:18:49,100 [DEBUG] Iter  320 | residual 5.822e-02 (Module: solver, Line: 328)
2026-02-26 16:18:49,100 [DEBUG] Iter  330 | residual 5.823e-02 (Module: solver, Line: 328)
2026-02-26 16:18:49,100 [DEBUG] Iter  340 | residual 5.820e-02 (Module: solver, Line: 328)
2026-02-26 16:18:49,100 [DEBUG] Iter  350 | residual 5.815e-02 (Module: solver, Line: 328)
2026-02-26 16:18:49,100 [DEBUG] Iter  360 | residual 5.807e-02 (Module: solver, Line: 328)
2026-02-26 16:18:49,102 [DEBUG] Iter  370 | residual 5.797e-02 (Module: solver, Line: 328)
2026-02-26 16:18:49,102 [DEBUG] Iter  380 | residual 5.786e-02 (Module: solver, Line: 328)
2026-02-26 16:18:49,102 [DEBUG] Iter  390 | residual 5.773e-02 (Module: solver, Line: 328)
2026-02-26 16:18:49,102 [DEBUG] Iter  400 | residual 5.761e-02 (Module: solver, Line: 328)
2026-02-26 16:18:49,102 [DEBUG] Iter  410 | residual 5.748e-02 (Module: solver, Line: 328)
2026-02-26 16:18:49,102 [DEBUG] Iter  420 | residual 5.734e-02 (Module: solver, Line: 328)
2026-02-26 16:18:49,102 [DEBUG] Iter  430 | residual 5.721e-02 (Module: solver, Line: 328)
2026-02-26 16:18:49,102 [DEBUG] Iter  440 | residual 5.708e-02 (Module: solver, Line: 328)
2026-02-26 16:18:49,104 [DEBUG] Iter  450 | residual 5.696e-02 (Module: solver, Line: 328)
2026-02-26 16:18:49,104 [DEBUG] Iter  460 | residual 5.684e-02 (Module: solver, Line: 328)
2026-02-26 16:18:49,104 [DEBUG] Iter  470 | residual 5.672e-02 (Module: solver, Line: 328)
2026-02-26 16:18:49,104 [DEBUG] Iter  480 | residual 5.661e-02 (Module: solver, Line: 328)
2026-02-26 16:18:49,104 [DEBUG] Iter  490 | residual 5.650e-02 (Module: solver, Line: 328)
2026-02-26 16:18:49,104 [DEBUG] Iter  500 | residual 5.641e-02 (Module: solver, Line: 328)
2026-02-26 16:18:49,104 [DEBUG] Iter  510 | residual 5.631e-02 (Module: solver, Line: 328)
2026-02-26 16:18:49,104 [DEBUG] Iter  520 | residual 5.623e-02 (Module: solver, Line: 328)
2026-02-26 16:18:49,104 [DEBUG] Iter  530 | residual 5.615e-02 (Module: solver, Line: 328)
2026-02-26 16:18:49,106 [DEBUG] Iter  540 | residual 5.607e-02 (Module: solver, Line: 328)
2026-02-26 16:18:49,106 [DEBUG] Iter  550 | residual 5.600e-02 (Module: solver, Line: 328)
2026-02-26 16:18:49,106 [DEBUG] Iter  560 | residual 5.594e-02 (Module: solver, Line: 328)
2026-02-26 16:18:49,106 [DEBUG] Iter  570 | residual 5.588e-02 (Module: solver, Line: 328)
2026-02-26 16:18:49,106 [DEBUG] Iter  580 | residual 5.583e-02 (Module: solver, Line: 328)
2026-02-26 16:18:49,106 [DEBUG] Iter  590 | residual 5.578e-02 (Module: solver, Line: 328)
2026-02-26 16:18:49,107 [DEBUG] Iter  600 | residual 5.573e-02 (Module: solver, Line: 328)
2026-02-26 16:18:49,107 [DEBUG] Iter  610 | residual 5.569e-02 (Module: solver, Line: 328)
2026-02-26 16:18:49,107 [DEBUG] Iter  620 | residual 5.565e-02 (Module: solver, Line: 328)
2026-02-26 16:18:49,107 [DEBUG] Iter  630 | residual 5.562e-02 (Module: solver, Line: 328)
2026-02-26 16:18:49,107 [DEBUG] Iter  640 | residual 5.559e-02 (Module: solver, Line: 328)
2026-02-26 16:18:49,107 [DEBUG] Iter  650 | residual 5.556e-02 (Module: solver, Line: 328)
2026-02-26 16:18:49,107 [DEBUG] Iter  660 | residual 5.554e-02 (Module: solver, Line: 328)
2026-02-26 16:18:49,107 [DEBUG] Iter  670 | residual 5.552e-02 (Module: solver, Line: 328)
2026-02-26 16:18:49,109 [DEBUG] Iter  680 | residual 5.549e-02 (Module: solver, Line: 328)
2026-02-26 16:18:49,109 [DEBUG] Iter  690 | residual 5.548e-02 (Module: solver, Line: 328)
2026-02-26 16:18:49,110 [DEBUG] Iter  700 | residual 5.546e-02 (Module: solver, Line: 328)
2026-02-26 16:18:49,110 [DEBUG] Iter  710 | residual 5.545e-02 (Module: solver, Line: 328)
2026-02-26 16:18:49,110 [DEBUG] Iter  720 | residual 5.543e-02 (Module: solver, Line: 328)
2026-02-26 16:18:49,110 [DEBUG] Iter  730 | residual 5.542e-02 (Module: solver, Line: 328)
2026-02-26 16:18:49,111 [DEBUG] Iter  740 | residual 5.541e-02 (Module: solver, Line: 328)
2026-02-26 16:18:49,111 [DEBUG] Iter  750 | residual 5.540e-02 (Module: solver, Line: 328)
2026-02-26 16:18:49,112 [DEBUG] Iter  760 | residual 5.539e-02 (Module: solver, Line: 328)
2026-02-26 16:18:49,112 [DEBUG] Iter  770 | residual 5.539e-02 (Module: solver, Line: 328)
2026-02-26 16:18:49,112 [DEBUG] Iter  780 | residual 5.538e-02 (Module: solver, Line: 328)
2026-02-26 16:18:49,112 [DEBUG] Iter  790 | residual 5.538e-02 (Module: solver, Line: 328)
2026-02-26 16:18:49,112 [DEBUG] Iter  800 | residual 5.537e-02 (Module: solver, Line: 328)
2026-02-26 16:18:49,113 [DEBUG] Iter  810 | residual 5.537e-02 (Module: solver, Line: 328)
2026-02-26 16:18:49,113 [DEBUG] Iter  820 | residual 5.536e-02 (Module: solver, Line: 328)
2026-02-26 16:18:49,113 [DEBUG] Iter  830 | residual 5.536e-02 (Module: solver, Line: 328)
2026-02-26 16:18:49,114 [DEBUG] Iter  840 | residual 5.536e-02 (Module: solver, Line: 328)
2026-02-26 16:18:49,114 [DEBUG] Iter  850 | residual 5.535e-02 (Module: solver, Line: 328)
2026-02-26 16:18:49,114 [DEBUG] Iter  860 | residual 5.535e-02 (Module: solver, Line: 328)
2026-02-26 16:18:49,115 [DEBUG] Iter  870 | residual 5.535e-02 (Module: solver, Line: 328)
2026-02-26 16:18:49,115 [DEBUG] Iter  880 | residual 5.535e-02 (Module: solver, Line: 328)
2026-02-26 16:18:49,115 [DEBUG] Iter  890 | residual 5.535e-02 (Module: solver, Line: 328)
2026-02-26 16:18:49,115 [DEBUG] Iter  900 | residual 5.535e-02 (Module: solver, Line: 328)
2026-02-26 16:18:49,116 [DEBUG] Iter  910 | residual 5.535e-02 (Module: solver, Line: 328)
2026-02-26 16:18:49,116 [DEBUG] Iter  920 | residual 5.534e-02 (Module: solver, Line: 328)
2026-02-26 16:18:49,116 [DEBUG] Iter  930 | residual 5.534e-02 (Module: solver, Line: 328)
2026-02-26 16:18:49,117 [DEBUG] Iter  940 | residual 5.534e-02 (Module: solver, Line: 328)
2026-02-26 16:18:49,117 [DEBUG] Iter  950 | residual 5.534e-02 (Module: solver, Line: 328)
2026-02-26 16:18:49,117 [DEBUG] Iter  960 | residual 5.534e-02 (Module: solver, Line: 328)
2026-02-26 16:18:49,117 [DEBUG] Iter  970 | residual 5.534e-02 (Module: solver, Line: 328)
2026-02-26 16:18:49,118 [DEBUG] Iter  980 | residual 5.534e-02 (Module: solver, Line: 328)
2026-02-26 16:18:49,118 [DEBUG] Iter  990 | residual 5.534e-02 (Module: solver, Line: 328)
2026-02-26 16:18:49,118 [DEBUG] Iter 1000 | residual 5.534e-02 (Module: solver, Line: 328)
2026-02-26 16:18:49,118 [WARNING] Solver info=1000 (not converged). (Module: solver, Line: 344)
2026-02-26 16:18:49,118 [INFO] Retrying with ILU preconditioner … (Module: solver, Line: 351)
2026-02-26 16:18:49,118 [DEBUG] Building ILU (drop_tol=1e-06, fill_factor=1.0) (Module: solver, Line: 77)
2026-02-26 16:18:49,118 [DEBUG] ILU fill-ratio = 1.12 (Module: solver, Line: 82)
2026-02-26 16:18:49,120 [DEBUG] Iter 1010 | residual 2.995e-02 (Module: solver, Line: 328)
2026-02-26 16:18:49,120 [DEBUG] Iter 1020 | residual 3.112e-02 (Module: solver, Line: 328)
2026-02-26 16:18:49,120 [DEBUG] Iter 1030 | residual 3.540e-02 (Module: solver, Line: 328)
2026-02-26 16:18:49,120 [DEBUG] Iter 1040 | residual 3.729e-02 (Module: solver, Line: 328)
2026-02-26 16:18:49,121 [DEBUG] Iter 1050 | residual 3.721e-02 (Module: solver, Line: 328)
2026-02-26 16:18:49,121 [DEBUG] Iter 1060 | residual 3.647e-02 (Module: solver, Line: 328)
2026-02-26 16:18:49,121 [DEBUG] Iter 1070 | residual 3.597e-02 (Module: solver, Line: 328)
2026-02-26 16:18:49,122 [DEBUG] Iter 1080 | residual 3.601e-02 (Module: solver, Line: 328)
2026-02-26 16:18:49,122 [DEBUG] Iter 1090 | residual 3.658e-02 (Module: solver, Line: 328)
2026-02-26 16:18:49,122 [DEBUG] Iter 1100 | residual 3.755e-02 (Module: solver, Line: 328)
2026-02-26 16:18:49,122 [DEBUG] Iter 1110 | residual 3.881e-02 (Module: solver, Line: 328)
2026-02-26 16:18:49,123 [DEBUG] Iter 1120 | residual 4.025e-02 (Module: solver, Line: 328)
2026-02-26 16:18:49,123 [DEBUG] Iter 1130 | residual 4.180e-02 (Module: solver, Line: 328)
2026-02-26 16:18:49,123 [DEBUG] Iter 1140 | residual 4.341e-02 (Module: solver, Line: 328)
2026-02-26 16:18:49,123 [DEBUG] Iter 1150 | residual 4.503e-02 (Module: solver, Line: 328)
2026-02-26 16:18:49,124 [DEBUG] Iter 1160 | residual 4.661e-02 (Module: solver, Line: 328)
2026-02-26 16:18:49,124 [DEBUG] Iter 1170 | residual 4.813e-02 (Module: solver, Line: 328)
2026-02-26 16:18:49,124 [DEBUG] Iter 1180 | residual 4.957e-02 (Module: solver, Line: 328)
2026-02-26 16:18:49,124 [DEBUG] Iter 1190 | residual 5.091e-02 (Module: solver, Line: 328)
2026-02-26 16:18:49,125 [DEBUG] Iter 1200 | residual 5.214e-02 (Module: solver, Line: 328)
2026-02-26 16:18:49,125 [DEBUG] Iter 1210 | residual 5.324e-02 (Module: solver, Line: 328)
2026-02-26 16:18:49,125 [DEBUG] Iter 1220 | residual 5.422e-02 (Module: solver, Line: 328)
2026-02-26 16:18:49,126 [DEBUG] Iter 1230 | residual 5.507e-02 (Module: solver, Line: 328)
2026-02-26 16:18:49,126 [DEBUG] Iter 1240 | residual 5.580e-02 (Module: solver, Line: 328)
2026-02-26 16:18:49,126 [DEBUG] Iter 1250 | residual 5.642e-02 (Module: solver, Line: 328)
2026-02-26 16:18:49,126 [DEBUG] Iter 1260 | residual 5.693e-02 (Module: solver, Line: 328)
2026-02-26 16:18:49,127 [DEBUG] Iter 1270 | residual 5.734e-02 (Module: solver, Line: 328)
2026-02-26 16:18:49,127 [DEBUG] Iter 1280 | residual 5.766e-02 (Module: solver, Line: 328)
2026-02-26 16:18:49,127 [DEBUG] Iter 1290 | residual 5.790e-02 (Module: solver, Line: 328)
2026-02-26 16:18:49,127 [DEBUG] Iter 1300 | residual 5.806e-02 (Module: solver, Line: 328)
2026-02-26 16:18:49,128 [DEBUG] Iter 1310 | residual 5.817e-02 (Module: solver, Line: 328)
2026-02-26 16:18:49,128 [DEBUG] Iter 1320 | residual 5.822e-02 (Module: solver, Line: 328)
2026-02-26 16:18:49,128 [DEBUG] Iter 1330 | residual 5.823e-02 (Module: solver, Line: 328)
2026-02-26 16:18:49,128 [DEBUG] Iter 1340 | residual 5.820e-02 (Module: solver, Line: 328)
2026-02-26 16:18:49,129 [DEBUG] Iter 1350 | residual 5.815e-02 (Module: solver, Line: 328)
2026-02-26 16:18:49,129 [DEBUG] Iter 1360 | residual 5.807e-02 (Module: solver, Line: 328)
2026-02-26 16:18:49,129 [DEBUG] Iter 1370 | residual 5.797e-02 (Module: solver, Line: 328)
2026-02-26 16:18:49,130 [DEBUG] Iter 1380 | residual 5.786e-02 (Module: solver, Line: 328)
2026-02-26 16:18:49,130 [DEBUG] Iter 1390 | residual 5.773e-02 (Module: solver, Line: 328)
2026-02-26 16:18:49,130 [DEBUG] Iter 1400 | residual 5.761e-02 (Module: solver, Line: 328)
2026-02-26 16:18:49,130 [DEBUG] Iter 1410 | residual 5.748e-02 (Module: solver, Line: 328)
2026-02-26 16:18:49,131 [DEBUG] Iter 1420 | residual 5.734e-02 (Module: solver, Line: 328)
2026-02-26 16:18:49,131 [DEBUG] Iter 1430 | residual 5.721e-02 (Module: solver, Line: 328)
2026-02-26 16:18:49,131 [DEBUG] Iter 1440 | residual 5.708e-02 (Module: solver, Line: 328)
2026-02-26 16:18:49,131 [DEBUG] Iter 1450 | residual 5.696e-02 (Module: solver, Line: 328)
2026-02-26 16:18:49,132 [DEBUG] Iter 1460 | residual 5.684e-02 (Module: solver, Line: 328)
2026-02-26 16:18:49,132 [DEBUG] Iter 1470 | residual 5.672e-02 (Module: solver, Line: 328)
2026-02-26 16:18:49,133 [DEBUG] Iter 1480 | residual 5.661e-02 (Module: solver, Line: 328)
2026-02-26 16:18:49,133 [DEBUG] Iter 1490 | residual 5.650e-02 (Module: solver, Line: 328)
2026-02-26 16:18:49,133 [DEBUG] Iter 1500 | residual 5.641e-02 (Module: solver, Line: 328)
2026-02-26 16:18:49,133 [DEBUG] Iter 1510 | residual 5.631e-02 (Module: solver, Line: 328)
2026-02-26 16:18:49,133 [DEBUG] Iter 1520 | residual 5.623e-02 (Module: solver, Line: 328)
2026-02-26 16:18:49,133 [DEBUG] Iter 1530 | residual 5.615e-02 (Module: solver, Line: 328)
2026-02-26 16:18:49,133 [DEBUG] Iter 1540 | residual 5.607e-02 (Module: solver, Line: 328)
2026-02-26 16:18:49,133 [DEBUG] Iter 1550 | residual 5.600e-02 (Module: solver, Line: 328)
2026-02-26 16:18:49,133 [DEBUG] Iter 1560 | residual 5.594e-02 (Module: solver, Line: 328)
2026-02-26 16:18:49,133 [DEBUG] Iter 1570 | residual 5.588e-02 (Module: solver, Line: 328)
2026-02-26 16:18:49,133 [DEBUG] Iter 1580 | residual 5.583e-02 (Module: solver, Line: 328)
2026-02-26 16:18:49,133 [DEBUG] Iter 1590 | residual 5.578e-02 (Module: solver, Line: 328)
2026-02-26 16:18:49,133 [DEBUG] Iter 1600 | residual 5.573e-02 (Module: solver, Line: 328)
2026-02-26 16:18:49,133 [DEBUG] Iter 1610 | residual 5.569e-02 (Module: solver, Line: 328)
2026-02-26 16:18:49,133 [DEBUG] Iter 1620 | residual 5.565e-02 (Module: solver, Line: 328)
2026-02-26 16:18:49,133 [DEBUG] Iter 1630 | residual 5.562e-02 (Module: solver, Line: 328)
2026-02-26 16:18:49,133 [DEBUG] Iter 1640 | residual 5.559e-02 (Module: solver, Line: 328)
2026-02-26 16:18:49,133 [DEBUG] Iter 1650 | residual 5.556e-02 (Module: solver, Line: 328)
2026-02-26 16:18:49,133 [DEBUG] Iter 1660 | residual 5.554e-02 (Module: solver, Line: 328)
2026-02-26 16:18:49,133 [DEBUG] Iter 1670 | residual 5.552e-02 (Module: solver, Line: 328)
2026-02-26 16:18:49,133 [DEBUG] Iter 1680 | residual 5.549e-02 (Module: solver, Line: 328)
2026-02-26 16:18:49,133 [DEBUG] Iter 1690 | residual 5.548e-02 (Module: solver, Line: 328)
2026-02-26 16:18:49,133 [DEBUG] Iter 1700 | residual 5.546e-02 (Module: solver, Line: 328)
2026-02-26 16:18:49,133 [DEBUG] Iter 1710 | residual 5.545e-02 (Module: solver, Line: 328)
2026-02-26 16:18:49,133 [DEBUG] Iter 1720 | residual 5.543e-02 (Module: solver, Line: 328)
2026-02-26 16:18:49,133 [DEBUG] Iter 1730 | residual 5.542e-02 (Module: solver, Line: 328)
2026-02-26 16:18:49,133 [DEBUG] Iter 1740 | residual 5.541e-02 (Module: solver, Line: 328)
2026-02-26 16:18:49,133 [DEBUG] Iter 1750 | residual 5.540e-02 (Module: solver, Line: 328)
2026-02-26 16:18:49,133 [DEBUG] Iter 1760 | residual 5.539e-02 (Module: solver, Line: 328)
2026-02-26 16:18:49,133 [DEBUG] Iter 1770 | residual 5.539e-02 (Module: solver, Line: 328)
2026-02-26 16:18:49,133 [DEBUG] Iter 1780 | residual 5.538e-02 (Module: solver, Line: 328)
2026-02-26 16:18:49,133 [DEBUG] Iter 1790 | residual 5.538e-02 (Module: solver, Line: 328)
2026-02-26 16:18:49,133 [DEBUG] Iter 1800 | residual 5.537e-02 (Module: solver, Line: 328)
2026-02-26 16:18:49,133 [DEBUG] Iter 1810 | residual 5.537e-02 (Module: solver, Line: 328)
2026-02-26 16:18:49,133 [DEBUG] Iter 1820 | residual 5.536e-02 (Module: solver, Line: 328)
2026-02-26 16:18:49,133 [DEBUG] Iter 1830 | residual 5.536e-02 (Module: solver, Line: 328)
2026-02-26 16:18:49,133 [DEBUG] Iter 1840 | residual 5.536e-02 (Module: solver, Line: 328)
2026-02-26 16:18:49,133 [DEBUG] Iter 1850 | residual 5.535e-02 (Module: solver, Line: 328)
2026-02-26 16:18:49,133 [DEBUG] Iter 1860 | residual 5.535e-02 (Module: solver, Line: 328)
2026-02-26 16:18:49,133 [DEBUG] Iter 1870 | residual 5.535e-02 (Module: solver, Line: 328)
2026-02-26 16:18:49,133 [DEBUG] Iter 1880 | residual 5.535e-02 (Module: solver, Line: 328)
2026-02-26 16:18:49,133 [DEBUG] Iter 1890 | residual 5.535e-02 (Module: solver, Line: 328)
2026-02-26 16:18:49,133 [DEBUG] Iter 1900 | residual 5.535e-02 (Module: solver, Line: 328)
2026-02-26 16:18:49,133 [DEBUG] Iter 1910 | residual 5.535e-02 (Module: solver, Line: 328)
2026-02-26 16:18:49,133 [DEBUG] Iter 1920 | residual 5.534e-02 (Module: solver, Line: 328)
2026-02-26 16:18:49,133 [DEBUG] Iter 1930 | residual 5.534e-02 (Module: solver, Line: 328)
2026-02-26 16:18:49,133 [DEBUG] Iter 1940 | residual 5.534e-02 (Module: solver, Line: 328)
2026-02-26 16:18:49,133 [DEBUG] Iter 1950 | residual 5.534e-02 (Module: solver, Line: 328)
2026-02-26 16:18:49,146 [DEBUG] Iter 1960 | residual 5.534e-02 (Module: solver, Line: 328)
2026-02-26 16:18:49,146 [DEBUG] Iter 1970 | residual 5.534e-02 (Module: solver, Line: 328)
2026-02-26 16:18:49,146 [DEBUG] Iter 1980 | residual 5.534e-02 (Module: solver, Line: 328)
2026-02-26 16:18:49,147 [DEBUG] Iter 1990 | residual 5.534e-02 (Module: solver, Line: 328)
2026-02-26 16:18:49,147 [DEBUG] Iter 2000 | residual 5.534e-02 (Module: solver, Line: 328)
2026-02-26 16:18:49,147 [WARNING] Solver info=1000 (not converged). (Module: solver, Line: 344)
2026-02-26 16:18:49,147 [INFO] Switching to direct SuperLU fall-back. (Module: solver, Line: 359)
2026-02-26 16:18:49,147 [DEBUG] Using SuperLU direct solver (Module: solver, Line: 306)
2026-02-26 16:18:49,147 [INFO] Condensed residual norm: 1.330e-02 (Module: solver, Line: 204)
2026-02-26 16:18:49,148 [WARNING] Residual is high – verify model! (Module: solver, Line: 207)
2026-02-26 16:18:49,148 [INFO] 📊 Condensed solver report: (Module: solver, Line: 384)
2026-02-26 16:18:49,148 [INFO]  • dofs: 96 (Module: solver, Line: 386)
2026-02-26 16:18:49,148 [INFO]  • nnz: 400 (Module: solver, Line: 386)
2026-02-26 16:18:49,148 [INFO]  • density: 0.043402777777777776 (Module: solver, Line: 386)
2026-02-26 16:18:49,148 [INFO]  • condition_est: 1.0178721698836368 (Module: solver, Line: 386)
2026-02-26 16:18:49,148 [INFO]  • solve_phases: {'iterative': 0.027638400000796537, 'factorization': 0.0002592999999251333, 'solution': 0.0002801000000545173} (Module: solver, Line: 386)
2026-02-26 16:18:49,148 [INFO]  • iters: 2000 (Module: solver, Line: 386)
2026-02-26 16:18:49,148 [INFO]  • final_residual: 0.05534170229332581 (Module: solver, Line: 386)
