
=== Element 7 Force Vector Computation ===

=== Distributed Loads ===
=== N (12, 6) ===
[[ 0.887298  0.        0.        0.        0.        0.      ]
 [ 0.        0.964758  0.        0.        0.        0.      ]
 [ 0.        0.        0.964758  0.        0.        0.      ]
 [ 0.        0.        0.        0.887298  0.        0.      ]
 [ 0.        0.        0.        0.       -0.005546  0.      ]
 [ 0.        0.        0.        0.        0.        0.005546]
 [ 0.112702  0.        0.        0.        0.        0.      ]
 [ 0.        0.035242  0.        0.        0.        0.      ]
 [ 0.        0.        0.035242  0.        0.        0.      ]
 [ 0.        0.        0.        0.112702  0.        0.      ]
 [ 0.        0.        0.        0.        0.000704  0.      ]
 [ 0.        0.        0.        0.        0.       -0.000704]]

=== q (6,) ===
[  0.       -24.702405   0.         0.         0.         0.      ]

=== N (12, 6) ===
[[ 0.5       0.        0.        0.        0.        0.      ]
 [ 0.        0.5       0.        0.        0.        0.      ]
 [ 0.        0.        0.5       0.        0.        0.      ]
 [ 0.        0.        0.        0.5       0.        0.      ]
 [ 0.        0.        0.        0.       -0.007812  0.      ]
 [ 0.        0.        0.        0.        0.        0.007812]
 [ 0.5       0.        0.        0.        0.        0.      ]
 [ 0.        0.5       0.        0.        0.        0.      ]
 [ 0.        0.        0.5       0.        0.        0.      ]
 [ 0.        0.        0.        0.5       0.        0.      ]
 [ 0.        0.        0.        0.        0.007812  0.      ]
 [ 0.        0.        0.        0.        0.       -0.007812]]

=== q (6,) ===
[  0.      -27.46582   0.        0.        0.        0.     ]

=== N (12, 6) ===
[[ 0.112702  0.        0.        0.        0.        0.      ]
 [ 0.        0.035242  0.        0.        0.        0.      ]
 [ 0.        0.        0.035242  0.        0.        0.      ]
 [ 0.        0.        0.        0.112702  0.        0.      ]
 [ 0.        0.        0.        0.       -0.000704  0.      ]
 [ 0.        0.        0.        0.        0.        0.000704]
 [ 0.887298  0.        0.        0.        0.        0.      ]
 [ 0.        0.964758  0.        0.        0.        0.      ]
 [ 0.        0.        0.964758  0.        0.        0.      ]
 [ 0.        0.        0.        0.887298  0.        0.      ]
 [ 0.        0.        0.        0.        0.005546  0.      ]
 [ 0.        0.        0.        0.        0.       -0.005546]]

=== q (6,) ===
[  0.      -30.37572   0.        0.        0.        0.     ]

=== Total Fe (12,) ===
[[ 0.       -0.813802  0.        0.        0.        0.        0.       -0.905355  0.
   0.        0.        0.      ]]

=== Final Force Vector ===
[[ 0.       -0.813802  0.        0.        0.        0.        0.       -0.905355  0.        0.        0.
   0.      ]]

