Machine Specifications:
   - OS: Windows 11 (10.0.26100)
       • Logical cores: 20
       • Physical cores: 12
   - RAM: 31.24 GB
   - Disk: 943.72 GB total, 2.63 GB free
   - Python Version: 3.12.5 (C:\Users\s1834431\AppData\Local\Programs\Python\Python312\python.exe)
   - GPU(s): Intel(R) UHD Graphics 770

Job: job_0001_n16
Timestamp (job start): 2026-02-26_16-16-42-210648
Total Time: 6.63 sec

+-------------------------------+------------+---------------+-------------+-----------+
| Step                          |   Time (s) |   Memory (MB) |   Disk (GB) |   CPU (%) |
+===============================+============+===============+=============+===========+
| Parsing                       | 0.00500846 |       130.461 |     941.079 |         0 |
+-------------------------------+------------+---------------+-------------+-----------+
| Element Instantiation         | 0.0238712  |       130.461 |     941.079 |         0 |
+-------------------------------+------------+---------------+-------------+-----------+
| Element Stiffness Computation | 0.0716488  |       130.48  |     941.079 |         0 |
+-------------------------------+------------+---------------+-------------+-----------+
| Element Force Computation     | 0.00716996 |       130.496 |     941.079 |         0 |
+-------------------------------+------------+---------------+-------------+-----------+
| Full Simulation               | 5.91315    |       131.832 |     941.089 |         0 |
+-------------------------------+------------+---------------+-------------+-----------+

Parallel Jobs: None
Start Memory: 130.46 MB | End Memory: 131.83 MB
Start Disk Usage: 941.08 GB | End Disk Usage: 941.09 GB
Start CPU: 0.00% | End CPU: 16.80%
