--------------------------------------------------------------------------
Machine specifications – written 2026-02-26 16:17:50.487348
OS          : Windows 11 (10.0.26100)
CPU         : 12th Gen Intel(R) Core(TM) i7-12700
   logical  : 20
   physical : 12
RAM         : 31.24 GB
Disk        : 943.72 GB total  /  2.55 GB free
Python      : 3.12.5  (C:\Users\s1834431\AppData\Local\Programs\Python\Python312\python.exe)
GPU(s)      : Intel(R) UHD Graphics 770
--------------------------------------------------------------------------

Runtime telemetry header written → C:\Users\s1834431\Programs\fem_model\post_processing\results\job_0005_n16_2026-02-26_16-17-48-355880_pid18316_123e0d5e\diagnostics\RuntimeMonitorTelemetry.log
2026-02-26 16:17:50 │ PrepareLocalSystem BEGIN   │ Δt  0.00 s │ RAM   133.4 MB │ CPU  27.6 % │ Disk  941.2 GB
2026-02-26 16:17:50 │ PrepareLocalSystem END     │ Δt  0.20 s │ RAM   133.4 MB │ CPU  35.2 % │ Disk  941.2 GB
2026-02-26 16:17:51 │ AssembleGlobalSystem BEGIN │ Δt  0.20 s │ RAM   133.4 MB │ CPU  29.5 % │ Disk  941.2 GB
2026-02-26 16:17:51 │ AssembleGlobalSystem END   │ Δt  0.21 s │ RAM   133.4 MB │ CPU  25.9 % │ Disk  941.2 GB
2026-02-26 16:17:51 │ ModifyGlobalSystem BEGIN   │ Δt  0.21 s │ RAM   133.8 MB │ CPU  28.1 % │ Disk  941.2 GB
2026-02-26 16:17:51 │ ModifyGlobalSystem END     │ Δt  0.21 s │ RAM   133.8 MB │ CPU  33.5 % │ Disk  941.2 GB
2026-02-26 16:17:52 │ CondenseModifiedSystem BEGIN │ Δt  0.21 s │ RAM   133.8 MB │ CPU  31.2 % │ Disk  941.2 GB
2026-02-26 16:17:52 │ CondenseModifiedSystem END │ Δt  0.23 s │ RAM   134.8 MB │ CPU  21.5 % │ Disk  941.2 GB
2026-02-26 16:17:52 │ SolveCondensedSystem BEGIN │ Δt  0.21 s │ RAM   134.8 MB │ CPU  23.2 % │ Disk  941.2 GB
2026-02-26 16:17:52 │ SolveCondensedSystem END   │ Δt  0.26 s │ RAM   134.9 MB │ CPU  14.0 % │ Disk  941.2 GB
2026-02-26 16:17:52 │ ReconstructGlobalSystem BEGIN │ Δt  0.20 s │ RAM   134.9 MB │ CPU  19.9 % │ Disk  941.2 GB
2026-02-26 16:17:53 │ ReconstructGlobalSystem END │ Δt  0.21 s │ RAM   134.9 MB │ CPU  10.4 % │ Disk  941.2 GB
2026-02-26 16:17:53 │ ComputePrimaryResults BEGIN │ Δt  0.20 s │ RAM   134.9 MB │ CPU  28.7 % │ Disk  941.2 GB
2026-02-26 16:17:53 │ ComputePrimaryResults END  │ Δt  0.29 s │ RAM   134.9 MB │ CPU  16.5 % │ Disk  941.2 GB
2026-02-26 16:17:53 │ SaveFormulationCache BEGIN │ Δt  0.20 s │ RAM   134.9 MB │ CPU   8.1 % │ Disk  941.2 GB
2026-02-26 16:17:54 │ SaveFormulationCache END   │ Δt  0.26 s │ RAM   134.9 MB │ CPU  10.5 % │ Disk  941.2 GB
2026-02-26 16:17:54 │ ComputeSecondaryResults BEGIN │ Δt  0.20 s │ RAM   134.9 MB │ CPU  10.0 % │ Disk  941.2 GB
2026-02-26 16:17:54 │ ComputeSecondaryResults END │ Δt  0.23 s │ RAM   134.9 MB │ CPU  13.7 % │ Disk  941.2 GB
2026-02-26 16:17:54 │ ComputeTertiaryResults BEGIN │ Δt  0.20 s │ RAM   134.9 MB │ CPU  34.6 % │ Disk  941.2 GB
2026-02-26 16:17:54 │ ComputeTertiaryResults END │ Δt  0.23 s │ RAM   134.9 MB │ CPU  20.6 % │ Disk  941.2 GB
