=== Unnamed Matrix ===
[[0. 0.]
 [0. 0.]]


=== Element 6 Stiffness Matrix Computation (Selective Integration) ===
Integration orders: axial=3, bending_y=3, bending_z=3, shear_y=2, shear_z=2, torsion=3 (shear block uses 1-point reduced integration)
=== Element length  L  (1, 1) ===
[[0.015625]]

=== Material stiffness matrix  D  (6, 6) ===
[[2.751000e+08 0.000000e+00 0.000000e+00 0.000000e+00 0.000000e+00 0.000000e+00]
 [0.000000e+00 6.791400e+04 0.000000e+00 0.000000e+00 0.000000e+00 0.000000e+00]
 [0.000000e+00 0.000000e+00 4.384149e+05 0.000000e+00 0.000000e+00 0.000000e+00]
 [0.000000e+00 0.000000e+00 0.000000e+00 8.842500e+07 0.000000e+00 0.000000e+00]
 [0.000000e+00 0.000000e+00 0.000000e+00 0.000000e+00 8.842500e+07 0.000000e+00]
 [0.000000e+00 0.000000e+00 0.000000e+00 0.000000e+00 0.000000e+00 2.111451e+03]]

=== Bending contribution (selective) ===
[[        0.          0.          0.          0.          0.          0.          0.          0.          0.
          0.          0.          0. ]
 [        0.          0.          0.          0.          0.          0.          0.          0.          0.
          0.          0.          0. ]
 [        0.          0.          0.          0.          0.          0.          0.          0.          0.
          0.          0.          0. ]
 [        0.          0.          0.          0.          0.          0.          0.          0.          0.
          0.          0.          0. ]
 [        0.          0.          0.          0.    4346496.          0.          0.          0.          0.
          0.   -4346496.          0. ]
 [        0.          0.          0.          0.          0.   28058553.6         0.          0.          0.
          0.          0.  -28058553.6]
 [        0.          0.          0.          0.          0.          0.          0.          0.          0.
          0.          0.          0. ]
 [        0.          0.          0.          0.          0.          0.          0.          0.          0.
          0.          0.          0. ]
 [        0.          0.          0.          0.          0.          0.          0.          0.          0.
          0.          0.          0. ]
 [        0.          0.          0.          0.          0.          0.          0.          0.          0.
          0.          0.          0. ]
 [        0.          0.          0.          0.   -4346496.          0.          0.          0.          0.
          0.    4346496.          0. ]
 [        0.          0.          0.          0.          0.  -28058553.6         0.          0.          0.
          0.          0.   28058553.6]]

=== Shear contribution (selective) ===
[[ 0.000000e+00  0.000000e+00  0.000000e+00  0.000000e+00  0.000000e+00  0.000000e+00  0.000000e+00  0.000000e+00
   0.000000e+00  0.000000e+00  0.000000e+00  0.000000e+00]
 [ 0.000000e+00  5.659200e+09  0.000000e+00  0.000000e+00  0.000000e+00  4.421250e+07  0.000000e+00 -5.659200e+09
   0.000000e+00  0.000000e+00  0.000000e+00  4.421250e+07]
 [ 0.000000e+00  0.000000e+00  5.659200e+09  0.000000e+00 -4.421250e+07  0.000000e+00  0.000000e+00  0.000000e+00
  -5.659200e+09  0.000000e+00 -4.421250e+07  0.000000e+00]
 [ 0.000000e+00  0.000000e+00  0.000000e+00  0.000000e+00  0.000000e+00  0.000000e+00  0.000000e+00  0.000000e+00
   0.000000e+00  0.000000e+00  0.000000e+00  0.000000e+00]
 [ 0.000000e+00  0.000000e+00 -4.421250e+07  0.000000e+00  3.454102e+05  0.000000e+00  0.000000e+00  0.000000e+00
   4.421250e+07  0.000000e+00  3.454102e+05  0.000000e+00]
 [ 0.000000e+00  4.421250e+07  0.000000e+00  0.000000e+00  0.000000e+00  3.454102e+05  0.000000e+00 -4.421250e+07
   0.000000e+00  0.000000e+00  0.000000e+00  3.454102e+05]
 [ 0.000000e+00  0.000000e+00  0.000000e+00  0.000000e+00  0.000000e+00  0.000000e+00  0.000000e+00  0.000000e+00
   0.000000e+00  0.000000e+00  0.000000e+00  0.000000e+00]
 [ 0.000000e+00 -5.659200e+09  0.000000e+00  0.000000e+00  0.000000e+00 -4.421250e+07  0.000000e+00  5.659200e+09
   0.000000e+00  0.000000e+00  0.000000e+00 -4.421250e+07]
 [ 0.000000e+00  0.000000e+00 -5.659200e+09  0.000000e+00  4.421250e+07  0.000000e+00  0.000000e+00  0.000000e+00
   5.659200e+09  0.000000e+00  4.421250e+07  0.000000e+00]
 [ 0.000000e+00  0.000000e+00  0.000000e+00  0.000000e+00  0.000000e+00  0.000000e+00  0.000000e+00  0.000000e+00
   0.000000e+00  0.000000e+00  0.000000e+00  0.000000e+00]
 [ 0.000000e+00  0.000000e+00 -4.421250e+07  0.000000e+00  3.454102e+05  0.000000e+00  0.000000e+00  0.000000e+00
   4.421250e+07  0.000000e+00  3.454102e+05  0.000000e+00]
 [ 0.000000e+00  4.421250e+07  0.000000e+00  0.000000e+00  0.000000e+00  3.454102e+05  0.000000e+00 -4.421250e+07
   0.000000e+00  0.000000e+00  0.000000e+00  3.454102e+05]]

=== Other terms contribution ===
[[ 1.760640e+10  0.000000e+00  0.000000e+00  0.000000e+00  0.000000e+00  0.000000e+00 -1.760640e+10  0.000000e+00
   0.000000e+00  0.000000e+00  0.000000e+00  0.000000e+00]
 [ 0.000000e+00  0.000000e+00  0.000000e+00  0.000000e+00  0.000000e+00  0.000000e+00  0.000000e+00  0.000000e+00
   0.000000e+00  0.000000e+00  0.000000e+00  0.000000e+00]
 [ 0.000000e+00  0.000000e+00  0.000000e+00  0.000000e+00  0.000000e+00  0.000000e+00  0.000000e+00  0.000000e+00
   0.000000e+00  0.000000e+00  0.000000e+00  0.000000e+00]
 [ 0.000000e+00  0.000000e+00  0.000000e+00  1.351329e+05  0.000000e+00  0.000000e+00  0.000000e+00  0.000000e+00
   0.000000e+00 -1.351329e+05  0.000000e+00  0.000000e+00]
 [ 0.000000e+00  0.000000e+00  0.000000e+00  0.000000e+00  8.149073e-10  0.000000e+00  0.000000e+00  0.000000e+00
   0.000000e+00  0.000000e+00  0.000000e+00  0.000000e+00]
 [ 0.000000e+00  0.000000e+00  0.000000e+00  0.000000e+00  0.000000e+00 -1.164153e-10  0.000000e+00  0.000000e+00
   0.000000e+00  0.000000e+00  0.000000e+00  0.000000e+00]
 [-1.760640e+10  0.000000e+00  0.000000e+00  0.000000e+00  0.000000e+00  0.000000e+00  1.760640e+10  0.000000e+00
   0.000000e+00  0.000000e+00  0.000000e+00  0.000000e+00]
 [ 0.000000e+00  0.000000e+00  0.000000e+00  0.000000e+00  0.000000e+00  0.000000e+00  0.000000e+00  0.000000e+00
   0.000000e+00  0.000000e+00  0.000000e+00  0.000000e+00]
 [ 0.000000e+00  0.000000e+00  0.000000e+00  0.000000e+00  0.000000e+00  0.000000e+00  0.000000e+00  0.000000e+00
   0.000000e+00  0.000000e+00  0.000000e+00  0.000000e+00]
 [ 0.000000e+00  0.000000e+00  0.000000e+00 -1.351329e+05  0.000000e+00  0.000000e+00  0.000000e+00  0.000000e+00
   0.000000e+00  1.351329e+05  0.000000e+00  0.000000e+00]
 [ 0.000000e+00  0.000000e+00  0.000000e+00  0.000000e+00  0.000000e+00  0.000000e+00  0.000000e+00  0.000000e+00
   0.000000e+00  0.000000e+00  8.149073e-10  0.000000e+00]
 [ 0.000000e+00  0.000000e+00  0.000000e+00  0.000000e+00  0.000000e+00  0.000000e+00  0.000000e+00  0.000000e+00
   0.000000e+00  0.000000e+00  0.000000e+00  3.608875e-09]]

=== Final Element Stiffness Matrix ===
[[ 1.760640e+10  0.000000e+00  0.000000e+00  0.000000e+00  0.000000e+00  0.000000e+00 -1.760640e+10  0.000000e+00
   0.000000e+00  0.000000e+00  0.000000e+00  0.000000e+00]
 [ 0.000000e+00  5.659200e+09  0.000000e+00  0.000000e+00  0.000000e+00  4.421250e+07  0.000000e+00 -5.659200e+09
   0.000000e+00  0.000000e+00  0.000000e+00  4.421250e+07]
 [ 0.000000e+00  0.000000e+00  5.659200e+09  0.000000e+00 -4.421250e+07  0.000000e+00  0.000000e+00  0.000000e+00
  -5.659200e+09  0.000000e+00 -4.421250e+07  0.000000e+00]
 [ 0.000000e+00  0.000000e+00  0.000000e+00  1.351329e+05  0.000000e+00  0.000000e+00  0.000000e+00  0.000000e+00
   0.000000e+00 -1.351329e+05  0.000000e+00  0.000000e+00]
 [ 0.000000e+00  0.000000e+00 -4.421250e+07  0.000000e+00  4.691906e+06  0.000000e+00  0.000000e+00  0.000000e+00
   4.421250e+07  0.000000e+00 -4.001086e+06  0.000000e+00]
 [ 0.000000e+00  4.421250e+07  0.000000e+00  0.000000e+00  0.000000e+00  2.840396e+07  0.000000e+00 -4.421250e+07
   0.000000e+00  0.000000e+00  0.000000e+00 -2.771314e+07]
 [-1.760640e+10  0.000000e+00  0.000000e+00  0.000000e+00  0.000000e+00  0.000000e+00  1.760640e+10  0.000000e+00
   0.000000e+00  0.000000e+00  0.000000e+00  0.000000e+00]
 [ 0.000000e+00 -5.659200e+09  0.000000e+00  0.000000e+00  0.000000e+00 -4.421250e+07  0.000000e+00  5.659200e+09
   0.000000e+00  0.000000e+00  0.000000e+00 -4.421250e+07]
 [ 0.000000e+00  0.000000e+00 -5.659200e+09  0.000000e+00  4.421250e+07  0.000000e+00  0.000000e+00  0.000000e+00
   5.659200e+09  0.000000e+00  4.421250e+07  0.000000e+00]
 [ 0.000000e+00  0.000000e+00  0.000000e+00 -1.351329e+05  0.000000e+00  0.000000e+00  0.000000e+00  0.000000e+00
   0.000000e+00  1.351329e+05  0.000000e+00  0.000000e+00]
 [ 0.000000e+00  0.000000e+00 -4.421250e+07  0.000000e+00 -4.001086e+06  0.000000e+00  0.000000e+00  0.000000e+00
   4.421250e+07  0.000000e+00  4.691906e+06  0.000000e+00]
 [ 0.000000e+00  4.421250e+07  0.000000e+00  0.000000e+00  0.000000e+00 -2.771314e+07  0.000000e+00 -4.421250e+07
   0.000000e+00  0.000000e+00  0.000000e+00  2.840396e+07]]

