--------------------------------------------------------------------------
Machine specifications – written 2025-11-15 15:04:18.444323
OS          : Windows 11 (10.0.26100)
CPU         : 12th Gen Intel(R) Core(TM) i7-12700
   logical  : 20
   physical : 12
RAM         : 31.24 GB
Disk        : 943.72 GB total  /  505.40 GB free
Python      : 3.12.5  (C:\Users\s1834431\AppData\Local\Programs\Python\Python312\python.exe)
GPU(s)      : Intel(R) UHD Graphics 770
--------------------------------------------------------------------------

Runtime telemetry header written → C:\Users\s1834431\.cursor\worktrees\fem_model\CRudA\post_processing\results\job_0002_2025-11-15_15-04-13-688603_pid17900_91505716\diagnostics\RuntimeMonitorTelemetry.log
2025-11-15 15:04:18 │ PrepareLocalSystem BEGIN   │ Δt  0.00 s │ RAM   124.0 MB │ CPU  25.2 % │ Disk  438.3 GB
2025-11-15 15:04:19 │ PrepareLocalSystem END     │ Δt  0.22 s │ RAM   124.3 MB │ CPU  38.4 % │ Disk  438.3 GB
2025-11-15 15:04:19 │ AssembleGlobalSystem BEGIN │ Δt  0.20 s │ RAM   124.3 MB │ CPU  29.8 % │ Disk  438.3 GB
2025-11-15 15:04:19 │ AssembleGlobalSystem END   │ Δt  0.27 s │ RAM   126.9 MB │ CPU  15.0 % │ Disk  438.3 GB
2025-11-15 15:04:26 │ ModifyGlobalSystem BEGIN   │ Δt  6.72 s │ RAM   129.0 MB │ CPU  70.3 % │ Disk  438.3 GB
2025-11-15 15:04:26 │ ModifyGlobalSystem END     │ Δt  0.28 s │ RAM   130.2 MB │ CPU  60.1 % │ Disk  438.3 GB
2025-11-15 15:04:33 │ CondenseModifiedSystem BEGIN │ Δt  6.78 s │ RAM   130.2 MB │ CPU  72.2 % │ Disk  438.3 GB
2025-11-15 15:04:33 │ CondenseModifiedSystem END │ Δt  0.42 s │ RAM   130.9 MB │ CPU  44.3 % │ Disk  438.3 GB
2025-11-15 15:04:40 │ SolveCondensedSystem BEGIN │ Δt  6.61 s │ RAM   131.7 MB │ CPU  42.4 % │ Disk  438.3 GB
2025-11-15 15:04:47 │ SolveCondensedSystem END   │ Δt  7.65 s │ RAM   131.8 MB │ CPU  43.8 % │ Disk  438.3 GB
2025-11-15 15:04:48 │ ReconstructGlobalSystem BEGIN │ Δt  0.20 s │ RAM   131.8 MB │ CPU  38.6 % │ Disk  438.3 GB
2025-11-15 15:04:48 │ ReconstructGlobalSystem END │ Δt  0.30 s │ RAM   131.8 MB │ CPU  25.0 % │ Disk  438.3 GB
2025-11-15 15:04:48 │ ComputePrimaryResults BEGIN │ Δt  0.20 s │ RAM   131.8 MB │ CPU  22.8 % │ Disk  438.3 GB
2025-11-15 15:04:50 │ ComputePrimaryResults END  │ Δt  2.03 s │ RAM   133.1 MB │ CPU  52.5 % │ Disk  438.3 GB
