Machine Specifications:
   - OS: Windows 11 (10.0.26100)
       • Logical cores: 20
       • Physical cores: 12
   - RAM: 31.24 GB
   - Disk: 943.72 GB total, 2.47 GB free
   - Python Version: 3.12.5 (C:\Users\s1834431\AppData\Local\Programs\Python\Python312\python.exe)
   - GPU(s): Intel(R) UHD Graphics 770

Job: job_0010_n64
Timestamp (job start): 2026-02-26_16-19-40-221478
Total Time: 9.45 sec

+-------------------------------+------------+---------------+-------------+-----------+
| Step                          |   Time (s) |   Memory (MB) |   Disk (GB) |   CPU (%) |
+===============================+============+===============+=============+===========+
| Parsing                       |  0.0124009 |       137.473 |     941.238 |         0 |
+-------------------------------+------------+---------------+-------------+-----------+
| Element Instantiation         |  0.644863  |       137.473 |     941.24  |         0 |
+-------------------------------+------------+---------------+-------------+-----------+
| Element Stiffness Computation |  0.727506  |       137.473 |     941.241 |         0 |
+-------------------------------+------------+---------------+-------------+-----------+
| Element Force Computation     |  0.654803  |       137.488 |     941.242 |         0 |
+-------------------------------+------------+---------------+-------------+-----------+
| Full Simulation               |  6.78129   |       137.742 |     941.246 |         0 |
+-------------------------------+------------+---------------+-------------+-----------+

Parallel Jobs: None
Start Memory: 137.47 MB | End Memory: 137.74 MB
Start Disk Usage: 941.24 GB | End Disk Usage: 941.25 GB
Start CPU: 0.00% | End CPU: 0.00%
