2026-02-26 16:19:37,025 [DEBUG] 📁 Log file: c:\Users\s1834431\Programs\fem_model\post_processing\results\job_0010_n64_2026-02-26_16-19-30-571529_pid18316_690d4b79\logs\SolveCondensedSystem.log (Module: solver, Line: 249)
2026-02-26 16:19:37,026 [DEBUG] Row/column scaling applied. (Module: solver, Line: 164)
2026-02-26 16:19:37,026 [DEBUG] Building ILU (drop_tol=1e-06, fill_factor=1.0) (Module: solver, Line: 77)
2026-02-26 16:19:37,026 [DEBUG] ILU fill-ratio = 1.01 (Module: solver, Line: 82)
2026-02-26 16:19:37,026 [INFO] Solver parameters • solver='cg', prec='auto', K nnz=1648, dofs=384 (Module: solver, Line: 181)
2026-02-26 16:19:37,027 [INFO] Condensed condition estimate: 1.01e+00 (Module: solver, Line: 187)
2026-02-26 16:19:37,028 [DEBUG] Iter   10 | residual 1.525e-02 (Module: solver, Line: 328)
2026-02-26 16:19:37,028 [DEBUG] Iter   20 | residual 1.525e-02 (Module: solver, Line: 328)
2026-02-26 16:19:37,028 [DEBUG] Iter   30 | residual 1.525e-02 (Module: solver, Line: 328)
2026-02-26 16:19:37,029 [DEBUG] Iter   40 | residual 1.525e-02 (Module: solver, Line: 328)
2026-02-26 16:19:37,029 [DEBUG] Iter   50 | residual 1.525e-02 (Module: solver, Line: 328)
2026-02-26 16:19:37,030 [DEBUG] Iter   60 | residual 1.525e-02 (Module: solver, Line: 328)
2026-02-26 16:19:37,030 [DEBUG] Iter   70 | residual 1.525e-02 (Module: solver, Line: 328)
2026-02-26 16:19:37,031 [DEBUG] Iter   80 | residual 1.525e-02 (Module: solver, Line: 328)
2026-02-26 16:19:37,031 [DEBUG] Iter   90 | residual 1.525e-02 (Module: solver, Line: 328)
2026-02-26 16:19:37,032 [DEBUG] Iter  100 | residual 1.525e-02 (Module: solver, Line: 328)
2026-02-26 16:19:37,032 [DEBUG] Iter  110 | residual 1.525e-02 (Module: solver, Line: 328)
2026-02-26 16:19:37,033 [DEBUG] Iter  120 | residual 1.525e-02 (Module: solver, Line: 328)
2026-02-26 16:19:37,033 [DEBUG] Iter  130 | residual 1.525e-02 (Module: solver, Line: 328)
2026-02-26 16:19:37,033 [DEBUG] Iter  140 | residual 1.525e-02 (Module: solver, Line: 328)
2026-02-26 16:19:37,034 [DEBUG] Iter  150 | residual 1.525e-02 (Module: solver, Line: 328)
2026-02-26 16:19:37,034 [DEBUG] Iter  160 | residual 1.525e-02 (Module: solver, Line: 328)
2026-02-26 16:19:37,035 [DEBUG] Iter  170 | residual 1.525e-02 (Module: solver, Line: 328)
2026-02-26 16:19:37,035 [DEBUG] Iter  180 | residual 1.525e-02 (Module: solver, Line: 328)
2026-02-26 16:19:37,036 [DEBUG] Iter  190 | residual 1.525e-02 (Module: solver, Line: 328)
2026-02-26 16:19:37,036 [DEBUG] Iter  200 | residual 1.525e-02 (Module: solver, Line: 328)
2026-02-26 16:19:37,037 [DEBUG] Iter  210 | residual 1.525e-02 (Module: solver, Line: 328)
2026-02-26 16:19:37,037 [DEBUG] Iter  220 | residual 1.525e-02 (Module: solver, Line: 328)
2026-02-26 16:19:37,038 [DEBUG] Iter  230 | residual 1.525e-02 (Module: solver, Line: 328)
2026-02-26 16:19:37,038 [DEBUG] Iter  240 | residual 1.525e-02 (Module: solver, Line: 328)
2026-02-26 16:19:37,039 [DEBUG] Iter  250 | residual 1.525e-02 (Module: solver, Line: 328)
2026-02-26 16:19:37,039 [DEBUG] Iter  260 | residual 1.525e-02 (Module: solver, Line: 328)
2026-02-26 16:19:37,040 [DEBUG] Iter  270 | residual 1.525e-02 (Module: solver, Line: 328)
2026-02-26 16:19:37,040 [DEBUG] Iter  280 | residual 1.525e-02 (Module: solver, Line: 328)
2026-02-26 16:19:37,041 [DEBUG] Iter  290 | residual 1.525e-02 (Module: solver, Line: 328)
2026-02-26 16:19:37,041 [DEBUG] Iter  300 | residual 1.525e-02 (Module: solver, Line: 328)
2026-02-26 16:19:37,042 [DEBUG] Iter  310 | residual 1.525e-02 (Module: solver, Line: 328)
2026-02-26 16:19:37,042 [DEBUG] Iter  320 | residual 1.525e-02 (Module: solver, Line: 328)
2026-02-26 16:19:37,043 [DEBUG] Iter  330 | residual 1.525e-02 (Module: solver, Line: 328)
2026-02-26 16:19:37,043 [DEBUG] Iter  340 | residual 1.525e-02 (Module: solver, Line: 328)
2026-02-26 16:19:37,043 [DEBUG] Iter  350 | residual 1.525e-02 (Module: solver, Line: 328)
2026-02-26 16:19:37,043 [DEBUG] Iter  360 | residual 1.525e-02 (Module: solver, Line: 328)
2026-02-26 16:19:37,043 [DEBUG] Iter  370 | residual 1.525e-02 (Module: solver, Line: 328)
2026-02-26 16:19:37,043 [DEBUG] Iter  380 | residual 1.525e-02 (Module: solver, Line: 328)
2026-02-26 16:19:37,043 [DEBUG] Iter  390 | residual 1.525e-02 (Module: solver, Line: 328)
2026-02-26 16:19:37,043 [DEBUG] Iter  400 | residual 1.525e-02 (Module: solver, Line: 328)
2026-02-26 16:19:37,048 [DEBUG] Iter  410 | residual 1.525e-02 (Module: solver, Line: 328)
2026-02-26 16:19:37,048 [DEBUG] Iter  420 | residual 1.525e-02 (Module: solver, Line: 328)
2026-02-26 16:19:37,048 [DEBUG] Iter  430 | residual 1.525e-02 (Module: solver, Line: 328)
2026-02-26 16:19:37,048 [DEBUG] Iter  440 | residual 1.525e-02 (Module: solver, Line: 328)
2026-02-26 16:19:37,048 [DEBUG] Iter  450 | residual 1.525e-02 (Module: solver, Line: 328)
2026-02-26 16:19:37,048 [DEBUG] Iter  460 | residual 1.525e-02 (Module: solver, Line: 328)
2026-02-26 16:19:37,052 [DEBUG] Iter  470 | residual 1.525e-02 (Module: solver, Line: 328)
2026-02-26 16:19:37,052 [DEBUG] Iter  480 | residual 1.525e-02 (Module: solver, Line: 328)
2026-02-26 16:19:37,052 [DEBUG] Iter  490 | residual 1.525e-02 (Module: solver, Line: 328)
2026-02-26 16:19:37,052 [DEBUG] Iter  500 | residual 1.525e-02 (Module: solver, Line: 328)
2026-02-26 16:19:37,052 [DEBUG] Iter  510 | residual 1.525e-02 (Module: solver, Line: 328)
2026-02-26 16:19:37,052 [DEBUG] Iter  520 | residual 1.525e-02 (Module: solver, Line: 328)
2026-02-26 16:19:37,052 [DEBUG] Iter  530 | residual 1.525e-02 (Module: solver, Line: 328)
2026-02-26 16:19:37,052 [DEBUG] Iter  540 | residual 1.525e-02 (Module: solver, Line: 328)
2026-02-26 16:19:37,056 [DEBUG] Iter  550 | residual 1.525e-02 (Module: solver, Line: 328)
2026-02-26 16:19:37,056 [DEBUG] Iter  560 | residual 1.525e-02 (Module: solver, Line: 328)
2026-02-26 16:19:37,057 [DEBUG] Iter  570 | residual 1.525e-02 (Module: solver, Line: 328)
2026-02-26 16:19:37,057 [DEBUG] Iter  580 | residual 1.525e-02 (Module: solver, Line: 328)
2026-02-26 16:19:37,057 [DEBUG] Iter  590 | residual 1.525e-02 (Module: solver, Line: 328)
2026-02-26 16:19:37,057 [DEBUG] Iter  600 | residual 1.525e-02 (Module: solver, Line: 328)
2026-02-26 16:19:37,059 [DEBUG] Iter  610 | residual 1.525e-02 (Module: solver, Line: 328)
2026-02-26 16:19:37,059 [DEBUG] Iter  620 | residual 1.525e-02 (Module: solver, Line: 328)
2026-02-26 16:19:37,060 [DEBUG] Iter  630 | residual 1.525e-02 (Module: solver, Line: 328)
2026-02-26 16:19:37,060 [DEBUG] Iter  640 | residual 1.525e-02 (Module: solver, Line: 328)
2026-02-26 16:19:37,061 [DEBUG] Iter  650 | residual 1.525e-02 (Module: solver, Line: 328)
2026-02-26 16:19:37,061 [DEBUG] Iter  660 | residual 1.525e-02 (Module: solver, Line: 328)
2026-02-26 16:19:37,062 [DEBUG] Iter  670 | residual 1.525e-02 (Module: solver, Line: 328)
2026-02-26 16:19:37,062 [DEBUG] Iter  680 | residual 1.525e-02 (Module: solver, Line: 328)
2026-02-26 16:19:37,062 [DEBUG] Iter  690 | residual 1.525e-02 (Module: solver, Line: 328)
2026-02-26 16:19:37,063 [DEBUG] Iter  700 | residual 1.525e-02 (Module: solver, Line: 328)
2026-02-26 16:19:37,063 [DEBUG] Iter  710 | residual 1.525e-02 (Module: solver, Line: 328)
2026-02-26 16:19:37,064 [DEBUG] Iter  720 | residual 1.525e-02 (Module: solver, Line: 328)
2026-02-26 16:19:37,064 [DEBUG] Iter  730 | residual 1.525e-02 (Module: solver, Line: 328)
2026-02-26 16:19:37,065 [DEBUG] Iter  740 | residual 1.525e-02 (Module: solver, Line: 328)
2026-02-26 16:19:37,065 [DEBUG] Iter  750 | residual 1.525e-02 (Module: solver, Line: 328)
2026-02-26 16:19:37,066 [DEBUG] Iter  760 | residual 1.525e-02 (Module: solver, Line: 328)
2026-02-26 16:19:37,066 [DEBUG] Iter  770 | residual 1.525e-02 (Module: solver, Line: 328)
2026-02-26 16:19:37,066 [DEBUG] Iter  780 | residual 1.525e-02 (Module: solver, Line: 328)
2026-02-26 16:19:37,067 [DEBUG] Iter  790 | residual 1.525e-02 (Module: solver, Line: 328)
2026-02-26 16:19:37,067 [DEBUG] Iter  800 | residual 1.525e-02 (Module: solver, Line: 328)
2026-02-26 16:19:37,068 [DEBUG] Iter  810 | residual 1.525e-02 (Module: solver, Line: 328)
2026-02-26 16:19:37,068 [DEBUG] Iter  820 | residual 1.525e-02 (Module: solver, Line: 328)
2026-02-26 16:19:37,069 [DEBUG] Iter  830 | residual 1.525e-02 (Module: solver, Line: 328)
2026-02-26 16:19:37,070 [DEBUG] Iter  840 | residual 1.525e-02 (Module: solver, Line: 328)
2026-02-26 16:19:37,070 [DEBUG] Iter  850 | residual 1.525e-02 (Module: solver, Line: 328)
2026-02-26 16:19:37,070 [DEBUG] Iter  860 | residual 1.525e-02 (Module: solver, Line: 328)
2026-02-26 16:19:37,071 [DEBUG] Iter  870 | residual 1.525e-02 (Module: solver, Line: 328)
2026-02-26 16:19:37,071 [DEBUG] Iter  880 | residual 1.525e-02 (Module: solver, Line: 328)
2026-02-26 16:19:37,072 [DEBUG] Iter  890 | residual 1.525e-02 (Module: solver, Line: 328)
2026-02-26 16:19:37,073 [DEBUG] Iter  900 | residual 1.525e-02 (Module: solver, Line: 328)
2026-02-26 16:19:37,074 [DEBUG] Iter  910 | residual 1.525e-02 (Module: solver, Line: 328)
2026-02-26 16:19:37,074 [DEBUG] Iter  920 | residual 1.525e-02 (Module: solver, Line: 328)
2026-02-26 16:19:37,075 [DEBUG] Iter  930 | residual 1.525e-02 (Module: solver, Line: 328)
2026-02-26 16:19:37,075 [DEBUG] Iter  940 | residual 1.525e-02 (Module: solver, Line: 328)
2026-02-26 16:19:37,075 [DEBUG] Iter  950 | residual 1.525e-02 (Module: solver, Line: 328)
2026-02-26 16:19:37,075 [DEBUG] Iter  960 | residual 1.525e-02 (Module: solver, Line: 328)
2026-02-26 16:19:37,075 [DEBUG] Iter  970 | residual 1.525e-02 (Module: solver, Line: 328)
2026-02-26 16:19:37,075 [DEBUG] Iter  980 | residual 1.525e-02 (Module: solver, Line: 328)
2026-02-26 16:19:37,075 [DEBUG] Iter  990 | residual 1.525e-02 (Module: solver, Line: 328)
2026-02-26 16:19:37,079 [DEBUG] Iter 1000 | residual 1.525e-02 (Module: solver, Line: 328)
2026-02-26 16:19:37,079 [WARNING] Solver info=1000 (not converged). (Module: solver, Line: 344)
2026-02-26 16:19:37,079 [INFO] Retrying with ILU preconditioner … (Module: solver, Line: 351)
2026-02-26 16:19:37,079 [DEBUG] Building ILU (drop_tol=1e-06, fill_factor=1.0) (Module: solver, Line: 77)
2026-02-26 16:19:37,079 [DEBUG] ILU fill-ratio = 1.01 (Module: solver, Line: 82)
2026-02-26 16:19:37,079 [DEBUG] Iter 1010 | residual 1.525e-02 (Module: solver, Line: 328)
2026-02-26 16:19:37,081 [DEBUG] Iter 1020 | residual 1.525e-02 (Module: solver, Line: 328)
2026-02-26 16:19:37,081 [DEBUG] Iter 1030 | residual 1.525e-02 (Module: solver, Line: 328)
2026-02-26 16:19:37,081 [DEBUG] Iter 1040 | residual 1.525e-02 (Module: solver, Line: 328)
2026-02-26 16:19:37,081 [DEBUG] Iter 1050 | residual 1.525e-02 (Module: solver, Line: 328)
2026-02-26 16:19:37,081 [DEBUG] Iter 1060 | residual 1.525e-02 (Module: solver, Line: 328)
2026-02-26 16:19:37,083 [DEBUG] Iter 1070 | residual 1.525e-02 (Module: solver, Line: 328)
2026-02-26 16:19:37,083 [DEBUG] Iter 1080 | residual 1.525e-02 (Module: solver, Line: 328)
2026-02-26 16:19:37,083 [DEBUG] Iter 1090 | residual 1.525e-02 (Module: solver, Line: 328)
2026-02-26 16:19:37,084 [DEBUG] Iter 1100 | residual 1.525e-02 (Module: solver, Line: 328)
2026-02-26 16:19:37,084 [DEBUG] Iter 1110 | residual 1.525e-02 (Module: solver, Line: 328)
2026-02-26 16:19:37,084 [DEBUG] Iter 1120 | residual 1.525e-02 (Module: solver, Line: 328)
2026-02-26 16:19:37,084 [DEBUG] Iter 1130 | residual 1.525e-02 (Module: solver, Line: 328)
2026-02-26 16:19:37,086 [DEBUG] Iter 1140 | residual 1.525e-02 (Module: solver, Line: 328)
2026-02-26 16:19:37,086 [DEBUG] Iter 1150 | residual 1.525e-02 (Module: solver, Line: 328)
2026-02-26 16:19:37,086 [DEBUG] Iter 1160 | residual 1.525e-02 (Module: solver, Line: 328)
2026-02-26 16:19:37,088 [DEBUG] Iter 1170 | residual 1.525e-02 (Module: solver, Line: 328)
2026-02-26 16:19:37,089 [DEBUG] Iter 1180 | residual 1.525e-02 (Module: solver, Line: 328)
2026-02-26 16:19:37,089 [DEBUG] Iter 1190 | residual 1.525e-02 (Module: solver, Line: 328)
2026-02-26 16:19:37,090 [DEBUG] Iter 1200 | residual 1.525e-02 (Module: solver, Line: 328)
2026-02-26 16:19:37,091 [DEBUG] Iter 1210 | residual 1.525e-02 (Module: solver, Line: 328)
2026-02-26 16:19:37,091 [DEBUG] Iter 1220 | residual 1.525e-02 (Module: solver, Line: 328)
2026-02-26 16:19:37,092 [DEBUG] Iter 1230 | residual 1.525e-02 (Module: solver, Line: 328)
2026-02-26 16:19:37,092 [DEBUG] Iter 1240 | residual 1.525e-02 (Module: solver, Line: 328)
2026-02-26 16:19:37,093 [DEBUG] Iter 1250 | residual 1.525e-02 (Module: solver, Line: 328)
2026-02-26 16:19:37,093 [DEBUG] Iter 1260 | residual 1.525e-02 (Module: solver, Line: 328)
2026-02-26 16:19:37,094 [DEBUG] Iter 1270 | residual 1.525e-02 (Module: solver, Line: 328)
2026-02-26 16:19:37,094 [DEBUG] Iter 1280 | residual 1.525e-02 (Module: solver, Line: 328)
2026-02-26 16:19:37,094 [DEBUG] Iter 1290 | residual 1.525e-02 (Module: solver, Line: 328)
2026-02-26 16:19:37,094 [DEBUG] Iter 1300 | residual 1.525e-02 (Module: solver, Line: 328)
2026-02-26 16:19:37,094 [DEBUG] Iter 1310 | residual 1.525e-02 (Module: solver, Line: 328)
2026-02-26 16:19:37,094 [DEBUG] Iter 1320 | residual 1.525e-02 (Module: solver, Line: 328)
2026-02-26 16:19:37,094 [DEBUG] Iter 1330 | residual 1.525e-02 (Module: solver, Line: 328)
2026-02-26 16:19:37,094 [DEBUG] Iter 1340 | residual 1.525e-02 (Module: solver, Line: 328)
2026-02-26 16:19:37,094 [DEBUG] Iter 1350 | residual 1.525e-02 (Module: solver, Line: 328)
2026-02-26 16:19:37,094 [DEBUG] Iter 1360 | residual 1.525e-02 (Module: solver, Line: 328)
2026-02-26 16:19:37,094 [DEBUG] Iter 1370 | residual 1.525e-02 (Module: solver, Line: 328)
2026-02-26 16:19:37,094 [DEBUG] Iter 1380 | residual 1.525e-02 (Module: solver, Line: 328)
2026-02-26 16:19:37,094 [DEBUG] Iter 1390 | residual 1.525e-02 (Module: solver, Line: 328)
2026-02-26 16:19:37,100 [DEBUG] Iter 1400 | residual 1.525e-02 (Module: solver, Line: 328)
2026-02-26 16:19:37,100 [DEBUG] Iter 1410 | residual 1.525e-02 (Module: solver, Line: 328)
2026-02-26 16:19:37,100 [DEBUG] Iter 1420 | residual 1.525e-02 (Module: solver, Line: 328)
2026-02-26 16:19:37,100 [DEBUG] Iter 1430 | residual 1.525e-02 (Module: solver, Line: 328)
2026-02-26 16:19:37,100 [DEBUG] Iter 1440 | residual 1.525e-02 (Module: solver, Line: 328)
2026-02-26 16:19:37,102 [DEBUG] Iter 1450 | residual 1.525e-02 (Module: solver, Line: 328)
2026-02-26 16:19:37,102 [DEBUG] Iter 1460 | residual 1.525e-02 (Module: solver, Line: 328)
2026-02-26 16:19:37,102 [DEBUG] Iter 1470 | residual 1.525e-02 (Module: solver, Line: 328)
2026-02-26 16:19:37,102 [DEBUG] Iter 1480 | residual 1.525e-02 (Module: solver, Line: 328)
2026-02-26 16:19:37,104 [DEBUG] Iter 1490 | residual 1.525e-02 (Module: solver, Line: 328)
2026-02-26 16:19:37,104 [DEBUG] Iter 1500 | residual 1.525e-02 (Module: solver, Line: 328)
2026-02-26 16:19:37,104 [DEBUG] Iter 1510 | residual 1.525e-02 (Module: solver, Line: 328)
2026-02-26 16:19:37,104 [DEBUG] Iter 1520 | residual 1.525e-02 (Module: solver, Line: 328)
2026-02-26 16:19:37,104 [DEBUG] Iter 1530 | residual 1.525e-02 (Module: solver, Line: 328)
2026-02-26 16:19:37,106 [DEBUG] Iter 1540 | residual 1.525e-02 (Module: solver, Line: 328)
2026-02-26 16:19:37,106 [DEBUG] Iter 1550 | residual 1.525e-02 (Module: solver, Line: 328)
2026-02-26 16:19:37,106 [DEBUG] Iter 1560 | residual 1.525e-02 (Module: solver, Line: 328)
2026-02-26 16:19:37,107 [DEBUG] Iter 1570 | residual 1.525e-02 (Module: solver, Line: 328)
2026-02-26 16:19:37,107 [DEBUG] Iter 1580 | residual 1.525e-02 (Module: solver, Line: 328)
2026-02-26 16:19:37,109 [DEBUG] Iter 1590 | residual 1.525e-02 (Module: solver, Line: 328)
2026-02-26 16:19:37,109 [DEBUG] Iter 1600 | residual 1.525e-02 (Module: solver, Line: 328)
2026-02-26 16:19:37,110 [DEBUG] Iter 1610 | residual 1.525e-02 (Module: solver, Line: 328)
2026-02-26 16:19:37,110 [DEBUG] Iter 1620 | residual 1.525e-02 (Module: solver, Line: 328)
2026-02-26 16:19:37,111 [DEBUG] Iter 1630 | residual 1.525e-02 (Module: solver, Line: 328)
2026-02-26 16:19:37,111 [DEBUG] Iter 1640 | residual 1.525e-02 (Module: solver, Line: 328)
2026-02-26 16:19:37,111 [DEBUG] Iter 1650 | residual 1.525e-02 (Module: solver, Line: 328)
2026-02-26 16:19:37,112 [DEBUG] Iter 1660 | residual 1.525e-02 (Module: solver, Line: 328)
2026-02-26 16:19:37,112 [DEBUG] Iter 1670 | residual 1.525e-02 (Module: solver, Line: 328)
2026-02-26 16:19:37,113 [DEBUG] Iter 1680 | residual 1.525e-02 (Module: solver, Line: 328)
2026-02-26 16:19:37,113 [DEBUG] Iter 1690 | residual 1.525e-02 (Module: solver, Line: 328)
2026-02-26 16:19:37,113 [DEBUG] Iter 1700 | residual 1.525e-02 (Module: solver, Line: 328)
2026-02-26 16:19:37,114 [DEBUG] Iter 1710 | residual 1.525e-02 (Module: solver, Line: 328)
2026-02-26 16:19:37,114 [DEBUG] Iter 1720 | residual 1.525e-02 (Module: solver, Line: 328)
2026-02-26 16:19:37,115 [DEBUG] Iter 1730 | residual 1.525e-02 (Module: solver, Line: 328)
2026-02-26 16:19:37,115 [DEBUG] Iter 1740 | residual 1.525e-02 (Module: solver, Line: 328)
2026-02-26 16:19:37,116 [DEBUG] Iter 1750 | residual 1.525e-02 (Module: solver, Line: 328)
2026-02-26 16:19:37,116 [DEBUG] Iter 1760 | residual 1.525e-02 (Module: solver, Line: 328)
2026-02-26 16:19:37,117 [DEBUG] Iter 1770 | residual 1.525e-02 (Module: solver, Line: 328)
2026-02-26 16:19:37,117 [DEBUG] Iter 1780 | residual 1.525e-02 (Module: solver, Line: 328)
2026-02-26 16:19:37,118 [DEBUG] Iter 1790 | residual 1.525e-02 (Module: solver, Line: 328)
2026-02-26 16:19:37,118 [DEBUG] Iter 1800 | residual 1.525e-02 (Module: solver, Line: 328)
2026-02-26 16:19:37,118 [DEBUG] Iter 1810 | residual 1.525e-02 (Module: solver, Line: 328)
2026-02-26 16:19:37,119 [DEBUG] Iter 1820 | residual 1.525e-02 (Module: solver, Line: 328)
2026-02-26 16:19:37,119 [DEBUG] Iter 1830 | residual 1.525e-02 (Module: solver, Line: 328)
2026-02-26 16:19:37,120 [DEBUG] Iter 1840 | residual 1.525e-02 (Module: solver, Line: 328)
2026-02-26 16:19:37,121 [DEBUG] Iter 1850 | residual 1.525e-02 (Module: solver, Line: 328)
2026-02-26 16:19:37,121 [DEBUG] Iter 1860 | residual 1.525e-02 (Module: solver, Line: 328)
2026-02-26 16:19:37,121 [DEBUG] Iter 1870 | residual 1.525e-02 (Module: solver, Line: 328)
2026-02-26 16:19:37,122 [DEBUG] Iter 1880 | residual 1.525e-02 (Module: solver, Line: 328)
2026-02-26 16:19:37,123 [DEBUG] Iter 1890 | residual 1.525e-02 (Module: solver, Line: 328)
2026-02-26 16:19:37,123 [DEBUG] Iter 1900 | residual 1.525e-02 (Module: solver, Line: 328)
2026-02-26 16:19:37,123 [DEBUG] Iter 1910 | residual 1.525e-02 (Module: solver, Line: 328)
2026-02-26 16:19:37,124 [DEBUG] Iter 1920 | residual 1.525e-02 (Module: solver, Line: 328)
2026-02-26 16:19:37,125 [DEBUG] Iter 1930 | residual 1.525e-02 (Module: solver, Line: 328)
2026-02-26 16:19:37,125 [DEBUG] Iter 1940 | residual 1.525e-02 (Module: solver, Line: 328)
2026-02-26 16:19:37,125 [DEBUG] Iter 1950 | residual 1.525e-02 (Module: solver, Line: 328)
2026-02-26 16:19:37,125 [DEBUG] Iter 1960 | residual 1.525e-02 (Module: solver, Line: 328)
2026-02-26 16:19:37,127 [DEBUG] Iter 1970 | residual 1.525e-02 (Module: solver, Line: 328)
2026-02-26 16:19:37,127 [DEBUG] Iter 1980 | residual 1.525e-02 (Module: solver, Line: 328)
2026-02-26 16:19:37,127 [DEBUG] Iter 1990 | residual 1.525e-02 (Module: solver, Line: 328)
2026-02-26 16:19:37,127 [DEBUG] Iter 2000 | residual 1.525e-02 (Module: solver, Line: 328)
2026-02-26 16:19:37,127 [WARNING] Solver info=1000 (not converged). (Module: solver, Line: 344)
2026-02-26 16:19:37,129 [INFO] Switching to direct SuperLU fall-back. (Module: solver, Line: 359)
2026-02-26 16:19:37,129 [DEBUG] Using SuperLU direct solver (Module: solver, Line: 306)
2026-02-26 16:19:37,129 [INFO] Condensed residual norm: 1.262e-03 (Module: solver, Line: 204)
2026-02-26 16:19:37,129 [WARNING] Residual is high – verify model! (Module: solver, Line: 207)
2026-02-26 16:19:37,129 [INFO] 📊 Condensed solver report: (Module: solver, Line: 384)
2026-02-26 16:19:37,129 [INFO]  • dofs: 384 (Module: solver, Line: 386)
2026-02-26 16:19:37,129 [INFO]  • nnz: 1648 (Module: solver, Line: 386)
2026-02-26 16:19:37,129 [INFO]  • density: 0.011176215277777778 (Module: solver, Line: 386)
2026-02-26 16:19:37,129 [INFO]  • condition_est: 1.0090104039888526 (Module: solver, Line: 386)
2026-02-26 16:19:37,129 [INFO]  • solve_phases: {'iterative': 0.04889339999954245, 'factorization': 0.0007204000003184774, 'solution': 0.0007888999998613144} (Module: solver, Line: 386)
2026-02-26 16:19:37,129 [INFO]  • iters: 2000 (Module: solver, Line: 386)
2026-02-26 16:19:37,129 [INFO]  • final_residual: 0.015251137702478648 (Module: solver, Line: 386)
