Machine Specifications:
   - OS: Windows 11 (10.0.26100)
       • Logical cores: 20
       • Physical cores: 12
   - RAM: 31.24 GB
   - Disk: 943.72 GB total, 2.56 GB free
   - Python Version: 3.12.5 (C:\Users\s1834431\AppData\Local\Programs\Python\Python312\python.exe)
   - GPU(s): Intel(R) UHD Graphics 770

Job: job_0004_n4
Timestamp (job start): 2026-02-26_16-17-40-923960
Total Time: 6.40 sec

+-------------------------------+------------+---------------+-------------+-----------+
| Step                          |   Time (s) |   Memory (MB) |   Disk (GB) |   CPU (%) |
+===============================+============+===============+=============+===========+
| Parsing                       | 0.00123072 |       134.168 |     941.146 |         0 |
+-------------------------------+------------+---------------+-------------+-----------+
| Element Instantiation         | 0.0061028  |       134.168 |     941.146 |         0 |
+-------------------------------+------------+---------------+-------------+-----------+
| Element Stiffness Computation | 0.0155594  |       134.18  |     941.146 |         0 |
+-------------------------------+------------+---------------+-------------+-----------+
| Element Force Computation     | 0.00813317 |       134.32  |     941.147 |         0 |
+-------------------------------+------------+---------------+-------------+-----------+
| Full Simulation               | 5.74446    |       134.508 |     941.157 |         0 |
+-------------------------------+------------+---------------+-------------+-----------+

Parallel Jobs: None
Start Memory: 134.17 MB | End Memory: 134.51 MB
Start Disk Usage: 941.15 GB | End Disk Usage: 941.16 GB
Start CPU: 0.00% | End CPU: 0.00%
