Machine Specifications:
   - OS: Windows 11 (10.0.26100)
       • Logical cores: 20
       • Physical cores: 12
   - RAM: 31.24 GB
   - Disk: 943.72 GB total, 2.52 GB free
   - Python Version: 3.12.5 (C:\Users\s1834431\AppData\Local\Programs\Python\Python312\python.exe)
   - GPU(s): Intel(R) UHD Graphics 770

Job: job_0005_n64
Timestamp (job start): 2026-02-26_16-18-11-600916
Total Time: 9.90 sec

+-------------------------------+------------+---------------+-------------+-----------+
| Step                          |   Time (s) |   Memory (MB) |   Disk (GB) |   CPU (%) |
+===============================+============+===============+=============+===========+
| Parsing                       | 0.00947857 |       136.398 |     941.182 |         0 |
+-------------------------------+------------+---------------+-------------+-----------+
| Element Instantiation         | 0.618823   |       136.398 |     941.185 |         0 |
+-------------------------------+------------+---------------+-------------+-----------+
| Element Stiffness Computation | 1.1321     |       136.496 |     941.187 |         0 |
+-------------------------------+------------+---------------+-------------+-----------+
| Element Force Computation     | 0.621767   |       136.496 |     941.187 |         0 |
+-------------------------------+------------+---------------+-------------+-----------+
| Full Simulation               | 6.89692    |       136.855 |     941.193 |         0 |
+-------------------------------+------------+---------------+-------------+-----------+

Parallel Jobs: None
Start Memory: 136.40 MB | End Memory: 136.86 MB
Start Disk Usage: 941.18 GB | End Disk Usage: 941.19 GB
Start CPU: 0.00% | End CPU: 0.00%
