2026-02-26 16:18:08,381 [DEBUG] 📁 Log file: c:\Users\s1834431\Programs\fem_model\post_processing\results\job_0005_n64_2026-02-26_16-18-01-501243_pid18316_546490a0\logs\SolveCondensedSystem.log (Module: solver, Line: 249)
2026-02-26 16:18:08,381 [DEBUG] Row/column scaling applied. (Module: solver, Line: 164)
2026-02-26 16:18:08,381 [DEBUG] Building ILU (drop_tol=1e-06, fill_factor=1.0) (Module: solver, Line: 77)
2026-02-26 16:18:08,381 [WARNING] Preconditioner 'ilu' failed (Factor is exactly singular); proceeding without it. (Module: solver, Line: 279)
2026-02-26 16:18:08,382 [INFO] Solver parameters • solver='cg', prec='None', K nnz=1648, dofs=384 (Module: solver, Line: 181)
2026-02-26 16:18:08,383 [INFO] Condensed condition estimate: 1.01e+00 (Module: solver, Line: 187)
2026-02-26 16:18:08,383 [DEBUG] Iter   10 | residual 8.390e-02 (Module: solver, Line: 328)
2026-02-26 16:18:08,383 [DEBUG] Iter   20 | residual 4.553e-02 (Module: solver, Line: 328)
2026-02-26 16:18:08,383 [DEBUG] Iter   30 | residual 1.754e-02 (Module: solver, Line: 328)
2026-02-26 16:18:08,384 [DEBUG] Iter   40 | residual 9.829e-03 (Module: solver, Line: 328)
2026-02-26 16:18:08,384 [DEBUG] Iter   50 | residual 5.382e-03 (Module: solver, Line: 328)
2026-02-26 16:18:08,384 [DEBUG] Iter   60 | residual 6.055e-03 (Module: solver, Line: 328)
2026-02-26 16:18:08,384 [DEBUG] Iter   70 | residual 4.830e-03 (Module: solver, Line: 328)
2026-02-26 16:18:08,385 [DEBUG] Iter   80 | residual 4.866e-03 (Module: solver, Line: 328)
2026-02-26 16:18:08,385 [DEBUG] Iter   90 | residual 6.117e-03 (Module: solver, Line: 328)
2026-02-26 16:18:08,385 [DEBUG] Iter  100 | residual 7.158e-03 (Module: solver, Line: 328)
2026-02-26 16:18:08,385 [DEBUG] Iter  110 | residual 6.300e-03 (Module: solver, Line: 328)
2026-02-26 16:18:08,385 [DEBUG] Iter  120 | residual 1.536e-02 (Module: solver, Line: 328)
2026-02-26 16:18:08,385 [DEBUG] Iter  130 | residual 1.511e-03 (Module: solver, Line: 328)
2026-02-26 16:18:08,385 [DEBUG] Iter  140 | residual 1.810e-03 (Module: solver, Line: 328)
2026-02-26 16:18:08,385 [DEBUG] Iter  150 | residual 3.217e-02 (Module: solver, Line: 328)
2026-02-26 16:18:08,385 [DEBUG] Iter  160 | residual 4.275e-03 (Module: solver, Line: 328)
2026-02-26 16:18:08,385 [DEBUG] Iter  170 | residual 1.028e-02 (Module: solver, Line: 328)
2026-02-26 16:18:08,385 [DEBUG] Iter  180 | residual 1.529e-03 (Module: solver, Line: 328)
2026-02-26 16:18:08,385 [DEBUG] Iter  190 | residual 1.834e-02 (Module: solver, Line: 328)
2026-02-26 16:18:08,385 [DEBUG] Iter  200 | residual 2.179e-02 (Module: solver, Line: 328)
2026-02-26 16:18:08,385 [DEBUG] Iter  210 | residual 1.312e-03 (Module: solver, Line: 328)
2026-02-26 16:18:08,385 [DEBUG] Iter  220 | residual 9.307e-04 (Module: solver, Line: 328)
2026-02-26 16:18:08,385 [DEBUG] Iter  230 | residual 2.359e-02 (Module: solver, Line: 328)
2026-02-26 16:18:08,385 [DEBUG] Iter  240 | residual 1.087e-02 (Module: solver, Line: 328)
2026-02-26 16:18:08,385 [DEBUG] Iter  250 | residual 1.072e-04 (Module: solver, Line: 328)
2026-02-26 16:18:08,385 [DEBUG] Iter  260 | residual 6.514e-06 (Module: solver, Line: 328)
2026-02-26 16:18:08,385 [DEBUG] Iter  270 | residual 1.801e-07 (Module: solver, Line: 328)
2026-02-26 16:18:08,385 [DEBUG] Iter  280 | residual 3.783e-08 (Module: solver, Line: 328)
2026-02-26 16:18:08,385 [DEBUG] Iter  290 | residual 4.209e-08 (Module: solver, Line: 328)
2026-02-26 16:18:08,390 [DEBUG] Iter  300 | residual 6.094e-09 (Module: solver, Line: 328)
2026-02-26 16:18:08,390 [DEBUG] Iter  310 | residual 1.873e-09 (Module: solver, Line: 328)
2026-02-26 16:18:08,390 [DEBUG] Iter  320 | residual 1.466e-09 (Module: solver, Line: 328)
2026-02-26 16:18:08,390 [DEBUG] Iter  330 | residual 2.106e-10 (Module: solver, Line: 328)
2026-02-26 16:18:08,390 [INFO] Condensed residual norm: 8.409e-03 (Module: solver, Line: 204)
2026-02-26 16:18:08,390 [WARNING] Residual is high – verify model! (Module: solver, Line: 207)
2026-02-26 16:18:08,390 [INFO] 📊 Condensed solver report: (Module: solver, Line: 384)
2026-02-26 16:18:08,390 [INFO]  • dofs: 384 (Module: solver, Line: 386)
2026-02-26 16:18:08,390 [INFO]  • nnz: 1648 (Module: solver, Line: 386)
2026-02-26 16:18:08,390 [INFO]  • density: 0.011176215277777778 (Module: solver, Line: 386)
2026-02-26 16:18:08,390 [INFO]  • condition_est: 1.011501195508861 (Module: solver, Line: 386)
2026-02-26 16:18:08,390 [INFO]  • solve_phases: {'iterative': 0.007595699999910721} (Module: solver, Line: 386)
2026-02-26 16:18:08,390 [INFO]  • iters: 334 (Module: solver, Line: 386)
2026-02-26 16:18:08,391 [INFO]  • final_residual: 5.494464732131922e-11 (Module: solver, Line: 386)
