Machine Specifications:
   - OS: Windows 11 (10.0.26100)
       • Logical cores: 20
       • Physical cores: 12
   - RAM: 31.24 GB
   - Disk: 943.72 GB total, 2.61 GB free
   - Python Version: 3.12.5 (C:\Users\s1834431\AppData\Local\Programs\Python\Python312\python.exe)
   - GPU(s): Intel(R) UHD Graphics 770

Job: job_0002_n32
Timestamp (job start): 2026-02-26_16-17-05-571957
Total Time: 6.92 sec

+-------------------------------+------------+---------------+-------------+-----------+
| Step                          |   Time (s) |   Memory (MB) |   Disk (GB) |   CPU (%) |
+===============================+============+===============+=============+===========+
| Parsing                       | 0.00506115 |       130.395 |     941.108 |         0 |
+-------------------------------+------------+---------------+-------------+-----------+
| Element Instantiation         | 0.02618    |       130.395 |     941.108 |         0 |
+-------------------------------+------------+---------------+-------------+-----------+
| Element Stiffness Computation | 0.132823   |       130.395 |     941.109 |         0 |
+-------------------------------+------------+---------------+-------------+-----------+
| Element Force Computation     | 0.0153387  |       130.395 |     941.109 |         0 |
+-------------------------------+------------+---------------+-------------+-----------+
| Full Simulation               | 6.12985    |       130.895 |     941.109 |         0 |
+-------------------------------+------------+---------------+-------------+-----------+

Parallel Jobs: None
Start Memory: 130.39 MB | End Memory: 130.89 MB
Start Disk Usage: 941.11 GB | End Disk Usage: 941.11 GB
Start CPU: 0.00% | End CPU: 0.00%
