2026-02-26 16:17:02,626 [DEBUG] 📁 Log file: c:\Users\s1834431\Programs\fem_model\post_processing\results\job_0002_n32_2026-02-26_16-16-58-458289_pid18316_77e96caf\logs\SolveCondensedSystem.log (Module: solver, Line: 249)
2026-02-26 16:17:02,627 [DEBUG] Row/column scaling applied. (Module: solver, Line: 164)
2026-02-26 16:17:02,627 [DEBUG] Building ILU (drop_tol=1e-06, fill_factor=1.0) (Module: solver, Line: 77)
2026-02-26 16:17:02,627 [DEBUG] ILU fill-ratio = 1.01 (Module: solver, Line: 82)
2026-02-26 16:17:02,627 [INFO] Solver parameters • solver='cg', prec='auto', K nnz=816, dofs=192 (Module: solver, Line: 181)
2026-02-26 16:17:02,627 [INFO] Condensed condition estimate: 1.02e+00 (Module: solver, Line: 187)
2026-02-26 16:17:02,627 [DEBUG] Iter   10 | residual 1.178e-02 (Module: solver, Line: 328)
2026-02-26 16:17:02,627 [DEBUG] Iter   20 | residual 1.071e-02 (Module: solver, Line: 328)
2026-02-26 16:17:02,627 [DEBUG] Iter   30 | residual 1.103e-02 (Module: solver, Line: 328)
2026-02-26 16:17:02,627 [DEBUG] Iter   40 | residual 1.236e-02 (Module: solver, Line: 328)
2026-02-26 16:17:02,627 [DEBUG] Iter   50 | residual 1.262e-02 (Module: solver, Line: 328)
2026-02-26 16:17:02,627 [DEBUG] Iter   60 | residual 1.231e-02 (Module: solver, Line: 328)
2026-02-26 16:17:02,627 [DEBUG] Iter   70 | residual 1.198e-02 (Module: solver, Line: 328)
2026-02-26 16:17:02,627 [DEBUG] Iter   80 | residual 1.180e-02 (Module: solver, Line: 328)
2026-02-26 16:17:02,627 [DEBUG] Iter   90 | residual 1.181e-02 (Module: solver, Line: 328)
2026-02-26 16:17:02,631 [DEBUG] Iter  100 | residual 1.196e-02 (Module: solver, Line: 328)
2026-02-26 16:17:02,631 [DEBUG] Iter  110 | residual 1.220e-02 (Module: solver, Line: 328)
2026-02-26 16:17:02,631 [DEBUG] Iter  120 | residual 1.248e-02 (Module: solver, Line: 328)
2026-02-26 16:17:02,631 [DEBUG] Iter  130 | residual 1.277e-02 (Module: solver, Line: 328)
2026-02-26 16:17:02,631 [DEBUG] Iter  140 | residual 1.304e-02 (Module: solver, Line: 328)
2026-02-26 16:17:02,631 [DEBUG] Iter  150 | residual 1.328e-02 (Module: solver, Line: 328)
2026-02-26 16:17:02,631 [DEBUG] Iter  160 | residual 1.348e-02 (Module: solver, Line: 328)
2026-02-26 16:17:02,633 [DEBUG] Iter  170 | residual 1.364e-02 (Module: solver, Line: 328)
2026-02-26 16:17:02,633 [DEBUG] Iter  180 | residual 1.376e-02 (Module: solver, Line: 328)
2026-02-26 16:17:02,633 [DEBUG] Iter  190 | residual 1.384e-02 (Module: solver, Line: 328)
2026-02-26 16:17:02,633 [DEBUG] Iter  200 | residual 1.390e-02 (Module: solver, Line: 328)
2026-02-26 16:17:02,633 [DEBUG] Iter  210 | residual 1.392e-02 (Module: solver, Line: 328)
2026-02-26 16:17:02,633 [DEBUG] Iter  220 | residual 1.393e-02 (Module: solver, Line: 328)
2026-02-26 16:17:02,633 [DEBUG] Iter  230 | residual 1.391e-02 (Module: solver, Line: 328)
2026-02-26 16:17:02,635 [DEBUG] Iter  240 | residual 1.389e-02 (Module: solver, Line: 328)
2026-02-26 16:17:02,635 [DEBUG] Iter  250 | residual 1.386e-02 (Module: solver, Line: 328)
2026-02-26 16:17:02,635 [DEBUG] Iter  260 | residual 1.382e-02 (Module: solver, Line: 328)
2026-02-26 16:17:02,635 [DEBUG] Iter  270 | residual 1.378e-02 (Module: solver, Line: 328)
2026-02-26 16:17:02,635 [DEBUG] Iter  280 | residual 1.373e-02 (Module: solver, Line: 328)
2026-02-26 16:17:02,635 [DEBUG] Iter  290 | residual 1.370e-02 (Module: solver, Line: 328)
2026-02-26 16:17:02,637 [DEBUG] Iter  300 | residual 1.366e-02 (Module: solver, Line: 328)
2026-02-26 16:17:02,637 [DEBUG] Iter  310 | residual 1.363e-02 (Module: solver, Line: 328)
2026-02-26 16:17:02,637 [DEBUG] Iter  320 | residual 1.360e-02 (Module: solver, Line: 328)
2026-02-26 16:17:02,637 [DEBUG] Iter  330 | residual 1.358e-02 (Module: solver, Line: 328)
2026-02-26 16:17:02,637 [DEBUG] Iter  340 | residual 1.356e-02 (Module: solver, Line: 328)
2026-02-26 16:17:02,637 [DEBUG] Iter  350 | residual 1.355e-02 (Module: solver, Line: 328)
2026-02-26 16:17:02,637 [DEBUG] Iter  360 | residual 1.354e-02 (Module: solver, Line: 328)
2026-02-26 16:17:02,639 [DEBUG] Iter  370 | residual 1.354e-02 (Module: solver, Line: 328)
2026-02-26 16:17:02,639 [DEBUG] Iter  380 | residual 1.355e-02 (Module: solver, Line: 328)
2026-02-26 16:17:02,639 [DEBUG] Iter  390 | residual 1.356e-02 (Module: solver, Line: 328)
2026-02-26 16:17:02,639 [DEBUG] Iter  400 | residual 1.358e-02 (Module: solver, Line: 328)
2026-02-26 16:17:02,639 [DEBUG] Iter  410 | residual 1.359e-02 (Module: solver, Line: 328)
2026-02-26 16:17:02,639 [DEBUG] Iter  420 | residual 1.362e-02 (Module: solver, Line: 328)
2026-02-26 16:17:02,639 [DEBUG] Iter  430 | residual 1.365e-02 (Module: solver, Line: 328)
2026-02-26 16:17:02,642 [DEBUG] Iter  440 | residual 1.368e-02 (Module: solver, Line: 328)
2026-02-26 16:17:02,642 [DEBUG] Iter  450 | residual 1.371e-02 (Module: solver, Line: 328)
2026-02-26 16:17:02,642 [DEBUG] Iter  460 | residual 1.375e-02 (Module: solver, Line: 328)
2026-02-26 16:17:02,643 [DEBUG] Iter  470 | residual 1.379e-02 (Module: solver, Line: 328)
2026-02-26 16:17:02,643 [DEBUG] Iter  480 | residual 1.383e-02 (Module: solver, Line: 328)
2026-02-26 16:17:02,643 [DEBUG] Iter  490 | residual 1.387e-02 (Module: solver, Line: 328)
2026-02-26 16:17:02,644 [DEBUG] Iter  500 | residual 1.391e-02 (Module: solver, Line: 328)
2026-02-26 16:17:02,644 [DEBUG] Iter  510 | residual 1.396e-02 (Module: solver, Line: 328)
2026-02-26 16:17:02,644 [DEBUG] Iter  520 | residual 1.400e-02 (Module: solver, Line: 328)
2026-02-26 16:17:02,644 [DEBUG] Iter  530 | residual 1.405e-02 (Module: solver, Line: 328)
2026-02-26 16:17:02,645 [DEBUG] Iter  540 | residual 1.410e-02 (Module: solver, Line: 328)
2026-02-26 16:17:02,645 [DEBUG] Iter  550 | residual 1.414e-02 (Module: solver, Line: 328)
2026-02-26 16:17:02,646 [DEBUG] Iter  560 | residual 1.419e-02 (Module: solver, Line: 328)
2026-02-26 16:17:02,646 [DEBUG] Iter  570 | residual 1.424e-02 (Module: solver, Line: 328)
2026-02-26 16:17:02,647 [DEBUG] Iter  580 | residual 1.428e-02 (Module: solver, Line: 328)
2026-02-26 16:17:02,647 [DEBUG] Iter  590 | residual 1.433e-02 (Module: solver, Line: 328)
2026-02-26 16:17:02,648 [DEBUG] Iter  600 | residual 1.437e-02 (Module: solver, Line: 328)
2026-02-26 16:17:02,648 [DEBUG] Iter  610 | residual 1.442e-02 (Module: solver, Line: 328)
2026-02-26 16:17:02,648 [DEBUG] Iter  620 | residual 1.446e-02 (Module: solver, Line: 328)
2026-02-26 16:17:02,649 [DEBUG] Iter  630 | residual 1.450e-02 (Module: solver, Line: 328)
2026-02-26 16:17:02,649 [DEBUG] Iter  640 | residual 1.454e-02 (Module: solver, Line: 328)
2026-02-26 16:17:02,649 [DEBUG] Iter  650 | residual 1.458e-02 (Module: solver, Line: 328)
2026-02-26 16:17:02,650 [DEBUG] Iter  660 | residual 1.462e-02 (Module: solver, Line: 328)
2026-02-26 16:17:02,650 [DEBUG] Iter  670 | residual 1.466e-02 (Module: solver, Line: 328)
2026-02-26 16:17:02,650 [DEBUG] Iter  680 | residual 1.470e-02 (Module: solver, Line: 328)
2026-02-26 16:17:02,650 [DEBUG] Iter  690 | residual 1.473e-02 (Module: solver, Line: 328)
2026-02-26 16:17:02,651 [DEBUG] Iter  700 | residual 1.477e-02 (Module: solver, Line: 328)
2026-02-26 16:17:02,651 [DEBUG] Iter  710 | residual 1.480e-02 (Module: solver, Line: 328)
2026-02-26 16:17:02,651 [DEBUG] Iter  720 | residual 1.483e-02 (Module: solver, Line: 328)
2026-02-26 16:17:02,652 [DEBUG] Iter  730 | residual 1.486e-02 (Module: solver, Line: 328)
2026-02-26 16:17:02,652 [DEBUG] Iter  740 | residual 1.489e-02 (Module: solver, Line: 328)
2026-02-26 16:17:02,652 [DEBUG] Iter  750 | residual 1.492e-02 (Module: solver, Line: 328)
2026-02-26 16:17:02,653 [DEBUG] Iter  760 | residual 1.495e-02 (Module: solver, Line: 328)
2026-02-26 16:17:02,653 [DEBUG] Iter  770 | residual 1.497e-02 (Module: solver, Line: 328)
2026-02-26 16:17:02,653 [DEBUG] Iter  780 | residual 1.500e-02 (Module: solver, Line: 328)
2026-02-26 16:17:02,653 [DEBUG] Iter  790 | residual 1.502e-02 (Module: solver, Line: 328)
2026-02-26 16:17:02,653 [DEBUG] Iter  800 | residual 1.504e-02 (Module: solver, Line: 328)
2026-02-26 16:17:02,653 [DEBUG] Iter  810 | residual 1.506e-02 (Module: solver, Line: 328)
2026-02-26 16:17:02,653 [DEBUG] Iter  820 | residual 1.508e-02 (Module: solver, Line: 328)
2026-02-26 16:17:02,653 [DEBUG] Iter  830 | residual 1.510e-02 (Module: solver, Line: 328)
2026-02-26 16:17:02,653 [DEBUG] Iter  840 | residual 1.511e-02 (Module: solver, Line: 328)
2026-02-26 16:17:02,653 [DEBUG] Iter  850 | residual 1.513e-02 (Module: solver, Line: 328)
2026-02-26 16:17:02,653 [DEBUG] Iter  860 | residual 1.514e-02 (Module: solver, Line: 328)
2026-02-26 16:17:02,653 [DEBUG] Iter  870 | residual 1.516e-02 (Module: solver, Line: 328)
2026-02-26 16:17:02,653 [DEBUG] Iter  880 | residual 1.517e-02 (Module: solver, Line: 328)
2026-02-26 16:17:02,657 [DEBUG] Iter  890 | residual 1.518e-02 (Module: solver, Line: 328)
2026-02-26 16:17:02,657 [DEBUG] Iter  900 | residual 1.519e-02 (Module: solver, Line: 328)
2026-02-26 16:17:02,657 [DEBUG] Iter  910 | residual 1.520e-02 (Module: solver, Line: 328)
2026-02-26 16:17:02,657 [DEBUG] Iter  920 | residual 1.521e-02 (Module: solver, Line: 328)
2026-02-26 16:17:02,657 [DEBUG] Iter  930 | residual 1.522e-02 (Module: solver, Line: 328)
2026-02-26 16:17:02,657 [DEBUG] Iter  940 | residual 1.523e-02 (Module: solver, Line: 328)
2026-02-26 16:17:02,657 [DEBUG] Iter  950 | residual 1.523e-02 (Module: solver, Line: 328)
2026-02-26 16:17:02,659 [DEBUG] Iter  960 | residual 1.524e-02 (Module: solver, Line: 328)
2026-02-26 16:17:02,659 [DEBUG] Iter  970 | residual 1.524e-02 (Module: solver, Line: 328)
2026-02-26 16:17:02,659 [DEBUG] Iter  980 | residual 1.525e-02 (Module: solver, Line: 328)
2026-02-26 16:17:02,660 [DEBUG] Iter  990 | residual 1.525e-02 (Module: solver, Line: 328)
2026-02-26 16:17:02,660 [DEBUG] Iter 1000 | residual 1.525e-02 (Module: solver, Line: 328)
2026-02-26 16:17:02,660 [WARNING] Solver info=1000 (not converged). (Module: solver, Line: 344)
2026-02-26 16:17:02,660 [INFO] Retrying with ILU preconditioner … (Module: solver, Line: 351)
2026-02-26 16:17:02,660 [DEBUG] Building ILU (drop_tol=1e-06, fill_factor=1.0) (Module: solver, Line: 77)
2026-02-26 16:17:02,660 [DEBUG] ILU fill-ratio = 1.01 (Module: solver, Line: 82)
2026-02-26 16:17:02,660 [DEBUG] Iter 1010 | residual 1.178e-02 (Module: solver, Line: 328)
2026-02-26 16:17:02,660 [DEBUG] Iter 1020 | residual 1.071e-02 (Module: solver, Line: 328)
2026-02-26 16:17:02,660 [DEBUG] Iter 1030 | residual 1.103e-02 (Module: solver, Line: 328)
2026-02-26 16:17:02,660 [DEBUG] Iter 1040 | residual 1.236e-02 (Module: solver, Line: 328)
2026-02-26 16:17:02,660 [DEBUG] Iter 1050 | residual 1.262e-02 (Module: solver, Line: 328)
2026-02-26 16:17:02,660 [DEBUG] Iter 1060 | residual 1.231e-02 (Module: solver, Line: 328)
2026-02-26 16:17:02,660 [DEBUG] Iter 1070 | residual 1.198e-02 (Module: solver, Line: 328)
2026-02-26 16:17:02,665 [DEBUG] Iter 1080 | residual 1.180e-02 (Module: solver, Line: 328)
2026-02-26 16:17:02,665 [DEBUG] Iter 1090 | residual 1.181e-02 (Module: solver, Line: 328)
2026-02-26 16:17:02,665 [DEBUG] Iter 1100 | residual 1.196e-02 (Module: solver, Line: 328)
2026-02-26 16:17:02,665 [DEBUG] Iter 1110 | residual 1.220e-02 (Module: solver, Line: 328)
2026-02-26 16:17:02,665 [DEBUG] Iter 1120 | residual 1.248e-02 (Module: solver, Line: 328)
2026-02-26 16:17:02,665 [DEBUG] Iter 1130 | residual 1.277e-02 (Module: solver, Line: 328)
2026-02-26 16:17:02,665 [DEBUG] Iter 1140 | residual 1.304e-02 (Module: solver, Line: 328)
2026-02-26 16:17:02,667 [DEBUG] Iter 1150 | residual 1.328e-02 (Module: solver, Line: 328)
2026-02-26 16:17:02,667 [DEBUG] Iter 1160 | residual 1.348e-02 (Module: solver, Line: 328)
2026-02-26 16:17:02,667 [DEBUG] Iter 1170 | residual 1.364e-02 (Module: solver, Line: 328)
2026-02-26 16:17:02,667 [DEBUG] Iter 1180 | residual 1.376e-02 (Module: solver, Line: 328)
2026-02-26 16:17:02,667 [DEBUG] Iter 1190 | residual 1.384e-02 (Module: solver, Line: 328)
2026-02-26 16:17:02,667 [DEBUG] Iter 1200 | residual 1.390e-02 (Module: solver, Line: 328)
2026-02-26 16:17:02,669 [DEBUG] Iter 1210 | residual 1.392e-02 (Module: solver, Line: 328)
2026-02-26 16:17:02,669 [DEBUG] Iter 1220 | residual 1.393e-02 (Module: solver, Line: 328)
2026-02-26 16:17:02,669 [DEBUG] Iter 1230 | residual 1.391e-02 (Module: solver, Line: 328)
2026-02-26 16:17:02,669 [DEBUG] Iter 1240 | residual 1.389e-02 (Module: solver, Line: 328)
2026-02-26 16:17:02,669 [DEBUG] Iter 1250 | residual 1.386e-02 (Module: solver, Line: 328)
2026-02-26 16:17:02,669 [DEBUG] Iter 1260 | residual 1.382e-02 (Module: solver, Line: 328)
2026-02-26 16:17:02,669 [DEBUG] Iter 1270 | residual 1.378e-02 (Module: solver, Line: 328)
2026-02-26 16:17:02,669 [DEBUG] Iter 1280 | residual 1.373e-02 (Module: solver, Line: 328)
2026-02-26 16:17:02,671 [DEBUG] Iter 1290 | residual 1.370e-02 (Module: solver, Line: 328)
2026-02-26 16:17:02,671 [DEBUG] Iter 1300 | residual 1.366e-02 (Module: solver, Line: 328)
2026-02-26 16:17:02,671 [DEBUG] Iter 1310 | residual 1.363e-02 (Module: solver, Line: 328)
2026-02-26 16:17:02,671 [DEBUG] Iter 1320 | residual 1.360e-02 (Module: solver, Line: 328)
2026-02-26 16:17:02,671 [DEBUG] Iter 1330 | residual 1.358e-02 (Module: solver, Line: 328)
2026-02-26 16:17:02,671 [DEBUG] Iter 1340 | residual 1.356e-02 (Module: solver, Line: 328)
2026-02-26 16:17:02,671 [DEBUG] Iter 1350 | residual 1.355e-02 (Module: solver, Line: 328)
2026-02-26 16:17:02,673 [DEBUG] Iter 1360 | residual 1.354e-02 (Module: solver, Line: 328)
2026-02-26 16:17:02,673 [DEBUG] Iter 1370 | residual 1.354e-02 (Module: solver, Line: 328)
2026-02-26 16:17:02,673 [DEBUG] Iter 1380 | residual 1.355e-02 (Module: solver, Line: 328)
2026-02-26 16:17:02,673 [DEBUG] Iter 1390 | residual 1.356e-02 (Module: solver, Line: 328)
2026-02-26 16:17:02,673 [DEBUG] Iter 1400 | residual 1.358e-02 (Module: solver, Line: 328)
2026-02-26 16:17:02,673 [DEBUG] Iter 1410 | residual 1.359e-02 (Module: solver, Line: 328)
2026-02-26 16:17:02,675 [DEBUG] Iter 1420 | residual 1.362e-02 (Module: solver, Line: 328)
2026-02-26 16:17:02,675 [DEBUG] Iter 1430 | residual 1.365e-02 (Module: solver, Line: 328)
2026-02-26 16:17:02,676 [DEBUG] Iter 1440 | residual 1.368e-02 (Module: solver, Line: 328)
2026-02-26 16:17:02,676 [DEBUG] Iter 1450 | residual 1.371e-02 (Module: solver, Line: 328)
2026-02-26 16:17:02,677 [DEBUG] Iter 1460 | residual 1.375e-02 (Module: solver, Line: 328)
2026-02-26 16:17:02,677 [DEBUG] Iter 1470 | residual 1.379e-02 (Module: solver, Line: 328)
2026-02-26 16:17:02,677 [DEBUG] Iter 1480 | residual 1.383e-02 (Module: solver, Line: 328)
2026-02-26 16:17:02,677 [DEBUG] Iter 1490 | residual 1.387e-02 (Module: solver, Line: 328)
2026-02-26 16:17:02,678 [DEBUG] Iter 1500 | residual 1.391e-02 (Module: solver, Line: 328)
2026-02-26 16:17:02,678 [DEBUG] Iter 1510 | residual 1.396e-02 (Module: solver, Line: 328)
2026-02-26 16:17:02,679 [DEBUG] Iter 1520 | residual 1.400e-02 (Module: solver, Line: 328)
2026-02-26 16:17:02,679 [DEBUG] Iter 1530 | residual 1.405e-02 (Module: solver, Line: 328)
2026-02-26 16:17:02,679 [DEBUG] Iter 1540 | residual 1.410e-02 (Module: solver, Line: 328)
2026-02-26 16:17:02,679 [DEBUG] Iter 1550 | residual 1.414e-02 (Module: solver, Line: 328)
2026-02-26 16:17:02,680 [DEBUG] Iter 1560 | residual 1.419e-02 (Module: solver, Line: 328)
2026-02-26 16:17:02,680 [DEBUG] Iter 1570 | residual 1.424e-02 (Module: solver, Line: 328)
2026-02-26 16:17:02,680 [DEBUG] Iter 1580 | residual 1.428e-02 (Module: solver, Line: 328)
2026-02-26 16:17:02,681 [DEBUG] Iter 1590 | residual 1.433e-02 (Module: solver, Line: 328)
2026-02-26 16:17:02,681 [DEBUG] Iter 1600 | residual 1.437e-02 (Module: solver, Line: 328)
2026-02-26 16:17:02,681 [DEBUG] Iter 1610 | residual 1.442e-02 (Module: solver, Line: 328)
2026-02-26 16:17:02,682 [DEBUG] Iter 1620 | residual 1.446e-02 (Module: solver, Line: 328)
2026-02-26 16:17:02,682 [DEBUG] Iter 1630 | residual 1.450e-02 (Module: solver, Line: 328)
2026-02-26 16:17:02,682 [DEBUG] Iter 1640 | residual 1.454e-02 (Module: solver, Line: 328)
2026-02-26 16:17:02,683 [DEBUG] Iter 1650 | residual 1.458e-02 (Module: solver, Line: 328)
2026-02-26 16:17:02,683 [DEBUG] Iter 1660 | residual 1.462e-02 (Module: solver, Line: 328)
2026-02-26 16:17:02,683 [DEBUG] Iter 1670 | residual 1.466e-02 (Module: solver, Line: 328)
2026-02-26 16:17:02,683 [DEBUG] Iter 1680 | residual 1.470e-02 (Module: solver, Line: 328)
2026-02-26 16:17:02,684 [DEBUG] Iter 1690 | residual 1.473e-02 (Module: solver, Line: 328)
2026-02-26 16:17:02,684 [DEBUG] Iter 1700 | residual 1.477e-02 (Module: solver, Line: 328)
2026-02-26 16:17:02,684 [DEBUG] Iter 1710 | residual 1.480e-02 (Module: solver, Line: 328)
2026-02-26 16:17:02,685 [DEBUG] Iter 1720 | residual 1.483e-02 (Module: solver, Line: 328)
2026-02-26 16:17:02,685 [DEBUG] Iter 1730 | residual 1.486e-02 (Module: solver, Line: 328)
2026-02-26 16:17:02,685 [DEBUG] Iter 1740 | residual 1.489e-02 (Module: solver, Line: 328)
2026-02-26 16:17:02,686 [DEBUG] Iter 1750 | residual 1.492e-02 (Module: solver, Line: 328)
2026-02-26 16:17:02,686 [DEBUG] Iter 1760 | residual 1.495e-02 (Module: solver, Line: 328)
2026-02-26 16:17:02,686 [DEBUG] Iter 1770 | residual 1.497e-02 (Module: solver, Line: 328)
2026-02-26 16:17:02,686 [DEBUG] Iter 1780 | residual 1.500e-02 (Module: solver, Line: 328)
2026-02-26 16:17:02,687 [DEBUG] Iter 1790 | residual 1.502e-02 (Module: solver, Line: 328)
2026-02-26 16:17:02,687 [DEBUG] Iter 1800 | residual 1.504e-02 (Module: solver, Line: 328)
2026-02-26 16:17:02,687 [DEBUG] Iter 1810 | residual 1.506e-02 (Module: solver, Line: 328)
2026-02-26 16:17:02,688 [DEBUG] Iter 1820 | residual 1.508e-02 (Module: solver, Line: 328)
2026-02-26 16:17:02,688 [DEBUG] Iter 1830 | residual 1.510e-02 (Module: solver, Line: 328)
2026-02-26 16:17:02,688 [DEBUG] Iter 1840 | residual 1.511e-02 (Module: solver, Line: 328)
2026-02-26 16:17:02,689 [DEBUG] Iter 1850 | residual 1.513e-02 (Module: solver, Line: 328)
2026-02-26 16:17:02,689 [DEBUG] Iter 1860 | residual 1.514e-02 (Module: solver, Line: 328)
2026-02-26 16:17:02,689 [DEBUG] Iter 1870 | residual 1.516e-02 (Module: solver, Line: 328)
2026-02-26 16:17:02,690 [DEBUG] Iter 1880 | residual 1.517e-02 (Module: solver, Line: 328)
2026-02-26 16:17:02,690 [DEBUG] Iter 1890 | residual 1.518e-02 (Module: solver, Line: 328)
2026-02-26 16:17:02,690 [DEBUG] Iter 1900 | residual 1.519e-02 (Module: solver, Line: 328)
2026-02-26 16:17:02,690 [DEBUG] Iter 1910 | residual 1.520e-02 (Module: solver, Line: 328)
2026-02-26 16:17:02,691 [DEBUG] Iter 1920 | residual 1.521e-02 (Module: solver, Line: 328)
2026-02-26 16:17:02,691 [DEBUG] Iter 1930 | residual 1.522e-02 (Module: solver, Line: 328)
2026-02-26 16:17:02,691 [DEBUG] Iter 1940 | residual 1.523e-02 (Module: solver, Line: 328)
2026-02-26 16:17:02,692 [DEBUG] Iter 1950 | residual 1.523e-02 (Module: solver, Line: 328)
2026-02-26 16:17:02,692 [DEBUG] Iter 1960 | residual 1.524e-02 (Module: solver, Line: 328)
2026-02-26 16:17:02,692 [DEBUG] Iter 1970 | residual 1.524e-02 (Module: solver, Line: 328)
2026-02-26 16:17:02,693 [DEBUG] Iter 1980 | residual 1.525e-02 (Module: solver, Line: 328)
2026-02-26 16:17:02,693 [DEBUG] Iter 1990 | residual 1.525e-02 (Module: solver, Line: 328)
2026-02-26 16:17:02,693 [DEBUG] Iter 2000 | residual 1.525e-02 (Module: solver, Line: 328)
2026-02-26 16:17:02,693 [WARNING] Solver info=1000 (not converged). (Module: solver, Line: 344)
2026-02-26 16:17:02,693 [INFO] Switching to direct SuperLU fall-back. (Module: solver, Line: 359)
2026-02-26 16:17:02,693 [DEBUG] Using SuperLU direct solver (Module: solver, Line: 306)
2026-02-26 16:17:02,693 [INFO] Condensed residual norm: 2.645e-03 (Module: solver, Line: 204)
2026-02-26 16:17:02,693 [WARNING] Residual is high – verify model! (Module: solver, Line: 207)
2026-02-26 16:17:02,693 [INFO] 📊 Condensed solver report: (Module: solver, Line: 384)
2026-02-26 16:17:02,693 [INFO]  • dofs: 192 (Module: solver, Line: 386)
2026-02-26 16:17:02,693 [INFO]  • nnz: 816 (Module: solver, Line: 386)
2026-02-26 16:17:02,693 [INFO]  • density: 0.022135416666666668 (Module: solver, Line: 386)
2026-02-26 16:17:02,693 [INFO]  • condition_est: 1.0217875013780005 (Module: solver, Line: 386)
2026-02-26 16:17:02,693 [INFO]  • solve_phases: {'iterative': 0.03187499999967258, 'factorization': 0.00032129999999597203, 'solution': 0.0003485999995973543} (Module: solver, Line: 386)
2026-02-26 16:17:02,693 [INFO]  • iters: 2000 (Module: solver, Line: 386)
2026-02-26 16:17:02,693 [INFO]  • final_residual: 0.015253201245715928 (Module: solver, Line: 386)
