--------------------------------------------------------------------------
Machine specifications – written 2026-02-26 16:17:26.281854
OS          : Windows 11 (10.0.26100)
CPU         : 12th Gen Intel(R) Core(TM) i7-12700
   logical  : 20
   physical : 12
RAM         : 31.24 GB
Disk        : 943.72 GB total  /  2.58 GB free
Python      : 3.12.5  (C:\Users\s1834431\AppData\Local\Programs\Python\Python312\python.exe)
GPU(s)      : Intel(R) UHD Graphics 770
--------------------------------------------------------------------------

Runtime telemetry header written → C:\Users\s1834431\Programs\fem_model\post_processing\results\job_0003_n8_2026-02-26_16-17-24-240042_pid18316_ea1f83f6\diagnostics\RuntimeMonitorTelemetry.log
2026-02-26 16:17:26 │ PrepareLocalSystem BEGIN   │ Δt  0.00 s │ RAM   133.3 MB │ CPU  20.2 % │ Disk  941.1 GB
2026-02-26 16:17:26 │ PrepareLocalSystem END     │ Δt  0.20 s │ RAM   133.3 MB │ CPU  22.7 % │ Disk  941.1 GB
2026-02-26 16:17:26 │ AssembleGlobalSystem BEGIN │ Δt  0.20 s │ RAM   133.3 MB │ CPU  28.4 % │ Disk  941.1 GB
2026-02-26 16:17:27 │ AssembleGlobalSystem END   │ Δt  0.21 s │ RAM   133.4 MB │ CPU  19.7 % │ Disk  941.1 GB
2026-02-26 16:17:27 │ ModifyGlobalSystem BEGIN   │ Δt  0.20 s │ RAM   133.4 MB │ CPU  15.1 % │ Disk  941.1 GB
2026-02-26 16:17:27 │ ModifyGlobalSystem END     │ Δt  0.21 s │ RAM   133.4 MB │ CPU  17.1 % │ Disk  941.1 GB
2026-02-26 16:17:27 │ CondenseModifiedSystem BEGIN │ Δt  0.20 s │ RAM   133.4 MB │ CPU   9.7 % │ Disk  941.1 GB
2026-02-26 16:17:28 │ CondenseModifiedSystem END │ Δt  0.21 s │ RAM   133.6 MB │ CPU  10.7 % │ Disk  941.1 GB
2026-02-26 16:17:28 │ SolveCondensedSystem BEGIN │ Δt  0.20 s │ RAM   133.6 MB │ CPU  10.0 % │ Disk  941.1 GB
2026-02-26 16:17:28 │ SolveCondensedSystem END   │ Δt  0.26 s │ RAM   133.6 MB │ CPU  10.4 % │ Disk  941.1 GB
2026-02-26 16:17:28 │ ReconstructGlobalSystem BEGIN │ Δt  0.20 s │ RAM   133.6 MB │ CPU  17.7 % │ Disk  941.1 GB
2026-02-26 16:17:28 │ ReconstructGlobalSystem END │ Δt  0.20 s │ RAM   133.6 MB │ CPU  14.9 % │ Disk  941.1 GB
2026-02-26 16:17:29 │ ComputePrimaryResults BEGIN │ Δt  0.20 s │ RAM   133.6 MB │ CPU   9.6 % │ Disk  941.1 GB
2026-02-26 16:17:29 │ ComputePrimaryResults END  │ Δt  0.25 s │ RAM   133.6 MB │ CPU   7.9 % │ Disk  941.1 GB
2026-02-26 16:17:29 │ SaveFormulationCache BEGIN │ Δt  0.20 s │ RAM   133.6 MB │ CPU  20.3 % │ Disk  941.1 GB
2026-02-26 16:17:29 │ SaveFormulationCache END   │ Δt  0.23 s │ RAM   133.6 MB │ CPU  16.7 % │ Disk  941.1 GB
2026-02-26 16:17:29 │ ComputeSecondaryResults BEGIN │ Δt  0.20 s │ RAM   133.6 MB │ CPU  35.4 % │ Disk  941.1 GB
2026-02-26 16:17:30 │ ComputeSecondaryResults END │ Δt  0.22 s │ RAM   133.6 MB │ CPU  24.0 % │ Disk  941.1 GB
2026-02-26 16:17:30 │ ComputeTertiaryResults BEGIN │ Δt  0.20 s │ RAM   133.6 MB │ CPU  15.6 % │ Disk  941.1 GB
2026-02-26 16:17:30 │ ComputeTertiaryResults END │ Δt  0.22 s │ RAM   133.6 MB │ CPU  14.5 % │ Disk  941.1 GB
