2026-02-26 16:17:54,199 [DEBUG] 📁 Log file created at: c:\Users\s1834431\Programs\fem_model\post_processing\results\job_0005_n128_2026-02-26_16-17-48-353941_pid18316_9d5e0a8f\logs\AssembleGlobalSystem.log (Module: assembly, Line: 91)
2026-02-26 16:17:54,200 [INFO] 🔧 Starting global matrix assembly... (Module: assembly, Line: 109)
2026-02-26 16:17:54,200 [DEBUG] Element 0 DOF mapping validated (Module: assembly, Line: 184)
2026-02-26 16:17:54,200 [DEBUG] Element 1 DOF mapping validated (Module: assembly, Line: 184)
2026-02-26 16:17:54,200 [DEBUG] Element 2 DOF mapping validated (Module: assembly, Line: 184)
2026-02-26 16:17:54,200 [DEBUG] Element 3 DOF mapping validated (Module: assembly, Line: 184)
2026-02-26 16:17:54,200 [DEBUG] Element 4 DOF mapping validated (Module: assembly, Line: 184)
2026-02-26 16:17:54,200 [DEBUG] Element 5 DOF mapping validated (Module: assembly, Line: 184)
2026-02-26 16:17:54,200 [DEBUG] Element 6 DOF mapping validated (Module: assembly, Line: 184)
2026-02-26 16:17:54,200 [DEBUG] Element 7 DOF mapping validated (Module: assembly, Line: 184)
2026-02-26 16:17:54,200 [DEBUG] Element 8 DOF mapping validated (Module: assembly, Line: 184)
2026-02-26 16:17:54,200 [DEBUG] Element 9 DOF mapping validated (Module: assembly, Line: 184)
2026-02-26 16:17:54,200 [DEBUG] Element 10 DOF mapping validated (Module: assembly, Line: 184)
2026-02-26 16:17:54,200 [DEBUG] Element 11 DOF mapping validated (Module: assembly, Line: 184)
2026-02-26 16:17:54,200 [DEBUG] Element 12 DOF mapping validated (Module: assembly, Line: 184)
2026-02-26 16:17:54,200 [DEBUG] Element 13 DOF mapping validated (Module: assembly, Line: 184)
2026-02-26 16:17:54,200 [DEBUG] Element 14 DOF mapping validated (Module: assembly, Line: 184)
2026-02-26 16:17:54,200 [DEBUG] Element 15 DOF mapping validated (Module: assembly, Line: 184)
2026-02-26 16:17:54,200 [DEBUG] Element 16 DOF mapping validated (Module: assembly, Line: 184)
2026-02-26 16:17:54,200 [DEBUG] Element 17 DOF mapping validated (Module: assembly, Line: 184)
2026-02-26 16:17:54,200 [DEBUG] Element 18 DOF mapping validated (Module: assembly, Line: 184)
2026-02-26 16:17:54,200 [DEBUG] Element 19 DOF mapping validated (Module: assembly, Line: 184)
2026-02-26 16:17:54,200 [DEBUG] Element 20 DOF mapping validated (Module: assembly, Line: 184)
2026-02-26 16:17:54,200 [DEBUG] Element 21 DOF mapping validated (Module: assembly, Line: 184)
2026-02-26 16:17:54,200 [DEBUG] Element 22 DOF mapping validated (Module: assembly, Line: 184)
2026-02-26 16:17:54,200 [DEBUG] Element 23 DOF mapping validated (Module: assembly, Line: 184)
2026-02-26 16:17:54,200 [DEBUG] Element 24 DOF mapping validated (Module: assembly, Line: 184)
2026-02-26 16:17:54,200 [DEBUG] Element 25 DOF mapping validated (Module: assembly, Line: 184)
2026-02-26 16:17:54,200 [DEBUG] Element 26 DOF mapping validated (Module: assembly, Line: 184)
2026-02-26 16:17:54,200 [DEBUG] Element 27 DOF mapping validated (Module: assembly, Line: 184)
2026-02-26 16:17:54,200 [DEBUG] Element 28 DOF mapping validated (Module: assembly, Line: 184)
2026-02-26 16:17:54,200 [DEBUG] Element 29 DOF mapping validated (Module: assembly, Line: 184)
2026-02-26 16:17:54,200 [DEBUG] Element 30 DOF mapping validated (Module: assembly, Line: 184)
2026-02-26 16:17:54,200 [DEBUG] Element 31 DOF mapping validated (Module: assembly, Line: 184)
2026-02-26 16:17:54,200 [DEBUG] Element 32 DOF mapping validated (Module: assembly, Line: 184)
2026-02-26 16:17:54,200 [DEBUG] Element 33 DOF mapping validated (Module: assembly, Line: 184)
2026-02-26 16:17:54,200 [DEBUG] Element 34 DOF mapping validated (Module: assembly, Line: 184)
2026-02-26 16:17:54,200 [DEBUG] Element 35 DOF mapping validated (Module: assembly, Line: 184)
2026-02-26 16:17:54,200 [DEBUG] Element 36 DOF mapping validated (Module: assembly, Line: 184)
2026-02-26 16:17:54,200 [DEBUG] Element 37 DOF mapping validated (Module: assembly, Line: 184)
2026-02-26 16:17:54,200 [DEBUG] Element 38 DOF mapping validated (Module: assembly, Line: 184)
2026-02-26 16:17:54,200 [DEBUG] Element 39 DOF mapping validated (Module: assembly, Line: 184)
2026-02-26 16:17:54,203 [DEBUG] Element 40 DOF mapping validated (Module: assembly, Line: 184)
2026-02-26 16:17:54,203 [DEBUG] Element 41 DOF mapping validated (Module: assembly, Line: 184)
2026-02-26 16:17:54,203 [DEBUG] Element 42 DOF mapping validated (Module: assembly, Line: 184)
2026-02-26 16:17:54,203 [DEBUG] Element 43 DOF mapping validated (Module: assembly, Line: 184)
2026-02-26 16:17:54,203 [DEBUG] Element 44 DOF mapping validated (Module: assembly, Line: 184)
2026-02-26 16:17:54,203 [DEBUG] Element 45 DOF mapping validated (Module: assembly, Line: 184)
2026-02-26 16:17:54,203 [DEBUG] Element 46 DOF mapping validated (Module: assembly, Line: 184)
2026-02-26 16:17:54,203 [DEBUG] Element 47 DOF mapping validated (Module: assembly, Line: 184)
2026-02-26 16:17:54,203 [DEBUG] Element 48 DOF mapping validated (Module: assembly, Line: 184)
2026-02-26 16:17:54,203 [DEBUG] Element 49 DOF mapping validated (Module: assembly, Line: 184)
2026-02-26 16:17:54,203 [DEBUG] Element 50 DOF mapping validated (Module: assembly, Line: 184)
2026-02-26 16:17:54,203 [DEBUG] Element 51 DOF mapping validated (Module: assembly, Line: 184)
2026-02-26 16:17:54,203 [DEBUG] Element 52 DOF mapping validated (Module: assembly, Line: 184)
2026-02-26 16:17:54,203 [DEBUG] Element 53 DOF mapping validated (Module: assembly, Line: 184)
2026-02-26 16:17:54,203 [DEBUG] Element 54 DOF mapping validated (Module: assembly, Line: 184)
2026-02-26 16:17:54,203 [DEBUG] Element 55 DOF mapping validated (Module: assembly, Line: 184)
2026-02-26 16:17:54,203 [DEBUG] Element 56 DOF mapping validated (Module: assembly, Line: 184)
2026-02-26 16:17:54,203 [DEBUG] Element 57 DOF mapping validated (Module: assembly, Line: 184)
2026-02-26 16:17:54,203 [DEBUG] Element 58 DOF mapping validated (Module: assembly, Line: 184)
2026-02-26 16:17:54,203 [DEBUG] Element 59 DOF mapping validated (Module: assembly, Line: 184)
2026-02-26 16:17:54,203 [DEBUG] Element 60 DOF mapping validated (Module: assembly, Line: 184)
2026-02-26 16:17:54,203 [DEBUG] Element 61 DOF mapping validated (Module: assembly, Line: 184)
2026-02-26 16:17:54,203 [DEBUG] Element 62 DOF mapping validated (Module: assembly, Line: 184)
2026-02-26 16:17:54,203 [DEBUG] Element 63 DOF mapping validated (Module: assembly, Line: 184)
2026-02-26 16:17:54,203 [DEBUG] Element 64 DOF mapping validated (Module: assembly, Line: 184)
2026-02-26 16:17:54,203 [DEBUG] Element 65 DOF mapping validated (Module: assembly, Line: 184)
2026-02-26 16:17:54,203 [DEBUG] Element 66 DOF mapping validated (Module: assembly, Line: 184)
2026-02-26 16:17:54,203 [DEBUG] Element 67 DOF mapping validated (Module: assembly, Line: 184)
2026-02-26 16:17:54,203 [DEBUG] Element 68 DOF mapping validated (Module: assembly, Line: 184)
2026-02-26 16:17:54,203 [DEBUG] Element 69 DOF mapping validated (Module: assembly, Line: 184)
2026-02-26 16:17:54,203 [DEBUG] Element 70 DOF mapping validated (Module: assembly, Line: 184)
2026-02-26 16:17:54,203 [DEBUG] Element 71 DOF mapping validated (Module: assembly, Line: 184)
2026-02-26 16:17:54,203 [DEBUG] Element 72 DOF mapping validated (Module: assembly, Line: 184)
2026-02-26 16:17:54,203 [DEBUG] Element 73 DOF mapping validated (Module: assembly, Line: 184)
2026-02-26 16:17:54,203 [DEBUG] Element 74 DOF mapping validated (Module: assembly, Line: 184)
2026-02-26 16:17:54,203 [DEBUG] Element 75 DOF mapping validated (Module: assembly, Line: 184)
2026-02-26 16:17:54,203 [DEBUG] Element 76 DOF mapping validated (Module: assembly, Line: 184)
2026-02-26 16:17:54,203 [DEBUG] Element 77 DOF mapping validated (Module: assembly, Line: 184)
2026-02-26 16:17:54,203 [DEBUG] Element 78 DOF mapping validated (Module: assembly, Line: 184)
2026-02-26 16:17:54,203 [DEBUG] Element 79 DOF mapping validated (Module: assembly, Line: 184)
2026-02-26 16:17:54,203 [DEBUG] Element 80 DOF mapping validated (Module: assembly, Line: 184)
2026-02-26 16:17:54,203 [DEBUG] Element 81 DOF mapping validated (Module: assembly, Line: 184)
2026-02-26 16:17:54,203 [DEBUG] Element 82 DOF mapping validated (Module: assembly, Line: 184)
2026-02-26 16:17:54,203 [DEBUG] Element 83 DOF mapping validated (Module: assembly, Line: 184)
2026-02-26 16:17:54,203 [DEBUG] Element 84 DOF mapping validated (Module: assembly, Line: 184)
2026-02-26 16:17:54,203 [DEBUG] Element 85 DOF mapping validated (Module: assembly, Line: 184)
2026-02-26 16:17:54,203 [DEBUG] Element 86 DOF mapping validated (Module: assembly, Line: 184)
2026-02-26 16:17:54,203 [DEBUG] Element 87 DOF mapping validated (Module: assembly, Line: 184)
2026-02-26 16:17:54,203 [DEBUG] Element 88 DOF mapping validated (Module: assembly, Line: 184)
2026-02-26 16:17:54,203 [DEBUG] Element 89 DOF mapping validated (Module: assembly, Line: 184)
2026-02-26 16:17:54,203 [DEBUG] Element 90 DOF mapping validated (Module: assembly, Line: 184)
2026-02-26 16:17:54,203 [DEBUG] Element 91 DOF mapping validated (Module: assembly, Line: 184)
2026-02-26 16:17:54,203 [DEBUG] Element 92 DOF mapping validated (Module: assembly, Line: 184)
2026-02-26 16:17:54,203 [DEBUG] Element 93 DOF mapping validated (Module: assembly, Line: 184)
2026-02-26 16:17:54,203 [DEBUG] Element 94 DOF mapping validated (Module: assembly, Line: 184)
2026-02-26 16:17:54,203 [DEBUG] Element 95 DOF mapping validated (Module: assembly, Line: 184)
2026-02-26 16:17:54,203 [DEBUG] Element 96 DOF mapping validated (Module: assembly, Line: 184)
2026-02-26 16:17:54,203 [DEBUG] Element 97 DOF mapping validated (Module: assembly, Line: 184)
2026-02-26 16:17:54,203 [DEBUG] Element 98 DOF mapping validated (Module: assembly, Line: 184)
2026-02-26 16:17:54,203 [DEBUG] Element 99 DOF mapping validated (Module: assembly, Line: 184)
2026-02-26 16:17:54,203 [DEBUG] Element 100 DOF mapping validated (Module: assembly, Line: 184)
2026-02-26 16:17:54,203 [DEBUG] Element 101 DOF mapping validated (Module: assembly, Line: 184)
2026-02-26 16:17:54,203 [DEBUG] Element 102 DOF mapping validated (Module: assembly, Line: 184)
2026-02-26 16:17:54,203 [DEBUG] Element 103 DOF mapping validated (Module: assembly, Line: 184)
2026-02-26 16:17:54,203 [DEBUG] Element 104 DOF mapping validated (Module: assembly, Line: 184)
2026-02-26 16:17:54,203 [DEBUG] Element 105 DOF mapping validated (Module: assembly, Line: 184)
2026-02-26 16:17:54,203 [DEBUG] Element 106 DOF mapping validated (Module: assembly, Line: 184)
2026-02-26 16:17:54,203 [DEBUG] Element 107 DOF mapping validated (Module: assembly, Line: 184)
2026-02-26 16:17:54,203 [DEBUG] Element 108 DOF mapping validated (Module: assembly, Line: 184)
2026-02-26 16:17:54,205 [DEBUG] Element 109 DOF mapping validated (Module: assembly, Line: 184)
2026-02-26 16:17:54,205 [DEBUG] Element 110 DOF mapping validated (Module: assembly, Line: 184)
2026-02-26 16:17:54,205 [DEBUG] Element 111 DOF mapping validated (Module: assembly, Line: 184)
2026-02-26 16:17:54,205 [DEBUG] Element 112 DOF mapping validated (Module: assembly, Line: 184)
2026-02-26 16:17:54,205 [DEBUG] Element 113 DOF mapping validated (Module: assembly, Line: 184)
2026-02-26 16:17:54,205 [DEBUG] Element 114 DOF mapping validated (Module: assembly, Line: 184)
2026-02-26 16:17:54,205 [DEBUG] Element 115 DOF mapping validated (Module: assembly, Line: 184)
2026-02-26 16:17:54,205 [DEBUG] Element 116 DOF mapping validated (Module: assembly, Line: 184)
2026-02-26 16:17:54,205 [DEBUG] Element 117 DOF mapping validated (Module: assembly, Line: 184)
2026-02-26 16:17:54,205 [DEBUG] Element 118 DOF mapping validated (Module: assembly, Line: 184)
2026-02-26 16:17:54,205 [DEBUG] Element 119 DOF mapping validated (Module: assembly, Line: 184)
2026-02-26 16:17:54,205 [DEBUG] Element 120 DOF mapping validated (Module: assembly, Line: 184)
2026-02-26 16:17:54,205 [DEBUG] Element 121 DOF mapping validated (Module: assembly, Line: 184)
2026-02-26 16:17:54,205 [DEBUG] Element 122 DOF mapping validated (Module: assembly, Line: 184)
2026-02-26 16:17:54,205 [DEBUG] Element 123 DOF mapping validated (Module: assembly, Line: 184)
2026-02-26 16:17:54,205 [DEBUG] Element 124 DOF mapping validated (Module: assembly, Line: 184)
2026-02-26 16:17:54,205 [DEBUG] Element 125 DOF mapping validated (Module: assembly, Line: 184)
2026-02-26 16:17:54,205 [DEBUG] Element 126 DOF mapping validated (Module: assembly, Line: 184)
2026-02-26 16:17:54,205 [DEBUG] Element 127 DOF mapping validated (Module: assembly, Line: 184)
2026-02-26 16:17:54,213 [DEBUG] 
✅ DOF Mappings Summary:
 Element ID                              Local DOF                                                   Global DOF
          0 [0, 1, 2, 3, 4, 5, 6, 7, 8, 9, 10, 11]                       [0, 1, 2, 3, 4, 5, 6, 7, 8, 9, 10, 11]
          1 [0, 1, 2, 3, 4, 5, 6, 7, 8, 9, 10, 11]                 [6, 7, 8, 9, 10, 11, 12, 13, 14, 15, 16, 17]
          2 [0, 1, 2, 3, 4, 5, 6, 7, 8, 9, 10, 11]             [12, 13, 14, 15, 16, 17, 18, 19, 20, 21, 22, 23]
          3 [0, 1, 2, 3, 4, 5, 6, 7, 8, 9, 10, 11]             [18, 19, 20, 21, 22, 23, 24, 25, 26, 27, 28, 29]
          4 [0, 1, 2, 3, 4, 5, 6, 7, 8, 9, 10, 11]             [24, 25, 26, 27, 28, 29, 30, 31, 32, 33, 34, 35]
          5 [0, 1, 2, 3, 4, 5, 6, 7, 8, 9, 10, 11]             [30, 31, 32, 33, 34, 35, 36, 37, 38, 39, 40, 41]
          6 [0, 1, 2, 3, 4, 5, 6, 7, 8, 9, 10, 11]             [36, 37, 38, 39, 40, 41, 42, 43, 44, 45, 46, 47]
          7 [0, 1, 2, 3, 4, 5, 6, 7, 8, 9, 10, 11]             [42, 43, 44, 45, 46, 47, 48, 49, 50, 51, 52, 53]
          8 [0, 1, 2, 3, 4, 5, 6, 7, 8, 9, 10, 11]             [48, 49, 50, 51, 52, 53, 54, 55, 56, 57, 58, 59]
          9 [0, 1, 2, 3, 4, 5, 6, 7, 8, 9, 10, 11]             [54, 55, 56, 57, 58, 59, 60, 61, 62, 63, 64, 65]
         10 [0, 1, 2, 3, 4, 5, 6, 7, 8, 9, 10, 11]             [60, 61, 62, 63, 64, 65, 66, 67, 68, 69, 70, 71]
         11 [0, 1, 2, 3, 4, 5, 6, 7, 8, 9, 10, 11]             [66, 67, 68, 69, 70, 71, 72, 73, 74, 75, 76, 77]
         12 [0, 1, 2, 3, 4, 5, 6, 7, 8, 9, 10, 11]             [72, 73, 74, 75, 76, 77, 78, 79, 80, 81, 82, 83]
         13 [0, 1, 2, 3, 4, 5, 6, 7, 8, 9, 10, 11]             [78, 79, 80, 81, 82, 83, 84, 85, 86, 87, 88, 89]
         14 [0, 1, 2, 3, 4, 5, 6, 7, 8, 9, 10, 11]             [84, 85, 86, 87, 88, 89, 90, 91, 92, 93, 94, 95]
         15 [0, 1, 2, 3, 4, 5, 6, 7, 8, 9, 10, 11]           [90, 91, 92, 93, 94, 95, 96, 97, 98, 99, 100, 101]
         16 [0, 1, 2, 3, 4, 5, 6, 7, 8, 9, 10, 11]     [96, 97, 98, 99, 100, 101, 102, 103, 104, 105, 106, 107]
         17 [0, 1, 2, 3, 4, 5, 6, 7, 8, 9, 10, 11] [102, 103, 104, 105, 106, 107, 108, 109, 110, 111, 112, 113]
         18 [0, 1, 2, 3, 4, 5, 6, 7, 8, 9, 10, 11] [108, 109, 110, 111, 112, 113, 114, 115, 116, 117, 118, 119]
         19 [0, 1, 2, 3, 4, 5, 6, 7, 8, 9, 10, 11] [114, 115, 116, 117, 118, 119, 120, 121, 122, 123, 124, 125]
         20 [0, 1, 2, 3, 4, 5, 6, 7, 8, 9, 10, 11] [120, 121, 122, 123, 124, 125, 126, 127, 128, 129, 130, 131]
         21 [0, 1, 2, 3, 4, 5, 6, 7, 8, 9, 10, 11] [126, 127, 128, 129, 130, 131, 132, 133, 134, 135, 136, 137]
         22 [0, 1, 2, 3, 4, 5, 6, 7, 8, 9, 10, 11] [132, 133, 134, 135, 136, 137, 138, 139, 140, 141, 142, 143]
         23 [0, 1, 2, 3, 4, 5, 6, 7, 8, 9, 10, 11] [138, 139, 140, 141, 142, 143, 144, 145, 146, 147, 148, 149]
         24 [0, 1, 2, 3, 4, 5, 6, 7, 8, 9, 10, 11] [144, 145, 146, 147, 148, 149, 150, 151, 152, 153, 154, 155]
         25 [0, 1, 2, 3, 4, 5, 6, 7, 8, 9, 10, 11] [150, 151, 152, 153, 154, 155, 156, 157, 158, 159, 160, 161]
         26 [0, 1, 2, 3, 4, 5, 6, 7, 8, 9, 10, 11] [156, 157, 158, 159, 160, 161, 162, 163, 164, 165, 166, 167]
         27 [0, 1, 2, 3, 4, 5, 6, 7, 8, 9, 10, 11] [162, 163, 164, 165, 166, 167, 168, 169, 170, 171, 172, 173]
         28 [0, 1, 2, 3, 4, 5, 6, 7, 8, 9, 10, 11] [168, 169, 170, 171, 172, 173, 174, 175, 176, 177, 178, 179]
         29 [0, 1, 2, 3, 4, 5, 6, 7, 8, 9, 10, 11] [174, 175, 176, 177, 178, 179, 180, 181, 182, 183, 184, 185]
         30 [0, 1, 2, 3, 4, 5, 6, 7, 8, 9, 10, 11] [180, 181, 182, 183, 184, 185, 186, 187, 188, 189, 190, 191]
         31 [0, 1, 2, 3, 4, 5, 6, 7, 8, 9, 10, 11] [186, 187, 188, 189, 190, 191, 192, 193, 194, 195, 196, 197]
         32 [0, 1, 2, 3, 4, 5, 6, 7, 8, 9, 10, 11] [192, 193, 194, 195, 196, 197, 198, 199, 200, 201, 202, 203]
         33 [0, 1, 2, 3, 4, 5, 6, 7, 8, 9, 10, 11] [198, 199, 200, 201, 202, 203, 204, 205, 206, 207, 208, 209]
         34 [0, 1, 2, 3, 4, 5, 6, 7, 8, 9, 10, 11] [204, 205, 206, 207, 208, 209, 210, 211, 212, 213, 214, 215]
         35 [0, 1, 2, 3, 4, 5, 6, 7, 8, 9, 10, 11] [210, 211, 212, 213, 214, 215, 216, 217, 218, 219, 220, 221]
         36 [0, 1, 2, 3, 4, 5, 6, 7, 8, 9, 10, 11] [216, 217, 218, 219, 220, 221, 222, 223, 224, 225, 226, 227]
         37 [0, 1, 2, 3, 4, 5, 6, 7, 8, 9, 10, 11] [222, 223, 224, 225, 226, 227, 228, 229, 230, 231, 232, 233]
         38 [0, 1, 2, 3, 4, 5, 6, 7, 8, 9, 10, 11] [228, 229, 230, 231, 232, 233, 234, 235, 236, 237, 238, 239]
         39 [0, 1, 2, 3, 4, 5, 6, 7, 8, 9, 10, 11] [234, 235, 236, 237, 238, 239, 240, 241, 242, 243, 244, 245]
         40 [0, 1, 2, 3, 4, 5, 6, 7, 8, 9, 10, 11] [240, 241, 242, 243, 244, 245, 246, 247, 248, 249, 250, 251]
         41 [0, 1, 2, 3, 4, 5, 6, 7, 8, 9, 10, 11] [246, 247, 248, 249, 250, 251, 252, 253, 254, 255, 256, 257]
         42 [0, 1, 2, 3, 4, 5, 6, 7, 8, 9, 10, 11] [252, 253, 254, 255, 256, 257, 258, 259, 260, 261, 262, 263]
         43 [0, 1, 2, 3, 4, 5, 6, 7, 8, 9, 10, 11] [258, 259, 260, 261, 262, 263, 264, 265, 266, 267, 268, 269]
         44 [0, 1, 2, 3, 4, 5, 6, 7, 8, 9, 10, 11] [264, 265, 266, 267, 268, 269, 270, 271, 272, 273, 274, 275]
         45 [0, 1, 2, 3, 4, 5, 6, 7, 8, 9, 10, 11] [270, 271, 272, 273, 274, 275, 276, 277, 278, 279, 280, 281]
         46 [0, 1, 2, 3, 4, 5, 6, 7, 8, 9, 10, 11] [276, 277, 278, 279, 280, 281, 282, 283, 284, 285, 286, 287]
         47 [0, 1, 2, 3, 4, 5, 6, 7, 8, 9, 10, 11] [282, 283, 284, 285, 286, 287, 288, 289, 290, 291, 292, 293]
         48 [0, 1, 2, 3, 4, 5, 6, 7, 8, 9, 10, 11] [288, 289, 290, 291, 292, 293, 294, 295, 296, 297, 298, 299]
         49 [0, 1, 2, 3, 4, 5, 6, 7, 8, 9, 10, 11] [294, 295, 296, 297, 298, 299, 300, 301, 302, 303, 304, 305]
         50 [0, 1, 2, 3, 4, 5, 6, 7, 8, 9, 10, 11] [300, 301, 302, 303, 304, 305, 306, 307, 308, 309, 310, 311]
         51 [0, 1, 2, 3, 4, 5, 6, 7, 8, 9, 10, 11] [306, 307, 308, 309, 310, 311, 312, 313, 314, 315, 316, 317]
         52 [0, 1, 2, 3, 4, 5, 6, 7, 8, 9, 10, 11] [312, 313, 314, 315, 316, 317, 318, 319, 320, 321, 322, 323]
         53 [0, 1, 2, 3, 4, 5, 6, 7, 8, 9, 10, 11] [318, 319, 320, 321, 322, 323, 324, 325, 326, 327, 328, 329]
         54 [0, 1, 2, 3, 4, 5, 6, 7, 8, 9, 10, 11] [324, 325, 326, 327, 328, 329, 330, 331, 332, 333, 334, 335]
         55 [0, 1, 2, 3, 4, 5, 6, 7, 8, 9, 10, 11] [330, 331, 332, 333, 334, 335, 336, 337, 338, 339, 340, 341]
         56 [0, 1, 2, 3, 4, 5, 6, 7, 8, 9, 10, 11] [336, 337, 338, 339, 340, 341, 342, 343, 344, 345, 346, 347]
         57 [0, 1, 2, 3, 4, 5, 6, 7, 8, 9, 10, 11] [342, 343, 344, 345, 346, 347, 348, 349, 350, 351, 352, 353]
         58 [0, 1, 2, 3, 4, 5, 6, 7, 8, 9, 10, 11] [348, 349, 350, 351, 352, 353, 354, 355, 356, 357, 358, 359]
         59 [0, 1, 2, 3, 4, 5, 6, 7, 8, 9, 10, 11] [354, 355, 356, 357, 358, 359, 360, 361, 362, 363, 364, 365]
         60 [0, 1, 2, 3, 4, 5, 6, 7, 8, 9, 10, 11] [360, 361, 362, 363, 364, 365, 366, 367, 368, 369, 370, 371]
         61 [0, 1, 2, 3, 4, 5, 6, 7, 8, 9, 10, 11] [366, 367, 368, 369, 370, 371, 372, 373, 374, 375, 376, 377]
         62 [0, 1, 2, 3, 4, 5, 6, 7, 8, 9, 10, 11] [372, 373, 374, 375, 376, 377, 378, 379, 380, 381, 382, 383]
         63 [0, 1, 2, 3, 4, 5, 6, 7, 8, 9, 10, 11] [378, 379, 380, 381, 382, 383, 384, 385, 386, 387, 388, 389]
         64 [0, 1, 2, 3, 4, 5, 6, 7, 8, 9, 10, 11] [384, 385, 386, 387, 388, 389, 390, 391, 392, 393, 394, 395]
         65 [0, 1, 2, 3, 4, 5, 6, 7, 8, 9, 10, 11] [390, 391, 392, 393, 394, 395, 396, 397, 398, 399, 400, 401]
         66 [0, 1, 2, 3, 4, 5, 6, 7, 8, 9, 10, 11] [396, 397, 398, 399, 400, 401, 402, 403, 404, 405, 406, 407]
         67 [0, 1, 2, 3, 4, 5, 6, 7, 8, 9, 10, 11] [402, 403, 404, 405, 406, 407, 408, 409, 410, 411, 412, 413]
         68 [0, 1, 2, 3, 4, 5, 6, 7, 8, 9, 10, 11] [408, 409, 410, 411, 412, 413, 414, 415, 416, 417, 418, 419]
         69 [0, 1, 2, 3, 4, 5, 6, 7, 8, 9, 10, 11] [414, 415, 416, 417, 418, 419, 420, 421, 422, 423, 424, 425]
         70 [0, 1, 2, 3, 4, 5, 6, 7, 8, 9, 10, 11] [420, 421, 422, 423, 424, 425, 426, 427, 428, 429, 430, 431]
         71 [0, 1, 2, 3, 4, 5, 6, 7, 8, 9, 10, 11] [426, 427, 428, 429, 430, 431, 432, 433, 434, 435, 436, 437]
         72 [0, 1, 2, 3, 4, 5, 6, 7, 8, 9, 10, 11] [432, 433, 434, 435, 436, 437, 438, 439, 440, 441, 442, 443]
         73 [0, 1, 2, 3, 4, 5, 6, 7, 8, 9, 10, 11] [438, 439, 440, 441, 442, 443, 444, 445, 446, 447, 448, 449]
         74 [0, 1, 2, 3, 4, 5, 6, 7, 8, 9, 10, 11] [444, 445, 446, 447, 448, 449, 450, 451, 452, 453, 454, 455]
         75 [0, 1, 2, 3, 4, 5, 6, 7, 8, 9, 10, 11] [450, 451, 452, 453, 454, 455, 456, 457, 458, 459, 460, 461]
         76 [0, 1, 2, 3, 4, 5, 6, 7, 8, 9, 10, 11] [456, 457, 458, 459, 460, 461, 462, 463, 464, 465, 466, 467]
         77 [0, 1, 2, 3, 4, 5, 6, 7, 8, 9, 10, 11] [462, 463, 464, 465, 466, 467, 468, 469, 470, 471, 472, 473]
         78 [0, 1, 2, 3, 4, 5, 6, 7, 8, 9, 10, 11] [468, 469, 470, 471, 472, 473, 474, 475, 476, 477, 478, 479]
         79 [0, 1, 2, 3, 4, 5, 6, 7, 8, 9, 10, 11] [474, 475, 476, 477, 478, 479, 480, 481, 482, 483, 484, 485]
         80 [0, 1, 2, 3, 4, 5, 6, 7, 8, 9, 10, 11] [480, 481, 482, 483, 484, 485, 486, 487, 488, 489, 490, 491]
         81 [0, 1, 2, 3, 4, 5, 6, 7, 8, 9, 10, 11] [486, 487, 488, 489, 490, 491, 492, 493, 494, 495, 496, 497]
         82 [0, 1, 2, 3, 4, 5, 6, 7, 8, 9, 10, 11] [492, 493, 494, 495, 496, 497, 498, 499, 500, 501, 502, 503]
         83 [0, 1, 2, 3, 4, 5, 6, 7, 8, 9, 10, 11] [498, 499, 500, 501, 502, 503, 504, 505, 506, 507, 508, 509]
         84 [0, 1, 2, 3, 4, 5, 6, 7, 8, 9, 10, 11] [504, 505, 506, 507, 508, 509, 510, 511, 512, 513, 514, 515]
         85 [0, 1, 2, 3, 4, 5, 6, 7, 8, 9, 10, 11] [510, 511, 512, 513, 514, 515, 516, 517, 518, 519, 520, 521]
         86 [0, 1, 2, 3, 4, 5, 6, 7, 8, 9, 10, 11] [516, 517, 518, 519, 520, 521, 522, 523, 524, 525, 526, 527]
         87 [0, 1, 2, 3, 4, 5, 6, 7, 8, 9, 10, 11] [522, 523, 524, 525, 526, 527, 528, 529, 530, 531, 532, 533]
         88 [0, 1, 2, 3, 4, 5, 6, 7, 8, 9, 10, 11] [528, 529, 530, 531, 532, 533, 534, 535, 536, 537, 538, 539]
         89 [0, 1, 2, 3, 4, 5, 6, 7, 8, 9, 10, 11] [534, 535, 536, 537, 538, 539, 540, 541, 542, 543, 544, 545]
         90 [0, 1, 2, 3, 4, 5, 6, 7, 8, 9, 10, 11] [540, 541, 542, 543, 544, 545, 546, 547, 548, 549, 550, 551]
         91 [0, 1, 2, 3, 4, 5, 6, 7, 8, 9, 10, 11] [546, 547, 548, 549, 550, 551, 552, 553, 554, 555, 556, 557]
         92 [0, 1, 2, 3, 4, 5, 6, 7, 8, 9, 10, 11] [552, 553, 554, 555, 556, 557, 558, 559, 560, 561, 562, 563]
         93 [0, 1, 2, 3, 4, 5, 6, 7, 8, 9, 10, 11] [558, 559, 560, 561, 562, 563, 564, 565, 566, 567, 568, 569]
         94 [0, 1, 2, 3, 4, 5, 6, 7, 8, 9, 10, 11] [564, 565, 566, 567, 568, 569, 570, 571, 572, 573, 574, 575]
         95 [0, 1, 2, 3, 4, 5, 6, 7, 8, 9, 10, 11] [570, 571, 572, 573, 574, 575, 576, 577, 578, 579, 580, 581]
         96 [0, 1, 2, 3, 4, 5, 6, 7, 8, 9, 10, 11] [576, 577, 578, 579, 580, 581, 582, 583, 584, 585, 586, 587]
         97 [0, 1, 2, 3, 4, 5, 6, 7, 8, 9, 10, 11] [582, 583, 584, 585, 586, 587, 588, 589, 590, 591, 592, 593]
         98 [0, 1, 2, 3, 4, 5, 6, 7, 8, 9, 10, 11] [588, 589, 590, 591, 592, 593, 594, 595, 596, 597, 598, 599]
         99 [0, 1, 2, 3, 4, 5, 6, 7, 8, 9, 10, 11] [594, 595, 596, 597, 598, 599, 600, 601, 602, 603, 604, 605]
        100 [0, 1, 2, 3, 4, 5, 6, 7, 8, 9, 10, 11] [600, 601, 602, 603, 604, 605, 606, 607, 608, 609, 610, 611]
        101 [0, 1, 2, 3, 4, 5, 6, 7, 8, 9, 10, 11] [606, 607, 608, 609, 610, 611, 612, 613, 614, 615, 616, 617]
        102 [0, 1, 2, 3, 4, 5, 6, 7, 8, 9, 10, 11] [612, 613, 614, 615, 616, 617, 618, 619, 620, 621, 622, 623]
        103 [0, 1, 2, 3, 4, 5, 6, 7, 8, 9, 10, 11] [618, 619, 620, 621, 622, 623, 624, 625, 626, 627, 628, 629]
        104 [0, 1, 2, 3, 4, 5, 6, 7, 8, 9, 10, 11] [624, 625, 626, 627, 628, 629, 630, 631, 632, 633, 634, 635]
        105 [0, 1, 2, 3, 4, 5, 6, 7, 8, 9, 10, 11] [630, 631, 632, 633, 634, 635, 636, 637, 638, 639, 640, 641]
        106 [0, 1, 2, 3, 4, 5, 6, 7, 8, 9, 10, 11] [636, 637, 638, 639, 640, 641, 642, 643, 644, 645, 646, 647]
        107 [0, 1, 2, 3, 4, 5, 6, 7, 8, 9, 10, 11] [642, 643, 644, 645, 646, 647, 648, 649, 650, 651, 652, 653]
        108 [0, 1, 2, 3, 4, 5, 6, 7, 8, 9, 10, 11] [648, 649, 650, 651, 652, 653, 654, 655, 656, 657, 658, 659]
        109 [0, 1, 2, 3, 4, 5, 6, 7, 8, 9, 10, 11] [654, 655, 656, 657, 658, 659, 660, 661, 662, 663, 664, 665]
        110 [0, 1, 2, 3, 4, 5, 6, 7, 8, 9, 10, 11] [660, 661, 662, 663, 664, 665, 666, 667, 668, 669, 670, 671]
        111 [0, 1, 2, 3, 4, 5, 6, 7, 8, 9, 10, 11] [666, 667, 668, 669, 670, 671, 672, 673, 674, 675, 676, 677]
        112 [0, 1, 2, 3, 4, 5, 6, 7, 8, 9, 10, 11] [672, 673, 674, 675, 676, 677, 678, 679, 680, 681, 682, 683]
        113 [0, 1, 2, 3, 4, 5, 6, 7, 8, 9, 10, 11] [678, 679, 680, 681, 682, 683, 684, 685, 686, 687, 688, 689]
        114 [0, 1, 2, 3, 4, 5, 6, 7, 8, 9, 10, 11] [684, 685, 686, 687, 688, 689, 690, 691, 692, 693, 694, 695]
        115 [0, 1, 2, 3, 4, 5, 6, 7, 8, 9, 10, 11] [690, 691, 692, 693, 694, 695, 696, 697, 698, 699, 700, 701]
        116 [0, 1, 2, 3, 4, 5, 6, 7, 8, 9, 10, 11] [696, 697, 698, 699, 700, 701, 702, 703, 704, 705, 706, 707]
        117 [0, 1, 2, 3, 4, 5, 6, 7, 8, 9, 10, 11] [702, 703, 704, 705, 706, 707, 708, 709, 710, 711, 712, 713]
        118 [0, 1, 2, 3, 4, 5, 6, 7, 8, 9, 10, 11] [708, 709, 710, 711, 712, 713, 714, 715, 716, 717, 718, 719]
        119 [0, 1, 2, 3, 4, 5, 6, 7, 8, 9, 10, 11] [714, 715, 716, 717, 718, 719, 720, 721, 722, 723, 724, 725]
        120 [0, 1, 2, 3, 4, 5, 6, 7, 8, 9, 10, 11] [720, 721, 722, 723, 724, 725, 726, 727, 728, 729, 730, 731]
        121 [0, 1, 2, 3, 4, 5, 6, 7, 8, 9, 10, 11] [726, 727, 728, 729, 730, 731, 732, 733, 734, 735, 736, 737]
        122 [0, 1, 2, 3, 4, 5, 6, 7, 8, 9, 10, 11] [732, 733, 734, 735, 736, 737, 738, 739, 740, 741, 742, 743]
        123 [0, 1, 2, 3, 4, 5, 6, 7, 8, 9, 10, 11] [738, 739, 740, 741, 742, 743, 744, 745, 746, 747, 748, 749]
        124 [0, 1, 2, 3, 4, 5, 6, 7, 8, 9, 10, 11] [744, 745, 746, 747, 748, 749, 750, 751, 752, 753, 754, 755]
        125 [0, 1, 2, 3, 4, 5, 6, 7, 8, 9, 10, 11] [750, 751, 752, 753, 754, 755, 756, 757, 758, 759, 760, 761]
        126 [0, 1, 2, 3, 4, 5, 6, 7, 8, 9, 10, 11] [756, 757, 758, 759, 760, 761, 762, 763, 764, 765, 766, 767]
        127 [0, 1, 2, 3, 4, 5, 6, 7, 8, 9, 10, 11] [762, 763, 764, 765, 766, 767, 768, 769, 770, 771, 772, 773] (Module: assembly, Line: 204)
2026-02-26 16:17:54,220 [INFO] 🧾 System Info:
  Total DOFs: 774
  Number of elements: 128
  Symmetry tolerance: 1.0e-08 (Module: assembly, Line: 344)
2026-02-26 16:17:54,220 [INFO] ✅ Stiffness matrix assembled (Module: assembly, Line: 248)
2026-02-26 16:17:54,222 [INFO] ✅ Force vector assembled (Module: assembly, Line: 277)
2026-02-26 16:17:54,222 [INFO] Global Stiffness Matrix:
  Non-zero entries: 3850
  Symmetry: True
  Norm: 3.863e+13 (Module: assembly, Line: 364)
2026-02-26 16:17:54,227 [DEBUG] 
Stiffness Matrix Sample (COO):
 Row  Col       K Value
 638  640  0.000000e+00
 731  721  1.077448e+10
 343  337 -1.379134e+12
 616  610  8.692992e+06
 212  212  4.272779e+11
 149  143  5.611711e+07
 301  301  2.758268e+12
  92   94  0.000000e+00
 189  183 -1.351329e+05
 470  476 -2.136390e+11
 770  770  2.136390e+11
 427  437  1.077448e+10
 125  119  5.611711e+07
 110  116 -2.136390e+11
 109  107 -1.077448e+10
 520  512 -1.669054e+09
 276  270 -1.760640e+10
 566  572 -2.136390e+11
 109  103 -1.379134e+12
 520  518  0.000000e+00
 581  577  0.000000e+00
 535  545  1.077448e+10
 187  185 -1.077448e+10
 599  595  0.000000e+00
 193  187 -1.379134e+12
 211  217 -1.379134e+12
 115  119  0.000000e+00
 614  614  4.272779e+11
 234  228 -1.760640e+10
 494  490  1.669054e+09
 537  543 -1.351329e+05
 608  614 -2.136390e+11
 751  757 -1.379134e+12
 337  331 -1.379134e+12
 133  131 -1.077448e+10
 773  773  1.122342e+08
 294  300 -1.760640e+10
 590  592  0.000000e+00
 725  731  5.611711e+07
 227  233  5.611711e+07
 583  589 -1.379134e+12
 571  565 -1.379134e+12
 259  253 -1.379134e+12
 256  250  8.692992e+06
  78   78  3.521280e+10
 604  598  8.692992e+06
 561  567 -1.351329e+05
  93   99 -1.351329e+05
 753  747 -1.351329e+05
 221  211  1.077448e+10
 412  406  8.692992e+06
 603  609 -1.351329e+05
 722  716 -2.136390e+11
 683  677  5.611711e+07
  11    5  5.611711e+07
  19   29  1.077448e+10
 718  712  8.692992e+06
 548  544  1.669054e+09
 198  198  3.521280e+10
 106  104  0.000000e+00
 200  200  4.272779e+11
 643  649 -1.379134e+12
 584  586  0.000000e+00
 601  605  0.000000e+00
 256  248 -1.669054e+09
 218  220  0.000000e+00
 467  463  0.000000e+00
 415  413 -1.077448e+10
 157  161  0.000000e+00
 478  482  1.669054e+09
 672  666 -1.760640e+10
 347  349 -1.077448e+10
 720  720  3.521280e+10
 457  457  2.758268e+12
 170  170  4.272779e+11
 560  568 -1.669054e+09
 424  422  0.000000e+00
 155  157 -1.077448e+10
  39   33 -1.351329e+05
  85   95  1.077448e+10
 463  469 -1.379134e+12
 286  292  8.692992e+06
 692  692  4.272779e+11
 584  578 -2.136390e+11
 700  704  1.669054e+09
 349  355 -1.379134e+12
 695  695  2.244684e+08
 296  302 -2.136390e+11
 656  664 -1.669054e+09
 404  400  1.669054e+09
 766  770  1.669054e+09
 491  485  5.611711e+07
 197  203  5.611711e+07
 525  525  2.702658e+05
 258  264 -1.760640e+10
 423  423  2.702658e+05
 203  209  5.611711e+07
 256  262  8.692992e+06
  61   71  1.077448e+10
 491  493 -1.077448e+10
 583  583  2.758268e+12
 190  182 -1.669054e+09
 718  718  3.477197e+07
 637  641  0.000000e+00
 754  760  8.692992e+06
 161  167  5.611711e+07
 731  733 -1.077448e+10
 202  196  8.692992e+06
 269  265  0.000000e+00
  52   58  8.692992e+06
 514  514  3.477197e+07
 447  447  2.702658e+05
  47   37  1.077448e+10
 629  629  2.244684e+08
 140  136  1.669054e+09
   8   14 -2.136390e+11
 298  290 -1.669054e+09
 400  400  3.477197e+07
 238  236  0.000000e+00
 345  351 -1.351329e+05
 295  293 -1.077448e+10
 129  123 -1.351329e+05
 715  715  2.758268e+12
 375  369 -1.351329e+05
 594  588 -1.760640e+10
 346  346  3.477197e+07
 296  304 -1.669054e+09
 378  378  3.521280e+10
 430  436  8.692992e+06
 697  697  2.758268e+12
 662  662  4.272779e+11
 506  500 -2.136390e+11
 216  210 -1.760640e+10
 388  380 -1.669054e+09
 354  360 -1.760640e+10
 587  593  5.611711e+07
 554  548 -2.136390e+11
 443  433  1.077448e+10
 144  150 -1.760640e+10
 357  351 -1.351329e+05
 308  304  1.669054e+09
 377  371  5.611711e+07
 343  353  1.077448e+10
 115  121 -1.379134e+12
 740  746 -2.136390e+11
  64   64  3.477197e+07
  99   93 -1.351329e+05
 499  509  1.077448e+10
 267  273 -1.351329e+05
 143  133  1.077448e+10
 248  250  0.000000e+00
 763  757 -1.379134e+12
 271  265 -1.379134e+12
 193  203  1.077448e+10
 151  161  1.077448e+10
 108  102 -1.760640e+10
 208  212  1.669054e+09
 338  334  1.669054e+09
 556  548 -1.669054e+09
 611  605  5.611711e+07
  10    4  8.692992e+06
 193  193  2.758268e+12
 608  604  1.669054e+09
 620  616  1.669054e+09
 202  194 -1.669054e+09
  30   36 -1.760640e+10
 532  530  0.000000e+00
 422  424  0.000000e+00
 586  578 -1.669054e+09
 251  253 -1.077448e+10
 473  467  5.611711e+07
 226  230  1.669054e+09
 211  205 -1.379134e+12
 730  730  3.477197e+07
 134  140 -2.136390e+11
 485  481  0.000000e+00
 484  488  1.669054e+09
 264  258 -1.760640e+10
 693  699 -1.351329e+05
 485  479  5.611711e+07
  83   85 -1.077448e+10
 300  294 -1.760640e+10
 622  614 -1.669054e+09
  25   31 -1.379134e+12
 365  359  5.611711e+07
 274  280  8.692992e+06
 536  538  0.000000e+00
 415  409 -1.379134e+12
 110  110  4.272779e+11
 116  110 -2.136390e+11
 161  157  0.000000e+00
 178  184  8.692992e+06
 714  720 -1.760640e+10
 353  343  1.077448e+10
 392  388  1.669054e+09
  44   52 -1.669054e+09
 130  122 -1.669054e+09
 184  182  0.000000e+00
 367  367  2.758268e+12
 687  681 -1.351329e+05
 500  496  1.669054e+09
 327  321 -1.351329e+05
 226  218 -1.669054e+09
 104  112 -1.669054e+09
 279  273 -1.351329e+05
 232  232  3.477197e+07
 509  509  2.244684e+08
 641  641  2.244684e+08
  98   98  4.272779e+11
 170  166  1.669054e+09
 101   97  0.000000e+00
 401  391  1.077448e+10
 217  211 -1.379134e+12
  36   30 -1.760640e+10
 265  275  1.077448e+10
 380  388 -1.669054e+09
 754  746 -1.669054e+09
  61   61  2.758268e+12
 579  573 -1.351329e+05
   0    6 -1.760640e+10
 675  681 -1.351329e+05
 239  229  1.077448e+10
 535  541 -1.379134e+12
 353  349  0.000000e+00
   8   16 -1.669054e+09
 100  100  3.477197e+07
 222  222  3.521280e+10
 657  651 -1.351329e+05
 580  572 -1.669054e+09
  68   74 -2.136390e+11
 511  505 -1.379134e+12
 412  416  1.669054e+09
 427  421 -1.379134e+12
  40   44  1.669054e+09
 770  766  1.669054e+09
 628  622  8.692992e+06
 139  149  1.077448e+10
 586  590  1.669054e+09
 736  730  8.692992e+06
 227  227  2.244684e+08
 181  185  0.000000e+00
 583  587  0.000000e+00
 632  628  1.669054e+09
 670  668  0.000000e+00
 568  568  3.477197e+07
 734  740 -2.136390e+11
 540  546 -1.760640e+10
 724  724  3.477197e+07
 169  173  0.000000e+00
  52   44 -1.669054e+09
  94  100  8.692992e+06
 105  111 -1.351329e+05
 385  383 -1.077448e+10
 616  614  0.000000e+00
 661  661  2.758268e+12
 232  224 -1.669054e+09
 702  696 -1.760640e+10
 575  577 -1.077448e+10
 653  653  2.244684e+08
 408  402 -1.760640e+10
 340  344  1.669054e+09
 211  209 -1.077448e+10
 135  135  2.702658e+05
 482  476 -2.136390e+11
 737  727  1.077448e+10
 650  656 -2.136390e+11
 549  543 -1.351329e+05
 102  102  3.521280e+10
 740  742  0.000000e+00
 232  230  0.000000e+00
 395  389  5.611711e+07
 116  118  0.000000e+00
 440  434 -2.136390e+11
  71   71  2.244684e+08
 647  649 -1.077448e+10
 764  758 -2.136390e+11
  77   79 -1.077448e+10
 757  761  0.000000e+00
 277  281  0.000000e+00
 649  659  1.077448e+10
 542  544  0.000000e+00
 182  178  1.669054e+09
 767  761  5.611711e+07
 730  736  8.692992e+06
 655  655  2.758268e+12
 280  272 -1.669054e+09
 580  580  3.477197e+07
 446  454 -1.669054e+09
 751  751  2.758268e+12
 254  256  0.000000e+00
 421  425  0.000000e+00
 111  105 -1.351329e+05
  31   41  1.077448e+10
  29   19  1.077448e+10
 311  311  2.244684e+08
 192  192  3.521280e+10
 394  394  3.477197e+07
 655  659  0.000000e+00
 463  473  1.077448e+10
 603  597 -1.351329e+05
 266  274 -1.669054e+09
 273  267 -1.351329e+05
 443  437  5.611711e+07
 218  226 -1.669054e+09
 332  326 -2.136390e+11
 769  769  1.379134e+12
 550  548  0.000000e+00
 716  710 -2.136390e+11
 600  594 -1.760640e+10
 226  224  0.000000e+00
 464  470 -2.136390e+11
 109  119  1.077448e+10
 742  736  8.692992e+06
 289  293  0.000000e+00
 107  103  0.000000e+00
 199  193 -1.379134e+12
 274  278  1.669054e+09
 349  349  2.758268e+12
 542  550 -1.669054e+09
  92   98 -2.136390e+11
 439  449  1.077448e+10
 332  334  0.000000e+00
 518  524 -2.136390e+11
 146  142  1.669054e+09
 689  685  0.000000e+00
 722  728 -2.136390e+11
  41   37  0.000000e+00
 499  499  2.758268e+12
 707  697  1.077448e+10
 615  615  2.702658e+05
  40   34  8.692992e+06
 634  634  3.477197e+07
  25   35  1.077448e+10
 481  481  2.758268e+12
  95   95  2.244684e+08
 405  411 -1.351329e+05
 255  255  2.702658e+05
 278  274  1.669054e+09
 102  108 -1.760640e+10
  47   47  2.244684e+08
 705  699 -1.351329e+05
 571  575  0.000000e+00
 716  712  1.669054e+09
 402  396 -1.760640e+10
 324  318 -1.760640e+10
 101  107  5.611711e+07
 772  772  1.738598e+07
 535  529 -1.379134e+12
 506  512 -2.136390e+11
 236  232  1.669054e+09
 305  311  5.611711e+07
 541  547 -1.379134e+12
 371  367  0.000000e+00
 507  513 -1.351329e+05
 368  368  4.272779e+11
 637  635 -1.077448e+10
  82   74 -1.669054e+09
 544  538  8.692992e+06
 220  226  8.692992e+06
 271  277 -1.379134e+12
 585  591 -1.351329e+05
 471  477 -1.351329e+05
 757  755 -1.077448e+10
 553  551 -1.077448e+10
  47   43  0.000000e+00
 517  511 -1.379134e+12
 621  627 -1.351329e+05
 760  752 -1.669054e+09
 623  617  5.611711e+07
 427  425 -1.077448e+10
  84   78 -1.760640e+10
 574  566 -1.669054e+09
 682  688  8.692992e+06
 302  302  4.272779e+11
  38   40  0.000000e+00
 494  502 -1.669054e+09
 246  240 -1.760640e+10
 725  725  2.244684e+08
 637  643 -1.379134e+12
 449  439  1.077448e+10
 619  617 -1.077448e+10
 497  491  5.611711e+07
  47   53  5.611711e+07
 746  748  0.000000e+00
   6   12 -1.760640e+10
  98   94  1.669054e+09
 373  371 -1.077448e+10
  62   64  0.000000e+00
  57   57  2.702658e+05
 613  607 -1.379134e+12
 176  176  4.272779e+11
 202  206  1.669054e+09
 620  628 -1.669054e+09
 751  755  0.000000e+00
  62   70 -1.669054e+09
 511  521  1.077448e+10
 134  134  4.272779e+11
 392  394  0.000000e+00
 684  690 -1.760640e+10
 157  157  2.758268e+12
 577  583 -1.379134e+12
 111  111  2.702658e+05
 181  181  2.758268e+12
 212  214  0.000000e+00
 136  128 -1.669054e+09
 454  460  8.692992e+06
 635  641  5.611711e+07
 121  125  0.000000e+00
 514  508  8.692992e+06
 331  329 -1.077448e+10
 679  679  2.758268e+12
 682  674 -1.669054e+09
 456  456  3.521280e+10
 477  483 -1.351329e+05
 128  136 -1.669054e+09
 106  106  3.477197e+07
 748  748  3.477197e+07
  67   71  0.000000e+00
 474  468 -1.760640e+10
 559  569  1.077448e+10
 755  755  2.244684e+08
 217  227  1.077448e+10
 629  619  1.077448e+10
  26   34 -1.669054e+09
 215  221  5.611711e+07
 100   94  8.692992e+06
  71   67  0.000000e+00
  42   48 -1.760640e+10
 490  490  3.477197e+07
 113  115 -1.077448e+10
 736  734  0.000000e+00
 609  603 -1.351329e+05
 191  181  1.077448e+10
  98  100  0.000000e+00
 180  174 -1.760640e+10
 731  731  2.244684e+08
 255  261 -1.351329e+05
 325  325  2.758268e+12
 302  310 -1.669054e+09
 675  675  2.702658e+05
 205  205  2.758268e+12
 461  451  1.077448e+10
 759  759  2.702658e+05
 676  682  8.692992e+06
 572  566 -2.136390e+11
 118  122  1.669054e+09
 411  417 -1.351329e+05
 265  259 -1.379134e+12
  95   89  5.611711e+07
 332  340 -1.669054e+09
  20   22  0.000000e+00
 769  763 -1.379134e+12
 182  176 -2.136390e+11
 530  536 -2.136390e+11
 425  427 -1.077448e+10
 268  272  1.669054e+09
 194  194  4.272779e+11
 297  291 -1.351329e+05
   8    4  1.669054e+09
 466  472  8.692992e+06
 393  387 -1.351329e+05
 629  635  5.611711e+07
 647  647  2.244684e+08
 185  187 -1.077448e+10
 575  565  1.077448e+10
  19   19  2.758268e+12
 356  364 -1.669054e+09
 409  403 -1.379134e+12
 374  374  4.272779e+11
 710  716 -2.136390e+11
 361  355 -1.379134e+12
 152  152  4.272779e+11
 520  524  1.669054e+09
 196  196  3.477197e+07
 680  674 -2.136390e+11
 667  665 -1.077448e+10
  72   78 -1.760640e+10
 704  712 -1.669054e+09
 700  694  8.692992e+06
 689  695  5.611711e+07
  64   56 -1.669054e+09
 340  346  8.692992e+06
  11   17  5.611711e+07
 361  371  1.077448e+10
 197  197  2.244684e+08
 318  312 -1.760640e+10
 526  532  8.692992e+06
 670  676  8.692992e+06
 198  204 -1.760640e+10
 381  387 -1.351329e+05
 215  217 -1.077448e+10
 560  562  0.000000e+00
 167  161  5.611711e+07
 688  682  8.692992e+06
 254  248 -2.136390e+11
 569  571 -1.077448e+10
 260  256  1.669054e+09
 653  659  5.611711e+07
 328  332  1.669054e+09
 326  326  4.272779e+11
 659  653  5.611711e+07
 126  126  3.521280e+10
  89   85  0.000000e+00
 259  259  2.758268e+12
  61   65  0.000000e+00
 102   96 -1.760640e+10
 632  632  4.272779e+11
 496  488 -1.669054e+09
 487  491  0.000000e+00
 434  442 -1.669054e+09
 284  280  1.669054e+09
 195  189 -1.351329e+05
 107  109 -1.077448e+10
 139  139  2.758268e+12
 681  687 -1.351329e+05
 300  300  3.521280e+10
  91   85 -1.379134e+12
 114  120 -1.760640e+10
 527  523  0.000000e+00
 756  756  3.521280e+10
 383  383  2.244684e+08
 145  149  0.000000e+00
 138  144 -1.760640e+10
 183  177 -1.351329e+05
 407  407  2.244684e+08
 746  754 -1.669054e+09
 728  728  4.272779e+11
  63   63  2.702658e+05
   3    3  1.351329e+05
   4    8  1.669054e+09
  82   86  1.669054e+09
 539  541 -1.077448e+10
   1    7 -1.379134e+12
 415  421 -1.379134e+12
 368  370  0.000000e+00
 118  118  3.477197e+07
 122  116 -2.136390e+11
 574  574  3.477197e+07
 506  508  0.000000e+00
 431  433 -1.077448e+10
  97   91 -1.379134e+12
 499  503  0.000000e+00
 294  288 -1.760640e+10
 117  111 -1.351329e+05
 341  337  0.000000e+00
 257  251  5.611711e+07
 524  524  4.272779e+11
 607  601 -1.379134e+12
 397  395 -1.077448e+10
 250  254  1.669054e+09
 658  662  1.669054e+09
 185  185  2.244684e+08
 716  718  0.000000e+00
  60   54 -1.760640e+10
 225  219 -1.351329e+05
 596  590 -2.136390e+11
 341  335  5.611711e+07
 398  394  1.669054e+09
 382  380  0.000000e+00
 291  291  2.702658e+05
 301  295 -1.379134e+12
 701  691  1.077448e+10
  15   15  2.702658e+05
  40   32 -1.669054e+09
  46   40  8.692992e+06
  78   72 -1.760640e+10
  46   38 -1.669054e+09
 605  607 -1.077448e+10
 483  489 -1.351329e+05
  52   56  1.669054e+09
 119  119  2.244684e+08
 605  595  1.077448e+10
 189  189  2.702658e+05
  96  102 -1.760640e+10
   4   10  8.692992e+06
 413  407  5.611711e+07
 571  581  1.077448e+10
 427  427  2.758268e+12
 145  139 -1.379134e+12
 642  648 -1.760640e+10
 757  751 -1.379134e+12
 319  313 -1.379134e+12
 210  216 -1.760640e+10
  49   47 -1.077448e+10
 219  225 -1.351329e+05
   9    9  2.702658e+05
 703  701 -1.077448e+10
 264  264  3.521280e+10
 286  290  1.669054e+09
 481  485  0.000000e+00
 747  741 -1.351329e+05
 293  293  2.244684e+08
 745  739 -1.379134e+12
 674  682 -1.669054e+09
 121  131  1.077448e+10
 385  389  0.000000e+00
 468  474 -1.760640e+10
  37   43 -1.379134e+12
 158  152 -2.136390e+11
  14   22 -1.669054e+09
 625  631 -1.379134e+12
 247  241 -1.379134e+12
 733  727 -1.379134e+12
 608  602 -2.136390e+11
 505  499 -1.379134e+12
  82   76  8.692992e+06
 502  500  0.000000e+00
 391  389 -1.077448e+10
 476  470 -2.136390e+11
 584  580  1.669054e+09
 713  719  5.611711e+07
 270  270  3.521280e+10
 178  182  1.669054e+09
 312  306 -1.760640e+10
 690  684 -1.760640e+10
 594  600 -1.760640e+10
 430  428  0.000000e+00
 637  631 -1.379134e+12
 249  249  2.702658e+05
 368  364  1.669054e+09
 617  611  5.611711e+07
 143  139  0.000000e+00
  40   40  3.477197e+07
 769  773 -1.077448e+10
 262  260  0.000000e+00
 221  223 -1.077448e+10
 677  683  5.611711e+07
 509  499  1.077448e+10
  79   73 -1.379134e+12
 610  604  8.692992e+06
 115  115  2.758268e+12
 434  436  0.000000e+00
 489  489  2.702658e+05
 718  724  8.692992e+06
 181  191  1.077448e+10
 137  131  5.611711e+07
 714  714  3.521280e+10
 720  714 -1.760640e+10
 224  232 -1.669054e+09
  55   49 -1.379134e+12
 349  359  1.077448e+10
 364  356 -1.669054e+09
  16   16  3.477197e+07
 400  404  1.669054e+09
 284  286  0.000000e+00
 421  419 -1.077448e+10
  35   41  5.611711e+07
 265  271 -1.379134e+12
 165  171 -1.351329e+05
 352  344 -1.669054e+09
 131  133 -1.077448e+10
 727  733 -1.379134e+12
 592  598  8.692992e+06
 180  180  3.521280e+10
 742  740  0.000000e+00
 410  404 -2.136390e+11
  34   28  8.692992e+06
 744  750 -1.760640e+10
 493  499 -1.379134e+12
 379  379  2.758268e+12
 112  118  8.692992e+06
 342  348 -1.760640e+10
 224  218 -2.136390e+11
 330  336 -1.760640e+10
 185  175  1.077448e+10
 631  625 -1.379134e+12
 545  547 -1.077448e+10
 305  299  5.611711e+07
  65   61  0.000000e+00
 742  742  3.477197e+07
 693  693  2.702658e+05
 320  326 -2.136390e+11
 772  764 -1.669054e+09
 230  224 -2.136390e+11
 130  136  8.692992e+06
  62   56 -2.136390e+11
 713  709  0.000000e+00
 627  633 -1.351329e+05
  33   33  2.702658e+05
  41   35  5.611711e+07
 125  121  0.000000e+00
 205  199 -1.379134e+12
 446  452 -2.136390e+11
   1   11  1.077448e+10
 685  695  1.077448e+10
 445  439 -1.379134e+12
 750  750  3.521280e+10
 226  220  8.692992e+06
 685  685  2.758268e+12
 740  734 -2.136390e+11
 578  584 -2.136390e+11
 262  256  8.692992e+06
  76   70  8.692992e+06
  23   13  1.077448e+10
 404  410 -2.136390e+11
 341  331  1.077448e+10
 732  726 -1.760640e+10
 311  317  5.611711e+07
 575  571  0.000000e+00
 256  254  0.000000e+00
 478  472  8.692992e+06
 613  613  2.758268e+12
 620  626 -2.136390e+11
 297  297  2.702658e+05
 492  486 -1.760640e+10
 616  622  8.692992e+06
 666  672 -1.760640e+10
 443  449  5.611711e+07
 745  749  0.000000e+00
 652  656  1.669054e+09
 322  322  3.477197e+07
 278  272 -2.136390e+11
 706  698 -1.669054e+09
 621  615 -1.351329e+05
 568  572  1.669054e+09
  74   74  4.272779e+11
 421  421  2.758268e+12
 749  743  5.611711e+07
 249  255 -1.351329e+05
 656  652  1.669054e+09
 738  732 -1.760640e+10
 147  153 -1.351329e+05
 670  674  1.669054e+09
 106  100  8.692992e+06
 692  700 -1.669054e+09
 281  277  0.000000e+00
  72   72  3.521280e+10
 622  626  1.669054e+09
 658  656  0.000000e+00
 307  307  2.758268e+12
 734  734  4.272779e+11
 768  762 -1.760640e+10
 452  460 -1.669054e+09
 564  570 -1.760640e+10
  13   19 -1.379134e+12
 389  395  5.611711e+07
 154  146 -1.669054e+09
 139  143  0.000000e+00
 137  137  2.244684e+08
 498  504 -1.760640e+10
 314  308 -2.136390e+11
 147  141 -1.351329e+05
 746  752 -2.136390e+11
 175  181 -1.379134e+12
 299  299  2.244684e+08
 634  628  8.692992e+06
 577  587  1.077448e+10
  44   44  4.272779e+11
 556  550  8.692992e+06
 488  482 -2.136390e+11
 565  571 -1.379134e+12
 519  513 -1.351329e+05
 686  692 -2.136390e+11
 517  517  2.758268e+12
 342  336 -1.760640e+10
  66   72 -1.760640e+10
 425  419  5.611711e+07
 500  506 -2.136390e+11
 250  244  8.692992e+06
 650  650  4.272779e+11
 737  733  0.000000e+00
  83   77  5.611711e+07
 721  715 -1.379134e+12
 345  339 -1.351329e+05
 663  663  2.702658e+05
 490  484  8.692992e+06
 190  188  0.000000e+00
 486  480 -1.760640e+10
 561  555 -1.351329e+05
 392  392  4.272779e+11
 275  271  0.000000e+00
 281  281  2.244684e+08
  70   62 -1.669054e+09
  98  104 -2.136390e+11
 577  577  2.758268e+12
 365  371  5.611711e+07
 146  140 -2.136390e+11
 628  634  8.692992e+06
  29   31 -1.077448e+10
  12    6 -1.760640e+10
  63   57 -1.351329e+05
 535  533 -1.077448e+10
 721  731  1.077448e+10
 480  474 -1.760640e+10
 605  605  2.244684e+08
 743  733  1.077448e+10
 292  284 -1.669054e+09
 424  416 -1.669054e+09
 468  462 -1.760640e+10
 225  225  2.702658e+05
 749  755  5.611711e+07
  77   73  0.000000e+00
 379  383  0.000000e+00
  94   94  3.477197e+07
 470  472  0.000000e+00
 309  303 -1.351329e+05
 200  194 -2.136390e+11
 444  438 -1.760640e+10
 318  318  3.521280e+10
 442  434 -1.669054e+09
 160  166  8.692992e+06
 320  316  1.669054e+09
 112  104 -1.669054e+09
 493  493  2.758268e+12
  51   45 -1.351329e+05
 127  137  1.077448e+10
 190  184  8.692992e+06
  68   64  1.669054e+09
 674  676  0.000000e+00
 527  529 -1.077448e+10
 203  197  5.611711e+07
   5    5  1.122342e+08
 259  269  1.077448e+10
 755  757 -1.077448e+10
 435  435  2.702658e+05
 288  288  3.521280e+10
 449  443  5.611711e+07
 215  209  5.611711e+07
 337  337  2.758268e+12
 562  566  1.669054e+09
 144  138 -1.760640e+10
 582  582  3.521280e+10
 491  491  2.244684e+08
 316  320  1.669054e+09
 260  262  0.000000e+00
 566  560 -2.136390e+11
 645  639 -1.351329e+05
 100  106  8.692992e+06
 450  444 -1.760640e+10
 578  572 -2.136390e+11
 701  697  0.000000e+00
 759  753 -1.351329e+05
 746  742  1.669054e+09
  59   65  5.611711e+07
 139  133 -1.379134e+12
 233  233  2.244684e+08
 587  589 -1.077448e+10
 557  553  0.000000e+00
 476  484 -1.669054e+09
 187  181 -1.379134e+12
 116  112  1.669054e+09
 140  142  0.000000e+00
 304  310  8.692992e+06
  37   37  2.758268e+12
 544  550  8.692992e+06
 167  163  0.000000e+00
 728  722 -2.136390e+11
 302  308 -2.136390e+11
 484  482  0.000000e+00
 576  576  3.521280e+10
 353  353  2.244684e+08
 568  560 -1.669054e+09
 556  556  3.477197e+07
 418  410 -1.669054e+09
 586  586  3.477197e+07
 117  117  2.702658e+05
 682  676  8.692992e+06
 137  139 -1.077448e+10
 187  193 -1.379134e+12
 688  692  1.669054e+09
 209  209  2.244684e+08
 175  185  1.077448e+10
 619  623  0.000000e+00
   7    1 -1.379134e+12
 404  406  0.000000e+00
 137  127  1.077448e+10
 598  592  8.692992e+06
 369  369  2.702658e+05
 726  720 -1.760640e+10
 674  668 -2.136390e+11
 251  247  0.000000e+00
 533  523  1.077448e+10
 262  268  8.692992e+06
 493  487 -1.379134e+12
 728  724  1.669054e+09
  87   93 -1.351329e+05
 155  145  1.077448e+10
 749  749  2.244684e+08
 304  304  3.477197e+07
 287  289 -1.077448e+10
  50   46  1.669054e+09
 554  554  4.272779e+11
 414  408 -1.760640e+10
  45   51 -1.351329e+05
 136  134  0.000000e+00
 236  244 -1.669054e+09
 452  448  1.669054e+09
 513  513  2.702658e+05
 428  430  0.000000e+00
 695  701  5.611711e+07
 586  580  8.692992e+06
 631  631  2.758268e+12
 708  714 -1.760640e+10
 148  140 -1.669054e+09
 438  432 -1.760640e+10
 395  401  5.611711e+07
 334  340  8.692992e+06
 372  378 -1.760640e+10
 292  286  8.692992e+06
 621  621  2.702658e+05
 496  494  0.000000e+00
 649  649  2.758268e+12
 701  695  5.611711e+07
  53   59  5.611711e+07
 174  174  3.521280e+10
 130  130  3.477197e+07
 376  380  1.669054e+09
 440  448 -1.669054e+09
 178  172  8.692992e+06
 565  569  0.000000e+00
 518  526 -1.669054e+09
 679  677 -1.077448e+10
 242  248 -2.136390e+11
 256  256  3.477197e+07
 113  119  5.611711e+07
 528  534 -1.760640e+10
 610  610  3.477197e+07
 661  659 -1.077448e+10
  79   79  2.758268e+12
 301  305  0.000000e+00
 275  275  2.244684e+08
 542  548 -2.136390e+11
 617  623  5.611711e+07
 667  673 -1.379134e+12
 637  637  2.758268e+12
 142  142  3.477197e+07
 331  325 -1.379134e+12
 428  428  4.272779e+11
 273  279 -1.351329e+05
 633  639 -1.351329e+05
 445  449  0.000000e+00
 258  258  3.521280e+10
 742  734 -1.669054e+09
 206  212 -2.136390e+11
 711  705 -1.351329e+05
 503  497  5.611711e+07
 194  196  0.000000e+00
 763  769 -1.379134e+12
 314  310  1.669054e+09
  86   88  0.000000e+00
 600  600  3.521280e+10
 496  502  8.692992e+06
 472  470  0.000000e+00
  50   52  0.000000e+00
 323  319  0.000000e+00
 728  734 -2.136390e+11
   1    1  1.379134e+12
 592  596  1.669054e+09
 524  526  0.000000e+00
  16   14  0.000000e+00
 439  433 -1.379134e+12
 287  287  2.244684e+08
 549  549  2.702658e+05
 319  323  0.000000e+00
 206  206  4.272779e+11
 107  107  2.244684e+08
 161  151  1.077448e+10
 529  535 -1.379134e+12
  38   32 -2.136390e+11
 361  359 -1.077448e+10
 490  482 -1.669054e+09
 448  448  3.477197e+07
 545  541  0.000000e+00
 492  498 -1.760640e+10
 362  370 -1.669054e+09
  23   29  5.611711e+07
 139  145 -1.379134e+12
 600  606 -1.760640e+10
 611  617  5.611711e+07
 258  252 -1.760640e+10
 710  704 -2.136390e+11
  32   40 -1.669054e+09
 100   92 -1.669054e+09
  65   65  2.244684e+08
 311  313 -1.077448e+10
 381  375 -1.351329e+05
 214  208  8.692992e+06
 556  560  1.669054e+09
 573  573  2.702658e+05
 266  260 -2.136390e+11
 458  458  4.272779e+11
 279  285 -1.351329e+05
 119  125  5.611711e+07
 360  360  3.521280e+10
 385  391 -1.379134e+12
 221  215  5.611711e+07
 118  110 -1.669054e+09
 738  738  3.521280e+10
 450  450  3.521280e+10
 632  626 -2.136390e+11
 412  404 -1.669054e+09
 372  366 -1.760640e+10
 732  738 -1.760640e+10
 471  471  2.702658e+05
 322  326  1.669054e+09
 743  743  2.244684e+08
 644  652 -1.669054e+09
 379  389  1.077448e+10
 575  581  5.611711e+07
 771  771  1.351329e+05 (Module: assembly, Line: 384)
2026-02-26 16:17:54,227 [INFO] 📊 Performance Metrics:
  Assembly Time: 0.03s
  Elements Processed: 128
  Matrix Density: 6.43e-03
  Memory Usage: 0.03MB
  Processing Rate: 4031.5 elements/s (Module: assembly, Line: 360)
2026-02-26 16:17:54,227 [INFO] ✅ Assembly complete. (Module: assembly, Line: 127)
