Machine Specifications:
   - OS: Windows 11 (10.0.26100)
       • Logical cores: 20
       • Physical cores: 12
   - RAM: 31.24 GB
   - Disk: 943.72 GB total, 2.54 GB free
   - Python Version: 3.12.5 (C:\Users\s1834431\AppData\Local\Programs\Python\Python312\python.exe)
   - GPU(s): Intel(R) UHD Graphics 770

Job: job_0005_n128
Timestamp (job start): 2026-02-26_16-18-01-493133
Total Time: 12.94 sec

+-------------------------------+------------+---------------+-------------+-----------+
| Step                          |   Time (s) |   Memory (MB) |   Disk (GB) |   CPU (%) |
+===============================+============+===============+=============+===========+
| Parsing                       | 0.00831342 |       133.703 |     941.163 |       0   |
+-------------------------------+------------+---------------+-------------+-----------+
| Element Instantiation         | 0.718978   |       133.719 |     941.164 |      16.6 |
+-------------------------------+------------+---------------+-------------+-----------+
| Element Stiffness Computation | 1.79103    |       135.207 |     941.171 |       0   |
+-------------------------------+------------+---------------+-------------+-----------+
| Element Force Computation     | 0.687335   |       135.305 |     941.172 |       0   |
+-------------------------------+------------+---------------+-------------+-----------+
| Full Simulation               | 9.11658    |       135.715 |     941.182 |       0   |
+-------------------------------+------------+---------------+-------------+-----------+

Parallel Jobs: None
Start Memory: 133.70 MB | End Memory: 135.71 MB
Start Disk Usage: 941.16 GB | End Disk Usage: 941.18 GB
Start CPU: 0.00% | End CPU: 0.00%
