Machine Specifications:
   - OS: Windows 11 (10.0.26100)
       • Logical cores: 20
       • Physical cores: 12
   - RAM: 31.24 GB
   - Disk: 943.72 GB total, 2.49 GB free
   - Python Version: 3.12.5 (C:\Users\s1834431\AppData\Local\Programs\Python\Python312\python.exe)
   - GPU(s): Intel(R) UHD Graphics 770

Job: job_0008_n64
Timestamp (job start): 2026-02-26_16-19-06-669714
Total Time: 9.44 sec

+-------------------------------+------------+---------------+-------------+-----------+
| Step                          |   Time (s) |   Memory (MB) |   Disk (GB) |   CPU (%) |
+===============================+============+===============+=============+===========+
| Parsing                       | 0.00151968 |       137.258 |     941.215 |         0 |
+-------------------------------+------------+---------------+-------------+-----------+
| Element Instantiation         | 0.644248   |       137.258 |     941.216 |         0 |
+-------------------------------+------------+---------------+-------------+-----------+
| Element Stiffness Computation | 0.764515   |       137.258 |     941.217 |         0 |
+-------------------------------+------------+---------------+-------------+-----------+
| Element Force Computation     | 0.615826   |       137.262 |     941.219 |         0 |
+-------------------------------+------------+---------------+-------------+-----------+
| Full Simulation               | 6.79342    |       137.391 |     941.223 |         0 |
+-------------------------------+------------+---------------+-------------+-----------+

Parallel Jobs: None
Start Memory: 137.25 MB | End Memory: 137.39 MB
Start Disk Usage: 941.22 GB | End Disk Usage: 941.22 GB
Start CPU: 0.00% | End CPU: 0.00%
