2026-02-26 16:19:03,500 [DEBUG] 📁 Log file: c:\Users\s1834431\Programs\fem_model\post_processing\results\job_0008_n64_2026-02-26_16-18-57-017934_pid18316_43b80312\logs\SolveCondensedSystem.log (Module: solver, Line: 249)
2026-02-26 16:19:03,500 [DEBUG] Row/column scaling applied. (Module: solver, Line: 164)
2026-02-26 16:19:03,500 [DEBUG] Building ILU (drop_tol=1e-06, fill_factor=1.0) (Module: solver, Line: 77)
2026-02-26 16:19:03,500 [DEBUG] ILU fill-ratio = 1.01 (Module: solver, Line: 82)
2026-02-26 16:19:03,500 [INFO] Solver parameters • solver='cg', prec='auto', K nnz=1648, dofs=384 (Module: solver, Line: 181)
2026-02-26 16:19:03,500 [INFO] Condensed condition estimate: 1.01e+00 (Module: solver, Line: 187)
2026-02-26 16:19:03,500 [DEBUG] Iter   10 | residual 1.268e-02 (Module: solver, Line: 328)
2026-02-26 16:19:03,500 [DEBUG] Iter   20 | residual 1.478e-02 (Module: solver, Line: 328)
2026-02-26 16:19:03,500 [DEBUG] Iter   30 | residual 1.600e-02 (Module: solver, Line: 328)
2026-02-26 16:19:03,500 [DEBUG] Iter   40 | residual 1.688e-02 (Module: solver, Line: 328)
2026-02-26 16:19:03,500 [DEBUG] Iter   50 | residual 1.757e-02 (Module: solver, Line: 328)
2026-02-26 16:19:03,500 [DEBUG] Iter   60 | residual 1.812e-02 (Module: solver, Line: 328)
2026-02-26 16:19:03,500 [DEBUG] Iter   70 | residual 1.859e-02 (Module: solver, Line: 328)
2026-02-26 16:19:03,500 [DEBUG] Iter   80 | residual 1.898e-02 (Module: solver, Line: 328)
2026-02-26 16:19:03,500 [DEBUG] Iter   90 | residual 1.933e-02 (Module: solver, Line: 328)
2026-02-26 16:19:03,508 [DEBUG] Iter  100 | residual 1.964e-02 (Module: solver, Line: 328)
2026-02-26 16:19:03,508 [DEBUG] Iter  110 | residual 1.991e-02 (Module: solver, Line: 328)
2026-02-26 16:19:03,508 [DEBUG] Iter  120 | residual 2.016e-02 (Module: solver, Line: 328)
2026-02-26 16:19:03,510 [DEBUG] Iter  130 | residual 2.039e-02 (Module: solver, Line: 328)
2026-02-26 16:19:03,510 [DEBUG] Iter  140 | residual 2.060e-02 (Module: solver, Line: 328)
2026-02-26 16:19:03,511 [DEBUG] Iter  150 | residual 2.079e-02 (Module: solver, Line: 328)
2026-02-26 16:19:03,511 [DEBUG] Iter  160 | residual 2.097e-02 (Module: solver, Line: 328)
2026-02-26 16:19:03,511 [DEBUG] Iter  170 | residual 2.114e-02 (Module: solver, Line: 328)
2026-02-26 16:19:03,512 [DEBUG] Iter  180 | residual 2.130e-02 (Module: solver, Line: 328)
2026-02-26 16:19:03,512 [DEBUG] Iter  190 | residual 2.145e-02 (Module: solver, Line: 328)
2026-02-26 16:19:03,513 [DEBUG] Iter  200 | residual 2.159e-02 (Module: solver, Line: 328)
2026-02-26 16:19:03,513 [DEBUG] Iter  210 | residual 2.172e-02 (Module: solver, Line: 328)
2026-02-26 16:19:03,514 [DEBUG] Iter  220 | residual 2.185e-02 (Module: solver, Line: 328)
2026-02-26 16:19:03,514 [DEBUG] Iter  230 | residual 2.197e-02 (Module: solver, Line: 328)
2026-02-26 16:19:03,515 [DEBUG] Iter  240 | residual 2.209e-02 (Module: solver, Line: 328)
2026-02-26 16:19:03,515 [DEBUG] Iter  250 | residual 2.220e-02 (Module: solver, Line: 328)
2026-02-26 16:19:03,516 [DEBUG] Iter  260 | residual 2.230e-02 (Module: solver, Line: 328)
2026-02-26 16:19:03,517 [DEBUG] Iter  270 | residual 2.241e-02 (Module: solver, Line: 328)
2026-02-26 16:19:03,517 [DEBUG] Iter  280 | residual 2.250e-02 (Module: solver, Line: 328)
2026-02-26 16:19:03,518 [DEBUG] Iter  290 | residual 2.260e-02 (Module: solver, Line: 328)
2026-02-26 16:19:03,518 [DEBUG] Iter  300 | residual 2.269e-02 (Module: solver, Line: 328)
2026-02-26 16:19:03,519 [DEBUG] Iter  310 | residual 2.278e-02 (Module: solver, Line: 328)
2026-02-26 16:19:03,519 [DEBUG] Iter  320 | residual 2.286e-02 (Module: solver, Line: 328)
2026-02-26 16:19:03,519 [DEBUG] Iter  330 | residual 2.294e-02 (Module: solver, Line: 328)
2026-02-26 16:19:03,519 [DEBUG] Iter  340 | residual 2.302e-02 (Module: solver, Line: 328)
2026-02-26 16:19:03,520 [DEBUG] Iter  350 | residual 2.310e-02 (Module: solver, Line: 328)
2026-02-26 16:19:03,520 [DEBUG] Iter  360 | residual 2.317e-02 (Module: solver, Line: 328)
2026-02-26 16:19:03,521 [DEBUG] Iter  370 | residual 2.324e-02 (Module: solver, Line: 328)
2026-02-26 16:19:03,521 [DEBUG] Iter  380 | residual 2.331e-02 (Module: solver, Line: 328)
2026-02-26 16:19:03,522 [DEBUG] Iter  390 | residual 2.338e-02 (Module: solver, Line: 328)
2026-02-26 16:19:03,522 [DEBUG] Iter  400 | residual 2.344e-02 (Module: solver, Line: 328)
2026-02-26 16:19:03,522 [DEBUG] Iter  410 | residual 2.351e-02 (Module: solver, Line: 328)
2026-02-26 16:19:03,523 [DEBUG] Iter  420 | residual 2.357e-02 (Module: solver, Line: 328)
2026-02-26 16:19:03,524 [DEBUG] Iter  430 | residual 2.363e-02 (Module: solver, Line: 328)
2026-02-26 16:19:03,524 [DEBUG] Iter  440 | residual 2.369e-02 (Module: solver, Line: 328)
2026-02-26 16:19:03,525 [DEBUG] Iter  450 | residual 2.375e-02 (Module: solver, Line: 328)
2026-02-26 16:19:03,525 [DEBUG] Iter  460 | residual 2.380e-02 (Module: solver, Line: 328)
2026-02-26 16:19:03,525 [DEBUG] Iter  470 | residual 2.386e-02 (Module: solver, Line: 328)
2026-02-26 16:19:03,526 [DEBUG] Iter  480 | residual 2.391e-02 (Module: solver, Line: 328)
2026-02-26 16:19:03,526 [DEBUG] Iter  490 | residual 2.396e-02 (Module: solver, Line: 328)
2026-02-26 16:19:03,527 [DEBUG] Iter  500 | residual 2.401e-02 (Module: solver, Line: 328)
2026-02-26 16:19:03,527 [DEBUG] Iter  510 | residual 2.406e-02 (Module: solver, Line: 328)
2026-02-26 16:19:03,528 [DEBUG] Iter  520 | residual 2.411e-02 (Module: solver, Line: 328)
2026-02-26 16:19:03,528 [DEBUG] Iter  530 | residual 2.416e-02 (Module: solver, Line: 328)
2026-02-26 16:19:03,528 [DEBUG] Iter  540 | residual 2.421e-02 (Module: solver, Line: 328)
2026-02-26 16:19:03,528 [DEBUG] Iter  550 | residual 2.425e-02 (Module: solver, Line: 328)
2026-02-26 16:19:03,528 [DEBUG] Iter  560 | residual 2.430e-02 (Module: solver, Line: 328)
2026-02-26 16:19:03,528 [DEBUG] Iter  570 | residual 2.434e-02 (Module: solver, Line: 328)
2026-02-26 16:19:03,528 [DEBUG] Iter  580 | residual 2.439e-02 (Module: solver, Line: 328)
2026-02-26 16:19:03,528 [DEBUG] Iter  590 | residual 2.443e-02 (Module: solver, Line: 328)
2026-02-26 16:19:03,528 [DEBUG] Iter  600 | residual 2.447e-02 (Module: solver, Line: 328)
2026-02-26 16:19:03,528 [DEBUG] Iter  610 | residual 2.451e-02 (Module: solver, Line: 328)
2026-02-26 16:19:03,528 [DEBUG] Iter  620 | residual 2.455e-02 (Module: solver, Line: 328)
2026-02-26 16:19:03,528 [DEBUG] Iter  630 | residual 2.459e-02 (Module: solver, Line: 328)
2026-02-26 16:19:03,528 [DEBUG] Iter  640 | residual 2.463e-02 (Module: solver, Line: 328)
2026-02-26 16:19:03,528 [DEBUG] Iter  650 | residual 2.467e-02 (Module: solver, Line: 328)
2026-02-26 16:19:03,528 [DEBUG] Iter  660 | residual 2.471e-02 (Module: solver, Line: 328)
2026-02-26 16:19:03,528 [DEBUG] Iter  670 | residual 2.474e-02 (Module: solver, Line: 328)
2026-02-26 16:19:03,528 [DEBUG] Iter  680 | residual 2.478e-02 (Module: solver, Line: 328)
2026-02-26 16:19:03,528 [DEBUG] Iter  690 | residual 2.482e-02 (Module: solver, Line: 328)
2026-02-26 16:19:03,528 [DEBUG] Iter  700 | residual 2.485e-02 (Module: solver, Line: 328)
2026-02-26 16:19:03,528 [DEBUG] Iter  710 | residual 2.489e-02 (Module: solver, Line: 328)
2026-02-26 16:19:03,528 [DEBUG] Iter  720 | residual 2.492e-02 (Module: solver, Line: 328)
2026-02-26 16:19:03,528 [DEBUG] Iter  730 | residual 2.495e-02 (Module: solver, Line: 328)
2026-02-26 16:19:03,528 [DEBUG] Iter  740 | residual 2.499e-02 (Module: solver, Line: 328)
2026-02-26 16:19:03,528 [DEBUG] Iter  750 | residual 2.502e-02 (Module: solver, Line: 328)
2026-02-26 16:19:03,528 [DEBUG] Iter  760 | residual 2.505e-02 (Module: solver, Line: 328)
2026-02-26 16:19:03,528 [DEBUG] Iter  770 | residual 2.508e-02 (Module: solver, Line: 328)
2026-02-26 16:19:03,528 [DEBUG] Iter  780 | residual 2.511e-02 (Module: solver, Line: 328)
2026-02-26 16:19:03,528 [DEBUG] Iter  790 | residual 2.514e-02 (Module: solver, Line: 328)
2026-02-26 16:19:03,528 [DEBUG] Iter  800 | residual 2.517e-02 (Module: solver, Line: 328)
2026-02-26 16:19:03,528 [DEBUG] Iter  810 | residual 2.520e-02 (Module: solver, Line: 328)
2026-02-26 16:19:03,528 [DEBUG] Iter  820 | residual 2.523e-02 (Module: solver, Line: 328)
2026-02-26 16:19:03,528 [DEBUG] Iter  830 | residual 2.526e-02 (Module: solver, Line: 328)
2026-02-26 16:19:03,528 [DEBUG] Iter  840 | residual 2.529e-02 (Module: solver, Line: 328)
2026-02-26 16:19:03,544 [DEBUG] Iter  850 | residual 2.532e-02 (Module: solver, Line: 328)
2026-02-26 16:19:03,544 [DEBUG] Iter  860 | residual 2.535e-02 (Module: solver, Line: 328)
2026-02-26 16:19:03,545 [DEBUG] Iter  870 | residual 2.537e-02 (Module: solver, Line: 328)
2026-02-26 16:19:03,545 [DEBUG] Iter  880 | residual 2.540e-02 (Module: solver, Line: 328)
2026-02-26 16:19:03,546 [DEBUG] Iter  890 | residual 2.543e-02 (Module: solver, Line: 328)
2026-02-26 16:19:03,546 [DEBUG] Iter  900 | residual 2.546e-02 (Module: solver, Line: 328)
2026-02-26 16:19:03,547 [DEBUG] Iter  910 | residual 2.548e-02 (Module: solver, Line: 328)
2026-02-26 16:19:03,547 [DEBUG] Iter  920 | residual 2.551e-02 (Module: solver, Line: 328)
2026-02-26 16:19:03,548 [DEBUG] Iter  930 | residual 2.553e-02 (Module: solver, Line: 328)
2026-02-26 16:19:03,549 [DEBUG] Iter  940 | residual 2.556e-02 (Module: solver, Line: 328)
2026-02-26 16:19:03,549 [DEBUG] Iter  950 | residual 2.558e-02 (Module: solver, Line: 328)
2026-02-26 16:19:03,550 [DEBUG] Iter  960 | residual 2.561e-02 (Module: solver, Line: 328)
2026-02-26 16:19:03,550 [DEBUG] Iter  970 | residual 2.563e-02 (Module: solver, Line: 328)
2026-02-26 16:19:03,550 [DEBUG] Iter  980 | residual 2.566e-02 (Module: solver, Line: 328)
2026-02-26 16:19:03,550 [DEBUG] Iter  990 | residual 2.568e-02 (Module: solver, Line: 328)
2026-02-26 16:19:03,550 [DEBUG] Iter 1000 | residual 2.570e-02 (Module: solver, Line: 328)
2026-02-26 16:19:03,550 [WARNING] Solver info=1000 (not converged). (Module: solver, Line: 344)
2026-02-26 16:19:03,550 [INFO] Retrying with ILU preconditioner … (Module: solver, Line: 351)
2026-02-26 16:19:03,550 [DEBUG] Building ILU (drop_tol=1e-06, fill_factor=1.0) (Module: solver, Line: 77)
2026-02-26 16:19:03,550 [DEBUG] ILU fill-ratio = 1.01 (Module: solver, Line: 82)
2026-02-26 16:19:03,550 [DEBUG] Iter 1010 | residual 1.268e-02 (Module: solver, Line: 328)
2026-02-26 16:19:03,550 [DEBUG] Iter 1020 | residual 1.478e-02 (Module: solver, Line: 328)
2026-02-26 16:19:03,550 [DEBUG] Iter 1030 | residual 1.600e-02 (Module: solver, Line: 328)
2026-02-26 16:19:03,550 [DEBUG] Iter 1040 | residual 1.688e-02 (Module: solver, Line: 328)
2026-02-26 16:19:03,550 [DEBUG] Iter 1050 | residual 1.757e-02 (Module: solver, Line: 328)
2026-02-26 16:19:03,550 [DEBUG] Iter 1060 | residual 1.812e-02 (Module: solver, Line: 328)
2026-02-26 16:19:03,550 [DEBUG] Iter 1070 | residual 1.859e-02 (Module: solver, Line: 328)
2026-02-26 16:19:03,550 [DEBUG] Iter 1080 | residual 1.898e-02 (Module: solver, Line: 328)
2026-02-26 16:19:03,550 [DEBUG] Iter 1090 | residual 1.933e-02 (Module: solver, Line: 328)
2026-02-26 16:19:03,550 [DEBUG] Iter 1100 | residual 1.964e-02 (Module: solver, Line: 328)
2026-02-26 16:19:03,550 [DEBUG] Iter 1110 | residual 1.991e-02 (Module: solver, Line: 328)
2026-02-26 16:19:03,550 [DEBUG] Iter 1120 | residual 2.016e-02 (Module: solver, Line: 328)
2026-02-26 16:19:03,550 [DEBUG] Iter 1130 | residual 2.039e-02 (Module: solver, Line: 328)
2026-02-26 16:19:03,550 [DEBUG] Iter 1140 | residual 2.060e-02 (Module: solver, Line: 328)
2026-02-26 16:19:03,550 [DEBUG] Iter 1150 | residual 2.079e-02 (Module: solver, Line: 328)
2026-02-26 16:19:03,550 [DEBUG] Iter 1160 | residual 2.097e-02 (Module: solver, Line: 328)
2026-02-26 16:19:03,561 [DEBUG] Iter 1170 | residual 2.114e-02 (Module: solver, Line: 328)
2026-02-26 16:19:03,561 [DEBUG] Iter 1180 | residual 2.130e-02 (Module: solver, Line: 328)
2026-02-26 16:19:03,562 [DEBUG] Iter 1190 | residual 2.145e-02 (Module: solver, Line: 328)
2026-02-26 16:19:03,562 [DEBUG] Iter 1200 | residual 2.159e-02 (Module: solver, Line: 328)
2026-02-26 16:19:03,563 [DEBUG] Iter 1210 | residual 2.172e-02 (Module: solver, Line: 328)
2026-02-26 16:19:03,563 [DEBUG] Iter 1220 | residual 2.185e-02 (Module: solver, Line: 328)
2026-02-26 16:19:03,564 [DEBUG] Iter 1230 | residual 2.197e-02 (Module: solver, Line: 328)
2026-02-26 16:19:03,564 [DEBUG] Iter 1240 | residual 2.209e-02 (Module: solver, Line: 328)
2026-02-26 16:19:03,565 [DEBUG] Iter 1250 | residual 2.220e-02 (Module: solver, Line: 328)
2026-02-26 16:19:03,565 [DEBUG] Iter 1260 | residual 2.230e-02 (Module: solver, Line: 328)
2026-02-26 16:19:03,566 [DEBUG] Iter 1270 | residual 2.241e-02 (Module: solver, Line: 328)
2026-02-26 16:19:03,566 [DEBUG] Iter 1280 | residual 2.250e-02 (Module: solver, Line: 328)
2026-02-26 16:19:03,567 [DEBUG] Iter 1290 | residual 2.260e-02 (Module: solver, Line: 328)
2026-02-26 16:19:03,567 [DEBUG] Iter 1300 | residual 2.269e-02 (Module: solver, Line: 328)
2026-02-26 16:19:03,568 [DEBUG] Iter 1310 | residual 2.278e-02 (Module: solver, Line: 328)
2026-02-26 16:19:03,568 [DEBUG] Iter 1320 | residual 2.286e-02 (Module: solver, Line: 328)
2026-02-26 16:19:03,568 [DEBUG] Iter 1330 | residual 2.294e-02 (Module: solver, Line: 328)
2026-02-26 16:19:03,569 [DEBUG] Iter 1340 | residual 2.302e-02 (Module: solver, Line: 328)
2026-02-26 16:19:03,569 [DEBUG] Iter 1350 | residual 2.310e-02 (Module: solver, Line: 328)
2026-02-26 16:19:03,570 [DEBUG] Iter 1360 | residual 2.317e-02 (Module: solver, Line: 328)
2026-02-26 16:19:03,570 [DEBUG] Iter 1370 | residual 2.324e-02 (Module: solver, Line: 328)
2026-02-26 16:19:03,571 [DEBUG] Iter 1380 | residual 2.331e-02 (Module: solver, Line: 328)
2026-02-26 16:19:03,571 [DEBUG] Iter 1390 | residual 2.338e-02 (Module: solver, Line: 328)
2026-02-26 16:19:03,571 [DEBUG] Iter 1400 | residual 2.344e-02 (Module: solver, Line: 328)
2026-02-26 16:19:03,572 [DEBUG] Iter 1410 | residual 2.351e-02 (Module: solver, Line: 328)
2026-02-26 16:19:03,573 [DEBUG] Iter 1420 | residual 2.357e-02 (Module: solver, Line: 328)
2026-02-26 16:19:03,573 [DEBUG] Iter 1430 | residual 2.363e-02 (Module: solver, Line: 328)
2026-02-26 16:19:03,573 [DEBUG] Iter 1440 | residual 2.369e-02 (Module: solver, Line: 328)
2026-02-26 16:19:03,574 [DEBUG] Iter 1450 | residual 2.375e-02 (Module: solver, Line: 328)
2026-02-26 16:19:03,574 [DEBUG] Iter 1460 | residual 2.380e-02 (Module: solver, Line: 328)
2026-02-26 16:19:03,575 [DEBUG] Iter 1470 | residual 2.386e-02 (Module: solver, Line: 328)
2026-02-26 16:19:03,576 [DEBUG] Iter 1480 | residual 2.391e-02 (Module: solver, Line: 328)
2026-02-26 16:19:03,576 [DEBUG] Iter 1490 | residual 2.396e-02 (Module: solver, Line: 328)
2026-02-26 16:19:03,577 [DEBUG] Iter 1500 | residual 2.401e-02 (Module: solver, Line: 328)
2026-02-26 16:19:03,578 [DEBUG] Iter 1510 | residual 2.406e-02 (Module: solver, Line: 328)
2026-02-26 16:19:03,579 [DEBUG] Iter 1520 | residual 2.411e-02 (Module: solver, Line: 328)
2026-02-26 16:19:03,579 [DEBUG] Iter 1530 | residual 2.416e-02 (Module: solver, Line: 328)
2026-02-26 16:19:03,579 [DEBUG] Iter 1540 | residual 2.421e-02 (Module: solver, Line: 328)
2026-02-26 16:19:03,580 [DEBUG] Iter 1550 | residual 2.425e-02 (Module: solver, Line: 328)
2026-02-26 16:19:03,581 [DEBUG] Iter 1560 | residual 2.430e-02 (Module: solver, Line: 328)
2026-02-26 16:19:03,581 [DEBUG] Iter 1570 | residual 2.434e-02 (Module: solver, Line: 328)
2026-02-26 16:19:03,582 [DEBUG] Iter 1580 | residual 2.439e-02 (Module: solver, Line: 328)
2026-02-26 16:19:03,582 [DEBUG] Iter 1590 | residual 2.443e-02 (Module: solver, Line: 328)
2026-02-26 16:19:03,583 [DEBUG] Iter 1600 | residual 2.447e-02 (Module: solver, Line: 328)
2026-02-26 16:19:03,583 [DEBUG] Iter 1610 | residual 2.451e-02 (Module: solver, Line: 328)
2026-02-26 16:19:03,584 [DEBUG] Iter 1620 | residual 2.455e-02 (Module: solver, Line: 328)
2026-02-26 16:19:03,584 [DEBUG] Iter 1630 | residual 2.459e-02 (Module: solver, Line: 328)
2026-02-26 16:19:03,584 [DEBUG] Iter 1640 | residual 2.463e-02 (Module: solver, Line: 328)
2026-02-26 16:19:03,584 [DEBUG] Iter 1650 | residual 2.467e-02 (Module: solver, Line: 328)
2026-02-26 16:19:03,584 [DEBUG] Iter 1660 | residual 2.471e-02 (Module: solver, Line: 328)
2026-02-26 16:19:03,584 [DEBUG] Iter 1670 | residual 2.474e-02 (Module: solver, Line: 328)
2026-02-26 16:19:03,584 [DEBUG] Iter 1680 | residual 2.478e-02 (Module: solver, Line: 328)
2026-02-26 16:19:03,584 [DEBUG] Iter 1690 | residual 2.482e-02 (Module: solver, Line: 328)
2026-02-26 16:19:03,584 [DEBUG] Iter 1700 | residual 2.485e-02 (Module: solver, Line: 328)
2026-02-26 16:19:03,584 [DEBUG] Iter 1710 | residual 2.489e-02 (Module: solver, Line: 328)
2026-02-26 16:19:03,584 [DEBUG] Iter 1720 | residual 2.492e-02 (Module: solver, Line: 328)
2026-02-26 16:19:03,584 [DEBUG] Iter 1730 | residual 2.495e-02 (Module: solver, Line: 328)
2026-02-26 16:19:03,584 [DEBUG] Iter 1740 | residual 2.499e-02 (Module: solver, Line: 328)
2026-02-26 16:19:03,584 [DEBUG] Iter 1750 | residual 2.502e-02 (Module: solver, Line: 328)
2026-02-26 16:19:03,584 [DEBUG] Iter 1760 | residual 2.505e-02 (Module: solver, Line: 328)
2026-02-26 16:19:03,584 [DEBUG] Iter 1770 | residual 2.508e-02 (Module: solver, Line: 328)
2026-02-26 16:19:03,592 [DEBUG] Iter 1780 | residual 2.511e-02 (Module: solver, Line: 328)
2026-02-26 16:19:03,592 [DEBUG] Iter 1790 | residual 2.514e-02 (Module: solver, Line: 328)
2026-02-26 16:19:03,592 [DEBUG] Iter 1800 | residual 2.517e-02 (Module: solver, Line: 328)
2026-02-26 16:19:03,593 [DEBUG] Iter 1810 | residual 2.520e-02 (Module: solver, Line: 328)
2026-02-26 16:19:03,594 [DEBUG] Iter 1820 | residual 2.523e-02 (Module: solver, Line: 328)
2026-02-26 16:19:03,595 [DEBUG] Iter 1830 | residual 2.526e-02 (Module: solver, Line: 328)
2026-02-26 16:19:03,596 [DEBUG] Iter 1840 | residual 2.529e-02 (Module: solver, Line: 328)
2026-02-26 16:19:03,596 [DEBUG] Iter 1850 | residual 2.532e-02 (Module: solver, Line: 328)
2026-02-26 16:19:03,596 [DEBUG] Iter 1860 | residual 2.535e-02 (Module: solver, Line: 328)
2026-02-26 16:19:03,596 [DEBUG] Iter 1870 | residual 2.537e-02 (Module: solver, Line: 328)
2026-02-26 16:19:03,596 [DEBUG] Iter 1880 | residual 2.540e-02 (Module: solver, Line: 328)
2026-02-26 16:19:03,596 [DEBUG] Iter 1890 | residual 2.543e-02 (Module: solver, Line: 328)
2026-02-26 16:19:03,596 [DEBUG] Iter 1900 | residual 2.546e-02 (Module: solver, Line: 328)
2026-02-26 16:19:03,596 [DEBUG] Iter 1910 | residual 2.548e-02 (Module: solver, Line: 328)
2026-02-26 16:19:03,596 [DEBUG] Iter 1920 | residual 2.551e-02 (Module: solver, Line: 328)
2026-02-26 16:19:03,600 [DEBUG] Iter 1930 | residual 2.553e-02 (Module: solver, Line: 328)
2026-02-26 16:19:03,600 [DEBUG] Iter 1940 | residual 2.556e-02 (Module: solver, Line: 328)
2026-02-26 16:19:03,600 [DEBUG] Iter 1950 | residual 2.558e-02 (Module: solver, Line: 328)
2026-02-26 16:19:03,600 [DEBUG] Iter 1960 | residual 2.561e-02 (Module: solver, Line: 328)
2026-02-26 16:19:03,600 [DEBUG] Iter 1970 | residual 2.563e-02 (Module: solver, Line: 328)
2026-02-26 16:19:03,600 [DEBUG] Iter 1980 | residual 2.566e-02 (Module: solver, Line: 328)
2026-02-26 16:19:03,600 [DEBUG] Iter 1990 | residual 2.568e-02 (Module: solver, Line: 328)
2026-02-26 16:19:03,600 [DEBUG] Iter 2000 | residual 2.570e-02 (Module: solver, Line: 328)
2026-02-26 16:19:03,600 [WARNING] Solver info=1000 (not converged). (Module: solver, Line: 344)
2026-02-26 16:19:03,600 [INFO] Switching to direct SuperLU fall-back. (Module: solver, Line: 359)
2026-02-26 16:19:03,600 [DEBUG] Using SuperLU direct solver (Module: solver, Line: 306)
2026-02-26 16:19:03,605 [INFO] Condensed residual norm: 6.647e-03 (Module: solver, Line: 204)
2026-02-26 16:19:03,605 [WARNING] Residual is high – verify model! (Module: solver, Line: 207)
2026-02-26 16:19:03,605 [INFO] 📊 Condensed solver report: (Module: solver, Line: 384)
2026-02-26 16:19:03,605 [INFO]  • dofs: 384 (Module: solver, Line: 386)
2026-02-26 16:19:03,605 [INFO]  • nnz: 1648 (Module: solver, Line: 386)
2026-02-26 16:19:03,605 [INFO]  • density: 0.011176215277777778 (Module: solver, Line: 386)
2026-02-26 16:19:03,605 [INFO]  • condition_est: 1.0085097074735516 (Module: solver, Line: 386)
2026-02-26 16:19:03,605 [INFO]  • solve_phases: {'iterative': 0.05100080000011076, 'factorization': 0.0003546999996615341, 'solution': 0.00040530000023863977} (Module: solver, Line: 386)
2026-02-26 16:19:03,605 [INFO]  • iters: 2000 (Module: solver, Line: 386)
2026-02-26 16:19:03,606 [INFO]  • final_residual: 0.025703810524659386 (Module: solver, Line: 386)
