2025-11-16 14:53:55,602 [DEBUG] 📁 Log file: C:\Users\s1834431\.cursor\worktrees\fem_model\kXxtc\post_processing\results\job_0002_2025-11-16_14-53-30-594228_pid24328_81bf9b47\logs\SolveCondensedSystem.log (Module: solver, Line: 220)
2025-11-16 14:53:55,604 [DEBUG] Row/column scaling applied. (Module: solver, Line: 136)
2025-11-16 14:53:55,606 [DEBUG] Building ILU (drop_tol=1e-06, fill_factor=1.0) (Module: solver, Line: 72)
2025-11-16 14:53:55,608 [DEBUG] ILU fill-ratio = 1.00 (Module: solver, Line: 77)
2025-11-16 14:53:55,608 [INFO] Solver parameters • solver='cg', prec='auto', K nnz=7480, dofs=1500 (Module: solver, Line: 153)
2025-11-16 14:53:55,610 [INFO] Condensed condition estimate: 1.05e+00 (Module: solver, Line: 159)
2025-11-16 14:53:55,612 [DEBUG] Iter   10 | residual 1.543e-03 (Module: solver, Line: 291)
2025-11-16 14:53:55,614 [DEBUG] Iter   20 | residual 1.543e-03 (Module: solver, Line: 291)
2025-11-16 14:53:55,616 [DEBUG] Iter   30 | residual 1.543e-03 (Module: solver, Line: 291)
2025-11-16 14:53:55,619 [DEBUG] Iter   40 | residual 1.543e-03 (Module: solver, Line: 291)
2025-11-16 14:53:55,621 [DEBUG] Iter   50 | residual 1.543e-03 (Module: solver, Line: 291)
2025-11-16 14:53:55,623 [DEBUG] Iter   60 | residual 1.543e-03 (Module: solver, Line: 291)
2025-11-16 14:53:55,624 [DEBUG] Iter   70 | residual 1.543e-03 (Module: solver, Line: 291)
2025-11-16 14:53:55,626 [DEBUG] Iter   80 | residual 1.543e-03 (Module: solver, Line: 291)
2025-11-16 14:53:55,627 [DEBUG] Iter   90 | residual 1.543e-03 (Module: solver, Line: 291)
2025-11-16 14:53:55,630 [DEBUG] Iter  100 | residual 1.543e-03 (Module: solver, Line: 291)
2025-11-16 14:53:55,632 [DEBUG] Iter  110 | residual 1.543e-03 (Module: solver, Line: 291)
2025-11-16 14:53:55,635 [DEBUG] Iter  120 | residual 1.543e-03 (Module: solver, Line: 291)
2025-11-16 14:53:55,638 [DEBUG] Iter  130 | residual 1.543e-03 (Module: solver, Line: 291)
2025-11-16 14:53:55,640 [DEBUG] Iter  140 | residual 1.543e-03 (Module: solver, Line: 291)
2025-11-16 14:53:55,643 [DEBUG] Iter  150 | residual 1.543e-03 (Module: solver, Line: 291)
2025-11-16 14:53:55,646 [DEBUG] Iter  160 | residual 1.543e-03 (Module: solver, Line: 291)
2025-11-16 14:53:55,649 [DEBUG] Iter  170 | residual 1.543e-03 (Module: solver, Line: 291)
2025-11-16 14:53:55,652 [DEBUG] Iter  180 | residual 1.543e-03 (Module: solver, Line: 291)
2025-11-16 14:53:55,654 [DEBUG] Iter  190 | residual 1.543e-03 (Module: solver, Line: 291)
2025-11-16 14:53:55,657 [DEBUG] Iter  200 | residual 1.543e-03 (Module: solver, Line: 291)
2025-11-16 14:53:55,659 [DEBUG] Iter  210 | residual 1.543e-03 (Module: solver, Line: 291)
2025-11-16 14:53:55,663 [DEBUG] Iter  220 | residual 1.543e-03 (Module: solver, Line: 291)
2025-11-16 14:53:55,666 [DEBUG] Iter  230 | residual 1.543e-03 (Module: solver, Line: 291)
2025-11-16 14:53:55,670 [DEBUG] Iter  240 | residual 1.543e-03 (Module: solver, Line: 291)
2025-11-16 14:53:55,672 [DEBUG] Iter  250 | residual 1.543e-03 (Module: solver, Line: 291)
2025-11-16 14:53:55,675 [DEBUG] Iter  260 | residual 1.543e-03 (Module: solver, Line: 291)
2025-11-16 14:53:55,677 [DEBUG] Iter  270 | residual 1.543e-03 (Module: solver, Line: 291)
2025-11-16 14:53:55,684 [DEBUG] Iter  280 | residual 1.543e-03 (Module: solver, Line: 291)
2025-11-16 14:53:55,689 [DEBUG] Iter  290 | residual 1.543e-03 (Module: solver, Line: 291)
2025-11-16 14:53:55,691 [DEBUG] Iter  300 | residual 1.543e-03 (Module: solver, Line: 291)
2025-11-16 14:53:55,693 [DEBUG] Iter  310 | residual 1.543e-03 (Module: solver, Line: 291)
2025-11-16 14:53:55,695 [DEBUG] Iter  320 | residual 1.543e-03 (Module: solver, Line: 291)
2025-11-16 14:53:55,697 [DEBUG] Iter  330 | residual 1.543e-03 (Module: solver, Line: 291)
2025-11-16 14:53:55,701 [DEBUG] Iter  340 | residual 1.543e-03 (Module: solver, Line: 291)
2025-11-16 14:53:55,704 [DEBUG] Iter  350 | residual 1.543e-03 (Module: solver, Line: 291)
2025-11-16 14:53:55,707 [DEBUG] Iter  360 | residual 1.543e-03 (Module: solver, Line: 291)
2025-11-16 14:53:55,710 [DEBUG] Iter  370 | residual 1.543e-03 (Module: solver, Line: 291)
2025-11-16 14:53:55,711 [DEBUG] Iter  380 | residual 1.543e-03 (Module: solver, Line: 291)
2025-11-16 14:53:55,715 [DEBUG] Iter  390 | residual 1.543e-03 (Module: solver, Line: 291)
2025-11-16 14:53:55,719 [DEBUG] Iter  400 | residual 1.543e-03 (Module: solver, Line: 291)
2025-11-16 14:53:55,721 [DEBUG] Iter  410 | residual 1.543e-03 (Module: solver, Line: 291)
2025-11-16 14:53:55,723 [DEBUG] Iter  420 | residual 1.543e-03 (Module: solver, Line: 291)
2025-11-16 14:53:55,725 [DEBUG] Iter  430 | residual 1.543e-03 (Module: solver, Line: 291)
2025-11-16 14:53:55,728 [DEBUG] Iter  440 | residual 1.543e-03 (Module: solver, Line: 291)
2025-11-16 14:53:55,732 [DEBUG] Iter  450 | residual 1.543e-03 (Module: solver, Line: 291)
2025-11-16 14:53:55,735 [DEBUG] Iter  460 | residual 1.543e-03 (Module: solver, Line: 291)
2025-11-16 14:53:55,737 [DEBUG] Iter  470 | residual 1.543e-03 (Module: solver, Line: 291)
2025-11-16 14:53:55,739 [DEBUG] Iter  480 | residual 1.543e-03 (Module: solver, Line: 291)
2025-11-16 14:53:55,742 [DEBUG] Iter  490 | residual 1.543e-03 (Module: solver, Line: 291)
2025-11-16 14:53:55,744 [DEBUG] Iter  500 | residual 1.543e-03 (Module: solver, Line: 291)
2025-11-16 14:53:55,749 [DEBUG] Iter  510 | residual 1.543e-03 (Module: solver, Line: 291)
2025-11-16 14:53:55,751 [DEBUG] Iter  520 | residual 1.543e-03 (Module: solver, Line: 291)
2025-11-16 14:53:55,753 [DEBUG] Iter  530 | residual 1.543e-03 (Module: solver, Line: 291)
2025-11-16 14:53:55,755 [DEBUG] Iter  540 | residual 1.543e-03 (Module: solver, Line: 291)
2025-11-16 14:53:55,758 [DEBUG] Iter  550 | residual 1.543e-03 (Module: solver, Line: 291)
2025-11-16 14:53:55,760 [DEBUG] Iter  560 | residual 1.543e-03 (Module: solver, Line: 291)
2025-11-16 14:53:55,763 [DEBUG] Iter  570 | residual 1.543e-03 (Module: solver, Line: 291)
2025-11-16 14:53:55,766 [DEBUG] Iter  580 | residual 1.543e-03 (Module: solver, Line: 291)
2025-11-16 14:53:55,769 [DEBUG] Iter  590 | residual 1.543e-03 (Module: solver, Line: 291)
2025-11-16 14:53:55,772 [DEBUG] Iter  600 | residual 1.543e-03 (Module: solver, Line: 291)
2025-11-16 14:53:55,774 [DEBUG] Iter  610 | residual 1.543e-03 (Module: solver, Line: 291)
2025-11-16 14:53:55,777 [DEBUG] Iter  620 | residual 1.543e-03 (Module: solver, Line: 291)
2025-11-16 14:53:55,780 [DEBUG] Iter  630 | residual 1.543e-03 (Module: solver, Line: 291)
2025-11-16 14:53:55,783 [DEBUG] Iter  640 | residual 1.543e-03 (Module: solver, Line: 291)
2025-11-16 14:53:55,785 [DEBUG] Iter  650 | residual 1.543e-03 (Module: solver, Line: 291)
2025-11-16 14:53:55,787 [DEBUG] Iter  660 | residual 1.543e-03 (Module: solver, Line: 291)
2025-11-16 14:53:55,789 [DEBUG] Iter  670 | residual 1.543e-03 (Module: solver, Line: 291)
2025-11-16 14:53:55,791 [DEBUG] Iter  680 | residual 1.543e-03 (Module: solver, Line: 291)
2025-11-16 14:53:55,794 [DEBUG] Iter  690 | residual 1.543e-03 (Module: solver, Line: 291)
2025-11-16 14:53:55,797 [DEBUG] Iter  700 | residual 1.543e-03 (Module: solver, Line: 291)
2025-11-16 14:53:55,801 [DEBUG] Iter  710 | residual 1.543e-03 (Module: solver, Line: 291)
2025-11-16 14:53:55,803 [DEBUG] Iter  720 | residual 1.543e-03 (Module: solver, Line: 291)
2025-11-16 14:53:55,806 [DEBUG] Iter  730 | residual 1.543e-03 (Module: solver, Line: 291)
2025-11-16 14:53:55,808 [DEBUG] Iter  740 | residual 1.543e-03 (Module: solver, Line: 291)
2025-11-16 14:53:55,810 [DEBUG] Iter  750 | residual 1.543e-03 (Module: solver, Line: 291)
2025-11-16 14:53:55,813 [DEBUG] Iter  760 | residual 1.543e-03 (Module: solver, Line: 291)
2025-11-16 14:53:55,816 [DEBUG] Iter  770 | residual 1.543e-03 (Module: solver, Line: 291)
2025-11-16 14:53:55,819 [DEBUG] Iter  780 | residual 1.543e-03 (Module: solver, Line: 291)
2025-11-16 14:53:55,821 [DEBUG] Iter  790 | residual 1.543e-03 (Module: solver, Line: 291)
2025-11-16 14:53:55,824 [DEBUG] Iter  800 | residual 1.543e-03 (Module: solver, Line: 291)
2025-11-16 14:53:55,826 [DEBUG] Iter  810 | residual 1.543e-03 (Module: solver, Line: 291)
2025-11-16 14:53:55,828 [DEBUG] Iter  820 | residual 1.543e-03 (Module: solver, Line: 291)
2025-11-16 14:53:55,833 [DEBUG] Iter  830 | residual 1.543e-03 (Module: solver, Line: 291)
2025-11-16 14:53:55,835 [DEBUG] Iter  840 | residual 1.543e-03 (Module: solver, Line: 291)
2025-11-16 14:53:55,837 [DEBUG] Iter  850 | residual 1.543e-03 (Module: solver, Line: 291)
2025-11-16 14:53:55,838 [DEBUG] Iter  860 | residual 1.543e-03 (Module: solver, Line: 291)
2025-11-16 14:53:55,841 [DEBUG] Iter  870 | residual 1.543e-03 (Module: solver, Line: 291)
2025-11-16 14:53:55,845 [DEBUG] Iter  880 | residual 1.543e-03 (Module: solver, Line: 291)
2025-11-16 14:53:55,847 [DEBUG] Iter  890 | residual 1.543e-03 (Module: solver, Line: 291)
2025-11-16 14:53:55,850 [DEBUG] Iter  900 | residual 1.543e-03 (Module: solver, Line: 291)
2025-11-16 14:53:55,853 [DEBUG] Iter  910 | residual 1.543e-03 (Module: solver, Line: 291)
2025-11-16 14:53:55,855 [DEBUG] Iter  920 | residual 1.543e-03 (Module: solver, Line: 291)
2025-11-16 14:53:55,858 [DEBUG] Iter  930 | residual 1.543e-03 (Module: solver, Line: 291)
2025-11-16 14:53:55,860 [DEBUG] Iter  940 | residual 1.543e-03 (Module: solver, Line: 291)
2025-11-16 14:53:55,863 [DEBUG] Iter  950 | residual 1.543e-03 (Module: solver, Line: 291)
2025-11-16 14:53:55,865 [DEBUG] Iter  960 | residual 1.543e-03 (Module: solver, Line: 291)
2025-11-16 14:53:55,868 [DEBUG] Iter  970 | residual 1.543e-03 (Module: solver, Line: 291)
2025-11-16 14:53:55,871 [DEBUG] Iter  980 | residual 1.543e-03 (Module: solver, Line: 291)
2025-11-16 14:53:55,872 [DEBUG] Iter  990 | residual 1.543e-03 (Module: solver, Line: 291)
2025-11-16 14:53:55,876 [DEBUG] Iter 1000 | residual 1.543e-03 (Module: solver, Line: 291)
2025-11-16 14:53:55,878 [DEBUG] Iter 1010 | residual 1.543e-03 (Module: solver, Line: 291)
2025-11-16 14:53:55,881 [DEBUG] Iter 1020 | residual 1.543e-03 (Module: solver, Line: 291)
2025-11-16 14:53:55,884 [DEBUG] Iter 1030 | residual 1.543e-03 (Module: solver, Line: 291)
2025-11-16 14:53:55,886 [DEBUG] Iter 1040 | residual 1.543e-03 (Module: solver, Line: 291)
2025-11-16 14:53:55,888 [DEBUG] Iter 1050 | residual 1.543e-03 (Module: solver, Line: 291)
2025-11-16 14:53:55,890 [DEBUG] Iter 1060 | residual 1.543e-03 (Module: solver, Line: 291)
2025-11-16 14:53:55,894 [DEBUG] Iter 1070 | residual 1.543e-03 (Module: solver, Line: 291)
2025-11-16 14:53:55,897 [DEBUG] Iter 1080 | residual 1.543e-03 (Module: solver, Line: 291)
2025-11-16 14:53:55,900 [DEBUG] Iter 1090 | residual 1.543e-03 (Module: solver, Line: 291)
2025-11-16 14:53:55,902 [DEBUG] Iter 1100 | residual 1.543e-03 (Module: solver, Line: 291)
2025-11-16 14:53:55,904 [DEBUG] Iter 1110 | residual 1.543e-03 (Module: solver, Line: 291)
2025-11-16 14:53:55,906 [DEBUG] Iter 1120 | residual 1.543e-03 (Module: solver, Line: 291)
2025-11-16 14:53:55,908 [DEBUG] Iter 1130 | residual 1.543e-03 (Module: solver, Line: 291)
2025-11-16 14:53:55,910 [DEBUG] Iter 1140 | residual 1.543e-03 (Module: solver, Line: 291)
2025-11-16 14:53:55,912 [DEBUG] Iter 1150 | residual 1.543e-03 (Module: solver, Line: 291)
2025-11-16 14:53:55,915 [DEBUG] Iter 1160 | residual 1.543e-03 (Module: solver, Line: 291)
2025-11-16 14:53:55,918 [DEBUG] Iter 1170 | residual 1.543e-03 (Module: solver, Line: 291)
2025-11-16 14:53:55,921 [DEBUG] Iter 1180 | residual 1.543e-03 (Module: solver, Line: 291)
2025-11-16 14:53:55,924 [DEBUG] Iter 1190 | residual 1.543e-03 (Module: solver, Line: 291)
2025-11-16 14:53:55,925 [DEBUG] Iter 1200 | residual 1.543e-03 (Module: solver, Line: 291)
2025-11-16 14:53:55,928 [DEBUG] Iter 1210 | residual 1.543e-03 (Module: solver, Line: 291)
2025-11-16 14:53:55,932 [DEBUG] Iter 1220 | residual 1.543e-03 (Module: solver, Line: 291)
2025-11-16 14:53:55,935 [DEBUG] Iter 1230 | residual 1.543e-03 (Module: solver, Line: 291)
2025-11-16 14:53:55,940 [DEBUG] Iter 1240 | residual 1.543e-03 (Module: solver, Line: 291)
2025-11-16 14:53:55,942 [DEBUG] Iter 1250 | residual 1.543e-03 (Module: solver, Line: 291)
2025-11-16 14:53:55,945 [DEBUG] Iter 1260 | residual 1.543e-03 (Module: solver, Line: 291)
2025-11-16 14:53:55,949 [DEBUG] Iter 1270 | residual 1.543e-03 (Module: solver, Line: 291)
2025-11-16 14:53:55,952 [DEBUG] Iter 1280 | residual 1.543e-03 (Module: solver, Line: 291)
2025-11-16 14:53:55,954 [DEBUG] Iter 1290 | residual 1.543e-03 (Module: solver, Line: 291)
2025-11-16 14:53:55,956 [DEBUG] Iter 1300 | residual 1.543e-03 (Module: solver, Line: 291)
2025-11-16 14:53:55,957 [DEBUG] Iter 1310 | residual 1.543e-03 (Module: solver, Line: 291)
2025-11-16 14:53:55,959 [DEBUG] Iter 1320 | residual 1.543e-03 (Module: solver, Line: 291)
2025-11-16 14:53:55,961 [DEBUG] Iter 1330 | residual 1.543e-03 (Module: solver, Line: 291)
2025-11-16 14:53:55,964 [DEBUG] Iter 1340 | residual 1.543e-03 (Module: solver, Line: 291)
2025-11-16 14:53:55,967 [DEBUG] Iter 1350 | residual 1.543e-03 (Module: solver, Line: 291)
2025-11-16 14:53:55,970 [DEBUG] Iter 1360 | residual 1.543e-03 (Module: solver, Line: 291)
2025-11-16 14:53:55,972 [DEBUG] Iter 1370 | residual 1.543e-03 (Module: solver, Line: 291)
2025-11-16 14:53:55,974 [DEBUG] Iter 1380 | residual 1.543e-03 (Module: solver, Line: 291)
2025-11-16 14:53:55,976 [DEBUG] Iter 1390 | residual 1.543e-03 (Module: solver, Line: 291)
2025-11-16 14:53:55,979 [DEBUG] Iter 1400 | residual 1.543e-03 (Module: solver, Line: 291)
2025-11-16 14:53:55,982 [DEBUG] Iter 1410 | residual 1.543e-03 (Module: solver, Line: 291)
2025-11-16 14:53:55,985 [DEBUG] Iter 1420 | residual 1.543e-03 (Module: solver, Line: 291)
2025-11-16 14:53:55,987 [DEBUG] Iter 1430 | residual 1.543e-03 (Module: solver, Line: 291)
2025-11-16 14:53:55,989 [DEBUG] Iter 1440 | residual 1.543e-03 (Module: solver, Line: 291)
2025-11-16 14:53:55,992 [DEBUG] Iter 1450 | residual 1.543e-03 (Module: solver, Line: 291)
2025-11-16 14:53:55,994 [DEBUG] Iter 1460 | residual 1.543e-03 (Module: solver, Line: 291)
2025-11-16 14:53:55,997 [DEBUG] Iter 1470 | residual 1.543e-03 (Module: solver, Line: 291)
2025-11-16 14:53:56,000 [DEBUG] Iter 1480 | residual 1.543e-03 (Module: solver, Line: 291)
2025-11-16 14:53:56,002 [DEBUG] Iter 1490 | residual 1.543e-03 (Module: solver, Line: 291)
2025-11-16 14:53:56,004 [DEBUG] Iter 1500 | residual 1.543e-03 (Module: solver, Line: 291)
2025-11-16 14:53:56,007 [DEBUG] Iter 1510 | residual 1.543e-03 (Module: solver, Line: 291)
2025-11-16 14:53:56,009 [DEBUG] Iter 1520 | residual 1.543e-03 (Module: solver, Line: 291)
2025-11-16 14:53:56,011 [DEBUG] Iter 1530 | residual 1.543e-03 (Module: solver, Line: 291)
2025-11-16 14:53:56,013 [DEBUG] Iter 1540 | residual 1.543e-03 (Module: solver, Line: 291)
2025-11-16 14:53:56,016 [DEBUG] Iter 1550 | residual 1.543e-03 (Module: solver, Line: 291)
2025-11-16 14:53:56,018 [DEBUG] Iter 1560 | residual 1.543e-03 (Module: solver, Line: 291)
2025-11-16 14:53:56,021 [DEBUG] Iter 1570 | residual 1.543e-03 (Module: solver, Line: 291)
2025-11-16 14:53:56,024 [DEBUG] Iter 1580 | residual 1.543e-03 (Module: solver, Line: 291)
2025-11-16 14:53:56,026 [DEBUG] Iter 1590 | residual 1.543e-03 (Module: solver, Line: 291)
2025-11-16 14:53:56,028 [DEBUG] Iter 1600 | residual 1.543e-03 (Module: solver, Line: 291)
2025-11-16 14:53:56,030 [DEBUG] Iter 1610 | residual 1.543e-03 (Module: solver, Line: 291)
2025-11-16 14:53:56,033 [DEBUG] Iter 1620 | residual 1.543e-03 (Module: solver, Line: 291)
2025-11-16 14:53:56,035 [DEBUG] Iter 1630 | residual 1.543e-03 (Module: solver, Line: 291)
2025-11-16 14:53:56,037 [DEBUG] Iter 1640 | residual 1.543e-03 (Module: solver, Line: 291)
2025-11-16 14:53:56,039 [DEBUG] Iter 1650 | residual 1.543e-03 (Module: solver, Line: 291)
2025-11-16 14:53:56,041 [DEBUG] Iter 1660 | residual 1.543e-03 (Module: solver, Line: 291)
2025-11-16 14:53:56,043 [DEBUG] Iter 1670 | residual 1.543e-03 (Module: solver, Line: 291)
2025-11-16 14:53:56,046 [DEBUG] Iter 1680 | residual 1.543e-03 (Module: solver, Line: 291)
2025-11-16 14:53:56,048 [DEBUG] Iter 1690 | residual 1.543e-03 (Module: solver, Line: 291)
2025-11-16 14:53:56,050 [DEBUG] Iter 1700 | residual 1.543e-03 (Module: solver, Line: 291)
2025-11-16 14:53:56,053 [DEBUG] Iter 1710 | residual 1.543e-03 (Module: solver, Line: 291)
2025-11-16 14:53:56,054 [DEBUG] Iter 1720 | residual 1.543e-03 (Module: solver, Line: 291)
2025-11-16 14:53:56,057 [DEBUG] Iter 1730 | residual 1.543e-03 (Module: solver, Line: 291)
2025-11-16 14:53:56,059 [DEBUG] Iter 1740 | residual 1.543e-03 (Module: solver, Line: 291)
2025-11-16 14:53:56,061 [DEBUG] Iter 1750 | residual 1.543e-03 (Module: solver, Line: 291)
2025-11-16 14:53:56,062 [DEBUG] Iter 1760 | residual 1.543e-03 (Module: solver, Line: 291)
2025-11-16 14:53:56,064 [DEBUG] Iter 1770 | residual 1.543e-03 (Module: solver, Line: 291)
2025-11-16 14:53:56,067 [DEBUG] Iter 1780 | residual 1.543e-03 (Module: solver, Line: 291)
2025-11-16 14:53:56,069 [DEBUG] Iter 1790 | residual 1.543e-03 (Module: solver, Line: 291)
2025-11-16 14:53:56,071 [DEBUG] Iter 1800 | residual 1.543e-03 (Module: solver, Line: 291)
2025-11-16 14:53:56,073 [DEBUG] Iter 1810 | residual 1.543e-03 (Module: solver, Line: 291)
2025-11-16 14:53:56,075 [DEBUG] Iter 1820 | residual 1.543e-03 (Module: solver, Line: 291)
2025-11-16 14:53:56,076 [DEBUG] Iter 1830 | residual 1.543e-03 (Module: solver, Line: 291)
2025-11-16 14:53:56,078 [DEBUG] Iter 1840 | residual 1.543e-03 (Module: solver, Line: 291)
2025-11-16 14:53:56,081 [DEBUG] Iter 1850 | residual 1.543e-03 (Module: solver, Line: 291)
2025-11-16 14:53:56,083 [DEBUG] Iter 1860 | residual 1.543e-03 (Module: solver, Line: 291)
2025-11-16 14:53:56,086 [DEBUG] Iter 1870 | residual 1.543e-03 (Module: solver, Line: 291)
2025-11-16 14:53:56,088 [DEBUG] Iter 1880 | residual 1.543e-03 (Module: solver, Line: 291)
2025-11-16 14:53:56,090 [DEBUG] Iter 1890 | residual 1.543e-03 (Module: solver, Line: 291)
2025-11-16 14:53:56,093 [DEBUG] Iter 1900 | residual 1.543e-03 (Module: solver, Line: 291)
2025-11-16 14:53:56,094 [DEBUG] Iter 1910 | residual 1.543e-03 (Module: solver, Line: 291)
2025-11-16 14:53:56,096 [DEBUG] Iter 1920 | residual 1.543e-03 (Module: solver, Line: 291)
2025-11-16 14:53:56,099 [DEBUG] Iter 1930 | residual 1.543e-03 (Module: solver, Line: 291)
2025-11-16 14:53:56,102 [DEBUG] Iter 1940 | residual 1.543e-03 (Module: solver, Line: 291)
2025-11-16 14:53:56,104 [DEBUG] Iter 1950 | residual 1.543e-03 (Module: solver, Line: 291)
2025-11-16 14:53:56,107 [DEBUG] Iter 1960 | residual 1.543e-03 (Module: solver, Line: 291)
2025-11-16 14:53:56,108 [DEBUG] Iter 1970 | residual 1.543e-03 (Module: solver, Line: 291)
2025-11-16 14:53:56,110 [DEBUG] Iter 1980 | residual 1.543e-03 (Module: solver, Line: 291)
2025-11-16 14:53:56,113 [DEBUG] Iter 1990 | residual 1.543e-03 (Module: solver, Line: 291)
2025-11-16 14:53:56,115 [DEBUG] Iter 2000 | residual 1.543e-03 (Module: solver, Line: 291)
2025-11-16 14:53:56,118 [DEBUG] Iter 2010 | residual 1.543e-03 (Module: solver, Line: 291)
2025-11-16 14:53:56,120 [DEBUG] Iter 2020 | residual 1.543e-03 (Module: solver, Line: 291)
2025-11-16 14:53:56,121 [DEBUG] Iter 2030 | residual 1.543e-03 (Module: solver, Line: 291)
2025-11-16 14:53:56,124 [DEBUG] Iter 2040 | residual 1.543e-03 (Module: solver, Line: 291)
2025-11-16 14:53:56,126 [DEBUG] Iter 2050 | residual 1.543e-03 (Module: solver, Line: 291)
2025-11-16 14:53:56,128 [DEBUG] Iter 2060 | residual 1.543e-03 (Module: solver, Line: 291)
2025-11-16 14:53:56,130 [DEBUG] Iter 2070 | residual 1.543e-03 (Module: solver, Line: 291)
2025-11-16 14:53:56,132 [DEBUG] Iter 2080 | residual 1.543e-03 (Module: solver, Line: 291)
2025-11-16 14:53:56,136 [DEBUG] Iter 2090 | residual 1.543e-03 (Module: solver, Line: 291)
2025-11-16 14:53:56,137 [DEBUG] Iter 2100 | residual 1.543e-03 (Module: solver, Line: 291)
2025-11-16 14:53:56,139 [DEBUG] Iter 2110 | residual 1.543e-03 (Module: solver, Line: 291)
2025-11-16 14:53:56,141 [DEBUG] Iter 2120 | residual 1.543e-03 (Module: solver, Line: 291)
2025-11-16 14:53:56,143 [DEBUG] Iter 2130 | residual 1.543e-03 (Module: solver, Line: 291)
2025-11-16 14:53:56,145 [DEBUG] Iter 2140 | residual 1.543e-03 (Module: solver, Line: 291)
2025-11-16 14:53:56,147 [DEBUG] Iter 2150 | residual 1.543e-03 (Module: solver, Line: 291)
2025-11-16 14:53:56,149 [DEBUG] Iter 2160 | residual 1.543e-03 (Module: solver, Line: 291)
2025-11-16 14:53:56,152 [DEBUG] Iter 2170 | residual 1.543e-03 (Module: solver, Line: 291)
2025-11-16 14:53:56,154 [DEBUG] Iter 2180 | residual 1.543e-03 (Module: solver, Line: 291)
2025-11-16 14:53:56,159 [DEBUG] Iter 2190 | residual 1.543e-03 (Module: solver, Line: 291)
2025-11-16 14:53:56,160 [DEBUG] Iter 2200 | residual 1.543e-03 (Module: solver, Line: 291)
2025-11-16 14:53:56,162 [DEBUG] Iter 2210 | residual 1.543e-03 (Module: solver, Line: 291)
2025-11-16 14:53:56,165 [DEBUG] Iter 2220 | residual 1.543e-03 (Module: solver, Line: 291)
2025-11-16 14:53:56,167 [DEBUG] Iter 2230 | residual 1.543e-03 (Module: solver, Line: 291)
2025-11-16 14:53:56,169 [DEBUG] Iter 2240 | residual 1.543e-03 (Module: solver, Line: 291)
2025-11-16 14:53:56,170 [DEBUG] Iter 2250 | residual 1.543e-03 (Module: solver, Line: 291)
2025-11-16 14:53:56,172 [DEBUG] Iter 2260 | residual 1.543e-03 (Module: solver, Line: 291)
2025-11-16 14:53:56,175 [DEBUG] Iter 2270 | residual 1.543e-03 (Module: solver, Line: 291)
2025-11-16 14:53:56,177 [DEBUG] Iter 2280 | residual 1.543e-03 (Module: solver, Line: 291)
2025-11-16 14:53:56,179 [DEBUG] Iter 2290 | residual 1.543e-03 (Module: solver, Line: 291)
2025-11-16 14:53:56,180 [DEBUG] Iter 2300 | residual 1.543e-03 (Module: solver, Line: 291)
2025-11-16 14:53:56,182 [DEBUG] Iter 2310 | residual 1.543e-03 (Module: solver, Line: 291)
2025-11-16 14:53:56,186 [DEBUG] Iter 2320 | residual 1.543e-03 (Module: solver, Line: 291)
2025-11-16 14:53:56,187 [DEBUG] Iter 2330 | residual 1.543e-03 (Module: solver, Line: 291)
2025-11-16 14:53:56,189 [DEBUG] Iter 2340 | residual 1.543e-03 (Module: solver, Line: 291)
2025-11-16 14:53:56,191 [DEBUG] Iter 2350 | residual 1.543e-03 (Module: solver, Line: 291)
2025-11-16 14:53:56,193 [DEBUG] Iter 2360 | residual 1.543e-03 (Module: solver, Line: 291)
2025-11-16 14:53:56,196 [DEBUG] Iter 2370 | residual 1.543e-03 (Module: solver, Line: 291)
2025-11-16 14:53:56,198 [DEBUG] Iter 2380 | residual 1.543e-03 (Module: solver, Line: 291)
2025-11-16 14:53:56,200 [DEBUG] Iter 2390 | residual 1.543e-03 (Module: solver, Line: 291)
2025-11-16 14:53:56,203 [DEBUG] Iter 2400 | residual 1.543e-03 (Module: solver, Line: 291)
2025-11-16 14:53:56,204 [DEBUG] Iter 2410 | residual 1.543e-03 (Module: solver, Line: 291)
2025-11-16 14:53:56,206 [DEBUG] Iter 2420 | residual 1.543e-03 (Module: solver, Line: 291)
2025-11-16 14:53:56,208 [DEBUG] Iter 2430 | residual 1.543e-03 (Module: solver, Line: 291)
2025-11-16 14:53:56,209 [DEBUG] Iter 2440 | residual 1.543e-03 (Module: solver, Line: 291)
2025-11-16 14:53:56,211 [DEBUG] Iter 2450 | residual 1.543e-03 (Module: solver, Line: 291)
2025-11-16 14:53:56,212 [DEBUG] Iter 2460 | residual 1.543e-03 (Module: solver, Line: 291)
2025-11-16 14:53:56,215 [DEBUG] Iter 2470 | residual 1.543e-03 (Module: solver, Line: 291)
2025-11-16 14:53:56,218 [DEBUG] Iter 2480 | residual 1.543e-03 (Module: solver, Line: 291)
2025-11-16 14:53:56,220 [DEBUG] Iter 2490 | residual 1.543e-03 (Module: solver, Line: 291)
2025-11-16 14:53:56,222 [DEBUG] Iter 2500 | residual 1.543e-03 (Module: solver, Line: 291)
2025-11-16 14:53:56,224 [DEBUG] Iter 2510 | residual 1.543e-03 (Module: solver, Line: 291)
2025-11-16 14:53:56,226 [DEBUG] Iter 2520 | residual 1.543e-03 (Module: solver, Line: 291)
2025-11-16 14:53:56,227 [DEBUG] Iter 2530 | residual 1.543e-03 (Module: solver, Line: 291)
2025-11-16 14:53:56,229 [DEBUG] Iter 2540 | residual 1.543e-03 (Module: solver, Line: 291)
2025-11-16 14:53:56,231 [DEBUG] Iter 2550 | residual 1.543e-03 (Module: solver, Line: 291)
2025-11-16 14:53:56,234 [DEBUG] Iter 2560 | residual 1.543e-03 (Module: solver, Line: 291)
2025-11-16 14:53:56,237 [DEBUG] Iter 2570 | residual 1.543e-03 (Module: solver, Line: 291)
2025-11-16 14:53:56,238 [DEBUG] Iter 2580 | residual 1.543e-03 (Module: solver, Line: 291)
2025-11-16 14:53:56,241 [DEBUG] Iter 2590 | residual 1.543e-03 (Module: solver, Line: 291)
2025-11-16 14:53:56,243 [DEBUG] Iter 2600 | residual 1.543e-03 (Module: solver, Line: 291)
2025-11-16 14:53:56,244 [DEBUG] Iter 2610 | residual 1.543e-03 (Module: solver, Line: 291)
2025-11-16 14:53:56,246 [DEBUG] Iter 2620 | residual 1.543e-03 (Module: solver, Line: 291)
2025-11-16 14:53:56,249 [DEBUG] Iter 2630 | residual 1.543e-03 (Module: solver, Line: 291)
2025-11-16 14:53:56,251 [DEBUG] Iter 2640 | residual 1.543e-03 (Module: solver, Line: 291)
2025-11-16 14:53:56,254 [DEBUG] Iter 2650 | residual 1.543e-03 (Module: solver, Line: 291)
2025-11-16 14:53:56,255 [DEBUG] Iter 2660 | residual 1.543e-03 (Module: solver, Line: 291)
2025-11-16 14:53:56,256 [DEBUG] Iter 2670 | residual 1.543e-03 (Module: solver, Line: 291)
2025-11-16 14:53:56,258 [DEBUG] Iter 2680 | residual 1.543e-03 (Module: solver, Line: 291)
2025-11-16 14:53:56,260 [DEBUG] Iter 2690 | residual 1.543e-03 (Module: solver, Line: 291)
2025-11-16 14:53:56,261 [DEBUG] Iter 2700 | residual 1.543e-03 (Module: solver, Line: 291)
2025-11-16 14:53:56,264 [DEBUG] Iter 2710 | residual 1.543e-03 (Module: solver, Line: 291)
2025-11-16 14:53:56,267 [DEBUG] Iter 2720 | residual 1.543e-03 (Module: solver, Line: 291)
2025-11-16 14:53:56,268 [DEBUG] Iter 2730 | residual 1.543e-03 (Module: solver, Line: 291)
2025-11-16 14:53:56,271 [DEBUG] Iter 2740 | residual 1.543e-03 (Module: solver, Line: 291)
2025-11-16 14:53:56,273 [DEBUG] Iter 2750 | residual 1.543e-03 (Module: solver, Line: 291)
2025-11-16 14:53:56,275 [DEBUG] Iter 2760 | residual 1.543e-03 (Module: solver, Line: 291)
2025-11-16 14:53:56,277 [DEBUG] Iter 2770 | residual 1.543e-03 (Module: solver, Line: 291)
2025-11-16 14:53:56,279 [DEBUG] Iter 2780 | residual 1.543e-03 (Module: solver, Line: 291)
2025-11-16 14:53:56,283 [DEBUG] Iter 2790 | residual 1.543e-03 (Module: solver, Line: 291)
2025-11-16 14:53:56,286 [DEBUG] Iter 2800 | residual 1.543e-03 (Module: solver, Line: 291)
2025-11-16 14:53:56,288 [DEBUG] Iter 2810 | residual 1.543e-03 (Module: solver, Line: 291)
2025-11-16 14:53:56,290 [DEBUG] Iter 2820 | residual 1.543e-03 (Module: solver, Line: 291)
2025-11-16 14:53:56,291 [DEBUG] Iter 2830 | residual 1.543e-03 (Module: solver, Line: 291)
2025-11-16 14:53:56,294 [DEBUG] Iter 2840 | residual 1.543e-03 (Module: solver, Line: 291)
2025-11-16 14:53:56,295 [DEBUG] Iter 2850 | residual 1.543e-03 (Module: solver, Line: 291)
2025-11-16 14:53:56,298 [DEBUG] Iter 2860 | residual 1.543e-03 (Module: solver, Line: 291)
2025-11-16 14:53:56,301 [DEBUG] Iter 2870 | residual 1.543e-03 (Module: solver, Line: 291)
2025-11-16 14:53:56,304 [DEBUG] Iter 2880 | residual 1.543e-03 (Module: solver, Line: 291)
2025-11-16 14:53:56,305 [DEBUG] Iter 2890 | residual 1.543e-03 (Module: solver, Line: 291)
2025-11-16 14:53:56,307 [DEBUG] Iter 2900 | residual 1.543e-03 (Module: solver, Line: 291)
2025-11-16 14:53:56,308 [DEBUG] Iter 2910 | residual 1.543e-03 (Module: solver, Line: 291)
2025-11-16 14:53:56,310 [DEBUG] Iter 2920 | residual 1.543e-03 (Module: solver, Line: 291)
2025-11-16 14:53:56,311 [DEBUG] Iter 2930 | residual 1.543e-03 (Module: solver, Line: 291)
2025-11-16 14:53:56,314 [DEBUG] Iter 2940 | residual 1.543e-03 (Module: solver, Line: 291)
2025-11-16 14:53:56,316 [DEBUG] Iter 2950 | residual 1.543e-03 (Module: solver, Line: 291)
2025-11-16 14:53:56,319 [DEBUG] Iter 2960 | residual 1.543e-03 (Module: solver, Line: 291)
2025-11-16 14:53:56,321 [DEBUG] Iter 2970 | residual 1.543e-03 (Module: solver, Line: 291)
2025-11-16 14:53:56,322 [DEBUG] Iter 2980 | residual 1.543e-03 (Module: solver, Line: 291)
2025-11-16 14:53:56,324 [DEBUG] Iter 2990 | residual 1.543e-03 (Module: solver, Line: 291)
2025-11-16 14:53:56,326 [DEBUG] Iter 3000 | residual 1.543e-03 (Module: solver, Line: 291)
2025-11-16 14:53:56,328 [DEBUG] Iter 3010 | residual 1.543e-03 (Module: solver, Line: 291)
2025-11-16 14:53:56,330 [DEBUG] Iter 3020 | residual 1.543e-03 (Module: solver, Line: 291)
2025-11-16 14:53:56,331 [DEBUG] Iter 3030 | residual 1.543e-03 (Module: solver, Line: 291)
2025-11-16 14:53:56,334 [DEBUG] Iter 3040 | residual 1.543e-03 (Module: solver, Line: 291)
2025-11-16 14:53:56,336 [DEBUG] Iter 3050 | residual 1.543e-03 (Module: solver, Line: 291)
2025-11-16 14:53:56,338 [DEBUG] Iter 3060 | residual 1.543e-03 (Module: solver, Line: 291)
2025-11-16 14:53:56,340 [DEBUG] Iter 3070 | residual 1.543e-03 (Module: solver, Line: 291)
2025-11-16 14:53:56,342 [DEBUG] Iter 3080 | residual 1.543e-03 (Module: solver, Line: 291)
2025-11-16 14:53:56,344 [DEBUG] Iter 3090 | residual 1.543e-03 (Module: solver, Line: 291)
2025-11-16 14:53:56,346 [DEBUG] Iter 3100 | residual 1.543e-03 (Module: solver, Line: 291)
2025-11-16 14:53:56,349 [DEBUG] Iter 3110 | residual 1.543e-03 (Module: solver, Line: 291)
2025-11-16 14:53:56,352 [DEBUG] Iter 3120 | residual 1.543e-03 (Module: solver, Line: 291)
2025-11-16 14:53:56,354 [DEBUG] Iter 3130 | residual 1.543e-03 (Module: solver, Line: 291)
2025-11-16 14:53:56,355 [DEBUG] Iter 3140 | residual 1.543e-03 (Module: solver, Line: 291)
2025-11-16 14:53:56,356 [DEBUG] Iter 3150 | residual 1.543e-03 (Module: solver, Line: 291)
2025-11-16 14:53:56,358 [DEBUG] Iter 3160 | residual 1.543e-03 (Module: solver, Line: 291)
2025-11-16 14:53:56,359 [DEBUG] Iter 3170 | residual 1.543e-03 (Module: solver, Line: 291)
2025-11-16 14:53:56,361 [DEBUG] Iter 3180 | residual 1.543e-03 (Module: solver, Line: 291)
2025-11-16 14:53:56,363 [DEBUG] Iter 3190 | residual 1.543e-03 (Module: solver, Line: 291)
2025-11-16 14:53:56,366 [DEBUG] Iter 3200 | residual 1.543e-03 (Module: solver, Line: 291)
2025-11-16 14:53:56,369 [DEBUG] Iter 3210 | residual 1.543e-03 (Module: solver, Line: 291)
2025-11-16 14:53:56,370 [DEBUG] Iter 3220 | residual 1.543e-03 (Module: solver, Line: 291)
2025-11-16 14:53:56,372 [DEBUG] Iter 3230 | residual 1.543e-03 (Module: solver, Line: 291)
2025-11-16 14:53:56,373 [DEBUG] Iter 3240 | residual 1.543e-03 (Module: solver, Line: 291)
2025-11-16 14:53:56,375 [DEBUG] Iter 3250 | residual 1.543e-03 (Module: solver, Line: 291)
2025-11-16 14:53:56,376 [DEBUG] Iter 3260 | residual 1.543e-03 (Module: solver, Line: 291)
2025-11-16 14:53:56,378 [DEBUG] Iter 3270 | residual 1.543e-03 (Module: solver, Line: 291)
2025-11-16 14:53:56,381 [DEBUG] Iter 3280 | residual 1.543e-03 (Module: solver, Line: 291)
2025-11-16 14:53:56,385 [DEBUG] Iter 3290 | residual 1.543e-03 (Module: solver, Line: 291)
2025-11-16 14:53:56,387 [DEBUG] Iter 3300 | residual 1.543e-03 (Module: solver, Line: 291)
2025-11-16 14:53:56,389 [DEBUG] Iter 3310 | residual 1.543e-03 (Module: solver, Line: 291)
2025-11-16 14:53:56,391 [DEBUG] Iter 3320 | residual 1.543e-03 (Module: solver, Line: 291)
2025-11-16 14:53:56,392 [DEBUG] Iter 3330 | residual 1.543e-03 (Module: solver, Line: 291)
2025-11-16 14:53:56,394 [DEBUG] Iter 3340 | residual 1.543e-03 (Module: solver, Line: 291)
2025-11-16 14:53:56,397 [DEBUG] Iter 3350 | residual 1.543e-03 (Module: solver, Line: 291)
2025-11-16 14:53:56,401 [DEBUG] Iter 3360 | residual 1.543e-03 (Module: solver, Line: 291)
2025-11-16 14:53:56,403 [DEBUG] Iter 3370 | residual 1.543e-03 (Module: solver, Line: 291)
2025-11-16 14:53:56,405 [DEBUG] Iter 3380 | residual 1.543e-03 (Module: solver, Line: 291)
2025-11-16 14:53:56,406 [DEBUG] Iter 3390 | residual 1.543e-03 (Module: solver, Line: 291)
2025-11-16 14:53:56,408 [DEBUG] Iter 3400 | residual 1.543e-03 (Module: solver, Line: 291)
2025-11-16 14:53:56,410 [DEBUG] Iter 3410 | residual 1.543e-03 (Module: solver, Line: 291)
2025-11-16 14:53:56,412 [DEBUG] Iter 3420 | residual 1.543e-03 (Module: solver, Line: 291)
2025-11-16 14:53:56,414 [DEBUG] Iter 3430 | residual 1.543e-03 (Module: solver, Line: 291)
2025-11-16 14:53:56,417 [DEBUG] Iter 3440 | residual 1.543e-03 (Module: solver, Line: 291)
2025-11-16 14:53:56,420 [DEBUG] Iter 3450 | residual 1.543e-03 (Module: solver, Line: 291)
2025-11-16 14:53:56,421 [DEBUG] Iter 3460 | residual 1.543e-03 (Module: solver, Line: 291)
2025-11-16 14:53:56,423 [DEBUG] Iter 3470 | residual 1.543e-03 (Module: solver, Line: 291)
2025-11-16 14:53:56,425 [DEBUG] Iter 3480 | residual 1.543e-03 (Module: solver, Line: 291)
2025-11-16 14:53:56,427 [DEBUG] Iter 3490 | residual 1.543e-03 (Module: solver, Line: 291)
2025-11-16 14:53:56,428 [DEBUG] Iter 3500 | residual 1.543e-03 (Module: solver, Line: 291)
2025-11-16 14:53:56,430 [DEBUG] Iter 3510 | residual 1.543e-03 (Module: solver, Line: 291)
2025-11-16 14:53:56,434 [DEBUG] Iter 3520 | residual 1.543e-03 (Module: solver, Line: 291)
2025-11-16 14:53:56,436 [DEBUG] Iter 3530 | residual 1.543e-03 (Module: solver, Line: 291)
2025-11-16 14:53:56,437 [DEBUG] Iter 3540 | residual 1.543e-03 (Module: solver, Line: 291)
2025-11-16 14:53:56,439 [DEBUG] Iter 3550 | residual 1.543e-03 (Module: solver, Line: 291)
2025-11-16 14:53:56,440 [DEBUG] Iter 3560 | residual 1.543e-03 (Module: solver, Line: 291)
2025-11-16 14:53:56,442 [DEBUG] Iter 3570 | residual 1.543e-03 (Module: solver, Line: 291)
2025-11-16 14:53:56,444 [DEBUG] Iter 3580 | residual 1.543e-03 (Module: solver, Line: 291)
2025-11-16 14:53:56,446 [DEBUG] Iter 3590 | residual 1.543e-03 (Module: solver, Line: 291)
2025-11-16 14:53:56,449 [DEBUG] Iter 3600 | residual 1.543e-03 (Module: solver, Line: 291)
2025-11-16 14:53:56,452 [DEBUG] Iter 3610 | residual 1.543e-03 (Module: solver, Line: 291)
2025-11-16 14:53:56,454 [DEBUG] Iter 3620 | residual 1.543e-03 (Module: solver, Line: 291)
2025-11-16 14:53:56,455 [DEBUG] Iter 3630 | residual 1.543e-03 (Module: solver, Line: 291)
2025-11-16 14:53:56,457 [DEBUG] Iter 3640 | residual 1.543e-03 (Module: solver, Line: 291)
2025-11-16 14:53:56,458 [DEBUG] Iter 3650 | residual 1.543e-03 (Module: solver, Line: 291)
2025-11-16 14:53:56,460 [DEBUG] Iter 3660 | residual 1.543e-03 (Module: solver, Line: 291)
2025-11-16 14:53:56,461 [DEBUG] Iter 3670 | residual 1.543e-03 (Module: solver, Line: 291)
2025-11-16 14:53:56,463 [DEBUG] Iter 3680 | residual 1.543e-03 (Module: solver, Line: 291)
2025-11-16 14:53:56,466 [DEBUG] Iter 3690 | residual 1.543e-03 (Module: solver, Line: 291)
2025-11-16 14:53:56,468 [DEBUG] Iter 3700 | residual 1.543e-03 (Module: solver, Line: 291)
2025-11-16 14:53:56,470 [DEBUG] Iter 3710 | residual 1.543e-03 (Module: solver, Line: 291)
2025-11-16 14:53:56,471 [DEBUG] Iter 3720 | residual 1.543e-03 (Module: solver, Line: 291)
2025-11-16 14:53:56,474 [DEBUG] Iter 3730 | residual 1.543e-03 (Module: solver, Line: 291)
2025-11-16 14:53:56,475 [DEBUG] Iter 3740 | residual 1.543e-03 (Module: solver, Line: 291)
2025-11-16 14:53:56,477 [DEBUG] Iter 3750 | residual 1.543e-03 (Module: solver, Line: 291)
2025-11-16 14:53:56,478 [DEBUG] Iter 3760 | residual 1.543e-03 (Module: solver, Line: 291)
2025-11-16 14:53:56,480 [DEBUG] Iter 3770 | residual 1.543e-03 (Module: solver, Line: 291)
2025-11-16 14:53:56,481 [DEBUG] Iter 3780 | residual 1.543e-03 (Module: solver, Line: 291)
2025-11-16 14:53:56,485 [DEBUG] Iter 3790 | residual 1.543e-03 (Module: solver, Line: 291)
2025-11-16 14:53:56,487 [DEBUG] Iter 3800 | residual 1.543e-03 (Module: solver, Line: 291)
2025-11-16 14:53:56,488 [DEBUG] Iter 3810 | residual 1.543e-03 (Module: solver, Line: 291)
2025-11-16 14:53:56,490 [DEBUG] Iter 3820 | residual 1.543e-03 (Module: solver, Line: 291)
2025-11-16 14:53:56,492 [DEBUG] Iter 3830 | residual 1.543e-03 (Module: solver, Line: 291)
2025-11-16 14:53:56,494 [DEBUG] Iter 3840 | residual 1.543e-03 (Module: solver, Line: 291)
2025-11-16 14:53:56,496 [DEBUG] Iter 3850 | residual 1.543e-03 (Module: solver, Line: 291)
2025-11-16 14:53:56,500 [DEBUG] Iter 3860 | residual 1.543e-03 (Module: solver, Line: 291)
2025-11-16 14:53:56,502 [DEBUG] Iter 3870 | residual 1.543e-03 (Module: solver, Line: 291)
2025-11-16 14:53:56,504 [DEBUG] Iter 3880 | residual 1.543e-03 (Module: solver, Line: 291)
2025-11-16 14:53:56,506 [DEBUG] Iter 3890 | residual 1.543e-03 (Module: solver, Line: 291)
2025-11-16 14:53:56,507 [DEBUG] Iter 3900 | residual 1.543e-03 (Module: solver, Line: 291)
2025-11-16 14:53:56,509 [DEBUG] Iter 3910 | residual 1.543e-03 (Module: solver, Line: 291)
2025-11-16 14:53:56,511 [DEBUG] Iter 3920 | residual 1.543e-03 (Module: solver, Line: 291)
2025-11-16 14:53:56,513 [DEBUG] Iter 3930 | residual 1.543e-03 (Module: solver, Line: 291)
2025-11-16 14:53:56,515 [DEBUG] Iter 3940 | residual 1.543e-03 (Module: solver, Line: 291)
2025-11-16 14:53:56,518 [DEBUG] Iter 3950 | residual 1.543e-03 (Module: solver, Line: 291)
2025-11-16 14:53:56,521 [DEBUG] Iter 3960 | residual 1.543e-03 (Module: solver, Line: 291)
2025-11-16 14:53:56,522 [DEBUG] Iter 3970 | residual 1.543e-03 (Module: solver, Line: 291)
2025-11-16 14:53:56,523 [DEBUG] Iter 3980 | residual 1.543e-03 (Module: solver, Line: 291)
2025-11-16 14:53:56,525 [DEBUG] Iter 3990 | residual 1.543e-03 (Module: solver, Line: 291)
2025-11-16 14:53:56,526 [DEBUG] Iter 4000 | residual 1.543e-03 (Module: solver, Line: 291)
2025-11-16 14:53:56,528 [DEBUG] Iter 4010 | residual 1.543e-03 (Module: solver, Line: 291)
2025-11-16 14:53:56,530 [DEBUG] Iter 4020 | residual 1.543e-03 (Module: solver, Line: 291)
2025-11-16 14:53:56,533 [DEBUG] Iter 4030 | residual 1.543e-03 (Module: solver, Line: 291)
2025-11-16 14:53:56,536 [DEBUG] Iter 4040 | residual 1.543e-03 (Module: solver, Line: 291)
2025-11-16 14:53:56,537 [DEBUG] Iter 4050 | residual 1.543e-03 (Module: solver, Line: 291)
2025-11-16 14:53:56,539 [DEBUG] Iter 4060 | residual 1.543e-03 (Module: solver, Line: 291)
2025-11-16 14:53:56,541 [DEBUG] Iter 4070 | residual 1.543e-03 (Module: solver, Line: 291)
2025-11-16 14:53:56,543 [DEBUG] Iter 4080 | residual 1.543e-03 (Module: solver, Line: 291)
2025-11-16 14:53:56,545 [DEBUG] Iter 4090 | residual 1.543e-03 (Module: solver, Line: 291)
2025-11-16 14:53:56,547 [DEBUG] Iter 4100 | residual 1.543e-03 (Module: solver, Line: 291)
2025-11-16 14:53:56,551 [DEBUG] Iter 4110 | residual 1.543e-03 (Module: solver, Line: 291)
2025-11-16 14:53:56,553 [DEBUG] Iter 4120 | residual 1.543e-03 (Module: solver, Line: 291)
2025-11-16 14:53:56,555 [DEBUG] Iter 4130 | residual 1.543e-03 (Module: solver, Line: 291)
2025-11-16 14:53:56,556 [DEBUG] Iter 4140 | residual 1.543e-03 (Module: solver, Line: 291)
2025-11-16 14:53:56,558 [DEBUG] Iter 4150 | residual 1.543e-03 (Module: solver, Line: 291)
2025-11-16 14:53:56,560 [DEBUG] Iter 4160 | residual 1.543e-03 (Module: solver, Line: 291)
2025-11-16 14:53:56,561 [DEBUG] Iter 4170 | residual 1.543e-03 (Module: solver, Line: 291)
2025-11-16 14:53:56,563 [DEBUG] Iter 4180 | residual 1.543e-03 (Module: solver, Line: 291)
2025-11-16 14:53:56,567 [DEBUG] Iter 4190 | residual 1.543e-03 (Module: solver, Line: 291)
2025-11-16 14:53:56,569 [DEBUG] Iter 4200 | residual 1.543e-03 (Module: solver, Line: 291)
2025-11-16 14:53:56,571 [DEBUG] Iter 4210 | residual 1.543e-03 (Module: solver, Line: 291)
2025-11-16 14:53:56,572 [DEBUG] Iter 4220 | residual 1.543e-03 (Module: solver, Line: 291)
2025-11-16 14:53:56,573 [DEBUG] Iter 4230 | residual 1.543e-03 (Module: solver, Line: 291)
2025-11-16 14:53:56,576 [DEBUG] Iter 4240 | residual 1.543e-03 (Module: solver, Line: 291)
2025-11-16 14:53:56,578 [DEBUG] Iter 4250 | residual 1.543e-03 (Module: solver, Line: 291)
2025-11-16 14:53:56,580 [DEBUG] Iter 4260 | residual 1.543e-03 (Module: solver, Line: 291)
2025-11-16 14:53:56,582 [DEBUG] Iter 4270 | residual 1.543e-03 (Module: solver, Line: 291)
2025-11-16 14:53:56,585 [DEBUG] Iter 4280 | residual 1.543e-03 (Module: solver, Line: 291)
2025-11-16 14:53:56,586 [DEBUG] Iter 4290 | residual 1.543e-03 (Module: solver, Line: 291)
2025-11-16 14:53:56,586 [DEBUG] Iter 4300 | residual 1.543e-03 (Module: solver, Line: 291)
2025-11-16 14:53:56,591 [DEBUG] Iter 4310 | residual 1.543e-03 (Module: solver, Line: 291)
2025-11-16 14:53:56,591 [DEBUG] Iter 4320 | residual 1.543e-03 (Module: solver, Line: 291)
2025-11-16 14:53:56,594 [DEBUG] Iter 4330 | residual 1.543e-03 (Module: solver, Line: 291)
2025-11-16 14:53:56,596 [DEBUG] Iter 4340 | residual 1.543e-03 (Module: solver, Line: 291)
2025-11-16 14:53:56,599 [DEBUG] Iter 4350 | residual 1.543e-03 (Module: solver, Line: 291)
2025-11-16 14:53:56,601 [DEBUG] Iter 4360 | residual 1.543e-03 (Module: solver, Line: 291)
2025-11-16 14:53:56,603 [DEBUG] Iter 4370 | residual 1.543e-03 (Module: solver, Line: 291)
2025-11-16 14:53:56,603 [DEBUG] Iter 4380 | residual 1.543e-03 (Module: solver, Line: 291)
2025-11-16 14:53:56,607 [DEBUG] Iter 4390 | residual 1.543e-03 (Module: solver, Line: 291)
2025-11-16 14:53:56,608 [DEBUG] Iter 4400 | residual 1.543e-03 (Module: solver, Line: 291)
2025-11-16 14:53:56,608 [DEBUG] Iter 4410 | residual 1.543e-03 (Module: solver, Line: 291)
2025-11-16 14:53:56,613 [DEBUG] Iter 4420 | residual 1.543e-03 (Module: solver, Line: 291)
2025-11-16 14:53:56,615 [DEBUG] Iter 4430 | residual 1.543e-03 (Module: solver, Line: 291)
2025-11-16 14:53:56,618 [DEBUG] Iter 4440 | residual 1.543e-03 (Module: solver, Line: 291)
2025-11-16 14:53:56,619 [DEBUG] Iter 4450 | residual 1.543e-03 (Module: solver, Line: 291)
2025-11-16 14:53:56,619 [DEBUG] Iter 4460 | residual 1.543e-03 (Module: solver, Line: 291)
2025-11-16 14:53:56,619 [DEBUG] Iter 4470 | residual 1.543e-03 (Module: solver, Line: 291)
2025-11-16 14:53:56,619 [DEBUG] Iter 4480 | residual 1.543e-03 (Module: solver, Line: 291)
2025-11-16 14:53:56,619 [DEBUG] Iter 4490 | residual 1.543e-03 (Module: solver, Line: 291)
2025-11-16 14:53:56,629 [DEBUG] Iter 4500 | residual 1.543e-03 (Module: solver, Line: 291)
2025-11-16 14:53:56,631 [DEBUG] Iter 4510 | residual 1.543e-03 (Module: solver, Line: 291)
2025-11-16 14:53:56,634 [DEBUG] Iter 4520 | residual 1.543e-03 (Module: solver, Line: 291)
2025-11-16 14:53:56,636 [DEBUG] Iter 4530 | residual 1.543e-03 (Module: solver, Line: 291)
2025-11-16 14:53:56,638 [DEBUG] Iter 4540 | residual 1.543e-03 (Module: solver, Line: 291)
2025-11-16 14:53:56,640 [DEBUG] Iter 4550 | residual 1.543e-03 (Module: solver, Line: 291)
2025-11-16 14:53:56,641 [DEBUG] Iter 4560 | residual 1.543e-03 (Module: solver, Line: 291)
2025-11-16 14:53:56,642 [DEBUG] Iter 4570 | residual 1.543e-03 (Module: solver, Line: 291)
2025-11-16 14:53:56,644 [DEBUG] Iter 4580 | residual 1.543e-03 (Module: solver, Line: 291)
2025-11-16 14:53:56,646 [DEBUG] Iter 4590 | residual 1.543e-03 (Module: solver, Line: 291)
2025-11-16 14:53:56,649 [DEBUG] Iter 4600 | residual 1.543e-03 (Module: solver, Line: 291)
2025-11-16 14:53:56,651 [DEBUG] Iter 4610 | residual 1.543e-03 (Module: solver, Line: 291)
2025-11-16 14:53:56,653 [DEBUG] Iter 4620 | residual 1.543e-03 (Module: solver, Line: 291)
2025-11-16 14:53:56,655 [DEBUG] Iter 4630 | residual 1.543e-03 (Module: solver, Line: 291)
2025-11-16 14:53:56,656 [DEBUG] Iter 4640 | residual 1.543e-03 (Module: solver, Line: 291)
2025-11-16 14:53:56,658 [DEBUG] Iter 4650 | residual 1.543e-03 (Module: solver, Line: 291)
2025-11-16 14:53:56,661 [DEBUG] Iter 4660 | residual 1.543e-03 (Module: solver, Line: 291)
2025-11-16 14:53:56,663 [DEBUG] Iter 4670 | residual 1.543e-03 (Module: solver, Line: 291)
2025-11-16 14:53:56,663 [DEBUG] Iter 4680 | residual 1.543e-03 (Module: solver, Line: 291)
2025-11-16 14:53:56,663 [DEBUG] Iter 4690 | residual 1.543e-03 (Module: solver, Line: 291)
2025-11-16 14:53:56,670 [DEBUG] Iter 4700 | residual 1.543e-03 (Module: solver, Line: 291)
2025-11-16 14:53:56,670 [DEBUG] Iter 4710 | residual 1.543e-03 (Module: solver, Line: 291)
2025-11-16 14:53:56,670 [DEBUG] Iter 4720 | residual 1.543e-03 (Module: solver, Line: 291)
2025-11-16 14:53:56,670 [DEBUG] Iter 4730 | residual 1.543e-03 (Module: solver, Line: 291)
2025-11-16 14:53:56,679 [DEBUG] Iter 4740 | residual 1.543e-03 (Module: solver, Line: 291)
2025-11-16 14:53:56,680 [DEBUG] Iter 4750 | residual 1.543e-03 (Module: solver, Line: 291)
2025-11-16 14:53:56,682 [DEBUG] Iter 4760 | residual 1.543e-03 (Module: solver, Line: 291)
2025-11-16 14:53:56,686 [DEBUG] Iter 4770 | residual 1.543e-03 (Module: solver, Line: 291)
2025-11-16 14:53:56,690 [DEBUG] Iter 4780 | residual 1.543e-03 (Module: solver, Line: 291)
2025-11-16 14:53:56,690 [DEBUG] Iter 4790 | residual 1.543e-03 (Module: solver, Line: 291)
2025-11-16 14:53:56,694 [DEBUG] Iter 4800 | residual 1.543e-03 (Module: solver, Line: 291)
2025-11-16 14:53:56,696 [DEBUG] Iter 4810 | residual 1.543e-03 (Module: solver, Line: 291)
2025-11-16 14:53:56,698 [DEBUG] Iter 4820 | residual 1.543e-03 (Module: solver, Line: 291)
2025-11-16 14:53:56,701 [DEBUG] Iter 4830 | residual 1.543e-03 (Module: solver, Line: 291)
2025-11-16 14:53:56,705 [DEBUG] Iter 4840 | residual 1.543e-03 (Module: solver, Line: 291)
2025-11-16 14:53:56,705 [DEBUG] Iter 4850 | residual 1.543e-03 (Module: solver, Line: 291)
2025-11-16 14:53:56,705 [DEBUG] Iter 4860 | residual 1.543e-03 (Module: solver, Line: 291)
2025-11-16 14:53:56,715 [DEBUG] Iter 4870 | residual 1.543e-03 (Module: solver, Line: 291)
2025-11-16 14:53:56,718 [DEBUG] Iter 4880 | residual 1.543e-03 (Module: solver, Line: 291)
2025-11-16 14:53:56,721 [DEBUG] Iter 4890 | residual 1.543e-03 (Module: solver, Line: 291)
2025-11-16 14:53:56,721 [DEBUG] Iter 4900 | residual 1.543e-03 (Module: solver, Line: 291)
2025-11-16 14:53:56,721 [DEBUG] Iter 4910 | residual 1.543e-03 (Module: solver, Line: 291)
2025-11-16 14:53:56,721 [DEBUG] Iter 4920 | residual 1.543e-03 (Module: solver, Line: 291)
2025-11-16 14:53:56,732 [DEBUG] Iter 4930 | residual 1.543e-03 (Module: solver, Line: 291)
2025-11-16 14:53:56,736 [DEBUG] Iter 4940 | residual 1.543e-03 (Module: solver, Line: 291)
2025-11-16 14:53:56,738 [DEBUG] Iter 4950 | residual 1.543e-03 (Module: solver, Line: 291)
2025-11-16 14:53:56,739 [DEBUG] Iter 4960 | residual 1.543e-03 (Module: solver, Line: 291)
2025-11-16 14:53:56,739 [DEBUG] Iter 4970 | residual 1.543e-03 (Module: solver, Line: 291)
2025-11-16 14:53:56,739 [DEBUG] Iter 4980 | residual 1.543e-03 (Module: solver, Line: 291)
2025-11-16 14:53:56,747 [DEBUG] Iter 4990 | residual 1.543e-03 (Module: solver, Line: 291)
2025-11-16 14:53:56,750 [DEBUG] Iter 5000 | residual 1.543e-03 (Module: solver, Line: 291)
2025-11-16 14:53:56,753 [DEBUG] Iter 5010 | residual 1.543e-03 (Module: solver, Line: 291)
2025-11-16 14:53:56,755 [DEBUG] Iter 5020 | residual 1.543e-03 (Module: solver, Line: 291)
2025-11-16 14:53:56,756 [DEBUG] Iter 5030 | residual 1.543e-03 (Module: solver, Line: 291)
2025-11-16 14:53:56,758 [DEBUG] Iter 5040 | residual 1.543e-03 (Module: solver, Line: 291)
2025-11-16 14:53:56,760 [DEBUG] Iter 5050 | residual 1.543e-03 (Module: solver, Line: 291)
2025-11-16 14:53:56,761 [DEBUG] Iter 5060 | residual 1.543e-03 (Module: solver, Line: 291)
2025-11-16 14:53:56,763 [DEBUG] Iter 5070 | residual 1.543e-03 (Module: solver, Line: 291)
2025-11-16 14:53:56,766 [DEBUG] Iter 5080 | residual 1.543e-03 (Module: solver, Line: 291)
2025-11-16 14:53:56,766 [DEBUG] Iter 5090 | residual 1.543e-03 (Module: solver, Line: 291)
2025-11-16 14:53:56,772 [DEBUG] Iter 5100 | residual 1.543e-03 (Module: solver, Line: 291)
2025-11-16 14:53:56,772 [DEBUG] Iter 5110 | residual 1.543e-03 (Module: solver, Line: 291)
2025-11-16 14:53:56,777 [DEBUG] Iter 5120 | residual 1.543e-03 (Module: solver, Line: 291)
2025-11-16 14:53:56,782 [DEBUG] Iter 5130 | residual 1.543e-03 (Module: solver, Line: 291)
2025-11-16 14:53:56,785 [DEBUG] Iter 5140 | residual 1.543e-03 (Module: solver, Line: 291)
2025-11-16 14:53:56,786 [DEBUG] Iter 5150 | residual 1.543e-03 (Module: solver, Line: 291)
2025-11-16 14:53:56,786 [DEBUG] Iter 5160 | residual 1.543e-03 (Module: solver, Line: 291)
2025-11-16 14:53:56,790 [DEBUG] Iter 5170 | residual 1.543e-03 (Module: solver, Line: 291)
2025-11-16 14:53:56,790 [DEBUG] Iter 5180 | residual 1.543e-03 (Module: solver, Line: 291)
2025-11-16 14:53:56,793 [DEBUG] Iter 5190 | residual 1.543e-03 (Module: solver, Line: 291)
2025-11-16 14:53:56,794 [DEBUG] Iter 5200 | residual 1.543e-03 (Module: solver, Line: 291)
2025-11-16 14:53:56,797 [DEBUG] Iter 5210 | residual 1.543e-03 (Module: solver, Line: 291)
2025-11-16 14:53:56,800 [DEBUG] Iter 5220 | residual 1.543e-03 (Module: solver, Line: 291)
2025-11-16 14:53:56,802 [DEBUG] Iter 5230 | residual 1.543e-03 (Module: solver, Line: 291)
2025-11-16 14:53:56,803 [DEBUG] Iter 5240 | residual 1.543e-03 (Module: solver, Line: 291)
2025-11-16 14:53:56,803 [DEBUG] Iter 5250 | residual 1.543e-03 (Module: solver, Line: 291)
2025-11-16 14:53:56,807 [DEBUG] Iter 5260 | residual 1.543e-03 (Module: solver, Line: 291)
2025-11-16 14:53:56,808 [DEBUG] Iter 5270 | residual 1.543e-03 (Module: solver, Line: 291)
2025-11-16 14:53:56,810 [DEBUG] Iter 5280 | residual 1.543e-03 (Module: solver, Line: 291)
2025-11-16 14:53:56,811 [DEBUG] Iter 5290 | residual 1.543e-03 (Module: solver, Line: 291)
2025-11-16 14:53:56,812 [DEBUG] Iter 5300 | residual 1.543e-03 (Module: solver, Line: 291)
2025-11-16 14:53:56,814 [DEBUG] Iter 5310 | residual 1.543e-03 (Module: solver, Line: 291)
2025-11-16 14:53:56,816 [DEBUG] Iter 5320 | residual 1.543e-03 (Module: solver, Line: 291)
2025-11-16 14:53:56,818 [DEBUG] Iter 5330 | residual 1.543e-03 (Module: solver, Line: 291)
2025-11-16 14:53:56,819 [DEBUG] Iter 5340 | residual 1.543e-03 (Module: solver, Line: 291)
2025-11-16 14:53:56,821 [DEBUG] Iter 5350 | residual 1.543e-03 (Module: solver, Line: 291)
2025-11-16 14:53:56,823 [DEBUG] Iter 5360 | residual 1.543e-03 (Module: solver, Line: 291)
2025-11-16 14:53:56,824 [DEBUG] Iter 5370 | residual 1.543e-03 (Module: solver, Line: 291)
2025-11-16 14:53:56,826 [DEBUG] Iter 5380 | residual 1.543e-03 (Module: solver, Line: 291)
2025-11-16 14:53:56,828 [DEBUG] Iter 5390 | residual 1.543e-03 (Module: solver, Line: 291)
2025-11-16 14:53:56,829 [DEBUG] Iter 5400 | residual 1.543e-03 (Module: solver, Line: 291)
2025-11-16 14:53:56,832 [DEBUG] Iter 5410 | residual 1.543e-03 (Module: solver, Line: 291)
2025-11-16 14:53:56,833 [DEBUG] Iter 5420 | residual 1.543e-03 (Module: solver, Line: 291)
2025-11-16 14:53:56,835 [DEBUG] Iter 5430 | residual 1.543e-03 (Module: solver, Line: 291)
2025-11-16 14:53:56,836 [DEBUG] Iter 5440 | residual 1.543e-03 (Module: solver, Line: 291)
2025-11-16 14:53:56,838 [DEBUG] Iter 5450 | residual 1.543e-03 (Module: solver, Line: 291)
2025-11-16 14:53:56,840 [DEBUG] Iter 5460 | residual 1.543e-03 (Module: solver, Line: 291)
2025-11-16 14:53:56,842 [DEBUG] Iter 5470 | residual 1.543e-03 (Module: solver, Line: 291)
2025-11-16 14:53:56,843 [DEBUG] Iter 5480 | residual 1.543e-03 (Module: solver, Line: 291)
2025-11-16 14:53:56,845 [DEBUG] Iter 5490 | residual 1.543e-03 (Module: solver, Line: 291)
2025-11-16 14:53:56,847 [DEBUG] Iter 5500 | residual 1.543e-03 (Module: solver, Line: 291)
2025-11-16 14:53:56,849 [DEBUG] Iter 5510 | residual 1.543e-03 (Module: solver, Line: 291)
2025-11-16 14:53:56,851 [DEBUG] Iter 5520 | residual 1.543e-03 (Module: solver, Line: 291)
2025-11-16 14:53:56,852 [DEBUG] Iter 5530 | residual 1.543e-03 (Module: solver, Line: 291)
2025-11-16 14:53:56,852 [DEBUG] Iter 5540 | residual 1.543e-03 (Module: solver, Line: 291)
2025-11-16 14:53:56,856 [DEBUG] Iter 5550 | residual 1.543e-03 (Module: solver, Line: 291)
2025-11-16 14:53:56,856 [DEBUG] Iter 5560 | residual 1.543e-03 (Module: solver, Line: 291)
2025-11-16 14:53:56,859 [DEBUG] Iter 5570 | residual 1.543e-03 (Module: solver, Line: 291)
2025-11-16 14:53:56,861 [DEBUG] Iter 5580 | residual 1.543e-03 (Module: solver, Line: 291)
2025-11-16 14:53:56,862 [DEBUG] Iter 5590 | residual 1.543e-03 (Module: solver, Line: 291)
2025-11-16 14:53:56,864 [DEBUG] Iter 5600 | residual 1.543e-03 (Module: solver, Line: 291)
2025-11-16 14:53:56,865 [DEBUG] Iter 5610 | residual 1.543e-03 (Module: solver, Line: 291)
2025-11-16 14:53:56,868 [DEBUG] Iter 5620 | residual 1.543e-03 (Module: solver, Line: 291)
2025-11-16 14:53:56,870 [DEBUG] Iter 5630 | residual 1.543e-03 (Module: solver, Line: 291)
2025-11-16 14:53:56,872 [DEBUG] Iter 5640 | residual 1.543e-03 (Module: solver, Line: 291)
2025-11-16 14:53:56,873 [DEBUG] Iter 5650 | residual 1.543e-03 (Module: solver, Line: 291)
2025-11-16 14:53:56,875 [DEBUG] Iter 5660 | residual 1.543e-03 (Module: solver, Line: 291)
2025-11-16 14:53:56,876 [DEBUG] Iter 5670 | residual 1.543e-03 (Module: solver, Line: 291)
2025-11-16 14:53:56,878 [DEBUG] Iter 5680 | residual 1.543e-03 (Module: solver, Line: 291)
2025-11-16 14:53:56,879 [DEBUG] Iter 5690 | residual 1.543e-03 (Module: solver, Line: 291)
2025-11-16 14:53:56,882 [DEBUG] Iter 5700 | residual 1.543e-03 (Module: solver, Line: 291)
2025-11-16 14:53:56,884 [DEBUG] Iter 5710 | residual 1.543e-03 (Module: solver, Line: 291)
2025-11-16 14:53:56,886 [DEBUG] Iter 5720 | residual 1.543e-03 (Module: solver, Line: 291)
2025-11-16 14:53:56,887 [DEBUG] Iter 5730 | residual 1.543e-03 (Module: solver, Line: 291)
2025-11-16 14:53:56,889 [DEBUG] Iter 5740 | residual 1.543e-03 (Module: solver, Line: 291)
2025-11-16 14:53:56,891 [DEBUG] Iter 5750 | residual 1.543e-03 (Module: solver, Line: 291)
2025-11-16 14:53:56,892 [DEBUG] Iter 5760 | residual 1.543e-03 (Module: solver, Line: 291)
2025-11-16 14:53:56,894 [DEBUG] Iter 5770 | residual 1.543e-03 (Module: solver, Line: 291)
2025-11-16 14:53:56,895 [DEBUG] Iter 5780 | residual 1.543e-03 (Module: solver, Line: 291)
2025-11-16 14:53:56,896 [DEBUG] Iter 5790 | residual 1.543e-03 (Module: solver, Line: 291)
2025-11-16 14:53:56,898 [DEBUG] Iter 5800 | residual 1.543e-03 (Module: solver, Line: 291)
2025-11-16 14:53:56,901 [DEBUG] Iter 5810 | residual 1.543e-03 (Module: solver, Line: 291)
2025-11-16 14:53:56,903 [DEBUG] Iter 5820 | residual 1.543e-03 (Module: solver, Line: 291)
2025-11-16 14:53:56,905 [DEBUG] Iter 5830 | residual 1.543e-03 (Module: solver, Line: 291)
2025-11-16 14:53:56,907 [DEBUG] Iter 5840 | residual 1.543e-03 (Module: solver, Line: 291)
2025-11-16 14:53:56,908 [DEBUG] Iter 5850 | residual 1.543e-03 (Module: solver, Line: 291)
2025-11-16 14:53:56,910 [DEBUG] Iter 5860 | residual 1.543e-03 (Module: solver, Line: 291)
2025-11-16 14:53:56,912 [DEBUG] Iter 5870 | residual 1.543e-03 (Module: solver, Line: 291)
2025-11-16 14:53:56,914 [DEBUG] Iter 5880 | residual 1.543e-03 (Module: solver, Line: 291)
2025-11-16 14:53:56,916 [DEBUG] Iter 5890 | residual 1.543e-03 (Module: solver, Line: 291)
2025-11-16 14:53:56,919 [DEBUG] Iter 5900 | residual 1.543e-03 (Module: solver, Line: 291)
2025-11-16 14:53:56,921 [DEBUG] Iter 5910 | residual 1.543e-03 (Module: solver, Line: 291)
2025-11-16 14:53:56,923 [DEBUG] Iter 5920 | residual 1.543e-03 (Module: solver, Line: 291)
2025-11-16 14:53:56,925 [DEBUG] Iter 5930 | residual 1.543e-03 (Module: solver, Line: 291)
2025-11-16 14:53:56,926 [DEBUG] Iter 5940 | residual 1.543e-03 (Module: solver, Line: 291)
2025-11-16 14:53:56,928 [DEBUG] Iter 5950 | residual 1.543e-03 (Module: solver, Line: 291)
2025-11-16 14:53:56,929 [DEBUG] Iter 5960 | residual 1.543e-03 (Module: solver, Line: 291)
2025-11-16 14:53:56,932 [DEBUG] Iter 5970 | residual 1.543e-03 (Module: solver, Line: 291)
2025-11-16 14:53:56,933 [DEBUG] Iter 5980 | residual 1.543e-03 (Module: solver, Line: 291)
2025-11-16 14:53:56,935 [DEBUG] Iter 5990 | residual 1.543e-03 (Module: solver, Line: 291)
2025-11-16 14:53:56,937 [DEBUG] Iter 6000 | residual 1.543e-03 (Module: solver, Line: 291)
2025-11-16 14:53:56,938 [DEBUG] Iter 6010 | residual 1.543e-03 (Module: solver, Line: 291)
2025-11-16 14:53:56,941 [DEBUG] Iter 6020 | residual 1.543e-03 (Module: solver, Line: 291)
2025-11-16 14:53:56,942 [DEBUG] Iter 6030 | residual 1.543e-03 (Module: solver, Line: 291)
2025-11-16 14:53:56,942 [DEBUG] Iter 6040 | residual 1.543e-03 (Module: solver, Line: 291)
2025-11-16 14:53:56,942 [DEBUG] Iter 6050 | residual 1.543e-03 (Module: solver, Line: 291)
2025-11-16 14:53:56,947 [DEBUG] Iter 6060 | residual 1.543e-03 (Module: solver, Line: 291)
2025-11-16 14:53:56,948 [DEBUG] Iter 6070 | residual 1.543e-03 (Module: solver, Line: 291)
2025-11-16 14:53:56,950 [DEBUG] Iter 6080 | residual 1.543e-03 (Module: solver, Line: 291)
2025-11-16 14:53:56,952 [DEBUG] Iter 6090 | residual 1.543e-03 (Module: solver, Line: 291)
2025-11-16 14:53:56,953 [DEBUG] Iter 6100 | residual 1.543e-03 (Module: solver, Line: 291)
2025-11-16 14:53:56,954 [DEBUG] Iter 6110 | residual 1.543e-03 (Module: solver, Line: 291)
2025-11-16 14:53:56,955 [DEBUG] Iter 6120 | residual 1.543e-03 (Module: solver, Line: 291)
2025-11-16 14:53:56,956 [DEBUG] Iter 6130 | residual 1.543e-03 (Module: solver, Line: 291)
2025-11-16 14:53:56,958 [DEBUG] Iter 6140 | residual 1.543e-03 (Module: solver, Line: 291)
2025-11-16 14:53:56,959 [DEBUG] Iter 6150 | residual 1.543e-03 (Module: solver, Line: 291)
2025-11-16 14:53:56,960 [DEBUG] Iter 6160 | residual 1.543e-03 (Module: solver, Line: 291)
2025-11-16 14:53:56,962 [DEBUG] Iter 6170 | residual 1.543e-03 (Module: solver, Line: 291)
2025-11-16 14:53:56,964 [DEBUG] Iter 6180 | residual 1.543e-03 (Module: solver, Line: 291)
2025-11-16 14:53:56,965 [DEBUG] Iter 6190 | residual 1.543e-03 (Module: solver, Line: 291)
2025-11-16 14:53:56,968 [DEBUG] Iter 6200 | residual 1.543e-03 (Module: solver, Line: 291)
2025-11-16 14:53:56,969 [DEBUG] Iter 6210 | residual 1.543e-03 (Module: solver, Line: 291)
2025-11-16 14:53:56,971 [DEBUG] Iter 6220 | residual 1.543e-03 (Module: solver, Line: 291)
2025-11-16 14:53:56,973 [DEBUG] Iter 6230 | residual 1.543e-03 (Module: solver, Line: 291)
2025-11-16 14:53:56,974 [DEBUG] Iter 6240 | residual 1.543e-03 (Module: solver, Line: 291)
2025-11-16 14:53:56,976 [DEBUG] Iter 6250 | residual 1.543e-03 (Module: solver, Line: 291)
2025-11-16 14:53:56,977 [DEBUG] Iter 6260 | residual 1.543e-03 (Module: solver, Line: 291)
2025-11-16 14:53:56,979 [DEBUG] Iter 6270 | residual 1.543e-03 (Module: solver, Line: 291)
2025-11-16 14:53:56,980 [DEBUG] Iter 6280 | residual 1.543e-03 (Module: solver, Line: 291)
2025-11-16 14:53:56,982 [DEBUG] Iter 6290 | residual 1.543e-03 (Module: solver, Line: 291)
2025-11-16 14:53:56,984 [DEBUG] Iter 6300 | residual 1.543e-03 (Module: solver, Line: 291)
2025-11-16 14:53:56,986 [DEBUG] Iter 6310 | residual 1.543e-03 (Module: solver, Line: 291)
2025-11-16 14:53:56,987 [DEBUG] Iter 6320 | residual 1.543e-03 (Module: solver, Line: 291)
2025-11-16 14:53:56,989 [DEBUG] Iter 6330 | residual 1.543e-03 (Module: solver, Line: 291)
2025-11-16 14:53:56,990 [DEBUG] Iter 6340 | residual 1.543e-03 (Module: solver, Line: 291)
2025-11-16 14:53:56,991 [DEBUG] Iter 6350 | residual 1.543e-03 (Module: solver, Line: 291)
2025-11-16 14:53:56,992 [DEBUG] Iter 6360 | residual 1.543e-03 (Module: solver, Line: 291)
2025-11-16 14:53:56,994 [DEBUG] Iter 6370 | residual 1.543e-03 (Module: solver, Line: 291)
2025-11-16 14:53:56,995 [DEBUG] Iter 6380 | residual 1.543e-03 (Module: solver, Line: 291)
2025-11-16 14:53:56,996 [DEBUG] Iter 6390 | residual 1.543e-03 (Module: solver, Line: 291)
2025-11-16 14:53:56,998 [DEBUG] Iter 6400 | residual 1.543e-03 (Module: solver, Line: 291)
2025-11-16 14:53:56,999 [DEBUG] Iter 6410 | residual 1.543e-03 (Module: solver, Line: 291)
2025-11-16 14:53:57,001 [DEBUG] Iter 6420 | residual 1.543e-03 (Module: solver, Line: 291)
2025-11-16 14:53:57,002 [DEBUG] Iter 6430 | residual 1.543e-03 (Module: solver, Line: 291)
2025-11-16 14:53:57,004 [DEBUG] Iter 6440 | residual 1.543e-03 (Module: solver, Line: 291)
2025-11-16 14:53:57,005 [DEBUG] Iter 6450 | residual 1.543e-03 (Module: solver, Line: 291)
2025-11-16 14:53:57,006 [DEBUG] Iter 6460 | residual 1.543e-03 (Module: solver, Line: 291)
2025-11-16 14:53:57,008 [DEBUG] Iter 6470 | residual 1.543e-03 (Module: solver, Line: 291)
2025-11-16 14:53:57,009 [DEBUG] Iter 6480 | residual 1.543e-03 (Module: solver, Line: 291)
2025-11-16 14:53:57,011 [DEBUG] Iter 6490 | residual 1.543e-03 (Module: solver, Line: 291)
2025-11-16 14:53:57,012 [DEBUG] Iter 6500 | residual 1.543e-03 (Module: solver, Line: 291)
2025-11-16 14:53:57,015 [DEBUG] Iter 6510 | residual 1.543e-03 (Module: solver, Line: 291)
2025-11-16 14:53:57,017 [DEBUG] Iter 6520 | residual 1.543e-03 (Module: solver, Line: 291)
2025-11-16 14:53:57,019 [DEBUG] Iter 6530 | residual 1.543e-03 (Module: solver, Line: 291)
2025-11-16 14:53:57,020 [DEBUG] Iter 6540 | residual 1.543e-03 (Module: solver, Line: 291)
2025-11-16 14:53:57,021 [DEBUG] Iter 6550 | residual 1.543e-03 (Module: solver, Line: 291)
2025-11-16 14:53:57,023 [DEBUG] Iter 6560 | residual 1.543e-03 (Module: solver, Line: 291)
2025-11-16 14:53:57,024 [DEBUG] Iter 6570 | residual 1.543e-03 (Module: solver, Line: 291)
2025-11-16 14:53:57,026 [DEBUG] Iter 6580 | residual 1.543e-03 (Module: solver, Line: 291)
2025-11-16 14:53:57,027 [DEBUG] Iter 6590 | residual 1.543e-03 (Module: solver, Line: 291)
2025-11-16 14:53:57,029 [DEBUG] Iter 6600 | residual 1.543e-03 (Module: solver, Line: 291)
2025-11-16 14:53:57,030 [DEBUG] Iter 6610 | residual 1.543e-03 (Module: solver, Line: 291)
2025-11-16 14:53:57,031 [DEBUG] Iter 6620 | residual 1.543e-03 (Module: solver, Line: 291)
2025-11-16 14:53:57,033 [DEBUG] Iter 6630 | residual 1.543e-03 (Module: solver, Line: 291)
2025-11-16 14:53:57,035 [DEBUG] Iter 6640 | residual 1.543e-03 (Module: solver, Line: 291)
2025-11-16 14:53:57,036 [DEBUG] Iter 6650 | residual 1.543e-03 (Module: solver, Line: 291)
2025-11-16 14:53:57,037 [DEBUG] Iter 6660 | residual 1.543e-03 (Module: solver, Line: 291)
2025-11-16 14:53:57,039 [DEBUG] Iter 6670 | residual 1.543e-03 (Module: solver, Line: 291)
2025-11-16 14:53:57,040 [DEBUG] Iter 6680 | residual 1.543e-03 (Module: solver, Line: 291)
2025-11-16 14:53:57,042 [DEBUG] Iter 6690 | residual 1.543e-03 (Module: solver, Line: 291)
2025-11-16 14:53:57,044 [DEBUG] Iter 6700 | residual 1.543e-03 (Module: solver, Line: 291)
2025-11-16 14:53:57,045 [DEBUG] Iter 6710 | residual 1.543e-03 (Module: solver, Line: 291)
2025-11-16 14:53:57,046 [DEBUG] Iter 6720 | residual 1.543e-03 (Module: solver, Line: 291)
2025-11-16 14:53:57,047 [DEBUG] Iter 6730 | residual 1.543e-03 (Module: solver, Line: 291)
2025-11-16 14:53:57,050 [DEBUG] Iter 6740 | residual 1.543e-03 (Module: solver, Line: 291)
2025-11-16 14:53:57,051 [DEBUG] Iter 6750 | residual 1.543e-03 (Module: solver, Line: 291)
2025-11-16 14:53:57,054 [DEBUG] Iter 6760 | residual 1.543e-03 (Module: solver, Line: 291)
2025-11-16 14:53:57,056 [DEBUG] Iter 6770 | residual 1.543e-03 (Module: solver, Line: 291)
2025-11-16 14:53:57,057 [DEBUG] Iter 6780 | residual 1.543e-03 (Module: solver, Line: 291)
2025-11-16 14:53:57,059 [DEBUG] Iter 6790 | residual 1.543e-03 (Module: solver, Line: 291)
2025-11-16 14:53:57,060 [DEBUG] Iter 6800 | residual 1.543e-03 (Module: solver, Line: 291)
2025-11-16 14:53:57,061 [DEBUG] Iter 6810 | residual 1.543e-03 (Module: solver, Line: 291)
2025-11-16 14:53:57,062 [DEBUG] Iter 6820 | residual 1.543e-03 (Module: solver, Line: 291)
2025-11-16 14:53:57,065 [DEBUG] Iter 6830 | residual 1.543e-03 (Module: solver, Line: 291)
2025-11-16 14:53:57,067 [DEBUG] Iter 6840 | residual 1.543e-03 (Module: solver, Line: 291)
2025-11-16 14:53:57,068 [DEBUG] Iter 6850 | residual 1.543e-03 (Module: solver, Line: 291)
2025-11-16 14:53:57,069 [DEBUG] Iter 6860 | residual 1.543e-03 (Module: solver, Line: 291)
2025-11-16 14:53:57,071 [DEBUG] Iter 6870 | residual 1.543e-03 (Module: solver, Line: 291)
2025-11-16 14:53:57,072 [DEBUG] Iter 6880 | residual 1.543e-03 (Module: solver, Line: 291)
2025-11-16 14:53:57,073 [DEBUG] Iter 6890 | residual 1.543e-03 (Module: solver, Line: 291)
2025-11-16 14:53:57,074 [DEBUG] Iter 6900 | residual 1.543e-03 (Module: solver, Line: 291)
2025-11-16 14:53:57,076 [DEBUG] Iter 6910 | residual 1.543e-03 (Module: solver, Line: 291)
2025-11-16 14:53:57,077 [DEBUG] Iter 6920 | residual 1.543e-03 (Module: solver, Line: 291)
2025-11-16 14:53:57,078 [DEBUG] Iter 6930 | residual 1.543e-03 (Module: solver, Line: 291)
2025-11-16 14:53:57,081 [DEBUG] Iter 6940 | residual 1.543e-03 (Module: solver, Line: 291)
2025-11-16 14:53:57,082 [DEBUG] Iter 6950 | residual 1.543e-03 (Module: solver, Line: 291)
2025-11-16 14:53:57,084 [DEBUG] Iter 6960 | residual 1.543e-03 (Module: solver, Line: 291)
2025-11-16 14:53:57,085 [DEBUG] Iter 6970 | residual 1.543e-03 (Module: solver, Line: 291)
2025-11-16 14:53:57,087 [DEBUG] Iter 6980 | residual 1.543e-03 (Module: solver, Line: 291)
2025-11-16 14:53:57,088 [DEBUG] Iter 6990 | residual 1.543e-03 (Module: solver, Line: 291)
2025-11-16 14:53:57,090 [DEBUG] Iter 7000 | residual 1.543e-03 (Module: solver, Line: 291)
2025-11-16 14:53:57,092 [DEBUG] Iter 7010 | residual 1.543e-03 (Module: solver, Line: 291)
2025-11-16 14:53:57,094 [DEBUG] Iter 7020 | residual 1.543e-03 (Module: solver, Line: 291)
2025-11-16 14:53:57,095 [DEBUG] Iter 7030 | residual 1.543e-03 (Module: solver, Line: 291)
2025-11-16 14:53:57,096 [DEBUG] Iter 7040 | residual 1.543e-03 (Module: solver, Line: 291)
2025-11-16 14:53:57,099 [DEBUG] Iter 7050 | residual 1.543e-03 (Module: solver, Line: 291)
2025-11-16 14:53:57,100 [DEBUG] Iter 7060 | residual 1.543e-03 (Module: solver, Line: 291)
2025-11-16 14:53:57,102 [DEBUG] Iter 7070 | residual 1.543e-03 (Module: solver, Line: 291)
2025-11-16 14:53:57,103 [DEBUG] Iter 7080 | residual 1.543e-03 (Module: solver, Line: 291)
2025-11-16 14:53:57,105 [DEBUG] Iter 7090 | residual 1.543e-03 (Module: solver, Line: 291)
2025-11-16 14:53:57,106 [DEBUG] Iter 7100 | residual 1.543e-03 (Module: solver, Line: 291)
2025-11-16 14:53:57,107 [DEBUG] Iter 7110 | residual 1.543e-03 (Module: solver, Line: 291)
2025-11-16 14:53:57,109 [DEBUG] Iter 7120 | residual 1.543e-03 (Module: solver, Line: 291)
2025-11-16 14:53:57,110 [DEBUG] Iter 7130 | residual 1.543e-03 (Module: solver, Line: 291)
2025-11-16 14:53:57,111 [DEBUG] Iter 7140 | residual 1.543e-03 (Module: solver, Line: 291)
2025-11-16 14:53:57,113 [DEBUG] Iter 7150 | residual 1.543e-03 (Module: solver, Line: 291)
2025-11-16 14:53:57,114 [DEBUG] Iter 7160 | residual 1.543e-03 (Module: solver, Line: 291)
2025-11-16 14:53:57,117 [DEBUG] Iter 7170 | residual 1.543e-03 (Module: solver, Line: 291)
2025-11-16 14:53:57,118 [DEBUG] Iter 7180 | residual 1.543e-03 (Module: solver, Line: 291)
2025-11-16 14:53:57,119 [DEBUG] Iter 7190 | residual 1.543e-03 (Module: solver, Line: 291)
2025-11-16 14:53:57,121 [DEBUG] Iter 7200 | residual 1.543e-03 (Module: solver, Line: 291)
2025-11-16 14:53:57,123 [DEBUG] Iter 7210 | residual 1.543e-03 (Module: solver, Line: 291)
2025-11-16 14:53:57,124 [DEBUG] Iter 7220 | residual 1.543e-03 (Module: solver, Line: 291)
2025-11-16 14:53:57,125 [DEBUG] Iter 7230 | residual 1.543e-03 (Module: solver, Line: 291)
2025-11-16 14:53:57,126 [DEBUG] Iter 7240 | residual 1.543e-03 (Module: solver, Line: 291)
2025-11-16 14:53:57,128 [DEBUG] Iter 7250 | residual 1.543e-03 (Module: solver, Line: 291)
2025-11-16 14:53:57,129 [DEBUG] Iter 7260 | residual 1.543e-03 (Module: solver, Line: 291)
2025-11-16 14:53:57,131 [DEBUG] Iter 7270 | residual 1.543e-03 (Module: solver, Line: 291)
2025-11-16 14:53:57,133 [DEBUG] Iter 7280 | residual 1.543e-03 (Module: solver, Line: 291)
2025-11-16 14:53:57,135 [DEBUG] Iter 7290 | residual 1.543e-03 (Module: solver, Line: 291)
2025-11-16 14:53:57,136 [DEBUG] Iter 7300 | residual 1.543e-03 (Module: solver, Line: 291)
2025-11-16 14:53:57,138 [DEBUG] Iter 7310 | residual 1.543e-03 (Module: solver, Line: 291)
2025-11-16 14:53:57,139 [DEBUG] Iter 7320 | residual 1.543e-03 (Module: solver, Line: 291)
2025-11-16 14:53:57,141 [DEBUG] Iter 7330 | residual 1.543e-03 (Module: solver, Line: 291)
2025-11-16 14:53:57,143 [DEBUG] Iter 7340 | residual 1.543e-03 (Module: solver, Line: 291)
2025-11-16 14:53:57,145 [DEBUG] Iter 7350 | residual 1.543e-03 (Module: solver, Line: 291)
2025-11-16 14:53:57,146 [DEBUG] Iter 7360 | residual 1.543e-03 (Module: solver, Line: 291)
2025-11-16 14:53:57,147 [DEBUG] Iter 7370 | residual 1.543e-03 (Module: solver, Line: 291)
2025-11-16 14:53:57,149 [DEBUG] Iter 7380 | residual 1.543e-03 (Module: solver, Line: 291)
2025-11-16 14:53:57,151 [DEBUG] Iter 7390 | residual 1.543e-03 (Module: solver, Line: 291)
2025-11-16 14:53:57,152 [DEBUG] Iter 7400 | residual 1.543e-03 (Module: solver, Line: 291)
2025-11-16 14:53:57,154 [DEBUG] Iter 7410 | residual 1.543e-03 (Module: solver, Line: 291)
2025-11-16 14:53:57,155 [DEBUG] Iter 7420 | residual 1.543e-03 (Module: solver, Line: 291)
2025-11-16 14:53:57,157 [DEBUG] Iter 7430 | residual 1.543e-03 (Module: solver, Line: 291)
2025-11-16 14:53:57,158 [DEBUG] Iter 7440 | residual 1.543e-03 (Module: solver, Line: 291)
2025-11-16 14:53:57,159 [DEBUG] Iter 7450 | residual 1.543e-03 (Module: solver, Line: 291)
2025-11-16 14:53:57,161 [DEBUG] Iter 7460 | residual 1.543e-03 (Module: solver, Line: 291)
2025-11-16 14:53:57,162 [DEBUG] Iter 7470 | residual 1.543e-03 (Module: solver, Line: 291)
2025-11-16 14:53:57,164 [DEBUG] Iter 7480 | residual 1.543e-03 (Module: solver, Line: 291)
2025-11-16 14:53:57,165 [DEBUG] Iter 7490 | residual 1.543e-03 (Module: solver, Line: 291)
2025-11-16 14:53:57,167 [DEBUG] Iter 7500 | residual 1.543e-03 (Module: solver, Line: 291)
2025-11-16 14:53:57,168 [DEBUG] Iter 7510 | residual 1.543e-03 (Module: solver, Line: 291)
2025-11-16 14:53:57,170 [DEBUG] Iter 7520 | residual 1.543e-03 (Module: solver, Line: 291)
2025-11-16 14:53:57,171 [DEBUG] Iter 7530 | residual 1.543e-03 (Module: solver, Line: 291)
2025-11-16 14:53:57,173 [DEBUG] Iter 7540 | residual 1.543e-03 (Module: solver, Line: 291)
2025-11-16 14:53:57,174 [DEBUG] Iter 7550 | residual 1.543e-03 (Module: solver, Line: 291)
2025-11-16 14:53:57,175 [DEBUG] Iter 7560 | residual 1.543e-03 (Module: solver, Line: 291)
2025-11-16 14:53:57,177 [DEBUG] Iter 7570 | residual 1.543e-03 (Module: solver, Line: 291)
2025-11-16 14:53:57,179 [DEBUG] Iter 7580 | residual 1.543e-03 (Module: solver, Line: 291)
2025-11-16 14:53:57,181 [DEBUG] Iter 7590 | residual 1.543e-03 (Module: solver, Line: 291)
2025-11-16 14:53:57,183 [DEBUG] Iter 7600 | residual 1.543e-03 (Module: solver, Line: 291)
2025-11-16 14:53:57,185 [DEBUG] Iter 7610 | residual 1.543e-03 (Module: solver, Line: 291)
2025-11-16 14:53:57,187 [DEBUG] Iter 7620 | residual 1.543e-03 (Module: solver, Line: 291)
2025-11-16 14:53:57,188 [DEBUG] Iter 7630 | residual 1.543e-03 (Module: solver, Line: 291)
2025-11-16 14:53:57,190 [DEBUG] Iter 7640 | residual 1.543e-03 (Module: solver, Line: 291)
2025-11-16 14:53:57,191 [DEBUG] Iter 7650 | residual 1.543e-03 (Module: solver, Line: 291)
2025-11-16 14:53:57,193 [DEBUG] Iter 7660 | residual 1.543e-03 (Module: solver, Line: 291)
2025-11-16 14:53:57,194 [DEBUG] Iter 7670 | residual 1.543e-03 (Module: solver, Line: 291)
2025-11-16 14:53:57,195 [DEBUG] Iter 7680 | residual 1.543e-03 (Module: solver, Line: 291)
2025-11-16 14:53:57,198 [DEBUG] Iter 7690 | residual 1.543e-03 (Module: solver, Line: 291)
2025-11-16 14:53:57,199 [DEBUG] Iter 7700 | residual 1.543e-03 (Module: solver, Line: 291)
2025-11-16 14:53:57,201 [DEBUG] Iter 7710 | residual 1.543e-03 (Module: solver, Line: 291)
2025-11-16 14:53:57,203 [DEBUG] Iter 7720 | residual 1.543e-03 (Module: solver, Line: 291)
2025-11-16 14:53:57,204 [DEBUG] Iter 7730 | residual 1.543e-03 (Module: solver, Line: 291)
2025-11-16 14:53:57,205 [DEBUG] Iter 7740 | residual 1.543e-03 (Module: solver, Line: 291)
2025-11-16 14:53:57,207 [DEBUG] Iter 7750 | residual 1.543e-03 (Module: solver, Line: 291)
2025-11-16 14:53:57,208 [DEBUG] Iter 7760 | residual 1.543e-03 (Module: solver, Line: 291)
2025-11-16 14:53:57,210 [DEBUG] Iter 7770 | residual 1.543e-03 (Module: solver, Line: 291)
2025-11-16 14:53:57,211 [DEBUG] Iter 7780 | residual 1.543e-03 (Module: solver, Line: 291)
2025-11-16 14:53:57,214 [DEBUG] Iter 7790 | residual 1.543e-03 (Module: solver, Line: 291)
2025-11-16 14:53:57,215 [DEBUG] Iter 7800 | residual 1.543e-03 (Module: solver, Line: 291)
2025-11-16 14:53:57,217 [DEBUG] Iter 7810 | residual 1.543e-03 (Module: solver, Line: 291)
2025-11-16 14:53:57,219 [DEBUG] Iter 7820 | residual 1.543e-03 (Module: solver, Line: 291)
2025-11-16 14:53:57,220 [DEBUG] Iter 7830 | residual 1.543e-03 (Module: solver, Line: 291)
2025-11-16 14:53:57,222 [DEBUG] Iter 7840 | residual 1.543e-03 (Module: solver, Line: 291)
2025-11-16 14:53:57,223 [DEBUG] Iter 7850 | residual 1.543e-03 (Module: solver, Line: 291)
2025-11-16 14:53:57,225 [DEBUG] Iter 7860 | residual 1.543e-03 (Module: solver, Line: 291)
2025-11-16 14:53:57,226 [DEBUG] Iter 7870 | residual 1.543e-03 (Module: solver, Line: 291)
2025-11-16 14:53:57,228 [DEBUG] Iter 7880 | residual 1.543e-03 (Module: solver, Line: 291)
2025-11-16 14:53:57,229 [DEBUG] Iter 7890 | residual 1.543e-03 (Module: solver, Line: 291)
2025-11-16 14:53:57,231 [DEBUG] Iter 7900 | residual 1.543e-03 (Module: solver, Line: 291)
2025-11-16 14:53:57,232 [DEBUG] Iter 7910 | residual 1.543e-03 (Module: solver, Line: 291)
2025-11-16 14:53:57,234 [DEBUG] Iter 7920 | residual 1.543e-03 (Module: solver, Line: 291)
2025-11-16 14:53:57,236 [DEBUG] Iter 7930 | residual 1.543e-03 (Module: solver, Line: 291)
2025-11-16 14:53:57,237 [DEBUG] Iter 7940 | residual 1.543e-03 (Module: solver, Line: 291)
2025-11-16 14:53:57,239 [DEBUG] Iter 7950 | residual 1.543e-03 (Module: solver, Line: 291)
2025-11-16 14:53:57,241 [DEBUG] Iter 7960 | residual 1.543e-03 (Module: solver, Line: 291)
2025-11-16 14:53:57,242 [DEBUG] Iter 7970 | residual 1.543e-03 (Module: solver, Line: 291)
2025-11-16 14:53:57,243 [DEBUG] Iter 7980 | residual 1.543e-03 (Module: solver, Line: 291)
2025-11-16 14:53:57,245 [DEBUG] Iter 7990 | residual 1.543e-03 (Module: solver, Line: 291)
2025-11-16 14:53:57,246 [DEBUG] Iter 8000 | residual 1.543e-03 (Module: solver, Line: 291)
2025-11-16 14:53:57,248 [DEBUG] Iter 8010 | residual 1.543e-03 (Module: solver, Line: 291)
2025-11-16 14:53:57,249 [DEBUG] Iter 8020 | residual 1.543e-03 (Module: solver, Line: 291)
2025-11-16 14:53:57,250 [DEBUG] Iter 8030 | residual 1.543e-03 (Module: solver, Line: 291)
2025-11-16 14:53:57,252 [DEBUG] Iter 8040 | residual 1.543e-03 (Module: solver, Line: 291)
2025-11-16 14:53:57,253 [DEBUG] Iter 8050 | residual 1.543e-03 (Module: solver, Line: 291)
2025-11-16 14:53:57,254 [DEBUG] Iter 8060 | residual 1.543e-03 (Module: solver, Line: 291)
2025-11-16 14:53:57,257 [DEBUG] Iter 8070 | residual 1.543e-03 (Module: solver, Line: 291)
2025-11-16 14:53:57,258 [DEBUG] Iter 8080 | residual 1.543e-03 (Module: solver, Line: 291)
2025-11-16 14:53:57,260 [DEBUG] Iter 8090 | residual 1.543e-03 (Module: solver, Line: 291)
2025-11-16 14:53:57,261 [DEBUG] Iter 8100 | residual 1.543e-03 (Module: solver, Line: 291)
2025-11-16 14:53:57,262 [DEBUG] Iter 8110 | residual 1.543e-03 (Module: solver, Line: 291)
2025-11-16 14:53:57,264 [DEBUG] Iter 8120 | residual 1.543e-03 (Module: solver, Line: 291)
2025-11-16 14:53:57,266 [DEBUG] Iter 8130 | residual 1.543e-03 (Module: solver, Line: 291)
2025-11-16 14:53:57,268 [DEBUG] Iter 8140 | residual 1.543e-03 (Module: solver, Line: 291)
2025-11-16 14:53:57,269 [DEBUG] Iter 8150 | residual 1.543e-03 (Module: solver, Line: 291)
2025-11-16 14:53:57,270 [DEBUG] Iter 8160 | residual 1.543e-03 (Module: solver, Line: 291)
2025-11-16 14:53:57,272 [DEBUG] Iter 8170 | residual 1.543e-03 (Module: solver, Line: 291)
2025-11-16 14:53:57,273 [DEBUG] Iter 8180 | residual 1.543e-03 (Module: solver, Line: 291)
2025-11-16 14:53:57,274 [DEBUG] Iter 8190 | residual 1.543e-03 (Module: solver, Line: 291)
2025-11-16 14:53:57,276 [DEBUG] Iter 8200 | residual 1.543e-03 (Module: solver, Line: 291)
2025-11-16 14:53:57,277 [DEBUG] Iter 8210 | residual 1.543e-03 (Module: solver, Line: 291)
2025-11-16 14:53:57,279 [DEBUG] Iter 8220 | residual 1.543e-03 (Module: solver, Line: 291)
2025-11-16 14:53:57,280 [DEBUG] Iter 8230 | residual 1.543e-03 (Module: solver, Line: 291)
2025-11-16 14:53:57,280 [DEBUG] Iter 8240 | residual 1.543e-03 (Module: solver, Line: 291)
2025-11-16 14:53:57,280 [DEBUG] Iter 8250 | residual 1.543e-03 (Module: solver, Line: 291)
2025-11-16 14:53:57,280 [DEBUG] Iter 8260 | residual 1.543e-03 (Module: solver, Line: 291)
2025-11-16 14:53:57,280 [DEBUG] Iter 8270 | residual 1.543e-03 (Module: solver, Line: 291)
2025-11-16 14:53:57,280 [DEBUG] Iter 8280 | residual 1.543e-03 (Module: solver, Line: 291)
2025-11-16 14:53:57,280 [DEBUG] Iter 8290 | residual 1.543e-03 (Module: solver, Line: 291)
2025-11-16 14:53:57,280 [DEBUG] Iter 8300 | residual 1.543e-03 (Module: solver, Line: 291)
2025-11-16 14:53:57,280 [DEBUG] Iter 8310 | residual 1.543e-03 (Module: solver, Line: 291)
2025-11-16 14:53:57,280 [DEBUG] Iter 8320 | residual 1.543e-03 (Module: solver, Line: 291)
2025-11-16 14:53:57,296 [DEBUG] Iter 8330 | residual 1.543e-03 (Module: solver, Line: 291)
2025-11-16 14:53:57,297 [DEBUG] Iter 8340 | residual 1.543e-03 (Module: solver, Line: 291)
2025-11-16 14:53:57,299 [DEBUG] Iter 8350 | residual 1.543e-03 (Module: solver, Line: 291)
2025-11-16 14:53:57,302 [DEBUG] Iter 8360 | residual 1.543e-03 (Module: solver, Line: 291)
2025-11-16 14:53:57,304 [DEBUG] Iter 8370 | residual 1.543e-03 (Module: solver, Line: 291)
2025-11-16 14:53:57,305 [DEBUG] Iter 8380 | residual 1.543e-03 (Module: solver, Line: 291)
2025-11-16 14:53:57,306 [DEBUG] Iter 8390 | residual 1.543e-03 (Module: solver, Line: 291)
2025-11-16 14:53:57,308 [DEBUG] Iter 8400 | residual 1.543e-03 (Module: solver, Line: 291)
2025-11-16 14:53:57,309 [DEBUG] Iter 8410 | residual 1.543e-03 (Module: solver, Line: 291)
2025-11-16 14:53:57,311 [DEBUG] Iter 8420 | residual 1.543e-03 (Module: solver, Line: 291)
2025-11-16 14:53:57,312 [DEBUG] Iter 8430 | residual 1.543e-03 (Module: solver, Line: 291)
2025-11-16 14:53:57,313 [DEBUG] Iter 8440 | residual 1.543e-03 (Module: solver, Line: 291)
2025-11-16 14:53:57,315 [DEBUG] Iter 8450 | residual 1.543e-03 (Module: solver, Line: 291)
2025-11-16 14:53:57,316 [DEBUG] Iter 8460 | residual 1.543e-03 (Module: solver, Line: 291)
2025-11-16 14:53:57,317 [DEBUG] Iter 8470 | residual 1.543e-03 (Module: solver, Line: 291)
2025-11-16 14:53:57,319 [DEBUG] Iter 8480 | residual 1.543e-03 (Module: solver, Line: 291)
2025-11-16 14:53:57,320 [DEBUG] Iter 8490 | residual 1.543e-03 (Module: solver, Line: 291)
2025-11-16 14:53:57,323 [DEBUG] Iter 8500 | residual 1.543e-03 (Module: solver, Line: 291)
2025-11-16 14:53:57,324 [DEBUG] Iter 8510 | residual 1.543e-03 (Module: solver, Line: 291)
2025-11-16 14:53:57,326 [DEBUG] Iter 8520 | residual 1.543e-03 (Module: solver, Line: 291)
2025-11-16 14:53:57,328 [DEBUG] Iter 8530 | residual 1.543e-03 (Module: solver, Line: 291)
2025-11-16 14:53:57,329 [DEBUG] Iter 8540 | residual 1.543e-03 (Module: solver, Line: 291)
2025-11-16 14:53:57,330 [DEBUG] Iter 8550 | residual 1.543e-03 (Module: solver, Line: 291)
2025-11-16 14:53:57,332 [DEBUG] Iter 8560 | residual 1.543e-03 (Module: solver, Line: 291)
2025-11-16 14:53:57,333 [DEBUG] Iter 8570 | residual 1.543e-03 (Module: solver, Line: 291)
2025-11-16 14:53:57,335 [DEBUG] Iter 8580 | residual 1.543e-03 (Module: solver, Line: 291)
2025-11-16 14:53:57,336 [DEBUG] Iter 8590 | residual 1.543e-03 (Module: solver, Line: 291)
2025-11-16 14:53:57,338 [DEBUG] Iter 8600 | residual 1.543e-03 (Module: solver, Line: 291)
2025-11-16 14:53:57,339 [DEBUG] Iter 8610 | residual 1.543e-03 (Module: solver, Line: 291)
