Machine Specifications:
   - OS: Windows 11 (10.0.26100)
       • Logical cores: 20
       • Physical cores: 12
   - RAM: 31.24 GB
   - Disk: 943.72 GB total, 2.52 GB free
   - Python Version: 3.12.5 (C:\Users\s1834431\AppData\Local\Programs\Python\Python312\python.exe)
   - GPU(s): Intel(R) UHD Graphics 770

Job: job_0007_n128
Timestamp (job start): 2026-02-26_16-18-35-472828
Total Time: 11.75 sec

+-------------------------------+------------+---------------+-------------+-----------+
| Step                          |   Time (s) |   Memory (MB) |   Disk (GB) |   CPU (%) |
+===============================+============+===============+=============+===========+
| Parsing                       |   0        |       134.926 |     941.201 |         0 |
+-------------------------------+------------+---------------+-------------+-----------+
| Element Instantiation         |   0.723954 |       134.938 |     941.202 |         0 |
+-------------------------------+------------+---------------+-------------+-----------+
| Element Stiffness Computation |   0.854207 |       134.938 |     941.196 |         0 |
+-------------------------------+------------+---------------+-------------+-----------+
| Element Force Computation     |   0.607717 |       134.938 |     941.196 |         0 |
+-------------------------------+------------+---------------+-------------+-----------+
| Full Simulation               |   8.9537   |       135.352 |     941.202 |         0 |
+-------------------------------+------------+---------------+-------------+-----------+

Parallel Jobs: None
Start Memory: 134.92 MB | End Memory: 135.35 MB
Start Disk Usage: 941.20 GB | End Disk Usage: 941.20 GB
Start CPU: 0.00% | End CPU: 0.00%
