2026-02-26 16:18:31,812 [DEBUG] 📁 Log file: c:\Users\s1834431\Programs\fem_model\post_processing\results\job_0007_n128_2026-02-26_16-18-23-533868_pid18316_a0506f5e\logs\SolveCondensedSystem.log (Module: solver, Line: 249)
2026-02-26 16:18:31,812 [DEBUG] Row/column scaling applied. (Module: solver, Line: 164)
2026-02-26 16:18:31,812 [DEBUG] Building ILU (drop_tol=1e-06, fill_factor=1.0) (Module: solver, Line: 77)
2026-02-26 16:18:31,817 [DEBUG] ILU fill-ratio = 1.07 (Module: solver, Line: 82)
2026-02-26 16:18:31,817 [INFO] Solver parameters • solver='cg', prec='auto', K nnz=3312, dofs=768 (Module: solver, Line: 181)
2026-02-26 16:18:31,817 [INFO] Condensed condition estimate: 1.00e+00 (Module: solver, Line: 187)
2026-02-26 16:18:31,822 [DEBUG] Iter   10 | residual 8.677e-03 (Module: solver, Line: 328)
2026-02-26 16:18:31,823 [DEBUG] Iter   20 | residual 9.702e-03 (Module: solver, Line: 328)
2026-02-26 16:18:31,824 [DEBUG] Iter   30 | residual 1.040e-02 (Module: solver, Line: 328)
2026-02-26 16:18:31,825 [DEBUG] Iter   40 | residual 1.095e-02 (Module: solver, Line: 328)
2026-02-26 16:18:31,825 [DEBUG] Iter   50 | residual 1.138e-02 (Module: solver, Line: 328)
2026-02-26 16:18:31,825 [DEBUG] Iter   60 | residual 1.171e-02 (Module: solver, Line: 328)
2026-02-26 16:18:31,825 [DEBUG] Iter   70 | residual 1.197e-02 (Module: solver, Line: 328)
2026-02-26 16:18:31,825 [DEBUG] Iter   80 | residual 1.218e-02 (Module: solver, Line: 328)
2026-02-26 16:18:31,825 [DEBUG] Iter   90 | residual 1.235e-02 (Module: solver, Line: 328)
2026-02-26 16:18:31,825 [DEBUG] Iter  100 | residual 1.250e-02 (Module: solver, Line: 328)
2026-02-26 16:18:31,831 [DEBUG] Iter  110 | residual 1.262e-02 (Module: solver, Line: 328)
2026-02-26 16:18:31,832 [DEBUG] Iter  120 | residual 1.273e-02 (Module: solver, Line: 328)
2026-02-26 16:18:31,833 [DEBUG] Iter  130 | residual 1.282e-02 (Module: solver, Line: 328)
2026-02-26 16:18:31,834 [DEBUG] Iter  140 | residual 1.291e-02 (Module: solver, Line: 328)
2026-02-26 16:18:31,834 [DEBUG] Iter  150 | residual 1.299e-02 (Module: solver, Line: 328)
2026-02-26 16:18:31,835 [DEBUG] Iter  160 | residual 1.306e-02 (Module: solver, Line: 328)
2026-02-26 16:18:31,836 [DEBUG] Iter  170 | residual 1.314e-02 (Module: solver, Line: 328)
2026-02-26 16:18:31,837 [DEBUG] Iter  180 | residual 1.320e-02 (Module: solver, Line: 328)
2026-02-26 16:18:31,837 [DEBUG] Iter  190 | residual 1.327e-02 (Module: solver, Line: 328)
2026-02-26 16:18:31,838 [DEBUG] Iter  200 | residual 1.333e-02 (Module: solver, Line: 328)
2026-02-26 16:18:31,839 [DEBUG] Iter  210 | residual 1.339e-02 (Module: solver, Line: 328)
2026-02-26 16:18:31,840 [DEBUG] Iter  220 | residual 1.345e-02 (Module: solver, Line: 328)
2026-02-26 16:18:31,840 [DEBUG] Iter  230 | residual 1.350e-02 (Module: solver, Line: 328)
2026-02-26 16:18:31,841 [DEBUG] Iter  240 | residual 1.356e-02 (Module: solver, Line: 328)
2026-02-26 16:18:31,842 [DEBUG] Iter  250 | residual 1.361e-02 (Module: solver, Line: 328)
2026-02-26 16:18:31,842 [DEBUG] Iter  260 | residual 1.367e-02 (Module: solver, Line: 328)
2026-02-26 16:18:31,843 [DEBUG] Iter  270 | residual 1.372e-02 (Module: solver, Line: 328)
2026-02-26 16:18:31,844 [DEBUG] Iter  280 | residual 1.377e-02 (Module: solver, Line: 328)
2026-02-26 16:18:31,844 [DEBUG] Iter  290 | residual 1.382e-02 (Module: solver, Line: 328)
2026-02-26 16:18:31,845 [DEBUG] Iter  300 | residual 1.386e-02 (Module: solver, Line: 328)
2026-02-26 16:18:31,846 [DEBUG] Iter  310 | residual 1.391e-02 (Module: solver, Line: 328)
2026-02-26 16:18:31,846 [DEBUG] Iter  320 | residual 1.396e-02 (Module: solver, Line: 328)
2026-02-26 16:18:31,847 [DEBUG] Iter  330 | residual 1.400e-02 (Module: solver, Line: 328)
2026-02-26 16:18:31,847 [DEBUG] Iter  340 | residual 1.404e-02 (Module: solver, Line: 328)
2026-02-26 16:18:31,849 [DEBUG] Iter  350 | residual 1.409e-02 (Module: solver, Line: 328)
2026-02-26 16:18:31,849 [DEBUG] Iter  360 | residual 1.413e-02 (Module: solver, Line: 328)
2026-02-26 16:18:31,849 [DEBUG] Iter  370 | residual 1.417e-02 (Module: solver, Line: 328)
2026-02-26 16:18:31,849 [DEBUG] Iter  380 | residual 1.421e-02 (Module: solver, Line: 328)
2026-02-26 16:18:31,849 [DEBUG] Iter  390 | residual 1.425e-02 (Module: solver, Line: 328)
2026-02-26 16:18:31,849 [DEBUG] Iter  400 | residual 1.428e-02 (Module: solver, Line: 328)
2026-02-26 16:18:31,849 [DEBUG] Iter  410 | residual 1.432e-02 (Module: solver, Line: 328)
2026-02-26 16:18:31,849 [DEBUG] Iter  420 | residual 1.436e-02 (Module: solver, Line: 328)
2026-02-26 16:18:31,849 [DEBUG] Iter  430 | residual 1.439e-02 (Module: solver, Line: 328)
2026-02-26 16:18:31,849 [DEBUG] Iter  440 | residual 1.442e-02 (Module: solver, Line: 328)
2026-02-26 16:18:31,856 [DEBUG] Iter  450 | residual 1.446e-02 (Module: solver, Line: 328)
2026-02-26 16:18:31,856 [DEBUG] Iter  460 | residual 1.449e-02 (Module: solver, Line: 328)
2026-02-26 16:18:31,856 [DEBUG] Iter  470 | residual 1.452e-02 (Module: solver, Line: 328)
2026-02-26 16:18:31,856 [DEBUG] Iter  480 | residual 1.455e-02 (Module: solver, Line: 328)
2026-02-26 16:18:31,856 [DEBUG] Iter  490 | residual 1.458e-02 (Module: solver, Line: 328)
2026-02-26 16:18:31,856 [DEBUG] Iter  500 | residual 1.461e-02 (Module: solver, Line: 328)
2026-02-26 16:18:31,856 [DEBUG] Iter  510 | residual 1.463e-02 (Module: solver, Line: 328)
2026-02-26 16:18:31,856 [DEBUG] Iter  520 | residual 1.466e-02 (Module: solver, Line: 328)
2026-02-26 16:18:31,856 [DEBUG] Iter  530 | residual 1.469e-02 (Module: solver, Line: 328)
2026-02-26 16:18:31,856 [DEBUG] Iter  540 | residual 1.471e-02 (Module: solver, Line: 328)
2026-02-26 16:18:31,856 [DEBUG] Iter  550 | residual 1.474e-02 (Module: solver, Line: 328)
2026-02-26 16:18:31,856 [DEBUG] Iter  560 | residual 1.476e-02 (Module: solver, Line: 328)
2026-02-26 16:18:31,865 [DEBUG] Iter  570 | residual 1.478e-02 (Module: solver, Line: 328)
2026-02-26 16:18:31,866 [DEBUG] Iter  580 | residual 1.481e-02 (Module: solver, Line: 328)
2026-02-26 16:18:31,866 [DEBUG] Iter  590 | residual 1.483e-02 (Module: solver, Line: 328)
2026-02-26 16:18:31,867 [DEBUG] Iter  600 | residual 1.485e-02 (Module: solver, Line: 328)
2026-02-26 16:18:31,867 [DEBUG] Iter  610 | residual 1.487e-02 (Module: solver, Line: 328)
2026-02-26 16:18:31,868 [DEBUG] Iter  620 | residual 1.489e-02 (Module: solver, Line: 328)
2026-02-26 16:18:31,869 [DEBUG] Iter  630 | residual 1.491e-02 (Module: solver, Line: 328)
2026-02-26 16:18:31,869 [DEBUG] Iter  640 | residual 1.493e-02 (Module: solver, Line: 328)
2026-02-26 16:18:31,870 [DEBUG] Iter  650 | residual 1.495e-02 (Module: solver, Line: 328)
2026-02-26 16:18:31,871 [DEBUG] Iter  660 | residual 1.497e-02 (Module: solver, Line: 328)
2026-02-26 16:18:31,871 [DEBUG] Iter  670 | residual 1.498e-02 (Module: solver, Line: 328)
2026-02-26 16:18:31,872 [DEBUG] Iter  680 | residual 1.500e-02 (Module: solver, Line: 328)
2026-02-26 16:18:31,873 [DEBUG] Iter  690 | residual 1.502e-02 (Module: solver, Line: 328)
2026-02-26 16:18:31,873 [DEBUG] Iter  700 | residual 1.503e-02 (Module: solver, Line: 328)
2026-02-26 16:18:31,874 [DEBUG] Iter  710 | residual 1.505e-02 (Module: solver, Line: 328)
2026-02-26 16:18:31,875 [DEBUG] Iter  720 | residual 1.506e-02 (Module: solver, Line: 328)
2026-02-26 16:18:31,875 [DEBUG] Iter  730 | residual 1.508e-02 (Module: solver, Line: 328)
2026-02-26 16:18:31,876 [DEBUG] Iter  740 | residual 1.509e-02 (Module: solver, Line: 328)
2026-02-26 16:18:31,877 [DEBUG] Iter  750 | residual 1.511e-02 (Module: solver, Line: 328)
2026-02-26 16:18:31,877 [DEBUG] Iter  760 | residual 1.512e-02 (Module: solver, Line: 328)
2026-02-26 16:18:31,878 [DEBUG] Iter  770 | residual 1.513e-02 (Module: solver, Line: 328)
2026-02-26 16:18:31,879 [DEBUG] Iter  780 | residual 1.515e-02 (Module: solver, Line: 328)
2026-02-26 16:18:31,879 [DEBUG] Iter  790 | residual 1.516e-02 (Module: solver, Line: 328)
2026-02-26 16:18:31,880 [DEBUG] Iter  800 | residual 1.517e-02 (Module: solver, Line: 328)
2026-02-26 16:18:31,881 [DEBUG] Iter  810 | residual 1.518e-02 (Module: solver, Line: 328)
2026-02-26 16:18:31,881 [DEBUG] Iter  820 | residual 1.519e-02 (Module: solver, Line: 328)
2026-02-26 16:18:31,882 [DEBUG] Iter  830 | residual 1.521e-02 (Module: solver, Line: 328)
2026-02-26 16:18:31,883 [DEBUG] Iter  840 | residual 1.522e-02 (Module: solver, Line: 328)
2026-02-26 16:18:31,883 [DEBUG] Iter  850 | residual 1.523e-02 (Module: solver, Line: 328)
2026-02-26 16:18:31,884 [DEBUG] Iter  860 | residual 1.524e-02 (Module: solver, Line: 328)
2026-02-26 16:18:31,885 [DEBUG] Iter  870 | residual 1.525e-02 (Module: solver, Line: 328)
2026-02-26 16:18:31,885 [DEBUG] Iter  880 | residual 1.526e-02 (Module: solver, Line: 328)
2026-02-26 16:18:31,886 [DEBUG] Iter  890 | residual 1.527e-02 (Module: solver, Line: 328)
2026-02-26 16:18:31,887 [DEBUG] Iter  900 | residual 1.528e-02 (Module: solver, Line: 328)
2026-02-26 16:18:31,887 [DEBUG] Iter  910 | residual 1.529e-02 (Module: solver, Line: 328)
2026-02-26 16:18:31,888 [DEBUG] Iter  920 | residual 1.529e-02 (Module: solver, Line: 328)
2026-02-26 16:18:31,889 [DEBUG] Iter  930 | residual 1.530e-02 (Module: solver, Line: 328)
2026-02-26 16:18:31,889 [DEBUG] Iter  940 | residual 1.531e-02 (Module: solver, Line: 328)
2026-02-26 16:18:31,890 [DEBUG] Iter  950 | residual 1.532e-02 (Module: solver, Line: 328)
2026-02-26 16:18:31,891 [DEBUG] Iter  960 | residual 1.533e-02 (Module: solver, Line: 328)
2026-02-26 16:18:31,891 [DEBUG] Iter  970 | residual 1.534e-02 (Module: solver, Line: 328)
2026-02-26 16:18:31,892 [DEBUG] Iter  980 | residual 1.534e-02 (Module: solver, Line: 328)
2026-02-26 16:18:31,893 [DEBUG] Iter  990 | residual 1.535e-02 (Module: solver, Line: 328)
2026-02-26 16:18:31,893 [DEBUG] Iter 1000 | residual 1.536e-02 (Module: solver, Line: 328)
2026-02-26 16:18:31,893 [WARNING] Solver info=1000 (not converged). (Module: solver, Line: 344)
2026-02-26 16:18:31,894 [INFO] Retrying with ILU preconditioner … (Module: solver, Line: 351)
2026-02-26 16:18:31,894 [DEBUG] Building ILU (drop_tol=1e-06, fill_factor=1.0) (Module: solver, Line: 77)
2026-02-26 16:18:31,894 [DEBUG] ILU fill-ratio = 1.07 (Module: solver, Line: 82)
2026-02-26 16:18:31,895 [DEBUG] Iter 1010 | residual 8.677e-03 (Module: solver, Line: 328)
2026-02-26 16:18:31,896 [DEBUG] Iter 1020 | residual 9.702e-03 (Module: solver, Line: 328)
2026-02-26 16:18:31,897 [DEBUG] Iter 1030 | residual 1.040e-02 (Module: solver, Line: 328)
2026-02-26 16:18:31,897 [DEBUG] Iter 1040 | residual 1.095e-02 (Module: solver, Line: 328)
2026-02-26 16:18:31,898 [DEBUG] Iter 1050 | residual 1.138e-02 (Module: solver, Line: 328)
2026-02-26 16:18:31,898 [DEBUG] Iter 1060 | residual 1.171e-02 (Module: solver, Line: 328)
2026-02-26 16:18:31,898 [DEBUG] Iter 1070 | residual 1.197e-02 (Module: solver, Line: 328)
2026-02-26 16:18:31,898 [DEBUG] Iter 1080 | residual 1.218e-02 (Module: solver, Line: 328)
2026-02-26 16:18:31,898 [DEBUG] Iter 1090 | residual 1.235e-02 (Module: solver, Line: 328)
2026-02-26 16:18:31,898 [DEBUG] Iter 1100 | residual 1.250e-02 (Module: solver, Line: 328)
2026-02-26 16:18:31,898 [DEBUG] Iter 1110 | residual 1.262e-02 (Module: solver, Line: 328)
2026-02-26 16:18:31,898 [DEBUG] Iter 1120 | residual 1.273e-02 (Module: solver, Line: 328)
2026-02-26 16:18:31,898 [DEBUG] Iter 1130 | residual 1.282e-02 (Module: solver, Line: 328)
2026-02-26 16:18:31,898 [DEBUG] Iter 1140 | residual 1.291e-02 (Module: solver, Line: 328)
2026-02-26 16:18:31,898 [DEBUG] Iter 1150 | residual 1.299e-02 (Module: solver, Line: 328)
2026-02-26 16:18:31,898 [DEBUG] Iter 1160 | residual 1.306e-02 (Module: solver, Line: 328)
2026-02-26 16:18:31,898 [DEBUG] Iter 1170 | residual 1.314e-02 (Module: solver, Line: 328)
2026-02-26 16:18:31,898 [DEBUG] Iter 1180 | residual 1.320e-02 (Module: solver, Line: 328)
2026-02-26 16:18:31,898 [DEBUG] Iter 1190 | residual 1.327e-02 (Module: solver, Line: 328)
2026-02-26 16:18:31,898 [DEBUG] Iter 1200 | residual 1.333e-02 (Module: solver, Line: 328)
2026-02-26 16:18:31,898 [DEBUG] Iter 1210 | residual 1.339e-02 (Module: solver, Line: 328)
2026-02-26 16:18:31,898 [DEBUG] Iter 1220 | residual 1.345e-02 (Module: solver, Line: 328)
2026-02-26 16:18:31,898 [DEBUG] Iter 1230 | residual 1.350e-02 (Module: solver, Line: 328)
2026-02-26 16:18:31,898 [DEBUG] Iter 1240 | residual 1.356e-02 (Module: solver, Line: 328)
2026-02-26 16:18:31,898 [DEBUG] Iter 1250 | residual 1.361e-02 (Module: solver, Line: 328)
2026-02-26 16:18:31,898 [DEBUG] Iter 1260 | residual 1.367e-02 (Module: solver, Line: 328)
2026-02-26 16:18:31,898 [DEBUG] Iter 1270 | residual 1.372e-02 (Module: solver, Line: 328)
2026-02-26 16:18:31,898 [DEBUG] Iter 1280 | residual 1.377e-02 (Module: solver, Line: 328)
2026-02-26 16:18:31,898 [DEBUG] Iter 1290 | residual 1.382e-02 (Module: solver, Line: 328)
2026-02-26 16:18:31,915 [DEBUG] Iter 1300 | residual 1.386e-02 (Module: solver, Line: 328)
2026-02-26 16:18:31,915 [DEBUG] Iter 1310 | residual 1.391e-02 (Module: solver, Line: 328)
2026-02-26 16:18:31,916 [DEBUG] Iter 1320 | residual 1.396e-02 (Module: solver, Line: 328)
2026-02-26 16:18:31,917 [DEBUG] Iter 1330 | residual 1.400e-02 (Module: solver, Line: 328)
2026-02-26 16:18:31,917 [DEBUG] Iter 1340 | residual 1.404e-02 (Module: solver, Line: 328)
2026-02-26 16:18:31,918 [DEBUG] Iter 1350 | residual 1.409e-02 (Module: solver, Line: 328)
2026-02-26 16:18:31,918 [DEBUG] Iter 1360 | residual 1.413e-02 (Module: solver, Line: 328)
2026-02-26 16:18:31,919 [DEBUG] Iter 1370 | residual 1.417e-02 (Module: solver, Line: 328)
2026-02-26 16:18:31,920 [DEBUG] Iter 1380 | residual 1.421e-02 (Module: solver, Line: 328)
2026-02-26 16:18:31,920 [DEBUG] Iter 1390 | residual 1.425e-02 (Module: solver, Line: 328)
2026-02-26 16:18:31,920 [DEBUG] Iter 1400 | residual 1.428e-02 (Module: solver, Line: 328)
2026-02-26 16:18:31,920 [DEBUG] Iter 1410 | residual 1.432e-02 (Module: solver, Line: 328)
2026-02-26 16:18:31,920 [DEBUG] Iter 1420 | residual 1.436e-02 (Module: solver, Line: 328)
2026-02-26 16:18:31,920 [DEBUG] Iter 1430 | residual 1.439e-02 (Module: solver, Line: 328)
2026-02-26 16:18:31,925 [DEBUG] Iter 1440 | residual 1.442e-02 (Module: solver, Line: 328)
2026-02-26 16:18:31,925 [DEBUG] Iter 1450 | residual 1.446e-02 (Module: solver, Line: 328)
2026-02-26 16:18:31,925 [DEBUG] Iter 1460 | residual 1.449e-02 (Module: solver, Line: 328)
2026-02-26 16:18:31,925 [DEBUG] Iter 1470 | residual 1.452e-02 (Module: solver, Line: 328)
2026-02-26 16:18:31,925 [DEBUG] Iter 1480 | residual 1.455e-02 (Module: solver, Line: 328)
2026-02-26 16:18:31,925 [DEBUG] Iter 1490 | residual 1.458e-02 (Module: solver, Line: 328)
2026-02-26 16:18:31,925 [DEBUG] Iter 1500 | residual 1.461e-02 (Module: solver, Line: 328)
2026-02-26 16:18:31,925 [DEBUG] Iter 1510 | residual 1.463e-02 (Module: solver, Line: 328)
2026-02-26 16:18:31,925 [DEBUG] Iter 1520 | residual 1.466e-02 (Module: solver, Line: 328)
2026-02-26 16:18:31,925 [DEBUG] Iter 1530 | residual 1.469e-02 (Module: solver, Line: 328)
2026-02-26 16:18:31,931 [DEBUG] Iter 1540 | residual 1.471e-02 (Module: solver, Line: 328)
2026-02-26 16:18:31,931 [DEBUG] Iter 1550 | residual 1.474e-02 (Module: solver, Line: 328)
2026-02-26 16:18:31,932 [DEBUG] Iter 1560 | residual 1.476e-02 (Module: solver, Line: 328)
2026-02-26 16:18:31,933 [DEBUG] Iter 1570 | residual 1.478e-02 (Module: solver, Line: 328)
2026-02-26 16:18:31,934 [DEBUG] Iter 1580 | residual 1.481e-02 (Module: solver, Line: 328)
2026-02-26 16:18:31,934 [DEBUG] Iter 1590 | residual 1.483e-02 (Module: solver, Line: 328)
2026-02-26 16:18:31,935 [DEBUG] Iter 1600 | residual 1.485e-02 (Module: solver, Line: 328)
2026-02-26 16:18:31,936 [DEBUG] Iter 1610 | residual 1.487e-02 (Module: solver, Line: 328)
2026-02-26 16:18:31,936 [DEBUG] Iter 1620 | residual 1.489e-02 (Module: solver, Line: 328)
2026-02-26 16:18:31,937 [DEBUG] Iter 1630 | residual 1.491e-02 (Module: solver, Line: 328)
2026-02-26 16:18:31,937 [DEBUG] Iter 1640 | residual 1.493e-02 (Module: solver, Line: 328)
2026-02-26 16:18:31,938 [DEBUG] Iter 1650 | residual 1.495e-02 (Module: solver, Line: 328)
2026-02-26 16:18:31,939 [DEBUG] Iter 1660 | residual 1.497e-02 (Module: solver, Line: 328)
2026-02-26 16:18:31,940 [DEBUG] Iter 1670 | residual 1.498e-02 (Module: solver, Line: 328)
2026-02-26 16:18:31,940 [DEBUG] Iter 1680 | residual 1.500e-02 (Module: solver, Line: 328)
2026-02-26 16:18:31,941 [DEBUG] Iter 1690 | residual 1.502e-02 (Module: solver, Line: 328)
2026-02-26 16:18:31,941 [DEBUG] Iter 1700 | residual 1.503e-02 (Module: solver, Line: 328)
2026-02-26 16:18:31,942 [DEBUG] Iter 1710 | residual 1.505e-02 (Module: solver, Line: 328)
2026-02-26 16:18:31,943 [DEBUG] Iter 1720 | residual 1.506e-02 (Module: solver, Line: 328)
2026-02-26 16:18:31,943 [DEBUG] Iter 1730 | residual 1.508e-02 (Module: solver, Line: 328)
2026-02-26 16:18:31,944 [DEBUG] Iter 1740 | residual 1.509e-02 (Module: solver, Line: 328)
2026-02-26 16:18:31,945 [DEBUG] Iter 1750 | residual 1.511e-02 (Module: solver, Line: 328)
2026-02-26 16:18:31,945 [DEBUG] Iter 1760 | residual 1.512e-02 (Module: solver, Line: 328)
2026-02-26 16:18:31,946 [DEBUG] Iter 1770 | residual 1.513e-02 (Module: solver, Line: 328)
2026-02-26 16:18:31,947 [DEBUG] Iter 1780 | residual 1.515e-02 (Module: solver, Line: 328)
2026-02-26 16:18:31,947 [DEBUG] Iter 1790 | residual 1.516e-02 (Module: solver, Line: 328)
2026-02-26 16:18:31,949 [DEBUG] Iter 1800 | residual 1.517e-02 (Module: solver, Line: 328)
2026-02-26 16:18:31,950 [DEBUG] Iter 1810 | residual 1.518e-02 (Module: solver, Line: 328)
2026-02-26 16:18:31,951 [DEBUG] Iter 1820 | residual 1.519e-02 (Module: solver, Line: 328)
2026-02-26 16:18:31,951 [DEBUG] Iter 1830 | residual 1.521e-02 (Module: solver, Line: 328)
2026-02-26 16:18:31,952 [DEBUG] Iter 1840 | residual 1.522e-02 (Module: solver, Line: 328)
2026-02-26 16:18:31,953 [DEBUG] Iter 1850 | residual 1.523e-02 (Module: solver, Line: 328)
2026-02-26 16:18:31,953 [DEBUG] Iter 1860 | residual 1.524e-02 (Module: solver, Line: 328)
2026-02-26 16:18:31,954 [DEBUG] Iter 1870 | residual 1.525e-02 (Module: solver, Line: 328)
2026-02-26 16:18:31,955 [DEBUG] Iter 1880 | residual 1.526e-02 (Module: solver, Line: 328)
2026-02-26 16:18:31,955 [DEBUG] Iter 1890 | residual 1.527e-02 (Module: solver, Line: 328)
2026-02-26 16:18:31,956 [DEBUG] Iter 1900 | residual 1.528e-02 (Module: solver, Line: 328)
2026-02-26 16:18:31,956 [DEBUG] Iter 1910 | residual 1.529e-02 (Module: solver, Line: 328)
2026-02-26 16:18:31,957 [DEBUG] Iter 1920 | residual 1.529e-02 (Module: solver, Line: 328)
2026-02-26 16:18:31,958 [DEBUG] Iter 1930 | residual 1.530e-02 (Module: solver, Line: 328)
2026-02-26 16:18:31,958 [DEBUG] Iter 1940 | residual 1.531e-02 (Module: solver, Line: 328)
2026-02-26 16:18:31,959 [DEBUG] Iter 1950 | residual 1.532e-02 (Module: solver, Line: 328)
2026-02-26 16:18:31,960 [DEBUG] Iter 1960 | residual 1.533e-02 (Module: solver, Line: 328)
2026-02-26 16:18:31,960 [DEBUG] Iter 1970 | residual 1.534e-02 (Module: solver, Line: 328)
2026-02-26 16:18:31,961 [DEBUG] Iter 1980 | residual 1.534e-02 (Module: solver, Line: 328)
2026-02-26 16:18:31,962 [DEBUG] Iter 1990 | residual 1.535e-02 (Module: solver, Line: 328)
2026-02-26 16:18:31,962 [DEBUG] Iter 2000 | residual 1.536e-02 (Module: solver, Line: 328)
2026-02-26 16:18:31,963 [WARNING] Solver info=1000 (not converged). (Module: solver, Line: 344)
2026-02-26 16:18:31,963 [INFO] Switching to direct SuperLU fall-back. (Module: solver, Line: 359)
2026-02-26 16:18:31,963 [DEBUG] Using SuperLU direct solver (Module: solver, Line: 306)
2026-02-26 16:18:31,964 [INFO] Condensed residual norm: 4.712e-03 (Module: solver, Line: 204)
2026-02-26 16:18:31,964 [WARNING] Residual is high – verify model! (Module: solver, Line: 207)
2026-02-26 16:18:31,964 [INFO] 📊 Condensed solver report: (Module: solver, Line: 384)
2026-02-26 16:18:31,965 [INFO]  • dofs: 768 (Module: solver, Line: 386)
2026-02-26 16:18:31,965 [INFO]  • nnz: 3312 (Module: solver, Line: 386)
2026-02-26 16:18:31,965 [INFO]  • density: 0.005615234375 (Module: solver, Line: 386)
2026-02-26 16:18:31,965 [INFO]  • condition_est: 1.0044370500295174 (Module: solver, Line: 386)
2026-02-26 16:18:31,965 [INFO]  • solve_phases: {'iterative': 0.06793440000001283, 'factorization': 0.0005069999997431296, 'solution': 0.0006051999998817337} (Module: solver, Line: 386)
2026-02-26 16:18:31,965 [INFO]  • iters: 2000 (Module: solver, Line: 386)
2026-02-26 16:18:31,965 [INFO]  • final_residual: 0.01535799219009172 (Module: solver, Line: 386)
