Machine Specifications:
   - OS: Windows 11 (10.0.26100)
       • Logical cores: 20
       • Physical cores: 12
   - RAM: 31.24 GB
   - Disk: 943.72 GB total, 2.46 GB free
   - Python Version: 3.12.5 (C:\Users\s1834431\AppData\Local\Programs\Python\Python312\python.exe)
   - GPU(s): Intel(R) UHD Graphics 770

Job: job_0011_n4
Timestamp (job start): 2026-02-26_16-19-49-126855
Total Time: 6.34 sec

+-------------------------------+------------+---------------+-------------+-----------+
| Step                          |   Time (s) |   Memory (MB) |   Disk (GB) |   CPU (%) |
+===============================+============+===============+=============+===========+
| Parsing                       | 0.00576138 |       136.434 |     941.249 |         0 |
+-------------------------------+------------+---------------+-------------+-----------+
| Element Instantiation         | 0.00734782 |       136.434 |     941.249 |         0 |
+-------------------------------+------------+---------------+-------------+-----------+
| Element Stiffness Computation | 0.0135746  |       136.434 |     941.249 |         0 |
+-------------------------------+------------+---------------+-------------+-----------+
| Element Force Computation     | 0.00716901 |       136.434 |     941.25  |         0 |
+-------------------------------+------------+---------------+-------------+-----------+
| Full Simulation               | 5.69551    |       136.523 |     941.254 |         0 |
+-------------------------------+------------+---------------+-------------+-----------+

Parallel Jobs: None
Start Memory: 136.43 MB | End Memory: 136.52 MB
Start Disk Usage: 941.25 GB | End Disk Usage: 941.25 GB
Start CPU: 0.00% | End CPU: 0.00%
