--------------------------------------------------------------------------
Machine specifications – written 2026-02-26 16:17:36.340858
OS          : Windows 11 (10.0.26100)
CPU         : 12th Gen Intel(R) Core(TM) i7-12700
   logical  : 20
   physical : 12
RAM         : 31.24 GB
Disk        : 943.72 GB total  /  2.57 GB free
Python      : 3.12.5  (C:\Users\s1834431\AppData\Local\Programs\Python\Python312\python.exe)
GPU(s)      : Intel(R) UHD Graphics 770
--------------------------------------------------------------------------

Runtime telemetry header written → C:\Users\s1834431\Programs\fem_model\post_processing\results\job_0004_n4_2026-02-26_16-17-34-322580_pid18316_010473fd\diagnostics\RuntimeMonitorTelemetry.log
2026-02-26 16:17:36 │ PrepareLocalSystem BEGIN   │ Δt  0.00 s │ RAM   134.4 MB │ CPU  23.4 % │ Disk  941.2 GB
2026-02-26 16:17:36 │ PrepareLocalSystem END     │ Δt  0.20 s │ RAM   134.4 MB │ CPU  20.7 % │ Disk  941.2 GB
2026-02-26 16:17:37 │ AssembleGlobalSystem BEGIN │ Δt  0.20 s │ RAM   134.4 MB │ CPU  22.8 % │ Disk  941.2 GB
2026-02-26 16:17:37 │ AssembleGlobalSystem END   │ Δt  0.21 s │ RAM   134.4 MB │ CPU  12.9 % │ Disk  941.2 GB
2026-02-26 16:17:37 │ ModifyGlobalSystem BEGIN   │ Δt  0.20 s │ RAM   134.4 MB │ CPU  23.0 % │ Disk  941.2 GB
2026-02-26 16:17:37 │ ModifyGlobalSystem END     │ Δt  0.21 s │ RAM   134.4 MB │ CPU  25.5 % │ Disk  941.2 GB
2026-02-26 16:17:37 │ CondenseModifiedSystem BEGIN │ Δt  0.20 s │ RAM   134.4 MB │ CPU  23.2 % │ Disk  941.2 GB
2026-02-26 16:17:38 │ CondenseModifiedSystem END │ Δt  0.21 s │ RAM   134.5 MB │ CPU  15.4 % │ Disk  941.2 GB
2026-02-26 16:17:38 │ SolveCondensedSystem BEGIN │ Δt  0.20 s │ RAM   134.5 MB │ CPU  13.7 % │ Disk  941.2 GB
2026-02-26 16:17:38 │ SolveCondensedSystem END   │ Δt  0.21 s │ RAM   134.5 MB │ CPU  14.9 % │ Disk  941.2 GB
2026-02-26 16:17:38 │ ReconstructGlobalSystem BEGIN │ Δt  0.20 s │ RAM   134.5 MB │ CPU  10.1 % │ Disk  941.2 GB
2026-02-26 16:17:38 │ ReconstructGlobalSystem END │ Δt  0.20 s │ RAM   134.5 MB │ CPU  47.7 % │ Disk  941.2 GB
2026-02-26 16:17:39 │ ComputePrimaryResults BEGIN │ Δt  0.20 s │ RAM   134.5 MB │ CPU  33.5 % │ Disk  941.2 GB
2026-02-26 16:17:39 │ ComputePrimaryResults END  │ Δt  0.24 s │ RAM   134.5 MB │ CPU  32.2 % │ Disk  941.2 GB
2026-02-26 16:17:39 │ SaveFormulationCache BEGIN │ Δt  0.20 s │ RAM   134.5 MB │ CPU  32.4 % │ Disk  941.2 GB
2026-02-26 16:17:39 │ SaveFormulationCache END   │ Δt  0.22 s │ RAM   134.5 MB │ CPU  32.2 % │ Disk  941.2 GB
2026-02-26 16:17:39 │ ComputeSecondaryResults BEGIN │ Δt  0.20 s │ RAM   134.5 MB │ CPU  30.0 % │ Disk  941.2 GB
2026-02-26 16:17:40 │ ComputeSecondaryResults END │ Δt  0.25 s │ RAM   134.5 MB │ CPU  33.3 % │ Disk  941.2 GB
2026-02-26 16:17:40 │ ComputeTertiaryResults BEGIN │ Δt  0.20 s │ RAM   134.5 MB │ CPU  25.6 % │ Disk  941.2 GB
2026-02-26 16:17:40 │ ComputeTertiaryResults END │ Δt  0.21 s │ RAM   134.5 MB │ CPU  19.5 % │ Disk  941.2 GB
