Machine Specifications:
   - OS: Windows 11 (10.0.26100)
       • Logical cores: 20
       • Physical cores: 12
   - RAM: 31.24 GB
   - Disk: 943.72 GB total, 2.49 GB free
   - Python Version: 3.12.5 (C:\Users\s1834431\AppData\Local\Programs\Python\Python312\python.exe)
   - GPU(s): Intel(R) UHD Graphics 770

Job: job_0009_n128
Timestamp (job start): 2026-02-26_16-19-09-103036
Total Time: 11.88 sec

+-------------------------------+------------+---------------+-------------+-----------+
| Step                          |   Time (s) |   Memory (MB) |   Disk (GB) |   CPU (%) |
+===============================+============+===============+=============+===========+
| Parsing                       |  0.0106108 |       136.23  |     941.215 |         0 |
+-------------------------------+------------+---------------+-------------+-----------+
| Element Instantiation         |  0.706986  |       136.234 |     941.216 |         0 |
+-------------------------------+------------+---------------+-------------+-----------+
| Element Stiffness Computation |  0.882958  |       136.281 |     941.218 |         0 |
+-------------------------------+------------+---------------+-------------+-----------+
| Element Force Computation     |  0.719611  |       136.5   |     941.22  |         0 |
+-------------------------------+------------+---------------+-------------+-----------+
| Full Simulation               |  8.94041   |       136.461 |     941.226 |         0 |
+-------------------------------+------------+---------------+-------------+-----------+

Parallel Jobs: None
Start Memory: 136.23 MB | End Memory: 136.46 MB
Start Disk Usage: 941.22 GB | End Disk Usage: 941.23 GB
Start CPU: 0.00% | End CPU: 0.00%
