2026-02-26 16:19:05,438 [DEBUG] 📁 Log file: c:\Users\s1834431\Programs\fem_model\post_processing\results\job_0009_n128_2026-02-26_16-18-57-034981_pid18316_89a4a05f\logs\SolveCondensedSystem.log (Module: solver, Line: 249)
2026-02-26 16:19:05,438 [DEBUG] Row/column scaling applied. (Module: solver, Line: 164)
2026-02-26 16:19:05,438 [DEBUG] Building ILU (drop_tol=1e-06, fill_factor=1.0) (Module: solver, Line: 77)
2026-02-26 16:19:05,438 [DEBUG] ILU fill-ratio = 1.07 (Module: solver, Line: 82)
2026-02-26 16:19:05,438 [INFO] Solver parameters • solver='cg', prec='auto', K nnz=3312, dofs=768 (Module: solver, Line: 181)
2026-02-26 16:19:05,438 [INFO] Condensed condition estimate: 1.00e+00 (Module: solver, Line: 187)
2026-02-26 16:19:05,438 [DEBUG] Iter   10 | residual 2.631e-02 (Module: solver, Line: 328)
2026-02-26 16:19:05,438 [DEBUG] Iter   20 | residual 2.456e-02 (Module: solver, Line: 328)
2026-02-26 16:19:05,449 [DEBUG] Iter   30 | residual 2.369e-02 (Module: solver, Line: 328)
2026-02-26 16:19:05,450 [DEBUG] Iter   40 | residual 2.341e-02 (Module: solver, Line: 328)
2026-02-26 16:19:05,450 [DEBUG] Iter   50 | residual 2.347e-02 (Module: solver, Line: 328)
2026-02-26 16:19:05,451 [DEBUG] Iter   60 | residual 2.375e-02 (Module: solver, Line: 328)
2026-02-26 16:19:05,453 [DEBUG] Iter   70 | residual 2.416e-02 (Module: solver, Line: 328)
2026-02-26 16:19:05,453 [DEBUG] Iter   80 | residual 2.468e-02 (Module: solver, Line: 328)
2026-02-26 16:19:05,455 [DEBUG] Iter   90 | residual 2.525e-02 (Module: solver, Line: 328)
2026-02-26 16:19:05,455 [DEBUG] Iter  100 | residual 2.586e-02 (Module: solver, Line: 328)
2026-02-26 16:19:05,455 [DEBUG] Iter  110 | residual 2.649e-02 (Module: solver, Line: 328)
2026-02-26 16:19:05,455 [DEBUG] Iter  120 | residual 2.712e-02 (Module: solver, Line: 328)
2026-02-26 16:19:05,455 [DEBUG] Iter  130 | residual 2.774e-02 (Module: solver, Line: 328)
2026-02-26 16:19:05,455 [DEBUG] Iter  140 | residual 2.835e-02 (Module: solver, Line: 328)
2026-02-26 16:19:05,460 [DEBUG] Iter  150 | residual 2.894e-02 (Module: solver, Line: 328)
2026-02-26 16:19:05,460 [DEBUG] Iter  160 | residual 2.950e-02 (Module: solver, Line: 328)
2026-02-26 16:19:05,461 [DEBUG] Iter  170 | residual 3.004e-02 (Module: solver, Line: 328)
2026-02-26 16:19:05,462 [DEBUG] Iter  180 | residual 3.056e-02 (Module: solver, Line: 328)
2026-02-26 16:19:05,462 [DEBUG] Iter  190 | residual 3.104e-02 (Module: solver, Line: 328)
2026-02-26 16:19:05,463 [DEBUG] Iter  200 | residual 3.150e-02 (Module: solver, Line: 328)
2026-02-26 16:19:05,464 [DEBUG] Iter  210 | residual 3.193e-02 (Module: solver, Line: 328)
2026-02-26 16:19:05,464 [DEBUG] Iter  220 | residual 3.234e-02 (Module: solver, Line: 328)
2026-02-26 16:19:05,465 [DEBUG] Iter  230 | residual 3.272e-02 (Module: solver, Line: 328)
2026-02-26 16:19:05,466 [DEBUG] Iter  240 | residual 3.308e-02 (Module: solver, Line: 328)
2026-02-26 16:19:05,466 [DEBUG] Iter  250 | residual 3.341e-02 (Module: solver, Line: 328)
2026-02-26 16:19:05,467 [DEBUG] Iter  260 | residual 3.372e-02 (Module: solver, Line: 328)
2026-02-26 16:19:05,468 [DEBUG] Iter  270 | residual 3.401e-02 (Module: solver, Line: 328)
2026-02-26 16:19:05,468 [DEBUG] Iter  280 | residual 3.429e-02 (Module: solver, Line: 328)
2026-02-26 16:19:05,469 [DEBUG] Iter  290 | residual 3.454e-02 (Module: solver, Line: 328)
2026-02-26 16:19:05,470 [DEBUG] Iter  300 | residual 3.478e-02 (Module: solver, Line: 328)
2026-02-26 16:19:05,470 [DEBUG] Iter  310 | residual 3.500e-02 (Module: solver, Line: 328)
2026-02-26 16:19:05,471 [DEBUG] Iter  320 | residual 3.521e-02 (Module: solver, Line: 328)
2026-02-26 16:19:05,472 [DEBUG] Iter  330 | residual 3.541e-02 (Module: solver, Line: 328)
2026-02-26 16:19:05,472 [DEBUG] Iter  340 | residual 3.559e-02 (Module: solver, Line: 328)
2026-02-26 16:19:05,473 [DEBUG] Iter  350 | residual 3.576e-02 (Module: solver, Line: 328)
2026-02-26 16:19:05,474 [DEBUG] Iter  360 | residual 3.592e-02 (Module: solver, Line: 328)
2026-02-26 16:19:05,474 [DEBUG] Iter  370 | residual 3.608e-02 (Module: solver, Line: 328)
2026-02-26 16:19:05,475 [DEBUG] Iter  380 | residual 3.622e-02 (Module: solver, Line: 328)
2026-02-26 16:19:05,476 [DEBUG] Iter  390 | residual 3.635e-02 (Module: solver, Line: 328)
2026-02-26 16:19:05,477 [DEBUG] Iter  400 | residual 3.648e-02 (Module: solver, Line: 328)
2026-02-26 16:19:05,478 [DEBUG] Iter  410 | residual 3.660e-02 (Module: solver, Line: 328)
2026-02-26 16:19:05,478 [DEBUG] Iter  420 | residual 3.671e-02 (Module: solver, Line: 328)
2026-02-26 16:19:05,478 [DEBUG] Iter  430 | residual 3.681e-02 (Module: solver, Line: 328)
2026-02-26 16:19:05,478 [DEBUG] Iter  440 | residual 3.691e-02 (Module: solver, Line: 328)
2026-02-26 16:19:05,478 [DEBUG] Iter  450 | residual 3.701e-02 (Module: solver, Line: 328)
2026-02-26 16:19:05,478 [DEBUG] Iter  460 | residual 3.710e-02 (Module: solver, Line: 328)
2026-02-26 16:19:05,478 [DEBUG] Iter  470 | residual 3.718e-02 (Module: solver, Line: 328)
2026-02-26 16:19:05,478 [DEBUG] Iter  480 | residual 3.726e-02 (Module: solver, Line: 328)
2026-02-26 16:19:05,478 [DEBUG] Iter  490 | residual 3.734e-02 (Module: solver, Line: 328)
2026-02-26 16:19:05,478 [DEBUG] Iter  500 | residual 3.741e-02 (Module: solver, Line: 328)
2026-02-26 16:19:05,478 [DEBUG] Iter  510 | residual 3.748e-02 (Module: solver, Line: 328)
2026-02-26 16:19:05,478 [DEBUG] Iter  520 | residual 3.755e-02 (Module: solver, Line: 328)
2026-02-26 16:19:05,478 [DEBUG] Iter  530 | residual 3.761e-02 (Module: solver, Line: 328)
2026-02-26 16:19:05,478 [DEBUG] Iter  540 | residual 3.767e-02 (Module: solver, Line: 328)
2026-02-26 16:19:05,478 [DEBUG] Iter  550 | residual 3.773e-02 (Module: solver, Line: 328)
2026-02-26 16:19:05,478 [DEBUG] Iter  560 | residual 3.779e-02 (Module: solver, Line: 328)
2026-02-26 16:19:05,478 [DEBUG] Iter  570 | residual 3.784e-02 (Module: solver, Line: 328)
2026-02-26 16:19:05,478 [DEBUG] Iter  580 | residual 3.790e-02 (Module: solver, Line: 328)
2026-02-26 16:19:05,478 [DEBUG] Iter  590 | residual 3.795e-02 (Module: solver, Line: 328)
2026-02-26 16:19:05,478 [DEBUG] Iter  600 | residual 3.799e-02 (Module: solver, Line: 328)
2026-02-26 16:19:05,478 [DEBUG] Iter  610 | residual 3.804e-02 (Module: solver, Line: 328)
2026-02-26 16:19:05,494 [DEBUG] Iter  620 | residual 3.809e-02 (Module: solver, Line: 328)
2026-02-26 16:19:05,495 [DEBUG] Iter  630 | residual 3.813e-02 (Module: solver, Line: 328)
2026-02-26 16:19:05,495 [DEBUG] Iter  640 | residual 3.817e-02 (Module: solver, Line: 328)
2026-02-26 16:19:05,496 [DEBUG] Iter  650 | residual 3.821e-02 (Module: solver, Line: 328)
2026-02-26 16:19:05,497 [DEBUG] Iter  660 | residual 3.826e-02 (Module: solver, Line: 328)
2026-02-26 16:19:05,497 [DEBUG] Iter  670 | residual 3.829e-02 (Module: solver, Line: 328)
2026-02-26 16:19:05,498 [DEBUG] Iter  680 | residual 3.833e-02 (Module: solver, Line: 328)
2026-02-26 16:19:05,499 [DEBUG] Iter  690 | residual 3.837e-02 (Module: solver, Line: 328)
2026-02-26 16:19:05,499 [DEBUG] Iter  700 | residual 3.841e-02 (Module: solver, Line: 328)
2026-02-26 16:19:05,500 [DEBUG] Iter  710 | residual 3.844e-02 (Module: solver, Line: 328)
2026-02-26 16:19:05,501 [DEBUG] Iter  720 | residual 3.848e-02 (Module: solver, Line: 328)
2026-02-26 16:19:05,501 [DEBUG] Iter  730 | residual 3.851e-02 (Module: solver, Line: 328)
2026-02-26 16:19:05,502 [DEBUG] Iter  740 | residual 3.855e-02 (Module: solver, Line: 328)
2026-02-26 16:19:05,502 [DEBUG] Iter  750 | residual 3.858e-02 (Module: solver, Line: 328)
2026-02-26 16:19:05,503 [DEBUG] Iter  760 | residual 3.861e-02 (Module: solver, Line: 328)
2026-02-26 16:19:05,504 [DEBUG] Iter  770 | residual 3.865e-02 (Module: solver, Line: 328)
2026-02-26 16:19:05,504 [DEBUG] Iter  780 | residual 3.868e-02 (Module: solver, Line: 328)
2026-02-26 16:19:05,505 [DEBUG] Iter  790 | residual 3.871e-02 (Module: solver, Line: 328)
2026-02-26 16:19:05,506 [DEBUG] Iter  800 | residual 3.874e-02 (Module: solver, Line: 328)
2026-02-26 16:19:05,507 [DEBUG] Iter  810 | residual 3.877e-02 (Module: solver, Line: 328)
2026-02-26 16:19:05,507 [DEBUG] Iter  820 | residual 3.880e-02 (Module: solver, Line: 328)
2026-02-26 16:19:05,508 [DEBUG] Iter  830 | residual 3.883e-02 (Module: solver, Line: 328)
2026-02-26 16:19:05,509 [DEBUG] Iter  840 | residual 3.886e-02 (Module: solver, Line: 328)
2026-02-26 16:19:05,509 [DEBUG] Iter  850 | residual 3.889e-02 (Module: solver, Line: 328)
2026-02-26 16:19:05,510 [DEBUG] Iter  860 | residual 3.892e-02 (Module: solver, Line: 328)
2026-02-26 16:19:05,511 [DEBUG] Iter  870 | residual 3.895e-02 (Module: solver, Line: 328)
2026-02-26 16:19:05,511 [DEBUG] Iter  880 | residual 3.898e-02 (Module: solver, Line: 328)
2026-02-26 16:19:05,511 [DEBUG] Iter  890 | residual 3.901e-02 (Module: solver, Line: 328)
2026-02-26 16:19:05,512 [DEBUG] Iter  900 | residual 3.903e-02 (Module: solver, Line: 328)
2026-02-26 16:19:05,513 [DEBUG] Iter  910 | residual 3.906e-02 (Module: solver, Line: 328)
2026-02-26 16:19:05,513 [DEBUG] Iter  920 | residual 3.909e-02 (Module: solver, Line: 328)
2026-02-26 16:19:05,514 [DEBUG] Iter  930 | residual 3.912e-02 (Module: solver, Line: 328)
2026-02-26 16:19:05,515 [DEBUG] Iter  940 | residual 3.915e-02 (Module: solver, Line: 328)
2026-02-26 16:19:05,515 [DEBUG] Iter  950 | residual 3.917e-02 (Module: solver, Line: 328)
2026-02-26 16:19:05,516 [DEBUG] Iter  960 | residual 3.920e-02 (Module: solver, Line: 328)
2026-02-26 16:19:05,517 [DEBUG] Iter  970 | residual 3.923e-02 (Module: solver, Line: 328)
2026-02-26 16:19:05,517 [DEBUG] Iter  980 | residual 3.926e-02 (Module: solver, Line: 328)
2026-02-26 16:19:05,518 [DEBUG] Iter  990 | residual 3.928e-02 (Module: solver, Line: 328)
2026-02-26 16:19:05,519 [DEBUG] Iter 1000 | residual 3.931e-02 (Module: solver, Line: 328)
2026-02-26 16:19:05,519 [WARNING] Solver info=1000 (not converged). (Module: solver, Line: 344)
2026-02-26 16:19:05,519 [INFO] Retrying with ILU preconditioner … (Module: solver, Line: 351)
2026-02-26 16:19:05,519 [DEBUG] Building ILU (drop_tol=1e-06, fill_factor=1.0) (Module: solver, Line: 77)
2026-02-26 16:19:05,520 [DEBUG] ILU fill-ratio = 1.07 (Module: solver, Line: 82)
2026-02-26 16:19:05,521 [DEBUG] Iter 1010 | residual 2.631e-02 (Module: solver, Line: 328)
2026-02-26 16:19:05,522 [DEBUG] Iter 1020 | residual 2.456e-02 (Module: solver, Line: 328)
2026-02-26 16:19:05,522 [DEBUG] Iter 1030 | residual 2.369e-02 (Module: solver, Line: 328)
2026-02-26 16:19:05,523 [DEBUG] Iter 1040 | residual 2.341e-02 (Module: solver, Line: 328)
2026-02-26 16:19:05,524 [DEBUG] Iter 1050 | residual 2.347e-02 (Module: solver, Line: 328)
2026-02-26 16:19:05,524 [DEBUG] Iter 1060 | residual 2.375e-02 (Module: solver, Line: 328)
2026-02-26 16:19:05,525 [DEBUG] Iter 1070 | residual 2.416e-02 (Module: solver, Line: 328)
2026-02-26 16:19:05,526 [DEBUG] Iter 1080 | residual 2.468e-02 (Module: solver, Line: 328)
2026-02-26 16:19:05,526 [DEBUG] Iter 1090 | residual 2.525e-02 (Module: solver, Line: 328)
2026-02-26 16:19:05,527 [DEBUG] Iter 1100 | residual 2.586e-02 (Module: solver, Line: 328)
2026-02-26 16:19:05,528 [DEBUG] Iter 1110 | residual 2.649e-02 (Module: solver, Line: 328)
2026-02-26 16:19:05,529 [DEBUG] Iter 1120 | residual 2.712e-02 (Module: solver, Line: 328)
2026-02-26 16:19:05,530 [DEBUG] Iter 1130 | residual 2.774e-02 (Module: solver, Line: 328)
2026-02-26 16:19:05,530 [DEBUG] Iter 1140 | residual 2.835e-02 (Module: solver, Line: 328)
2026-02-26 16:19:05,531 [DEBUG] Iter 1150 | residual 2.894e-02 (Module: solver, Line: 328)
2026-02-26 16:19:05,532 [DEBUG] Iter 1160 | residual 2.950e-02 (Module: solver, Line: 328)
2026-02-26 16:19:05,533 [DEBUG] Iter 1170 | residual 3.004e-02 (Module: solver, Line: 328)
2026-02-26 16:19:05,533 [DEBUG] Iter 1180 | residual 3.056e-02 (Module: solver, Line: 328)
2026-02-26 16:19:05,534 [DEBUG] Iter 1190 | residual 3.104e-02 (Module: solver, Line: 328)
2026-02-26 16:19:05,535 [DEBUG] Iter 1200 | residual 3.150e-02 (Module: solver, Line: 328)
2026-02-26 16:19:05,535 [DEBUG] Iter 1210 | residual 3.193e-02 (Module: solver, Line: 328)
2026-02-26 16:19:05,536 [DEBUG] Iter 1220 | residual 3.234e-02 (Module: solver, Line: 328)
2026-02-26 16:19:05,537 [DEBUG] Iter 1230 | residual 3.272e-02 (Module: solver, Line: 328)
2026-02-26 16:19:05,537 [DEBUG] Iter 1240 | residual 3.308e-02 (Module: solver, Line: 328)
2026-02-26 16:19:05,538 [DEBUG] Iter 1250 | residual 3.341e-02 (Module: solver, Line: 328)
2026-02-26 16:19:05,539 [DEBUG] Iter 1260 | residual 3.372e-02 (Module: solver, Line: 328)
2026-02-26 16:19:05,539 [DEBUG] Iter 1270 | residual 3.401e-02 (Module: solver, Line: 328)
2026-02-26 16:19:05,540 [DEBUG] Iter 1280 | residual 3.429e-02 (Module: solver, Line: 328)
2026-02-26 16:19:05,541 [DEBUG] Iter 1290 | residual 3.454e-02 (Module: solver, Line: 328)
2026-02-26 16:19:05,541 [DEBUG] Iter 1300 | residual 3.478e-02 (Module: solver, Line: 328)
2026-02-26 16:19:05,542 [DEBUG] Iter 1310 | residual 3.500e-02 (Module: solver, Line: 328)
2026-02-26 16:19:05,543 [DEBUG] Iter 1320 | residual 3.521e-02 (Module: solver, Line: 328)
2026-02-26 16:19:05,544 [DEBUG] Iter 1330 | residual 3.541e-02 (Module: solver, Line: 328)
2026-02-26 16:19:05,544 [DEBUG] Iter 1340 | residual 3.559e-02 (Module: solver, Line: 328)
2026-02-26 16:19:05,545 [DEBUG] Iter 1350 | residual 3.576e-02 (Module: solver, Line: 328)
2026-02-26 16:19:05,546 [DEBUG] Iter 1360 | residual 3.592e-02 (Module: solver, Line: 328)
2026-02-26 16:19:05,546 [DEBUG] Iter 1370 | residual 3.608e-02 (Module: solver, Line: 328)
2026-02-26 16:19:05,547 [DEBUG] Iter 1380 | residual 3.622e-02 (Module: solver, Line: 328)
2026-02-26 16:19:05,548 [DEBUG] Iter 1390 | residual 3.635e-02 (Module: solver, Line: 328)
2026-02-26 16:19:05,548 [DEBUG] Iter 1400 | residual 3.648e-02 (Module: solver, Line: 328)
2026-02-26 16:19:05,549 [DEBUG] Iter 1410 | residual 3.660e-02 (Module: solver, Line: 328)
2026-02-26 16:19:05,550 [DEBUG] Iter 1420 | residual 3.671e-02 (Module: solver, Line: 328)
2026-02-26 16:19:05,550 [DEBUG] Iter 1430 | residual 3.681e-02 (Module: solver, Line: 328)
2026-02-26 16:19:05,551 [DEBUG] Iter 1440 | residual 3.691e-02 (Module: solver, Line: 328)
2026-02-26 16:19:05,552 [DEBUG] Iter 1450 | residual 3.701e-02 (Module: solver, Line: 328)
2026-02-26 16:19:05,553 [DEBUG] Iter 1460 | residual 3.710e-02 (Module: solver, Line: 328)
2026-02-26 16:19:05,553 [DEBUG] Iter 1470 | residual 3.718e-02 (Module: solver, Line: 328)
2026-02-26 16:19:05,554 [DEBUG] Iter 1480 | residual 3.726e-02 (Module: solver, Line: 328)
2026-02-26 16:19:05,555 [DEBUG] Iter 1490 | residual 3.734e-02 (Module: solver, Line: 328)
2026-02-26 16:19:05,555 [DEBUG] Iter 1500 | residual 3.741e-02 (Module: solver, Line: 328)
2026-02-26 16:19:05,556 [DEBUG] Iter 1510 | residual 3.748e-02 (Module: solver, Line: 328)
2026-02-26 16:19:05,557 [DEBUG] Iter 1520 | residual 3.755e-02 (Module: solver, Line: 328)
2026-02-26 16:19:05,558 [DEBUG] Iter 1530 | residual 3.761e-02 (Module: solver, Line: 328)
2026-02-26 16:19:05,559 [DEBUG] Iter 1540 | residual 3.767e-02 (Module: solver, Line: 328)
2026-02-26 16:19:05,560 [DEBUG] Iter 1550 | residual 3.773e-02 (Module: solver, Line: 328)
2026-02-26 16:19:05,561 [DEBUG] Iter 1560 | residual 3.779e-02 (Module: solver, Line: 328)
2026-02-26 16:19:05,562 [DEBUG] Iter 1570 | residual 3.784e-02 (Module: solver, Line: 328)
2026-02-26 16:19:05,562 [DEBUG] Iter 1580 | residual 3.790e-02 (Module: solver, Line: 328)
2026-02-26 16:19:05,563 [DEBUG] Iter 1590 | residual 3.795e-02 (Module: solver, Line: 328)
2026-02-26 16:19:05,564 [DEBUG] Iter 1600 | residual 3.799e-02 (Module: solver, Line: 328)
2026-02-26 16:19:05,565 [DEBUG] Iter 1610 | residual 3.804e-02 (Module: solver, Line: 328)
2026-02-26 16:19:05,566 [DEBUG] Iter 1620 | residual 3.809e-02 (Module: solver, Line: 328)
2026-02-26 16:19:05,566 [DEBUG] Iter 1630 | residual 3.813e-02 (Module: solver, Line: 328)
2026-02-26 16:19:05,567 [DEBUG] Iter 1640 | residual 3.817e-02 (Module: solver, Line: 328)
2026-02-26 16:19:05,568 [DEBUG] Iter 1650 | residual 3.821e-02 (Module: solver, Line: 328)
2026-02-26 16:19:05,569 [DEBUG] Iter 1660 | residual 3.826e-02 (Module: solver, Line: 328)
2026-02-26 16:19:05,569 [DEBUG] Iter 1670 | residual 3.829e-02 (Module: solver, Line: 328)
2026-02-26 16:19:05,570 [DEBUG] Iter 1680 | residual 3.833e-02 (Module: solver, Line: 328)
2026-02-26 16:19:05,571 [DEBUG] Iter 1690 | residual 3.837e-02 (Module: solver, Line: 328)
2026-02-26 16:19:05,571 [DEBUG] Iter 1700 | residual 3.841e-02 (Module: solver, Line: 328)
2026-02-26 16:19:05,572 [DEBUG] Iter 1710 | residual 3.844e-02 (Module: solver, Line: 328)
2026-02-26 16:19:05,573 [DEBUG] Iter 1720 | residual 3.848e-02 (Module: solver, Line: 328)
2026-02-26 16:19:05,574 [DEBUG] Iter 1730 | residual 3.851e-02 (Module: solver, Line: 328)
2026-02-26 16:19:05,575 [DEBUG] Iter 1740 | residual 3.855e-02 (Module: solver, Line: 328)
2026-02-26 16:19:05,575 [DEBUG] Iter 1750 | residual 3.858e-02 (Module: solver, Line: 328)
2026-02-26 16:19:05,576 [DEBUG] Iter 1760 | residual 3.861e-02 (Module: solver, Line: 328)
2026-02-26 16:19:05,577 [DEBUG] Iter 1770 | residual 3.865e-02 (Module: solver, Line: 328)
2026-02-26 16:19:05,578 [DEBUG] Iter 1780 | residual 3.868e-02 (Module: solver, Line: 328)
2026-02-26 16:19:05,578 [DEBUG] Iter 1790 | residual 3.871e-02 (Module: solver, Line: 328)
2026-02-26 16:19:05,579 [DEBUG] Iter 1800 | residual 3.874e-02 (Module: solver, Line: 328)
2026-02-26 16:19:05,580 [DEBUG] Iter 1810 | residual 3.877e-02 (Module: solver, Line: 328)
2026-02-26 16:19:05,580 [DEBUG] Iter 1820 | residual 3.880e-02 (Module: solver, Line: 328)
2026-02-26 16:19:05,581 [DEBUG] Iter 1830 | residual 3.883e-02 (Module: solver, Line: 328)
2026-02-26 16:19:05,582 [DEBUG] Iter 1840 | residual 3.886e-02 (Module: solver, Line: 328)
2026-02-26 16:19:05,582 [DEBUG] Iter 1850 | residual 3.889e-02 (Module: solver, Line: 328)
2026-02-26 16:19:05,583 [DEBUG] Iter 1860 | residual 3.892e-02 (Module: solver, Line: 328)
2026-02-26 16:19:05,584 [DEBUG] Iter 1870 | residual 3.895e-02 (Module: solver, Line: 328)
2026-02-26 16:19:05,584 [DEBUG] Iter 1880 | residual 3.898e-02 (Module: solver, Line: 328)
2026-02-26 16:19:05,585 [DEBUG] Iter 1890 | residual 3.901e-02 (Module: solver, Line: 328)
2026-02-26 16:19:05,586 [DEBUG] Iter 1900 | residual 3.903e-02 (Module: solver, Line: 328)
2026-02-26 16:19:05,586 [DEBUG] Iter 1910 | residual 3.906e-02 (Module: solver, Line: 328)
2026-02-26 16:19:05,587 [DEBUG] Iter 1920 | residual 3.909e-02 (Module: solver, Line: 328)
2026-02-26 16:19:05,588 [DEBUG] Iter 1930 | residual 3.912e-02 (Module: solver, Line: 328)
2026-02-26 16:19:05,588 [DEBUG] Iter 1940 | residual 3.915e-02 (Module: solver, Line: 328)
2026-02-26 16:19:05,589 [DEBUG] Iter 1950 | residual 3.917e-02 (Module: solver, Line: 328)
2026-02-26 16:19:05,590 [DEBUG] Iter 1960 | residual 3.920e-02 (Module: solver, Line: 328)
2026-02-26 16:19:05,591 [DEBUG] Iter 1970 | residual 3.923e-02 (Module: solver, Line: 328)
2026-02-26 16:19:05,591 [DEBUG] Iter 1980 | residual 3.926e-02 (Module: solver, Line: 328)
2026-02-26 16:19:05,592 [DEBUG] Iter 1990 | residual 3.928e-02 (Module: solver, Line: 328)
2026-02-26 16:19:05,593 [DEBUG] Iter 2000 | residual 3.931e-02 (Module: solver, Line: 328)
2026-02-26 16:19:05,593 [WARNING] Solver info=1000 (not converged). (Module: solver, Line: 344)
2026-02-26 16:19:05,593 [INFO] Switching to direct SuperLU fall-back. (Module: solver, Line: 359)
2026-02-26 16:19:05,593 [DEBUG] Using SuperLU direct solver (Module: solver, Line: 306)
2026-02-26 16:19:05,594 [INFO] Condensed residual norm: 1.184e-03 (Module: solver, Line: 204)
2026-02-26 16:19:05,594 [WARNING] Residual is high – verify model! (Module: solver, Line: 207)
2026-02-26 16:19:05,594 [INFO] 📊 Condensed solver report: (Module: solver, Line: 384)
2026-02-26 16:19:05,594 [INFO]  • dofs: 768 (Module: solver, Line: 386)
2026-02-26 16:19:05,594 [INFO]  • nnz: 3312 (Module: solver, Line: 386)
2026-02-26 16:19:05,594 [INFO]  • density: 0.005615234375 (Module: solver, Line: 386)
2026-02-26 16:19:05,594 [INFO]  • condition_est: 1.0041381576383501 (Module: solver, Line: 386)
2026-02-26 16:19:05,594 [INFO]  • solve_phases: {'iterative': 0.07247829999960231, 'factorization': 0.0005450999997265171, 'solution': 0.0006215000003066962} (Module: solver, Line: 386)
2026-02-26 16:19:05,594 [INFO]  • iters: 2000 (Module: solver, Line: 386)
2026-02-26 16:19:05,594 [INFO]  • final_residual: 0.03931174092513496 (Module: solver, Line: 386)
