Machine Specifications:
   - OS: Windows 11 (10.0.26100)
       • Logical cores: 20
       • Physical cores: 12
   - RAM: 31.24 GB
   - Disk: 943.72 GB total, 2.64 GB free
   - Python Version: 3.12.5 (C:\Users\s1834431\AppData\Local\Programs\Python\Python312\python.exe)
   - GPU(s): Intel(R) UHD Graphics 770

Job: job_0000_n128
Timestamp (job start): 2026-02-26_16-16-35-387546
Total Time: 13.33 sec

+-------------------------------+-------------+---------------+-------------+-----------+
| Step                          |    Time (s) |   Memory (MB) |   Disk (GB) |   CPU (%) |
+===============================+=============+===============+=============+===========+
| Parsing                       | 0.000661135 |       67.1016 |     941.062 |         0 |
+-------------------------------+-------------+---------------+-------------+-----------+
| Element Instantiation         | 0.929308    |      100.535  |     941.064 |         0 |
+-------------------------------+-------------+---------------+-------------+-----------+
| Element Stiffness Computation | 1.79527     |      103.887  |     941.068 |         0 |
+-------------------------------+-------------+---------------+-------------+-----------+
| Element Force Computation     | 0.600488    |      104.57   |     941.07  |         0 |
+-------------------------------+-------------+---------------+-------------+-----------+
| Full Simulation               | 9.38358     |      132.488  |     941.079 |         0 |
+-------------------------------+-------------+---------------+-------------+-----------+

Parallel Jobs: None
Start Memory: 66.48 MB | End Memory: 132.49 MB
Start Disk Usage: 941.06 GB | End Disk Usage: 941.08 GB
Start CPU: 0.00% | End CPU: 0.00%
