2026-02-26 16:16:31,482 [DEBUG] 📁 Log file: c:\Users\s1834431\Programs\fem_model\post_processing\results\job_0000_n128_2026-02-26_16-16-21-501078_pid18316_06d0faf7\logs\SolveCondensedSystem.log (Module: solver, Line: 249)
2026-02-26 16:16:31,482 [DEBUG] Row/column scaling applied. (Module: solver, Line: 164)
2026-02-26 16:16:31,482 [DEBUG] Building ILU (drop_tol=1e-06, fill_factor=1.0) (Module: solver, Line: 77)
2026-02-26 16:16:31,482 [DEBUG] ILU fill-ratio = 1.02 (Module: solver, Line: 82)
2026-02-26 16:16:31,482 [INFO] Solver parameters • solver='cg', prec='auto', K nnz=3312, dofs=768 (Module: solver, Line: 181)
2026-02-26 16:16:31,482 [INFO] Condensed condition estimate: 1.03e+00 (Module: solver, Line: 187)
2026-02-26 16:16:31,482 [DEBUG] Iter   10 | residual nan (Module: solver, Line: 328)
2026-02-26 16:16:31,494 [DEBUG] Iter   20 | residual nan (Module: solver, Line: 328)
2026-02-26 16:16:31,494 [DEBUG] Iter   30 | residual nan (Module: solver, Line: 328)
2026-02-26 16:16:31,495 [DEBUG] Iter   40 | residual nan (Module: solver, Line: 328)
2026-02-26 16:16:31,496 [DEBUG] Iter   50 | residual nan (Module: solver, Line: 328)
2026-02-26 16:16:31,497 [DEBUG] Iter   60 | residual nan (Module: solver, Line: 328)
2026-02-26 16:16:31,498 [DEBUG] Iter   70 | residual nan (Module: solver, Line: 328)
2026-02-26 16:16:31,499 [DEBUG] Iter   80 | residual nan (Module: solver, Line: 328)
2026-02-26 16:16:31,499 [DEBUG] Iter   90 | residual nan (Module: solver, Line: 328)
2026-02-26 16:16:31,500 [DEBUG] Iter  100 | residual nan (Module: solver, Line: 328)
2026-02-26 16:16:31,501 [DEBUG] Iter  110 | residual nan (Module: solver, Line: 328)
2026-02-26 16:16:31,501 [DEBUG] Iter  120 | residual nan (Module: solver, Line: 328)
2026-02-26 16:16:31,502 [DEBUG] Iter  130 | residual nan (Module: solver, Line: 328)
2026-02-26 16:16:31,503 [DEBUG] Iter  140 | residual nan (Module: solver, Line: 328)
2026-02-26 16:16:31,503 [DEBUG] Iter  150 | residual nan (Module: solver, Line: 328)
2026-02-26 16:16:31,503 [DEBUG] Iter  160 | residual nan (Module: solver, Line: 328)
2026-02-26 16:16:31,503 [DEBUG] Iter  170 | residual nan (Module: solver, Line: 328)
2026-02-26 16:16:31,503 [DEBUG] Iter  180 | residual nan (Module: solver, Line: 328)
2026-02-26 16:16:31,503 [DEBUG] Iter  190 | residual nan (Module: solver, Line: 328)
2026-02-26 16:16:31,503 [DEBUG] Iter  200 | residual nan (Module: solver, Line: 328)
2026-02-26 16:16:31,503 [DEBUG] Iter  210 | residual nan (Module: solver, Line: 328)
2026-02-26 16:16:31,503 [DEBUG] Iter  220 | residual nan (Module: solver, Line: 328)
2026-02-26 16:16:31,503 [DEBUG] Iter  230 | residual nan (Module: solver, Line: 328)
2026-02-26 16:16:31,503 [DEBUG] Iter  240 | residual nan (Module: solver, Line: 328)
2026-02-26 16:16:31,503 [DEBUG] Iter  250 | residual nan (Module: solver, Line: 328)
2026-02-26 16:16:31,503 [DEBUG] Iter  260 | residual nan (Module: solver, Line: 328)
2026-02-26 16:16:31,503 [DEBUG] Iter  270 | residual nan (Module: solver, Line: 328)
2026-02-26 16:16:31,503 [DEBUG] Iter  280 | residual nan (Module: solver, Line: 328)
2026-02-26 16:16:31,513 [DEBUG] Iter  290 | residual nan (Module: solver, Line: 328)
2026-02-26 16:16:31,514 [DEBUG] Iter  300 | residual nan (Module: solver, Line: 328)
2026-02-26 16:16:31,515 [DEBUG] Iter  310 | residual nan (Module: solver, Line: 328)
2026-02-26 16:16:31,515 [DEBUG] Iter  320 | residual nan (Module: solver, Line: 328)
2026-02-26 16:16:31,515 [DEBUG] Iter  330 | residual nan (Module: solver, Line: 328)
2026-02-26 16:16:31,515 [DEBUG] Iter  340 | residual nan (Module: solver, Line: 328)
2026-02-26 16:16:31,515 [DEBUG] Iter  350 | residual nan (Module: solver, Line: 328)
2026-02-26 16:16:31,515 [DEBUG] Iter  360 | residual nan (Module: solver, Line: 328)
2026-02-26 16:16:31,515 [DEBUG] Iter  370 | residual nan (Module: solver, Line: 328)
2026-02-26 16:16:31,515 [DEBUG] Iter  380 | residual nan (Module: solver, Line: 328)
2026-02-26 16:16:31,515 [DEBUG] Iter  390 | residual nan (Module: solver, Line: 328)
2026-02-26 16:16:31,515 [DEBUG] Iter  400 | residual nan (Module: solver, Line: 328)
2026-02-26 16:16:31,515 [DEBUG] Iter  410 | residual nan (Module: solver, Line: 328)
2026-02-26 16:16:31,515 [DEBUG] Iter  420 | residual nan (Module: solver, Line: 328)
2026-02-26 16:16:31,515 [DEBUG] Iter  430 | residual nan (Module: solver, Line: 328)
2026-02-26 16:16:31,515 [DEBUG] Iter  440 | residual nan (Module: solver, Line: 328)
2026-02-26 16:16:31,525 [DEBUG] Iter  450 | residual nan (Module: solver, Line: 328)
2026-02-26 16:16:31,525 [DEBUG] Iter  460 | residual nan (Module: solver, Line: 328)
2026-02-26 16:16:31,525 [DEBUG] Iter  470 | residual nan (Module: solver, Line: 328)
2026-02-26 16:16:31,525 [DEBUG] Iter  480 | residual nan (Module: solver, Line: 328)
2026-02-26 16:16:31,525 [DEBUG] Iter  490 | residual nan (Module: solver, Line: 328)
2026-02-26 16:16:31,525 [DEBUG] Iter  500 | residual nan (Module: solver, Line: 328)
2026-02-26 16:16:31,525 [DEBUG] Iter  510 | residual nan (Module: solver, Line: 328)
2026-02-26 16:16:31,530 [DEBUG] Iter  520 | residual nan (Module: solver, Line: 328)
2026-02-26 16:16:31,530 [DEBUG] Iter  530 | residual nan (Module: solver, Line: 328)
2026-02-26 16:16:31,531 [DEBUG] Iter  540 | residual nan (Module: solver, Line: 328)
2026-02-26 16:16:31,532 [DEBUG] Iter  550 | residual nan (Module: solver, Line: 328)
2026-02-26 16:16:31,532 [DEBUG] Iter  560 | residual nan (Module: solver, Line: 328)
2026-02-26 16:16:31,533 [DEBUG] Iter  570 | residual nan (Module: solver, Line: 328)
2026-02-26 16:16:31,534 [DEBUG] Iter  580 | residual nan (Module: solver, Line: 328)
2026-02-26 16:16:31,534 [DEBUG] Iter  590 | residual nan (Module: solver, Line: 328)
2026-02-26 16:16:31,535 [DEBUG] Iter  600 | residual nan (Module: solver, Line: 328)
2026-02-26 16:16:31,536 [DEBUG] Iter  610 | residual nan (Module: solver, Line: 328)
2026-02-26 16:16:31,536 [DEBUG] Iter  620 | residual nan (Module: solver, Line: 328)
2026-02-26 16:16:31,537 [DEBUG] Iter  630 | residual nan (Module: solver, Line: 328)
2026-02-26 16:16:31,538 [DEBUG] Iter  640 | residual nan (Module: solver, Line: 328)
2026-02-26 16:16:31,538 [DEBUG] Iter  650 | residual nan (Module: solver, Line: 328)
2026-02-26 16:16:31,539 [DEBUG] Iter  660 | residual nan (Module: solver, Line: 328)
2026-02-26 16:16:31,539 [DEBUG] Iter  670 | residual nan (Module: solver, Line: 328)
2026-02-26 16:16:31,540 [DEBUG] Iter  680 | residual nan (Module: solver, Line: 328)
2026-02-26 16:16:31,541 [DEBUG] Iter  690 | residual nan (Module: solver, Line: 328)
2026-02-26 16:16:31,541 [DEBUG] Iter  700 | residual nan (Module: solver, Line: 328)
2026-02-26 16:16:31,542 [DEBUG] Iter  710 | residual nan (Module: solver, Line: 328)
2026-02-26 16:16:31,543 [DEBUG] Iter  720 | residual nan (Module: solver, Line: 328)
2026-02-26 16:16:31,543 [DEBUG] Iter  730 | residual nan (Module: solver, Line: 328)
2026-02-26 16:16:31,544 [DEBUG] Iter  740 | residual nan (Module: solver, Line: 328)
2026-02-26 16:16:31,545 [DEBUG] Iter  750 | residual nan (Module: solver, Line: 328)
2026-02-26 16:16:31,545 [DEBUG] Iter  760 | residual nan (Module: solver, Line: 328)
2026-02-26 16:16:31,546 [DEBUG] Iter  770 | residual nan (Module: solver, Line: 328)
2026-02-26 16:16:31,547 [DEBUG] Iter  780 | residual nan (Module: solver, Line: 328)
2026-02-26 16:16:31,547 [DEBUG] Iter  790 | residual nan (Module: solver, Line: 328)
2026-02-26 16:16:31,548 [DEBUG] Iter  800 | residual nan (Module: solver, Line: 328)
2026-02-26 16:16:31,549 [DEBUG] Iter  810 | residual nan (Module: solver, Line: 328)
2026-02-26 16:16:31,549 [DEBUG] Iter  820 | residual nan (Module: solver, Line: 328)
2026-02-26 16:16:31,550 [DEBUG] Iter  830 | residual nan (Module: solver, Line: 328)
2026-02-26 16:16:31,551 [DEBUG] Iter  840 | residual nan (Module: solver, Line: 328)
2026-02-26 16:16:31,551 [DEBUG] Iter  850 | residual nan (Module: solver, Line: 328)
2026-02-26 16:16:31,552 [DEBUG] Iter  860 | residual nan (Module: solver, Line: 328)
2026-02-26 16:16:31,553 [DEBUG] Iter  870 | residual nan (Module: solver, Line: 328)
2026-02-26 16:16:31,553 [DEBUG] Iter  880 | residual nan (Module: solver, Line: 328)
2026-02-26 16:16:31,554 [DEBUG] Iter  890 | residual nan (Module: solver, Line: 328)
2026-02-26 16:16:31,555 [DEBUG] Iter  900 | residual nan (Module: solver, Line: 328)
2026-02-26 16:16:31,555 [DEBUG] Iter  910 | residual nan (Module: solver, Line: 328)
2026-02-26 16:16:31,556 [DEBUG] Iter  920 | residual nan (Module: solver, Line: 328)
2026-02-26 16:16:31,557 [DEBUG] Iter  930 | residual nan (Module: solver, Line: 328)
2026-02-26 16:16:31,557 [DEBUG] Iter  940 | residual nan (Module: solver, Line: 328)
2026-02-26 16:16:31,558 [DEBUG] Iter  950 | residual nan (Module: solver, Line: 328)
2026-02-26 16:16:31,559 [DEBUG] Iter  960 | residual nan (Module: solver, Line: 328)
2026-02-26 16:16:31,559 [DEBUG] Iter  970 | residual nan (Module: solver, Line: 328)
2026-02-26 16:16:31,560 [DEBUG] Iter  980 | residual nan (Module: solver, Line: 328)
2026-02-26 16:16:31,561 [DEBUG] Iter  990 | residual nan (Module: solver, Line: 328)
2026-02-26 16:16:31,561 [DEBUG] Iter 1000 | residual nan (Module: solver, Line: 328)
2026-02-26 16:16:31,561 [WARNING] Solver info=1000 (not converged). (Module: solver, Line: 344)
2026-02-26 16:16:31,562 [INFO] Retrying with ILU preconditioner … (Module: solver, Line: 351)
2026-02-26 16:16:31,562 [DEBUG] Building ILU (drop_tol=1e-06, fill_factor=1.0) (Module: solver, Line: 77)
2026-02-26 16:16:31,562 [DEBUG] ILU fill-ratio = 1.02 (Module: solver, Line: 82)
2026-02-26 16:16:31,563 [DEBUG] Iter 1010 | residual nan (Module: solver, Line: 328)
2026-02-26 16:16:31,563 [DEBUG] Iter 1020 | residual nan (Module: solver, Line: 328)
2026-02-26 16:16:31,563 [DEBUG] Iter 1030 | residual nan (Module: solver, Line: 328)
2026-02-26 16:16:31,563 [DEBUG] Iter 1040 | residual nan (Module: solver, Line: 328)
2026-02-26 16:16:31,563 [DEBUG] Iter 1050 | residual nan (Module: solver, Line: 328)
2026-02-26 16:16:31,563 [DEBUG] Iter 1060 | residual nan (Module: solver, Line: 328)
2026-02-26 16:16:31,563 [DEBUG] Iter 1070 | residual nan (Module: solver, Line: 328)
2026-02-26 16:16:31,563 [DEBUG] Iter 1080 | residual nan (Module: solver, Line: 328)
2026-02-26 16:16:31,563 [DEBUG] Iter 1090 | residual nan (Module: solver, Line: 328)
2026-02-26 16:16:31,563 [DEBUG] Iter 1100 | residual nan (Module: solver, Line: 328)
2026-02-26 16:16:31,563 [DEBUG] Iter 1110 | residual nan (Module: solver, Line: 328)
2026-02-26 16:16:31,563 [DEBUG] Iter 1120 | residual nan (Module: solver, Line: 328)
2026-02-26 16:16:31,563 [DEBUG] Iter 1130 | residual nan (Module: solver, Line: 328)
2026-02-26 16:16:31,573 [DEBUG] Iter 1140 | residual nan (Module: solver, Line: 328)
2026-02-26 16:16:31,573 [DEBUG] Iter 1150 | residual nan (Module: solver, Line: 328)
2026-02-26 16:16:31,573 [DEBUG] Iter 1160 | residual nan (Module: solver, Line: 328)
2026-02-26 16:16:31,573 [DEBUG] Iter 1170 | residual nan (Module: solver, Line: 328)
2026-02-26 16:16:31,573 [DEBUG] Iter 1180 | residual nan (Module: solver, Line: 328)
2026-02-26 16:16:31,573 [DEBUG] Iter 1190 | residual nan (Module: solver, Line: 328)
2026-02-26 16:16:31,573 [DEBUG] Iter 1200 | residual nan (Module: solver, Line: 328)
2026-02-26 16:16:31,573 [DEBUG] Iter 1210 | residual nan (Module: solver, Line: 328)
2026-02-26 16:16:31,578 [DEBUG] Iter 1220 | residual nan (Module: solver, Line: 328)
2026-02-26 16:16:31,578 [DEBUG] Iter 1230 | residual nan (Module: solver, Line: 328)
2026-02-26 16:16:31,579 [DEBUG] Iter 1240 | residual nan (Module: solver, Line: 328)
2026-02-26 16:16:31,580 [DEBUG] Iter 1250 | residual nan (Module: solver, Line: 328)
2026-02-26 16:16:31,580 [DEBUG] Iter 1260 | residual nan (Module: solver, Line: 328)
2026-02-26 16:16:31,581 [DEBUG] Iter 1270 | residual nan (Module: solver, Line: 328)
2026-02-26 16:16:31,582 [DEBUG] Iter 1280 | residual nan (Module: solver, Line: 328)
2026-02-26 16:16:31,582 [DEBUG] Iter 1290 | residual nan (Module: solver, Line: 328)
2026-02-26 16:16:31,583 [DEBUG] Iter 1300 | residual nan (Module: solver, Line: 328)
2026-02-26 16:16:31,584 [DEBUG] Iter 1310 | residual nan (Module: solver, Line: 328)
2026-02-26 16:16:31,584 [DEBUG] Iter 1320 | residual nan (Module: solver, Line: 328)
2026-02-26 16:16:31,584 [DEBUG] Iter 1330 | residual nan (Module: solver, Line: 328)
2026-02-26 16:16:31,584 [DEBUG] Iter 1340 | residual nan (Module: solver, Line: 328)
2026-02-26 16:16:31,584 [DEBUG] Iter 1350 | residual nan (Module: solver, Line: 328)
2026-02-26 16:16:31,584 [DEBUG] Iter 1360 | residual nan (Module: solver, Line: 328)
2026-02-26 16:16:31,584 [DEBUG] Iter 1370 | residual nan (Module: solver, Line: 328)
2026-02-26 16:16:31,584 [DEBUG] Iter 1380 | residual nan (Module: solver, Line: 328)
2026-02-26 16:16:31,584 [DEBUG] Iter 1390 | residual nan (Module: solver, Line: 328)
2026-02-26 16:16:31,584 [DEBUG] Iter 1400 | residual nan (Module: solver, Line: 328)
2026-02-26 16:16:31,584 [DEBUG] Iter 1410 | residual nan (Module: solver, Line: 328)
2026-02-26 16:16:31,584 [DEBUG] Iter 1420 | residual nan (Module: solver, Line: 328)
2026-02-26 16:16:31,584 [DEBUG] Iter 1430 | residual nan (Module: solver, Line: 328)
2026-02-26 16:16:31,584 [DEBUG] Iter 1440 | residual nan (Module: solver, Line: 328)
2026-02-26 16:16:31,584 [DEBUG] Iter 1450 | residual nan (Module: solver, Line: 328)
2026-02-26 16:16:31,584 [DEBUG] Iter 1460 | residual nan (Module: solver, Line: 328)
2026-02-26 16:16:31,584 [DEBUG] Iter 1470 | residual nan (Module: solver, Line: 328)
2026-02-26 16:16:31,596 [DEBUG] Iter 1480 | residual nan (Module: solver, Line: 328)
2026-02-26 16:16:31,596 [DEBUG] Iter 1490 | residual nan (Module: solver, Line: 328)
2026-02-26 16:16:31,598 [DEBUG] Iter 1500 | residual nan (Module: solver, Line: 328)
2026-02-26 16:16:31,599 [DEBUG] Iter 1510 | residual nan (Module: solver, Line: 328)
2026-02-26 16:16:31,599 [DEBUG] Iter 1520 | residual nan (Module: solver, Line: 328)
2026-02-26 16:16:31,600 [DEBUG] Iter 1530 | residual nan (Module: solver, Line: 328)
2026-02-26 16:16:31,601 [DEBUG] Iter 1540 | residual nan (Module: solver, Line: 328)
2026-02-26 16:16:31,601 [DEBUG] Iter 1550 | residual nan (Module: solver, Line: 328)
2026-02-26 16:16:31,602 [DEBUG] Iter 1560 | residual nan (Module: solver, Line: 328)
2026-02-26 16:16:31,603 [DEBUG] Iter 1570 | residual nan (Module: solver, Line: 328)
2026-02-26 16:16:31,603 [DEBUG] Iter 1580 | residual nan (Module: solver, Line: 328)
2026-02-26 16:16:31,604 [DEBUG] Iter 1590 | residual nan (Module: solver, Line: 328)
2026-02-26 16:16:31,605 [DEBUG] Iter 1600 | residual nan (Module: solver, Line: 328)
2026-02-26 16:16:31,605 [DEBUG] Iter 1610 | residual nan (Module: solver, Line: 328)
2026-02-26 16:16:31,606 [DEBUG] Iter 1620 | residual nan (Module: solver, Line: 328)
2026-02-26 16:16:31,607 [DEBUG] Iter 1630 | residual nan (Module: solver, Line: 328)
2026-02-26 16:16:31,608 [DEBUG] Iter 1640 | residual nan (Module: solver, Line: 328)
2026-02-26 16:16:31,608 [DEBUG] Iter 1650 | residual nan (Module: solver, Line: 328)
2026-02-26 16:16:31,609 [DEBUG] Iter 1660 | residual nan (Module: solver, Line: 328)
2026-02-26 16:16:31,610 [DEBUG] Iter 1670 | residual nan (Module: solver, Line: 328)
2026-02-26 16:16:31,610 [DEBUG] Iter 1680 | residual nan (Module: solver, Line: 328)
2026-02-26 16:16:31,611 [DEBUG] Iter 1690 | residual nan (Module: solver, Line: 328)
2026-02-26 16:16:31,612 [DEBUG] Iter 1700 | residual nan (Module: solver, Line: 328)
2026-02-26 16:16:31,612 [DEBUG] Iter 1710 | residual nan (Module: solver, Line: 328)
2026-02-26 16:16:31,613 [DEBUG] Iter 1720 | residual nan (Module: solver, Line: 328)
2026-02-26 16:16:31,613 [DEBUG] Iter 1730 | residual nan (Module: solver, Line: 328)
2026-02-26 16:16:31,614 [DEBUG] Iter 1740 | residual nan (Module: solver, Line: 328)
2026-02-26 16:16:31,615 [DEBUG] Iter 1750 | residual nan (Module: solver, Line: 328)
2026-02-26 16:16:31,615 [DEBUG] Iter 1760 | residual nan (Module: solver, Line: 328)
2026-02-26 16:16:31,615 [DEBUG] Iter 1770 | residual nan (Module: solver, Line: 328)
2026-02-26 16:16:31,615 [DEBUG] Iter 1780 | residual nan (Module: solver, Line: 328)
2026-02-26 16:16:31,615 [DEBUG] Iter 1790 | residual nan (Module: solver, Line: 328)
2026-02-26 16:16:31,615 [DEBUG] Iter 1800 | residual nan (Module: solver, Line: 328)
2026-02-26 16:16:31,615 [DEBUG] Iter 1810 | residual nan (Module: solver, Line: 328)
2026-02-26 16:16:31,615 [DEBUG] Iter 1820 | residual nan (Module: solver, Line: 328)
2026-02-26 16:16:31,615 [DEBUG] Iter 1830 | residual nan (Module: solver, Line: 328)
2026-02-26 16:16:31,615 [DEBUG] Iter 1840 | residual nan (Module: solver, Line: 328)
2026-02-26 16:16:31,615 [DEBUG] Iter 1850 | residual nan (Module: solver, Line: 328)
2026-02-26 16:16:31,623 [DEBUG] Iter 1860 | residual nan (Module: solver, Line: 328)
2026-02-26 16:16:31,623 [DEBUG] Iter 1870 | residual nan (Module: solver, Line: 328)
2026-02-26 16:16:31,623 [DEBUG] Iter 1880 | residual nan (Module: solver, Line: 328)
2026-02-26 16:16:31,623 [DEBUG] Iter 1890 | residual nan (Module: solver, Line: 328)
2026-02-26 16:16:31,623 [DEBUG] Iter 1900 | residual nan (Module: solver, Line: 328)
2026-02-26 16:16:31,623 [DEBUG] Iter 1910 | residual nan (Module: solver, Line: 328)
2026-02-26 16:16:31,623 [DEBUG] Iter 1920 | residual nan (Module: solver, Line: 328)
2026-02-26 16:16:31,623 [DEBUG] Iter 1930 | residual nan (Module: solver, Line: 328)
2026-02-26 16:16:31,623 [DEBUG] Iter 1940 | residual nan (Module: solver, Line: 328)
2026-02-26 16:16:31,623 [DEBUG] Iter 1950 | residual nan (Module: solver, Line: 328)
2026-02-26 16:16:31,630 [DEBUG] Iter 1960 | residual nan (Module: solver, Line: 328)
2026-02-26 16:16:31,631 [DEBUG] Iter 1970 | residual nan (Module: solver, Line: 328)
2026-02-26 16:16:31,631 [DEBUG] Iter 1980 | residual nan (Module: solver, Line: 328)
2026-02-26 16:16:31,632 [DEBUG] Iter 1990 | residual nan (Module: solver, Line: 328)
2026-02-26 16:16:31,633 [DEBUG] Iter 2000 | residual nan (Module: solver, Line: 328)
2026-02-26 16:16:31,633 [WARNING] Solver info=1000 (not converged). (Module: solver, Line: 344)
2026-02-26 16:16:31,633 [INFO] Switching to direct SuperLU fall-back. (Module: solver, Line: 359)
2026-02-26 16:16:31,633 [DEBUG] Using SuperLU direct solver (Module: solver, Line: 306)
2026-02-26 16:16:31,634 [INFO] Condensed residual norm: 2.812e-02 (Module: solver, Line: 204)
2026-02-26 16:16:31,634 [WARNING] Residual is high – verify model! (Module: solver, Line: 207)
2026-02-26 16:16:31,635 [INFO] 📊 Condensed solver report: (Module: solver, Line: 384)
2026-02-26 16:16:31,635 [INFO]  • dofs: 768 (Module: solver, Line: 386)
2026-02-26 16:16:31,635 [INFO]  • nnz: 3312 (Module: solver, Line: 386)
2026-02-26 16:16:31,635 [INFO]  • density: 0.005615234375 (Module: solver, Line: 386)
2026-02-26 16:16:31,635 [INFO]  • condition_est: 1.0274126354624669 (Module: solver, Line: 386)
2026-02-26 16:16:31,635 [INFO]  • solve_phases: {'iterative': 0.07038560000000871, 'factorization': 0.0007739000002402463, 'solution': 0.0008560000005672919} (Module: solver, Line: 386)
2026-02-26 16:16:31,635 [INFO]  • iters: 2000 (Module: solver, Line: 386)
2026-02-26 16:16:31,635 [INFO]  • final_residual: nan (Module: solver, Line: 386)
