=== Unnamed Matrix ===
[[0. 0.]
 [0. 0.]]


=== Element 3 Stiffness Matrix Computation ===
=== Element length  L  (1, 1) ===
[[0.5]]

=== Material stiffness matrix  D  (6, 6) ===
[[2.751000e+08 0.000000e+00 0.000000e+00 0.000000e+00 0.000000e+00 0.000000e+00]
 [0.000000e+00 6.791400e+04 0.000000e+00 0.000000e+00 0.000000e+00 0.000000e+00]
 [0.000000e+00 0.000000e+00 4.384149e+05 0.000000e+00 0.000000e+00 0.000000e+00]
 [0.000000e+00 0.000000e+00 0.000000e+00 0.000000e+00 0.000000e+00 0.000000e+00]
 [0.000000e+00 0.000000e+00 0.000000e+00 0.000000e+00 0.000000e+00 0.000000e+00]
 [0.000000e+00 0.000000e+00 0.000000e+00 0.000000e+00 0.000000e+00 2.111451e+03]]


GP 1/3: ξ = -0.774597,  x = 1.556351e+00,  w = 5.555556e-01
=== Shape-function derivative  dN/dξ  (1, 12, 6) ===
[[[-0.5       0.        0.        0.        0.        0.      ]
  [ 0.       -0.3       0.        0.        0.        0.      ]
  [ 0.        0.       -0.3       0.        0.        0.      ]
  [ 0.        0.        0.       -0.5       0.        0.      ]
  [ 0.        0.        0.        0.       -0.146825  0.      ]
  [ 0.        0.        0.        0.        0.        0.146825]
  [ 0.5       0.        0.        0.        0.        0.      ]
  [ 0.        0.3       0.        0.        0.        0.      ]
  [ 0.        0.        0.3       0.        0.        0.      ]
  [ 0.        0.        0.        0.5       0.        0.      ]
  [ 0.        0.        0.        0.        0.046825  0.      ]
  [ 0.        0.        0.        0.        0.       -0.046825]]]

=== Second derivative  d²N/dξ²  (1, 12, 6) ===
[[[ 0.        0.        0.        0.        0.        0.      ]
  [ 0.       -1.161895  0.        0.        0.        0.      ]
  [ 0.        0.       -1.161895  0.        0.        0.      ]
  [ 0.        0.        0.        0.        0.        0.      ]
  [ 0.        0.        0.        0.        0.415474  0.      ]
  [ 0.        0.        0.        0.        0.       -0.415474]
  [ 0.        0.        0.        0.        0.        0.      ]
  [ 0.        1.161895  0.        0.        0.        0.      ]
  [ 0.        0.        1.161895  0.        0.        0.      ]
  [ 0.        0.        0.        0.        0.        0.      ]
  [ 0.        0.        0.        0.        0.165474  0.      ]
  [ 0.        0.        0.        0.        0.       -0.165474]]]

=== Strain-displacement matrix  B  (6, 12) ===
[[ -2.        0.        0.        0.        0.        0.        2.        0.        0.        0.        0.
    0.     ]
 [  0.        0.      -18.59032   0.        6.64758   0.        0.        0.       18.59032   0.        2.64758
    0.     ]
 [  0.      -18.59032   0.        0.        0.       -6.64758   0.       18.59032   0.        0.        0.
   -2.64758]
 [  0.        0.        0.        0.        0.        0.        0.        0.        0.        0.        0.
    0.     ]
 [  0.        0.        0.        0.        0.        0.        0.        0.        0.        0.        0.
    0.     ]
 [  0.        0.        0.       -2.        0.        0.        0.        0.        0.        2.        0.
    0.     ]]

=== Gauss-point contribution  BᵀDB  (12, 12) ===
[[ 1.528333e+08  0.000000e+00  0.000000e+00  0.000000e+00  0.000000e+00  0.000000e+00 -1.528333e+08  0.000000e+00
   0.000000e+00  0.000000e+00  0.000000e+00  0.000000e+00]
 [ 0.000000e+00  2.104392e+07  0.000000e+00  0.000000e+00  0.000000e+00  7.524944e+06  0.000000e+00 -2.104392e+07
   0.000000e+00  0.000000e+00  0.000000e+00  2.997014e+06]
 [ 0.000000e+00  0.000000e+00  3.259872e+06  0.000000e+00 -1.165674e+06  0.000000e+00  0.000000e+00  0.000000e+00
  -3.259872e+06  0.000000e+00 -4.642616e+05  0.000000e+00]
 [ 0.000000e+00  0.000000e+00  0.000000e+00  1.173029e+03  0.000000e+00  0.000000e+00  0.000000e+00  0.000000e+00
   0.000000e+00 -1.173029e+03  0.000000e+00  0.000000e+00]
 [ 0.000000e+00  0.000000e+00 -1.165674e+06  0.000000e+00  4.168252e+05  0.000000e+00  0.000000e+00  0.000000e+00
   1.165674e+06  0.000000e+00  1.660120e+05  0.000000e+00]
 [ 0.000000e+00  7.524944e+06  0.000000e+00  0.000000e+00  0.000000e+00  2.690791e+06  0.000000e+00 -7.524944e+06
   0.000000e+00  0.000000e+00  0.000000e+00  1.071681e+06]
 [-1.528333e+08  0.000000e+00  0.000000e+00  0.000000e+00  0.000000e+00  0.000000e+00  1.528333e+08  0.000000e+00
   0.000000e+00  0.000000e+00  0.000000e+00  0.000000e+00]
 [ 0.000000e+00 -2.104392e+07  0.000000e+00  0.000000e+00  0.000000e+00 -7.524944e+06  0.000000e+00  2.104392e+07
   0.000000e+00  0.000000e+00  0.000000e+00 -2.997014e+06]
 [ 0.000000e+00  0.000000e+00 -3.259872e+06  0.000000e+00  1.165674e+06  0.000000e+00  0.000000e+00  0.000000e+00
   3.259872e+06  0.000000e+00  4.642616e+05  0.000000e+00]
 [ 0.000000e+00  0.000000e+00  0.000000e+00 -1.173029e+03  0.000000e+00  0.000000e+00  0.000000e+00  0.000000e+00
   0.000000e+00  1.173029e+03  0.000000e+00  0.000000e+00]
 [ 0.000000e+00  0.000000e+00 -4.642616e+05  0.000000e+00  1.660120e+05  0.000000e+00  0.000000e+00  0.000000e+00
   4.642616e+05  0.000000e+00  6.611881e+04  0.000000e+00]
 [ 0.000000e+00  2.997014e+06  0.000000e+00  0.000000e+00  0.000000e+00  1.071681e+06  0.000000e+00 -2.997014e+06
   0.000000e+00  0.000000e+00  0.000000e+00  4.268261e+05]]


GP 2/3: ξ = 0.000000,  x = 1.750000e+00,  w = 8.888889e-01
=== Shape-function derivative  dN/dξ  (1, 12, 6) ===
[[[-0.5     0.      0.      0.      0.      0.    ]
  [ 0.     -0.75    0.      0.      0.      0.    ]
  [ 0.      0.     -0.75    0.      0.      0.    ]
  [ 0.      0.      0.     -0.5     0.      0.    ]
  [ 0.      0.      0.      0.      0.0625  0.    ]
  [ 0.      0.      0.      0.      0.     -0.0625]
  [ 0.5     0.      0.      0.      0.      0.    ]
  [ 0.      0.75    0.      0.      0.      0.    ]
  [ 0.      0.      0.75    0.      0.      0.    ]
  [ 0.      0.      0.      0.5     0.      0.    ]
  [ 0.      0.      0.      0.      0.0625  0.    ]
  [ 0.      0.      0.      0.      0.     -0.0625]]]

=== Second derivative  d²N/dξ²  (1, 12, 6) ===
[[[ 0.     0.     0.     0.     0.     0.   ]
  [ 0.     0.     0.     0.     0.     0.   ]
  [ 0.     0.     0.     0.     0.     0.   ]
  [ 0.     0.     0.     0.     0.     0.   ]
  [ 0.     0.     0.     0.     0.125  0.   ]
  [ 0.     0.     0.     0.     0.    -0.125]
  [ 0.     0.     0.     0.     0.     0.   ]
  [ 0.    -0.     0.     0.     0.     0.   ]
  [ 0.     0.    -0.     0.     0.     0.   ]
  [ 0.     0.     0.     0.     0.     0.   ]
  [ 0.     0.     0.     0.    -0.125  0.   ]
  [ 0.     0.     0.     0.     0.     0.125]]]

=== Strain-displacement matrix  B  (6, 12) ===
[[-2.  0.  0.  0.  0.  0.  2.  0.  0.  0.  0.  0.]
 [ 0.  0.  0.  0.  2.  0.  0.  0. -0.  0. -2.  0.]
 [ 0.  0.  0.  0.  0. -2.  0. -0.  0.  0.  0.  2.]
 [ 0.  0.  0.  0.  0.  0.  0.  0.  0.  0.  0.  0.]
 [ 0.  0.  0.  0.  0.  0.  0.  0.  0.  0.  0.  0.]
 [ 0.  0.  0. -2.  0.  0.  0.  0.  0.  2.  0.  0.]]

=== Gauss-point contribution  BᵀDB  (12, 12) ===
[[ 2.445333e+08  0.000000e+00  0.000000e+00  0.000000e+00  0.000000e+00  0.000000e+00 -2.445333e+08  0.000000e+00
   0.000000e+00  0.000000e+00  0.000000e+00  0.000000e+00]
 [ 0.000000e+00  0.000000e+00  0.000000e+00  0.000000e+00  0.000000e+00  0.000000e+00  0.000000e+00  0.000000e+00
   0.000000e+00  0.000000e+00  0.000000e+00  0.000000e+00]
 [ 0.000000e+00  0.000000e+00  0.000000e+00  0.000000e+00  0.000000e+00  0.000000e+00  0.000000e+00  0.000000e+00
   0.000000e+00  0.000000e+00  0.000000e+00  0.000000e+00]
 [ 0.000000e+00  0.000000e+00  0.000000e+00  1.876846e+03  0.000000e+00  0.000000e+00  0.000000e+00  0.000000e+00
   0.000000e+00 -1.876846e+03  0.000000e+00  0.000000e+00]
 [ 0.000000e+00  0.000000e+00  0.000000e+00  0.000000e+00  6.036800e+04  0.000000e+00  0.000000e+00  0.000000e+00
   0.000000e+00  0.000000e+00 -6.036800e+04  0.000000e+00]
 [ 0.000000e+00  0.000000e+00  0.000000e+00  0.000000e+00  0.000000e+00  3.897021e+05  0.000000e+00  0.000000e+00
   0.000000e+00  0.000000e+00  0.000000e+00 -3.897021e+05]
 [-2.445333e+08  0.000000e+00  0.000000e+00  0.000000e+00  0.000000e+00  0.000000e+00  2.445333e+08  0.000000e+00
   0.000000e+00  0.000000e+00  0.000000e+00  0.000000e+00]
 [ 0.000000e+00  0.000000e+00  0.000000e+00  0.000000e+00  0.000000e+00  0.000000e+00  0.000000e+00  0.000000e+00
   0.000000e+00  0.000000e+00  0.000000e+00  0.000000e+00]
 [ 0.000000e+00  0.000000e+00  0.000000e+00  0.000000e+00  0.000000e+00  0.000000e+00  0.000000e+00  0.000000e+00
   0.000000e+00  0.000000e+00  0.000000e+00  0.000000e+00]
 [ 0.000000e+00  0.000000e+00  0.000000e+00 -1.876846e+03  0.000000e+00  0.000000e+00  0.000000e+00  0.000000e+00
   0.000000e+00  1.876846e+03  0.000000e+00  0.000000e+00]
 [ 0.000000e+00  0.000000e+00  0.000000e+00  0.000000e+00 -6.036800e+04  0.000000e+00  0.000000e+00  0.000000e+00
   0.000000e+00  0.000000e+00  6.036800e+04  0.000000e+00]
 [ 0.000000e+00  0.000000e+00  0.000000e+00  0.000000e+00  0.000000e+00 -3.897021e+05  0.000000e+00  0.000000e+00
   0.000000e+00  0.000000e+00  0.000000e+00  3.897021e+05]]


GP 3/3: ξ = 0.774597,  x = 1.943649e+00,  w = 5.555556e-01
=== Shape-function derivative  dN/dξ  (1, 12, 6) ===
[[[-0.5       0.        0.        0.        0.        0.      ]
  [ 0.       -0.3       0.        0.        0.        0.      ]
  [ 0.        0.       -0.3       0.        0.        0.      ]
  [ 0.        0.        0.       -0.5       0.        0.      ]
  [ 0.        0.        0.        0.        0.046825  0.      ]
  [ 0.        0.        0.        0.        0.       -0.046825]
  [ 0.5       0.        0.        0.        0.        0.      ]
  [ 0.        0.3       0.        0.        0.        0.      ]
  [ 0.        0.        0.3       0.        0.        0.      ]
  [ 0.        0.        0.        0.5       0.        0.      ]
  [ 0.        0.        0.        0.       -0.146825  0.      ]
  [ 0.        0.        0.        0.        0.        0.146825]]]

=== Second derivative  d²N/dξ²  (1, 12, 6) ===
[[[ 0.        0.        0.        0.        0.        0.      ]
  [ 0.        1.161895  0.        0.        0.        0.      ]
  [ 0.        0.        1.161895  0.        0.        0.      ]
  [ 0.        0.        0.        0.        0.        0.      ]
  [ 0.        0.        0.        0.       -0.165474  0.      ]
  [ 0.        0.        0.        0.        0.        0.165474]
  [ 0.        0.        0.        0.        0.        0.      ]
  [ 0.       -1.161895  0.        0.        0.        0.      ]
  [ 0.        0.       -1.161895  0.        0.        0.      ]
  [ 0.        0.        0.        0.        0.        0.      ]
  [ 0.        0.        0.        0.       -0.415474  0.      ]
  [ 0.        0.        0.        0.        0.        0.415474]]]

=== Strain-displacement matrix  B  (6, 12) ===
[[ -2.        0.        0.        0.        0.        0.        2.        0.        0.        0.        0.
    0.     ]
 [  0.        0.       18.59032   0.       -2.64758   0.        0.        0.      -18.59032   0.       -6.64758
    0.     ]
 [  0.       18.59032   0.        0.        0.        2.64758   0.      -18.59032   0.        0.        0.
    6.64758]
 [  0.        0.        0.        0.        0.        0.        0.        0.        0.        0.        0.
    0.     ]
 [  0.        0.        0.        0.        0.        0.        0.        0.        0.        0.        0.
    0.     ]
 [  0.        0.        0.       -2.        0.        0.        0.        0.        0.        2.        0.
    0.     ]]

=== Gauss-point contribution  BᵀDB  (12, 12) ===
[[ 1.528333e+08  0.000000e+00  0.000000e+00  0.000000e+00  0.000000e+00  0.000000e+00 -1.528333e+08  0.000000e+00
   0.000000e+00  0.000000e+00  0.000000e+00  0.000000e+00]
 [ 0.000000e+00  2.104392e+07  0.000000e+00  0.000000e+00  0.000000e+00  2.997014e+06  0.000000e+00 -2.104392e+07
   0.000000e+00  0.000000e+00  0.000000e+00  7.524944e+06]
 [ 0.000000e+00  0.000000e+00  3.259872e+06  0.000000e+00 -4.642616e+05  0.000000e+00  0.000000e+00  0.000000e+00
  -3.259872e+06  0.000000e+00 -1.165674e+06  0.000000e+00]
 [ 0.000000e+00  0.000000e+00  0.000000e+00  1.173029e+03  0.000000e+00  0.000000e+00  0.000000e+00  0.000000e+00
   0.000000e+00 -1.173029e+03  0.000000e+00  0.000000e+00]
 [ 0.000000e+00  0.000000e+00 -4.642616e+05  0.000000e+00  6.611881e+04  0.000000e+00  0.000000e+00  0.000000e+00
   4.642616e+05  0.000000e+00  1.660120e+05  0.000000e+00]
 [ 0.000000e+00  2.997014e+06  0.000000e+00  0.000000e+00  0.000000e+00  4.268261e+05  0.000000e+00 -2.997014e+06
   0.000000e+00  0.000000e+00  0.000000e+00  1.071681e+06]
 [-1.528333e+08  0.000000e+00  0.000000e+00  0.000000e+00  0.000000e+00  0.000000e+00  1.528333e+08  0.000000e+00
   0.000000e+00  0.000000e+00  0.000000e+00  0.000000e+00]
 [ 0.000000e+00 -2.104392e+07  0.000000e+00  0.000000e+00  0.000000e+00 -2.997014e+06  0.000000e+00  2.104392e+07
   0.000000e+00  0.000000e+00  0.000000e+00 -7.524944e+06]
 [ 0.000000e+00  0.000000e+00 -3.259872e+06  0.000000e+00  4.642616e+05  0.000000e+00  0.000000e+00  0.000000e+00
   3.259872e+06  0.000000e+00  1.165674e+06  0.000000e+00]
 [ 0.000000e+00  0.000000e+00  0.000000e+00 -1.173029e+03  0.000000e+00  0.000000e+00  0.000000e+00  0.000000e+00
   0.000000e+00  1.173029e+03  0.000000e+00  0.000000e+00]
 [ 0.000000e+00  0.000000e+00 -1.165674e+06  0.000000e+00  1.660120e+05  0.000000e+00  0.000000e+00  0.000000e+00
   1.165674e+06  0.000000e+00  4.168252e+05  0.000000e+00]
 [ 0.000000e+00  7.524944e+06  0.000000e+00  0.000000e+00  0.000000e+00  1.071681e+06  0.000000e+00 -7.524944e+06
   0.000000e+00  0.000000e+00  0.000000e+00  2.690791e+06]]

=== Final Element Stiffness Matrix ===
[[ 5.502000e+08  0.000000e+00  0.000000e+00  0.000000e+00  0.000000e+00  0.000000e+00 -5.502000e+08  0.000000e+00
   0.000000e+00  0.000000e+00  0.000000e+00  0.000000e+00]
 [ 0.000000e+00  4.208783e+07  0.000000e+00  0.000000e+00  0.000000e+00  1.052196e+07  0.000000e+00 -4.208783e+07
   0.000000e+00  0.000000e+00  0.000000e+00  1.052196e+07]
 [ 0.000000e+00  0.000000e+00  6.519744e+06  0.000000e+00 -1.629936e+06  0.000000e+00  0.000000e+00  0.000000e+00
  -6.519744e+06  0.000000e+00 -1.629936e+06  0.000000e+00]
 [ 0.000000e+00  0.000000e+00  0.000000e+00  4.222903e+03  0.000000e+00  0.000000e+00  0.000000e+00  0.000000e+00
   0.000000e+00 -4.222903e+03  0.000000e+00  0.000000e+00]
 [ 0.000000e+00  0.000000e+00 -1.629936e+06  0.000000e+00  5.433120e+05  0.000000e+00  0.000000e+00  0.000000e+00
   1.629936e+06  0.000000e+00  2.716560e+05  0.000000e+00]
 [ 0.000000e+00  1.052196e+07  0.000000e+00  0.000000e+00  0.000000e+00  3.507319e+06  0.000000e+00 -1.052196e+07
   0.000000e+00  0.000000e+00  0.000000e+00  1.753660e+06]
 [-5.502000e+08  0.000000e+00  0.000000e+00  0.000000e+00  0.000000e+00  0.000000e+00  5.502000e+08  0.000000e+00
   0.000000e+00  0.000000e+00  0.000000e+00  0.000000e+00]
 [ 0.000000e+00 -4.208783e+07  0.000000e+00  0.000000e+00  0.000000e+00 -1.052196e+07  0.000000e+00  4.208783e+07
   0.000000e+00  0.000000e+00  0.000000e+00 -1.052196e+07]
 [ 0.000000e+00  0.000000e+00 -6.519744e+06  0.000000e+00  1.629936e+06  0.000000e+00  0.000000e+00  0.000000e+00
   6.519744e+06  0.000000e+00  1.629936e+06  0.000000e+00]
 [ 0.000000e+00  0.000000e+00  0.000000e+00 -4.222903e+03  0.000000e+00  0.000000e+00  0.000000e+00  0.000000e+00
   0.000000e+00  4.222903e+03  0.000000e+00  0.000000e+00]
 [ 0.000000e+00  0.000000e+00 -1.629936e+06  0.000000e+00  2.716560e+05  0.000000e+00  0.000000e+00  0.000000e+00
   1.629936e+06  0.000000e+00  5.433120e+05  0.000000e+00]
 [ 0.000000e+00  1.052196e+07  0.000000e+00  0.000000e+00  0.000000e+00  1.753660e+06  0.000000e+00 -1.052196e+07
   0.000000e+00  0.000000e+00  0.000000e+00  3.507319e+06]]

