Machine Specifications:
   - OS: Windows 11 (10.0.26100)
       • Logical cores: 20
       • Physical cores: 12
   - RAM: 31.24 GB
   - Disk: 943.72 GB total, 2.61 GB free
   - Python Version: 3.12.5 (C:\Users\s1834431\AppData\Local\Programs\Python\Python312\python.exe)
   - GPU(s): Intel(R) UHD Graphics 770

Job: job_0001_n32
Timestamp (job start): 2026-02-26_16-16-55-669389
Total Time: 6.90 sec

+-------------------------------+------------+---------------+-------------+-----------+
| Step                          |   Time (s) |   Memory (MB) |   Disk (GB) |   CPU (%) |
+===============================+============+===============+=============+===========+
| Parsing                       |  0.0100083 |       127.781 |     941.098 |       0   |
+-------------------------------+------------+---------------+-------------+-----------+
| Element Instantiation         |  0.0315294 |       127.781 |     941.098 |       0   |
+-------------------------------+------------+---------------+-------------+-----------+
| Element Stiffness Computation |  0.121563  |       127.781 |     941.099 |       0   |
+-------------------------------+------------+---------------+-------------+-----------+
| Element Force Computation     |  0.0150669 |       127.781 |     941.099 |       0   |
+-------------------------------+------------+---------------+-------------+-----------+
| Full Simulation               |  6.10551   |       130.391 |     941.105 |      16.6 |
+-------------------------------+------------+---------------+-------------+-----------+

Parallel Jobs: None
Start Memory: 127.78 MB | End Memory: 130.39 MB
Start Disk Usage: 941.10 GB | End Disk Usage: 941.11 GB
Start CPU: 0.00% | End CPU: 0.00%
