2026-02-26 16:16:52,730 [DEBUG] 📁 Log file: c:\Users\s1834431\Programs\fem_model\post_processing\results\job_0001_n32_2026-02-26_16-16-48-556819_pid18316_e730c160\logs\SolveCondensedSystem.log (Module: solver, Line: 249)
2026-02-26 16:16:52,730 [DEBUG] Row/column scaling applied. (Module: solver, Line: 164)
2026-02-26 16:16:52,730 [DEBUG] Building ILU (drop_tol=1e-06, fill_factor=1.0) (Module: solver, Line: 77)
2026-02-26 16:16:52,730 [DEBUG] ILU fill-ratio = 1.01 (Module: solver, Line: 82)
2026-02-26 16:16:52,730 [INFO] Solver parameters • solver='cg', prec='auto', K nnz=816, dofs=192 (Module: solver, Line: 181)
2026-02-26 16:16:52,730 [INFO] Condensed condition estimate: 1.02e+00 (Module: solver, Line: 187)
2026-02-26 16:16:52,730 [DEBUG] Iter   10 | residual 1.243e-02 (Module: solver, Line: 328)
2026-02-26 16:16:52,730 [DEBUG] Iter   20 | residual 1.269e-02 (Module: solver, Line: 328)
2026-02-26 16:16:52,730 [DEBUG] Iter   30 | residual 1.221e-02 (Module: solver, Line: 328)
2026-02-26 16:16:52,730 [DEBUG] Iter   40 | residual 1.385e-02 (Module: solver, Line: 328)
2026-02-26 16:16:52,730 [DEBUG] Iter   50 | residual 1.527e-02 (Module: solver, Line: 328)
2026-02-26 16:16:52,730 [DEBUG] Iter   60 | residual 1.565e-02 (Module: solver, Line: 328)
2026-02-26 16:16:52,730 [DEBUG] Iter   70 | residual 1.607e-02 (Module: solver, Line: 328)
2026-02-26 16:16:52,730 [DEBUG] Iter   80 | residual 1.821e-02 (Module: solver, Line: 328)
2026-02-26 16:16:52,730 [DEBUG] Iter   90 | residual 2.039e-02 (Module: solver, Line: 328)
2026-02-26 16:16:52,730 [DEBUG] Iter  100 | residual 2.254e-02 (Module: solver, Line: 328)
2026-02-26 16:16:52,730 [DEBUG] Iter  110 | residual 2.462e-02 (Module: solver, Line: 328)
2026-02-26 16:16:52,730 [DEBUG] Iter  120 | residual 2.661e-02 (Module: solver, Line: 328)
2026-02-26 16:16:52,730 [DEBUG] Iter  130 | residual 2.851e-02 (Module: solver, Line: 328)
2026-02-26 16:16:52,730 [DEBUG] Iter  140 | residual 3.029e-02 (Module: solver, Line: 328)
2026-02-26 16:16:52,730 [DEBUG] Iter  150 | residual 3.197e-02 (Module: solver, Line: 328)
2026-02-26 16:16:52,730 [DEBUG] Iter  160 | residual 3.353e-02 (Module: solver, Line: 328)
2026-02-26 16:16:52,730 [DEBUG] Iter  170 | residual 3.498e-02 (Module: solver, Line: 328)
2026-02-26 16:16:52,730 [DEBUG] Iter  180 | residual 3.631e-02 (Module: solver, Line: 328)
2026-02-26 16:16:52,730 [DEBUG] Iter  190 | residual 3.753e-02 (Module: solver, Line: 328)
2026-02-26 16:16:52,730 [DEBUG] Iter  200 | residual 3.865e-02 (Module: solver, Line: 328)
2026-02-26 16:16:52,730 [DEBUG] Iter  210 | residual 3.967e-02 (Module: solver, Line: 328)
2026-02-26 16:16:52,730 [DEBUG] Iter  220 | residual 4.059e-02 (Module: solver, Line: 328)
2026-02-26 16:16:52,730 [DEBUG] Iter  230 | residual 4.143e-02 (Module: solver, Line: 328)
2026-02-26 16:16:52,740 [DEBUG] Iter  240 | residual 4.218e-02 (Module: solver, Line: 328)
2026-02-26 16:16:52,740 [DEBUG] Iter  250 | residual 4.285e-02 (Module: solver, Line: 328)
2026-02-26 16:16:52,740 [DEBUG] Iter  260 | residual 4.346e-02 (Module: solver, Line: 328)
2026-02-26 16:16:52,741 [DEBUG] Iter  270 | residual 4.400e-02 (Module: solver, Line: 328)
2026-02-26 16:16:52,741 [DEBUG] Iter  280 | residual 4.448e-02 (Module: solver, Line: 328)
2026-02-26 16:16:52,741 [DEBUG] Iter  290 | residual 4.491e-02 (Module: solver, Line: 328)
2026-02-26 16:16:52,742 [DEBUG] Iter  300 | residual 4.529e-02 (Module: solver, Line: 328)
2026-02-26 16:16:52,743 [DEBUG] Iter  310 | residual 4.563e-02 (Module: solver, Line: 328)
2026-02-26 16:16:52,743 [DEBUG] Iter  320 | residual 4.593e-02 (Module: solver, Line: 328)
2026-02-26 16:16:52,743 [DEBUG] Iter  330 | residual 4.619e-02 (Module: solver, Line: 328)
2026-02-26 16:16:52,743 [DEBUG] Iter  340 | residual 4.642e-02 (Module: solver, Line: 328)
2026-02-26 16:16:52,743 [DEBUG] Iter  350 | residual 4.662e-02 (Module: solver, Line: 328)
2026-02-26 16:16:52,744 [DEBUG] Iter  360 | residual 4.680e-02 (Module: solver, Line: 328)
2026-02-26 16:16:52,744 [DEBUG] Iter  370 | residual 4.696e-02 (Module: solver, Line: 328)
2026-02-26 16:16:52,745 [DEBUG] Iter  380 | residual 4.709e-02 (Module: solver, Line: 328)
2026-02-26 16:16:52,745 [DEBUG] Iter  390 | residual 4.721e-02 (Module: solver, Line: 328)
2026-02-26 16:16:52,746 [DEBUG] Iter  400 | residual 4.732e-02 (Module: solver, Line: 328)
2026-02-26 16:16:52,746 [DEBUG] Iter  410 | residual 4.741e-02 (Module: solver, Line: 328)
2026-02-26 16:16:52,746 [DEBUG] Iter  420 | residual 4.748e-02 (Module: solver, Line: 328)
2026-02-26 16:16:52,747 [DEBUG] Iter  430 | residual 4.755e-02 (Module: solver, Line: 328)
2026-02-26 16:16:52,747 [DEBUG] Iter  440 | residual 4.761e-02 (Module: solver, Line: 328)
2026-02-26 16:16:52,747 [DEBUG] Iter  450 | residual 4.766e-02 (Module: solver, Line: 328)
2026-02-26 16:16:52,747 [DEBUG] Iter  460 | residual 4.770e-02 (Module: solver, Line: 328)
2026-02-26 16:16:52,747 [DEBUG] Iter  470 | residual 4.774e-02 (Module: solver, Line: 328)
2026-02-26 16:16:52,749 [DEBUG] Iter  480 | residual 4.777e-02 (Module: solver, Line: 328)
2026-02-26 16:16:52,749 [DEBUG] Iter  490 | residual 4.780e-02 (Module: solver, Line: 328)
2026-02-26 16:16:52,749 [DEBUG] Iter  500 | residual 4.782e-02 (Module: solver, Line: 328)
2026-02-26 16:16:52,750 [DEBUG] Iter  510 | residual 4.784e-02 (Module: solver, Line: 328)
2026-02-26 16:16:52,750 [DEBUG] Iter  520 | residual 4.785e-02 (Module: solver, Line: 328)
2026-02-26 16:16:52,750 [DEBUG] Iter  530 | residual 4.786e-02 (Module: solver, Line: 328)
2026-02-26 16:16:52,751 [DEBUG] Iter  540 | residual 4.788e-02 (Module: solver, Line: 328)
2026-02-26 16:16:52,751 [DEBUG] Iter  550 | residual 4.788e-02 (Module: solver, Line: 328)
2026-02-26 16:16:52,751 [DEBUG] Iter  560 | residual 4.789e-02 (Module: solver, Line: 328)
2026-02-26 16:16:52,752 [DEBUG] Iter  570 | residual 4.790e-02 (Module: solver, Line: 328)
2026-02-26 16:16:52,752 [DEBUG] Iter  580 | residual 4.790e-02 (Module: solver, Line: 328)
2026-02-26 16:16:52,752 [DEBUG] Iter  590 | residual 4.790e-02 (Module: solver, Line: 328)
2026-02-26 16:16:52,752 [DEBUG] Iter  600 | residual 4.791e-02 (Module: solver, Line: 328)
2026-02-26 16:16:52,753 [DEBUG] Iter  610 | residual 4.791e-02 (Module: solver, Line: 328)
2026-02-26 16:16:52,753 [DEBUG] Iter  620 | residual 4.791e-02 (Module: solver, Line: 328)
2026-02-26 16:16:52,753 [DEBUG] Iter  630 | residual 4.791e-02 (Module: solver, Line: 328)
2026-02-26 16:16:52,754 [DEBUG] Iter  640 | residual 4.791e-02 (Module: solver, Line: 328)
2026-02-26 16:16:52,754 [DEBUG] Iter  650 | residual 4.791e-02 (Module: solver, Line: 328)
2026-02-26 16:16:52,754 [DEBUG] Iter  660 | residual 4.791e-02 (Module: solver, Line: 328)
2026-02-26 16:16:52,754 [DEBUG] Iter  670 | residual 4.791e-02 (Module: solver, Line: 328)
2026-02-26 16:16:52,754 [DEBUG] Iter  680 | residual 4.790e-02 (Module: solver, Line: 328)
2026-02-26 16:16:52,755 [DEBUG] Iter  690 | residual 4.790e-02 (Module: solver, Line: 328)
2026-02-26 16:16:52,755 [DEBUG] Iter  700 | residual 4.790e-02 (Module: solver, Line: 328)
2026-02-26 16:16:52,755 [DEBUG] Iter  710 | residual 4.790e-02 (Module: solver, Line: 328)
2026-02-26 16:16:52,756 [DEBUG] Iter  720 | residual 4.790e-02 (Module: solver, Line: 328)
2026-02-26 16:16:52,756 [DEBUG] Iter  730 | residual 4.790e-02 (Module: solver, Line: 328)
2026-02-26 16:16:52,756 [DEBUG] Iter  740 | residual 4.790e-02 (Module: solver, Line: 328)
2026-02-26 16:16:52,757 [DEBUG] Iter  750 | residual 4.789e-02 (Module: solver, Line: 328)
2026-02-26 16:16:52,757 [DEBUG] Iter  760 | residual 4.789e-02 (Module: solver, Line: 328)
2026-02-26 16:16:52,757 [DEBUG] Iter  770 | residual 4.789e-02 (Module: solver, Line: 328)
2026-02-26 16:16:52,757 [DEBUG] Iter  780 | residual 4.789e-02 (Module: solver, Line: 328)
2026-02-26 16:16:52,758 [DEBUG] Iter  790 | residual 4.789e-02 (Module: solver, Line: 328)
2026-02-26 16:16:52,758 [DEBUG] Iter  800 | residual 4.789e-02 (Module: solver, Line: 328)
2026-02-26 16:16:52,758 [DEBUG] Iter  810 | residual 4.789e-02 (Module: solver, Line: 328)
2026-02-26 16:16:52,759 [DEBUG] Iter  820 | residual 4.789e-02 (Module: solver, Line: 328)
2026-02-26 16:16:52,759 [DEBUG] Iter  830 | residual 4.788e-02 (Module: solver, Line: 328)
2026-02-26 16:16:52,759 [DEBUG] Iter  840 | residual 4.788e-02 (Module: solver, Line: 328)
2026-02-26 16:16:52,760 [DEBUG] Iter  850 | residual 4.788e-02 (Module: solver, Line: 328)
2026-02-26 16:16:52,760 [DEBUG] Iter  860 | residual 4.788e-02 (Module: solver, Line: 328)
2026-02-26 16:16:52,760 [DEBUG] Iter  870 | residual 4.788e-02 (Module: solver, Line: 328)
2026-02-26 16:16:52,761 [DEBUG] Iter  880 | residual 4.788e-02 (Module: solver, Line: 328)
2026-02-26 16:16:52,761 [DEBUG] Iter  890 | residual 4.788e-02 (Module: solver, Line: 328)
2026-02-26 16:16:52,761 [DEBUG] Iter  900 | residual 4.788e-02 (Module: solver, Line: 328)
2026-02-26 16:16:52,762 [DEBUG] Iter  910 | residual 4.788e-02 (Module: solver, Line: 328)
2026-02-26 16:16:52,762 [DEBUG] Iter  920 | residual 4.788e-02 (Module: solver, Line: 328)
2026-02-26 16:16:52,763 [DEBUG] Iter  930 | residual 4.788e-02 (Module: solver, Line: 328)
2026-02-26 16:16:52,763 [DEBUG] Iter  940 | residual 4.787e-02 (Module: solver, Line: 328)
2026-02-26 16:16:52,763 [DEBUG] Iter  950 | residual 4.787e-02 (Module: solver, Line: 328)
2026-02-26 16:16:52,763 [DEBUG] Iter  960 | residual 4.787e-02 (Module: solver, Line: 328)
2026-02-26 16:16:52,763 [DEBUG] Iter  970 | residual 4.787e-02 (Module: solver, Line: 328)
2026-02-26 16:16:52,763 [DEBUG] Iter  980 | residual 4.787e-02 (Module: solver, Line: 328)
2026-02-26 16:16:52,763 [DEBUG] Iter  990 | residual 4.787e-02 (Module: solver, Line: 328)
2026-02-26 16:16:52,763 [DEBUG] Iter 1000 | residual 4.787e-02 (Module: solver, Line: 328)
2026-02-26 16:16:52,763 [WARNING] Solver info=1000 (not converged). (Module: solver, Line: 344)
2026-02-26 16:16:52,767 [INFO] Retrying with ILU preconditioner … (Module: solver, Line: 351)
2026-02-26 16:16:52,767 [DEBUG] Building ILU (drop_tol=1e-06, fill_factor=1.0) (Module: solver, Line: 77)
2026-02-26 16:16:52,767 [DEBUG] ILU fill-ratio = 1.01 (Module: solver, Line: 82)
2026-02-26 16:16:52,768 [DEBUG] Iter 1010 | residual 1.243e-02 (Module: solver, Line: 328)
2026-02-26 16:16:52,768 [DEBUG] Iter 1020 | residual 1.269e-02 (Module: solver, Line: 328)
2026-02-26 16:16:52,768 [DEBUG] Iter 1030 | residual 1.221e-02 (Module: solver, Line: 328)
2026-02-26 16:16:52,768 [DEBUG] Iter 1040 | residual 1.385e-02 (Module: solver, Line: 328)
2026-02-26 16:16:52,768 [DEBUG] Iter 1050 | residual 1.527e-02 (Module: solver, Line: 328)
2026-02-26 16:16:52,768 [DEBUG] Iter 1060 | residual 1.565e-02 (Module: solver, Line: 328)
2026-02-26 16:16:52,768 [DEBUG] Iter 1070 | residual 1.607e-02 (Module: solver, Line: 328)
2026-02-26 16:16:52,768 [DEBUG] Iter 1080 | residual 1.821e-02 (Module: solver, Line: 328)
2026-02-26 16:16:52,768 [DEBUG] Iter 1090 | residual 2.039e-02 (Module: solver, Line: 328)
2026-02-26 16:16:52,768 [DEBUG] Iter 1100 | residual 2.254e-02 (Module: solver, Line: 328)
2026-02-26 16:16:52,768 [DEBUG] Iter 1110 | residual 2.462e-02 (Module: solver, Line: 328)
2026-02-26 16:16:52,768 [DEBUG] Iter 1120 | residual 2.661e-02 (Module: solver, Line: 328)
2026-02-26 16:16:52,768 [DEBUG] Iter 1130 | residual 2.851e-02 (Module: solver, Line: 328)
2026-02-26 16:16:52,768 [DEBUG] Iter 1140 | residual 3.029e-02 (Module: solver, Line: 328)
2026-02-26 16:16:52,768 [DEBUG] Iter 1150 | residual 3.197e-02 (Module: solver, Line: 328)
2026-02-26 16:16:52,768 [DEBUG] Iter 1160 | residual 3.353e-02 (Module: solver, Line: 328)
2026-02-26 16:16:52,768 [DEBUG] Iter 1170 | residual 3.498e-02 (Module: solver, Line: 328)
2026-02-26 16:16:52,768 [DEBUG] Iter 1180 | residual 3.631e-02 (Module: solver, Line: 328)
2026-02-26 16:16:52,768 [DEBUG] Iter 1190 | residual 3.753e-02 (Module: solver, Line: 328)
2026-02-26 16:16:52,768 [DEBUG] Iter 1200 | residual 3.865e-02 (Module: solver, Line: 328)
2026-02-26 16:16:52,768 [DEBUG] Iter 1210 | residual 3.967e-02 (Module: solver, Line: 328)
2026-02-26 16:16:52,768 [DEBUG] Iter 1220 | residual 4.059e-02 (Module: solver, Line: 328)
2026-02-26 16:16:52,768 [DEBUG] Iter 1230 | residual 4.143e-02 (Module: solver, Line: 328)
2026-02-26 16:16:52,768 [DEBUG] Iter 1240 | residual 4.218e-02 (Module: solver, Line: 328)
2026-02-26 16:16:52,768 [DEBUG] Iter 1250 | residual 4.285e-02 (Module: solver, Line: 328)
2026-02-26 16:16:52,768 [DEBUG] Iter 1260 | residual 4.346e-02 (Module: solver, Line: 328)
2026-02-26 16:16:52,768 [DEBUG] Iter 1270 | residual 4.400e-02 (Module: solver, Line: 328)
2026-02-26 16:16:52,768 [DEBUG] Iter 1280 | residual 4.448e-02 (Module: solver, Line: 328)
2026-02-26 16:16:52,768 [DEBUG] Iter 1290 | residual 4.491e-02 (Module: solver, Line: 328)
2026-02-26 16:16:52,777 [DEBUG] Iter 1300 | residual 4.529e-02 (Module: solver, Line: 328)
2026-02-26 16:16:52,777 [DEBUG] Iter 1310 | residual 4.563e-02 (Module: solver, Line: 328)
2026-02-26 16:16:52,777 [DEBUG] Iter 1320 | residual 4.593e-02 (Module: solver, Line: 328)
2026-02-26 16:16:52,778 [DEBUG] Iter 1330 | residual 4.619e-02 (Module: solver, Line: 328)
2026-02-26 16:16:52,778 [DEBUG] Iter 1340 | residual 4.642e-02 (Module: solver, Line: 328)
2026-02-26 16:16:52,778 [DEBUG] Iter 1350 | residual 4.662e-02 (Module: solver, Line: 328)
2026-02-26 16:16:52,779 [DEBUG] Iter 1360 | residual 4.680e-02 (Module: solver, Line: 328)
2026-02-26 16:16:52,779 [DEBUG] Iter 1370 | residual 4.696e-02 (Module: solver, Line: 328)
2026-02-26 16:16:52,779 [DEBUG] Iter 1380 | residual 4.709e-02 (Module: solver, Line: 328)
2026-02-26 16:16:52,780 [DEBUG] Iter 1390 | residual 4.721e-02 (Module: solver, Line: 328)
2026-02-26 16:16:52,780 [DEBUG] Iter 1400 | residual 4.732e-02 (Module: solver, Line: 328)
2026-02-26 16:16:52,780 [DEBUG] Iter 1410 | residual 4.741e-02 (Module: solver, Line: 328)
2026-02-26 16:16:52,781 [DEBUG] Iter 1420 | residual 4.748e-02 (Module: solver, Line: 328)
2026-02-26 16:16:52,781 [DEBUG] Iter 1430 | residual 4.755e-02 (Module: solver, Line: 328)
2026-02-26 16:16:52,781 [DEBUG] Iter 1440 | residual 4.761e-02 (Module: solver, Line: 328)
2026-02-26 16:16:52,782 [DEBUG] Iter 1450 | residual 4.766e-02 (Module: solver, Line: 328)
2026-02-26 16:16:52,782 [DEBUG] Iter 1460 | residual 4.770e-02 (Module: solver, Line: 328)
2026-02-26 16:16:52,782 [DEBUG] Iter 1470 | residual 4.774e-02 (Module: solver, Line: 328)
2026-02-26 16:16:52,783 [DEBUG] Iter 1480 | residual 4.777e-02 (Module: solver, Line: 328)
2026-02-26 16:16:52,783 [DEBUG] Iter 1490 | residual 4.780e-02 (Module: solver, Line: 328)
2026-02-26 16:16:52,783 [DEBUG] Iter 1500 | residual 4.782e-02 (Module: solver, Line: 328)
2026-02-26 16:16:52,783 [DEBUG] Iter 1510 | residual 4.784e-02 (Module: solver, Line: 328)
2026-02-26 16:16:52,784 [DEBUG] Iter 1520 | residual 4.785e-02 (Module: solver, Line: 328)
2026-02-26 16:16:52,784 [DEBUG] Iter 1530 | residual 4.786e-02 (Module: solver, Line: 328)
2026-02-26 16:16:52,784 [DEBUG] Iter 1540 | residual 4.788e-02 (Module: solver, Line: 328)
2026-02-26 16:16:52,785 [DEBUG] Iter 1550 | residual 4.788e-02 (Module: solver, Line: 328)
2026-02-26 16:16:52,785 [DEBUG] Iter 1560 | residual 4.789e-02 (Module: solver, Line: 328)
2026-02-26 16:16:52,785 [DEBUG] Iter 1570 | residual 4.790e-02 (Module: solver, Line: 328)
2026-02-26 16:16:52,786 [DEBUG] Iter 1580 | residual 4.790e-02 (Module: solver, Line: 328)
2026-02-26 16:16:52,786 [DEBUG] Iter 1590 | residual 4.790e-02 (Module: solver, Line: 328)
2026-02-26 16:16:52,786 [DEBUG] Iter 1600 | residual 4.791e-02 (Module: solver, Line: 328)
2026-02-26 16:16:52,787 [DEBUG] Iter 1610 | residual 4.791e-02 (Module: solver, Line: 328)
2026-02-26 16:16:52,787 [DEBUG] Iter 1620 | residual 4.791e-02 (Module: solver, Line: 328)
2026-02-26 16:16:52,787 [DEBUG] Iter 1630 | residual 4.791e-02 (Module: solver, Line: 328)
2026-02-26 16:16:52,788 [DEBUG] Iter 1640 | residual 4.791e-02 (Module: solver, Line: 328)
2026-02-26 16:16:52,788 [DEBUG] Iter 1650 | residual 4.791e-02 (Module: solver, Line: 328)
2026-02-26 16:16:52,788 [DEBUG] Iter 1660 | residual 4.791e-02 (Module: solver, Line: 328)
2026-02-26 16:16:52,788 [DEBUG] Iter 1670 | residual 4.791e-02 (Module: solver, Line: 328)
2026-02-26 16:16:52,790 [DEBUG] Iter 1680 | residual 4.790e-02 (Module: solver, Line: 328)
2026-02-26 16:16:52,790 [DEBUG] Iter 1690 | residual 4.790e-02 (Module: solver, Line: 328)
2026-02-26 16:16:52,790 [DEBUG] Iter 1700 | residual 4.790e-02 (Module: solver, Line: 328)
2026-02-26 16:16:52,791 [DEBUG] Iter 1710 | residual 4.790e-02 (Module: solver, Line: 328)
2026-02-26 16:16:52,791 [DEBUG] Iter 1720 | residual 4.790e-02 (Module: solver, Line: 328)
2026-02-26 16:16:52,791 [DEBUG] Iter 1730 | residual 4.790e-02 (Module: solver, Line: 328)
2026-02-26 16:16:52,791 [DEBUG] Iter 1740 | residual 4.790e-02 (Module: solver, Line: 328)
2026-02-26 16:16:52,792 [DEBUG] Iter 1750 | residual 4.789e-02 (Module: solver, Line: 328)
2026-02-26 16:16:52,792 [DEBUG] Iter 1760 | residual 4.789e-02 (Module: solver, Line: 328)
2026-02-26 16:16:52,792 [DEBUG] Iter 1770 | residual 4.789e-02 (Module: solver, Line: 328)
2026-02-26 16:16:52,793 [DEBUG] Iter 1780 | residual 4.789e-02 (Module: solver, Line: 328)
2026-02-26 16:16:52,793 [DEBUG] Iter 1790 | residual 4.789e-02 (Module: solver, Line: 328)
2026-02-26 16:16:52,793 [DEBUG] Iter 1800 | residual 4.789e-02 (Module: solver, Line: 328)
2026-02-26 16:16:52,794 [DEBUG] Iter 1810 | residual 4.789e-02 (Module: solver, Line: 328)
2026-02-26 16:16:52,794 [DEBUG] Iter 1820 | residual 4.789e-02 (Module: solver, Line: 328)
2026-02-26 16:16:52,794 [DEBUG] Iter 1830 | residual 4.788e-02 (Module: solver, Line: 328)
2026-02-26 16:16:52,795 [DEBUG] Iter 1840 | residual 4.788e-02 (Module: solver, Line: 328)
2026-02-26 16:16:52,795 [DEBUG] Iter 1850 | residual 4.788e-02 (Module: solver, Line: 328)
2026-02-26 16:16:52,795 [DEBUG] Iter 1860 | residual 4.788e-02 (Module: solver, Line: 328)
2026-02-26 16:16:52,795 [DEBUG] Iter 1870 | residual 4.788e-02 (Module: solver, Line: 328)
2026-02-26 16:16:52,796 [DEBUG] Iter 1880 | residual 4.788e-02 (Module: solver, Line: 328)
2026-02-26 16:16:52,796 [DEBUG] Iter 1890 | residual 4.788e-02 (Module: solver, Line: 328)
2026-02-26 16:16:52,797 [DEBUG] Iter 1900 | residual 4.788e-02 (Module: solver, Line: 328)
2026-02-26 16:16:52,797 [DEBUG] Iter 1910 | residual 4.788e-02 (Module: solver, Line: 328)
2026-02-26 16:16:52,797 [DEBUG] Iter 1920 | residual 4.788e-02 (Module: solver, Line: 328)
2026-02-26 16:16:52,798 [DEBUG] Iter 1930 | residual 4.788e-02 (Module: solver, Line: 328)
2026-02-26 16:16:52,798 [DEBUG] Iter 1940 | residual 4.787e-02 (Module: solver, Line: 328)
2026-02-26 16:16:52,798 [DEBUG] Iter 1950 | residual 4.787e-02 (Module: solver, Line: 328)
2026-02-26 16:16:52,798 [DEBUG] Iter 1960 | residual 4.787e-02 (Module: solver, Line: 328)
2026-02-26 16:16:52,800 [DEBUG] Iter 1970 | residual 4.787e-02 (Module: solver, Line: 328)
2026-02-26 16:16:52,800 [DEBUG] Iter 1980 | residual 4.787e-02 (Module: solver, Line: 328)
2026-02-26 16:16:52,800 [DEBUG] Iter 1990 | residual 4.787e-02 (Module: solver, Line: 328)
2026-02-26 16:16:52,801 [DEBUG] Iter 2000 | residual 4.787e-02 (Module: solver, Line: 328)
2026-02-26 16:16:52,801 [WARNING] Solver info=1000 (not converged). (Module: solver, Line: 344)
2026-02-26 16:16:52,801 [INFO] Switching to direct SuperLU fall-back. (Module: solver, Line: 359)
2026-02-26 16:16:52,801 [DEBUG] Using SuperLU direct solver (Module: solver, Line: 306)
2026-02-26 16:16:52,801 [INFO] Condensed residual norm: 4.745e-03 (Module: solver, Line: 204)
2026-02-26 16:16:52,801 [WARNING] Residual is high – verify model! (Module: solver, Line: 207)
2026-02-26 16:16:52,801 [INFO] 📊 Condensed solver report: (Module: solver, Line: 384)
2026-02-26 16:16:52,801 [INFO]  • dofs: 192 (Module: solver, Line: 386)
2026-02-26 16:16:52,801 [INFO]  • nnz: 816 (Module: solver, Line: 386)
2026-02-26 16:16:52,801 [INFO]  • density: 0.022135416666666668 (Module: solver, Line: 386)
2026-02-26 16:16:52,801 [INFO]  • condition_est: 1.0162665222163356 (Module: solver, Line: 386)
2026-02-26 16:16:52,801 [INFO]  • solve_phases: {'iterative': 0.03298439999980474, 'factorization': 0.00030299999980343273, 'solution': 0.000335599999743863} (Module: solver, Line: 386)
2026-02-26 16:16:52,801 [INFO]  • iters: 2000 (Module: solver, Line: 386)
2026-02-26 16:16:52,801 [INFO]  • final_residual: 0.0478720402444628 (Module: solver, Line: 386)
