--------------------------------------------------------------------------
Machine specifications – written 2026-02-26 16:17:03.262803
OS          : Windows 11 (10.0.26100)
CPU         : 12th Gen Intel(R) Core(TM) i7-12700
   logical  : 20
   physical : 12
RAM         : 31.24 GB
Disk        : 943.72 GB total  /  2.60 GB free
Python      : 3.12.5  (C:\Users\s1834431\AppData\Local\Programs\Python\Python312\python.exe)
GPU(s)      : Intel(R) UHD Graphics 770
--------------------------------------------------------------------------

Runtime telemetry header written → C:\Users\s1834431\Programs\fem_model\post_processing\results\job_0002_n128_2026-02-26_16-16-58-458289_pid18316_e05a564b\diagnostics\RuntimeMonitorTelemetry.log
2026-02-26 16:17:03 │ PrepareLocalSystem BEGIN   │ Δt  0.00 s │ RAM   134.2 MB │ CPU  15.8 % │ Disk  941.1 GB
2026-02-26 16:17:03 │ PrepareLocalSystem END     │ Δt  0.21 s │ RAM   132.3 MB │ CPU  14.4 % │ Disk  941.1 GB
2026-02-26 16:17:03 │ AssembleGlobalSystem BEGIN │ Δt  0.20 s │ RAM   132.3 MB │ CPU  13.2 % │ Disk  941.1 GB
2026-02-26 16:17:04 │ AssembleGlobalSystem END   │ Δt  0.23 s │ RAM   132.5 MB │ CPU  21.5 % │ Disk  941.1 GB
2026-02-26 16:17:05 │ ModifyGlobalSystem BEGIN   │ Δt  0.91 s │ RAM   132.9 MB │ CPU  15.4 % │ Disk  941.1 GB
2026-02-26 16:17:05 │ ModifyGlobalSystem END     │ Δt  0.22 s │ RAM   132.9 MB │ CPU   8.3 % │ Disk  941.1 GB
2026-02-26 16:17:06 │ CondenseModifiedSystem BEGIN │ Δt  0.89 s │ RAM   133.0 MB │ CPU   3.3 % │ Disk  941.1 GB
2026-02-26 16:17:06 │ CondenseModifiedSystem END │ Δt  0.26 s │ RAM   133.2 MB │ CPU   3.1 % │ Disk  941.1 GB
2026-02-26 16:17:07 │ SolveCondensedSystem BEGIN │ Δt  0.89 s │ RAM   133.2 MB │ CPU   2.4 % │ Disk  941.1 GB
2026-02-26 16:17:07 │ SolveCondensedSystem END   │ Δt  0.36 s │ RAM   133.0 MB │ CPU   1.2 % │ Disk  941.1 GB
2026-02-26 16:17:07 │ ReconstructGlobalSystem BEGIN │ Δt  0.20 s │ RAM   133.0 MB │ CPU   2.7 % │ Disk  941.1 GB
2026-02-26 16:17:08 │ ReconstructGlobalSystem END │ Δt  0.24 s │ RAM   133.0 MB │ CPU   5.1 % │ Disk  941.1 GB
2026-02-26 16:17:08 │ ComputePrimaryResults BEGIN │ Δt  0.20 s │ RAM   133.0 MB │ CPU   4.0 % │ Disk  941.1 GB
2026-02-26 16:17:09 │ ComputePrimaryResults END  │ Δt  0.70 s │ RAM   133.5 MB │ CPU  13.6 % │ Disk  941.1 GB
2026-02-26 16:17:09 │ SaveFormulationCache BEGIN │ Δt  0.20 s │ RAM   133.5 MB │ CPU   3.5 % │ Disk  941.1 GB
2026-02-26 16:17:09 │ SaveFormulationCache END   │ Δt  0.58 s │ RAM   133.5 MB │ CPU  10.2 % │ Disk  941.1 GB
2026-02-26 16:17:10 │ ComputeSecondaryResults BEGIN │ Δt  0.20 s │ RAM   133.5 MB │ CPU  13.3 % │ Disk  941.1 GB
2026-02-26 16:17:10 │ ComputeSecondaryResults END │ Δt  0.34 s │ RAM   133.5 MB │ CPU  20.2 % │ Disk  941.1 GB
2026-02-26 16:17:10 │ ComputeTertiaryResults BEGIN │ Δt  0.20 s │ RAM   133.5 MB │ CPU   6.5 % │ Disk  941.1 GB
2026-02-26 16:17:10 │ ComputeTertiaryResults END │ Δt  0.36 s │ RAM   133.5 MB │ CPU  19.9 % │ Disk  941.1 GB
