2025-11-16 14:50:30,543 [DEBUG] 📁 Log file created at: C:\Users\s1834431\.cursor\worktrees\fem_model\kXxtc\post_processing\results\job_0002_2025-11-16_14-50-19-069527_pid21144_c6568b09\logs\ModifyGlobalSystem.log (Module: modification, Line: 98)
2025-11-16 14:50:30,543 [INFO] 🔧 Applying stabilized boundary conditions... (Module: modification, Line: 116)
2025-11-16 14:50:30,546 [DEBUG] Computed penalty value: 1.00e+36 (Module: modification, Line: 174)
2025-11-16 14:50:30,548 [DEBUG] 
======================================== System Diagnostics ======================================== (Module: modification, Line: 265)
2025-11-16 14:50:30,549 [DEBUG] Original Non-zeros: 7510
Modified Non-zeros: 7486
Penalty Value: 1.00e+36
Stabilization Factor: 1.00e+26 (Module: modification, Line: 277)
2025-11-16 14:50:30,568 [DEBUG] 
Matrix Sample (COO format):
 Row  Col         Value
1034 1034  3.565485e+14
1402 1396  4.244625e+13
  14   20 -1.782743e+14
 991  989 -6.576223e+14
 583  589 -1.150839e+15
 633  627 -2.639314e+05
 333  333  5.278628e+05
1270 1262 -7.640325e+13
 214  208  4.244625e+13
 874  880  4.244625e+13
1433 1427  2.740093e+14
 458  464 -1.782742e+14
 488  484  1.018710e+14
 521  515  2.740093e+14
 116  118 -2.546775e+13
 720  714 -3.438750e+10
 173  167  2.740093e+14
  70   70  9.338175e+13
 135  129 -2.639314e+05
 279  285 -2.639314e+05
 600  600  6.877500e+10
1229 1235  2.740093e+14
 319  329  4.932168e+14
1271 1277  2.740093e+14
 757  755 -6.576223e+14
  97   97  2.301678e+15
 788  796 -7.640325e+13
 880  880  9.338175e+13
1381 1391  4.932168e+14
 327  321 -2.639314e+05
1061 1051  4.932168e+14
1231 1235  1.644056e+14
 925  929  1.644056e+14
 638  638  3.565485e+14
 860  854 -1.782742e+14
  21   21  5.278628e+05
 827  833  2.740093e+14
  37   41  1.644056e+14
 590  584 -1.782742e+14
  69   63 -2.639314e+05
 235  241 -1.150839e+15
 963  963  5.278628e+05
 636  636  6.877500e+10
1024 1024  9.338175e+13
 734  728 -1.782742e+14
 320  322 -2.546775e+13
1119 1113 -2.639314e+05
 753  759 -2.639314e+05
 848  854 -1.782742e+14
 837  837  5.278628e+05
1288 1280 -7.640325e+13
 211  215  1.644056e+14
 356  352  1.018710e+14
  76   76  9.338175e+13
1301 1301  6.028205e+14
1026 1026  6.877500e+10
 415  421 -1.150839e+15
1271 1271  6.028205e+14
 730  722 -7.640325e+13
 376  370  4.244625e+13
1471 1475  1.644056e+14
 410  410  3.565485e+14
1066 1064 -2.546775e+13
1277 1267  4.932168e+14
 385  389  1.644056e+14
 125  125  6.028205e+14
 179  181 -6.576224e+14
1331 1325  2.740093e+14
 902  902  3.565485e+14
 225  219 -2.639314e+05
1498 1502  1.018710e+14
 912  918 -3.438750e+10
1345 1349  1.644056e+14
 652  646  4.244625e+13
1250 1244 -1.782742e+14
 344  344  3.565485e+14
 630  630  6.877500e+10
1128 1122 -3.438750e+10
 746  754 -7.640325e+13
 528  534 -3.438750e+10
1122 1122  6.877500e+10
 989  983  2.740093e+14
 793  791 -6.576223e+14
 970  974  1.018710e+14
 539  539  6.028205e+14
 146  154 -7.640325e+13
1265 1261  1.644056e+14
 421  419 -6.576223e+14
 593  593  6.028205e+14
 808  812  1.018710e+14
 565  571 -1.150839e+15
 418  412  4.244625e+13
1492 1496  1.018710e+14
 670  674  1.018710e+14
1361 1367  2.740093e+14
  15   15  5.278628e+05
 938  946 -7.640325e+13
 682  680 -2.546775e+13
1081 1075 -1.150839e+15
 293  293  6.028205e+14
1429 1423 -1.150839e+15
 457  455 -6.576223e+14
1102 1100 -2.546775e+13
  47   37  4.932168e+14
1005 1011 -2.639314e+05
 262  262  9.338175e+13
 379  379  2.301678e+15
 263  259  1.644056e+14
1372 1378  4.244625e+13
 571  581  4.932168e+14
  61   67 -1.150839e+15
 974  976 -2.546775e+13
  98   94  1.018710e+14
 250  248 -2.546775e+13
 583  593  4.932168e+14
1280 1288 -7.640325e+13
1319 1321 -6.576223e+14
 904  902 -2.546775e+13
 905  911  2.740093e+14
1334 1334  3.565485e+14
 655  649 -1.150839e+15
  53   53  6.028205e+14
 461  451  4.932168e+14
1364 1364  3.565485e+14
 175  173 -6.576223e+14
 347  337  4.932168e+14
 998 1000 -2.546775e+13
 643  653  4.932168e+14
1231 1225 -1.150839e+15
1303 1303  2.301678e+15
 182  184 -2.546775e+13
 479  481 -6.576223e+14
 762  762  6.877500e+10
 449  449  6.028205e+14
  16   22  4.244625e+13
  99   99  5.278628e+05
 487  485 -6.576223e+14
 728  730 -2.546775e+13
 824  826 -2.546775e+13
1067 1057  4.932168e+14
1063 1067  1.644056e+14
 605  595  4.932168e+14
 723  729 -2.639314e+05
 254  256 -2.546775e+13
1441 1447 -1.150839e+15
 391  395  1.644056e+14
 647  643  1.644056e+14
 655  655  2.301678e+15
 829  823 -1.150839e+15
 536  544 -7.640325e+13
1231 1241  4.932168e+14
 214  206 -7.640325e+13
  50   50  3.565485e+14
 575  575  6.028205e+14
 895  901 -1.150839e+15
1123 1123  2.301678e+15
  35   37 -6.576224e+14
 945  945  5.278628e+05
 570  576 -3.438750e+10
1416 1410 -3.438750e+10
 460  460  9.338175e+13
1390 1390  9.338175e+13
1217 1219 -6.576223e+14
1120 1126  4.244625e+13
1063 1063  2.301678e+15
 659  653  2.740093e+14
  38   40 -2.546775e+13
 205  199 -1.150839e+15
 763  757 -1.150839e+15
 711  711  5.278628e+05
 199  205 -1.150839e+15
 898  898  9.338175e+13
 263  265 -6.576223e+14
 730  728 -2.546775e+13
  65   71  2.740093e+14
 491  491  6.028205e+14
 608  616 -7.640325e+13
1234 1232 -2.546775e+13
 497  497  6.028205e+14
 364  368  1.018710e+14
  36   36  6.877500e+10
 427  433 -1.150839e+15
 463  457 -1.150839e+15
1039 1049  4.932168e+14
1340 1342 -2.546775e+13
 680  674 -1.782742e+14
 874  874  9.338175e+13
 404  398 -1.782742e+14
1045 1055  4.932168e+14
 871  869 -6.576223e+14
  14   16 -2.546775e+13
 111  105 -2.639314e+05
1299 1305 -2.639314e+05
 619  617 -6.576223e+14
 137  131  2.740093e+14
1235 1237 -6.576223e+14
 949  953  1.644056e+14
 839  835  1.644056e+14
 335  335  6.028205e+14
 989  995  2.740093e+14
 368  364  1.018710e+14
1001 1003 -6.576223e+14
 941  935  2.740093e+14
 468  474 -3.438750e+10
 979  977 -6.576223e+14
 775  779  1.644056e+14
 104  104  3.565485e+14
 446  454 -7.640325e+13
 437  433  1.644056e+14
 903  897 -2.639314e+05
1483 1481 -6.576223e+14
1082 1088 -1.782742e+14
 759  753 -2.639314e+05
1339 1339  2.301678e+15
1144 1150  4.244625e+13
1194 1188 -3.438750e+10
 791  797  2.740093e+14
 254  248 -1.782742e+14
  42   36 -3.438750e+10
  26   28 -2.546775e+13
 559  557 -6.576223e+14
 220  218 -2.546775e+13
1427 1427  6.028205e+14
1466 1460 -1.782742e+14
1343 1343  6.028205e+14
 510  504 -3.438750e+10
 212  218 -1.782743e+14
1012 1018  4.244625e+13
 321  327 -2.639314e+05
 511  511  2.301678e+15
1040 1046 -1.782742e+14
 100  100  9.338175e+13
1005  999 -2.639314e+05
1112 1108  1.018710e+14
 670  664  4.244625e+13
1370 1366  1.018710e+14
  66   60 -3.438750e+10
 259  259  2.301678e+15
  13   19 -1.150839e+15
 976  980  1.018710e+14
 106  100  4.244625e+13
 863  869  2.740093e+14
1004 1004  3.565485e+14
 923  925 -6.576223e+14
 464  458 -1.782742e+14
 974  982 -7.640325e+13
 500  508 -7.640325e+13
 717  711 -2.639314e+05
  34   26 -7.640325e+13
1318 1324  4.244625e+13
 893  895 -6.576223e+14
  13    7 -1.150839e+15
 761  755  2.740093e+14
 651  651  5.278628e+05
1257 1257  5.278628e+05
 671  671  6.028205e+14
1013 1013  6.028205e+14
1050 1044 -3.438750e+10
 514  514  9.338175e+13
  85   95  4.932168e+14
 296  298 -2.546775e+13
1473 1473  5.278628e+05
 472  478  4.244625e+13
 841  845  1.644056e+14
1465 1465  2.301678e+15
 593  589  1.644056e+14
  47   43  1.644056e+14
1405 1405  2.301678e+15
 202  200 -2.546775e+13
 776  782 -1.782742e+14
 856  850  4.244625e+13
 385  385  2.301678e+15
 601  605  1.644056e+14
  17    7  4.932168e+14
 802  802  9.338175e+13
 728  722 -1.782742e+14
1105 1109  1.644056e+14
 730  724  4.244625e+13
1454 1462 -7.640325e+13
 503  497  2.740093e+14
 653  655 -6.576223e+14
1259 1255  1.644056e+14
 481  485  1.644056e+14
  67   77  4.932168e+14
 433  443  4.932168e+14
 822  816 -3.438750e+10
 640  638 -2.546775e+13
1381 1381  2.301678e+15
1364 1360  1.018710e+14
 440  434 -1.782742e+14
 875  881  2.740093e+14
1000 1000  9.338175e+13
1159 1153 -1.150839e+15
1287 1287  5.278628e+05
1483 1477 -1.150839e+15
 452  454 -2.546775e+13
1354 1346 -7.640325e+13
 566  572 -1.782742e+14
 714  720 -3.438750e+10
1218 1224 -3.438750e+10
1258 1250 -7.640325e+13
1397 1391  2.740093e+14
1199 1205  2.740093e+14
1316 1324 -7.640325e+13
 403  413  4.932168e+14
1336 1340  1.018710e+14
 524  518 -1.782742e+14
 277  281  1.644056e+14
1126 1132  4.244625e+13
 517  523 -1.150839e+15
 744  750 -3.438750e+10
 223  227  1.644056e+14
 907  917  4.932168e+14
1337 1331  2.740093e+14
1246 1244 -2.546775e+13
 813  813  5.278628e+05
 163  157 -1.150839e+15
 824  820  1.018710e+14
 657  651 -2.639314e+05
 698  698  3.565485e+14
  35   25  4.932168e+14
 544  542 -2.546775e+13
 617  619 -6.576223e+14
 194  196 -2.546775e+13
 113  113  6.028205e+14
1078 1072  4.244625e+13
1201 1211  4.932168e+14
1456 1456  9.338175e+13
1321 1315 -1.150839e+15
 313  307 -1.150839e+15
 796  788 -7.640325e+13
 502  496  4.244625e+13
 377  383  2.740093e+14
 112  116  1.018710e+14
1432 1436  1.018710e+14
 658  652  4.244625e+13
1412 1412  3.565485e+14
 735  741 -2.639314e+05
 365  355  4.932168e+14
1195 1199  1.644056e+14
1166 1168 -2.546775e+13
 284  286 -2.546775e+13
 778  772  4.244625e+13
1216 1222  4.244625e+13
 133  127 -1.150839e+15
1128 1134 -3.438750e+10
 557  553  1.644056e+14
1494 1494  6.877500e+10
 265  275  4.932168e+14
 755  755  6.028205e+14
  37   47  4.932168e+14
1266 1272 -3.438750e+10
 872  880 -7.640325e+13
  97  107  4.932168e+14
 361  361  2.301678e+15
 281  271  4.932168e+14
 536  530 -1.782742e+14
 179  185  2.740093e+14
1201 1201  2.301678e+15
 741  735 -2.639314e+05
 832  838  4.244625e+13
1054 1046 -7.640325e+13
 493  503  4.932168e+14
 112  110 -2.546775e+13
1268 1262 -1.782742e+14
 455  451  1.644056e+14
1240 1244  1.018710e+14
1319 1313  2.740093e+14
 551  553 -6.576223e+14
  69   75 -2.639314e+05
 415  415  2.301678e+15
 298  298  9.338175e+13
1120 1112 -7.640325e+13
1040 1036  1.018710e+14
 497  503  2.740093e+14
1121 1123 -6.576223e+14
 118  122  1.018710e+14
 152  146 -1.782742e+14
1367 1367  6.028205e+14
1001 1001  6.028205e+14
 346  344 -2.546775e+13
 959  949  4.932168e+14
1121 1117  1.644056e+14
 175  179  1.644056e+14
 892  896  1.018710e+14
 355  359  1.644056e+14
1199 1201 -6.576223e+14
 542  538  1.018710e+14
1196 1204 -7.640325e+13
 626  632 -1.782742e+14
 230  238 -7.640325e+13
 455  449  2.740093e+14
 506  514 -7.640325e+13
1089 1095 -2.639314e+05
 935  931  1.644056e+14
1203 1197 -2.639314e+05
1154 1156 -2.546775e+13
 369  369  5.278628e+05
1462 1466  1.018710e+14
 388  386 -2.546775e+13
1393 1403  4.932168e+14
 399  393 -2.639314e+05
1010 1018 -7.640325e+13
 314  322 -7.640325e+13
 373  373  2.301678e+15
 280  272 -7.640325e+13
1349 1343  2.740093e+14
 613  617  1.644056e+14
 484  478  4.244625e+13
 887  877  4.932168e+14
 523  521 -6.576223e+14
1482 1482  6.877500e+10
 678  684 -3.438750e+10
1096 1102  4.244625e+13
1451 1457  2.740093e+14
 321  315 -2.639314e+05
 995  995  6.028205e+14
  17   11  2.740093e+14
 221  211  4.932168e+14
 251  241  4.932168e+14
1403 1405 -6.576223e+14
1242 1248 -3.438750e+10
 413  403  4.932168e+14
1099 1105 -1.150839e+15
 598  592  4.244625e+13
1478 1484 -1.782742e+14
 109  103 -1.150839e+15
 347  353  2.740093e+14
 976  982  4.244625e+13
1252 1244 -7.640325e+13
1191 1185 -2.639314e+05
 350  352 -2.546775e+13
 826  830  1.018710e+14
1205 1199  2.740093e+14
 202  208  4.244625e+13
 530  538 -7.640325e+13
  95   97 -6.576223e+14
1337 1333  1.644056e+14
 739  749  4.932168e+14
1323 1323  5.278628e+05
1442 1442  3.565485e+14
  20   14 -1.782743e+14
 982  988  4.244625e+13
 710  718 -7.640325e+13
1190 1186  1.018710e+14
 112  112  9.338175e+13
 298  290 -7.640325e+13
 911  901  4.932168e+14
 129  135 -2.639314e+05
 115  115  2.301678e+15
 335  337 -6.576223e+14
 793  797  1.644056e+14
1036 1030  4.244625e+13
 638  634  1.018710e+14
  82   86  1.018710e+14
 394  400  4.244625e+13
1000  992 -7.640325e+13
  58   58  9.338175e+13
1088 1088  3.565485e+14
 291  291  5.278628e+05
  55   65  4.932168e+14
1239 1233 -2.639314e+05
 871  871  2.301678e+15
 393  399 -2.639314e+05
1291 1285 -1.150839e+15
 600  594 -3.438750e+10
1253 1255 -6.576223e+14
1215 1209 -2.639314e+05
 741  747 -2.639314e+05
 389  391 -6.576223e+14
  31   25 -1.150839e+15
 274  266 -7.640325e+13
 914  920 -1.782742e+14
 401  403 -6.576223e+14
1480 1486  4.244625e+13
  36   42 -3.438750e+10
1470 1470  6.877500e+10
1495 1499  1.644056e+14
 524  524  3.565485e+14
 297  303 -2.639314e+05
1063 1061 -6.576223e+14
1266 1266  6.877500e+10
 941  941  6.028205e+14
1427 1423  1.644056e+14
 777  777  5.278628e+05
 508  502  4.244625e+13
 464  472 -7.640325e+13
  52   44 -7.640325e+13
 774  780 -3.438750e+10
  25   23 -6.576224e+14
1226 1232 -1.782742e+14
 649  655 -1.150839e+15
1032 1038 -3.438750e+10
 608  608  3.565485e+14
1355 1345  4.932168e+14
1211 1213 -6.576223e+14
 121  125  1.644056e+14
1228 1232  1.018710e+14
  16    8 -7.640325e+13
 701  701  6.028205e+14
 851  841  4.932168e+14
 145  151 -1.150839e+15
1214 1222 -7.640325e+13
1017 1011 -2.639314e+05
 177  177  5.278628e+05
 569  565  1.644056e+14
1161 1161  5.278628e+05
1098 1104 -3.438750e+10
 420  420  6.877500e+10
 572  580 -7.640325e+13
 938  944 -1.782742e+14
1302 1308 -3.438750e+10
1324 1324  9.338175e+13
 911  905  2.740093e+14
1190 1196 -1.782742e+14
 398  392 -1.782742e+14
 614  620 -1.782742e+14
1322 1322  3.565485e+14
1298 1304 -1.782742e+14
 845  845  6.028205e+14
1219 1219  2.301678e+15
1310 1316 -1.782742e+14
1355 1361  2.740093e+14
1401 1395 -2.639314e+05
 190  188 -2.546775e+13
 512  506 -1.782742e+14
 181  191  4.932168e+14
 611  617  2.740093e+14
 995 1001  2.740093e+14
1310 1312 -2.546775e+13
1072 1064 -7.640325e+13
1144 1144  9.338175e+13
 239  233  2.740093e+14
1345 1339 -1.150839e+15
1175 1171  1.644056e+14
 623  623  6.028205e+14
1445 1445  6.028205e+14
 907  907  2.301678e+15
 625  629  1.644056e+14
1273 1273  2.301678e+15
 967  961 -1.150839e+15
 853  859 -1.150839e+15
 415  409 -1.150839e+15
1460 1462 -2.546775e+13
1309 1319  4.932168e+14
1290 1296 -3.438750e+10
1484 1486 -2.546775e+13
 173  175 -6.576223e+14
 547  553 -1.150839e+15
1373 1373  6.028205e+14
 772  776  1.018710e+14
 313  319 -1.150839e+15
 254  254  3.565485e+14
 419  419  6.028205e+14
1420 1414  4.244625e+13
1294 1300  4.244625e+13
 743  739  1.644056e+14
 198  204 -3.438750e+10
1149 1143 -2.639314e+05
 560  566 -1.782742e+14
1156 1148 -7.640325e+13
 533  527  2.740093e+14
 203  193  4.932168e+14
 360  354 -3.438750e+10
 797  799 -6.576223e+14
1382 1390 -7.640325e+13
 727  727  2.301678e+15
  56   56  3.565485e+14
 143  143  6.028205e+14
 749  743  2.740093e+14
1334 1342 -7.640325e+13
 153  159 -2.639314e+05
 107  103  1.644056e+14
 184  188  1.018710e+14
 647  637  4.932168e+14
1282 1274 -7.640325e+13
 836  838 -2.546775e+13
 688  692  1.018710e+14
 427  425 -6.576224e+14
 450  450  6.877500e+10
 996  996  6.877500e+10
  41   31  4.932168e+14
 644  646 -2.546775e+13
 100   92 -7.640325e+13
 380  388 -7.640325e+13
1079 1079  6.028205e+14
 733  743  4.932168e+14
 683  673  4.932168e+14
1056 1062 -3.438750e+10
 917  919 -6.576223e+14
 435  429 -2.639314e+05
 734  730  1.018710e+14
1451 1441  4.932168e+14
 710  716 -1.782742e+14
1039 1033 -1.150839e+15
 326  326  3.565485e+14
1118 1114  1.018710e+14
1444 1444  9.338175e+13
  13   13  2.301678e+15
1033 1037  1.644056e+14
 280  286  4.244625e+13
 463  473  4.932168e+14
  70   74  1.018710e+14
 151  145 -1.150839e+15
  90   96 -3.438750e+10
1138 1142  1.018710e+14
 380  386 -1.782742e+14
 511  505 -1.150839e+15
 737  743  2.740093e+14
 976  976  9.338175e+13
1195 1201 -1.150839e+15
1085 1091  2.740093e+14
1177 1171 -1.150839e+15
 338  338  3.565485e+14
 895  895  2.301678e+15
1090 1084  4.244625e+13
1348 1348  9.338175e+13
 820  812 -7.640325e+13
 386  394 -7.640325e+13
 650  658 -7.640325e+13
 517  511 -1.150839e+15
 281  281  6.028205e+14
 694  700  4.244625e+13
 488  488  3.565485e+14
1086 1086  6.877500e+10
1075 1085  4.932168e+14
1033 1027 -1.150839e+15
 905  901  1.644056e+14
  64   64  9.338175e+13
1477 1471 -1.150839e+15
   8   14 -1.782743e+14
 201  195 -2.639314e+05
 413  407  2.740093e+14
 414  408 -3.438750e+10
 851  853 -6.576223e+14
1129 1139  4.932168e+14
 687  693 -2.639314e+05
1261 1255 -1.150839e+15
 797  803  2.740093e+14
 717  723 -2.639314e+05
 522  528 -3.438750e+10
 570  570  6.877500e+10
 992  998 -1.782742e+14
 412  418  4.244625e+13
1476 1482 -3.438750e+10
1459 1463  1.644056e+14
 842  836 -1.782742e+14
1392 1392  6.877500e+10
1278 1278  6.877500e+10
 340  338 -2.546775e+13
1493 1483  4.932168e+14
 888  888  6.877500e+10
1144 1138  4.244625e+13
  91   95  1.644056e+14
 863  865 -6.576223e+14
 487  487  2.301678e+15
 589  583 -1.150839e+15
1343 1337  2.740093e+14
 196  188 -7.640325e+13
 543  543  5.278628e+05
 449  451 -6.576223e+14
1142 1150 -7.640325e+13
 316  316  9.338175e+13
 687  687  5.278628e+05
 356  364 -7.640325e+13
1073 1069  1.644056e+14
 734  742 -7.640325e+13
1489 1493  1.644056e+14
 205  215  4.932168e+14
 442  446  1.018710e+14
 795  801 -2.639314e+05
 185  179  2.740093e+14
1196 1202 -1.782742e+14
 341  331  4.932168e+14
 986  980 -1.782742e+14
 740  740  3.565485e+14
 122  124 -2.546775e+13
 792  792  6.877500e+10
 911  911  6.028205e+14
 668  668  3.565485e+14
 326  320 -1.782742e+14
  46   38 -7.640325e+13
 151  155  1.644056e+14
 390  384 -3.438750e+10
 203  199  1.644056e+14
 586  592  4.244625e+13
1086 1092 -3.438750e+10
1381 1387 -1.150839e+15
1276 1282  4.244625e+13
 524  520  1.018710e+14
 218  226 -7.640325e+13
 702  696 -3.438750e+10
 550  548 -2.546775e+13
1091 1087  1.644056e+14
 844  850  4.244625e+13
1357 1357  2.301678e+15
 992  986 -1.782742e+14
 329  335  2.740093e+14
 754  748  4.244625e+13
 422  424 -2.546775e+13
1448 1456 -7.640325e+13
 811  821  4.932168e+14
1453 1463  4.932168e+14
 253  263  4.932168e+14
1381 1375 -1.150839e+15
 412  410 -2.546775e+13
  38   44 -1.782743e+14
1288 1294  4.244625e+13
 922  920 -2.546775e+13
1087 1081 -1.150839e+15
 217  217  2.301678e+15
 575  569  2.740093e+14
 503  493  4.932168e+14
 445  455  4.932168e+14
 396  390 -3.438750e+10
1490 1492 -2.546775e+13
1224 1224  6.877500e+10
 134  128 -1.782743e+14
1054 1048  4.244625e+13
1049 1051 -6.576223e+14
1489 1495 -1.150839e+15
1011 1011  5.278628e+05
  65   55  4.932168e+14
1393 1399 -1.150839e+15
  52   52  9.338175e+13
 629  619  4.932168e+14
 530  526  1.018710e+14
 906  912 -3.438750e+10
1175 1175  6.028205e+14
1474 1472 -2.546775e+13
 133  143  4.932168e+14
 148  140 -7.640325e+13
 808  800 -7.640325e+13
 598  602  1.018710e+14
 202  206  1.018710e+14
  45   39 -2.639314e+05
1405 1399 -1.150839e+15
 693  699 -2.639314e+05
 494  490  1.018710e+14
1358 1360 -2.546775e+13
 113  103  4.932168e+14
1236 1242 -3.438750e+10
  91   89 -6.576224e+14
 486  486  6.877500e+10
1061 1067  2.740093e+14
 403  397 -1.150839e+15
 204  204  6.877500e+10
  65   59  2.740093e+14
1423 1427  1.644056e+14
1423 1433  4.932168e+14
1013 1003  4.932168e+14
 852  858 -3.438750e+10
 160  164  1.018710e+14
1016 1018 -2.546775e+13
1090 1094  1.018710e+14
 986  986  3.565485e+14
1362 1356 -3.438750e+10
 999  999  5.278628e+05
 167  157  4.932168e+14
1313 1319  2.740093e+14
 265  269  1.644056e+14
 273  273  5.278628e+05
 853  851 -6.576223e+14
 106  112  4.244625e+13
1462 1456  4.244625e+13
  16   20  1.018710e+14
 161  155  2.740093e+14
1136 1138 -2.546775e+13
 812  820 -7.640325e+13
1238 1240 -2.546775e+13
 552  546 -3.438750e+10
 161  161  6.028205e+14
1268 1268  3.565485e+14
1453 1451 -6.576223e+14
 275  275  6.028205e+14
 380  380  3.565485e+14
 754  752 -2.546775e+13
 830  832 -2.546775e+13
 617  617  6.028205e+14
1463 1453  4.932168e+14
1380 1380  6.877500e+10
 953  947  2.740093e+14
 782  788 -1.782742e+14
 113  109  1.644056e+14
1121 1127  2.740093e+14
 942  948 -3.438750e+10
1146 1146  6.877500e+10
 977  973  1.644056e+14
 569  575  2.740093e+14
 886  878 -7.640325e+13
 545  547 -6.576223e+14
 140  140  3.565485e+14
1435 1441 -1.150839e+15
 719  719  6.028205e+14
 103   97 -1.150839e+15
 283  281 -6.576223e+14
 224  224  3.565485e+14
 224  218 -1.782742e+14
1160 1166 -1.782742e+14
 292  286  4.244625e+13
1347 1353 -2.639314e+05
 431  433 -6.576223e+14
1370 1364 -1.782742e+14
 932  926 -1.782742e+14
1394 1390  1.018710e+14
 325  323 -6.576223e+14
 403  407  1.644056e+14
 987  987  5.278628e+05
 537  543 -2.639314e+05
 338  334  1.018710e+14
 515  515  6.028205e+14
 969  975 -2.639314e+05
  44   46 -2.546775e+13
 831  825 -2.639314e+05
1481 1487  2.740093e+14
1069 1063 -1.150839e+15
1148 1148  3.565485e+14
1115 1111  1.644056e+14
 832  826  4.244625e+13
1316 1318 -2.546775e+13
  49   59  4.932168e+14
1052 1046 -1.782742e+14
 834  834  6.877500e+10
 568  560 -7.640325e+13
 964  968  1.018710e+14
 512  508  1.018710e+14
 866  862  1.018710e+14
  53   55 -6.576224e+14
 121  131  4.932168e+14
1255 1265  4.932168e+14
 208  212  1.018710e+14
1187 1177  4.932168e+14
1406 1402  1.018710e+14
 659  655  1.644056e+14
 764  766 -2.546775e+13
  31   41  4.932168e+14
 231  225 -2.639314e+05
 577  583 -1.150839e+15
 713  715 -6.576223e+14
 825  825  5.278628e+05
 422  416 -1.782742e+14
1240 1232 -7.640325e+13
1181 1181  6.028205e+14
1240 1246  4.244625e+13
1017 1023 -2.639314e+05
1022 1024 -2.546775e+13
1440 1440  6.877500e+10
1286 1294 -7.640325e+13
 449  445  1.644056e+14
 235  239  1.644056e+14
 349  353  1.644056e+14
 631  641  4.932168e+14
 844  838  4.244625e+13
 507  501 -2.639314e+05
 166  158 -7.640325e+13
 422  418  1.018710e+14
1026 1032 -3.438750e+10
1475 1471  1.644056e+14
1235 1235  6.028205e+14
 310  304  4.244625e+13
 351  351  5.278628e+05
 345  345  5.278628e+05
 942  942  6.877500e+10
1423 1429 -1.150839e+15
 452  458 -1.782742e+14
1259 1259  6.028205e+14
1279 1285 -1.150839e+15
 482  484 -2.546775e+13
 725  731  2.740093e+14
 462  468 -3.438750e+10
 641  631  4.932168e+14
1172 1168  1.018710e+14
 920  914 -1.782742e+14
1475 1465  4.932168e+14
 445  439 -1.150839e+15
 850  854  1.018710e+14
 862  868  4.244625e+13
 518  526 -7.640325e+13
 333  339 -2.639314e+05
1471 1471  2.301678e+15
 521  511  4.932168e+14
 966  966  6.877500e+10
 520  526  4.244625e+13
 101  107  2.740093e+14
 592  598  4.244625e+13
1447 1453 -1.150839e+15
 685  685  2.301678e+15
 779  785  2.740093e+14
 312  306 -3.438750e+10
 362  356 -1.782742e+14
 262  266  1.018710e+14
 279  279  5.278628e+05
 476  472  1.018710e+14
1317 1323 -2.639314e+05
 314  310  1.018710e+14
 423  417 -2.639314e+05
 940  934  4.244625e+13
 189  189  5.278628e+05
 391  391  2.301678e+15
 981  975 -2.639314e+05
1162 1168  4.244625e+13
 371  373 -6.576223e+14
 209  211 -6.576223e+14
 110  116 -1.782742e+14
1319 1319  6.028205e+14
1403 1397  2.740093e+14
 957  951 -2.639314e+05
1025 1031  2.740093e+14
 154  154  9.338175e+13
1099 1097 -6.576223e+14
1154 1148 -1.782742e+14
1189 1183 -1.150839e+15
  35   35  6.028205e+14
 547  551  1.644056e+14
1005 1005  5.278628e+05
1238 1246 -7.640325e+13
1133 1133  6.028205e+14
 996 1002 -3.438750e+10
 934  926 -7.640325e+13
1025 1027 -6.576223e+14
 830  836 -1.782742e+14
 433  433  2.301678e+15
 519  525 -2.639314e+05
 311  311  6.028205e+14
 317  311  2.740093e+14
 536  538 -2.546775e+13
1399 1405 -1.150839e+15
 182  176 -1.782743e+14
 448  448  9.338175e+13
 736  730  4.244625e+13
1056 1050 -3.438750e+10
1444 1450  4.244625e+13
1171 1169 -6.576223e+14
 300  300  6.877500e+10
 675  681 -2.639314e+05
1489 1487 -6.576223e+14
 732  738 -3.438750e+10
 837  843 -2.639314e+05
 310  302 -7.640325e+13
 313  313  2.301678e+15
 240  246 -3.438750e+10
 625  631 -1.150839e+15
1328 1324  1.018710e+14
1252 1258  4.244625e+13
 708  714 -3.438750e+10
1333 1331 -6.576223e+14
1314 1314  6.877500e+10
 794  790  1.018710e+14
  88   94  4.244625e+13
 467  467  6.028205e+14
 547  545 -6.576223e+14
1285 1289  1.644056e+14
 548  554 -1.782742e+14
1504 1504  3.395700e+13
1278 1284 -3.438750e+10
 666  666  6.877500e+10
 798  798  6.877500e+10
 143  145 -6.576223e+14
 101   97  1.644056e+14
 711  717 -2.639314e+05
 869  865  1.644056e+14
 397  401  1.644056e+14
 454  446 -7.640325e+13
 738  732 -3.438750e+10
1081 1087 -1.150839e+15
 807  807  5.278628e+05
 840  834 -3.438750e+10
 918  918  6.877500e+10
1090 1090  9.338175e+13
 806  802  1.018710e+14
1424 1420  1.018710e+14
  59   59  6.028205e+14
 337  337  2.301678e+15
1179 1185 -2.639314e+05
 235  233 -6.576223e+14
 950  950  3.565485e+14
1280 1274 -1.782742e+14
 692  698 -1.782742e+14
1250 1252 -2.546775e+13
 357  351 -2.639314e+05
 481  475 -1.150839e+15
 467  461  2.740093e+14
 762  756 -3.438750e+10
  31   31  2.301678e+15
 919  913 -1.150839e+15
1071 1071  5.278628e+05
1034 1036 -2.546775e+13
 183  183  5.278628e+05
1396 1388 -7.640325e+13
1084 1076 -7.640325e+13
 562  560 -2.546775e+13
1177 1187  4.932168e+14
 118  124  4.244625e+13
 763  773  4.932168e+14
 498  498  6.877500e+10
1097 1091  2.740093e+14
1121 1115  2.740093e+14
 106  104 -2.546775e+13
1149 1149  5.278628e+05
1184 1186 -2.546775e+13 (Module: modification, Line: 286)
2025-11-16 14:50:30,568 [DEBUG] 
Condition Estimate: 3.8e+30 (Module: modification, Line: 292)
2025-11-16 14:50:30,597 [INFO] ✅ Boundary conditions applied in 0.06s (Module: modification, Line: 134)
