--------------------------------------------------------------------------
Machine specifications – written 2025-11-16 14:43:21.207417
OS          : Windows 11 (10.0.26100)
CPU         : 12th Gen Intel(R) Core(TM) i7-12700
   logical  : 20
   physical : 12
RAM         : 31.24 GB
Disk        : 943.72 GB total  /  504.29 GB free
Python      : 3.12.5  (C:\Users\s1834431\AppData\Local\Programs\Python\Python312\python.exe)
GPU(s)      : Intel(R) UHD Graphics 770
--------------------------------------------------------------------------

Runtime telemetry header written → C:\Users\s1834431\.cursor\worktrees\fem_model\kXxtc\post_processing\results\job_0001_2025-11-16_14-43-17-704236_pid16164_3d824f84\diagnostics\RuntimeMonitorTelemetry.log
2025-11-16 14:43:21 │ PrepareLocalSystem BEGIN   │ Δt  0.00 s │ RAM   125.2 MB │ CPU  23.0 % │ Disk  439.4 GB
2025-11-16 14:43:21 │ PrepareLocalSystem END     │ Δt  0.21 s │ RAM   125.3 MB │ CPU  33.7 % │ Disk  439.4 GB
2025-11-16 14:43:21 │ AssembleGlobalSystem BEGIN │ Δt  0.20 s │ RAM   125.3 MB │ CPU  30.9 % │ Disk  439.4 GB
2025-11-16 14:43:22 │ AssembleGlobalSystem END   │ Δt  0.23 s │ RAM   126.0 MB │ CPU  44.0 % │ Disk  439.5 GB
2025-11-16 14:43:22 │ ModifyGlobalSystem BEGIN   │ Δt  0.67 s │ RAM   128.3 MB │ CPU  19.5 % │ Disk  439.5 GB
2025-11-16 14:43:23 │ ModifyGlobalSystem END     │ Δt  0.22 s │ RAM   128.7 MB │ CPU  17.7 % │ Disk  439.5 GB
2025-11-16 14:43:23 │ CondenseModifiedSystem BEGIN │ Δt  0.75 s │ RAM   129.1 MB │ CPU  54.5 % │ Disk  439.5 GB
2025-11-16 14:43:24 │ CondenseModifiedSystem END │ Δt  0.25 s │ RAM   129.4 MB │ CPU  49.2 % │ Disk  439.5 GB
2025-11-16 14:43:24 │ SolveCondensedSystem BEGIN │ Δt  0.75 s │ RAM   129.5 MB │ CPU  55.5 % │ Disk  439.5 GB
2025-11-16 14:43:26 │ SolveCondensedSystem END   │ Δt  1.89 s │ RAM   129.6 MB │ CPU  80.7 % │ Disk  439.5 GB
2025-11-16 14:43:26 │ ReconstructGlobalSystem BEGIN │ Δt  0.20 s │ RAM   129.6 MB │ CPU  84.0 % │ Disk  439.5 GB
2025-11-16 14:43:27 │ ReconstructGlobalSystem END │ Δt  0.24 s │ RAM   129.6 MB │ CPU  87.3 % │ Disk  439.5 GB
2025-11-16 14:43:27 │ ComputePrimaryResults BEGIN │ Δt  0.20 s │ RAM   129.6 MB │ CPU  92.5 % │ Disk  439.5 GB
2025-11-16 14:43:28 │ ComputePrimaryResults END  │ Δt  1.27 s │ RAM   129.8 MB │ CPU  74.6 % │ Disk  439.5 GB
2025-11-16 14:43:28 │ SaveFormulationCache BEGIN │ Δt  0.20 s │ RAM   129.8 MB │ CPU  89.9 % │ Disk  439.5 GB
2025-11-16 14:43:29 │ SaveFormulationCache END   │ Δt  0.42 s │ RAM   129.8 MB │ CPU  58.6 % │ Disk  439.5 GB
2025-11-16 14:43:29 │ ComputeSecondaryResults BEGIN │ Δt  0.20 s │ RAM   129.8 MB │ CPU  82.1 % │ Disk  439.5 GB
2025-11-16 14:43:29 │ ComputeSecondaryResults END │ Δt  0.21 s │ RAM   129.8 MB │ CPU  85.3 % │ Disk  439.5 GB
