--------------------------------------------------------------------------
Machine specifications – written 2026-02-26 16:19:20.886773
OS          : Windows 11 (10.0.26100)
CPU         : 12th Gen Intel(R) Core(TM) i7-12700
   logical  : 20
   physical : 12
RAM         : 31.24 GB
Disk        : 943.72 GB total  /  2.49 GB free
Python      : 3.12.5  (C:\Users\s1834431\AppData\Local\Programs\Python\Python312\python.exe)
GPU(s)      : Intel(R) UHD Graphics 770
--------------------------------------------------------------------------

Runtime telemetry header written → C:\Users\s1834431\Programs\fem_model\post_processing\results\job_0010_n32_2026-02-26_16-19-18-655884_pid18316_bed0d178\diagnostics\RuntimeMonitorTelemetry.log
2026-02-26 16:19:21 │ PrepareLocalSystem BEGIN   │ Δt  0.00 s │ RAM   136.1 MB │ CPU  27.2 % │ Disk  941.2 GB
2026-02-26 16:19:21 │ PrepareLocalSystem END     │ Δt  0.20 s │ RAM   136.1 MB │ CPU  22.6 % │ Disk  941.2 GB
2026-02-26 16:19:21 │ AssembleGlobalSystem BEGIN │ Δt  0.20 s │ RAM   136.1 MB │ CPU  18.5 % │ Disk  941.2 GB
2026-02-26 16:19:21 │ AssembleGlobalSystem END   │ Δt  0.22 s │ RAM   136.1 MB │ CPU  13.4 % │ Disk  941.2 GB
2026-02-26 16:19:22 │ ModifyGlobalSystem BEGIN   │ Δt  0.22 s │ RAM   136.1 MB │ CPU  12.0 % │ Disk  941.2 GB
2026-02-26 16:19:22 │ ModifyGlobalSystem END     │ Δt  0.22 s │ RAM   136.1 MB │ CPU  10.2 % │ Disk  941.2 GB
2026-02-26 16:19:22 │ CondenseModifiedSystem BEGIN │ Δt  0.22 s │ RAM   136.1 MB │ CPU   7.6 % │ Disk  941.2 GB
2026-02-26 16:19:22 │ CondenseModifiedSystem END │ Δt  0.22 s │ RAM   136.1 MB │ CPU   9.4 % │ Disk  941.2 GB
2026-02-26 16:19:22 │ SolveCondensedSystem BEGIN │ Δt  0.23 s │ RAM   136.3 MB │ CPU  12.4 % │ Disk  941.2 GB
2026-02-26 16:19:23 │ SolveCondensedSystem END   │ Δt  0.27 s │ RAM   136.3 MB │ CPU   4.1 % │ Disk  941.2 GB
2026-02-26 16:19:23 │ ReconstructGlobalSystem BEGIN │ Δt  0.20 s │ RAM   136.3 MB │ CPU   9.5 % │ Disk  941.2 GB
2026-02-26 16:19:23 │ ReconstructGlobalSystem END │ Δt  0.21 s │ RAM   136.3 MB │ CPU   6.9 % │ Disk  941.2 GB
2026-02-26 16:19:23 │ ComputePrimaryResults BEGIN │ Δt  0.20 s │ RAM   136.3 MB │ CPU  16.2 % │ Disk  941.2 GB
2026-02-26 16:19:24 │ ComputePrimaryResults END  │ Δt  0.36 s │ RAM   136.3 MB │ CPU  43.0 % │ Disk  941.2 GB
2026-02-26 16:19:24 │ SaveFormulationCache BEGIN │ Δt  0.20 s │ RAM   136.3 MB │ CPU  41.7 % │ Disk  941.2 GB
2026-02-26 16:19:24 │ SaveFormulationCache END   │ Δt  0.24 s │ RAM   136.3 MB │ CPU  12.1 % │ Disk  941.2 GB
2026-02-26 16:19:24 │ ComputeSecondaryResults BEGIN │ Δt  0.20 s │ RAM   136.3 MB │ CPU  12.0 % │ Disk  941.2 GB
2026-02-26 16:19:25 │ ComputeSecondaryResults END │ Δt  0.24 s │ RAM   136.3 MB │ CPU  34.1 % │ Disk  941.2 GB
2026-02-26 16:19:25 │ ComputeTertiaryResults BEGIN │ Δt  0.20 s │ RAM   136.3 MB │ CPU  28.0 % │ Disk  941.2 GB
2026-02-26 16:19:25 │ ComputeTertiaryResults END │ Δt  0.25 s │ RAM   136.3 MB │ CPU  24.4 % │ Disk  941.2 GB
