--------------------------------------------------------------------------
### Global System

                   │ CURRENT            │ EVOLUTION         
Equations          │ 102                │ 102               
Dirichlet          │ 0                  │ 0                 
Eliminated         │ 0                  │ 0                 
Unknowns           │ 102                │ 102               
nnz                │ 490                │ 490               
Density            │ 4.71e-02           │ 4.71e-02          
Zero rows          │ 0                  │ 0                 
Zero cols          │ 0                  │ 0                 
Bandwidth          │ 10                 │ 10                
Symmetric          │ yes                │ yes               
Rank               │ 96                 │ 96                
Cond-no            │ 5.8e+17            │ 5.8e+17           
λmin/λmax          │ -5.6e-07/8.7e+09   │ -5.6e-07/8.7e+09  
Inertia            │ 100/2/0            │ 100/2/0           
b-min/max          │ -5.9e+01/0.0e+00   │ -5.9e+01/0.0e+00  
Σb                 │ -5.0e+02           │ -5.0e+02          
Top|b|             │ 91:-5.9e+01, 85:-5.5e+01, 79:-5.1e+01 │ 91:-5.9e+01, 85:-5.5e+01, 79:-5.1e+01

2026-02-26 16:19:21,665 [INFO] 🩺  Global System diagnostics appended → C:\Users\s1834431\Programs\fem_model\post_processing\results\job_0010_n16_2026-02-26_16-19-18-644170_pid18316_2a78b489\diagnostics\DiagnoseLinearStaticSystem.log
--------------------------------------------------------------------------
### Modified System

                   │ CURRENT            │ EVOLUTION         
Equations          │ 102                │ 102               
Dirichlet          │ 0                  │ 6                 
Eliminated         │ 0                  │ 0                 
Unknowns           │ 102                │ 96                
nnz                │ 466                │ 490               
Density            │ 4.48e-02           │ 4.71e-02          
Zero rows          │ 0                  │ 0                 
Zero cols          │ 0                  │ 0                 
Bandwidth          │ 10                 │ 10                
Symmetric          │ yes                │ yes               
Rank               │ 6                  │ 96                
Cond-no            │ 6.5e+33            │ 5.8e+17           
λmin/λmax          │ 1.5e+02/1.0e+36    │ -5.6e-07/8.7e+09  
Inertia            │ 102/0/0            │ 100/2/0           
b-min/max          │ -5.9e+01/0.0e+00   │ -5.9e+01/0.0e+00  
Σb                 │ -5.0e+02           │ -5.0e+02          
Top|b|             │ 91:-5.9e+01, 85:-5.5e+01, 79:-5.1e+01 │ 91:-5.9e+01, 85:-5.5e+01, 79:-5.1e+01

2026-02-26 16:19:22,083 [INFO] 🩺  Modified System diagnostics appended → C:\Users\s1834431\Programs\fem_model\post_processing\results\job_0010_n16_2026-02-26_16-19-18-644170_pid18316_2a78b489\diagnostics\DiagnoseLinearStaticSystem.log
--------------------------------------------------------------------------
### Condensed System

                   │ CURRENT            │ EVOLUTION         
Equations          │ 96                 │ 102               
Dirichlet          │ 0                  │ 6                 
Eliminated         │ 0                  │ 6                 
Unknowns           │ 96                 │ 90                
nnz                │ 460                │ 490               
Density            │ 4.99e-02           │ 4.71e-02          
Zero rows          │ 0                  │ 0                 
Zero cols          │ 0                  │ 0                 
Bandwidth          │ 10                 │ 10                
Symmetric          │ yes                │ yes               
Rank               │ 96                 │ 96                
Cond-no            │ 5.7e+07            │ 5.8e+17           
λmin/λmax          │ 1.5e+02/8.7e+09    │ -5.6e-07/8.7e+09  
Inertia            │ 96/0/0             │ 100/2/0           
b-min/max          │ -5.9e+01/0.0e+00   │ -5.9e+01/0.0e+00  
Σb                 │ -5.0e+02           │ -5.0e+02          
Top|b|             │ 85:-5.9e+01, 79:-5.5e+01, 73:-5.1e+01 │ 91:-5.9e+01, 85:-5.5e+01, 79:-5.1e+01

2026-02-26 16:19:22,513 [INFO] 🩺  Condensed System diagnostics appended → C:\Users\s1834431\Programs\fem_model\post_processing\results\job_0010_n16_2026-02-26_16-19-18-644170_pid18316_2a78b489\diagnostics\DiagnoseLinearStaticSystem.log
