Machine Specifications:
   - OS: Windows 11 (10.0.26100)
       • Logical cores: 20
       • Physical cores: 12
   - RAM: 31.24 GB
   - Disk: 943.72 GB total, 2.59 GB free
   - Python Version: 3.12.5 (C:\Users\s1834431\AppData\Local\Programs\Python\Python312\python.exe)
   - GPU(s): Intel(R) UHD Graphics 770

Job: job_0003_n16
Timestamp (job start): 2026-02-26_16-17-18-068757
Total Time: 6.63 sec

+-------------------------------+------------+---------------+-------------+-----------+
| Step                          |   Time (s) |   Memory (MB) |   Disk (GB) |   CPU (%) |
+===============================+============+===============+=============+===========+
| Parsing                       | 0          |       131.473 |     941.115 |         0 |
+-------------------------------+------------+---------------+-------------+-----------+
| Element Instantiation         | 0.00879478 |       131.473 |     941.115 |         0 |
+-------------------------------+------------+---------------+-------------+-----------+
| Element Stiffness Computation | 0.0684943  |       131.477 |     941.116 |         0 |
+-------------------------------+------------+---------------+-------------+-----------+
| Element Force Computation     | 0.0298877  |       131.617 |     941.116 |         0 |
+-------------------------------+------------+---------------+-------------+-----------+
| Full Simulation               | 5.90653    |       132.762 |     941.126 |         0 |
+-------------------------------+------------+---------------+-------------+-----------+

Parallel Jobs: None
Start Memory: 131.47 MB | End Memory: 132.76 MB
Start Disk Usage: 941.12 GB | End Disk Usage: 941.13 GB
Start CPU: 0.00% | End CPU: 0.00%
