--------------------------------------------------------------------------
Machine specifications – written 2026-02-26 16:16:50.564094
OS          : Windows 11 (10.0.26100)
CPU         : 12th Gen Intel(R) Core(TM) i7-12700
   logical  : 20
   physical : 12
RAM         : 31.24 GB
Disk        : 943.72 GB total  /  2.62 GB free
Python      : 3.12.5  (C:\Users\s1834431\AppData\Local\Programs\Python\Python312\python.exe)
GPU(s)      : Intel(R) UHD Graphics 770
--------------------------------------------------------------------------

Runtime telemetry header written → C:\Users\s1834431\Programs\fem_model\post_processing\results\job_0001_n8_2026-02-26_16-16-48-563011_pid18316_b4b70ffc\diagnostics\RuntimeMonitorTelemetry.log
2026-02-26 16:16:50 │ PrepareLocalSystem BEGIN   │ Δt  0.00 s │ RAM   131.8 MB │ CPU  25.9 % │ Disk  941.1 GB
2026-02-26 16:16:51 │ PrepareLocalSystem END     │ Δt  0.20 s │ RAM   131.8 MB │ CPU  20.7 % │ Disk  941.1 GB
2026-02-26 16:16:51 │ AssembleGlobalSystem BEGIN │ Δt  0.20 s │ RAM   131.8 MB │ CPU  24.1 % │ Disk  941.1 GB
2026-02-26 16:16:51 │ AssembleGlobalSystem END   │ Δt  0.21 s │ RAM   131.8 MB │ CPU  32.3 % │ Disk  941.1 GB
2026-02-26 16:16:51 │ ModifyGlobalSystem BEGIN   │ Δt  0.20 s │ RAM   131.8 MB │ CPU  19.3 % │ Disk  941.1 GB
2026-02-26 16:16:51 │ ModifyGlobalSystem END     │ Δt  0.21 s │ RAM   131.8 MB │ CPU  14.5 % │ Disk  941.1 GB
2026-02-26 16:16:52 │ CondenseModifiedSystem BEGIN │ Δt  0.20 s │ RAM   131.8 MB │ CPU  10.0 % │ Disk  941.1 GB
2026-02-26 16:16:52 │ CondenseModifiedSystem END │ Δt  0.21 s │ RAM   131.9 MB │ CPU   8.6 % │ Disk  941.1 GB
2026-02-26 16:16:52 │ SolveCondensedSystem BEGIN │ Δt  0.20 s │ RAM   131.9 MB │ CPU   6.2 % │ Disk  941.1 GB
2026-02-26 16:16:52 │ SolveCondensedSystem END   │ Δt  0.25 s │ RAM   132.0 MB │ CPU   8.0 % │ Disk  941.1 GB
2026-02-26 16:16:52 │ ReconstructGlobalSystem BEGIN │ Δt  0.20 s │ RAM   132.0 MB │ CPU  14.0 % │ Disk  941.1 GB
2026-02-26 16:16:53 │ ReconstructGlobalSystem END │ Δt  0.20 s │ RAM   132.0 MB │ CPU   7.0 % │ Disk  941.1 GB
2026-02-26 16:16:53 │ ComputePrimaryResults BEGIN │ Δt  0.20 s │ RAM   132.0 MB │ CPU  10.9 % │ Disk  941.1 GB
2026-02-26 16:16:53 │ ComputePrimaryResults END  │ Δt  0.25 s │ RAM   132.0 MB │ CPU   6.5 % │ Disk  941.1 GB
2026-02-26 16:16:53 │ SaveFormulationCache BEGIN │ Δt  0.20 s │ RAM   132.0 MB │ CPU  31.2 % │ Disk  941.1 GB
2026-02-26 16:16:54 │ SaveFormulationCache END   │ Δt  0.23 s │ RAM   132.0 MB │ CPU  12.4 % │ Disk  941.1 GB
2026-02-26 16:16:54 │ ComputeSecondaryResults BEGIN │ Δt  0.20 s │ RAM   132.0 MB │ CPU  12.0 % │ Disk  941.1 GB
2026-02-26 16:16:54 │ ComputeSecondaryResults END │ Δt  0.22 s │ RAM   132.0 MB │ CPU  20.0 % │ Disk  941.1 GB
2026-02-26 16:16:54 │ ComputeTertiaryResults BEGIN │ Δt  0.20 s │ RAM   132.0 MB │ CPU   5.7 % │ Disk  941.1 GB
2026-02-26 16:16:54 │ ComputeTertiaryResults END │ Δt  0.23 s │ RAM   132.0 MB │ CPU  19.4 % │ Disk  941.1 GB
