Machine Specifications:
   - OS: Windows 11 (10.0.26100)
       Ľ Logical cores: 20
       Ľ Physical cores: 12
   - RAM: 31.24 GB
   - Disk: 943.72 GB total, 503.62 GB free
   - Python Version: 3.12.5 (C:\Users\s1834431\AppData\Local\Programs\Python\Python312\python.exe)
   - GPU(s): Intel(R) UHD Graphics 770

Job: job_0003
Timestamp (job start): 2025-11-15_15-13-18-571752
Total Time: 183.71 sec

+-------------------------------+-------------+---------------+-------------+-----------+
| Step                          |    Time (s) |   Memory (MB) |   Disk (GB) |   CPU (%) |
+===============================+=============+===============+=============+===========+
| Parsing                       |   0.0121961 |       67.4648 |     439.63  |         0 |
+-------------------------------+-------------+---------------+-------------+-----------+
| Element Instantiation         |   2.0683    |      102.438  |     439.638 |         0 |
+-------------------------------+-------------+---------------+-------------+-----------+
| Element Stiffness Computation |   7.80736   |      103.457  |     439.689 |         0 |
+-------------------------------+-------------+---------------+-------------+-----------+
| Element Force Computation     |   1.13382   |      103.684  |     439.695 |         0 |
+-------------------------------+-------------+---------------+-------------+-----------+
| Full Simulation               | 172.071     |      140.227  |     440.098 |         0 |
+-------------------------------+-------------+---------------+-------------+-----------+

Parallel Jobs: job_0001, job_0002
Start Memory: 66.56 MB | End Memory: 140.23 MB
Start Disk Usage: 439.63 GB | End Disk Usage: 440.10 GB
Start CPU: 0.00% | End CPU: 0.00%
