Machine Specifications:
   - OS: Windows 11 (10.0.26100)
       • Logical cores: 20
       • Physical cores: 12
   - RAM: 31.24 GB
   - Disk: 943.72 GB total, 2.57 GB free
   - Python Version: 3.12.5 (C:\Users\s1834431\AppData\Local\Programs\Python\Python312\python.exe)
   - GPU(s): Intel(R) UHD Graphics 770

Job: job_0003_n64
Timestamp (job start): 2026-02-26_16-17-34-314688
Total Time: 9.88 sec

+-------------------------------+------------+---------------+-------------+-----------+
| Step                          |   Time (s) |   Memory (MB) |   Disk (GB) |   CPU (%) |
+===============================+============+===============+=============+===========+
| Parsing                       | 0.00772047 |       135.629 |     941.136 |         0 |
+-------------------------------+------------+---------------+-------------+-----------+
| Element Instantiation         | 0.628695   |       135.648 |     941.137 |         0 |
+-------------------------------+------------+---------------+-------------+-----------+
| Element Stiffness Computation | 1.17675    |       135.215 |     941.139 |         0 |
+-------------------------------+------------+---------------+-------------+-----------+
| Element Force Computation     | 0.62893    |       135.34  |     941.14  |         0 |
+-------------------------------+------------+---------------+-------------+-----------+
| Full Simulation               | 6.82776    |       136.184 |     941.146 |         0 |
+-------------------------------+------------+---------------+-------------+-----------+

Parallel Jobs: None
Start Memory: 135.63 MB | End Memory: 136.18 MB
Start Disk Usage: 941.14 GB | End Disk Usage: 941.15 GB
Start CPU: 0.00% | End CPU: 0.00%
