2026-02-26 16:17:31,111 [DEBUG] 📁 Log file: c:\Users\s1834431\Programs\fem_model\post_processing\results\job_0003_n64_2026-02-26_16-17-24-238043_pid18316_7b9f3323\logs\SolveCondensedSystem.log (Module: solver, Line: 249)
2026-02-26 16:17:31,114 [DEBUG] Row/column scaling applied. (Module: solver, Line: 164)
2026-02-26 16:17:31,114 [DEBUG] Building ILU (drop_tol=1e-06, fill_factor=1.0) (Module: solver, Line: 77)
2026-02-26 16:17:31,114 [WARNING] Preconditioner 'ilu' failed (Factor is exactly singular); proceeding without it. (Module: solver, Line: 279)
2026-02-26 16:17:31,114 [INFO] Solver parameters • solver='cg', prec='None', K nnz=1648, dofs=384 (Module: solver, Line: 181)
2026-02-26 16:17:31,114 [INFO] Condensed condition estimate: 1.02e+00 (Module: solver, Line: 187)
2026-02-26 16:17:31,114 [DEBUG] Iter   10 | residual 4.724e-03 (Module: solver, Line: 328)
2026-02-26 16:17:31,114 [DEBUG] Iter   20 | residual 5.490e-03 (Module: solver, Line: 328)
2026-02-26 16:17:31,114 [DEBUG] Iter   30 | residual 8.739e-03 (Module: solver, Line: 328)
2026-02-26 16:17:31,116 [DEBUG] Iter   40 | residual 8.683e-03 (Module: solver, Line: 328)
2026-02-26 16:17:31,116 [DEBUG] Iter   50 | residual 9.094e-03 (Module: solver, Line: 328)
2026-02-26 16:17:31,116 [DEBUG] Iter   60 | residual 5.966e-03 (Module: solver, Line: 328)
2026-02-26 16:17:31,116 [DEBUG] Iter   70 | residual 8.703e-03 (Module: solver, Line: 328)
2026-02-26 16:17:31,116 [DEBUG] Iter   80 | residual 8.986e-03 (Module: solver, Line: 328)
2026-02-26 16:17:31,116 [DEBUG] Iter   90 | residual 8.473e-03 (Module: solver, Line: 328)
2026-02-26 16:17:31,116 [DEBUG] Iter  100 | residual 8.603e-03 (Module: solver, Line: 328)
2026-02-26 16:17:31,116 [DEBUG] Iter  110 | residual 1.453e-02 (Module: solver, Line: 328)
2026-02-26 16:17:31,116 [DEBUG] Iter  120 | residual 3.221e-02 (Module: solver, Line: 328)
2026-02-26 16:17:31,116 [DEBUG] Iter  130 | residual 1.623e-03 (Module: solver, Line: 328)
2026-02-26 16:17:31,116 [DEBUG] Iter  140 | residual 6.579e-03 (Module: solver, Line: 328)
2026-02-26 16:17:31,116 [DEBUG] Iter  150 | residual 3.970e-02 (Module: solver, Line: 328)
2026-02-26 16:17:31,116 [DEBUG] Iter  160 | residual 3.406e-03 (Module: solver, Line: 328)
2026-02-26 16:17:31,116 [DEBUG] Iter  170 | residual 8.322e-03 (Module: solver, Line: 328)
2026-02-26 16:17:31,116 [DEBUG] Iter  180 | residual 5.601e-02 (Module: solver, Line: 328)
2026-02-26 16:17:31,116 [DEBUG] Iter  190 | residual 5.477e-03 (Module: solver, Line: 328)
2026-02-26 16:17:31,116 [DEBUG] Iter  200 | residual 1.109e-03 (Module: solver, Line: 328)
2026-02-26 16:17:31,116 [DEBUG] Iter  210 | residual 7.448e-03 (Module: solver, Line: 328)
2026-02-26 16:17:31,121 [DEBUG] Iter  220 | residual 5.493e-02 (Module: solver, Line: 328)
2026-02-26 16:17:31,122 [WARNING] Iterative solver aborted: Divergence detected (Module: solver, Line: 346)
2026-02-26 16:17:31,122 [INFO] Switching to direct SuperLU fall-back. (Module: solver, Line: 359)
2026-02-26 16:17:31,122 [DEBUG] Using SuperLU direct solver (Module: solver, Line: 306)
2026-02-26 16:17:31,123 [INFO] Condensed residual norm: 1.440e-02 (Module: solver, Line: 204)
2026-02-26 16:17:31,123 [WARNING] Residual is high – verify model! (Module: solver, Line: 207)
2026-02-26 16:17:31,123 [INFO] 📊 Condensed solver report: (Module: solver, Line: 384)
2026-02-26 16:17:31,123 [INFO]  • dofs: 384 (Module: solver, Line: 386)
2026-02-26 16:17:31,123 [INFO]  • nnz: 1648 (Module: solver, Line: 386)
2026-02-26 16:17:31,123 [INFO]  • density: 0.011176215277777778 (Module: solver, Line: 386)
2026-02-26 16:17:31,123 [INFO]  • condition_est: 1.0161412241722474 (Module: solver, Line: 386)
2026-02-26 16:17:31,123 [INFO]  • solve_phases: {'factorization': 0.000567800000681018, 'solution': 0.0006223999998837826} (Module: solver, Line: 386)
2026-02-26 16:17:31,123 [INFO]  • iters: 225 (Module: solver, Line: 386)
2026-02-26 16:17:31,123 [INFO]  • final_residual: 0.347404511637366 (Module: solver, Line: 386)
