Machine Specifications:
   - OS: Windows 11 (10.0.26100)
       • Logical cores: 20
       • Physical cores: 12
   - RAM: 31.24 GB
   - Disk: 943.72 GB total, 2.65 GB free
   - Python Version: 3.12.5 (C:\Users\s1834431\AppData\Local\Programs\Python\Python312\python.exe)
   - GPU(s): Intel(R) UHD Graphics 770

Job: job_0000_n4
Timestamp (job start): 2026-02-26_16-16-29-052619
Total Time: 6.98 sec

+-------------------------------+------------+---------------+-------------+-----------+
| Step                          |   Time (s) |   Memory (MB) |   Disk (GB) |   CPU (%) |
+===============================+============+===============+=============+===========+
| Parsing                       | 0.00212359 |       66.375  |     941.062 |       0   |
+-------------------------------+------------+---------------+-------------+-----------+
| Element Instantiation         | 0.27973    |       98.6602 |     941.062 |       0   |
+-------------------------------+------------+---------------+-------------+-----------+
| Element Stiffness Computation | 0.0181744  |       99.0586 |     941.063 |       0   |
+-------------------------------+------------+---------------+-------------+-----------+
| Element Force Computation     | 0          |       99.0898 |     941.064 |       0   |
+-------------------------------+------------+---------------+-------------+-----------+
| Full Simulation               | 6.07492    |      124.625  |     941.072 |      16.6 |
+-------------------------------+------------+---------------+-------------+-----------+

Parallel Jobs: None
Start Memory: 66.14 MB | End Memory: 124.62 MB
Start Disk Usage: 941.06 GB | End Disk Usage: 941.07 GB
Start CPU: 0.00% | End CPU: 0.00%
