=== Unnamed Matrix ===
[[0. 0.]
 [0. 0.]]


=== Element 2 Stiffness Matrix Computation ===
=== Element length  L  (1, 1) ===
[[0.25]]

=== Material stiffness matrix  D  (6, 6) ===
[[2.751000e+08 0.000000e+00 0.000000e+00 0.000000e+00 0.000000e+00 0.000000e+00]
 [0.000000e+00 6.791400e+04 0.000000e+00 0.000000e+00 0.000000e+00 0.000000e+00]
 [0.000000e+00 0.000000e+00 4.384149e+05 0.000000e+00 0.000000e+00 0.000000e+00]
 [0.000000e+00 0.000000e+00 0.000000e+00 0.000000e+00 0.000000e+00 0.000000e+00]
 [0.000000e+00 0.000000e+00 0.000000e+00 0.000000e+00 0.000000e+00 0.000000e+00]
 [0.000000e+00 0.000000e+00 0.000000e+00 0.000000e+00 0.000000e+00 2.111451e+03]]


GP 1/3: ξ = -0.774597,  x = 5.281754e-01,  w = 5.555556e-01
=== Shape-function derivative  dN/dξ  (1, 12, 6) ===
[[[-0.5       0.        0.        0.        0.        0.      ]
  [ 0.       -0.3       0.        0.        0.        0.      ]
  [ 0.        0.       -0.3       0.        0.        0.      ]
  [ 0.        0.        0.       -0.5       0.        0.      ]
  [ 0.        0.        0.        0.       -0.073412  0.      ]
  [ 0.        0.        0.        0.        0.        0.073412]
  [ 0.5       0.        0.        0.        0.        0.      ]
  [ 0.        0.3       0.        0.        0.        0.      ]
  [ 0.        0.        0.3       0.        0.        0.      ]
  [ 0.        0.        0.        0.5       0.        0.      ]
  [ 0.        0.        0.        0.        0.023412  0.      ]
  [ 0.        0.        0.        0.        0.       -0.023412]]]

=== Second derivative  d²N/dξ²  (1, 12, 6) ===
[[[ 0.        0.        0.        0.        0.        0.      ]
  [ 0.       -1.161895  0.        0.        0.        0.      ]
  [ 0.        0.       -1.161895  0.        0.        0.      ]
  [ 0.        0.        0.        0.        0.        0.      ]
  [ 0.        0.        0.        0.        0.207737  0.      ]
  [ 0.        0.        0.        0.        0.       -0.207737]
  [ 0.        0.        0.        0.        0.        0.      ]
  [ 0.        1.161895  0.        0.        0.        0.      ]
  [ 0.        0.        1.161895  0.        0.        0.      ]
  [ 0.        0.        0.        0.        0.        0.      ]
  [ 0.        0.        0.        0.        0.082737  0.      ]
  [ 0.        0.        0.        0.        0.       -0.082737]]]

=== Strain-displacement matrix  B  (6, 12) ===
[[ -4.        0.        0.        0.        0.        0.        4.        0.        0.        0.        0.
    0.     ]
 [  0.        0.      -74.36128   0.       13.29516   0.        0.        0.       74.36128   0.        5.29516
    0.     ]
 [  0.      -74.36128   0.        0.        0.      -13.29516   0.       74.36128   0.        0.        0.
   -5.29516]
 [  0.        0.        0.        0.        0.        0.        0.        0.        0.        0.        0.
    0.     ]
 [  0.        0.        0.        0.        0.        0.        0.        0.        0.        0.        0.
    0.     ]
 [  0.        0.        0.       -4.        0.        0.        0.        0.        0.        4.        0.
    0.     ]]

=== Gauss-point contribution  BᵀDB  (12, 12) ===
[[ 3.056667e+08  0.000000e+00  0.000000e+00  0.000000e+00  0.000000e+00  0.000000e+00 -3.056667e+08  0.000000e+00
   0.000000e+00  0.000000e+00  0.000000e+00  0.000000e+00]
 [ 0.000000e+00  1.683513e+08  0.000000e+00  0.000000e+00  0.000000e+00  3.009977e+07  0.000000e+00 -1.683513e+08
   0.000000e+00  0.000000e+00  0.000000e+00  1.198806e+07]
 [ 0.000000e+00  0.000000e+00  2.607898e+07  0.000000e+00 -4.662698e+06  0.000000e+00  0.000000e+00  0.000000e+00
  -2.607898e+07  0.000000e+00 -1.857046e+06  0.000000e+00]
 [ 0.000000e+00  0.000000e+00  0.000000e+00  2.346057e+03  0.000000e+00  0.000000e+00  0.000000e+00  0.000000e+00
   0.000000e+00 -2.346057e+03  0.000000e+00  0.000000e+00]
 [ 0.000000e+00  0.000000e+00 -4.662698e+06  0.000000e+00  8.336504e+05  0.000000e+00  0.000000e+00  0.000000e+00
   4.662698e+06  0.000000e+00  3.320240e+05  0.000000e+00]
 [ 0.000000e+00  3.009977e+07  0.000000e+00  0.000000e+00  0.000000e+00  5.381582e+06  0.000000e+00 -3.009977e+07
   0.000000e+00  0.000000e+00  0.000000e+00  2.143362e+06]
 [-3.056667e+08  0.000000e+00  0.000000e+00  0.000000e+00  0.000000e+00  0.000000e+00  3.056667e+08  0.000000e+00
   0.000000e+00  0.000000e+00  0.000000e+00  0.000000e+00]
 [ 0.000000e+00 -1.683513e+08  0.000000e+00  0.000000e+00  0.000000e+00 -3.009977e+07  0.000000e+00  1.683513e+08
   0.000000e+00  0.000000e+00  0.000000e+00 -1.198806e+07]
 [ 0.000000e+00  0.000000e+00 -2.607898e+07  0.000000e+00  4.662698e+06  0.000000e+00  0.000000e+00  0.000000e+00
   2.607898e+07  0.000000e+00  1.857046e+06  0.000000e+00]
 [ 0.000000e+00  0.000000e+00  0.000000e+00 -2.346057e+03  0.000000e+00  0.000000e+00  0.000000e+00  0.000000e+00
   0.000000e+00  2.346057e+03  0.000000e+00  0.000000e+00]
 [ 0.000000e+00  0.000000e+00 -1.857046e+06  0.000000e+00  3.320240e+05  0.000000e+00  0.000000e+00  0.000000e+00
   1.857046e+06  0.000000e+00  1.322376e+05  0.000000e+00]
 [ 0.000000e+00  1.198806e+07  0.000000e+00  0.000000e+00  0.000000e+00  2.143362e+06  0.000000e+00 -1.198806e+07
   0.000000e+00  0.000000e+00  0.000000e+00  8.536523e+05]]


GP 2/3: ξ = 0.000000,  x = 6.250000e-01,  w = 8.888889e-01
=== Shape-function derivative  dN/dξ  (1, 12, 6) ===
[[[-0.5      0.       0.       0.       0.       0.     ]
  [ 0.      -0.75     0.       0.       0.       0.     ]
  [ 0.       0.      -0.75     0.       0.       0.     ]
  [ 0.       0.       0.      -0.5      0.       0.     ]
  [ 0.       0.       0.       0.       0.03125  0.     ]
  [ 0.       0.       0.       0.       0.      -0.03125]
  [ 0.5      0.       0.       0.       0.       0.     ]
  [ 0.       0.75     0.       0.       0.       0.     ]
  [ 0.       0.       0.75     0.       0.       0.     ]
  [ 0.       0.       0.       0.5      0.       0.     ]
  [ 0.       0.       0.       0.       0.03125  0.     ]
  [ 0.       0.       0.       0.       0.      -0.03125]]]

=== Second derivative  d²N/dξ²  (1, 12, 6) ===
[[[ 0.      0.      0.      0.      0.      0.    ]
  [ 0.      0.      0.      0.      0.      0.    ]
  [ 0.      0.      0.      0.      0.      0.    ]
  [ 0.      0.      0.      0.      0.      0.    ]
  [ 0.      0.      0.      0.      0.0625  0.    ]
  [ 0.      0.      0.      0.      0.     -0.0625]
  [ 0.      0.      0.      0.      0.      0.    ]
  [ 0.     -0.      0.      0.      0.      0.    ]
  [ 0.      0.     -0.      0.      0.      0.    ]
  [ 0.      0.      0.      0.      0.      0.    ]
  [ 0.      0.      0.      0.     -0.0625  0.    ]
  [ 0.      0.      0.      0.      0.      0.0625]]]

=== Strain-displacement matrix  B  (6, 12) ===
[[-4.  0.  0.  0.  0.  0.  4.  0.  0.  0.  0.  0.]
 [ 0.  0.  0.  0.  4.  0.  0.  0. -0.  0. -4.  0.]
 [ 0.  0.  0.  0.  0. -4.  0. -0.  0.  0.  0.  4.]
 [ 0.  0.  0.  0.  0.  0.  0.  0.  0.  0.  0.  0.]
 [ 0.  0.  0.  0.  0.  0.  0.  0.  0.  0.  0.  0.]
 [ 0.  0.  0. -4.  0.  0.  0.  0.  0.  4.  0.  0.]]

=== Gauss-point contribution  BᵀDB  (12, 12) ===
[[ 4.890667e+08  0.000000e+00  0.000000e+00  0.000000e+00  0.000000e+00  0.000000e+00 -4.890667e+08  0.000000e+00
   0.000000e+00  0.000000e+00  0.000000e+00  0.000000e+00]
 [ 0.000000e+00  0.000000e+00  0.000000e+00  0.000000e+00  0.000000e+00  0.000000e+00  0.000000e+00  0.000000e+00
   0.000000e+00  0.000000e+00  0.000000e+00  0.000000e+00]
 [ 0.000000e+00  0.000000e+00  0.000000e+00  0.000000e+00  0.000000e+00  0.000000e+00  0.000000e+00  0.000000e+00
   0.000000e+00  0.000000e+00  0.000000e+00  0.000000e+00]
 [ 0.000000e+00  0.000000e+00  0.000000e+00  3.753691e+03  0.000000e+00  0.000000e+00  0.000000e+00  0.000000e+00
   0.000000e+00 -3.753691e+03  0.000000e+00  0.000000e+00]
 [ 0.000000e+00  0.000000e+00  0.000000e+00  0.000000e+00  1.207360e+05  0.000000e+00  0.000000e+00  0.000000e+00
   0.000000e+00  0.000000e+00 -1.207360e+05  0.000000e+00]
 [ 0.000000e+00  0.000000e+00  0.000000e+00  0.000000e+00  0.000000e+00  7.794043e+05  0.000000e+00  0.000000e+00
   0.000000e+00  0.000000e+00  0.000000e+00 -7.794043e+05]
 [-4.890667e+08  0.000000e+00  0.000000e+00  0.000000e+00  0.000000e+00  0.000000e+00  4.890667e+08  0.000000e+00
   0.000000e+00  0.000000e+00  0.000000e+00  0.000000e+00]
 [ 0.000000e+00  0.000000e+00  0.000000e+00  0.000000e+00  0.000000e+00  0.000000e+00  0.000000e+00  0.000000e+00
   0.000000e+00  0.000000e+00  0.000000e+00  0.000000e+00]
 [ 0.000000e+00  0.000000e+00  0.000000e+00  0.000000e+00  0.000000e+00  0.000000e+00  0.000000e+00  0.000000e+00
   0.000000e+00  0.000000e+00  0.000000e+00  0.000000e+00]
 [ 0.000000e+00  0.000000e+00  0.000000e+00 -3.753691e+03  0.000000e+00  0.000000e+00  0.000000e+00  0.000000e+00
   0.000000e+00  3.753691e+03  0.000000e+00  0.000000e+00]
 [ 0.000000e+00  0.000000e+00  0.000000e+00  0.000000e+00 -1.207360e+05  0.000000e+00  0.000000e+00  0.000000e+00
   0.000000e+00  0.000000e+00  1.207360e+05  0.000000e+00]
 [ 0.000000e+00  0.000000e+00  0.000000e+00  0.000000e+00  0.000000e+00 -7.794043e+05  0.000000e+00  0.000000e+00
   0.000000e+00  0.000000e+00  0.000000e+00  7.794043e+05]]


GP 3/3: ξ = 0.774597,  x = 7.218246e-01,  w = 5.555556e-01
=== Shape-function derivative  dN/dξ  (1, 12, 6) ===
[[[-0.5       0.        0.        0.        0.        0.      ]
  [ 0.       -0.3       0.        0.        0.        0.      ]
  [ 0.        0.       -0.3       0.        0.        0.      ]
  [ 0.        0.        0.       -0.5       0.        0.      ]
  [ 0.        0.        0.        0.        0.023412  0.      ]
  [ 0.        0.        0.        0.        0.       -0.023412]
  [ 0.5       0.        0.        0.        0.        0.      ]
  [ 0.        0.3       0.        0.        0.        0.      ]
  [ 0.        0.        0.3       0.        0.        0.      ]
  [ 0.        0.        0.        0.5       0.        0.      ]
  [ 0.        0.        0.        0.       -0.073412  0.      ]
  [ 0.        0.        0.        0.        0.        0.073412]]]

=== Second derivative  d²N/dξ²  (1, 12, 6) ===
[[[ 0.        0.        0.        0.        0.        0.      ]
  [ 0.        1.161895  0.        0.        0.        0.      ]
  [ 0.        0.        1.161895  0.        0.        0.      ]
  [ 0.        0.        0.        0.        0.        0.      ]
  [ 0.        0.        0.        0.       -0.082737  0.      ]
  [ 0.        0.        0.        0.        0.        0.082737]
  [ 0.        0.        0.        0.        0.        0.      ]
  [ 0.       -1.161895  0.        0.        0.        0.      ]
  [ 0.        0.       -1.161895  0.        0.        0.      ]
  [ 0.        0.        0.        0.        0.        0.      ]
  [ 0.        0.        0.        0.       -0.207737  0.      ]
  [ 0.        0.        0.        0.        0.        0.207737]]]

=== Strain-displacement matrix  B  (6, 12) ===
[[ -4.        0.        0.        0.        0.        0.        4.        0.        0.        0.        0.
    0.     ]
 [  0.        0.       74.36128   0.       -5.29516   0.        0.        0.      -74.36128   0.      -13.29516
    0.     ]
 [  0.       74.36128   0.        0.        0.        5.29516   0.      -74.36128   0.        0.        0.
   13.29516]
 [  0.        0.        0.        0.        0.        0.        0.        0.        0.        0.        0.
    0.     ]
 [  0.        0.        0.        0.        0.        0.        0.        0.        0.        0.        0.
    0.     ]
 [  0.        0.        0.       -4.        0.        0.        0.        0.        0.        4.        0.
    0.     ]]

=== Gauss-point contribution  BᵀDB  (12, 12) ===
[[ 3.056667e+08  0.000000e+00  0.000000e+00  0.000000e+00  0.000000e+00  0.000000e+00 -3.056667e+08  0.000000e+00
   0.000000e+00  0.000000e+00  0.000000e+00  0.000000e+00]
 [ 0.000000e+00  1.683513e+08  0.000000e+00  0.000000e+00  0.000000e+00  1.198806e+07  0.000000e+00 -1.683513e+08
   0.000000e+00  0.000000e+00  0.000000e+00  3.009977e+07]
 [ 0.000000e+00  0.000000e+00  2.607898e+07  0.000000e+00 -1.857046e+06  0.000000e+00  0.000000e+00  0.000000e+00
  -2.607898e+07  0.000000e+00 -4.662698e+06  0.000000e+00]
 [ 0.000000e+00  0.000000e+00  0.000000e+00  2.346057e+03  0.000000e+00  0.000000e+00  0.000000e+00  0.000000e+00
   0.000000e+00 -2.346057e+03  0.000000e+00  0.000000e+00]
 [ 0.000000e+00  0.000000e+00 -1.857046e+06  0.000000e+00  1.322376e+05  0.000000e+00  0.000000e+00  0.000000e+00
   1.857046e+06  0.000000e+00  3.320240e+05  0.000000e+00]
 [ 0.000000e+00  1.198806e+07  0.000000e+00  0.000000e+00  0.000000e+00  8.536523e+05  0.000000e+00 -1.198806e+07
   0.000000e+00  0.000000e+00  0.000000e+00  2.143362e+06]
 [-3.056667e+08  0.000000e+00  0.000000e+00  0.000000e+00  0.000000e+00  0.000000e+00  3.056667e+08  0.000000e+00
   0.000000e+00  0.000000e+00  0.000000e+00  0.000000e+00]
 [ 0.000000e+00 -1.683513e+08  0.000000e+00  0.000000e+00  0.000000e+00 -1.198806e+07  0.000000e+00  1.683513e+08
   0.000000e+00  0.000000e+00  0.000000e+00 -3.009977e+07]
 [ 0.000000e+00  0.000000e+00 -2.607898e+07  0.000000e+00  1.857046e+06  0.000000e+00  0.000000e+00  0.000000e+00
   2.607898e+07  0.000000e+00  4.662698e+06  0.000000e+00]
 [ 0.000000e+00  0.000000e+00  0.000000e+00 -2.346057e+03  0.000000e+00  0.000000e+00  0.000000e+00  0.000000e+00
   0.000000e+00  2.346057e+03  0.000000e+00  0.000000e+00]
 [ 0.000000e+00  0.000000e+00 -4.662698e+06  0.000000e+00  3.320240e+05  0.000000e+00  0.000000e+00  0.000000e+00
   4.662698e+06  0.000000e+00  8.336504e+05  0.000000e+00]
 [ 0.000000e+00  3.009977e+07  0.000000e+00  0.000000e+00  0.000000e+00  2.143362e+06  0.000000e+00 -3.009977e+07
   0.000000e+00  0.000000e+00  0.000000e+00  5.381582e+06]]

=== Final Element Stiffness Matrix ===
[[ 1.100400e+09  0.000000e+00  0.000000e+00  0.000000e+00  0.000000e+00  0.000000e+00 -1.100400e+09  0.000000e+00
   0.000000e+00  0.000000e+00  0.000000e+00  0.000000e+00]
 [ 0.000000e+00  3.367026e+08  0.000000e+00  0.000000e+00  0.000000e+00  4.208783e+07  0.000000e+00 -3.367026e+08
   0.000000e+00  0.000000e+00  0.000000e+00  4.208783e+07]
 [ 0.000000e+00  0.000000e+00  5.215795e+07  0.000000e+00 -6.519744e+06  0.000000e+00  0.000000e+00  0.000000e+00
  -5.215795e+07  0.000000e+00 -6.519744e+06  0.000000e+00]
 [ 0.000000e+00  0.000000e+00  0.000000e+00  8.445805e+03  0.000000e+00  0.000000e+00  0.000000e+00  0.000000e+00
   0.000000e+00 -8.445805e+03  0.000000e+00  0.000000e+00]
 [ 0.000000e+00  0.000000e+00 -6.519744e+06  0.000000e+00  1.086624e+06  0.000000e+00  0.000000e+00  0.000000e+00
   6.519744e+06  0.000000e+00  5.433120e+05  0.000000e+00]
 [ 0.000000e+00  4.208783e+07  0.000000e+00  0.000000e+00  0.000000e+00  7.014638e+06  0.000000e+00 -4.208783e+07
   0.000000e+00  0.000000e+00  0.000000e+00  3.507319e+06]
 [-1.100400e+09  0.000000e+00  0.000000e+00  0.000000e+00  0.000000e+00  0.000000e+00  1.100400e+09  0.000000e+00
   0.000000e+00  0.000000e+00  0.000000e+00  0.000000e+00]
 [ 0.000000e+00 -3.367026e+08  0.000000e+00  0.000000e+00  0.000000e+00 -4.208783e+07  0.000000e+00  3.367026e+08
   0.000000e+00  0.000000e+00  0.000000e+00 -4.208783e+07]
 [ 0.000000e+00  0.000000e+00 -5.215795e+07  0.000000e+00  6.519744e+06  0.000000e+00  0.000000e+00  0.000000e+00
   5.215795e+07  0.000000e+00  6.519744e+06  0.000000e+00]
 [ 0.000000e+00  0.000000e+00  0.000000e+00 -8.445805e+03  0.000000e+00  0.000000e+00  0.000000e+00  0.000000e+00
   0.000000e+00  8.445805e+03  0.000000e+00  0.000000e+00]
 [ 0.000000e+00  0.000000e+00 -6.519744e+06  0.000000e+00  5.433120e+05  0.000000e+00  0.000000e+00  0.000000e+00
   6.519744e+06  0.000000e+00  1.086624e+06  0.000000e+00]
 [ 0.000000e+00  4.208783e+07  0.000000e+00  0.000000e+00  0.000000e+00  3.507319e+06  0.000000e+00 -4.208783e+07
   0.000000e+00  0.000000e+00  0.000000e+00  7.014638e+06]]

