Machine Specifications:
   - OS: Windows 11 (10.0.26100)
       • Logical cores: 20
       • Physical cores: 12
   - RAM: 31.24 GB
   - Disk: 943.72 GB total, 2.49 GB free
   - Python Version: 3.12.5 (C:\Users\s1834431\AppData\Local\Programs\Python\Python312\python.exe)
   - GPU(s): Intel(R) UHD Graphics 770

Job: job_0009_n4
Timestamp (job start): 2026-02-26_16-19-15-633467
Total Time: 6.33 sec

+-------------------------------+------------+---------------+-------------+-----------+
| Step                          |   Time (s) |   Memory (MB) |   Disk (GB) |   CPU (%) |
+===============================+============+===============+=============+===========+
| Parsing                       | 0.00516677 |       136.863 |     941.226 |         0 |
+-------------------------------+------------+---------------+-------------+-----------+
| Element Instantiation         | 0.0170224  |       136.863 |     941.226 |         0 |
+-------------------------------+------------+---------------+-------------+-----------+
| Element Stiffness Computation | 0.0171452  |       136.863 |     941.226 |         0 |
+-------------------------------+------------+---------------+-------------+-----------+
| Element Force Computation     | 0.00602746 |       136.863 |     941.226 |         0 |
+-------------------------------+------------+---------------+-------------+-----------+
| Full Simulation               | 5.67717    |       136.863 |     941.229 |         0 |
+-------------------------------+------------+---------------+-------------+-----------+

Parallel Jobs: None
Start Memory: 136.86 MB | End Memory: 136.86 MB
Start Disk Usage: 941.23 GB | End Disk Usage: 941.23 GB
Start CPU: 0.00% | End CPU: 16.80%
