Machine Specifications:
   - OS: Windows 11 (10.0.26100)
       • Logical cores: 20
       • Physical cores: 12
   - RAM: 31.24 GB
   - Disk: 943.72 GB total, 2.56 GB free
   - Python Version: 3.12.5 (C:\Users\s1834431\AppData\Local\Programs\Python\Python312\python.exe)
   - GPU(s): Intel(R) UHD Graphics 770

Job: job_0004_n32
Timestamp (job start): 2026-02-26_16-17-41-576898
Total Time: 7.05 sec

+-------------------------------+------------+---------------+-------------+-----------+
| Step                          |   Time (s) |   Memory (MB) |   Disk (GB) |   CPU (%) |
+===============================+============+===============+=============+===========+
| Parsing                       | 0.00750113 |       133.23  |     941.146 |         0 |
+-------------------------------+------------+---------------+-------------+-----------+
| Element Instantiation         | 0.0338826  |       133.23  |     941.146 |         0 |
+-------------------------------+------------+---------------+-------------+-----------+
| Element Stiffness Computation | 0.140629   |       133.23  |     941.147 |         0 |
+-------------------------------+------------+---------------+-------------+-----------+
| Element Force Computation     | 0.0532486  |       133.23  |     941.147 |         0 |
+-------------------------------+------------+---------------+-------------+-----------+
| Full Simulation               | 6.17894    |       133.695 |     941.157 |         0 |
+-------------------------------+------------+---------------+-------------+-----------+

Parallel Jobs: None
Start Memory: 133.23 MB | End Memory: 133.70 MB
Start Disk Usage: 941.15 GB | End Disk Usage: 941.16 GB
Start CPU: 0.00% | End CPU: 0.00%
