=== Unnamed Matrix ===
[[0. 0.]
 [0. 0.]]


=== Element 3 Stiffness Matrix Computation (Selective Integration) ===
Integration orders: axial=3, bending_y=3, bending_z=3, shear_y=2, shear_z=2, torsion=3 (shear block uses 1-point reduced integration)
=== Element length  L  (1, 1) ===
[[0.25]]

=== Material stiffness matrix  D  (6, 6) ===
[[2.751000e+08 0.000000e+00 0.000000e+00 0.000000e+00 0.000000e+00 0.000000e+00]
 [0.000000e+00 6.791400e+04 0.000000e+00 0.000000e+00 0.000000e+00 0.000000e+00]
 [0.000000e+00 0.000000e+00 4.384149e+05 0.000000e+00 0.000000e+00 0.000000e+00]
 [0.000000e+00 0.000000e+00 0.000000e+00 8.842500e+07 0.000000e+00 0.000000e+00]
 [0.000000e+00 0.000000e+00 0.000000e+00 0.000000e+00 8.842500e+07 0.000000e+00]
 [0.000000e+00 0.000000e+00 0.000000e+00 0.000000e+00 0.000000e+00 2.111451e+03]]

=== Bending contribution (selective) ===
[[       0.         0.         0.         0.         0.         0.         0.         0.         0.         0.
         0.         0. ]
 [       0.         0.         0.         0.         0.         0.         0.         0.         0.         0.
         0.         0. ]
 [       0.         0.         0.         0.         0.         0.         0.         0.         0.         0.
         0.         0. ]
 [       0.         0.         0.         0.         0.         0.         0.         0.         0.         0.
         0.         0. ]
 [       0.         0.         0.         0.    271656.         0.         0.         0.         0.         0.
   -271656.         0. ]
 [       0.         0.         0.         0.         0.   1753659.6        0.         0.         0.         0.
         0.  -1753659.6]
 [       0.         0.         0.         0.         0.         0.         0.         0.         0.         0.
         0.         0. ]
 [       0.         0.         0.         0.         0.         0.         0.         0.         0.         0.
         0.         0. ]
 [       0.         0.         0.         0.         0.         0.         0.         0.         0.         0.
         0.         0. ]
 [       0.         0.         0.         0.         0.         0.         0.         0.         0.         0.
         0.         0. ]
 [       0.         0.         0.         0.   -271656.         0.         0.         0.         0.         0.
    271656.         0. ]
 [       0.         0.         0.         0.         0.  -1753659.6        0.         0.         0.         0.
         0.   1753659.6]]

=== Shear contribution (selective) ===
[[ 0.000000e+00  0.000000e+00  0.000000e+00  0.000000e+00  0.000000e+00  0.000000e+00  0.000000e+00  0.000000e+00
   0.000000e+00  0.000000e+00  0.000000e+00  0.000000e+00]
 [ 0.000000e+00  3.537000e+08  0.000000e+00  0.000000e+00  0.000000e+00  4.421250e+07  0.000000e+00 -3.537000e+08
   0.000000e+00  0.000000e+00  0.000000e+00  4.421250e+07]
 [ 0.000000e+00  0.000000e+00  3.537000e+08  0.000000e+00 -4.421250e+07  0.000000e+00  0.000000e+00  0.000000e+00
  -3.537000e+08  0.000000e+00 -4.421250e+07  0.000000e+00]
 [ 0.000000e+00  0.000000e+00  0.000000e+00  0.000000e+00  0.000000e+00  0.000000e+00  0.000000e+00  0.000000e+00
   0.000000e+00  0.000000e+00  0.000000e+00  0.000000e+00]
 [ 0.000000e+00  0.000000e+00 -4.421250e+07  0.000000e+00  5.526562e+06  0.000000e+00  0.000000e+00  0.000000e+00
   4.421250e+07  0.000000e+00  5.526562e+06  0.000000e+00]
 [ 0.000000e+00  4.421250e+07  0.000000e+00  0.000000e+00  0.000000e+00  5.526562e+06  0.000000e+00 -4.421250e+07
   0.000000e+00  0.000000e+00  0.000000e+00  5.526562e+06]
 [ 0.000000e+00  0.000000e+00  0.000000e+00  0.000000e+00  0.000000e+00  0.000000e+00  0.000000e+00  0.000000e+00
   0.000000e+00  0.000000e+00  0.000000e+00  0.000000e+00]
 [ 0.000000e+00 -3.537000e+08  0.000000e+00  0.000000e+00  0.000000e+00 -4.421250e+07  0.000000e+00  3.537000e+08
   0.000000e+00  0.000000e+00  0.000000e+00 -4.421250e+07]
 [ 0.000000e+00  0.000000e+00 -3.537000e+08  0.000000e+00  4.421250e+07  0.000000e+00  0.000000e+00  0.000000e+00
   3.537000e+08  0.000000e+00  4.421250e+07  0.000000e+00]
 [ 0.000000e+00  0.000000e+00  0.000000e+00  0.000000e+00  0.000000e+00  0.000000e+00  0.000000e+00  0.000000e+00
   0.000000e+00  0.000000e+00  0.000000e+00  0.000000e+00]
 [ 0.000000e+00  0.000000e+00 -4.421250e+07  0.000000e+00  5.526562e+06  0.000000e+00  0.000000e+00  0.000000e+00
   4.421250e+07  0.000000e+00  5.526562e+06  0.000000e+00]
 [ 0.000000e+00  4.421250e+07  0.000000e+00  0.000000e+00  0.000000e+00  5.526562e+06  0.000000e+00 -4.421250e+07
   0.000000e+00  0.000000e+00  0.000000e+00  5.526562e+06]]

=== Other terms contribution ===
[[ 1.100400e+09  0.000000e+00  0.000000e+00  0.000000e+00  0.000000e+00  0.000000e+00 -1.100400e+09  0.000000e+00
   0.000000e+00  0.000000e+00  0.000000e+00  0.000000e+00]
 [ 0.000000e+00  0.000000e+00  0.000000e+00  0.000000e+00  0.000000e+00  0.000000e+00  0.000000e+00  0.000000e+00
   0.000000e+00  0.000000e+00  0.000000e+00  0.000000e+00]
 [ 0.000000e+00  0.000000e+00  0.000000e+00  0.000000e+00  0.000000e+00  0.000000e+00  0.000000e+00  0.000000e+00
   0.000000e+00  0.000000e+00  0.000000e+00  0.000000e+00]
 [ 0.000000e+00  0.000000e+00  0.000000e+00  8.445805e+03  0.000000e+00  0.000000e+00  0.000000e+00  0.000000e+00
   0.000000e+00 -8.445805e+03  0.000000e+00  0.000000e+00]
 [ 0.000000e+00  0.000000e+00  0.000000e+00  0.000000e+00  0.000000e+00  0.000000e+00  0.000000e+00  0.000000e+00
   0.000000e+00  0.000000e+00  0.000000e+00  0.000000e+00]
 [ 0.000000e+00  0.000000e+00  0.000000e+00  0.000000e+00  0.000000e+00 -9.313226e-10  0.000000e+00  0.000000e+00
   0.000000e+00  0.000000e+00  0.000000e+00  0.000000e+00]
 [-1.100400e+09  0.000000e+00  0.000000e+00  0.000000e+00  0.000000e+00  0.000000e+00  1.100400e+09  0.000000e+00
   0.000000e+00  0.000000e+00  0.000000e+00  0.000000e+00]
 [ 0.000000e+00  0.000000e+00  0.000000e+00  0.000000e+00  0.000000e+00  0.000000e+00  0.000000e+00  0.000000e+00
   0.000000e+00  0.000000e+00  0.000000e+00  0.000000e+00]
 [ 0.000000e+00  0.000000e+00  0.000000e+00  0.000000e+00  0.000000e+00  0.000000e+00  0.000000e+00  0.000000e+00
   0.000000e+00  0.000000e+00  0.000000e+00  0.000000e+00]
 [ 0.000000e+00  0.000000e+00  0.000000e+00 -8.445805e+03  0.000000e+00  0.000000e+00  0.000000e+00  0.000000e+00
   0.000000e+00  8.445805e+03  0.000000e+00  0.000000e+00]
 [ 0.000000e+00  0.000000e+00  0.000000e+00  0.000000e+00  0.000000e+00  0.000000e+00  0.000000e+00  0.000000e+00
   0.000000e+00  0.000000e+00  0.000000e+00  0.000000e+00]
 [ 0.000000e+00  0.000000e+00  0.000000e+00  0.000000e+00  0.000000e+00  0.000000e+00  0.000000e+00  0.000000e+00
   0.000000e+00  0.000000e+00  0.000000e+00 -9.313226e-10]]

=== Final Element Stiffness Matrix ===
[[ 1.100400e+09  0.000000e+00  0.000000e+00  0.000000e+00  0.000000e+00  0.000000e+00 -1.100400e+09  0.000000e+00
   0.000000e+00  0.000000e+00  0.000000e+00  0.000000e+00]
 [ 0.000000e+00  3.537000e+08  0.000000e+00  0.000000e+00  0.000000e+00  4.421250e+07  0.000000e+00 -3.537000e+08
   0.000000e+00  0.000000e+00  0.000000e+00  4.421250e+07]
 [ 0.000000e+00  0.000000e+00  3.537000e+08  0.000000e+00 -4.421250e+07  0.000000e+00  0.000000e+00  0.000000e+00
  -3.537000e+08  0.000000e+00 -4.421250e+07  0.000000e+00]
 [ 0.000000e+00  0.000000e+00  0.000000e+00  8.445805e+03  0.000000e+00  0.000000e+00  0.000000e+00  0.000000e+00
   0.000000e+00 -8.445805e+03  0.000000e+00  0.000000e+00]
 [ 0.000000e+00  0.000000e+00 -4.421250e+07  0.000000e+00  5.798218e+06  0.000000e+00  0.000000e+00  0.000000e+00
   4.421250e+07  0.000000e+00  5.254906e+06  0.000000e+00]
 [ 0.000000e+00  4.421250e+07  0.000000e+00  0.000000e+00  0.000000e+00  7.280222e+06  0.000000e+00 -4.421250e+07
   0.000000e+00  0.000000e+00  0.000000e+00  3.772903e+06]
 [-1.100400e+09  0.000000e+00  0.000000e+00  0.000000e+00  0.000000e+00  0.000000e+00  1.100400e+09  0.000000e+00
   0.000000e+00  0.000000e+00  0.000000e+00  0.000000e+00]
 [ 0.000000e+00 -3.537000e+08  0.000000e+00  0.000000e+00  0.000000e+00 -4.421250e+07  0.000000e+00  3.537000e+08
   0.000000e+00  0.000000e+00  0.000000e+00 -4.421250e+07]
 [ 0.000000e+00  0.000000e+00 -3.537000e+08  0.000000e+00  4.421250e+07  0.000000e+00  0.000000e+00  0.000000e+00
   3.537000e+08  0.000000e+00  4.421250e+07  0.000000e+00]
 [ 0.000000e+00  0.000000e+00  0.000000e+00 -8.445805e+03  0.000000e+00  0.000000e+00  0.000000e+00  0.000000e+00
   0.000000e+00  8.445805e+03  0.000000e+00  0.000000e+00]
 [ 0.000000e+00  0.000000e+00 -4.421250e+07  0.000000e+00  5.254906e+06  0.000000e+00  0.000000e+00  0.000000e+00
   4.421250e+07  0.000000e+00  5.798218e+06  0.000000e+00]
 [ 0.000000e+00  4.421250e+07  0.000000e+00  0.000000e+00  0.000000e+00  3.772903e+06  0.000000e+00 -4.421250e+07
   0.000000e+00  0.000000e+00  0.000000e+00  7.280222e+06]]

