2026-02-26 16:18:48,579 [DEBUG] 📁 Log file created at: c:\Users\s1834431\Programs\fem_model\post_processing\results\job_0008_n4_2026-02-26_16-18-45-012791_pid18316_0b4fd939\logs\CondenseModifiedSystem.log (Module: condensation, Line: 68)
2026-02-26 16:18:48,579 [DEBUG] Adaptive tolerance: 1.00e+24 (Module: condensation, Line: 122)
2026-02-26 16:18:48,579 [DEBUG] System Validation Summary:
  - Fixed DOFs Valid: 6/30
  - Matrix Shape: (30, 30)
  - Adaptive Tolerance: 1.00e+24 (Module: condensation, Line: 78)
2026-02-26 16:18:48,580 [DEBUG] Active DOFs: [6, 7, 8, 9, 10, 11, 12, 13, 14, 15...] (Module: condensation, Line: 159)
2026-02-26 16:18:48,580 [DEBUG] Intermediate system created | Shape: (24, 24) (Module: condensation, Line: 165)
2026-02-26 16:18:48,580 [DEBUG] 🔧 Building condensed system from intermediate matrix (Module: condensation, Line: 185)
2026-02-26 16:18:48,581 [DEBUG] 📐 Condensed system built: K_cond shape = (24, 24), F_cond length = 24 (Module: condensation, Line: 199)
2026-02-26 16:18:48,581 [DEBUG] Bi-directional mapping validated (Module: condensation, Line: 236)
2026-02-26 16:18:48,581 [DEBUG] 
======================================== SYSTEM DETAILS ======================================== (Module: condensation, Line: 328)
2026-02-26 16:18:48,581 [DEBUG] 📊 Statistics:
Total DOFs: 30
Fixed DOFs: 6 (20.0%)
Active DOFs: 24 (80.0%)
Condensed DOFs: 24 (80.0%)
Inactive DOFs: 0 (0.0%) (Module: condensation, Line: 339)
2026-02-26 16:18:48,581 [DEBUG] 🗺️ Mapping Samples:
Condensed → Original: 0 → 6
1 → 7
2 → 8
3 → 9
4 → 10
... → ...
19 → 25
20 → 26
21 → 27
22 → 28
23 → 29
Original → Condensed: 6 → 0
7 → 1
8 → 2
9 → 3
10 → 4
... → ...
25 → 19
26 → 20
27 → 21
28 → 22
29 → 23 (Module: condensation, Line: 342)
2026-02-26 16:18:48,584 [DEBUG] 🔍 Condensed Stiffness Matrix:
            C0 (O6)   C1 (O7)   C2 (O8)   C3 (O9)  C4 (O10)  C5 (O11)  C6 (O12)  C7 (O13)  C8 (O14)  C9 (O15)  C10 (O16)  C11 (O17)  C12 (O18)  C13 (O19)  C14 (O20)  C15 (O21)  C16 (O22)  C17 (O23)  C18 (O24)  C19 (O25)  C20 (O26)  C21 (O27)  C22 (O28)  C23 (O29)
C0 (O6)    1.10e+09  0.00e+00  0.00e+00  0.00e+00  0.00e+00  0.00e+00 -5.50e+08  0.00e+00  0.00e+00  0.00e+00   0.00e+00   0.00e+00   0.00e+00   0.00e+00   0.00e+00   0.00e+00   0.00e+00   0.00e+00   0.00e+00   0.00e+00   0.00e+00   0.00e+00   0.00e+00   0.00e+00
C1 (O7)    0.00e+00  3.54e+08  0.00e+00  0.00e+00  0.00e+00  0.00e+00  0.00e+00 -1.77e+08  0.00e+00  0.00e+00   0.00e+00   4.42e+07   0.00e+00   0.00e+00   0.00e+00   0.00e+00   0.00e+00   0.00e+00   0.00e+00   0.00e+00   0.00e+00   0.00e+00   0.00e+00   0.00e+00
C2 (O8)    0.00e+00  0.00e+00  3.54e+08  0.00e+00  0.00e+00  0.00e+00  0.00e+00  0.00e+00 -1.77e+08  0.00e+00  -4.42e+07   0.00e+00   0.00e+00   0.00e+00   0.00e+00   0.00e+00   0.00e+00   0.00e+00   0.00e+00   0.00e+00   0.00e+00   0.00e+00   0.00e+00   0.00e+00
C3 (O9)    0.00e+00  0.00e+00  0.00e+00  8.45e+03  0.00e+00  0.00e+00  0.00e+00  0.00e+00  0.00e+00 -4.22e+03   0.00e+00   0.00e+00   0.00e+00   0.00e+00   0.00e+00   0.00e+00   0.00e+00   0.00e+00   0.00e+00   0.00e+00   0.00e+00   0.00e+00   0.00e+00   0.00e+00
C4 (O10)   0.00e+00  0.00e+00  0.00e+00  0.00e+00  2.24e+07  0.00e+00  0.00e+00  0.00e+00  4.42e+07  0.00e+00   1.09e+07   0.00e+00   0.00e+00   0.00e+00   0.00e+00   0.00e+00   0.00e+00   0.00e+00   0.00e+00   0.00e+00   0.00e+00   0.00e+00   0.00e+00   0.00e+00
C5 (O11)   0.00e+00  0.00e+00  0.00e+00  0.00e+00  0.00e+00  2.39e+07  0.00e+00 -4.42e+07  0.00e+00  0.00e+00   0.00e+00   1.02e+07   0.00e+00   0.00e+00   0.00e+00   0.00e+00   0.00e+00   0.00e+00   0.00e+00   0.00e+00   0.00e+00   0.00e+00   0.00e+00   0.00e+00
C6 (O12)  -5.50e+08  0.00e+00  0.00e+00  0.00e+00  0.00e+00  0.00e+00  1.10e+09  0.00e+00  0.00e+00  0.00e+00   0.00e+00   0.00e+00  -5.50e+08   0.00e+00   0.00e+00   0.00e+00   0.00e+00   0.00e+00   0.00e+00   0.00e+00   0.00e+00   0.00e+00   0.00e+00   0.00e+00
C7 (O13)   0.00e+00 -1.77e+08  0.00e+00  0.00e+00  0.00e+00 -4.42e+07  0.00e+00  3.54e+08  0.00e+00  0.00e+00   0.00e+00   0.00e+00   0.00e+00  -1.77e+08   0.00e+00   0.00e+00   0.00e+00   4.42e+07   0.00e+00   0.00e+00   0.00e+00   0.00e+00   0.00e+00   0.00e+00
C8 (O14)   0.00e+00  0.00e+00 -1.77e+08  0.00e+00  4.42e+07  0.00e+00  0.00e+00  0.00e+00  3.54e+08  0.00e+00   0.00e+00   0.00e+00   0.00e+00   0.00e+00  -1.77e+08   0.00e+00  -4.42e+07   0.00e+00   0.00e+00   0.00e+00   0.00e+00   0.00e+00   0.00e+00   0.00e+00
C9 (O15)   0.00e+00  0.00e+00  0.00e+00 -4.22e+03  0.00e+00  0.00e+00  0.00e+00  0.00e+00  0.00e+00  8.45e+03   0.00e+00   0.00e+00   0.00e+00   0.00e+00   0.00e+00  -4.22e+03   0.00e+00   0.00e+00   0.00e+00   0.00e+00   0.00e+00   0.00e+00   0.00e+00   0.00e+00
C10 (O16)  0.00e+00  0.00e+00 -4.42e+07  0.00e+00  1.09e+07  0.00e+00  0.00e+00  0.00e+00  0.00e+00  0.00e+00   2.24e+07   0.00e+00   0.00e+00   0.00e+00   4.42e+07   0.00e+00   1.09e+07   0.00e+00   0.00e+00   0.00e+00   0.00e+00   0.00e+00   0.00e+00   0.00e+00
C11 (O17)  0.00e+00  4.42e+07  0.00e+00  0.00e+00  0.00e+00  1.02e+07  0.00e+00  0.00e+00  0.00e+00  0.00e+00   0.00e+00   2.39e+07   0.00e+00  -4.42e+07   0.00e+00   0.00e+00   0.00e+00   1.02e+07   0.00e+00   0.00e+00   0.00e+00   0.00e+00   0.00e+00   0.00e+00
C12 (O18)  0.00e+00  0.00e+00  0.00e+00  0.00e+00  0.00e+00  0.00e+00 -5.50e+08  0.00e+00  0.00e+00  0.00e+00   0.00e+00   0.00e+00   1.10e+09   0.00e+00   0.00e+00   0.00e+00   0.00e+00   0.00e+00  -5.50e+08   0.00e+00   0.00e+00   0.00e+00   0.00e+00   0.00e+00
C13 (O19)  0.00e+00  0.00e+00  0.00e+00  0.00e+00  0.00e+00  0.00e+00  0.00e+00 -1.77e+08  0.00e+00  0.00e+00   0.00e+00  -4.42e+07   0.00e+00   3.54e+08   0.00e+00   0.00e+00   0.00e+00   0.00e+00   0.00e+00  -1.77e+08   0.00e+00   0.00e+00   0.00e+00   4.42e+07
C14 (O20)  0.00e+00  0.00e+00  0.00e+00  0.00e+00  0.00e+00  0.00e+00  0.00e+00  0.00e+00 -1.77e+08  0.00e+00   4.42e+07   0.00e+00   0.00e+00   0.00e+00   3.54e+08   0.00e+00   0.00e+00   0.00e+00   0.00e+00   0.00e+00  -1.77e+08   0.00e+00  -4.42e+07   0.00e+00
C15 (O21)  0.00e+00  0.00e+00  0.00e+00  0.00e+00  0.00e+00  0.00e+00  0.00e+00  0.00e+00  0.00e+00 -4.22e+03   0.00e+00   0.00e+00   0.00e+00   0.00e+00   0.00e+00   8.45e+03   0.00e+00   0.00e+00   0.00e+00   0.00e+00   0.00e+00  -4.22e+03   0.00e+00   0.00e+00
C16 (O22)  0.00e+00  0.00e+00  0.00e+00  0.00e+00  0.00e+00  0.00e+00  0.00e+00  0.00e+00 -4.42e+07  0.00e+00   1.09e+07   0.00e+00   0.00e+00   0.00e+00   0.00e+00   0.00e+00   2.24e+07   0.00e+00   0.00e+00   0.00e+00   4.42e+07   0.00e+00   1.09e+07   0.00e+00
C17 (O23)  0.00e+00  0.00e+00  0.00e+00  0.00e+00  0.00e+00  0.00e+00  0.00e+00  4.42e+07  0.00e+00  0.00e+00   0.00e+00   1.02e+07   0.00e+00   0.00e+00   0.00e+00   0.00e+00   0.00e+00   2.39e+07   0.00e+00  -4.42e+07   0.00e+00   0.00e+00   0.00e+00   1.02e+07
C18 (O24)  0.00e+00  0.00e+00  0.00e+00  0.00e+00  0.00e+00  0.00e+00  0.00e+00  0.00e+00  0.00e+00  0.00e+00   0.00e+00   0.00e+00  -5.50e+08   0.00e+00   0.00e+00   0.00e+00   0.00e+00   0.00e+00   5.50e+08   0.00e+00   0.00e+00   0.00e+00   0.00e+00   0.00e+00
C19 (O25)  0.00e+00  0.00e+00  0.00e+00  0.00e+00  0.00e+00  0.00e+00  0.00e+00  0.00e+00  0.00e+00  0.00e+00   0.00e+00   0.00e+00   0.00e+00  -1.77e+08   0.00e+00   0.00e+00   0.00e+00  -4.42e+07   0.00e+00   1.77e+08   0.00e+00   0.00e+00   0.00e+00  -4.42e+07
C20 (O26)  0.00e+00  0.00e+00  0.00e+00  0.00e+00  0.00e+00  0.00e+00  0.00e+00  0.00e+00  0.00e+00  0.00e+00   0.00e+00   0.00e+00   0.00e+00   0.00e+00  -1.77e+08   0.00e+00   4.42e+07   0.00e+00   0.00e+00   0.00e+00   1.77e+08   0.00e+00   4.42e+07   0.00e+00
C21 (O27)  0.00e+00  0.00e+00  0.00e+00  0.00e+00  0.00e+00  0.00e+00  0.00e+00  0.00e+00  0.00e+00  0.00e+00   0.00e+00   0.00e+00   0.00e+00   0.00e+00   0.00e+00  -4.22e+03   0.00e+00   0.00e+00   0.00e+00   0.00e+00   0.00e+00   4.22e+03   0.00e+00   0.00e+00
C22 (O28)  0.00e+00  0.00e+00  0.00e+00  0.00e+00  0.00e+00  0.00e+00  0.00e+00  0.00e+00  0.00e+00  0.00e+00   0.00e+00   0.00e+00   0.00e+00   0.00e+00  -4.42e+07   0.00e+00   1.09e+07   0.00e+00   0.00e+00   0.00e+00   4.42e+07   0.00e+00   1.12e+07   0.00e+00
C23 (O29)  0.00e+00  0.00e+00  0.00e+00  0.00e+00  0.00e+00  0.00e+00  0.00e+00  0.00e+00  0.00e+00  0.00e+00   0.00e+00   0.00e+00   0.00e+00   4.42e+07   0.00e+00   0.00e+00   0.00e+00   1.02e+07   0.00e+00  -4.42e+07   0.00e+00   0.00e+00   0.00e+00   1.19e+07 (Module: condensation, Line: 367)
2026-02-26 16:18:48,585 [DEBUG] 🔍 Condensed Force Vector:
              Force
C0 (O6)    0.00e+00
C1 (O7)   -5.00e+02
C2 (O8)    0.00e+00
C3 (O9)    0.00e+00
C4 (O10)   0.00e+00
C5 (O11)   0.00e+00
C6 (O12)   0.00e+00
C7 (O13)   0.00e+00
C8 (O14)   0.00e+00
C9 (O15)   0.00e+00
C10 (O16)  0.00e+00
C11 (O17)  0.00e+00
C12 (O18)  0.00e+00
C13 (O19)  0.00e+00
C14 (O20)  0.00e+00
C15 (O21)  0.00e+00
C16 (O22)  0.00e+00
C17 (O23)  0.00e+00
C18 (O24)  0.00e+00
C19 (O25)  0.00e+00
C20 (O26)  0.00e+00
C21 (O27)  0.00e+00
C22 (O28)  0.00e+00
C23 (O29)  0.00e+00 (Module: condensation, Line: 374)
