Machine Specifications:
   - OS: Windows 11 (10.0.26100)
       • Logical cores: 20
       • Physical cores: 12
   - RAM: 31.24 GB
   - Disk: 943.72 GB total, 2.55 GB free
   - Python Version: 3.12.5 (C:\Users\s1834431\AppData\Local\Programs\Python\Python312\python.exe)
   - GPU(s): Intel(R) UHD Graphics 770

Job: job_0004_n128
Timestamp (job start): 2026-02-26_16-17-48-344496
Total Time: 13.83 sec

+-------------------------------+-------------+---------------+-------------+-----------+
| Step                          |    Time (s) |   Memory (MB) |   Disk (GB) |   CPU (%) |
+===============================+=============+===============+=============+===========+
| Parsing                       |  0.00851607 |       132.801 |     941.146 |         0 |
+-------------------------------+-------------+---------------+-------------+-----------+
| Element Instantiation         |  0.693635   |       132.859 |     941.147 |         0 |
+-------------------------------+-------------+---------------+-------------+-----------+
| Element Stiffness Computation |  1.717      |       134.781 |     941.153 |         0 |
+-------------------------------+-------------+---------------+-------------+-----------+
| Element Force Computation     |  0.701904   |       134.934 |     941.153 |         0 |
+-------------------------------+-------------+---------------+-------------+-----------+
| Full Simulation               | 10.0866     |       135.453 |     941.163 |         0 |
+-------------------------------+-------------+---------------+-------------+-----------+

Parallel Jobs: None
Start Memory: 132.80 MB | End Memory: 135.45 MB
Start Disk Usage: 941.15 GB | End Disk Usage: 941.16 GB
Start CPU: 0.00% | End CPU: 0.00%
