2026-02-26 16:17:44,383 [DEBUG] 📁 Log file: c:\Users\s1834431\Programs\fem_model\post_processing\results\job_0004_n128_2026-02-26_16-17-34-322580_pid18316_f86c3487\logs\SolveCondensedSystem.log (Module: solver, Line: 249)
2026-02-26 16:17:44,383 [DEBUG] Row/column scaling applied. (Module: solver, Line: 164)
2026-02-26 16:17:44,383 [DEBUG] Building ILU (drop_tol=1e-06, fill_factor=1.0) (Module: solver, Line: 77)
2026-02-26 16:17:44,383 [DEBUG] ILU fill-ratio = 1.02 (Module: solver, Line: 82)
2026-02-26 16:17:44,383 [INFO] Solver parameters • solver='cg', prec='auto', K nnz=3312, dofs=768 (Module: solver, Line: 181)
2026-02-26 16:17:44,387 [INFO] Condensed condition estimate: 1.06e+00 (Module: solver, Line: 187)
2026-02-26 16:17:44,389 [DEBUG] Iter   10 | residual 1.406e-03 (Module: solver, Line: 328)
2026-02-26 16:17:44,390 [DEBUG] Iter   20 | residual 1.524e-03 (Module: solver, Line: 328)
2026-02-26 16:17:44,391 [DEBUG] Iter   30 | residual 1.524e-03 (Module: solver, Line: 328)
2026-02-26 16:17:44,391 [DEBUG] Iter   40 | residual 1.524e-03 (Module: solver, Line: 328)
2026-02-26 16:17:44,393 [DEBUG] Iter   50 | residual 1.602e-03 (Module: solver, Line: 328)
2026-02-26 16:17:44,394 [DEBUG] Iter   60 | residual 1.602e-03 (Module: solver, Line: 328)
2026-02-26 16:17:44,394 [DEBUG] Iter   70 | residual 1.602e-03 (Module: solver, Line: 328)
2026-02-26 16:17:44,395 [DEBUG] Iter   80 | residual 1.601e-03 (Module: solver, Line: 328)
2026-02-26 16:17:44,395 [DEBUG] Iter   90 | residual 1.671e-03 (Module: solver, Line: 328)
2026-02-26 16:17:44,395 [DEBUG] Iter  100 | residual 1.671e-03 (Module: solver, Line: 328)
2026-02-26 16:17:44,395 [DEBUG] Iter  110 | residual 1.671e-03 (Module: solver, Line: 328)
2026-02-26 16:17:44,395 [DEBUG] Iter  120 | residual 1.671e-03 (Module: solver, Line: 328)
2026-02-26 16:17:44,395 [DEBUG] Iter  130 | residual 1.671e-03 (Module: solver, Line: 328)
2026-02-26 16:17:44,399 [DEBUG] Iter  140 | residual 1.671e-03 (Module: solver, Line: 328)
2026-02-26 16:17:44,399 [DEBUG] Iter  150 | residual 1.671e-03 (Module: solver, Line: 328)
2026-02-26 16:17:44,399 [DEBUG] Iter  160 | residual 1.701e-03 (Module: solver, Line: 328)
2026-02-26 16:17:44,401 [DEBUG] Iter  170 | residual 1.702e-03 (Module: solver, Line: 328)
2026-02-26 16:17:44,401 [DEBUG] Iter  180 | residual 1.702e-03 (Module: solver, Line: 328)
2026-02-26 16:17:44,401 [DEBUG] Iter  190 | residual 1.702e-03 (Module: solver, Line: 328)
2026-02-26 16:17:44,404 [DEBUG] Iter  200 | residual 1.702e-03 (Module: solver, Line: 328)
2026-02-26 16:17:44,404 [DEBUG] Iter  210 | residual 1.702e-03 (Module: solver, Line: 328)
2026-02-26 16:17:44,405 [DEBUG] Iter  220 | residual 1.705e-03 (Module: solver, Line: 328)
2026-02-26 16:17:44,406 [DEBUG] Iter  230 | residual 1.836e-03 (Module: solver, Line: 328)
2026-02-26 16:17:44,407 [DEBUG] Iter  240 | residual 1.836e-03 (Module: solver, Line: 328)
2026-02-26 16:17:44,407 [DEBUG] Iter  250 | residual 1.836e-03 (Module: solver, Line: 328)
2026-02-26 16:17:44,408 [DEBUG] Iter  260 | residual 1.836e-03 (Module: solver, Line: 328)
2026-02-26 16:17:44,409 [DEBUG] Iter  270 | residual 1.836e-03 (Module: solver, Line: 328)
2026-02-26 16:17:44,410 [DEBUG] Iter  280 | residual 1.836e-03 (Module: solver, Line: 328)
2026-02-26 16:17:44,411 [DEBUG] Iter  290 | residual 1.836e-03 (Module: solver, Line: 328)
2026-02-26 16:17:44,411 [DEBUG] Iter  300 | residual 1.836e-03 (Module: solver, Line: 328)
2026-02-26 16:17:44,411 [DEBUG] Iter  310 | residual 1.836e-03 (Module: solver, Line: 328)
2026-02-26 16:17:44,411 [DEBUG] Iter  320 | residual 1.836e-03 (Module: solver, Line: 328)
2026-02-26 16:17:44,414 [DEBUG] Iter  330 | residual 1.836e-03 (Module: solver, Line: 328)
2026-02-26 16:17:44,414 [DEBUG] Iter  340 | residual 1.836e-03 (Module: solver, Line: 328)
2026-02-26 16:17:44,414 [DEBUG] Iter  350 | residual 1.836e-03 (Module: solver, Line: 328)
2026-02-26 16:17:44,414 [DEBUG] Iter  360 | residual 1.835e-03 (Module: solver, Line: 328)
2026-02-26 16:17:44,414 [DEBUG] Iter  370 | residual 1.828e-03 (Module: solver, Line: 328)
2026-02-26 16:17:44,414 [DEBUG] Iter  380 | residual 1.828e-03 (Module: solver, Line: 328)
2026-02-26 16:17:44,414 [DEBUG] Iter  390 | residual 1.839e-03 (Module: solver, Line: 328)
2026-02-26 16:17:44,414 [DEBUG] Iter  400 | residual 1.841e-03 (Module: solver, Line: 328)
2026-02-26 16:17:44,414 [DEBUG] Iter  410 | residual 1.841e-03 (Module: solver, Line: 328)
2026-02-26 16:17:44,414 [DEBUG] Iter  420 | residual 1.841e-03 (Module: solver, Line: 328)
2026-02-26 16:17:44,420 [DEBUG] Iter  430 | residual 1.841e-03 (Module: solver, Line: 328)
2026-02-26 16:17:44,421 [DEBUG] Iter  440 | residual 1.841e-03 (Module: solver, Line: 328)
2026-02-26 16:17:44,422 [DEBUG] Iter  450 | residual 1.841e-03 (Module: solver, Line: 328)
2026-02-26 16:17:44,423 [DEBUG] Iter  460 | residual 1.841e-03 (Module: solver, Line: 328)
2026-02-26 16:17:44,423 [DEBUG] Iter  470 | residual 1.841e-03 (Module: solver, Line: 328)
2026-02-26 16:17:44,423 [DEBUG] Iter  480 | residual 1.841e-03 (Module: solver, Line: 328)
2026-02-26 16:17:44,423 [DEBUG] Iter  490 | residual 1.841e-03 (Module: solver, Line: 328)
2026-02-26 16:17:44,426 [DEBUG] Iter  500 | residual 1.841e-03 (Module: solver, Line: 328)
2026-02-26 16:17:44,426 [DEBUG] Iter  510 | residual 1.841e-03 (Module: solver, Line: 328)
2026-02-26 16:17:44,426 [DEBUG] Iter  520 | residual nan (Module: solver, Line: 328)
2026-02-26 16:17:44,426 [DEBUG] Iter  530 | residual nan (Module: solver, Line: 328)
2026-02-26 16:17:44,426 [DEBUG] Iter  540 | residual nan (Module: solver, Line: 328)
2026-02-26 16:17:44,426 [DEBUG] Iter  550 | residual nan (Module: solver, Line: 328)
2026-02-26 16:17:44,426 [DEBUG] Iter  560 | residual nan (Module: solver, Line: 328)
2026-02-26 16:17:44,432 [DEBUG] Iter  570 | residual nan (Module: solver, Line: 328)
2026-02-26 16:17:44,432 [DEBUG] Iter  580 | residual nan (Module: solver, Line: 328)
2026-02-26 16:17:44,432 [DEBUG] Iter  590 | residual nan (Module: solver, Line: 328)
2026-02-26 16:17:44,434 [DEBUG] Iter  600 | residual nan (Module: solver, Line: 328)
2026-02-26 16:17:44,434 [DEBUG] Iter  610 | residual nan (Module: solver, Line: 328)
2026-02-26 16:17:44,434 [DEBUG] Iter  620 | residual nan (Module: solver, Line: 328)
2026-02-26 16:17:44,436 [DEBUG] Iter  630 | residual nan (Module: solver, Line: 328)
2026-02-26 16:17:44,436 [DEBUG] Iter  640 | residual nan (Module: solver, Line: 328)
2026-02-26 16:17:44,437 [DEBUG] Iter  650 | residual nan (Module: solver, Line: 328)
2026-02-26 16:17:44,438 [DEBUG] Iter  660 | residual nan (Module: solver, Line: 328)
2026-02-26 16:17:44,439 [DEBUG] Iter  670 | residual nan (Module: solver, Line: 328)
2026-02-26 16:17:44,439 [DEBUG] Iter  680 | residual nan (Module: solver, Line: 328)
2026-02-26 16:17:44,440 [DEBUG] Iter  690 | residual nan (Module: solver, Line: 328)
2026-02-26 16:17:44,441 [DEBUG] Iter  700 | residual nan (Module: solver, Line: 328)
2026-02-26 16:17:44,442 [DEBUG] Iter  710 | residual nan (Module: solver, Line: 328)
2026-02-26 16:17:44,443 [DEBUG] Iter  720 | residual nan (Module: solver, Line: 328)
2026-02-26 16:17:44,443 [DEBUG] Iter  730 | residual nan (Module: solver, Line: 328)
2026-02-26 16:17:44,444 [DEBUG] Iter  740 | residual nan (Module: solver, Line: 328)
2026-02-26 16:17:44,444 [DEBUG] Iter  750 | residual nan (Module: solver, Line: 328)
2026-02-26 16:17:44,444 [DEBUG] Iter  760 | residual nan (Module: solver, Line: 328)
2026-02-26 16:17:44,444 [DEBUG] Iter  770 | residual nan (Module: solver, Line: 328)
2026-02-26 16:17:44,444 [DEBUG] Iter  780 | residual nan (Module: solver, Line: 328)
2026-02-26 16:17:44,444 [DEBUG] Iter  790 | residual nan (Module: solver, Line: 328)
2026-02-26 16:17:44,444 [DEBUG] Iter  800 | residual nan (Module: solver, Line: 328)
2026-02-26 16:17:44,444 [DEBUG] Iter  810 | residual nan (Module: solver, Line: 328)
2026-02-26 16:17:44,444 [DEBUG] Iter  820 | residual nan (Module: solver, Line: 328)
2026-02-26 16:17:44,444 [DEBUG] Iter  830 | residual nan (Module: solver, Line: 328)
2026-02-26 16:17:44,444 [DEBUG] Iter  840 | residual nan (Module: solver, Line: 328)
2026-02-26 16:17:44,444 [DEBUG] Iter  850 | residual nan (Module: solver, Line: 328)
2026-02-26 16:17:44,444 [DEBUG] Iter  860 | residual nan (Module: solver, Line: 328)
2026-02-26 16:17:44,444 [DEBUG] Iter  870 | residual nan (Module: solver, Line: 328)
2026-02-26 16:17:44,454 [DEBUG] Iter  880 | residual nan (Module: solver, Line: 328)
2026-02-26 16:17:44,455 [DEBUG] Iter  890 | residual nan (Module: solver, Line: 328)
2026-02-26 16:17:44,456 [DEBUG] Iter  900 | residual nan (Module: solver, Line: 328)
2026-02-26 16:17:44,457 [DEBUG] Iter  910 | residual nan (Module: solver, Line: 328)
2026-02-26 16:17:44,457 [DEBUG] Iter  920 | residual nan (Module: solver, Line: 328)
2026-02-26 16:17:44,457 [DEBUG] Iter  930 | residual nan (Module: solver, Line: 328)
2026-02-26 16:17:44,457 [DEBUG] Iter  940 | residual nan (Module: solver, Line: 328)
2026-02-26 16:17:44,457 [DEBUG] Iter  950 | residual nan (Module: solver, Line: 328)
2026-02-26 16:17:44,461 [DEBUG] Iter  960 | residual nan (Module: solver, Line: 328)
2026-02-26 16:17:44,461 [DEBUG] Iter  970 | residual nan (Module: solver, Line: 328)
2026-02-26 16:17:44,463 [DEBUG] Iter  980 | residual nan (Module: solver, Line: 328)
2026-02-26 16:17:44,463 [DEBUG] Iter  990 | residual nan (Module: solver, Line: 328)
2026-02-26 16:17:44,464 [DEBUG] Iter 1000 | residual nan (Module: solver, Line: 328)
2026-02-26 16:17:44,464 [WARNING] Solver info=1000 (not converged). (Module: solver, Line: 344)
2026-02-26 16:17:44,464 [INFO] Retrying with ILU preconditioner … (Module: solver, Line: 351)
2026-02-26 16:17:44,464 [DEBUG] Building ILU (drop_tol=1e-06, fill_factor=1.0) (Module: solver, Line: 77)
2026-02-26 16:17:44,464 [DEBUG] ILU fill-ratio = 1.02 (Module: solver, Line: 82)
2026-02-26 16:17:44,464 [DEBUG] Iter 1010 | residual 1.406e-03 (Module: solver, Line: 328)
2026-02-26 16:17:44,464 [DEBUG] Iter 1020 | residual 1.524e-03 (Module: solver, Line: 328)
2026-02-26 16:17:44,464 [DEBUG] Iter 1030 | residual 1.524e-03 (Module: solver, Line: 328)
2026-02-26 16:17:44,468 [DEBUG] Iter 1040 | residual 1.524e-03 (Module: solver, Line: 328)
2026-02-26 16:17:44,468 [DEBUG] Iter 1050 | residual 1.602e-03 (Module: solver, Line: 328)
2026-02-26 16:17:44,468 [DEBUG] Iter 1060 | residual 1.602e-03 (Module: solver, Line: 328)
2026-02-26 16:17:44,470 [DEBUG] Iter 1070 | residual 1.602e-03 (Module: solver, Line: 328)
2026-02-26 16:17:44,470 [DEBUG] Iter 1080 | residual 1.601e-03 (Module: solver, Line: 328)
2026-02-26 16:17:44,472 [DEBUG] Iter 1090 | residual 1.671e-03 (Module: solver, Line: 328)
2026-02-26 16:17:44,473 [DEBUG] Iter 1100 | residual 1.671e-03 (Module: solver, Line: 328)
2026-02-26 16:17:44,474 [DEBUG] Iter 1110 | residual 1.671e-03 (Module: solver, Line: 328)
2026-02-26 16:17:44,474 [DEBUG] Iter 1120 | residual 1.671e-03 (Module: solver, Line: 328)
2026-02-26 16:17:44,475 [DEBUG] Iter 1130 | residual 1.671e-03 (Module: solver, Line: 328)
2026-02-26 16:17:44,476 [DEBUG] Iter 1140 | residual 1.671e-03 (Module: solver, Line: 328)
2026-02-26 16:17:44,476 [DEBUG] Iter 1150 | residual 1.671e-03 (Module: solver, Line: 328)
2026-02-26 16:17:44,477 [DEBUG] Iter 1160 | residual 1.701e-03 (Module: solver, Line: 328)
2026-02-26 16:17:44,478 [DEBUG] Iter 1170 | residual 1.702e-03 (Module: solver, Line: 328)
2026-02-26 16:17:44,478 [DEBUG] Iter 1180 | residual 1.702e-03 (Module: solver, Line: 328)
2026-02-26 16:17:44,478 [DEBUG] Iter 1190 | residual 1.702e-03 (Module: solver, Line: 328)
2026-02-26 16:17:44,478 [DEBUG] Iter 1200 | residual 1.702e-03 (Module: solver, Line: 328)
2026-02-26 16:17:44,478 [DEBUG] Iter 1210 | residual 1.702e-03 (Module: solver, Line: 328)
2026-02-26 16:17:44,478 [DEBUG] Iter 1220 | residual 1.705e-03 (Module: solver, Line: 328)
2026-02-26 16:17:44,478 [DEBUG] Iter 1230 | residual 1.836e-03 (Module: solver, Line: 328)
2026-02-26 16:17:44,478 [DEBUG] Iter 1240 | residual 1.836e-03 (Module: solver, Line: 328)
2026-02-26 16:17:44,478 [DEBUG] Iter 1250 | residual 1.836e-03 (Module: solver, Line: 328)
2026-02-26 16:17:44,478 [DEBUG] Iter 1260 | residual 1.836e-03 (Module: solver, Line: 328)
2026-02-26 16:17:44,478 [DEBUG] Iter 1270 | residual 1.836e-03 (Module: solver, Line: 328)
2026-02-26 16:17:44,478 [DEBUG] Iter 1280 | residual 1.836e-03 (Module: solver, Line: 328)
2026-02-26 16:17:44,478 [DEBUG] Iter 1290 | residual 1.836e-03 (Module: solver, Line: 328)
2026-02-26 16:17:44,478 [DEBUG] Iter 1300 | residual 1.836e-03 (Module: solver, Line: 328)
2026-02-26 16:17:44,487 [DEBUG] Iter 1310 | residual 1.836e-03 (Module: solver, Line: 328)
2026-02-26 16:17:44,488 [DEBUG] Iter 1320 | residual 1.836e-03 (Module: solver, Line: 328)
2026-02-26 16:17:44,489 [DEBUG] Iter 1330 | residual 1.836e-03 (Module: solver, Line: 328)
2026-02-26 16:17:44,489 [DEBUG] Iter 1340 | residual 1.836e-03 (Module: solver, Line: 328)
2026-02-26 16:17:44,490 [DEBUG] Iter 1350 | residual 1.836e-03 (Module: solver, Line: 328)
2026-02-26 16:17:44,490 [DEBUG] Iter 1360 | residual 1.835e-03 (Module: solver, Line: 328)
2026-02-26 16:17:44,490 [DEBUG] Iter 1370 | residual 1.828e-03 (Module: solver, Line: 328)
2026-02-26 16:17:44,490 [DEBUG] Iter 1380 | residual 1.828e-03 (Module: solver, Line: 328)
2026-02-26 16:17:44,490 [DEBUG] Iter 1390 | residual 1.839e-03 (Module: solver, Line: 328)
2026-02-26 16:17:44,490 [DEBUG] Iter 1400 | residual 1.841e-03 (Module: solver, Line: 328)
2026-02-26 16:17:44,490 [DEBUG] Iter 1410 | residual 1.841e-03 (Module: solver, Line: 328)
2026-02-26 16:17:44,490 [DEBUG] Iter 1420 | residual 1.841e-03 (Module: solver, Line: 328)
2026-02-26 16:17:44,490 [DEBUG] Iter 1430 | residual 1.841e-03 (Module: solver, Line: 328)
2026-02-26 16:17:44,490 [DEBUG] Iter 1440 | residual 1.841e-03 (Module: solver, Line: 328)
2026-02-26 16:17:44,490 [DEBUG] Iter 1450 | residual 1.841e-03 (Module: solver, Line: 328)
2026-02-26 16:17:44,490 [DEBUG] Iter 1460 | residual 1.841e-03 (Module: solver, Line: 328)
2026-02-26 16:17:44,490 [DEBUG] Iter 1470 | residual 1.841e-03 (Module: solver, Line: 328)
2026-02-26 16:17:44,490 [DEBUG] Iter 1480 | residual 1.841e-03 (Module: solver, Line: 328)
2026-02-26 16:17:44,490 [DEBUG] Iter 1490 | residual 1.841e-03 (Module: solver, Line: 328)
2026-02-26 16:17:44,490 [DEBUG] Iter 1500 | residual 1.841e-03 (Module: solver, Line: 328)
2026-02-26 16:17:44,490 [DEBUG] Iter 1510 | residual 1.841e-03 (Module: solver, Line: 328)
2026-02-26 16:17:44,490 [DEBUG] Iter 1520 | residual nan (Module: solver, Line: 328)
2026-02-26 16:17:44,490 [DEBUG] Iter 1530 | residual nan (Module: solver, Line: 328)
2026-02-26 16:17:44,490 [DEBUG] Iter 1540 | residual nan (Module: solver, Line: 328)
2026-02-26 16:17:44,504 [DEBUG] Iter 1550 | residual nan (Module: solver, Line: 328)
2026-02-26 16:17:44,505 [DEBUG] Iter 1560 | residual nan (Module: solver, Line: 328)
2026-02-26 16:17:44,506 [DEBUG] Iter 1570 | residual nan (Module: solver, Line: 328)
2026-02-26 16:17:44,507 [DEBUG] Iter 1580 | residual nan (Module: solver, Line: 328)
2026-02-26 16:17:44,508 [DEBUG] Iter 1590 | residual nan (Module: solver, Line: 328)
2026-02-26 16:17:44,508 [DEBUG] Iter 1600 | residual nan (Module: solver, Line: 328)
2026-02-26 16:17:44,509 [DEBUG] Iter 1610 | residual nan (Module: solver, Line: 328)
2026-02-26 16:17:44,510 [DEBUG] Iter 1620 | residual nan (Module: solver, Line: 328)
2026-02-26 16:17:44,511 [DEBUG] Iter 1630 | residual nan (Module: solver, Line: 328)
2026-02-26 16:17:44,511 [DEBUG] Iter 1640 | residual nan (Module: solver, Line: 328)
2026-02-26 16:17:44,512 [DEBUG] Iter 1650 | residual nan (Module: solver, Line: 328)
2026-02-26 16:17:44,512 [DEBUG] Iter 1660 | residual nan (Module: solver, Line: 328)
2026-02-26 16:17:44,512 [DEBUG] Iter 1670 | residual nan (Module: solver, Line: 328)
2026-02-26 16:17:44,512 [DEBUG] Iter 1680 | residual nan (Module: solver, Line: 328)
2026-02-26 16:17:44,515 [DEBUG] Iter 1690 | residual nan (Module: solver, Line: 328)
2026-02-26 16:17:44,515 [DEBUG] Iter 1700 | residual nan (Module: solver, Line: 328)
2026-02-26 16:17:44,515 [DEBUG] Iter 1710 | residual nan (Module: solver, Line: 328)
2026-02-26 16:17:44,515 [DEBUG] Iter 1720 | residual nan (Module: solver, Line: 328)
2026-02-26 16:17:44,515 [DEBUG] Iter 1730 | residual nan (Module: solver, Line: 328)
2026-02-26 16:17:44,515 [DEBUG] Iter 1740 | residual nan (Module: solver, Line: 328)
2026-02-26 16:17:44,515 [DEBUG] Iter 1750 | residual nan (Module: solver, Line: 328)
2026-02-26 16:17:44,515 [DEBUG] Iter 1760 | residual nan (Module: solver, Line: 328)
2026-02-26 16:17:44,521 [DEBUG] Iter 1770 | residual nan (Module: solver, Line: 328)
2026-02-26 16:17:44,522 [DEBUG] Iter 1780 | residual nan (Module: solver, Line: 328)
2026-02-26 16:17:44,522 [DEBUG] Iter 1790 | residual nan (Module: solver, Line: 328)
2026-02-26 16:17:44,523 [DEBUG] Iter 1800 | residual nan (Module: solver, Line: 328)
2026-02-26 16:17:44,523 [DEBUG] Iter 1810 | residual nan (Module: solver, Line: 328)
2026-02-26 16:17:44,523 [DEBUG] Iter 1820 | residual nan (Module: solver, Line: 328)
2026-02-26 16:17:44,523 [DEBUG] Iter 1830 | residual nan (Module: solver, Line: 328)
2026-02-26 16:17:44,523 [DEBUG] Iter 1840 | residual nan (Module: solver, Line: 328)
2026-02-26 16:17:44,523 [DEBUG] Iter 1850 | residual nan (Module: solver, Line: 328)
2026-02-26 16:17:44,527 [DEBUG] Iter 1860 | residual nan (Module: solver, Line: 328)
2026-02-26 16:17:44,527 [DEBUG] Iter 1870 | residual nan (Module: solver, Line: 328)
2026-02-26 16:17:44,529 [DEBUG] Iter 1880 | residual nan (Module: solver, Line: 328)
2026-02-26 16:17:44,529 [DEBUG] Iter 1890 | residual nan (Module: solver, Line: 328)
2026-02-26 16:17:44,529 [DEBUG] Iter 1900 | residual nan (Module: solver, Line: 328)
2026-02-26 16:17:44,531 [DEBUG] Iter 1910 | residual nan (Module: solver, Line: 328)
2026-02-26 16:17:44,531 [DEBUG] Iter 1920 | residual nan (Module: solver, Line: 328)
2026-02-26 16:17:44,531 [DEBUG] Iter 1930 | residual nan (Module: solver, Line: 328)
2026-02-26 16:17:44,533 [DEBUG] Iter 1940 | residual nan (Module: solver, Line: 328)
2026-02-26 16:17:44,533 [DEBUG] Iter 1950 | residual nan (Module: solver, Line: 328)
2026-02-26 16:17:44,533 [DEBUG] Iter 1960 | residual nan (Module: solver, Line: 328)
2026-02-26 16:17:44,535 [DEBUG] Iter 1970 | residual nan (Module: solver, Line: 328)
2026-02-26 16:17:44,535 [DEBUG] Iter 1980 | residual nan (Module: solver, Line: 328)
2026-02-26 16:17:44,535 [DEBUG] Iter 1990 | residual nan (Module: solver, Line: 328)
2026-02-26 16:17:44,537 [DEBUG] Iter 2000 | residual nan (Module: solver, Line: 328)
2026-02-26 16:17:44,537 [WARNING] Solver info=1000 (not converged). (Module: solver, Line: 344)
2026-02-26 16:17:44,537 [INFO] Switching to direct SuperLU fall-back. (Module: solver, Line: 359)
2026-02-26 16:17:44,537 [DEBUG] Using SuperLU direct solver (Module: solver, Line: 306)
2026-02-26 16:17:44,538 [INFO] Condensed residual norm: 1.515e-02 (Module: solver, Line: 204)
2026-02-26 16:17:44,538 [WARNING] Residual is high – verify model! (Module: solver, Line: 207)
2026-02-26 16:17:44,539 [INFO] 📊 Condensed solver report: (Module: solver, Line: 384)
2026-02-26 16:17:44,539 [INFO]  • dofs: 768 (Module: solver, Line: 386)
2026-02-26 16:17:44,539 [INFO]  • nnz: 3312 (Module: solver, Line: 386)
2026-02-26 16:17:44,539 [INFO]  • density: 0.005615234375 (Module: solver, Line: 386)
2026-02-26 16:17:44,539 [INFO]  • condition_est: 1.0582219079405328 (Module: solver, Line: 386)
2026-02-26 16:17:44,539 [INFO]  • solve_phases: {'iterative': 0.07199020000007295, 'factorization': 0.0006716999996569939, 'solution': 0.0007378999998763902} (Module: solver, Line: 386)
2026-02-26 16:17:44,539 [INFO]  • iters: 2000 (Module: solver, Line: 386)
2026-02-26 16:17:44,539 [INFO]  • final_residual: nan (Module: solver, Line: 386)
