--------------------------------------------------------------------------
### Global System

                   │ CURRENT            │ EVOLUTION         
Equations          │ 30                 │ 30                
Dirichlet          │ 0                  │ 0                 
Eliminated         │ 0                  │ 0                 
Unknowns           │ 30                 │ 30                
nnz                │ 130                │ 130               
Density            │ 1.44e-01           │ 1.44e-01          
Zero rows          │ 0                  │ 0                 
Zero cols          │ 0                  │ 0                 
Bandwidth          │ 10                 │ 10                
Symmetric          │ yes                │ yes               
Rank               │ 24                 │ 24                
Cond-no            │ 1.9e+19            │ 1.9e+19           
λmin/λmax          │ -4.7e-08/2.0e+09   │ -4.7e-08/2.0e+09  
Inertia            │ 27/3/0             │ 27/3/0            
b-min/max          │ -1.4e+02/0.0e+00   │ -1.4e+02/0.0e+00  
Σb                 │ -3.3e+02           │ -3.3e+02          
Top|b|             │ 19:-1.4e+02, 25:-1.1e+02, 13:-6.5e+01 │ 19:-1.4e+02, 25:-1.1e+02, 13:-6.5e+01

2026-02-26 16:19:45,514 [INFO] 🩺  Global System diagnostics appended → C:\Users\s1834431\Programs\fem_model\post_processing\results\job_0011_n4_2026-02-26_16-19-42-602110_pid18316_a06b1367\diagnostics\DiagnoseLinearStaticSystem.log
--------------------------------------------------------------------------
### Modified System

                   │ CURRENT            │ EVOLUTION         
Equations          │ 30                 │ 30                
Dirichlet          │ 0                  │ 6                 
Eliminated         │ 0                  │ 0                 
Unknowns           │ 30                 │ 24                
nnz                │ 106                │ 130               
Density            │ 1.18e-01           │ 1.44e-01          
Zero rows          │ 0                  │ 0                 
Zero cols          │ 0                  │ 0                 
Bandwidth          │ 10                 │ 10                
Symmetric          │ yes                │ yes               
Rank               │ 6                  │ 24                
Cond-no            │ 2.0e+33            │ 1.9e+19           
λmin/λmax          │ 5.1e+02/1.0e+36    │ -4.7e-08/2.0e+09  
Inertia            │ 30/0/0             │ 27/3/0            
b-min/max          │ -1.4e+02/0.0e+00   │ -1.4e+02/0.0e+00  
Σb                 │ -3.3e+02           │ -3.3e+02          
Top|b|             │ 19:-1.4e+02, 25:-1.1e+02, 13:-6.5e+01 │ 19:-1.4e+02, 25:-1.1e+02, 13:-6.5e+01

2026-02-26 16:19:45,926 [INFO] 🩺  Modified System diagnostics appended → C:\Users\s1834431\Programs\fem_model\post_processing\results\job_0011_n4_2026-02-26_16-19-42-602110_pid18316_a06b1367\diagnostics\DiagnoseLinearStaticSystem.log
--------------------------------------------------------------------------
### Condensed System

                   │ CURRENT            │ EVOLUTION         
Equations          │ 24                 │ 30                
Dirichlet          │ 0                  │ 6                 
Eliminated         │ 0                  │ 6                 
Unknowns           │ 24                 │ 18                
nnz                │ 100                │ 130               
Density            │ 1.74e-01           │ 1.44e-01          
Zero rows          │ 0                  │ 0                 
Zero cols          │ 0                  │ 0                 
Bandwidth          │ 10                 │ 10                
Symmetric          │ yes                │ yes               
Rank               │ 24                 │ 24                
Cond-no            │ 3.8e+06            │ 1.9e+19           
λmin/λmax          │ 5.1e+02/1.9e+09    │ -4.7e-08/2.0e+09  
Inertia            │ 24/0/0             │ 27/3/0            
b-min/max          │ -1.4e+02/0.0e+00   │ -1.4e+02/0.0e+00  
Σb                 │ -3.3e+02           │ -3.3e+02          
Top|b|             │ 13:-1.4e+02, 19:-1.1e+02, 7:-6.5e+01 │ 19:-1.4e+02, 25:-1.1e+02, 13:-6.5e+01

2026-02-26 16:19:46,338 [INFO] 🩺  Condensed System diagnostics appended → C:\Users\s1834431\Programs\fem_model\post_processing\results\job_0011_n4_2026-02-26_16-19-42-602110_pid18316_a06b1367\diagnostics\DiagnoseLinearStaticSystem.log
