--------------------------------------------------------------------------
### Global System

                   │ CURRENT            │ EVOLUTION         
Equations          │ 54                 │ 54                
Dirichlet          │ 0                  │ 0                 
Eliminated         │ 0                  │ 0                 
Unknowns           │ 54                 │ 54                
nnz                │ 250                │ 250               
Density            │ 8.57e-02           │ 8.57e-02          
Zero rows          │ 0                  │ 0                 
Zero cols          │ 0                  │ 0                 
Bandwidth          │ 10                 │ 10                
Symmetric          │ yes                │ yes               
Rank               │ 48                 │ 48                
Cond-no            │ 6.0e+18            │ 6.0e+18           
λmin/λmax          │ -6.2e-07/4.3e+09   │ -6.2e-07/4.3e+09  
Inertia            │ 51/3/0             │ 51/3/0            
b-min/max          │ -1.1e+02/0.0e+00   │ -1.1e+02/0.0e+00  
Σb                 │ -5.0e+02           │ -5.0e+02          
Top|b|             │ 43:-1.1e+02, 37:-9.4e+01, 31:-7.8e+01 │ 43:-1.1e+02, 37:-9.4e+01, 31:-7.8e+01

2026-02-26 16:17:51,336 [INFO] 🩺  Global System diagnostics appended → C:\Users\s1834431\Programs\fem_model\post_processing\results\job_0004_n8_2026-02-26_16-17-48-351218_pid18316_c09e8dc1\diagnostics\DiagnoseLinearStaticSystem.log
--------------------------------------------------------------------------
### Modified System

                   │ CURRENT            │ EVOLUTION         
Equations          │ 54                 │ 54                
Dirichlet          │ 0                  │ 6                 
Eliminated         │ 0                  │ 0                 
Unknowns           │ 54                 │ 48                
nnz                │ 226                │ 250               
Density            │ 7.75e-02           │ 8.57e-02          
Zero rows          │ 0                  │ 0                 
Zero cols          │ 0                  │ 0                 
Bandwidth          │ 10                 │ 10                
Symmetric          │ yes                │ yes               
Rank               │ 6                  │ 48                
Cond-no            │ 3.5e+33            │ 6.0e+18           
λmin/λmax          │ 2.9e+02/1.0e+36    │ -6.2e-07/4.3e+09  
Inertia            │ 54/0/0             │ 51/3/0            
b-min/max          │ -1.1e+02/0.0e+00   │ -1.1e+02/0.0e+00  
Σb                 │ -5.0e+02           │ -5.0e+02          
Top|b|             │ 43:-1.1e+02, 37:-9.4e+01, 31:-7.8e+01 │ 43:-1.1e+02, 37:-9.4e+01, 31:-7.8e+01

2026-02-26 16:17:51,751 [INFO] 🩺  Modified System diagnostics appended → C:\Users\s1834431\Programs\fem_model\post_processing\results\job_0004_n8_2026-02-26_16-17-48-351218_pid18316_c09e8dc1\diagnostics\DiagnoseLinearStaticSystem.log
--------------------------------------------------------------------------
### Condensed System

                   │ CURRENT            │ EVOLUTION         
Equations          │ 48                 │ 54                
Dirichlet          │ 0                  │ 6                 
Eliminated         │ 0                  │ 6                 
Unknowns           │ 48                 │ 42                
nnz                │ 220                │ 250               
Density            │ 9.55e-02           │ 8.57e-02          
Zero rows          │ 0                  │ 0                 
Zero cols          │ 0                  │ 0                 
Bandwidth          │ 10                 │ 10                
Symmetric          │ yes                │ yes               
Rank               │ 48                 │ 48                
Cond-no            │ 1.5e+07            │ 6.0e+18           
λmin/λmax          │ 2.9e+02/4.3e+09    │ -6.2e-07/4.3e+09  
Inertia            │ 48/0/0             │ 51/3/0            
b-min/max          │ -1.1e+02/0.0e+00   │ -1.1e+02/0.0e+00  
Σb                 │ -5.0e+02           │ -5.0e+02          
Top|b|             │ 37:-1.1e+02, 31:-9.4e+01, 25:-7.8e+01 │ 43:-1.1e+02, 37:-9.4e+01, 31:-7.8e+01

2026-02-26 16:17:52,165 [INFO] 🩺  Condensed System diagnostics appended → C:\Users\s1834431\Programs\fem_model\post_processing\results\job_0004_n8_2026-02-26_16-17-48-351218_pid18316_c09e8dc1\diagnostics\DiagnoseLinearStaticSystem.log
