--------------------------------------------------------------------------
Machine specifications – written 2026-02-26 16:19:11.118779
OS          : Windows 11 (10.0.26100)
CPU         : 12th Gen Intel(R) Core(TM) i7-12700
   logical  : 20
   physical : 12
RAM         : 31.24 GB
Disk        : 943.72 GB total  /  2.49 GB free
Python      : 3.12.5  (C:\Users\s1834431\AppData\Local\Programs\Python\Python312\python.exe)
GPU(s)      : Intel(R) UHD Graphics 770
--------------------------------------------------------------------------

Runtime telemetry header written → C:\Users\s1834431\Programs\fem_model\post_processing\results\job_0009_n4_2026-02-26_16-19-09-108462_pid18316_26cfb6e4\diagnostics\RuntimeMonitorTelemetry.log
2026-02-26 16:19:11 │ PrepareLocalSystem BEGIN   │ Δt  0.00 s │ RAM   136.9 MB │ CPU  31.6 % │ Disk  941.2 GB
2026-02-26 16:19:11 │ PrepareLocalSystem END     │ Δt  0.20 s │ RAM   136.9 MB │ CPU  15.9 % │ Disk  941.2 GB
2026-02-26 16:19:11 │ AssembleGlobalSystem BEGIN │ Δt  0.20 s │ RAM   136.9 MB │ CPU  11.2 % │ Disk  941.2 GB
2026-02-26 16:19:12 │ AssembleGlobalSystem END   │ Δt  0.21 s │ RAM   136.9 MB │ CPU  16.8 % │ Disk  941.2 GB
2026-02-26 16:19:12 │ ModifyGlobalSystem BEGIN   │ Δt  0.20 s │ RAM   136.9 MB │ CPU  12.1 % │ Disk  941.2 GB
2026-02-26 16:19:12 │ ModifyGlobalSystem END     │ Δt  0.21 s │ RAM   136.9 MB │ CPU   9.2 % │ Disk  941.2 GB
2026-02-26 16:19:12 │ CondenseModifiedSystem BEGIN │ Δt  0.20 s │ RAM   136.9 MB │ CPU   8.3 % │ Disk  941.2 GB
2026-02-26 16:19:12 │ CondenseModifiedSystem END │ Δt  0.21 s │ RAM   136.9 MB │ CPU  12.0 % │ Disk  941.2 GB
2026-02-26 16:19:13 │ SolveCondensedSystem BEGIN │ Δt  0.20 s │ RAM   136.9 MB │ CPU  13.1 % │ Disk  941.2 GB
2026-02-26 16:19:13 │ SolveCondensedSystem END   │ Δt  0.20 s │ RAM   136.9 MB │ CPU   8.7 % │ Disk  941.2 GB
2026-02-26 16:19:13 │ ReconstructGlobalSystem BEGIN │ Δt  0.20 s │ RAM   136.9 MB │ CPU   5.5 % │ Disk  941.2 GB
2026-02-26 16:19:13 │ ReconstructGlobalSystem END │ Δt  0.20 s │ RAM   136.9 MB │ CPU   5.2 % │ Disk  941.2 GB
2026-02-26 16:19:13 │ ComputePrimaryResults BEGIN │ Δt  0.20 s │ RAM   136.9 MB │ CPU  10.3 % │ Disk  941.2 GB
2026-02-26 16:19:14 │ ComputePrimaryResults END  │ Δt  0.24 s │ RAM   136.9 MB │ CPU  26.7 % │ Disk  941.2 GB
2026-02-26 16:19:14 │ SaveFormulationCache BEGIN │ Δt  0.20 s │ RAM   136.9 MB │ CPU  15.0 % │ Disk  941.2 GB
2026-02-26 16:19:14 │ SaveFormulationCache END   │ Δt  0.21 s │ RAM   136.9 MB │ CPU  17.1 % │ Disk  941.2 GB
2026-02-26 16:19:14 │ ComputeSecondaryResults BEGIN │ Δt  0.20 s │ RAM   136.9 MB │ CPU  24.4 % │ Disk  941.2 GB
2026-02-26 16:19:14 │ ComputeSecondaryResults END │ Δt  0.22 s │ RAM   136.9 MB │ CPU  16.7 % │ Disk  941.2 GB
2026-02-26 16:19:15 │ ComputeTertiaryResults BEGIN │ Δt  0.20 s │ RAM   136.9 MB │ CPU  10.4 % │ Disk  941.2 GB
2026-02-26 16:19:15 │ ComputeTertiaryResults END │ Δt  0.22 s │ RAM   136.9 MB │ CPU  21.5 % │ Disk  941.2 GB
