
=== Element 1 Force Vector Computation ===

=== Distributed Loads ===
=== N (12, 6) ===
[[ 0.887298  0.        0.        0.        0.        0.      ]
 [ 0.        0.964758  0.        0.        0.        0.      ]
 [ 0.        0.        0.964758  0.        0.        0.      ]
 [ 0.        0.        0.        0.887298  0.        0.      ]
 [ 0.        0.        0.        0.       -0.044365  0.      ]
 [ 0.        0.        0.        0.        0.        0.044365]
 [ 0.112702  0.        0.        0.        0.        0.      ]
 [ 0.        0.035242  0.        0.        0.        0.      ]
 [ 0.        0.        0.035242  0.        0.        0.      ]
 [ 0.        0.        0.        0.112702  0.        0.      ]
 [ 0.        0.        0.        0.        0.005635  0.      ]
 [ 0.        0.        0.        0.        0.       -0.005635]]

=== q (6,) ===
[   0.       -139.087708    0.          0.          0.          0.      ]

=== N (12, 6) ===
[[ 0.5     0.      0.      0.      0.      0.    ]
 [ 0.      0.5     0.      0.      0.      0.    ]
 [ 0.      0.      0.5     0.      0.      0.    ]
 [ 0.      0.      0.      0.5     0.      0.    ]
 [ 0.      0.      0.      0.     -0.0625  0.    ]
 [ 0.      0.      0.      0.      0.      0.0625]
 [ 0.5     0.      0.      0.      0.      0.    ]
 [ 0.      0.5     0.      0.      0.      0.    ]
 [ 0.      0.      0.5     0.      0.      0.    ]
 [ 0.      0.      0.      0.5     0.      0.    ]
 [ 0.      0.      0.      0.      0.0625  0.    ]
 [ 0.      0.      0.      0.      0.     -0.0625]]

=== q (6,) ===
[   0.  -187.5    0.     0.     0.     0. ]

=== N (12, 6) ===
[[ 0.112702  0.        0.        0.        0.        0.      ]
 [ 0.        0.035242  0.        0.        0.        0.      ]
 [ 0.        0.        0.035242  0.        0.        0.      ]
 [ 0.        0.        0.        0.112702  0.        0.      ]
 [ 0.        0.        0.        0.       -0.005635  0.      ]
 [ 0.        0.        0.        0.        0.        0.005635]
 [ 0.887298  0.        0.        0.        0.        0.      ]
 [ 0.        0.964758  0.        0.        0.        0.      ]
 [ 0.        0.        0.964758  0.        0.        0.      ]
 [ 0.        0.        0.        0.887298  0.        0.      ]
 [ 0.        0.        0.        0.        0.044365  0.      ]
 [ 0.        0.        0.        0.        0.       -0.044365]]

=== q (6,) ===
[   0.       -235.912292    0.          0.          0.          0.      ]

=== Total Fe (12,) ===
[[  0.    -40.625   0.      0.      0.      0.      0.    -53.125   0.      0.      0.      0.   ]]

=== Final Force Vector ===
[[  0.    -40.625   0.      0.      0.      0.      0.    -53.125   0.      0.      0.      0.   ]]

