--------------------------------------------------------------------------
Machine specifications – written 2026-02-26 16:18:37.615647
OS          : Windows 11 (10.0.26100)
CPU         : 12th Gen Intel(R) Core(TM) i7-12700
   logical  : 20
   physical : 12
RAM         : 31.24 GB
Disk        : 943.72 GB total  /  2.51 GB free
Python      : 3.12.5  (C:\Users\s1834431\AppData\Local\Programs\Python\Python312\python.exe)
GPU(s)      : Intel(R) UHD Graphics 770
--------------------------------------------------------------------------

Runtime telemetry header written → C:\Users\s1834431\Programs\fem_model\post_processing\results\job_0007_n32_2026-02-26_16-18-35-472828_pid18316_53a88bc9\diagnostics\RuntimeMonitorTelemetry.log
2026-02-26 16:18:37 │ PrepareLocalSystem BEGIN   │ Δt  0.00 s │ RAM   136.1 MB │ CPU  23.2 % │ Disk  941.2 GB
2026-02-26 16:18:38 │ PrepareLocalSystem END     │ Δt  0.20 s │ RAM   136.1 MB │ CPU  30.4 % │ Disk  941.2 GB
2026-02-26 16:18:38 │ AssembleGlobalSystem BEGIN │ Δt  0.20 s │ RAM   136.1 MB │ CPU  15.5 % │ Disk  941.2 GB
2026-02-26 16:18:38 │ AssembleGlobalSystem END   │ Δt  0.22 s │ RAM   136.1 MB │ CPU   9.3 % │ Disk  941.2 GB
2026-02-26 16:18:38 │ ModifyGlobalSystem BEGIN   │ Δt  0.22 s │ RAM   136.2 MB │ CPU   7.9 % │ Disk  941.2 GB
2026-02-26 16:18:38 │ ModifyGlobalSystem END     │ Δt  0.22 s │ RAM   136.2 MB │ CPU   6.9 % │ Disk  941.2 GB
2026-02-26 16:18:39 │ CondenseModifiedSystem BEGIN │ Δt  0.24 s │ RAM   136.2 MB │ CPU   7.8 % │ Disk  941.2 GB
2026-02-26 16:18:39 │ CondenseModifiedSystem END │ Δt  0.22 s │ RAM   136.2 MB │ CPU   6.6 % │ Disk  941.2 GB
2026-02-26 16:18:39 │ SolveCondensedSystem BEGIN │ Δt  0.23 s │ RAM   136.2 MB │ CPU   2.0 % │ Disk  941.2 GB
2026-02-26 16:18:39 │ SolveCondensedSystem END   │ Δt  0.28 s │ RAM   136.2 MB │ CPU   4.0 % │ Disk  941.2 GB
2026-02-26 16:18:40 │ ReconstructGlobalSystem BEGIN │ Δt  0.20 s │ RAM   136.2 MB │ CPU   9.3 % │ Disk  941.2 GB
2026-02-26 16:18:40 │ ReconstructGlobalSystem END │ Δt  0.21 s │ RAM   136.2 MB │ CPU  14.9 % │ Disk  941.2 GB
2026-02-26 16:18:40 │ ComputePrimaryResults BEGIN │ Δt  0.20 s │ RAM   136.2 MB │ CPU   8.2 % │ Disk  941.2 GB
2026-02-26 16:18:40 │ ComputePrimaryResults END  │ Δt  0.35 s │ RAM   136.2 MB │ CPU   7.8 % │ Disk  941.2 GB
2026-02-26 16:18:41 │ SaveFormulationCache BEGIN │ Δt  0.20 s │ RAM   136.2 MB │ CPU  14.9 % │ Disk  941.2 GB
2026-02-26 16:18:41 │ SaveFormulationCache END   │ Δt  0.24 s │ RAM   136.2 MB │ CPU  14.6 % │ Disk  941.2 GB
2026-02-26 16:18:41 │ ComputeSecondaryResults BEGIN │ Δt  0.20 s │ RAM   136.2 MB │ CPU   7.4 % │ Disk  941.2 GB
2026-02-26 16:18:41 │ ComputeSecondaryResults END │ Δt  0.25 s │ RAM   136.2 MB │ CPU  12.4 % │ Disk  941.2 GB
2026-02-26 16:18:41 │ ComputeTertiaryResults BEGIN │ Δt  0.20 s │ RAM   136.2 MB │ CPU   9.9 % │ Disk  941.2 GB
2026-02-26 16:18:42 │ ComputeTertiaryResults END │ Δt  0.25 s │ RAM   136.2 MB │ CPU   9.3 % │ Disk  941.2 GB
