Machine Specifications:
   - OS: Windows 11 (10.0.26100)
       • Logical cores: 20
       • Physical cores: 12
   - RAM: 31.24 GB
   - Disk: 943.72 GB total, 2.62 GB free
   - Python Version: 3.12.5 (C:\Users\s1834431\AppData\Local\Programs\Python\Python312\python.exe)
   - GPU(s): Intel(R) UHD Graphics 770

Job: job_0001_n128
Timestamp (job start): 2026-02-26_16-16-48-554819
Total Time: 12.97 sec

+-------------------------------+------------+---------------+-------------+-----------+
| Step                          |   Time (s) |   Memory (MB) |   Disk (GB) |   CPU (%) |
+===============================+============+===============+=============+===========+
| Parsing                       | 0.00800467 |       128.945 |     941.079 |         0 |
+-------------------------------+------------+---------------+-------------+-----------+
| Element Instantiation         | 0.669336   |       129.254 |     941.08  |         0 |
+-------------------------------+------------+---------------+-------------+-----------+
| Element Stiffness Computation | 1.74661    |       131.281 |     941.086 |         0 |
+-------------------------------+------------+---------------+-------------+-----------+
| Element Force Computation     | 0.623488   |       131.781 |     941.087 |         0 |
+-------------------------------+------------+---------------+-------------+-----------+
| Full Simulation               | 9.31191    |       133.844 |     941.098 |         0 |
+-------------------------------+------------+---------------+-------------+-----------+

Parallel Jobs: None
Start Memory: 128.90 MB | End Memory: 133.84 MB
Start Disk Usage: 941.08 GB | End Disk Usage: 941.10 GB
Start CPU: 0.00% | End CPU: 0.00%
