2026-02-26 16:16:44,567 [DEBUG] 📁 Log file: c:\Users\s1834431\Programs\fem_model\post_processing\results\job_0001_n128_2026-02-26_16-16-35-394050_pid18316_6ee27a9d\logs\SolveCondensedSystem.log (Module: solver, Line: 249)
2026-02-26 16:16:44,567 [DEBUG] Row/column scaling applied. (Module: solver, Line: 164)
2026-02-26 16:16:44,569 [DEBUG] Building ILU (drop_tol=1e-06, fill_factor=1.0) (Module: solver, Line: 77)
2026-02-26 16:16:44,569 [DEBUG] ILU fill-ratio = 1.02 (Module: solver, Line: 82)
2026-02-26 16:16:44,569 [INFO] Solver parameters • solver='cg', prec='auto', K nnz=3312, dofs=768 (Module: solver, Line: 181)
2026-02-26 16:16:44,569 [INFO] Condensed condition estimate: 1.06e+00 (Module: solver, Line: 187)
2026-02-26 16:16:44,569 [DEBUG] Iter   10 | residual 1.805e-03 (Module: solver, Line: 328)
2026-02-26 16:16:44,569 [DEBUG] Iter   20 | residual 1.646e-03 (Module: solver, Line: 328)
2026-02-26 16:16:44,572 [DEBUG] Iter   30 | residual 2.353e-03 (Module: solver, Line: 328)
2026-02-26 16:16:44,572 [DEBUG] Iter   40 | residual 2.459e-03 (Module: solver, Line: 328)
2026-02-26 16:16:44,572 [DEBUG] Iter   50 | residual 2.104e-03 (Module: solver, Line: 328)
2026-02-26 16:16:44,572 [DEBUG] Iter   60 | residual 1.821e-03 (Module: solver, Line: 328)
2026-02-26 16:16:44,572 [DEBUG] Iter   70 | residual 1.735e-03 (Module: solver, Line: 328)
2026-02-26 16:16:44,572 [DEBUG] Iter   80 | residual 1.755e-03 (Module: solver, Line: 328)
2026-02-26 16:16:44,572 [DEBUG] Iter   90 | residual 1.772e-03 (Module: solver, Line: 328)
2026-02-26 16:16:44,572 [DEBUG] Iter  100 | residual 1.744e-03 (Module: solver, Line: 328)
2026-02-26 16:16:44,578 [DEBUG] Iter  110 | residual 1.690e-03 (Module: solver, Line: 328)
2026-02-26 16:16:44,578 [DEBUG] Iter  120 | residual 1.631e-03 (Module: solver, Line: 328)
2026-02-26 16:16:44,579 [DEBUG] Iter  130 | residual 1.577e-03 (Module: solver, Line: 328)
2026-02-26 16:16:44,580 [DEBUG] Iter  140 | residual 1.532e-03 (Module: solver, Line: 328)
2026-02-26 16:16:44,581 [DEBUG] Iter  150 | residual 1.494e-03 (Module: solver, Line: 328)
2026-02-26 16:16:44,582 [DEBUG] Iter  160 | residual 1.462e-03 (Module: solver, Line: 328)
2026-02-26 16:16:44,582 [DEBUG] Iter  170 | residual 1.436e-03 (Module: solver, Line: 328)
2026-02-26 16:16:44,583 [DEBUG] Iter  180 | residual 1.414e-03 (Module: solver, Line: 328)
2026-02-26 16:16:44,584 [DEBUG] Iter  190 | residual 1.395e-03 (Module: solver, Line: 328)
2026-02-26 16:16:44,584 [DEBUG] Iter  200 | residual 1.378e-03 (Module: solver, Line: 328)
2026-02-26 16:16:44,585 [DEBUG] Iter  210 | residual 1.363e-03 (Module: solver, Line: 328)
2026-02-26 16:16:44,586 [DEBUG] Iter  220 | residual 1.350e-03 (Module: solver, Line: 328)
2026-02-26 16:16:44,586 [DEBUG] Iter  230 | residual 1.339e-03 (Module: solver, Line: 328)
2026-02-26 16:16:44,586 [DEBUG] Iter  240 | residual 1.328e-03 (Module: solver, Line: 328)
2026-02-26 16:16:44,586 [DEBUG] Iter  250 | residual 1.319e-03 (Module: solver, Line: 328)
2026-02-26 16:16:44,586 [DEBUG] Iter  260 | residual 1.310e-03 (Module: solver, Line: 328)
2026-02-26 16:16:44,586 [DEBUG] Iter  270 | residual 1.302e-03 (Module: solver, Line: 328)
2026-02-26 16:16:44,591 [DEBUG] Iter  280 | residual 1.294e-03 (Module: solver, Line: 328)
2026-02-26 16:16:44,591 [DEBUG] Iter  290 | residual 1.287e-03 (Module: solver, Line: 328)
2026-02-26 16:16:44,591 [DEBUG] Iter  300 | residual 1.281e-03 (Module: solver, Line: 328)
2026-02-26 16:16:44,591 [DEBUG] Iter  310 | residual 1.275e-03 (Module: solver, Line: 328)
2026-02-26 16:16:44,591 [DEBUG] Iter  320 | residual 1.269e-03 (Module: solver, Line: 328)
2026-02-26 16:16:44,591 [DEBUG] Iter  330 | residual 1.264e-03 (Module: solver, Line: 328)
2026-02-26 16:16:44,595 [DEBUG] Iter  340 | residual 1.259e-03 (Module: solver, Line: 328)
2026-02-26 16:16:44,595 [DEBUG] Iter  350 | residual 1.254e-03 (Module: solver, Line: 328)
2026-02-26 16:16:44,596 [DEBUG] Iter  360 | residual 1.249e-03 (Module: solver, Line: 328)
2026-02-26 16:16:44,597 [DEBUG] Iter  370 | residual 1.245e-03 (Module: solver, Line: 328)
2026-02-26 16:16:44,598 [DEBUG] Iter  380 | residual 1.241e-03 (Module: solver, Line: 328)
2026-02-26 16:16:44,599 [DEBUG] Iter  390 | residual 1.237e-03 (Module: solver, Line: 328)
2026-02-26 16:16:44,599 [DEBUG] Iter  400 | residual 1.233e-03 (Module: solver, Line: 328)
2026-02-26 16:16:44,600 [DEBUG] Iter  410 | residual 1.229e-03 (Module: solver, Line: 328)
2026-02-26 16:16:44,601 [DEBUG] Iter  420 | residual 1.226e-03 (Module: solver, Line: 328)
2026-02-26 16:16:44,601 [DEBUG] Iter  430 | residual 1.222e-03 (Module: solver, Line: 328)
2026-02-26 16:16:44,602 [DEBUG] Iter  440 | residual 1.219e-03 (Module: solver, Line: 328)
2026-02-26 16:16:44,603 [DEBUG] Iter  450 | residual 1.216e-03 (Module: solver, Line: 328)
2026-02-26 16:16:44,603 [DEBUG] Iter  460 | residual 1.213e-03 (Module: solver, Line: 328)
2026-02-26 16:16:44,603 [DEBUG] Iter  470 | residual 1.210e-03 (Module: solver, Line: 328)
2026-02-26 16:16:44,603 [DEBUG] Iter  480 | residual 1.207e-03 (Module: solver, Line: 328)
2026-02-26 16:16:44,603 [DEBUG] Iter  490 | residual 1.204e-03 (Module: solver, Line: 328)
2026-02-26 16:16:44,603 [DEBUG] Iter  500 | residual 1.201e-03 (Module: solver, Line: 328)
2026-02-26 16:16:44,603 [DEBUG] Iter  510 | residual 1.199e-03 (Module: solver, Line: 328)
2026-02-26 16:16:44,603 [DEBUG] Iter  520 | residual 1.196e-03 (Module: solver, Line: 328)
2026-02-26 16:16:44,603 [DEBUG] Iter  530 | residual 1.194e-03 (Module: solver, Line: 328)
2026-02-26 16:16:44,603 [DEBUG] Iter  540 | residual 1.191e-03 (Module: solver, Line: 328)
2026-02-26 16:16:44,603 [DEBUG] Iter  550 | residual 1.189e-03 (Module: solver, Line: 328)
2026-02-26 16:16:44,603 [DEBUG] Iter  560 | residual 1.187e-03 (Module: solver, Line: 328)
2026-02-26 16:16:44,603 [DEBUG] Iter  570 | residual 1.184e-03 (Module: solver, Line: 328)
2026-02-26 16:16:44,611 [DEBUG] Iter  580 | residual 1.182e-03 (Module: solver, Line: 328)
2026-02-26 16:16:44,612 [DEBUG] Iter  590 | residual 1.180e-03 (Module: solver, Line: 328)
2026-02-26 16:16:44,613 [DEBUG] Iter  600 | residual 1.178e-03 (Module: solver, Line: 328)
2026-02-26 16:16:44,613 [DEBUG] Iter  610 | residual 1.176e-03 (Module: solver, Line: 328)
2026-02-26 16:16:44,613 [DEBUG] Iter  620 | residual 1.173e-03 (Module: solver, Line: 328)
2026-02-26 16:16:44,613 [DEBUG] Iter  630 | residual 1.171e-03 (Module: solver, Line: 328)
2026-02-26 16:16:44,613 [DEBUG] Iter  640 | residual 1.169e-03 (Module: solver, Line: 328)
2026-02-26 16:16:44,613 [DEBUG] Iter  650 | residual 1.167e-03 (Module: solver, Line: 328)
2026-02-26 16:16:44,613 [DEBUG] Iter  660 | residual 1.166e-03 (Module: solver, Line: 328)
2026-02-26 16:16:44,613 [DEBUG] Iter  670 | residual 1.164e-03 (Module: solver, Line: 328)
2026-02-26 16:16:44,613 [DEBUG] Iter  680 | residual 1.162e-03 (Module: solver, Line: 328)
2026-02-26 16:16:44,613 [DEBUG] Iter  690 | residual 1.160e-03 (Module: solver, Line: 328)
2026-02-26 16:16:44,613 [DEBUG] Iter  700 | residual 1.158e-03 (Module: solver, Line: 328)
2026-02-26 16:16:44,613 [DEBUG] Iter  710 | residual 1.156e-03 (Module: solver, Line: 328)
2026-02-26 16:16:44,613 [DEBUG] Iter  720 | residual 1.155e-03 (Module: solver, Line: 328)
2026-02-26 16:16:44,613 [DEBUG] Iter  730 | residual 1.153e-03 (Module: solver, Line: 328)
2026-02-26 16:16:44,624 [DEBUG] Iter  740 | residual 1.151e-03 (Module: solver, Line: 328)
2026-02-26 16:16:44,624 [DEBUG] Iter  750 | residual 1.149e-03 (Module: solver, Line: 328)
2026-02-26 16:16:44,624 [DEBUG] Iter  760 | residual 1.148e-03 (Module: solver, Line: 328)
2026-02-26 16:16:44,624 [DEBUG] Iter  770 | residual 1.146e-03 (Module: solver, Line: 328)
2026-02-26 16:16:44,624 [DEBUG] Iter  780 | residual 1.144e-03 (Module: solver, Line: 328)
2026-02-26 16:16:44,624 [DEBUG] Iter  790 | residual 1.143e-03 (Module: solver, Line: 328)
2026-02-26 16:16:44,628 [DEBUG] Iter  800 | residual 1.141e-03 (Module: solver, Line: 328)
2026-02-26 16:16:44,629 [DEBUG] Iter  810 | residual 1.139e-03 (Module: solver, Line: 328)
2026-02-26 16:16:44,630 [DEBUG] Iter  820 | residual 1.138e-03 (Module: solver, Line: 328)
2026-02-26 16:16:44,630 [DEBUG] Iter  830 | residual 1.136e-03 (Module: solver, Line: 328)
2026-02-26 16:16:44,630 [DEBUG] Iter  840 | residual 1.135e-03 (Module: solver, Line: 328)
2026-02-26 16:16:44,630 [DEBUG] Iter  850 | residual 1.133e-03 (Module: solver, Line: 328)
2026-02-26 16:16:44,630 [DEBUG] Iter  860 | residual 1.132e-03 (Module: solver, Line: 328)
2026-02-26 16:16:44,630 [DEBUG] Iter  870 | residual 1.130e-03 (Module: solver, Line: 328)
2026-02-26 16:16:44,630 [DEBUG] Iter  880 | residual 1.129e-03 (Module: solver, Line: 328)
2026-02-26 16:16:44,630 [DEBUG] Iter  890 | residual 1.127e-03 (Module: solver, Line: 328)
2026-02-26 16:16:44,630 [DEBUG] Iter  900 | residual 1.126e-03 (Module: solver, Line: 328)
2026-02-26 16:16:44,630 [DEBUG] Iter  910 | residual 1.124e-03 (Module: solver, Line: 328)
2026-02-26 16:16:44,630 [DEBUG] Iter  920 | residual 1.123e-03 (Module: solver, Line: 328)
2026-02-26 16:16:44,630 [DEBUG] Iter  930 | residual 1.122e-03 (Module: solver, Line: 328)
2026-02-26 16:16:44,630 [DEBUG] Iter  940 | residual 1.120e-03 (Module: solver, Line: 328)
2026-02-26 16:16:44,630 [DEBUG] Iter  950 | residual 1.119e-03 (Module: solver, Line: 328)
2026-02-26 16:16:44,630 [DEBUG] Iter  960 | residual 1.117e-03 (Module: solver, Line: 328)
2026-02-26 16:16:44,630 [DEBUG] Iter  970 | residual 1.116e-03 (Module: solver, Line: 328)
2026-02-26 16:16:44,630 [DEBUG] Iter  980 | residual 1.115e-03 (Module: solver, Line: 328)
2026-02-26 16:16:44,630 [DEBUG] Iter  990 | residual 1.113e-03 (Module: solver, Line: 328)
2026-02-26 16:16:44,630 [DEBUG] Iter 1000 | residual 1.112e-03 (Module: solver, Line: 328)
2026-02-26 16:16:44,630 [WARNING] Solver info=1000 (not converged). (Module: solver, Line: 344)
2026-02-26 16:16:44,630 [INFO] Retrying with ILU preconditioner … (Module: solver, Line: 351)
2026-02-26 16:16:44,630 [DEBUG] Building ILU (drop_tol=1e-06, fill_factor=1.0) (Module: solver, Line: 77)
2026-02-26 16:16:44,630 [DEBUG] ILU fill-ratio = 1.02 (Module: solver, Line: 82)
2026-02-26 16:16:44,630 [DEBUG] Iter 1010 | residual 1.805e-03 (Module: solver, Line: 328)
2026-02-26 16:16:44,645 [DEBUG] Iter 1020 | residual 1.646e-03 (Module: solver, Line: 328)
2026-02-26 16:16:44,646 [DEBUG] Iter 1030 | residual 2.353e-03 (Module: solver, Line: 328)
2026-02-26 16:16:44,646 [DEBUG] Iter 1040 | residual 2.459e-03 (Module: solver, Line: 328)
2026-02-26 16:16:44,646 [DEBUG] Iter 1050 | residual 2.104e-03 (Module: solver, Line: 328)
2026-02-26 16:16:44,646 [DEBUG] Iter 1060 | residual 1.821e-03 (Module: solver, Line: 328)
2026-02-26 16:16:44,646 [DEBUG] Iter 1070 | residual 1.735e-03 (Module: solver, Line: 328)
2026-02-26 16:16:44,646 [DEBUG] Iter 1080 | residual 1.755e-03 (Module: solver, Line: 328)
2026-02-26 16:16:44,646 [DEBUG] Iter 1090 | residual 1.772e-03 (Module: solver, Line: 328)
2026-02-26 16:16:44,646 [DEBUG] Iter 1100 | residual 1.744e-03 (Module: solver, Line: 328)
2026-02-26 16:16:44,646 [DEBUG] Iter 1110 | residual 1.690e-03 (Module: solver, Line: 328)
2026-02-26 16:16:44,646 [DEBUG] Iter 1120 | residual 1.631e-03 (Module: solver, Line: 328)
2026-02-26 16:16:44,646 [DEBUG] Iter 1130 | residual 1.577e-03 (Module: solver, Line: 328)
2026-02-26 16:16:44,646 [DEBUG] Iter 1140 | residual 1.532e-03 (Module: solver, Line: 328)
2026-02-26 16:16:44,646 [DEBUG] Iter 1150 | residual 1.494e-03 (Module: solver, Line: 328)
2026-02-26 16:16:44,646 [DEBUG] Iter 1160 | residual 1.462e-03 (Module: solver, Line: 328)
2026-02-26 16:16:44,646 [DEBUG] Iter 1170 | residual 1.436e-03 (Module: solver, Line: 328)
2026-02-26 16:16:44,646 [DEBUG] Iter 1180 | residual 1.414e-03 (Module: solver, Line: 328)
2026-02-26 16:16:44,646 [DEBUG] Iter 1190 | residual 1.395e-03 (Module: solver, Line: 328)
2026-02-26 16:16:44,646 [DEBUG] Iter 1200 | residual 1.378e-03 (Module: solver, Line: 328)
2026-02-26 16:16:44,646 [DEBUG] Iter 1210 | residual 1.363e-03 (Module: solver, Line: 328)
2026-02-26 16:16:44,646 [DEBUG] Iter 1220 | residual 1.350e-03 (Module: solver, Line: 328)
2026-02-26 16:16:44,646 [DEBUG] Iter 1230 | residual 1.339e-03 (Module: solver, Line: 328)
2026-02-26 16:16:44,646 [DEBUG] Iter 1240 | residual 1.328e-03 (Module: solver, Line: 328)
2026-02-26 16:16:44,662 [DEBUG] Iter 1250 | residual 1.319e-03 (Module: solver, Line: 328)
2026-02-26 16:16:44,663 [DEBUG] Iter 1260 | residual 1.310e-03 (Module: solver, Line: 328)
2026-02-26 16:16:44,663 [DEBUG] Iter 1270 | residual 1.302e-03 (Module: solver, Line: 328)
2026-02-26 16:16:44,664 [DEBUG] Iter 1280 | residual 1.294e-03 (Module: solver, Line: 328)
2026-02-26 16:16:44,665 [DEBUG] Iter 1290 | residual 1.287e-03 (Module: solver, Line: 328)
2026-02-26 16:16:44,666 [DEBUG] Iter 1300 | residual 1.281e-03 (Module: solver, Line: 328)
2026-02-26 16:16:44,667 [DEBUG] Iter 1310 | residual 1.275e-03 (Module: solver, Line: 328)
2026-02-26 16:16:44,667 [DEBUG] Iter 1320 | residual 1.269e-03 (Module: solver, Line: 328)
2026-02-26 16:16:44,668 [DEBUG] Iter 1330 | residual 1.264e-03 (Module: solver, Line: 328)
2026-02-26 16:16:44,669 [DEBUG] Iter 1340 | residual 1.259e-03 (Module: solver, Line: 328)
2026-02-26 16:16:44,669 [DEBUG] Iter 1350 | residual 1.254e-03 (Module: solver, Line: 328)
2026-02-26 16:16:44,669 [DEBUG] Iter 1360 | residual 1.249e-03 (Module: solver, Line: 328)
2026-02-26 16:16:44,669 [DEBUG] Iter 1370 | residual 1.245e-03 (Module: solver, Line: 328)
2026-02-26 16:16:44,669 [DEBUG] Iter 1380 | residual 1.241e-03 (Module: solver, Line: 328)
2026-02-26 16:16:44,672 [DEBUG] Iter 1390 | residual 1.237e-03 (Module: solver, Line: 328)
2026-02-26 16:16:44,672 [DEBUG] Iter 1400 | residual 1.233e-03 (Module: solver, Line: 328)
2026-02-26 16:16:44,672 [DEBUG] Iter 1410 | residual 1.229e-03 (Module: solver, Line: 328)
2026-02-26 16:16:44,672 [DEBUG] Iter 1420 | residual 1.226e-03 (Module: solver, Line: 328)
2026-02-26 16:16:44,672 [DEBUG] Iter 1430 | residual 1.222e-03 (Module: solver, Line: 328)
2026-02-26 16:16:44,672 [DEBUG] Iter 1440 | residual 1.219e-03 (Module: solver, Line: 328)
2026-02-26 16:16:44,672 [DEBUG] Iter 1450 | residual 1.216e-03 (Module: solver, Line: 328)
2026-02-26 16:16:44,672 [DEBUG] Iter 1460 | residual 1.213e-03 (Module: solver, Line: 328)
2026-02-26 16:16:44,672 [DEBUG] Iter 1470 | residual 1.210e-03 (Module: solver, Line: 328)
2026-02-26 16:16:44,678 [DEBUG] Iter 1480 | residual 1.207e-03 (Module: solver, Line: 328)
2026-02-26 16:16:44,679 [DEBUG] Iter 1490 | residual 1.204e-03 (Module: solver, Line: 328)
2026-02-26 16:16:44,680 [DEBUG] Iter 1500 | residual 1.201e-03 (Module: solver, Line: 328)
2026-02-26 16:16:44,680 [DEBUG] Iter 1510 | residual 1.199e-03 (Module: solver, Line: 328)
2026-02-26 16:16:44,681 [DEBUG] Iter 1520 | residual 1.196e-03 (Module: solver, Line: 328)
2026-02-26 16:16:44,682 [DEBUG] Iter 1530 | residual 1.194e-03 (Module: solver, Line: 328)
2026-02-26 16:16:44,683 [DEBUG] Iter 1540 | residual 1.191e-03 (Module: solver, Line: 328)
2026-02-26 16:16:44,684 [DEBUG] Iter 1550 | residual 1.189e-03 (Module: solver, Line: 328)
2026-02-26 16:16:44,684 [DEBUG] Iter 1560 | residual 1.187e-03 (Module: solver, Line: 328)
2026-02-26 16:16:44,685 [DEBUG] Iter 1570 | residual 1.184e-03 (Module: solver, Line: 328)
2026-02-26 16:16:44,685 [DEBUG] Iter 1580 | residual 1.182e-03 (Module: solver, Line: 328)
2026-02-26 16:16:44,685 [DEBUG] Iter 1590 | residual 1.180e-03 (Module: solver, Line: 328)
2026-02-26 16:16:44,685 [DEBUG] Iter 1600 | residual 1.178e-03 (Module: solver, Line: 328)
2026-02-26 16:16:44,685 [DEBUG] Iter 1610 | residual 1.176e-03 (Module: solver, Line: 328)
2026-02-26 16:16:44,685 [DEBUG] Iter 1620 | residual 1.173e-03 (Module: solver, Line: 328)
2026-02-26 16:16:44,685 [DEBUG] Iter 1630 | residual 1.171e-03 (Module: solver, Line: 328)
2026-02-26 16:16:44,691 [DEBUG] Iter 1640 | residual 1.169e-03 (Module: solver, Line: 328)
2026-02-26 16:16:44,691 [DEBUG] Iter 1650 | residual 1.167e-03 (Module: solver, Line: 328)
2026-02-26 16:16:44,691 [DEBUG] Iter 1660 | residual 1.166e-03 (Module: solver, Line: 328)
2026-02-26 16:16:44,691 [DEBUG] Iter 1670 | residual 1.164e-03 (Module: solver, Line: 328)
2026-02-26 16:16:44,691 [DEBUG] Iter 1680 | residual 1.162e-03 (Module: solver, Line: 328)
2026-02-26 16:16:44,691 [DEBUG] Iter 1690 | residual 1.160e-03 (Module: solver, Line: 328)
2026-02-26 16:16:44,695 [DEBUG] Iter 1700 | residual 1.158e-03 (Module: solver, Line: 328)
2026-02-26 16:16:44,696 [DEBUG] Iter 1710 | residual 1.156e-03 (Module: solver, Line: 328)
2026-02-26 16:16:44,696 [DEBUG] Iter 1720 | residual 1.155e-03 (Module: solver, Line: 328)
2026-02-26 16:16:44,696 [DEBUG] Iter 1730 | residual 1.153e-03 (Module: solver, Line: 328)
2026-02-26 16:16:44,696 [DEBUG] Iter 1740 | residual 1.151e-03 (Module: solver, Line: 328)
2026-02-26 16:16:44,696 [DEBUG] Iter 1750 | residual 1.149e-03 (Module: solver, Line: 328)
2026-02-26 16:16:44,696 [DEBUG] Iter 1760 | residual 1.148e-03 (Module: solver, Line: 328)
2026-02-26 16:16:44,696 [DEBUG] Iter 1770 | residual 1.146e-03 (Module: solver, Line: 328)
2026-02-26 16:16:44,696 [DEBUG] Iter 1780 | residual 1.144e-03 (Module: solver, Line: 328)
2026-02-26 16:16:44,696 [DEBUG] Iter 1790 | residual 1.143e-03 (Module: solver, Line: 328)
2026-02-26 16:16:44,696 [DEBUG] Iter 1800 | residual 1.141e-03 (Module: solver, Line: 328)
2026-02-26 16:16:44,696 [DEBUG] Iter 1810 | residual 1.139e-03 (Module: solver, Line: 328)
2026-02-26 16:16:44,696 [DEBUG] Iter 1820 | residual 1.138e-03 (Module: solver, Line: 328)
2026-02-26 16:16:44,696 [DEBUG] Iter 1830 | residual 1.136e-03 (Module: solver, Line: 328)
2026-02-26 16:16:44,696 [DEBUG] Iter 1840 | residual 1.135e-03 (Module: solver, Line: 328)
2026-02-26 16:16:44,696 [DEBUG] Iter 1850 | residual 1.133e-03 (Module: solver, Line: 328)
2026-02-26 16:16:44,696 [DEBUG] Iter 1860 | residual 1.132e-03 (Module: solver, Line: 328)
2026-02-26 16:16:44,696 [DEBUG] Iter 1870 | residual 1.130e-03 (Module: solver, Line: 328)
2026-02-26 16:16:44,696 [DEBUG] Iter 1880 | residual 1.129e-03 (Module: solver, Line: 328)
2026-02-26 16:16:44,696 [DEBUG] Iter 1890 | residual 1.127e-03 (Module: solver, Line: 328)
2026-02-26 16:16:44,696 [DEBUG] Iter 1900 | residual 1.126e-03 (Module: solver, Line: 328)
2026-02-26 16:16:44,696 [DEBUG] Iter 1910 | residual 1.124e-03 (Module: solver, Line: 328)
2026-02-26 16:16:44,696 [DEBUG] Iter 1920 | residual 1.123e-03 (Module: solver, Line: 328)
2026-02-26 16:16:44,711 [DEBUG] Iter 1930 | residual 1.122e-03 (Module: solver, Line: 328)
2026-02-26 16:16:44,712 [DEBUG] Iter 1940 | residual 1.120e-03 (Module: solver, Line: 328)
2026-02-26 16:16:44,712 [DEBUG] Iter 1950 | residual 1.119e-03 (Module: solver, Line: 328)
2026-02-26 16:16:44,712 [DEBUG] Iter 1960 | residual 1.117e-03 (Module: solver, Line: 328)
2026-02-26 16:16:44,712 [DEBUG] Iter 1970 | residual 1.116e-03 (Module: solver, Line: 328)
2026-02-26 16:16:44,712 [DEBUG] Iter 1980 | residual 1.115e-03 (Module: solver, Line: 328)
2026-02-26 16:16:44,712 [DEBUG] Iter 1990 | residual 1.113e-03 (Module: solver, Line: 328)
2026-02-26 16:16:44,712 [DEBUG] Iter 2000 | residual 1.112e-03 (Module: solver, Line: 328)
2026-02-26 16:16:44,712 [WARNING] Solver info=1000 (not converged). (Module: solver, Line: 344)
2026-02-26 16:16:44,712 [INFO] Switching to direct SuperLU fall-back. (Module: solver, Line: 359)
2026-02-26 16:16:44,712 [DEBUG] Using SuperLU direct solver (Module: solver, Line: 306)
2026-02-26 16:16:44,712 [INFO] Condensed residual norm: 8.406e-03 (Module: solver, Line: 204)
2026-02-26 16:16:44,712 [WARNING] Residual is high – verify model! (Module: solver, Line: 207)
2026-02-26 16:16:44,712 [INFO] 📊 Condensed solver report: (Module: solver, Line: 384)
2026-02-26 16:16:44,712 [INFO]  • dofs: 768 (Module: solver, Line: 386)
2026-02-26 16:16:44,712 [INFO]  • nnz: 3312 (Module: solver, Line: 386)
2026-02-26 16:16:44,712 [INFO]  • density: 0.005615234375 (Module: solver, Line: 386)
2026-02-26 16:16:44,712 [INFO]  • condition_est: 1.0564407560634712 (Module: solver, Line: 386)
2026-02-26 16:16:44,712 [INFO]  • solve_phases: {'iterative': 0.0737117999997281, 'factorization': 0.00046379999912460335, 'solution': 0.0005487999997058068} (Module: solver, Line: 386)
2026-02-26 16:16:44,712 [INFO]  • iters: 2000 (Module: solver, Line: 386)
2026-02-26 16:16:44,712 [INFO]  • final_residual: 0.0011120005592832511 (Module: solver, Line: 386)
