--------------------------------------------------------------------------
Machine specifications – written 2025-11-16 14:17:08.999598
OS          : Windows 11 (10.0.26100)
CPU         : 12th Gen Intel(R) Core(TM) i7-12700
   logical  : 20
   physical : 12
RAM         : 31.24 GB
Disk        : 943.72 GB total  /  504.59 GB free
Python      : 3.12.5  (C:\Users\s1834431\AppData\Local\Programs\Python\Python312\python.exe)
GPU(s)      : Intel(R) UHD Graphics 770
--------------------------------------------------------------------------

Runtime telemetry header written → C:\Users\s1834431\.cursor\worktrees\fem_model\kXxtc\post_processing\results\job_0003_2025-11-16_14-17-02-945355_pid27564_7071248d\diagnostics\RuntimeMonitorTelemetry.log
2025-11-16 14:17:09 │ PrepareLocalSystem BEGIN   │ Δt  0.00 s │ RAM   134.4 MB │ CPU  49.8 % │ Disk  439.1 GB
2025-11-16 14:17:09 │ PrepareLocalSystem END     │ Δt  0.23 s │ RAM   135.2 MB │ CPU  55.9 % │ Disk  439.1 GB
2025-11-16 14:17:09 │ AssembleGlobalSystem BEGIN │ Δt  0.20 s │ RAM   135.2 MB │ CPU  54.7 % │ Disk  439.1 GB
2025-11-16 14:17:10 │ AssembleGlobalSystem END   │ Δt  0.33 s │ RAM   137.7 MB │ CPU  32.4 % │ Disk  439.1 GB
2025-11-16 14:17:35 │ ModifyGlobalSystem BEGIN   │ Δt 24.90 s │ RAM   140.8 MB │ CPU  38.8 % │ Disk  439.1 GB
2025-11-16 14:17:35 │ ModifyGlobalSystem END     │ Δt  0.25 s │ RAM   142.1 MB │ CPU  20.7 % │ Disk  439.1 GB
2025-11-16 14:18:01 │ CondenseModifiedSystem BEGIN │ Δt 26.55 s │ RAM   142.1 MB │ CPU   9.8 % │ Disk  439.1 GB
2025-11-16 14:18:02 │ CondenseModifiedSystem END │ Δt  0.53 s │ RAM   143.4 MB │ CPU   5.0 % │ Disk  439.1 GB
2025-11-16 14:18:29 │ SolveCondensedSystem BEGIN │ Δt 26.86 s │ RAM   143.3 MB │ CPU  30.0 % │ Disk  439.2 GB
2025-11-16 14:18:29 │ SolveCondensedSystem END   │ Δt  0.35 s │ RAM   145.2 MB │ CPU  33.3 % │ Disk  439.2 GB
2025-11-16 14:18:29 │ ReconstructGlobalSystem BEGIN │ Δt  0.20 s │ RAM   145.2 MB │ CPU  38.8 % │ Disk  439.2 GB
2025-11-16 14:18:30 │ ReconstructGlobalSystem END │ Δt  0.34 s │ RAM   145.3 MB │ CPU  34.1 % │ Disk  439.2 GB
2025-11-16 14:18:30 │ ComputePrimaryResults BEGIN │ Δt  0.20 s │ RAM   145.3 MB │ CPU  34.0 % │ Disk  439.2 GB
2025-11-16 14:18:32 │ ComputePrimaryResults END  │ Δt  2.61 s │ RAM   145.6 MB │ CPU  43.6 % │ Disk  439.1 GB
2025-11-16 14:18:33 │ SaveFormulationCache BEGIN │ Δt  0.20 s │ RAM   145.6 MB │ CPU  30.8 % │ Disk  439.1 GB
2025-11-16 14:18:34 │ SaveFormulationCache END   │ Δt  0.88 s │ RAM   145.6 MB │ CPU  39.3 % │ Disk  439.1 GB
2025-11-16 14:18:34 │ ComputeSecondaryResults BEGIN │ Δt  0.20 s │ RAM   145.6 MB │ CPU  29.7 % │ Disk  439.1 GB
2025-11-16 14:18:34 │ ComputeSecondaryResults END │ Δt  0.20 s │ RAM   145.6 MB │ CPU  32.7 % │ Disk  439.1 GB
