--------------------------------------------------------------------------
Machine specifications – written 2026-02-26 16:18:59.063834
OS          : Windows 11 (10.0.26100)
CPU         : 12th Gen Intel(R) Core(TM) i7-12700
   logical  : 20
   physical : 12
RAM         : 31.24 GB
Disk        : 943.72 GB total  /  2.50 GB free
Python      : 3.12.5  (C:\Users\s1834431\AppData\Local\Programs\Python\Python312\python.exe)
GPU(s)      : Intel(R) UHD Graphics 770
--------------------------------------------------------------------------

Runtime telemetry header written → C:\Users\s1834431\Programs\fem_model\post_processing\results\job_0008_n8_2026-02-26_16-18-57-034981_pid18316_d59d61a5\diagnostics\RuntimeMonitorTelemetry.log
2026-02-26 16:18:59 │ PrepareLocalSystem BEGIN   │ Δt  0.00 s │ RAM   135.2 MB │ CPU  46.6 % │ Disk  941.2 GB
2026-02-26 16:18:59 │ PrepareLocalSystem END     │ Δt  0.20 s │ RAM   135.2 MB │ CPU  39.0 % │ Disk  941.2 GB
2026-02-26 16:18:59 │ AssembleGlobalSystem BEGIN │ Δt  0.20 s │ RAM   135.2 MB │ CPU  32.4 % │ Disk  941.2 GB
2026-02-26 16:18:59 │ AssembleGlobalSystem END   │ Δt  0.21 s │ RAM   135.2 MB │ CPU  25.1 % │ Disk  941.2 GB
2026-02-26 16:19:00 │ ModifyGlobalSystem BEGIN   │ Δt  0.20 s │ RAM   135.2 MB │ CPU  25.1 % │ Disk  941.2 GB
2026-02-26 16:19:00 │ ModifyGlobalSystem END     │ Δt  0.21 s │ RAM   135.2 MB │ CPU  22.0 % │ Disk  941.2 GB
2026-02-26 16:19:00 │ CondenseModifiedSystem BEGIN │ Δt  0.20 s │ RAM   135.2 MB │ CPU  11.8 % │ Disk  941.2 GB
2026-02-26 16:19:00 │ CondenseModifiedSystem END │ Δt  0.21 s │ RAM   135.2 MB │ CPU  11.7 % │ Disk  941.2 GB
2026-02-26 16:19:01 │ SolveCondensedSystem BEGIN │ Δt  0.20 s │ RAM   135.2 MB │ CPU  15.0 % │ Disk  941.2 GB
2026-02-26 16:19:01 │ SolveCondensedSystem END   │ Δt  0.26 s │ RAM   135.2 MB │ CPU  17.1 % │ Disk  941.2 GB
2026-02-26 16:19:01 │ ReconstructGlobalSystem BEGIN │ Δt  0.20 s │ RAM   135.2 MB │ CPU  14.8 % │ Disk  941.2 GB
2026-02-26 16:19:01 │ ReconstructGlobalSystem END │ Δt  0.20 s │ RAM   135.2 MB │ CPU   1.9 % │ Disk  941.2 GB
2026-02-26 16:19:01 │ ComputePrimaryResults BEGIN │ Δt  0.20 s │ RAM   135.2 MB │ CPU   5.5 % │ Disk  941.2 GB
2026-02-26 16:19:02 │ ComputePrimaryResults END  │ Δt  0.25 s │ RAM   135.2 MB │ CPU  38.7 % │ Disk  941.2 GB
2026-02-26 16:19:02 │ SaveFormulationCache BEGIN │ Δt  0.20 s │ RAM   135.2 MB │ CPU  20.9 % │ Disk  941.2 GB
2026-02-26 16:19:02 │ SaveFormulationCache END   │ Δt  0.22 s │ RAM   135.2 MB │ CPU  21.6 % │ Disk  941.2 GB
2026-02-26 16:19:02 │ ComputeSecondaryResults BEGIN │ Δt  0.20 s │ RAM   135.2 MB │ CPU  39.6 % │ Disk  941.2 GB
2026-02-26 16:19:02 │ ComputeSecondaryResults END │ Δt  0.22 s │ RAM   135.2 MB │ CPU  35.3 % │ Disk  941.2 GB
2026-02-26 16:19:03 │ ComputeTertiaryResults BEGIN │ Δt  0.20 s │ RAM   135.2 MB │ CPU   8.1 % │ Disk  941.2 GB
2026-02-26 16:19:03 │ ComputeTertiaryResults END │ Δt  0.22 s │ RAM   135.2 MB │ CPU  13.9 % │ Disk  941.2 GB
