2026-02-26 16:16:35,608 [DEBUG]: 🟢 ElementFactory logger initialised.
2026-02-26 16:16:35,608 [INFO]: 🚩 Starting batch element creation.
2026-02-26 16:16:35,608 [DEBUG]: Element IDs sanitised: [0, 1, 2, 3, 4, 5, 6, 7, 8, 9, 10, 11, 12, 13, 14, 15, 16, 17, 18, 19, 20, 21, 22, 23, 24, 25, 26, 27, 28, 29, 30, 31, 32, 33, 34, 35, 36, 37, 38, 39, 40, 41, 42, 43, 44, 45, 46, 47, 48, 49, 50, 51, 52, 53, 54, 55, 56, 57, 58, 59, 60, 61, 62, 63]
2026-02-26 16:16:35,608 [INFO]: Instantiating 64 elements in parallel (2 processes)
2026-02-26 16:16:36,218 [INFO]: Parallel element instantiation completed successfully
2026-02-26 16:16:36,218 [DEBUG]: Logging verified for element 0.
2026-02-26 16:16:36,219 [DEBUG]: Logging verified for element 1.
2026-02-26 16:16:36,219 [DEBUG]: Logging verified for element 2.
2026-02-26 16:16:36,221 [DEBUG]: Logging verified for element 3.
2026-02-26 16:16:36,221 [DEBUG]: Logging verified for element 4.
2026-02-26 16:16:36,221 [DEBUG]: Logging verified for element 5.
2026-02-26 16:16:36,222 [DEBUG]: Logging verified for element 6.
2026-02-26 16:16:36,223 [DEBUG]: Logging verified for element 7.
2026-02-26 16:16:36,223 [DEBUG]: Logging verified for element 8.
2026-02-26 16:16:36,223 [DEBUG]: Logging verified for element 9.
2026-02-26 16:16:36,223 [DEBUG]: Logging verified for element 10.
2026-02-26 16:16:36,223 [DEBUG]: Logging verified for element 11.
2026-02-26 16:16:36,223 [DEBUG]: Logging verified for element 12.
2026-02-26 16:16:36,223 [DEBUG]: Logging verified for element 13.
2026-02-26 16:16:36,223 [DEBUG]: Logging verified for element 14.
2026-02-26 16:16:36,223 [DEBUG]: Logging verified for element 15.
2026-02-26 16:16:36,223 [DEBUG]: Logging verified for element 16.
2026-02-26 16:16:36,227 [DEBUG]: Logging verified for element 17.
2026-02-26 16:16:36,227 [DEBUG]: Logging verified for element 18.
2026-02-26 16:16:36,227 [DEBUG]: Logging verified for element 19.
2026-02-26 16:16:36,227 [DEBUG]: Logging verified for element 20.
2026-02-26 16:16:36,229 [DEBUG]: Logging verified for element 21.
2026-02-26 16:16:36,230 [DEBUG]: Logging verified for element 22.
2026-02-26 16:16:36,230 [DEBUG]: Logging verified for element 23.
2026-02-26 16:16:36,230 [DEBUG]: Logging verified for element 24.
2026-02-26 16:16:36,230 [DEBUG]: Logging verified for element 25.
2026-02-26 16:16:36,230 [DEBUG]: Logging verified for element 26.
2026-02-26 16:16:36,230 [DEBUG]: Logging verified for element 27.
2026-02-26 16:16:36,230 [DEBUG]: Logging verified for element 28.
2026-02-26 16:16:36,230 [DEBUG]: Logging verified for element 29.
2026-02-26 16:16:36,230 [DEBUG]: Logging verified for element 30.
2026-02-26 16:16:36,230 [DEBUG]: Logging verified for element 31.
2026-02-26 16:16:36,230 [DEBUG]: Logging verified for element 32.
2026-02-26 16:16:36,230 [DEBUG]: Logging verified for element 33.
2026-02-26 16:16:36,230 [DEBUG]: Logging verified for element 34.
2026-02-26 16:16:36,230 [DEBUG]: Logging verified for element 35.
2026-02-26 16:16:36,230 [DEBUG]: Logging verified for element 36.
2026-02-26 16:16:36,230 [DEBUG]: Logging verified for element 37.
2026-02-26 16:16:36,230 [DEBUG]: Logging verified for element 38.
2026-02-26 16:16:36,230 [DEBUG]: Logging verified for element 39.
2026-02-26 16:16:36,230 [DEBUG]: Logging verified for element 40.
2026-02-26 16:16:36,230 [DEBUG]: Logging verified for element 41.
2026-02-26 16:16:36,230 [DEBUG]: Logging verified for element 42.
2026-02-26 16:16:36,230 [DEBUG]: Logging verified for element 43.
2026-02-26 16:16:36,230 [DEBUG]: Logging verified for element 44.
2026-02-26 16:16:36,230 [DEBUG]: Logging verified for element 45.
2026-02-26 16:16:36,230 [DEBUG]: Logging verified for element 46.
2026-02-26 16:16:36,230 [DEBUG]: Logging verified for element 47.
2026-02-26 16:16:36,230 [DEBUG]: Logging verified for element 48.
2026-02-26 16:16:36,230 [DEBUG]: Logging verified for element 49.
2026-02-26 16:16:36,230 [DEBUG]: Logging verified for element 50.
2026-02-26 16:16:36,230 [DEBUG]: Logging verified for element 51.
2026-02-26 16:16:36,230 [DEBUG]: Logging verified for element 52.
2026-02-26 16:16:36,230 [DEBUG]: Logging verified for element 53.
2026-02-26 16:16:36,230 [DEBUG]: Logging verified for element 54.
2026-02-26 16:16:36,230 [DEBUG]: Logging verified for element 55.
2026-02-26 16:16:36,230 [DEBUG]: Logging verified for element 56.
2026-02-26 16:16:36,230 [DEBUG]: Logging verified for element 57.
2026-02-26 16:16:36,230 [DEBUG]: Logging verified for element 58.
2026-02-26 16:16:36,245 [DEBUG]: Logging verified for element 59.
2026-02-26 16:16:36,245 [DEBUG]: Logging verified for element 60.
2026-02-26 16:16:36,246 [DEBUG]: Logging verified for element 61.
2026-02-26 16:16:36,246 [DEBUG]: Logging verified for element 62.
2026-02-26 16:16:36,246 [DEBUG]: Logging verified for element 63.
2026-02-26 16:16:36,246 [INFO]: ✅ Batch element creation complete.
