Machine Specifications:
   - OS: Windows 11 (10.0.26100)
       • Logical cores: 20
       • Physical cores: 12
   - RAM: 31.24 GB
   - Disk: 943.72 GB total, 2.63 GB free
   - Python Version: 3.12.5 (C:\Users\s1834431\AppData\Local\Programs\Python\Python312\python.exe)
   - GPU(s): Intel(R) UHD Graphics 770

Job: job_0000_n64
Timestamp (job start): 2026-02-26_16-16-45-530030
Total Time: 9.94 sec

+-------------------------------+------------+---------------+-------------+-----------+
| Step                          |   Time (s) |   Memory (MB) |   Disk (GB) |   CPU (%) |
+===============================+============+===============+=============+===========+
| Parsing                       |  0.0060184 |       124.738 |     941.079 |       0   |
+-------------------------------+------------+---------------+-------------+-----------+
| Element Instantiation         |  0.638709  |       125.461 |     941.08  |       0   |
+-------------------------------+------------+---------------+-------------+-----------+
| Element Stiffness Computation |  1.14561   |       127.867 |     941.084 |      16.6 |
+-------------------------------+------------+---------------+-------------+-----------+
| Element Force Computation     |  0.61201   |       127.902 |     941.086 |       0   |
+-------------------------------+------------+---------------+-------------+-----------+
| Full Simulation               |  6.92573   |       134.75  |     941.092 |       0   |
+-------------------------------+------------+---------------+-------------+-----------+

Parallel Jobs: None
Start Memory: 124.65 MB | End Memory: 134.75 MB
Start Disk Usage: 941.08 GB | End Disk Usage: 941.09 GB
Start CPU: 0.00% | End CPU: 0.00%
