2026-02-26 16:16:42,280 [DEBUG] 📁 Log file: c:\Users\s1834431\Programs\fem_model\post_processing\results\job_0000_n64_2026-02-26_16-16-35-389572_pid18316_7e5cb54e\logs\SolveCondensedSystem.log (Module: solver, Line: 249)
2026-02-26 16:16:42,280 [DEBUG] Row/column scaling applied. (Module: solver, Line: 164)
2026-02-26 16:16:42,280 [DEBUG] Building ILU (drop_tol=1e-06, fill_factor=1.0) (Module: solver, Line: 77)
2026-02-26 16:16:42,281 [WARNING] Preconditioner 'ilu' failed (Factor is exactly singular); proceeding without it. (Module: solver, Line: 279)
2026-02-26 16:16:42,281 [INFO] Solver parameters • solver='cg', prec='None', K nnz=1648, dofs=384 (Module: solver, Line: 181)
2026-02-26 16:16:42,282 [INFO] Condensed condition estimate: 1.03e+00 (Module: solver, Line: 187)
2026-02-26 16:16:42,282 [DEBUG] Iter   10 | residual 5.162e-03 (Module: solver, Line: 328)
2026-02-26 16:16:42,282 [DEBUG] Iter   20 | residual 5.942e-03 (Module: solver, Line: 328)
2026-02-26 16:16:42,282 [DEBUG] Iter   30 | residual 6.692e-03 (Module: solver, Line: 328)
2026-02-26 16:16:42,282 [DEBUG] Iter   40 | residual 4.357e-03 (Module: solver, Line: 328)
2026-02-26 16:16:42,283 [DEBUG] Iter   50 | residual 4.589e-03 (Module: solver, Line: 328)
2026-02-26 16:16:42,283 [DEBUG] Iter   60 | residual 5.111e-03 (Module: solver, Line: 328)
2026-02-26 16:16:42,283 [DEBUG] Iter   70 | residual 4.908e-03 (Module: solver, Line: 328)
2026-02-26 16:16:42,283 [DEBUG] Iter   80 | residual 5.073e-03 (Module: solver, Line: 328)
2026-02-26 16:16:42,283 [DEBUG] Iter   90 | residual 8.366e-03 (Module: solver, Line: 328)
2026-02-26 16:16:42,284 [DEBUG] Iter  100 | residual 8.254e-03 (Module: solver, Line: 328)
2026-02-26 16:16:42,284 [DEBUG] Iter  110 | residual 3.195e-03 (Module: solver, Line: 328)
2026-02-26 16:16:42,284 [DEBUG] Iter  120 | residual 1.537e-03 (Module: solver, Line: 328)
2026-02-26 16:16:42,284 [DEBUG] Iter  130 | residual 1.570e-03 (Module: solver, Line: 328)
2026-02-26 16:16:42,284 [DEBUG] Iter  140 | residual 7.367e-03 (Module: solver, Line: 328)
2026-02-26 16:16:42,285 [DEBUG] Iter  150 | residual 2.778e-02 (Module: solver, Line: 328)
2026-02-26 16:16:42,285 [DEBUG] Iter  160 | residual 6.320e-03 (Module: solver, Line: 328)
2026-02-26 16:16:42,285 [DEBUG] Iter  170 | residual 3.325e-03 (Module: solver, Line: 328)
2026-02-26 16:16:42,285 [DEBUG] Iter  180 | residual 5.100e-02 (Module: solver, Line: 328)
2026-02-26 16:16:42,285 [DEBUG] Iter  190 | residual 1.289e-02 (Module: solver, Line: 328)
2026-02-26 16:16:42,285 [DEBUG] Iter  200 | residual 2.185e-03 (Module: solver, Line: 328)
2026-02-26 16:16:42,286 [DEBUG] Iter  210 | residual 2.081e-03 (Module: solver, Line: 328)
2026-02-26 16:16:42,286 [DEBUG] Iter  220 | residual 9.002e-03 (Module: solver, Line: 328)
2026-02-26 16:16:42,286 [WARNING] Iterative solver aborted: Divergence detected (Module: solver, Line: 346)
2026-02-26 16:16:42,286 [INFO] Switching to direct SuperLU fall-back. (Module: solver, Line: 359)
2026-02-26 16:16:42,286 [DEBUG] Using SuperLU direct solver (Module: solver, Line: 306)
2026-02-26 16:16:42,286 [INFO] Condensed residual norm: 1.990e-02 (Module: solver, Line: 204)
2026-02-26 16:16:42,288 [WARNING] Residual is high – verify model! (Module: solver, Line: 207)
2026-02-26 16:16:42,288 [INFO] 📊 Condensed solver report: (Module: solver, Line: 384)
2026-02-26 16:16:42,288 [INFO]  • dofs: 384 (Module: solver, Line: 386)
2026-02-26 16:16:42,288 [INFO]  • nnz: 1648 (Module: solver, Line: 386)
2026-02-26 16:16:42,288 [INFO]  • density: 0.011176215277777778 (Module: solver, Line: 386)
2026-02-26 16:16:42,288 [INFO]  • condition_est: 1.033347971812525 (Module: solver, Line: 386)
2026-02-26 16:16:42,288 [INFO]  • solve_phases: {'factorization': 0.0006064999997761333, 'solution': 0.0006526999995912774} (Module: solver, Line: 386)
2026-02-26 16:16:42,288 [INFO]  • iters: 229 (Module: solver, Line: 386)
2026-02-26 16:16:42,288 [INFO]  • final_residual: 0.5230112177900513 (Module: solver, Line: 386)
