--------------------------------------------------------------------------
Machine specifications – written 2026-02-26 16:16:27.400436
OS          : Windows 11 (10.0.26100)
CPU         : 12th Gen Intel(R) Core(TM) i7-12700
   logical  : 20
   physical : 12
RAM         : 31.24 GB
Disk        : 943.72 GB total  /  2.65 GB free
Python      : 3.12.5  (C:\Users\s1834431\AppData\Local\Programs\Python\Python312\python.exe)
GPU(s)      : Intel(R) UHD Graphics 770
--------------------------------------------------------------------------

Runtime telemetry header written → C:\Users\s1834431\Programs\fem_model\post_processing\results\job_0000_n128_2026-02-26_16-16-21-501078_pid18316_06d0faf7\diagnostics\RuntimeMonitorTelemetry.log
2026-02-26 16:16:27 │ PrepareLocalSystem BEGIN   │ Δt  0.00 s │ RAM   126.8 MB │ CPU  22.7 % │ Disk  941.1 GB
2026-02-26 16:16:27 │ PrepareLocalSystem END     │ Δt  0.21 s │ RAM   127.0 MB │ CPU  26.9 % │ Disk  941.1 GB
2026-02-26 16:16:28 │ AssembleGlobalSystem BEGIN │ Δt  0.20 s │ RAM   127.0 MB │ CPU  18.4 % │ Disk  941.1 GB
2026-02-26 16:16:28 │ AssembleGlobalSystem END   │ Δt  0.24 s │ RAM   128.0 MB │ CPU  17.1 % │ Disk  941.1 GB
2026-02-26 16:16:29 │ ModifyGlobalSystem BEGIN   │ Δt  0.87 s │ RAM   129.7 MB │ CPU  13.2 % │ Disk  941.1 GB
2026-02-26 16:16:29 │ ModifyGlobalSystem END     │ Δt  0.22 s │ RAM   130.1 MB │ CPU   3.5 % │ Disk  941.1 GB
2026-02-26 16:16:30 │ CondenseModifiedSystem BEGIN │ Δt  0.88 s │ RAM   130.3 MB │ CPU   6.1 % │ Disk  941.1 GB
2026-02-26 16:16:30 │ CondenseModifiedSystem END │ Δt  0.26 s │ RAM   131.1 MB │ CPU  11.5 % │ Disk  941.1 GB
2026-02-26 16:16:31 │ SolveCondensedSystem BEGIN │ Δt  0.90 s │ RAM   131.1 MB │ CPU   7.9 % │ Disk  941.1 GB
2026-02-26 16:16:31 │ SolveCondensedSystem END   │ Δt  0.35 s │ RAM   131.6 MB │ CPU  10.8 % │ Disk  941.1 GB
2026-02-26 16:16:32 │ ReconstructGlobalSystem BEGIN │ Δt  0.20 s │ RAM   131.6 MB │ CPU   5.4 % │ Disk  941.1 GB
2026-02-26 16:16:32 │ ReconstructGlobalSystem END │ Δt  0.23 s │ RAM   131.6 MB │ CPU   4.2 % │ Disk  941.1 GB
2026-02-26 16:16:32 │ ComputePrimaryResults BEGIN │ Δt  0.20 s │ RAM   131.6 MB │ CPU   8.7 % │ Disk  941.1 GB
2026-02-26 16:16:33 │ ComputePrimaryResults END  │ Δt  0.71 s │ RAM   132.1 MB │ CPU   4.5 % │ Disk  941.1 GB
2026-02-26 16:16:33 │ SaveFormulationCache BEGIN │ Δt  0.20 s │ RAM   132.1 MB │ CPU   2.7 % │ Disk  941.1 GB
2026-02-26 16:16:33 │ SaveFormulationCache END   │ Δt  0.60 s │ RAM   132.2 MB │ CPU  29.6 % │ Disk  941.1 GB
2026-02-26 16:16:34 │ ComputeSecondaryResults BEGIN │ Δt  0.20 s │ RAM   132.2 MB │ CPU   7.6 % │ Disk  941.1 GB
2026-02-26 16:16:34 │ ComputeSecondaryResults END │ Δt  0.35 s │ RAM   132.2 MB │ CPU  32.7 % │ Disk  941.1 GB
2026-02-26 16:16:34 │ ComputeTertiaryResults BEGIN │ Δt  0.20 s │ RAM   132.2 MB │ CPU  13.1 % │ Disk  941.1 GB
2026-02-26 16:16:35 │ ComputeTertiaryResults END │ Δt  0.35 s │ RAM   132.5 MB │ CPU  12.6 % │ Disk  941.1 GB
