Machine Specifications:
   - OS: Windows 11 (10.0.26100)
       • Logical cores: 20
       • Physical cores: 12
   - RAM: 31.24 GB
   - Disk: 943.72 GB total, 2.63 GB free
   - Python Version: 3.12.5 (C:\Users\s1834431\AppData\Local\Programs\Python\Python312\python.exe)
   - GPU(s): Intel(R) UHD Graphics 770

Job: job_0000_n8
Timestamp (job start): 2026-02-26_16-16-42-074809
Total Time: 6.47 sec

+-------------------------------+------------+---------------+-------------+-----------+
| Step                          |   Time (s) |   Memory (MB) |   Disk (GB) |   CPU (%) |
+===============================+============+===============+=============+===========+
| Parsing                       | 0.00551915 |       127.715 |     941.079 |       0   |
+-------------------------------+------------+---------------+-------------+-----------+
| Element Instantiation         | 0.0113506  |       127.715 |     941.079 |      16.6 |
+-------------------------------+------------+---------------+-------------+-----------+
| Element Stiffness Computation | 0.0339077  |       127.723 |     941.079 |       0   |
+-------------------------------+------------+---------------+-------------+-----------+
| Element Force Computation     | 0.00401211 |       127.723 |     941.079 |       0   |
+-------------------------------+------------+---------------+-------------+-----------+
| Full Simulation               | 5.81236    |       127.777 |     941.089 |       0   |
+-------------------------------+------------+---------------+-------------+-----------+

Parallel Jobs: None
Start Memory: 127.71 MB | End Memory: 127.78 MB
Start Disk Usage: 941.08 GB | End Disk Usage: 941.09 GB
Start CPU: 0.00% | End CPU: 0.00%
