2026-02-26 16:16:39,379 [DEBUG] 📁 Log file: c:\Users\s1834431\Programs\fem_model\post_processing\results\job_0000_n8_2026-02-26_16-16-35-393025_pid18316_4bc70f5d\logs\SolveCondensedSystem.log (Module: solver, Line: 249)
2026-02-26 16:16:39,380 [DEBUG] Row/column scaling applied. (Module: solver, Line: 164)
2026-02-26 16:16:39,380 [DEBUG] Building ILU (drop_tol=1e-06, fill_factor=1.0) (Module: solver, Line: 77)
2026-02-26 16:16:39,380 [DEBUG] ILU fill-ratio = 1.27 (Module: solver, Line: 82)
2026-02-26 16:16:39,380 [INFO] Solver parameters • solver='cg', prec='auto', K nnz=192, dofs=48 (Module: solver, Line: 181)
2026-02-26 16:16:39,381 [INFO] Condensed condition estimate: 1.00e+00 (Module: solver, Line: 187)
2026-02-26 16:16:39,382 [DEBUG] Iter   10 | residual 1.053e-01 (Module: solver, Line: 328)
2026-02-26 16:16:39,382 [DEBUG] Iter   20 | residual 1.053e-01 (Module: solver, Line: 328)
2026-02-26 16:16:39,382 [DEBUG] Iter   30 | residual 1.053e-01 (Module: solver, Line: 328)
2026-02-26 16:16:39,382 [DEBUG] Iter   40 | residual 1.053e-01 (Module: solver, Line: 328)
2026-02-26 16:16:39,383 [DEBUG] Iter   50 | residual 1.081e-01 (Module: solver, Line: 328)
2026-02-26 16:16:39,383 [DEBUG] Iter   60 | residual 6.267e-01 (Module: solver, Line: 328)
2026-02-26 16:16:39,384 [DEBUG] Iter   70 | residual 6.232e-01 (Module: solver, Line: 328)
2026-02-26 16:16:39,384 [DEBUG] Iter   80 | residual 6.225e-01 (Module: solver, Line: 328)
2026-02-26 16:16:39,384 [DEBUG] Iter   90 | residual 6.223e-01 (Module: solver, Line: 328)
2026-02-26 16:16:39,384 [DEBUG] Iter  100 | residual 6.221e-01 (Module: solver, Line: 328)
2026-02-26 16:16:39,384 [DEBUG] Iter  110 | residual 6.221e-01 (Module: solver, Line: 328)
2026-02-26 16:16:39,384 [DEBUG] Iter  120 | residual 6.220e-01 (Module: solver, Line: 328)
2026-02-26 16:16:39,384 [DEBUG] Iter  130 | residual 6.220e-01 (Module: solver, Line: 328)
2026-02-26 16:16:39,386 [DEBUG] Iter  140 | residual 6.220e-01 (Module: solver, Line: 328)
2026-02-26 16:16:39,386 [DEBUG] Iter  150 | residual 6.220e-01 (Module: solver, Line: 328)
2026-02-26 16:16:39,386 [DEBUG] Iter  160 | residual 6.219e-01 (Module: solver, Line: 328)
2026-02-26 16:16:39,386 [DEBUG] Iter  170 | residual 6.219e-01 (Module: solver, Line: 328)
2026-02-26 16:16:39,387 [DEBUG] Iter  180 | residual 6.219e-01 (Module: solver, Line: 328)
2026-02-26 16:16:39,387 [DEBUG] Iter  190 | residual 6.219e-01 (Module: solver, Line: 328)
2026-02-26 16:16:39,387 [DEBUG] Iter  200 | residual 6.219e-01 (Module: solver, Line: 328)
2026-02-26 16:16:39,387 [DEBUG] Iter  210 | residual 6.219e-01 (Module: solver, Line: 328)
2026-02-26 16:16:39,388 [DEBUG] Iter  220 | residual 6.219e-01 (Module: solver, Line: 328)
2026-02-26 16:16:39,388 [DEBUG] Iter  230 | residual 6.219e-01 (Module: solver, Line: 328)
2026-02-26 16:16:39,388 [DEBUG] Iter  240 | residual 6.219e-01 (Module: solver, Line: 328)
2026-02-26 16:16:39,388 [DEBUG] Iter  250 | residual 6.219e-01 (Module: solver, Line: 328)
2026-02-26 16:16:39,389 [DEBUG] Iter  260 | residual 6.219e-01 (Module: solver, Line: 328)
2026-02-26 16:16:39,389 [DEBUG] Iter  270 | residual 6.219e-01 (Module: solver, Line: 328)
2026-02-26 16:16:39,389 [DEBUG] Iter  280 | residual 6.219e-01 (Module: solver, Line: 328)
2026-02-26 16:16:39,389 [DEBUG] Iter  290 | residual 6.219e-01 (Module: solver, Line: 328)
2026-02-26 16:16:39,389 [DEBUG] Iter  300 | residual 6.219e-01 (Module: solver, Line: 328)
2026-02-26 16:16:39,390 [DEBUG] Iter  310 | residual 6.219e-01 (Module: solver, Line: 328)
2026-02-26 16:16:39,390 [DEBUG] Iter  320 | residual 6.219e-01 (Module: solver, Line: 328)
2026-02-26 16:16:39,390 [DEBUG] Iter  330 | residual 6.219e-01 (Module: solver, Line: 328)
2026-02-26 16:16:39,391 [DEBUG] Iter  340 | residual 6.219e-01 (Module: solver, Line: 328)
2026-02-26 16:16:39,391 [DEBUG] Iter  350 | residual 6.219e-01 (Module: solver, Line: 328)
2026-02-26 16:16:39,391 [DEBUG] Iter  360 | residual 6.219e-01 (Module: solver, Line: 328)
2026-02-26 16:16:39,391 [DEBUG] Iter  370 | residual 6.219e-01 (Module: solver, Line: 328)
2026-02-26 16:16:39,392 [DEBUG] Iter  380 | residual 6.219e-01 (Module: solver, Line: 328)
2026-02-26 16:16:39,392 [DEBUG] Iter  390 | residual 6.219e-01 (Module: solver, Line: 328)
2026-02-26 16:16:39,393 [DEBUG] Iter  400 | residual 6.219e-01 (Module: solver, Line: 328)
2026-02-26 16:16:39,393 [DEBUG] Iter  410 | residual 6.219e-01 (Module: solver, Line: 328)
2026-02-26 16:16:39,393 [DEBUG] Iter  420 | residual 6.219e-01 (Module: solver, Line: 328)
2026-02-26 16:16:39,394 [DEBUG] Iter  430 | residual 6.219e-01 (Module: solver, Line: 328)
2026-02-26 16:16:39,394 [DEBUG] Iter  440 | residual 6.219e-01 (Module: solver, Line: 328)
2026-02-26 16:16:39,394 [DEBUG] Iter  450 | residual 6.219e-01 (Module: solver, Line: 328)
2026-02-26 16:16:39,394 [DEBUG] Iter  460 | residual 6.219e-01 (Module: solver, Line: 328)
2026-02-26 16:16:39,394 [DEBUG] Iter  470 | residual 6.219e-01 (Module: solver, Line: 328)
2026-02-26 16:16:39,396 [DEBUG] Iter  480 | residual 6.219e-01 (Module: solver, Line: 328)
2026-02-26 16:16:39,396 [DEBUG] Iter  490 | residual 6.219e-01 (Module: solver, Line: 328)
2026-02-26 16:16:39,396 [DEBUG] Iter  500 | residual 6.219e-01 (Module: solver, Line: 328)
2026-02-26 16:16:39,396 [DEBUG] Iter  510 | residual 6.219e-01 (Module: solver, Line: 328)
2026-02-26 16:16:39,397 [DEBUG] Iter  520 | residual 6.219e-01 (Module: solver, Line: 328)
2026-02-26 16:16:39,397 [DEBUG] Iter  530 | residual 6.219e-01 (Module: solver, Line: 328)
2026-02-26 16:16:39,397 [DEBUG] Iter  540 | residual 6.219e-01 (Module: solver, Line: 328)
2026-02-26 16:16:39,397 [DEBUG] Iter  550 | residual 6.219e-01 (Module: solver, Line: 328)
2026-02-26 16:16:39,398 [DEBUG] Iter  560 | residual 6.219e-01 (Module: solver, Line: 328)
2026-02-26 16:16:39,398 [DEBUG] Iter  570 | residual 6.219e-01 (Module: solver, Line: 328)
2026-02-26 16:16:39,398 [DEBUG] Iter  580 | residual 6.219e-01 (Module: solver, Line: 328)
2026-02-26 16:16:39,399 [DEBUG] Iter  590 | residual 6.219e-01 (Module: solver, Line: 328)
2026-02-26 16:16:39,399 [DEBUG] Iter  600 | residual 6.219e-01 (Module: solver, Line: 328)
2026-02-26 16:16:39,399 [DEBUG] Iter  610 | residual 6.219e-01 (Module: solver, Line: 328)
2026-02-26 16:16:39,399 [DEBUG] Iter  620 | residual 6.219e-01 (Module: solver, Line: 328)
2026-02-26 16:16:39,400 [DEBUG] Iter  630 | residual 6.219e-01 (Module: solver, Line: 328)
2026-02-26 16:16:39,400 [DEBUG] Iter  640 | residual 6.219e-01 (Module: solver, Line: 328)
2026-02-26 16:16:39,400 [DEBUG] Iter  650 | residual 6.219e-01 (Module: solver, Line: 328)
2026-02-26 16:16:39,400 [DEBUG] Iter  660 | residual 6.219e-01 (Module: solver, Line: 328)
2026-02-26 16:16:39,400 [DEBUG] Iter  670 | residual 6.219e-01 (Module: solver, Line: 328)
2026-02-26 16:16:39,400 [DEBUG] Iter  680 | residual 6.219e-01 (Module: solver, Line: 328)
2026-02-26 16:16:39,400 [DEBUG] Iter  690 | residual 6.219e-01 (Module: solver, Line: 328)
2026-02-26 16:16:39,400 [DEBUG] Iter  700 | residual 6.219e-01 (Module: solver, Line: 328)
2026-02-26 16:16:39,400 [DEBUG] Iter  710 | residual 6.219e-01 (Module: solver, Line: 328)
2026-02-26 16:16:39,400 [DEBUG] Iter  720 | residual 6.219e-01 (Module: solver, Line: 328)
2026-02-26 16:16:39,400 [DEBUG] Iter  730 | residual 6.219e-01 (Module: solver, Line: 328)
2026-02-26 16:16:39,400 [DEBUG] Iter  740 | residual 6.219e-01 (Module: solver, Line: 328)
2026-02-26 16:16:39,400 [DEBUG] Iter  750 | residual 6.219e-01 (Module: solver, Line: 328)
2026-02-26 16:16:39,400 [DEBUG] Iter  760 | residual 6.219e-01 (Module: solver, Line: 328)
2026-02-26 16:16:39,400 [DEBUG] Iter  770 | residual 6.219e-01 (Module: solver, Line: 328)
2026-02-26 16:16:39,400 [DEBUG] Iter  780 | residual 6.219e-01 (Module: solver, Line: 328)
2026-02-26 16:16:39,400 [DEBUG] Iter  790 | residual 6.219e-01 (Module: solver, Line: 328)
2026-02-26 16:16:39,400 [DEBUG] Iter  800 | residual 6.219e-01 (Module: solver, Line: 328)
2026-02-26 16:16:39,400 [DEBUG] Iter  810 | residual 6.219e-01 (Module: solver, Line: 328)
2026-02-26 16:16:39,400 [DEBUG] Iter  820 | residual 6.219e-01 (Module: solver, Line: 328)
2026-02-26 16:16:39,400 [DEBUG] Iter  830 | residual 6.219e-01 (Module: solver, Line: 328)
2026-02-26 16:16:39,400 [DEBUG] Iter  840 | residual 6.219e-01 (Module: solver, Line: 328)
2026-02-26 16:16:39,400 [DEBUG] Iter  850 | residual 6.219e-01 (Module: solver, Line: 328)
2026-02-26 16:16:39,400 [DEBUG] Iter  860 | residual 6.219e-01 (Module: solver, Line: 328)
2026-02-26 16:16:39,400 [DEBUG] Iter  870 | residual 6.219e-01 (Module: solver, Line: 328)
2026-02-26 16:16:39,400 [DEBUG] Iter  880 | residual 6.219e-01 (Module: solver, Line: 328)
2026-02-26 16:16:39,400 [DEBUG] Iter  890 | residual 6.219e-01 (Module: solver, Line: 328)
2026-02-26 16:16:39,400 [DEBUG] Iter  900 | residual 6.219e-01 (Module: solver, Line: 328)
2026-02-26 16:16:39,400 [DEBUG] Iter  910 | residual 6.219e-01 (Module: solver, Line: 328)
2026-02-26 16:16:39,400 [DEBUG] Iter  920 | residual 6.219e-01 (Module: solver, Line: 328)
2026-02-26 16:16:39,400 [DEBUG] Iter  930 | residual 6.219e-01 (Module: solver, Line: 328)
2026-02-26 16:16:39,400 [DEBUG] Iter  940 | residual 6.219e-01 (Module: solver, Line: 328)
2026-02-26 16:16:39,400 [DEBUG] Iter  950 | residual 6.219e-01 (Module: solver, Line: 328)
2026-02-26 16:16:39,400 [DEBUG] Iter  960 | residual 6.219e-01 (Module: solver, Line: 328)
2026-02-26 16:16:39,400 [DEBUG] Iter  970 | residual 6.219e-01 (Module: solver, Line: 328)
2026-02-26 16:16:39,400 [DEBUG] Iter  980 | residual 6.219e-01 (Module: solver, Line: 328)
2026-02-26 16:16:39,400 [DEBUG] Iter  990 | residual 6.219e-01 (Module: solver, Line: 328)
2026-02-26 16:16:39,400 [DEBUG] Iter 1000 | residual 6.219e-01 (Module: solver, Line: 328)
2026-02-26 16:16:39,400 [WARNING] Solver info=1000 (not converged). (Module: solver, Line: 344)
2026-02-26 16:16:39,400 [INFO] Retrying with ILU preconditioner … (Module: solver, Line: 351)
2026-02-26 16:16:39,400 [DEBUG] Building ILU (drop_tol=1e-06, fill_factor=1.0) (Module: solver, Line: 77)
2026-02-26 16:16:39,400 [DEBUG] ILU fill-ratio = 1.27 (Module: solver, Line: 82)
2026-02-26 16:16:39,400 [DEBUG] Iter 1010 | residual 1.053e-01 (Module: solver, Line: 328)
2026-02-26 16:16:39,411 [DEBUG] Iter 1020 | residual 1.053e-01 (Module: solver, Line: 328)
2026-02-26 16:16:39,411 [DEBUG] Iter 1030 | residual 1.053e-01 (Module: solver, Line: 328)
2026-02-26 16:16:39,411 [DEBUG] Iter 1040 | residual 1.053e-01 (Module: solver, Line: 328)
2026-02-26 16:16:39,411 [DEBUG] Iter 1050 | residual 1.081e-01 (Module: solver, Line: 328)
2026-02-26 16:16:39,411 [DEBUG] Iter 1060 | residual 6.267e-01 (Module: solver, Line: 328)
2026-02-26 16:16:39,411 [DEBUG] Iter 1070 | residual 6.232e-01 (Module: solver, Line: 328)
2026-02-26 16:16:39,411 [DEBUG] Iter 1080 | residual 6.225e-01 (Module: solver, Line: 328)
2026-02-26 16:16:39,412 [DEBUG] Iter 1090 | residual 6.223e-01 (Module: solver, Line: 328)
2026-02-26 16:16:39,412 [DEBUG] Iter 1100 | residual 6.221e-01 (Module: solver, Line: 328)
2026-02-26 16:16:39,412 [DEBUG] Iter 1110 | residual 6.221e-01 (Module: solver, Line: 328)
2026-02-26 16:16:39,412 [DEBUG] Iter 1120 | residual 6.220e-01 (Module: solver, Line: 328)
2026-02-26 16:16:39,412 [DEBUG] Iter 1130 | residual 6.220e-01 (Module: solver, Line: 328)
2026-02-26 16:16:39,412 [DEBUG] Iter 1140 | residual 6.220e-01 (Module: solver, Line: 328)
2026-02-26 16:16:39,412 [DEBUG] Iter 1150 | residual 6.220e-01 (Module: solver, Line: 328)
2026-02-26 16:16:39,412 [DEBUG] Iter 1160 | residual 6.219e-01 (Module: solver, Line: 328)
2026-02-26 16:16:39,412 [DEBUG] Iter 1170 | residual 6.219e-01 (Module: solver, Line: 328)
2026-02-26 16:16:39,412 [DEBUG] Iter 1180 | residual 6.219e-01 (Module: solver, Line: 328)
2026-02-26 16:16:39,412 [DEBUG] Iter 1190 | residual 6.219e-01 (Module: solver, Line: 328)
2026-02-26 16:16:39,412 [DEBUG] Iter 1200 | residual 6.219e-01 (Module: solver, Line: 328)
2026-02-26 16:16:39,412 [DEBUG] Iter 1210 | residual 6.219e-01 (Module: solver, Line: 328)
2026-02-26 16:16:39,412 [DEBUG] Iter 1220 | residual 6.219e-01 (Module: solver, Line: 328)
2026-02-26 16:16:39,412 [DEBUG] Iter 1230 | residual 6.219e-01 (Module: solver, Line: 328)
2026-02-26 16:16:39,412 [DEBUG] Iter 1240 | residual 6.219e-01 (Module: solver, Line: 328)
2026-02-26 16:16:39,412 [DEBUG] Iter 1250 | residual 6.219e-01 (Module: solver, Line: 328)
2026-02-26 16:16:39,412 [DEBUG] Iter 1260 | residual 6.219e-01 (Module: solver, Line: 328)
2026-02-26 16:16:39,412 [DEBUG] Iter 1270 | residual 6.219e-01 (Module: solver, Line: 328)
2026-02-26 16:16:39,412 [DEBUG] Iter 1280 | residual 6.219e-01 (Module: solver, Line: 328)
2026-02-26 16:16:39,412 [DEBUG] Iter 1290 | residual 6.219e-01 (Module: solver, Line: 328)
2026-02-26 16:16:39,412 [DEBUG] Iter 1300 | residual 6.219e-01 (Module: solver, Line: 328)
2026-02-26 16:16:39,412 [DEBUG] Iter 1310 | residual 6.219e-01 (Module: solver, Line: 328)
2026-02-26 16:16:39,412 [DEBUG] Iter 1320 | residual 6.219e-01 (Module: solver, Line: 328)
2026-02-26 16:16:39,412 [DEBUG] Iter 1330 | residual 6.219e-01 (Module: solver, Line: 328)
2026-02-26 16:16:39,412 [DEBUG] Iter 1340 | residual 6.219e-01 (Module: solver, Line: 328)
2026-02-26 16:16:39,412 [DEBUG] Iter 1350 | residual 6.219e-01 (Module: solver, Line: 328)
2026-02-26 16:16:39,412 [DEBUG] Iter 1360 | residual 6.219e-01 (Module: solver, Line: 328)
2026-02-26 16:16:39,412 [DEBUG] Iter 1370 | residual 6.219e-01 (Module: solver, Line: 328)
2026-02-26 16:16:39,412 [DEBUG] Iter 1380 | residual 6.219e-01 (Module: solver, Line: 328)
2026-02-26 16:16:39,412 [DEBUG] Iter 1390 | residual 6.219e-01 (Module: solver, Line: 328)
2026-02-26 16:16:39,412 [DEBUG] Iter 1400 | residual 6.219e-01 (Module: solver, Line: 328)
2026-02-26 16:16:39,412 [DEBUG] Iter 1410 | residual 6.219e-01 (Module: solver, Line: 328)
2026-02-26 16:16:39,412 [DEBUG] Iter 1420 | residual 6.219e-01 (Module: solver, Line: 328)
2026-02-26 16:16:39,412 [DEBUG] Iter 1430 | residual 6.219e-01 (Module: solver, Line: 328)
2026-02-26 16:16:39,412 [DEBUG] Iter 1440 | residual 6.219e-01 (Module: solver, Line: 328)
2026-02-26 16:16:39,412 [DEBUG] Iter 1450 | residual 6.219e-01 (Module: solver, Line: 328)
2026-02-26 16:16:39,412 [DEBUG] Iter 1460 | residual 6.219e-01 (Module: solver, Line: 328)
2026-02-26 16:16:39,412 [DEBUG] Iter 1470 | residual 6.219e-01 (Module: solver, Line: 328)
2026-02-26 16:16:39,412 [DEBUG] Iter 1480 | residual 6.219e-01 (Module: solver, Line: 328)
2026-02-26 16:16:39,412 [DEBUG] Iter 1490 | residual 6.219e-01 (Module: solver, Line: 328)
2026-02-26 16:16:39,412 [DEBUG] Iter 1500 | residual 6.219e-01 (Module: solver, Line: 328)
2026-02-26 16:16:39,412 [DEBUG] Iter 1510 | residual 6.219e-01 (Module: solver, Line: 328)
2026-02-26 16:16:39,412 [DEBUG] Iter 1520 | residual 6.219e-01 (Module: solver, Line: 328)
2026-02-26 16:16:39,412 [DEBUG] Iter 1530 | residual 6.219e-01 (Module: solver, Line: 328)
2026-02-26 16:16:39,412 [DEBUG] Iter 1540 | residual 6.219e-01 (Module: solver, Line: 328)
2026-02-26 16:16:39,412 [DEBUG] Iter 1550 | residual 6.219e-01 (Module: solver, Line: 328)
2026-02-26 16:16:39,412 [DEBUG] Iter 1560 | residual 6.219e-01 (Module: solver, Line: 328)
2026-02-26 16:16:39,412 [DEBUG] Iter 1570 | residual 6.219e-01 (Module: solver, Line: 328)
2026-02-26 16:16:39,412 [DEBUG] Iter 1580 | residual 6.219e-01 (Module: solver, Line: 328)
2026-02-26 16:16:39,412 [DEBUG] Iter 1590 | residual 6.219e-01 (Module: solver, Line: 328)
2026-02-26 16:16:39,412 [DEBUG] Iter 1600 | residual 6.219e-01 (Module: solver, Line: 328)
2026-02-26 16:16:39,412 [DEBUG] Iter 1610 | residual 6.219e-01 (Module: solver, Line: 328)
2026-02-26 16:16:39,412 [DEBUG] Iter 1620 | residual 6.219e-01 (Module: solver, Line: 328)
2026-02-26 16:16:39,412 [DEBUG] Iter 1630 | residual 6.219e-01 (Module: solver, Line: 328)
2026-02-26 16:16:39,412 [DEBUG] Iter 1640 | residual 6.219e-01 (Module: solver, Line: 328)
2026-02-26 16:16:39,412 [DEBUG] Iter 1650 | residual 6.219e-01 (Module: solver, Line: 328)
2026-02-26 16:16:39,412 [DEBUG] Iter 1660 | residual 6.219e-01 (Module: solver, Line: 328)
2026-02-26 16:16:39,412 [DEBUG] Iter 1670 | residual 6.219e-01 (Module: solver, Line: 328)
2026-02-26 16:16:39,412 [DEBUG] Iter 1680 | residual 6.219e-01 (Module: solver, Line: 328)
2026-02-26 16:16:39,412 [DEBUG] Iter 1690 | residual 6.219e-01 (Module: solver, Line: 328)
2026-02-26 16:16:39,412 [DEBUG] Iter 1700 | residual 6.219e-01 (Module: solver, Line: 328)
2026-02-26 16:16:39,412 [DEBUG] Iter 1710 | residual 6.219e-01 (Module: solver, Line: 328)
2026-02-26 16:16:39,412 [DEBUG] Iter 1720 | residual 6.219e-01 (Module: solver, Line: 328)
2026-02-26 16:16:39,412 [DEBUG] Iter 1730 | residual 6.219e-01 (Module: solver, Line: 328)
2026-02-26 16:16:39,412 [DEBUG] Iter 1740 | residual 6.219e-01 (Module: solver, Line: 328)
2026-02-26 16:16:39,412 [DEBUG] Iter 1750 | residual 6.219e-01 (Module: solver, Line: 328)
2026-02-26 16:16:39,412 [DEBUG] Iter 1760 | residual 6.219e-01 (Module: solver, Line: 328)
2026-02-26 16:16:39,412 [DEBUG] Iter 1770 | residual 6.219e-01 (Module: solver, Line: 328)
2026-02-26 16:16:39,428 [DEBUG] Iter 1780 | residual 6.219e-01 (Module: solver, Line: 328)
2026-02-26 16:16:39,428 [DEBUG] Iter 1790 | residual 6.219e-01 (Module: solver, Line: 328)
2026-02-26 16:16:39,429 [DEBUG] Iter 1800 | residual 6.219e-01 (Module: solver, Line: 328)
2026-02-26 16:16:39,429 [DEBUG] Iter 1810 | residual 6.219e-01 (Module: solver, Line: 328)
2026-02-26 16:16:39,429 [DEBUG] Iter 1820 | residual 6.219e-01 (Module: solver, Line: 328)
2026-02-26 16:16:39,429 [DEBUG] Iter 1830 | residual 6.219e-01 (Module: solver, Line: 328)
2026-02-26 16:16:39,429 [DEBUG] Iter 1840 | residual 6.219e-01 (Module: solver, Line: 328)
2026-02-26 16:16:39,429 [DEBUG] Iter 1850 | residual 6.219e-01 (Module: solver, Line: 328)
2026-02-26 16:16:39,429 [DEBUG] Iter 1860 | residual 6.219e-01 (Module: solver, Line: 328)
2026-02-26 16:16:39,429 [DEBUG] Iter 1870 | residual 6.219e-01 (Module: solver, Line: 328)
2026-02-26 16:16:39,429 [DEBUG] Iter 1880 | residual 6.219e-01 (Module: solver, Line: 328)
2026-02-26 16:16:39,429 [DEBUG] Iter 1890 | residual 6.219e-01 (Module: solver, Line: 328)
2026-02-26 16:16:39,429 [DEBUG] Iter 1900 | residual 6.219e-01 (Module: solver, Line: 328)
2026-02-26 16:16:39,429 [DEBUG] Iter 1910 | residual 6.219e-01 (Module: solver, Line: 328)
2026-02-26 16:16:39,429 [DEBUG] Iter 1920 | residual 6.219e-01 (Module: solver, Line: 328)
2026-02-26 16:16:39,429 [DEBUG] Iter 1930 | residual 6.219e-01 (Module: solver, Line: 328)
2026-02-26 16:16:39,429 [DEBUG] Iter 1940 | residual 6.219e-01 (Module: solver, Line: 328)
2026-02-26 16:16:39,429 [DEBUG] Iter 1950 | residual 6.219e-01 (Module: solver, Line: 328)
2026-02-26 16:16:39,429 [DEBUG] Iter 1960 | residual 6.219e-01 (Module: solver, Line: 328)
2026-02-26 16:16:39,429 [DEBUG] Iter 1970 | residual 6.219e-01 (Module: solver, Line: 328)
2026-02-26 16:16:39,429 [DEBUG] Iter 1980 | residual 6.219e-01 (Module: solver, Line: 328)
2026-02-26 16:16:39,429 [DEBUG] Iter 1990 | residual 6.219e-01 (Module: solver, Line: 328)
2026-02-26 16:16:39,429 [DEBUG] Iter 2000 | residual 6.219e-01 (Module: solver, Line: 328)
2026-02-26 16:16:39,429 [WARNING] Solver info=1000 (not converged). (Module: solver, Line: 344)
2026-02-26 16:16:39,429 [INFO] Switching to direct SuperLU fall-back. (Module: solver, Line: 359)
2026-02-26 16:16:39,429 [DEBUG] Using SuperLU direct solver (Module: solver, Line: 306)
2026-02-26 16:16:39,429 [INFO] Condensed residual norm: 2.989e-02 (Module: solver, Line: 204)
2026-02-26 16:16:39,429 [WARNING] Residual is high – verify model! (Module: solver, Line: 207)
2026-02-26 16:16:39,429 [INFO] 📊 Condensed solver report: (Module: solver, Line: 384)
2026-02-26 16:16:39,429 [INFO]  • dofs: 48 (Module: solver, Line: 386)
2026-02-26 16:16:39,435 [INFO]  • nnz: 192 (Module: solver, Line: 386)
2026-02-26 16:16:39,435 [INFO]  • density: 0.08333333333333333 (Module: solver, Line: 386)
2026-02-26 16:16:39,435 [INFO]  • condition_est: 1.0028650106430714 (Module: solver, Line: 386)
2026-02-26 16:16:39,435 [INFO]  • solve_phases: {'iterative': 0.023606400000062422, 'factorization': 0.0003065999999307678, 'solution': 0.00032529999953112565} (Module: solver, Line: 386)
2026-02-26 16:16:39,435 [INFO]  • iters: 2000 (Module: solver, Line: 386)
2026-02-26 16:16:39,435 [INFO]  • final_residual: 0.621891499102213 (Module: solver, Line: 386)
