--------------------------------------------------------------------------
Machine specifications – written 2026-02-26 16:19:22.788359
OS          : Windows 11 (10.0.26100)
CPU         : 12th Gen Intel(R) Core(TM) i7-12700
   logical  : 20
   physical : 12
RAM         : 31.24 GB
Disk        : 943.72 GB total  /  2.48 GB free
Python      : 3.12.5  (C:\Users\s1834431\AppData\Local\Programs\Python\Python312\python.exe)
GPU(s)      : Intel(R) UHD Graphics 770
--------------------------------------------------------------------------

Runtime telemetry header written → C:\Users\s1834431\Programs\fem_model\post_processing\results\job_0010_n128_2026-02-26_16-19-18-644170_pid18316_89a26e72\diagnostics\RuntimeMonitorTelemetry.log
2026-02-26 16:19:23 │ PrepareLocalSystem BEGIN   │ Δt  0.00 s │ RAM   136.9 MB │ CPU   8.0 % │ Disk  941.2 GB
2026-02-26 16:19:23 │ PrepareLocalSystem END     │ Δt  0.21 s │ RAM   136.9 MB │ CPU   9.7 % │ Disk  941.2 GB
2026-02-26 16:19:23 │ AssembleGlobalSystem BEGIN │ Δt  0.20 s │ RAM   136.9 MB │ CPU   5.4 % │ Disk  941.2 GB
2026-02-26 16:19:23 │ AssembleGlobalSystem END   │ Δt  0.24 s │ RAM   136.9 MB │ CPU  15.0 % │ Disk  941.2 GB
2026-02-26 16:19:24 │ ModifyGlobalSystem BEGIN   │ Δt  0.90 s │ RAM   136.4 MB │ CPU   8.3 % │ Disk  941.2 GB
2026-02-26 16:19:24 │ ModifyGlobalSystem END     │ Δt  0.23 s │ RAM   136.4 MB │ CPU  16.4 % │ Disk  941.2 GB
2026-02-26 16:19:25 │ CondenseModifiedSystem BEGIN │ Δt  0.87 s │ RAM   136.4 MB │ CPU  11.1 % │ Disk  941.2 GB
2026-02-26 16:19:25 │ CondenseModifiedSystem END │ Δt  0.25 s │ RAM   136.4 MB │ CPU   4.3 % │ Disk  941.2 GB
2026-02-26 16:19:26 │ SolveCondensedSystem BEGIN │ Δt  0.91 s │ RAM   136.4 MB │ CPU  19.9 % │ Disk  941.2 GB
2026-02-26 16:19:27 │ SolveCondensedSystem END   │ Δt  0.35 s │ RAM   136.6 MB │ CPU   5.6 % │ Disk  941.2 GB
2026-02-26 16:19:27 │ ReconstructGlobalSystem BEGIN │ Δt  0.20 s │ RAM   136.6 MB │ CPU   5.9 % │ Disk  941.2 GB
2026-02-26 16:19:27 │ ReconstructGlobalSystem END │ Δt  0.23 s │ RAM   136.6 MB │ CPU   5.9 % │ Disk  941.2 GB
2026-02-26 16:19:27 │ ComputePrimaryResults BEGIN │ Δt  0.20 s │ RAM   136.6 MB │ CPU   5.1 % │ Disk  941.2 GB
2026-02-26 16:19:28 │ ComputePrimaryResults END  │ Δt  0.72 s │ RAM   136.6 MB │ CPU  16.1 % │ Disk  941.2 GB
2026-02-26 16:19:28 │ SaveFormulationCache BEGIN │ Δt  0.20 s │ RAM   136.6 MB │ CPU   5.1 % │ Disk  941.2 GB
2026-02-26 16:19:29 │ SaveFormulationCache END   │ Δt  0.35 s │ RAM   136.6 MB │ CPU  16.2 % │ Disk  941.2 GB
2026-02-26 16:19:29 │ ComputeSecondaryResults BEGIN │ Δt  0.20 s │ RAM   136.6 MB │ CPU  12.2 % │ Disk  941.2 GB
2026-02-26 16:19:29 │ ComputeSecondaryResults END │ Δt  0.35 s │ RAM   136.6 MB │ CPU  16.0 % │ Disk  941.2 GB
2026-02-26 16:19:29 │ ComputeTertiaryResults BEGIN │ Δt  0.20 s │ RAM   136.6 MB │ CPU   5.0 % │ Disk  941.2 GB
2026-02-26 16:19:30 │ ComputeTertiaryResults END │ Δt  0.36 s │ RAM   136.6 MB │ CPU  19.4 % │ Disk  941.2 GB
