Machine Specifications:
   - OS: Windows 11 (10.0.26100)
       • Logical cores: 20
       • Physical cores: 12
   - RAM: 31.24 GB
   - Disk: 943.72 GB total, 2.48 GB free
   - Python Version: 3.12.5 (C:\Users\s1834431\AppData\Local\Programs\Python\Python312\python.exe)
   - GPU(s): Intel(R) UHD Graphics 770

Job: job_0010_n16
Timestamp (job start): 2026-02-26_16-19-25-478178
Total Time: 6.63 sec

+-------------------------------+-------------+---------------+-------------+-----------+
| Step                          |    Time (s) |   Memory (MB) |   Disk (GB) |   CPU (%) |
+===============================+=============+===============+=============+===========+
| Parsing                       | 0.000524521 |       134.996 |     941.231 |       0   |
+-------------------------------+-------------+---------------+-------------+-----------+
| Element Instantiation         | 0.0185218   |       134.996 |     941.231 |      16.6 |
+-------------------------------+-------------+---------------+-------------+-----------+
| Element Stiffness Computation | 0.0540409   |       134.996 |     941.231 |       0   |
+-------------------------------+-------------+---------------+-------------+-----------+
| Element Force Computation     | 0.0256062   |       134.996 |     941.231 |       0   |
+-------------------------------+-------------+---------------+-------------+-----------+
| Full Simulation               | 5.91177     |       136.352 |     941.236 |       0   |
+-------------------------------+-------------+---------------+-------------+-----------+

Parallel Jobs: None
Start Memory: 135.00 MB | End Memory: 136.35 MB
Start Disk Usage: 941.23 GB | End Disk Usage: 941.24 GB
Start CPU: 0.00% | End CPU: 0.00%
