Machine Specifications:
   - OS: Windows 11 (10.0.26100)
       • Logical cores: 20
       • Physical cores: 12
   - RAM: 31.24 GB
   - Disk: 943.72 GB total, 2.61 GB free
   - Python Version: 3.12.5 (C:\Users\s1834431\AppData\Local\Programs\Python\Python312\python.exe)
   - GPU(s): Intel(R) UHD Graphics 770

Job: job_0002_n4
Timestamp (job start): 2026-02-26_16-17-04-959761
Total Time: 6.31 sec

+-------------------------------+------------+---------------+-------------+-----------+
| Step                          |   Time (s) |   Memory (MB) |   Disk (GB) |   CPU (%) |
+===============================+============+===============+=============+===========+
| Parsing                       | 0.00506115 |       132.953 |     941.108 |         0 |
+-------------------------------+------------+---------------+-------------+-----------+
| Element Instantiation         | 0.00620508 |       132.953 |     941.108 |         0 |
+-------------------------------+------------+---------------+-------------+-----------+
| Element Stiffness Computation | 0.0160718  |       132.969 |     941.108 |         0 |
+-------------------------------+------------+---------------+-------------+-----------+
| Element Force Computation     | 0.002033   |       132.969 |     941.109 |         0 |
+-------------------------------+------------+---------------+-------------+-----------+
| Full Simulation               | 5.67538    |       133.254 |     941.109 |         0 |
+-------------------------------+------------+---------------+-------------+-----------+

Parallel Jobs: None
Start Memory: 132.95 MB | End Memory: 133.25 MB
Start Disk Usage: 941.11 GB | End Disk Usage: 941.11 GB
Start CPU: 0.00% | End CPU: 0.00%
