2025-11-16 14:53:31,402 [DEBUG]: 🟢 ElementFactory logger initialised.
2025-11-16 14:53:31,402 [INFO]: 🚩 Starting batch element creation.
2025-11-16 14:53:31,402 [DEBUG]: Element IDs sanitised: [0, 1, 2, 3, 4, 5, 6, 7, 8, 9, 10, 11, 12, 13, 14, 15, 16, 17, 18, 19, 20, 21, 22, 23, 24, 25, 26, 27, 28, 29, 30, 31, 32, 33, 34, 35, 36, 37, 38, 39, 40, 41, 42, 43, 44, 45, 46, 47, 48, 49, 50, 51, 52, 53, 54, 55, 56, 57, 58, 59, 60, 61, 62, 63, 64, 65, 66, 67, 68, 69, 70, 71, 72, 73, 74, 75, 76, 77, 78, 79, 80, 81, 82, 83, 84, 85, 86, 87, 88, 89, 90, 91, 92, 93, 94, 95, 96, 97, 98, 99]
2025-11-16 14:53:31,402 [DEBUG]: Module for EulerBernoulliBeamElement3D loaded.
2025-11-16 14:53:31,403 [DEBUG]: ✅ Element 0 (EulerBernoulliBeamElement3D) instantiated.
2025-11-16 14:53:31,404 [DEBUG]: ✅ Element 1 (EulerBernoulliBeamElement3D) instantiated.
2025-11-16 14:53:31,404 [DEBUG]: ✅ Element 2 (EulerBernoulliBeamElement3D) instantiated.
2025-11-16 14:53:31,405 [DEBUG]: ✅ Element 3 (EulerBernoulliBeamElement3D) instantiated.
2025-11-16 14:53:31,405 [DEBUG]: ✅ Element 4 (EulerBernoulliBeamElement3D) instantiated.
2025-11-16 14:53:31,406 [DEBUG]: ✅ Element 5 (EulerBernoulliBeamElement3D) instantiated.
2025-11-16 14:53:31,406 [DEBUG]: ✅ Element 6 (EulerBernoulliBeamElement3D) instantiated.
2025-11-16 14:53:31,407 [DEBUG]: ✅ Element 7 (EulerBernoulliBeamElement3D) instantiated.
2025-11-16 14:53:31,407 [DEBUG]: ✅ Element 8 (EulerBernoulliBeamElement3D) instantiated.
2025-11-16 14:53:31,408 [DEBUG]: ✅ Element 9 (EulerBernoulliBeamElement3D) instantiated.
2025-11-16 14:53:31,408 [DEBUG]: ✅ Element 10 (EulerBernoulliBeamElement3D) instantiated.
2025-11-16 14:53:31,409 [DEBUG]: ✅ Element 11 (EulerBernoulliBeamElement3D) instantiated.
2025-11-16 14:53:31,409 [DEBUG]: ✅ Element 12 (EulerBernoulliBeamElement3D) instantiated.
2025-11-16 14:53:31,410 [DEBUG]: ✅ Element 13 (EulerBernoulliBeamElement3D) instantiated.
2025-11-16 14:53:31,410 [DEBUG]: ✅ Element 14 (EulerBernoulliBeamElement3D) instantiated.
2025-11-16 14:53:31,410 [DEBUG]: ✅ Element 15 (EulerBernoulliBeamElement3D) instantiated.
2025-11-16 14:53:31,411 [DEBUG]: ✅ Element 16 (EulerBernoulliBeamElement3D) instantiated.
2025-11-16 14:53:31,411 [DEBUG]: ✅ Element 17 (EulerBernoulliBeamElement3D) instantiated.
2025-11-16 14:53:31,412 [DEBUG]: ✅ Element 18 (EulerBernoulliBeamElement3D) instantiated.
2025-11-16 14:53:31,412 [DEBUG]: ✅ Element 19 (EulerBernoulliBeamElement3D) instantiated.
2025-11-16 14:53:31,412 [DEBUG]: ✅ Element 20 (EulerBernoulliBeamElement3D) instantiated.
2025-11-16 14:53:31,412 [DEBUG]: ✅ Element 21 (EulerBernoulliBeamElement3D) instantiated.
2025-11-16 14:53:31,412 [DEBUG]: ✅ Element 22 (EulerBernoulliBeamElement3D) instantiated.
2025-11-16 14:53:31,412 [DEBUG]: ✅ Element 23 (EulerBernoulliBeamElement3D) instantiated.
2025-11-16 14:53:31,412 [DEBUG]: ✅ Element 24 (EulerBernoulliBeamElement3D) instantiated.
2025-11-16 14:53:31,416 [DEBUG]: ✅ Element 25 (EulerBernoulliBeamElement3D) instantiated.
2025-11-16 14:53:31,416 [DEBUG]: ✅ Element 26 (EulerBernoulliBeamElement3D) instantiated.
2025-11-16 14:53:31,416 [DEBUG]: ✅ Element 27 (EulerBernoulliBeamElement3D) instantiated.
2025-11-16 14:53:31,417 [DEBUG]: ✅ Element 28 (EulerBernoulliBeamElement3D) instantiated.
2025-11-16 14:53:31,417 [DEBUG]: ✅ Element 29 (EulerBernoulliBeamElement3D) instantiated.
2025-11-16 14:53:31,418 [DEBUG]: ✅ Element 30 (EulerBernoulliBeamElement3D) instantiated.
2025-11-16 14:53:31,418 [DEBUG]: ✅ Element 31 (EulerBernoulliBeamElement3D) instantiated.
2025-11-16 14:53:31,419 [DEBUG]: ✅ Element 32 (EulerBernoulliBeamElement3D) instantiated.
2025-11-16 14:53:31,419 [DEBUG]: ✅ Element 33 (EulerBernoulliBeamElement3D) instantiated.
2025-11-16 14:53:31,420 [DEBUG]: ✅ Element 34 (EulerBernoulliBeamElement3D) instantiated.
2025-11-16 14:53:31,420 [DEBUG]: ✅ Element 35 (EulerBernoulliBeamElement3D) instantiated.
2025-11-16 14:53:31,420 [DEBUG]: ✅ Element 36 (EulerBernoulliBeamElement3D) instantiated.
2025-11-16 14:53:31,421 [DEBUG]: ✅ Element 37 (EulerBernoulliBeamElement3D) instantiated.
2025-11-16 14:53:31,421 [DEBUG]: ✅ Element 38 (EulerBernoulliBeamElement3D) instantiated.
2025-11-16 14:53:31,422 [DEBUG]: ✅ Element 39 (EulerBernoulliBeamElement3D) instantiated.
2025-11-16 14:53:31,422 [DEBUG]: ✅ Element 40 (EulerBernoulliBeamElement3D) instantiated.
2025-11-16 14:53:31,423 [DEBUG]: ✅ Element 41 (EulerBernoulliBeamElement3D) instantiated.
2025-11-16 14:53:31,423 [DEBUG]: ✅ Element 42 (EulerBernoulliBeamElement3D) instantiated.
2025-11-16 14:53:31,423 [DEBUG]: ✅ Element 43 (EulerBernoulliBeamElement3D) instantiated.
2025-11-16 14:53:31,424 [DEBUG]: ✅ Element 44 (EulerBernoulliBeamElement3D) instantiated.
2025-11-16 14:53:31,424 [DEBUG]: ✅ Element 45 (EulerBernoulliBeamElement3D) instantiated.
2025-11-16 14:53:31,425 [DEBUG]: ✅ Element 46 (EulerBernoulliBeamElement3D) instantiated.
2025-11-16 14:53:31,425 [DEBUG]: ✅ Element 47 (EulerBernoulliBeamElement3D) instantiated.
2025-11-16 14:53:31,426 [DEBUG]: ✅ Element 48 (EulerBernoulliBeamElement3D) instantiated.
2025-11-16 14:53:31,426 [DEBUG]: ✅ Element 49 (EulerBernoulliBeamElement3D) instantiated.
2025-11-16 14:53:31,427 [DEBUG]: ✅ Element 50 (EulerBernoulliBeamElement3D) instantiated.
2025-11-16 14:53:31,427 [DEBUG]: ✅ Element 51 (EulerBernoulliBeamElement3D) instantiated.
2025-11-16 14:53:31,428 [DEBUG]: ✅ Element 52 (EulerBernoulliBeamElement3D) instantiated.
2025-11-16 14:53:31,428 [DEBUG]: ✅ Element 53 (EulerBernoulliBeamElement3D) instantiated.
2025-11-16 14:53:31,429 [DEBUG]: ✅ Element 54 (EulerBernoulliBeamElement3D) instantiated.
2025-11-16 14:53:31,429 [DEBUG]: ✅ Element 55 (EulerBernoulliBeamElement3D) instantiated.
2025-11-16 14:53:31,429 [DEBUG]: ✅ Element 56 (EulerBernoulliBeamElement3D) instantiated.
2025-11-16 14:53:31,430 [DEBUG]: ✅ Element 57 (EulerBernoulliBeamElement3D) instantiated.
2025-11-16 14:53:31,430 [DEBUG]: ✅ Element 58 (EulerBernoulliBeamElement3D) instantiated.
2025-11-16 14:53:31,431 [DEBUG]: ✅ Element 59 (EulerBernoulliBeamElement3D) instantiated.
2025-11-16 14:53:31,431 [DEBUG]: ✅ Element 60 (EulerBernoulliBeamElement3D) instantiated.
2025-11-16 14:53:31,431 [DEBUG]: ✅ Element 61 (EulerBernoulliBeamElement3D) instantiated.
2025-11-16 14:53:31,432 [DEBUG]: ✅ Element 62 (EulerBernoulliBeamElement3D) instantiated.
2025-11-16 14:53:31,432 [DEBUG]: ✅ Element 63 (EulerBernoulliBeamElement3D) instantiated.
2025-11-16 14:53:31,433 [DEBUG]: ✅ Element 64 (EulerBernoulliBeamElement3D) instantiated.
2025-11-16 14:53:31,433 [DEBUG]: ✅ Element 65 (EulerBernoulliBeamElement3D) instantiated.
2025-11-16 14:53:31,433 [DEBUG]: ✅ Element 66 (EulerBernoulliBeamElement3D) instantiated.
2025-11-16 14:53:31,434 [DEBUG]: ✅ Element 67 (EulerBernoulliBeamElement3D) instantiated.
2025-11-16 14:53:31,434 [DEBUG]: ✅ Element 68 (EulerBernoulliBeamElement3D) instantiated.
2025-11-16 14:53:31,435 [DEBUG]: ✅ Element 69 (EulerBernoulliBeamElement3D) instantiated.
2025-11-16 14:53:31,435 [DEBUG]: ✅ Element 70 (EulerBernoulliBeamElement3D) instantiated.
2025-11-16 14:53:31,436 [DEBUG]: ✅ Element 71 (EulerBernoulliBeamElement3D) instantiated.
2025-11-16 14:53:31,436 [DEBUG]: ✅ Element 72 (EulerBernoulliBeamElement3D) instantiated.
2025-11-16 14:53:31,437 [DEBUG]: ✅ Element 73 (EulerBernoulliBeamElement3D) instantiated.
2025-11-16 14:53:31,437 [DEBUG]: ✅ Element 74 (EulerBernoulliBeamElement3D) instantiated.
2025-11-16 14:53:31,438 [DEBUG]: ✅ Element 75 (EulerBernoulliBeamElement3D) instantiated.
2025-11-16 14:53:31,438 [DEBUG]: ✅ Element 76 (EulerBernoulliBeamElement3D) instantiated.
2025-11-16 14:53:31,438 [DEBUG]: ✅ Element 77 (EulerBernoulliBeamElement3D) instantiated.
2025-11-16 14:53:31,439 [DEBUG]: ✅ Element 78 (EulerBernoulliBeamElement3D) instantiated.
2025-11-16 14:53:31,439 [DEBUG]: ✅ Element 79 (EulerBernoulliBeamElement3D) instantiated.
2025-11-16 14:53:31,440 [DEBUG]: ✅ Element 80 (EulerBernoulliBeamElement3D) instantiated.
2025-11-16 14:53:31,440 [DEBUG]: ✅ Element 81 (EulerBernoulliBeamElement3D) instantiated.
2025-11-16 14:53:31,440 [DEBUG]: ✅ Element 82 (EulerBernoulliBeamElement3D) instantiated.
2025-11-16 14:53:31,441 [DEBUG]: ✅ Element 83 (EulerBernoulliBeamElement3D) instantiated.
2025-11-16 14:53:31,441 [DEBUG]: ✅ Element 84 (EulerBernoulliBeamElement3D) instantiated.
2025-11-16 14:53:31,442 [DEBUG]: ✅ Element 85 (EulerBernoulliBeamElement3D) instantiated.
2025-11-16 14:53:31,442 [DEBUG]: ✅ Element 86 (EulerBernoulliBeamElement3D) instantiated.
2025-11-16 14:53:31,442 [DEBUG]: ✅ Element 87 (EulerBernoulliBeamElement3D) instantiated.
2025-11-16 14:53:31,443 [DEBUG]: ✅ Element 88 (EulerBernoulliBeamElement3D) instantiated.
2025-11-16 14:53:31,443 [DEBUG]: ✅ Element 89 (EulerBernoulliBeamElement3D) instantiated.
2025-11-16 14:53:31,444 [DEBUG]: ✅ Element 90 (EulerBernoulliBeamElement3D) instantiated.
2025-11-16 14:53:31,444 [DEBUG]: ✅ Element 91 (EulerBernoulliBeamElement3D) instantiated.
2025-11-16 14:53:31,444 [DEBUG]: ✅ Element 92 (EulerBernoulliBeamElement3D) instantiated.
2025-11-16 14:53:31,445 [DEBUG]: ✅ Element 93 (EulerBernoulliBeamElement3D) instantiated.
2025-11-16 14:53:31,445 [DEBUG]: ✅ Element 94 (EulerBernoulliBeamElement3D) instantiated.
2025-11-16 14:53:31,446 [DEBUG]: ✅ Element 95 (EulerBernoulliBeamElement3D) instantiated.
2025-11-16 14:53:31,446 [DEBUG]: ✅ Element 96 (EulerBernoulliBeamElement3D) instantiated.
2025-11-16 14:53:31,446 [DEBUG]: ✅ Element 97 (EulerBernoulliBeamElement3D) instantiated.
2025-11-16 14:53:31,447 [DEBUG]: ✅ Element 98 (EulerBernoulliBeamElement3D) instantiated.
2025-11-16 14:53:31,447 [DEBUG]: ✅ Element 99 (EulerBernoulliBeamElement3D) instantiated.
2025-11-16 14:53:31,448 [DEBUG]: Logging verified for element 0.
2025-11-16 14:53:31,448 [DEBUG]: Logging verified for element 1.
2025-11-16 14:53:31,449 [DEBUG]: Logging verified for element 2.
2025-11-16 14:53:31,450 [DEBUG]: Logging verified for element 3.
2025-11-16 14:53:31,450 [DEBUG]: Logging verified for element 4.
2025-11-16 14:53:31,451 [DEBUG]: Logging verified for element 5.
2025-11-16 14:53:31,451 [DEBUG]: Logging verified for element 6.
2025-11-16 14:53:31,452 [DEBUG]: Logging verified for element 7.
2025-11-16 14:53:31,452 [DEBUG]: Logging verified for element 8.
2025-11-16 14:53:31,453 [DEBUG]: Logging verified for element 9.
2025-11-16 14:53:31,453 [DEBUG]: Logging verified for element 10.
2025-11-16 14:53:31,454 [DEBUG]: Logging verified for element 11.
2025-11-16 14:53:31,454 [DEBUG]: Logging verified for element 12.
2025-11-16 14:53:31,454 [DEBUG]: Logging verified for element 13.
2025-11-16 14:53:31,455 [DEBUG]: Logging verified for element 14.
2025-11-16 14:53:31,456 [DEBUG]: Logging verified for element 15.
2025-11-16 14:53:31,457 [DEBUG]: Logging verified for element 16.
2025-11-16 14:53:31,457 [DEBUG]: Logging verified for element 17.
2025-11-16 14:53:31,458 [DEBUG]: Logging verified for element 18.
2025-11-16 14:53:31,458 [DEBUG]: Logging verified for element 19.
2025-11-16 14:53:31,459 [DEBUG]: Logging verified for element 20.
2025-11-16 14:53:31,459 [DEBUG]: Logging verified for element 21.
2025-11-16 14:53:31,460 [DEBUG]: Logging verified for element 22.
2025-11-16 14:53:31,460 [DEBUG]: Logging verified for element 23.
2025-11-16 14:53:31,461 [DEBUG]: Logging verified for element 24.
2025-11-16 14:53:31,461 [DEBUG]: Logging verified for element 25.
2025-11-16 14:53:31,462 [DEBUG]: Logging verified for element 26.
2025-11-16 14:53:31,462 [DEBUG]: Logging verified for element 27.
2025-11-16 14:53:31,462 [DEBUG]: Logging verified for element 28.
2025-11-16 14:53:31,463 [DEBUG]: Logging verified for element 29.
2025-11-16 14:53:31,463 [DEBUG]: Logging verified for element 30.
2025-11-16 14:53:31,464 [DEBUG]: Logging verified for element 31.
2025-11-16 14:53:31,464 [DEBUG]: Logging verified for element 32.
2025-11-16 14:53:31,465 [DEBUG]: Logging verified for element 33.
2025-11-16 14:53:31,465 [DEBUG]: Logging verified for element 34.
2025-11-16 14:53:31,466 [DEBUG]: Logging verified for element 35.
2025-11-16 14:53:31,467 [DEBUG]: Logging verified for element 36.
2025-11-16 14:53:31,467 [DEBUG]: Logging verified for element 37.
2025-11-16 14:53:31,468 [DEBUG]: Logging verified for element 38.
2025-11-16 14:53:31,468 [DEBUG]: Logging verified for element 39.
2025-11-16 14:53:31,469 [DEBUG]: Logging verified for element 40.
2025-11-16 14:53:31,470 [DEBUG]: Logging verified for element 41.
2025-11-16 14:53:31,470 [DEBUG]: Logging verified for element 42.
2025-11-16 14:53:31,471 [DEBUG]: Logging verified for element 43.
2025-11-16 14:53:31,471 [DEBUG]: Logging verified for element 44.
2025-11-16 14:53:31,471 [DEBUG]: Logging verified for element 45.
2025-11-16 14:53:31,472 [DEBUG]: Logging verified for element 46.
2025-11-16 14:53:31,472 [DEBUG]: Logging verified for element 47.
2025-11-16 14:53:31,472 [DEBUG]: Logging verified for element 48.
2025-11-16 14:53:31,473 [DEBUG]: Logging verified for element 49.
2025-11-16 14:53:31,473 [DEBUG]: Logging verified for element 50.
2025-11-16 14:53:31,474 [DEBUG]: Logging verified for element 51.
2025-11-16 14:53:31,474 [DEBUG]: Logging verified for element 52.
2025-11-16 14:53:31,475 [DEBUG]: Logging verified for element 53.
2025-11-16 14:53:31,475 [DEBUG]: Logging verified for element 54.
2025-11-16 14:53:31,476 [DEBUG]: Logging verified for element 55.
2025-11-16 14:53:31,476 [DEBUG]: Logging verified for element 56.
2025-11-16 14:53:31,477 [DEBUG]: Logging verified for element 57.
2025-11-16 14:53:31,477 [DEBUG]: Logging verified for element 58.
2025-11-16 14:53:31,477 [DEBUG]: Logging verified for element 59.
2025-11-16 14:53:31,478 [DEBUG]: Logging verified for element 60.
2025-11-16 14:53:31,478 [DEBUG]: Logging verified for element 61.
2025-11-16 14:53:31,479 [DEBUG]: Logging verified for element 62.
2025-11-16 14:53:31,479 [DEBUG]: Logging verified for element 63.
2025-11-16 14:53:31,480 [DEBUG]: Logging verified for element 64.
2025-11-16 14:53:31,480 [DEBUG]: Logging verified for element 65.
2025-11-16 14:53:31,481 [DEBUG]: Logging verified for element 66.
2025-11-16 14:53:31,481 [DEBUG]: Logging verified for element 67.
2025-11-16 14:53:31,481 [DEBUG]: Logging verified for element 68.
2025-11-16 14:53:31,482 [DEBUG]: Logging verified for element 69.
2025-11-16 14:53:31,482 [DEBUG]: Logging verified for element 70.
2025-11-16 14:53:31,483 [DEBUG]: Logging verified for element 71.
2025-11-16 14:53:31,484 [DEBUG]: Logging verified for element 72.
2025-11-16 14:53:31,484 [DEBUG]: Logging verified for element 73.
2025-11-16 14:53:31,485 [DEBUG]: Logging verified for element 74.
2025-11-16 14:53:31,485 [DEBUG]: Logging verified for element 75.
2025-11-16 14:53:31,486 [DEBUG]: Logging verified for element 76.
2025-11-16 14:53:31,486 [DEBUG]: Logging verified for element 77.
2025-11-16 14:53:31,487 [DEBUG]: Logging verified for element 78.
2025-11-16 14:53:31,487 [DEBUG]: Logging verified for element 79.
2025-11-16 14:53:31,488 [DEBUG]: Logging verified for element 80.
2025-11-16 14:53:31,488 [DEBUG]: Logging verified for element 81.
2025-11-16 14:53:31,489 [DEBUG]: Logging verified for element 82.
2025-11-16 14:53:31,490 [DEBUG]: Logging verified for element 83.
2025-11-16 14:53:31,490 [DEBUG]: Logging verified for element 84.
2025-11-16 14:53:31,491 [DEBUG]: Logging verified for element 85.
2025-11-16 14:53:31,491 [DEBUG]: Logging verified for element 86.
2025-11-16 14:53:31,492 [DEBUG]: Logging verified for element 87.
2025-11-16 14:53:31,492 [DEBUG]: Logging verified for element 88.
2025-11-16 14:53:31,492 [DEBUG]: Logging verified for element 89.
2025-11-16 14:53:31,493 [DEBUG]: Logging verified for element 90.
2025-11-16 14:53:31,494 [DEBUG]: Logging verified for element 91.
2025-11-16 14:53:31,494 [DEBUG]: Logging verified for element 92.
2025-11-16 14:53:31,494 [DEBUG]: Logging verified for element 93.
2025-11-16 14:53:31,495 [DEBUG]: Logging verified for element 94.
2025-11-16 14:53:31,495 [DEBUG]: Logging verified for element 95.
2025-11-16 14:53:31,496 [DEBUG]: Logging verified for element 96.
2025-11-16 14:53:31,496 [DEBUG]: Logging verified for element 97.
2025-11-16 14:53:31,497 [DEBUG]: Logging verified for element 98.
2025-11-16 14:53:31,497 [DEBUG]: Logging verified for element 99.
2025-11-16 14:53:31,497 [INFO]: ✅ Batch element creation complete.
