
=== Element 91 Force Vector Computation ===

=== Distributed Loads ===
=== N (12, 6) ===
[[ 0.887298  0.        0.        0.        0.        0.      ]
 [ 0.        0.887298  0.        0.        0.        0.      ]
 [ 0.        0.        0.887298  0.        0.        0.      ]
 [ 0.        0.        0.        0.887298  0.        0.      ]
 [ 0.        0.        0.        0.       -0.887298  0.      ]
 [ 0.        0.        0.        0.        0.        0.887298]
 [ 0.112702  0.        0.        0.        0.        0.      ]
 [ 0.        0.112702  0.        0.        0.        0.      ]
 [ 0.        0.        0.112702  0.        0.        0.      ]
 [ 0.        0.        0.        0.112702  0.        0.      ]
 [ 0.        0.        0.        0.       -0.112702  0.      ]
 [ 0.        0.        0.        0.        0.        0.112702]]

=== q (6,) ===
[   0.       -253.342419    0.          0.          0.          0.      ]

=== N (12, 6) ===
[[ 0.5  0.   0.   0.   0.   0. ]
 [ 0.   0.5  0.   0.   0.   0. ]
 [ 0.   0.   0.5  0.   0.   0. ]
 [ 0.   0.   0.   0.5  0.   0. ]
 [ 0.   0.   0.   0.  -0.5  0. ]
 [ 0.   0.   0.   0.   0.   0.5]
 [ 0.5  0.   0.   0.   0.   0. ]
 [ 0.   0.5  0.   0.   0.   0. ]
 [ 0.   0.   0.5  0.   0.   0. ]
 [ 0.   0.   0.   0.5  0.   0. ]
 [ 0.   0.   0.   0.  -0.5  0. ]
 [ 0.   0.   0.   0.   0.   0.5]]

=== q (6,) ===
[   0.       -255.500793    0.          0.          0.          0.      ]

=== N (12, 6) ===
[[ 0.112702  0.        0.        0.        0.        0.      ]
 [ 0.        0.112702  0.        0.        0.        0.      ]
 [ 0.        0.        0.112702  0.        0.        0.      ]
 [ 0.        0.        0.        0.112702  0.        0.      ]
 [ 0.        0.        0.        0.       -0.112702  0.      ]
 [ 0.        0.        0.        0.        0.        0.112702]
 [ 0.887298  0.        0.        0.        0.        0.      ]
 [ 0.        0.887298  0.        0.        0.        0.      ]
 [ 0.        0.        0.887298  0.        0.        0.      ]
 [ 0.        0.        0.        0.887298  0.        0.      ]
 [ 0.        0.        0.        0.       -0.887298  0.      ]
 [ 0.        0.        0.        0.        0.        0.887298]]

=== q (6,) ===
[   0.       -257.668322    0.          0.          0.          0.      ]

=== Total Fe (12,) ===
[[ 0.       -1.988848  0.        0.        0.        0.        0.       -2.003392  0.
   0.        0.        0.      ]]

=== Final Force Vector ===
[[ 0.       -1.988848  0.        0.        0.        0.        0.       -2.003392  0.        0.        0.
   0.      ]]

