
=== Element 54 Force Vector Computation ===

=== Distributed Loads ===
=== N (12, 6) ===
[[ 0.887298  0.        0.        0.        0.        0.      ]
 [ 0.        0.887298  0.        0.        0.        0.      ]
 [ 0.        0.        0.887298  0.        0.        0.      ]
 [ 0.        0.        0.        0.887298  0.        0.      ]
 [ 0.        0.        0.        0.       -0.887298  0.      ]
 [ 0.        0.        0.        0.        0.        0.887298]
 [ 0.112702  0.        0.        0.        0.        0.      ]
 [ 0.        0.112702  0.        0.        0.        0.      ]
 [ 0.        0.        0.112702  0.        0.        0.      ]
 [ 0.        0.        0.        0.112702  0.        0.      ]
 [ 0.        0.        0.        0.       -0.112702  0.      ]
 [ 0.        0.        0.        0.        0.        0.112702]]

=== q (6,) ===
[  0.       -89.361099   0.         0.         0.         0.      ]

=== N (12, 6) ===
[[ 0.5  0.   0.   0.   0.   0. ]
 [ 0.   0.5  0.   0.   0.   0. ]
 [ 0.   0.   0.5  0.   0.   0. ]
 [ 0.   0.   0.   0.5  0.   0. ]
 [ 0.   0.   0.   0.  -0.5  0. ]
 [ 0.   0.   0.   0.   0.   0.5]
 [ 0.5  0.   0.   0.   0.   0. ]
 [ 0.   0.5  0.   0.   0.   0. ]
 [ 0.   0.   0.5  0.   0.   0. ]
 [ 0.   0.   0.   0.5  0.   0. ]
 [ 0.   0.   0.   0.  -0.5  0. ]
 [ 0.   0.   0.   0.   0.   0.5]]

=== q (6,) ===
[  0.       -90.644837   0.         0.         0.         0.      ]

=== N (12, 6) ===
[[ 0.112702  0.        0.        0.        0.        0.      ]
 [ 0.        0.112702  0.        0.        0.        0.      ]
 [ 0.        0.        0.112702  0.        0.        0.      ]
 [ 0.        0.        0.        0.112702  0.        0.      ]
 [ 0.        0.        0.        0.       -0.112702  0.      ]
 [ 0.        0.        0.        0.        0.        0.112702]
 [ 0.887298  0.        0.        0.        0.        0.      ]
 [ 0.        0.887298  0.        0.        0.        0.      ]
 [ 0.        0.        0.887298  0.        0.        0.      ]
 [ 0.        0.        0.        0.887298  0.        0.      ]
 [ 0.        0.        0.        0.       -0.887298  0.      ]
 [ 0.        0.        0.        0.        0.        0.887298]]

=== q (6,) ===
[  0.      -91.93773   0.        0.        0.        0.     ]

=== Total Fe (12,) ===
[[ 0.       -0.703851  0.        0.        0.        0.        0.       -0.712514  0.
   0.        0.        0.      ]]

=== Final Force Vector ===
[[ 0.       -0.703851  0.        0.        0.        0.        0.       -0.712514  0.        0.        0.
   0.      ]]

