Machine Specifications:
   - OS: Windows 11 (10.0.26100)
       • Logical cores: 20
       • Physical cores: 12
   - RAM: 31.24 GB
   - Disk: 943.72 GB total, 2.60 GB free
   - Python Version: 3.12.5 (C:\Users\s1834431\AppData\Local\Programs\Python\Python312\python.exe)
   - GPU(s): Intel(R) UHD Graphics 770

Job: job_0002_n128
Timestamp (job start): 2026-02-26_16-17-11-247044
Total Time: 12.59 sec

+-------------------------------+------------+---------------+-------------+-----------+
| Step                          |   Time (s) |   Memory (MB) |   Disk (GB) |   CPU (%) |
+===============================+============+===============+=============+===========+
| Parsing                       | 0.00506115 |       132.082 |     941.108 |       0   |
+-------------------------------+------------+---------------+-------------+-----------+
| Element Instantiation         | 0.652517   |       132.105 |     941.109 |       0   |
+-------------------------------+------------+---------------+-------------+-----------+
| Element Stiffness Computation | 1.63226    |       134.121 |     941.114 |       0   |
+-------------------------------+------------+---------------+-------------+-----------+
| Element Force Computation     | 0.57897    |       134.156 |     941.114 |       0   |
+-------------------------------+------------+---------------+-------------+-----------+
| Full Simulation               | 9.10616    |       133.484 |     941.115 |      16.8 |
+-------------------------------+------------+---------------+-------------+-----------+

Parallel Jobs: None
Start Memory: 132.04 MB | End Memory: 133.48 MB
Start Disk Usage: 941.11 GB | End Disk Usage: 941.12 GB
Start CPU: 0.00% | End CPU: 0.00%
