2026-02-26 16:17:07,361 [DEBUG] 📁 Log file: c:\Users\s1834431\Programs\fem_model\post_processing\results\job_0002_n128_2026-02-26_16-16-58-458289_pid18316_e05a564b\logs\SolveCondensedSystem.log (Module: solver, Line: 249)
2026-02-26 16:17:07,361 [DEBUG] Row/column scaling applied. (Module: solver, Line: 164)
2026-02-26 16:17:07,361 [DEBUG] Building ILU (drop_tol=1e-06, fill_factor=1.0) (Module: solver, Line: 77)
2026-02-26 16:17:07,367 [DEBUG] ILU fill-ratio = 1.02 (Module: solver, Line: 82)
2026-02-26 16:17:07,367 [INFO] Solver parameters • solver='cg', prec='auto', K nnz=3312, dofs=768 (Module: solver, Line: 181)
2026-02-26 16:17:07,367 [INFO] Condensed condition estimate: 1.05e+00 (Module: solver, Line: 187)
2026-02-26 16:17:07,369 [DEBUG] Iter   10 | residual 4.150e-03 (Module: solver, Line: 328)
2026-02-26 16:17:07,372 [DEBUG] Iter   20 | residual 2.681e-03 (Module: solver, Line: 328)
2026-02-26 16:17:07,373 [DEBUG] Iter   30 | residual 2.475e-03 (Module: solver, Line: 328)
2026-02-26 16:17:07,374 [DEBUG] Iter   40 | residual 2.429e-03 (Module: solver, Line: 328)
2026-02-26 16:17:07,374 [DEBUG] Iter   50 | residual 2.428e-03 (Module: solver, Line: 328)
2026-02-26 16:17:07,375 [DEBUG] Iter   60 | residual 2.428e-03 (Module: solver, Line: 328)
2026-02-26 16:17:07,376 [DEBUG] Iter   70 | residual 2.428e-03 (Module: solver, Line: 328)
2026-02-26 16:17:07,376 [DEBUG] Iter   80 | residual 2.428e-03 (Module: solver, Line: 328)
2026-02-26 16:17:07,377 [DEBUG] Iter   90 | residual 2.428e-03 (Module: solver, Line: 328)
2026-02-26 16:17:07,378 [DEBUG] Iter  100 | residual 2.428e-03 (Module: solver, Line: 328)
2026-02-26 16:17:07,379 [DEBUG] Iter  110 | residual 2.428e-03 (Module: solver, Line: 328)
2026-02-26 16:17:07,380 [DEBUG] Iter  120 | residual 2.428e-03 (Module: solver, Line: 328)
2026-02-26 16:17:07,381 [DEBUG] Iter  130 | residual 2.428e-03 (Module: solver, Line: 328)
2026-02-26 16:17:07,382 [DEBUG] Iter  140 | residual 2.428e-03 (Module: solver, Line: 328)
2026-02-26 16:17:07,382 [DEBUG] Iter  150 | residual 2.428e-03 (Module: solver, Line: 328)
2026-02-26 16:17:07,383 [DEBUG] Iter  160 | residual 2.428e-03 (Module: solver, Line: 328)
2026-02-26 16:17:07,384 [DEBUG] Iter  170 | residual 2.428e-03 (Module: solver, Line: 328)
2026-02-26 16:17:07,384 [DEBUG] Iter  180 | residual 2.428e-03 (Module: solver, Line: 328)
2026-02-26 16:17:07,385 [DEBUG] Iter  190 | residual 2.428e-03 (Module: solver, Line: 328)
2026-02-26 16:17:07,386 [DEBUG] Iter  200 | residual 2.428e-03 (Module: solver, Line: 328)
2026-02-26 16:17:07,386 [DEBUG] Iter  210 | residual 2.428e-03 (Module: solver, Line: 328)
2026-02-26 16:17:07,387 [DEBUG] Iter  220 | residual 2.428e-03 (Module: solver, Line: 328)
2026-02-26 16:17:07,388 [DEBUG] Iter  230 | residual 2.428e-03 (Module: solver, Line: 328)
2026-02-26 16:17:07,389 [DEBUG] Iter  240 | residual 2.428e-03 (Module: solver, Line: 328)
2026-02-26 16:17:07,390 [DEBUG] Iter  250 | residual 2.428e-03 (Module: solver, Line: 328)
2026-02-26 16:17:07,392 [DEBUG] Iter  260 | residual 2.428e-03 (Module: solver, Line: 328)
2026-02-26 16:17:07,393 [DEBUG] Iter  270 | residual 2.428e-03 (Module: solver, Line: 328)
2026-02-26 16:17:07,393 [DEBUG] Iter  280 | residual 2.428e-03 (Module: solver, Line: 328)
2026-02-26 16:17:07,394 [DEBUG] Iter  290 | residual 2.428e-03 (Module: solver, Line: 328)
2026-02-26 16:17:07,395 [DEBUG] Iter  300 | residual 2.428e-03 (Module: solver, Line: 328)
2026-02-26 16:17:07,395 [DEBUG] Iter  310 | residual 2.428e-03 (Module: solver, Line: 328)
2026-02-26 16:17:07,395 [DEBUG] Iter  320 | residual 2.428e-03 (Module: solver, Line: 328)
2026-02-26 16:17:07,395 [DEBUG] Iter  330 | residual 2.428e-03 (Module: solver, Line: 328)
2026-02-26 16:17:07,395 [DEBUG] Iter  340 | residual 2.428e-03 (Module: solver, Line: 328)
2026-02-26 16:17:07,395 [DEBUG] Iter  350 | residual 2.428e-03 (Module: solver, Line: 328)
2026-02-26 16:17:07,395 [DEBUG] Iter  360 | residual 2.428e-03 (Module: solver, Line: 328)
2026-02-26 16:17:07,395 [DEBUG] Iter  370 | residual 2.428e-03 (Module: solver, Line: 328)
2026-02-26 16:17:07,395 [DEBUG] Iter  380 | residual 2.428e-03 (Module: solver, Line: 328)
2026-02-26 16:17:07,395 [DEBUG] Iter  390 | residual 2.428e-03 (Module: solver, Line: 328)
2026-02-26 16:17:07,395 [DEBUG] Iter  400 | residual 2.428e-03 (Module: solver, Line: 328)
2026-02-26 16:17:07,395 [DEBUG] Iter  410 | residual 2.428e-03 (Module: solver, Line: 328)
2026-02-26 16:17:07,395 [DEBUG] Iter  420 | residual 2.428e-03 (Module: solver, Line: 328)
2026-02-26 16:17:07,395 [DEBUG] Iter  430 | residual 2.428e-03 (Module: solver, Line: 328)
2026-02-26 16:17:07,395 [DEBUG] Iter  440 | residual 2.428e-03 (Module: solver, Line: 328)
2026-02-26 16:17:07,395 [DEBUG] Iter  450 | residual 2.428e-03 (Module: solver, Line: 328)
2026-02-26 16:17:07,395 [DEBUG] Iter  460 | residual 2.428e-03 (Module: solver, Line: 328)
2026-02-26 16:17:07,395 [DEBUG] Iter  470 | residual 2.428e-03 (Module: solver, Line: 328)
2026-02-26 16:17:07,395 [DEBUG] Iter  480 | residual 2.428e-03 (Module: solver, Line: 328)
2026-02-26 16:17:07,409 [DEBUG] Iter  490 | residual 2.428e-03 (Module: solver, Line: 328)
2026-02-26 16:17:07,410 [DEBUG] Iter  500 | residual 2.428e-03 (Module: solver, Line: 328)
2026-02-26 16:17:07,410 [DEBUG] Iter  510 | residual 2.428e-03 (Module: solver, Line: 328)
2026-02-26 16:17:07,411 [DEBUG] Iter  520 | residual 2.428e-03 (Module: solver, Line: 328)
2026-02-26 16:17:07,412 [DEBUG] Iter  530 | residual 2.428e-03 (Module: solver, Line: 328)
2026-02-26 16:17:07,413 [DEBUG] Iter  540 | residual 2.428e-03 (Module: solver, Line: 328)
2026-02-26 16:17:07,413 [DEBUG] Iter  550 | residual 2.428e-03 (Module: solver, Line: 328)
2026-02-26 16:17:07,414 [DEBUG] Iter  560 | residual 2.428e-03 (Module: solver, Line: 328)
2026-02-26 16:17:07,415 [DEBUG] Iter  570 | residual 2.428e-03 (Module: solver, Line: 328)
2026-02-26 16:17:07,416 [DEBUG] Iter  580 | residual 2.428e-03 (Module: solver, Line: 328)
2026-02-26 16:17:07,416 [DEBUG] Iter  590 | residual 2.428e-03 (Module: solver, Line: 328)
2026-02-26 16:17:07,417 [DEBUG] Iter  600 | residual 2.428e-03 (Module: solver, Line: 328)
2026-02-26 16:17:07,418 [DEBUG] Iter  610 | residual 2.428e-03 (Module: solver, Line: 328)
2026-02-26 16:17:07,418 [DEBUG] Iter  620 | residual 2.428e-03 (Module: solver, Line: 328)
2026-02-26 16:17:07,418 [DEBUG] Iter  630 | residual 2.428e-03 (Module: solver, Line: 328)
2026-02-26 16:17:07,419 [DEBUG] Iter  640 | residual 2.428e-03 (Module: solver, Line: 328)
2026-02-26 16:17:07,420 [DEBUG] Iter  650 | residual 2.428e-03 (Module: solver, Line: 328)
2026-02-26 16:17:07,420 [DEBUG] Iter  660 | residual 2.428e-03 (Module: solver, Line: 328)
2026-02-26 16:17:07,421 [DEBUG] Iter  670 | residual 2.428e-03 (Module: solver, Line: 328)
2026-02-26 16:17:07,422 [DEBUG] Iter  680 | residual 2.428e-03 (Module: solver, Line: 328)
2026-02-26 16:17:07,422 [DEBUG] Iter  690 | residual 2.428e-03 (Module: solver, Line: 328)
2026-02-26 16:17:07,423 [DEBUG] Iter  700 | residual 2.428e-03 (Module: solver, Line: 328)
2026-02-26 16:17:07,424 [DEBUG] Iter  710 | residual 2.428e-03 (Module: solver, Line: 328)
2026-02-26 16:17:07,425 [DEBUG] Iter  720 | residual 2.428e-03 (Module: solver, Line: 328)
2026-02-26 16:17:07,425 [DEBUG] Iter  730 | residual 2.428e-03 (Module: solver, Line: 328)
2026-02-26 16:17:07,426 [DEBUG] Iter  740 | residual 2.428e-03 (Module: solver, Line: 328)
2026-02-26 16:17:07,426 [DEBUG] Iter  750 | residual 2.428e-03 (Module: solver, Line: 328)
2026-02-26 16:17:07,427 [DEBUG] Iter  760 | residual 2.428e-03 (Module: solver, Line: 328)
2026-02-26 16:17:07,428 [DEBUG] Iter  770 | residual 2.428e-03 (Module: solver, Line: 328)
2026-02-26 16:17:07,428 [DEBUG] Iter  780 | residual 2.428e-03 (Module: solver, Line: 328)
2026-02-26 16:17:07,429 [DEBUG] Iter  790 | residual 2.428e-03 (Module: solver, Line: 328)
2026-02-26 16:17:07,430 [DEBUG] Iter  800 | residual 2.428e-03 (Module: solver, Line: 328)
2026-02-26 16:17:07,430 [DEBUG] Iter  810 | residual 2.428e-03 (Module: solver, Line: 328)
2026-02-26 16:17:07,431 [DEBUG] Iter  820 | residual 2.428e-03 (Module: solver, Line: 328)
2026-02-26 16:17:07,432 [DEBUG] Iter  830 | residual 2.428e-03 (Module: solver, Line: 328)
2026-02-26 16:17:07,432 [DEBUG] Iter  840 | residual 2.428e-03 (Module: solver, Line: 328)
2026-02-26 16:17:07,433 [DEBUG] Iter  850 | residual 2.428e-03 (Module: solver, Line: 328)
2026-02-26 16:17:07,434 [DEBUG] Iter  860 | residual 2.428e-03 (Module: solver, Line: 328)
2026-02-26 16:17:07,434 [DEBUG] Iter  870 | residual 2.428e-03 (Module: solver, Line: 328)
2026-02-26 16:17:07,435 [DEBUG] Iter  880 | residual 2.428e-03 (Module: solver, Line: 328)
2026-02-26 16:17:07,436 [DEBUG] Iter  890 | residual 2.428e-03 (Module: solver, Line: 328)
2026-02-26 16:17:07,436 [DEBUG] Iter  900 | residual 2.428e-03 (Module: solver, Line: 328)
2026-02-26 16:17:07,437 [DEBUG] Iter  910 | residual 2.428e-03 (Module: solver, Line: 328)
2026-02-26 16:17:07,438 [DEBUG] Iter  920 | residual 2.428e-03 (Module: solver, Line: 328)
2026-02-26 16:17:07,438 [DEBUG] Iter  930 | residual 2.428e-03 (Module: solver, Line: 328)
2026-02-26 16:17:07,439 [DEBUG] Iter  940 | residual 2.428e-03 (Module: solver, Line: 328)
2026-02-26 16:17:07,440 [DEBUG] Iter  950 | residual 2.428e-03 (Module: solver, Line: 328)
2026-02-26 16:17:07,440 [DEBUG] Iter  960 | residual 2.428e-03 (Module: solver, Line: 328)
2026-02-26 16:17:07,441 [DEBUG] Iter  970 | residual 2.428e-03 (Module: solver, Line: 328)
2026-02-26 16:17:07,442 [DEBUG] Iter  980 | residual 2.428e-03 (Module: solver, Line: 328)
2026-02-26 16:17:07,442 [DEBUG] Iter  990 | residual 2.428e-03 (Module: solver, Line: 328)
2026-02-26 16:17:07,442 [DEBUG] Iter 1000 | residual 2.428e-03 (Module: solver, Line: 328)
2026-02-26 16:17:07,442 [WARNING] Solver info=1000 (not converged). (Module: solver, Line: 344)
2026-02-26 16:17:07,442 [INFO] Retrying with ILU preconditioner … (Module: solver, Line: 351)
2026-02-26 16:17:07,442 [DEBUG] Building ILU (drop_tol=1e-06, fill_factor=1.0) (Module: solver, Line: 77)
2026-02-26 16:17:07,442 [DEBUG] ILU fill-ratio = 1.02 (Module: solver, Line: 82)
2026-02-26 16:17:07,442 [DEBUG] Iter 1010 | residual 4.150e-03 (Module: solver, Line: 328)
2026-02-26 16:17:07,446 [DEBUG] Iter 1020 | residual 2.681e-03 (Module: solver, Line: 328)
2026-02-26 16:17:07,446 [DEBUG] Iter 1030 | residual 2.475e-03 (Module: solver, Line: 328)
2026-02-26 16:17:07,446 [DEBUG] Iter 1040 | residual 2.429e-03 (Module: solver, Line: 328)
2026-02-26 16:17:07,446 [DEBUG] Iter 1050 | residual 2.428e-03 (Module: solver, Line: 328)
2026-02-26 16:17:07,446 [DEBUG] Iter 1060 | residual 2.428e-03 (Module: solver, Line: 328)
2026-02-26 16:17:07,446 [DEBUG] Iter 1070 | residual 2.428e-03 (Module: solver, Line: 328)
2026-02-26 16:17:07,446 [DEBUG] Iter 1080 | residual 2.428e-03 (Module: solver, Line: 328)
2026-02-26 16:17:07,446 [DEBUG] Iter 1090 | residual 2.428e-03 (Module: solver, Line: 328)
2026-02-26 16:17:07,446 [DEBUG] Iter 1100 | residual 2.428e-03 (Module: solver, Line: 328)
2026-02-26 16:17:07,446 [DEBUG] Iter 1110 | residual 2.428e-03 (Module: solver, Line: 328)
2026-02-26 16:17:07,446 [DEBUG] Iter 1120 | residual 2.428e-03 (Module: solver, Line: 328)
2026-02-26 16:17:07,446 [DEBUG] Iter 1130 | residual 2.428e-03 (Module: solver, Line: 328)
2026-02-26 16:17:07,446 [DEBUG] Iter 1140 | residual 2.428e-03 (Module: solver, Line: 328)
2026-02-26 16:17:07,446 [DEBUG] Iter 1150 | residual 2.428e-03 (Module: solver, Line: 328)
2026-02-26 16:17:07,446 [DEBUG] Iter 1160 | residual 2.428e-03 (Module: solver, Line: 328)
2026-02-26 16:17:07,446 [DEBUG] Iter 1170 | residual 2.428e-03 (Module: solver, Line: 328)
2026-02-26 16:17:07,457 [DEBUG] Iter 1180 | residual 2.428e-03 (Module: solver, Line: 328)
2026-02-26 16:17:07,458 [DEBUG] Iter 1190 | residual 2.428e-03 (Module: solver, Line: 328)
2026-02-26 16:17:07,458 [DEBUG] Iter 1200 | residual 2.428e-03 (Module: solver, Line: 328)
2026-02-26 16:17:07,459 [DEBUG] Iter 1210 | residual 2.428e-03 (Module: solver, Line: 328)
2026-02-26 16:17:07,460 [DEBUG] Iter 1220 | residual 2.428e-03 (Module: solver, Line: 328)
2026-02-26 16:17:07,460 [DEBUG] Iter 1230 | residual 2.428e-03 (Module: solver, Line: 328)
2026-02-26 16:17:07,461 [DEBUG] Iter 1240 | residual 2.428e-03 (Module: solver, Line: 328)
2026-02-26 16:17:07,462 [DEBUG] Iter 1250 | residual 2.428e-03 (Module: solver, Line: 328)
2026-02-26 16:17:07,463 [DEBUG] Iter 1260 | residual 2.428e-03 (Module: solver, Line: 328)
2026-02-26 16:17:07,464 [DEBUG] Iter 1270 | residual 2.428e-03 (Module: solver, Line: 328)
2026-02-26 16:17:07,464 [DEBUG] Iter 1280 | residual 2.428e-03 (Module: solver, Line: 328)
2026-02-26 16:17:07,464 [DEBUG] Iter 1290 | residual 2.428e-03 (Module: solver, Line: 328)
2026-02-26 16:17:07,464 [DEBUG] Iter 1300 | residual 2.428e-03 (Module: solver, Line: 328)
2026-02-26 16:17:07,464 [DEBUG] Iter 1310 | residual 2.428e-03 (Module: solver, Line: 328)
2026-02-26 16:17:07,467 [DEBUG] Iter 1320 | residual 2.428e-03 (Module: solver, Line: 328)
2026-02-26 16:17:07,467 [DEBUG] Iter 1330 | residual 2.428e-03 (Module: solver, Line: 328)
2026-02-26 16:17:07,467 [DEBUG] Iter 1340 | residual 2.428e-03 (Module: solver, Line: 328)
2026-02-26 16:17:07,467 [DEBUG] Iter 1350 | residual 2.428e-03 (Module: solver, Line: 328)
2026-02-26 16:17:07,467 [DEBUG] Iter 1360 | residual 2.428e-03 (Module: solver, Line: 328)
2026-02-26 16:17:07,467 [DEBUG] Iter 1370 | residual 2.428e-03 (Module: solver, Line: 328)
2026-02-26 16:17:07,467 [DEBUG] Iter 1380 | residual 2.428e-03 (Module: solver, Line: 328)
2026-02-26 16:17:07,467 [DEBUG] Iter 1390 | residual 2.428e-03 (Module: solver, Line: 328)
2026-02-26 16:17:07,467 [DEBUG] Iter 1400 | residual 2.428e-03 (Module: solver, Line: 328)
2026-02-26 16:17:07,467 [DEBUG] Iter 1410 | residual 2.428e-03 (Module: solver, Line: 328)
2026-02-26 16:17:07,467 [DEBUG] Iter 1420 | residual 2.428e-03 (Module: solver, Line: 328)
2026-02-26 16:17:07,467 [DEBUG] Iter 1430 | residual 2.428e-03 (Module: solver, Line: 328)
2026-02-26 16:17:07,475 [DEBUG] Iter 1440 | residual 2.428e-03 (Module: solver, Line: 328)
2026-02-26 16:17:07,476 [DEBUG] Iter 1450 | residual 2.428e-03 (Module: solver, Line: 328)
2026-02-26 16:17:07,477 [DEBUG] Iter 1460 | residual 2.428e-03 (Module: solver, Line: 328)
2026-02-26 16:17:07,478 [DEBUG] Iter 1470 | residual 2.428e-03 (Module: solver, Line: 328)
2026-02-26 16:17:07,478 [DEBUG] Iter 1480 | residual 2.428e-03 (Module: solver, Line: 328)
2026-02-26 16:17:07,479 [DEBUG] Iter 1490 | residual 2.428e-03 (Module: solver, Line: 328)
2026-02-26 16:17:07,480 [DEBUG] Iter 1500 | residual 2.428e-03 (Module: solver, Line: 328)
2026-02-26 16:17:07,480 [DEBUG] Iter 1510 | residual 2.428e-03 (Module: solver, Line: 328)
2026-02-26 16:17:07,481 [DEBUG] Iter 1520 | residual 2.428e-03 (Module: solver, Line: 328)
2026-02-26 16:17:07,482 [DEBUG] Iter 1530 | residual 2.428e-03 (Module: solver, Line: 328)
2026-02-26 16:17:07,482 [DEBUG] Iter 1540 | residual 2.428e-03 (Module: solver, Line: 328)
2026-02-26 16:17:07,483 [DEBUG] Iter 1550 | residual 2.428e-03 (Module: solver, Line: 328)
2026-02-26 16:17:07,484 [DEBUG] Iter 1560 | residual 2.428e-03 (Module: solver, Line: 328)
2026-02-26 16:17:07,484 [DEBUG] Iter 1570 | residual 2.428e-03 (Module: solver, Line: 328)
2026-02-26 16:17:07,485 [DEBUG] Iter 1580 | residual 2.428e-03 (Module: solver, Line: 328)
2026-02-26 16:17:07,486 [DEBUG] Iter 1590 | residual 2.428e-03 (Module: solver, Line: 328)
2026-02-26 16:17:07,487 [DEBUG] Iter 1600 | residual 2.428e-03 (Module: solver, Line: 328)
2026-02-26 16:17:07,488 [DEBUG] Iter 1610 | residual 2.428e-03 (Module: solver, Line: 328)
2026-02-26 16:17:07,488 [DEBUG] Iter 1620 | residual 2.428e-03 (Module: solver, Line: 328)
2026-02-26 16:17:07,489 [DEBUG] Iter 1630 | residual 2.428e-03 (Module: solver, Line: 328)
2026-02-26 16:17:07,490 [DEBUG] Iter 1640 | residual 2.428e-03 (Module: solver, Line: 328)
2026-02-26 16:17:07,490 [DEBUG] Iter 1650 | residual 2.428e-03 (Module: solver, Line: 328)
2026-02-26 16:17:07,491 [DEBUG] Iter 1660 | residual 2.428e-03 (Module: solver, Line: 328)
2026-02-26 16:17:07,492 [DEBUG] Iter 1670 | residual 2.428e-03 (Module: solver, Line: 328)
2026-02-26 16:17:07,493 [DEBUG] Iter 1680 | residual 2.428e-03 (Module: solver, Line: 328)
2026-02-26 16:17:07,493 [DEBUG] Iter 1690 | residual 2.428e-03 (Module: solver, Line: 328)
2026-02-26 16:17:07,495 [DEBUG] Iter 1700 | residual 2.428e-03 (Module: solver, Line: 328)
2026-02-26 16:17:07,495 [DEBUG] Iter 1710 | residual 2.428e-03 (Module: solver, Line: 328)
2026-02-26 16:17:07,495 [DEBUG] Iter 1720 | residual 2.428e-03 (Module: solver, Line: 328)
2026-02-26 16:17:07,495 [DEBUG] Iter 1730 | residual 2.428e-03 (Module: solver, Line: 328)
2026-02-26 16:17:07,498 [DEBUG] Iter 1740 | residual 2.428e-03 (Module: solver, Line: 328)
2026-02-26 16:17:07,498 [DEBUG] Iter 1750 | residual 2.428e-03 (Module: solver, Line: 328)
2026-02-26 16:17:07,498 [DEBUG] Iter 1760 | residual 2.428e-03 (Module: solver, Line: 328)
2026-02-26 16:17:07,500 [DEBUG] Iter 1770 | residual 2.428e-03 (Module: solver, Line: 328)
2026-02-26 16:17:07,500 [DEBUG] Iter 1780 | residual 2.428e-03 (Module: solver, Line: 328)
2026-02-26 16:17:07,500 [DEBUG] Iter 1790 | residual 2.428e-03 (Module: solver, Line: 328)
2026-02-26 16:17:07,502 [DEBUG] Iter 1800 | residual 2.428e-03 (Module: solver, Line: 328)
2026-02-26 16:17:07,502 [DEBUG] Iter 1810 | residual 2.428e-03 (Module: solver, Line: 328)
2026-02-26 16:17:07,502 [DEBUG] Iter 1820 | residual 2.428e-03 (Module: solver, Line: 328)
2026-02-26 16:17:07,504 [DEBUG] Iter 1830 | residual 2.428e-03 (Module: solver, Line: 328)
2026-02-26 16:17:07,504 [DEBUG] Iter 1840 | residual 2.428e-03 (Module: solver, Line: 328)
2026-02-26 16:17:07,504 [DEBUG] Iter 1850 | residual 2.428e-03 (Module: solver, Line: 328)
2026-02-26 16:17:07,506 [DEBUG] Iter 1860 | residual 2.428e-03 (Module: solver, Line: 328)
2026-02-26 16:17:07,506 [DEBUG] Iter 1870 | residual 2.428e-03 (Module: solver, Line: 328)
2026-02-26 16:17:07,506 [DEBUG] Iter 1880 | residual 2.428e-03 (Module: solver, Line: 328)
2026-02-26 16:17:07,508 [DEBUG] Iter 1890 | residual 2.428e-03 (Module: solver, Line: 328)
2026-02-26 16:17:07,509 [DEBUG] Iter 1900 | residual 2.428e-03 (Module: solver, Line: 328)
2026-02-26 16:17:07,510 [DEBUG] Iter 1910 | residual 2.428e-03 (Module: solver, Line: 328)
2026-02-26 16:17:07,511 [DEBUG] Iter 1920 | residual 2.428e-03 (Module: solver, Line: 328)
2026-02-26 16:17:07,511 [DEBUG] Iter 1930 | residual 2.428e-03 (Module: solver, Line: 328)
2026-02-26 16:17:07,512 [DEBUG] Iter 1940 | residual 2.428e-03 (Module: solver, Line: 328)
2026-02-26 16:17:07,513 [DEBUG] Iter 1950 | residual 2.428e-03 (Module: solver, Line: 328)
2026-02-26 16:17:07,513 [DEBUG] Iter 1960 | residual 2.428e-03 (Module: solver, Line: 328)
2026-02-26 16:17:07,514 [DEBUG] Iter 1970 | residual 2.428e-03 (Module: solver, Line: 328)
2026-02-26 16:17:07,515 [DEBUG] Iter 1980 | residual 2.428e-03 (Module: solver, Line: 328)
2026-02-26 16:17:07,515 [DEBUG] Iter 1990 | residual 2.428e-03 (Module: solver, Line: 328)
2026-02-26 16:17:07,516 [DEBUG] Iter 2000 | residual 2.428e-03 (Module: solver, Line: 328)
2026-02-26 16:17:07,516 [WARNING] Solver info=1000 (not converged). (Module: solver, Line: 344)
2026-02-26 16:17:07,516 [INFO] Switching to direct SuperLU fall-back. (Module: solver, Line: 359)
2026-02-26 16:17:07,517 [DEBUG] Using SuperLU direct solver (Module: solver, Line: 306)
2026-02-26 16:17:07,517 [INFO] Condensed residual norm: 2.273e-03 (Module: solver, Line: 204)
2026-02-26 16:17:07,517 [WARNING] Residual is high – verify model! (Module: solver, Line: 207)
2026-02-26 16:17:07,517 [INFO] 📊 Condensed solver report: (Module: solver, Line: 384)
2026-02-26 16:17:07,518 [INFO]  • dofs: 768 (Module: solver, Line: 386)
2026-02-26 16:17:07,518 [INFO]  • nnz: 3312 (Module: solver, Line: 386)
2026-02-26 16:17:07,518 [INFO]  • density: 0.005615234375 (Module: solver, Line: 386)
2026-02-26 16:17:07,518 [INFO]  • condition_est: 1.0543472501621833 (Module: solver, Line: 386)
2026-02-26 16:17:07,518 [INFO]  • solve_phases: {'iterative': 0.07145270000000892, 'factorization': 0.0005118999997648643, 'solution': 0.000576599999476457} (Module: solver, Line: 386)
2026-02-26 16:17:07,518 [INFO]  • iters: 2000 (Module: solver, Line: 386)
2026-02-26 16:17:07,518 [INFO]  • final_residual: 0.0024284009081472595 (Module: solver, Line: 386)
