=== Unnamed Matrix ===
[[0. 0.]
 [0. 0.]]


=== Element 40 Stiffness Matrix Computation ===
=== Element length  L  (1, 1) ===
[[0.02]]

=== Material stiffness matrix  D  (6, 6) ===
[[2.751000e+08 0.000000e+00 0.000000e+00 0.000000e+00 0.000000e+00 0.000000e+00]
 [0.000000e+00 6.791400e+04 0.000000e+00 0.000000e+00 0.000000e+00 0.000000e+00]
 [0.000000e+00 0.000000e+00 4.384149e+05 0.000000e+00 0.000000e+00 0.000000e+00]
 [0.000000e+00 0.000000e+00 0.000000e+00 0.000000e+00 0.000000e+00 0.000000e+00]
 [0.000000e+00 0.000000e+00 0.000000e+00 0.000000e+00 0.000000e+00 0.000000e+00]
 [0.000000e+00 0.000000e+00 0.000000e+00 0.000000e+00 0.000000e+00 2.111451e+03]]


GP 1/3: ξ = -0.774597,  x = 8.022540e-01,  w = 5.555556e-01
=== Shape-function derivative  dN/dξ  (1, 12, 6) ===
[[[-0.5       0.        0.        0.        0.        0.      ]
  [ 0.        8.24758   0.        0.        0.        0.      ]
  [ 0.        0.        8.24758   0.        0.        0.      ]
  [ 0.        0.        0.       -0.5       0.        0.      ]
  [ 0.        0.        0.        0.       -5.898387  0.      ]
  [ 0.        0.        0.        0.        0.        5.898387]
  [ 0.5       0.        0.        0.        0.        0.      ]
  [ 0.       -8.24758   0.        0.        0.        0.      ]
  [ 0.        0.       -8.24758   0.        0.        0.      ]
  [ 0.        0.        0.        0.5       0.        0.      ]
  [ 0.        0.        0.        0.       -3.349193  0.      ]
  [ 0.        0.        0.        0.        0.        3.349193]]]

=== Second derivative  d²N/dξ²  (1, 12, 6) ===
[[[  0.        0.        0.        0.        0.        0.     ]
  [  0.      -15.29516   0.        0.        0.        0.     ]
  [  0.        0.      -15.29516   0.        0.        0.     ]
  [  0.        0.        0.        0.        0.        0.     ]
  [  0.        0.        0.        0.        8.64758   0.     ]
  [  0.        0.        0.        0.        0.       -8.64758]
  [  0.        0.        0.        0.        0.        0.     ]
  [  0.       15.29516   0.        0.        0.        0.     ]
  [  0.        0.       15.29516   0.        0.        0.     ]
  [  0.        0.        0.        0.        0.        0.     ]
  [  0.        0.        0.        0.        6.64758   0.     ]
  [  0.        0.        0.        0.        0.       -6.64758]]]

=== Strain-displacement matrix  B  (6, 12) ===
[[    -50.             0.             0.             0.             0.             0.            50.
        0.             0.             0.             0.             0.      ]
 [      0.             0.       -152951.600309       0.         86475.800154       0.             0.
        0.        152951.600309       0.         66475.800154       0.      ]
 [      0.       -152951.600309       0.             0.             0.        -86475.800154       0.
   152951.600309       0.             0.             0.        -66475.800154]
 [      0.             0.             0.             0.             0.             0.             0.
        0.             0.             0.             0.             0.      ]
 [      0.             0.             0.             0.             0.             0.             0.
        0.             0.             0.             0.             0.      ]
 [      0.             0.             0.           -50.             0.             0.             0.
        0.             0.            50.             0.             0.      ]]

=== Gauss-point contribution  BᵀDB  (12, 12) ===
[[ 3.820833e+09  0.000000e+00  0.000000e+00  0.000000e+00  0.000000e+00  0.000000e+00 -3.820833e+09  0.000000e+00
   0.000000e+00  0.000000e+00  0.000000e+00  0.000000e+00]
 [ 0.000000e+00  5.697979e+13  0.000000e+00  0.000000e+00  0.000000e+00  3.221524e+13  0.000000e+00 -5.697979e+13
   0.000000e+00  0.000000e+00  0.000000e+00  2.476455e+13]
 [ 0.000000e+00  0.000000e+00  8.826629e+12  0.000000e+00 -4.990401e+12  0.000000e+00  0.000000e+00  0.000000e+00
  -8.826629e+12  0.000000e+00 -3.836228e+12  0.000000e+00]
 [ 0.000000e+00  0.000000e+00  0.000000e+00  2.932571e+04  0.000000e+00  0.000000e+00  0.000000e+00  0.000000e+00
   0.000000e+00 -2.932571e+04  0.000000e+00  0.000000e+00]
 [ 0.000000e+00  0.000000e+00 -4.990401e+12  0.000000e+00  2.821474e+12  0.000000e+00  0.000000e+00  0.000000e+00
   4.990401e+12  0.000000e+00  2.168927e+12  0.000000e+00]
 [ 0.000000e+00  3.221524e+13  0.000000e+00  0.000000e+00  0.000000e+00  1.821386e+13  0.000000e+00 -3.221524e+13
   0.000000e+00  0.000000e+00  0.000000e+00  1.400138e+13]
 [-3.820833e+09  0.000000e+00  0.000000e+00  0.000000e+00  0.000000e+00  0.000000e+00  3.820833e+09  0.000000e+00
   0.000000e+00  0.000000e+00  0.000000e+00  0.000000e+00]
 [ 0.000000e+00 -5.697979e+13  0.000000e+00  0.000000e+00  0.000000e+00 -3.221524e+13  0.000000e+00  5.697979e+13
   0.000000e+00  0.000000e+00  0.000000e+00 -2.476455e+13]
 [ 0.000000e+00  0.000000e+00 -8.826629e+12  0.000000e+00  4.990401e+12  0.000000e+00  0.000000e+00  0.000000e+00
   8.826629e+12  0.000000e+00  3.836228e+12  0.000000e+00]
 [ 0.000000e+00  0.000000e+00  0.000000e+00 -2.932571e+04  0.000000e+00  0.000000e+00  0.000000e+00  0.000000e+00
   0.000000e+00  2.932571e+04  0.000000e+00  0.000000e+00]
 [ 0.000000e+00  0.000000e+00 -3.836228e+12  0.000000e+00  2.168927e+12  0.000000e+00  0.000000e+00  0.000000e+00
   3.836228e+12  0.000000e+00  1.667301e+12  0.000000e+00]
 [ 0.000000e+00  2.476455e+13  0.000000e+00  0.000000e+00  0.000000e+00  1.400138e+13  0.000000e+00 -2.476455e+13
   0.000000e+00  0.000000e+00  0.000000e+00  1.076316e+13]]


GP 2/3: ξ = 0.000000,  x = 8.100000e-01,  w = 8.888889e-01
=== Shape-function derivative  dN/dξ  (1, 12, 6) ===
[[[-0.5  0.   0.   0.   0.   0. ]
  [ 0.   0.   0.   0.   0.   0. ]
  [ 0.   0.   0.   0.   0.   0. ]
  [ 0.   0.   0.  -0.5  0.   0. ]
  [ 0.   0.   0.   0.  -1.   0. ]
  [ 0.   0.   0.   0.   0.   1. ]
  [ 0.5  0.   0.   0.   0.   0. ]
  [ 0.   0.   0.   0.   0.   0. ]
  [ 0.   0.   0.   0.   0.   0. ]
  [ 0.   0.   0.   0.5  0.   0. ]
  [ 0.   0.   0.   0.  -0.   0. ]
  [ 0.   0.   0.   0.   0.   0. ]]]

=== Second derivative  d²N/dξ²  (1, 12, 6) ===
[[[ 0.  0.  0.  0.  0.  0.]
  [ 0. -6.  0.  0.  0.  0.]
  [ 0.  0. -6.  0.  0.  0.]
  [ 0.  0.  0.  0.  0.  0.]
  [ 0.  0.  0.  0.  4.  0.]
  [ 0.  0.  0.  0.  0. -4.]
  [ 0.  0.  0.  0.  0.  0.]
  [ 0.  6.  0.  0.  0.  0.]
  [ 0.  0.  6.  0.  0.  0.]
  [ 0.  0.  0.  0.  0.  0.]
  [ 0.  0.  0.  0.  2.  0.]
  [ 0.  0.  0.  0.  0. -2.]]]

=== Strain-displacement matrix  B  (6, 12) ===
[[   -50.      0.      0.      0.      0.      0.     50.      0.      0.      0.      0.      0.]
 [     0.      0. -60000.      0.  40000.      0.      0.      0.  60000.      0.  20000.      0.]
 [     0. -60000.      0.      0.      0. -40000.      0.  60000.      0.      0.      0. -20000.]
 [     0.      0.      0.      0.      0.      0.      0.      0.      0.      0.      0.      0.]
 [     0.      0.      0.      0.      0.      0.      0.      0.      0.      0.      0.      0.]
 [     0.      0.      0.    -50.      0.      0.      0.      0.      0.     50.      0.      0.]]

=== Gauss-point contribution  BᵀDB  (12, 12) ===
[[ 6.113333e+09  0.000000e+00  0.000000e+00  0.000000e+00  0.000000e+00  0.000000e+00 -6.113333e+09  0.000000e+00
   0.000000e+00  0.000000e+00  0.000000e+00  0.000000e+00]
 [ 0.000000e+00  1.402928e+13  0.000000e+00  0.000000e+00  0.000000e+00  9.352851e+12  0.000000e+00 -1.402928e+13
   0.000000e+00  0.000000e+00  0.000000e+00  4.676426e+12]
 [ 0.000000e+00  0.000000e+00  2.173248e+12  0.000000e+00 -1.448832e+12  0.000000e+00  0.000000e+00  0.000000e+00
  -2.173248e+12  0.000000e+00 -7.244160e+11  0.000000e+00]
 [ 0.000000e+00  0.000000e+00  0.000000e+00  4.692114e+04  0.000000e+00  0.000000e+00  0.000000e+00  0.000000e+00
   0.000000e+00 -4.692114e+04  0.000000e+00  0.000000e+00]
 [ 0.000000e+00  0.000000e+00 -1.448832e+12  0.000000e+00  9.658880e+11  0.000000e+00  0.000000e+00  0.000000e+00
   1.448832e+12  0.000000e+00  4.829440e+11  0.000000e+00]
 [ 0.000000e+00  9.352851e+12  0.000000e+00  0.000000e+00  0.000000e+00  6.235234e+12  0.000000e+00 -9.352851e+12
   0.000000e+00  0.000000e+00  0.000000e+00  3.117617e+12]
 [-6.113333e+09  0.000000e+00  0.000000e+00  0.000000e+00  0.000000e+00  0.000000e+00  6.113333e+09  0.000000e+00
   0.000000e+00  0.000000e+00  0.000000e+00  0.000000e+00]
 [ 0.000000e+00 -1.402928e+13  0.000000e+00  0.000000e+00  0.000000e+00 -9.352851e+12  0.000000e+00  1.402928e+13
   0.000000e+00  0.000000e+00  0.000000e+00 -4.676426e+12]
 [ 0.000000e+00  0.000000e+00 -2.173248e+12  0.000000e+00  1.448832e+12  0.000000e+00  0.000000e+00  0.000000e+00
   2.173248e+12  0.000000e+00  7.244160e+11  0.000000e+00]
 [ 0.000000e+00  0.000000e+00  0.000000e+00 -4.692114e+04  0.000000e+00  0.000000e+00  0.000000e+00  0.000000e+00
   0.000000e+00  4.692114e+04  0.000000e+00  0.000000e+00]
 [ 0.000000e+00  0.000000e+00 -7.244160e+11  0.000000e+00  4.829440e+11  0.000000e+00  0.000000e+00  0.000000e+00
   7.244160e+11  0.000000e+00  2.414720e+11  0.000000e+00]
 [ 0.000000e+00  4.676426e+12  0.000000e+00  0.000000e+00  0.000000e+00  3.117617e+12  0.000000e+00 -4.676426e+12
   0.000000e+00  0.000000e+00  0.000000e+00  1.558809e+12]]


GP 3/3: ξ = 0.774597,  x = 8.177460e-01,  w = 5.555556e-01
=== Shape-function derivative  dN/dξ  (1, 12, 6) ===
[[[-0.5       0.        0.        0.        0.        0.      ]
  [ 0.       -1.04758   0.        0.        0.        0.      ]
  [ 0.        0.       -1.04758   0.        0.        0.      ]
  [ 0.        0.        0.       -0.5       0.        0.      ]
  [ 0.        0.        0.        0.        0.298387  0.      ]
  [ 0.        0.        0.        0.        0.       -0.298387]
  [ 0.5       0.        0.        0.        0.        0.      ]
  [ 0.        1.04758   0.        0.        0.        0.      ]
  [ 0.        0.        1.04758   0.        0.        0.      ]
  [ 0.        0.        0.        0.5       0.        0.      ]
  [ 0.        0.        0.        0.       -0.250807  0.      ]
  [ 0.        0.        0.        0.        0.        0.250807]]]

=== Second derivative  d²N/dξ²  (1, 12, 6) ===
[[[ 0.       0.       0.       0.       0.       0.     ]
  [ 0.       3.29516  0.       0.       0.       0.     ]
  [ 0.       0.       3.29516  0.       0.       0.     ]
  [ 0.       0.       0.       0.       0.       0.     ]
  [ 0.       0.       0.       0.      -0.64758  0.     ]
  [ 0.       0.       0.       0.       0.       0.64758]
  [ 0.       0.       0.       0.       0.       0.     ]
  [ 0.      -3.29516  0.       0.       0.       0.     ]
  [ 0.       0.      -3.29516  0.       0.       0.     ]
  [ 0.       0.       0.       0.       0.       0.     ]
  [ 0.       0.       0.       0.      -2.64758  0.     ]
  [ 0.       0.       0.       0.       0.       2.64758]]]

=== Strain-displacement matrix  B  (6, 12) ===
[[   -50.            0.            0.            0.            0.            0.           50.            0.
       0.            0.            0.            0.      ]
 [     0.            0.        32951.600309      0.        -6475.800154      0.            0.            0.
  -32951.600309      0.       -26475.800154      0.      ]
 [     0.        32951.600309      0.            0.            0.         6475.800154      0.       -32951.600309
       0.            0.            0.        26475.800154]
 [     0.            0.            0.            0.            0.            0.            0.            0.
       0.            0.            0.            0.      ]
 [     0.            0.            0.            0.            0.            0.            0.            0.
       0.            0.            0.            0.      ]
 [     0.            0.            0.          -50.            0.            0.            0.            0.
       0.           50.            0.            0.      ]]

=== Gauss-point contribution  BᵀDB  (12, 12) ===
[[ 3.820833e+09  0.000000e+00  0.000000e+00  0.000000e+00  0.000000e+00  0.000000e+00 -3.820833e+09  0.000000e+00
   0.000000e+00  0.000000e+00  0.000000e+00  0.000000e+00]
 [ 0.000000e+00  2.644635e+12  0.000000e+00  0.000000e+00  0.000000e+00  5.197359e+11  0.000000e+00 -2.644635e+12
   0.000000e+00  0.000000e+00  0.000000e+00  2.124900e+12]
 [ 0.000000e+00  0.000000e+00  4.096753e+11  0.000000e+00 -8.051128e+10  0.000000e+00  0.000000e+00  0.000000e+00
  -4.096753e+11  0.000000e+00 -3.291641e+11  0.000000e+00]
 [ 0.000000e+00  0.000000e+00  0.000000e+00  2.932571e+04  0.000000e+00  0.000000e+00  0.000000e+00  0.000000e+00
   0.000000e+00 -2.932571e+04  0.000000e+00  0.000000e+00]
 [ 0.000000e+00  0.000000e+00 -8.051128e+10  0.000000e+00  1.582245e+10  0.000000e+00  0.000000e+00  0.000000e+00
   8.051128e+10  0.000000e+00  6.468884e+10  0.000000e+00]
 [ 0.000000e+00  5.197359e+11  0.000000e+00  0.000000e+00  0.000000e+00  1.021409e+11  0.000000e+00 -5.197359e+11
   0.000000e+00  0.000000e+00  0.000000e+00  4.175950e+11]
 [-3.820833e+09  0.000000e+00  0.000000e+00  0.000000e+00  0.000000e+00  0.000000e+00  3.820833e+09  0.000000e+00
   0.000000e+00  0.000000e+00  0.000000e+00  0.000000e+00]
 [ 0.000000e+00 -2.644635e+12  0.000000e+00  0.000000e+00  0.000000e+00 -5.197359e+11  0.000000e+00  2.644635e+12
   0.000000e+00  0.000000e+00  0.000000e+00 -2.124900e+12]
 [ 0.000000e+00  0.000000e+00 -4.096753e+11  0.000000e+00  8.051128e+10  0.000000e+00  0.000000e+00  0.000000e+00
   4.096753e+11  0.000000e+00  3.291641e+11  0.000000e+00]
 [ 0.000000e+00  0.000000e+00  0.000000e+00 -2.932571e+04  0.000000e+00  0.000000e+00  0.000000e+00  0.000000e+00
   0.000000e+00  2.932571e+04  0.000000e+00  0.000000e+00]
 [ 0.000000e+00  0.000000e+00 -3.291641e+11  0.000000e+00  6.468884e+10  0.000000e+00  0.000000e+00  0.000000e+00
   3.291641e+11  0.000000e+00  2.644752e+11  0.000000e+00]
 [ 0.000000e+00  2.124900e+12  0.000000e+00  0.000000e+00  0.000000e+00  4.175950e+11  0.000000e+00 -2.124900e+12
   0.000000e+00  0.000000e+00  0.000000e+00  1.707305e+12]]

=== Final Element Stiffness Matrix ===
[[ 1.375500e+10  0.000000e+00  0.000000e+00  0.000000e+00  0.000000e+00  0.000000e+00 -1.375500e+10  0.000000e+00
   0.000000e+00  0.000000e+00  0.000000e+00  0.000000e+00]
 [ 0.000000e+00  7.365370e+13  0.000000e+00  0.000000e+00  0.000000e+00  4.208783e+13  0.000000e+00 -7.365370e+13
   0.000000e+00  0.000000e+00  0.000000e+00  3.156587e+13]
 [ 0.000000e+00  0.000000e+00  1.140955e+13  0.000000e+00 -6.519744e+12  0.000000e+00  0.000000e+00  0.000000e+00
  -1.140955e+13  0.000000e+00 -4.889808e+12  0.000000e+00]
 [ 0.000000e+00  0.000000e+00  0.000000e+00  1.055726e+05  0.000000e+00  0.000000e+00  0.000000e+00  0.000000e+00
   0.000000e+00 -1.055726e+05  0.000000e+00  0.000000e+00]
 [ 0.000000e+00  0.000000e+00 -6.519744e+12  0.000000e+00  3.803184e+12  0.000000e+00  0.000000e+00  0.000000e+00
   6.519744e+12  0.000000e+00  2.716560e+12  0.000000e+00]
 [ 0.000000e+00  4.208783e+13  0.000000e+00  0.000000e+00  0.000000e+00  2.455123e+13  0.000000e+00 -4.208783e+13
   0.000000e+00  0.000000e+00  0.000000e+00  1.753660e+13]
 [-1.375500e+10  0.000000e+00  0.000000e+00  0.000000e+00  0.000000e+00  0.000000e+00  1.375500e+10  0.000000e+00
   0.000000e+00  0.000000e+00  0.000000e+00  0.000000e+00]
 [ 0.000000e+00 -7.365370e+13  0.000000e+00  0.000000e+00  0.000000e+00 -4.208783e+13  0.000000e+00  7.365370e+13
   0.000000e+00  0.000000e+00  0.000000e+00 -3.156587e+13]
 [ 0.000000e+00  0.000000e+00 -1.140955e+13  0.000000e+00  6.519744e+12  0.000000e+00  0.000000e+00  0.000000e+00
   1.140955e+13  0.000000e+00  4.889808e+12  0.000000e+00]
 [ 0.000000e+00  0.000000e+00  0.000000e+00 -1.055726e+05  0.000000e+00  0.000000e+00  0.000000e+00  0.000000e+00
   0.000000e+00  1.055726e+05  0.000000e+00  0.000000e+00]
 [ 0.000000e+00  0.000000e+00 -4.889808e+12  0.000000e+00  2.716560e+12  0.000000e+00  0.000000e+00  0.000000e+00
   4.889808e+12  0.000000e+00  2.173248e+12  0.000000e+00]
 [ 0.000000e+00  3.156587e+13  0.000000e+00  0.000000e+00  0.000000e+00  1.753660e+13  0.000000e+00 -3.156587e+13
   0.000000e+00  0.000000e+00  0.000000e+00  1.402928e+13]]

