2025-11-16 14:39:52,028 [DEBUG] 📁 Log file created at: C:\Users\s1834431\.cursor\worktrees\fem_model\kXxtc\post_processing\results\job_0001_2025-11-16_14-39-47-440140_pid33544_78716051\logs\AssembleGlobalSystem.log (Module: assembly, Line: 91)
2025-11-16 14:39:52,028 [INFO] 🔧 Starting global matrix assembly... (Module: assembly, Line: 109)
2025-11-16 14:39:52,030 [DEBUG] Element 0 DOF mapping validated (Module: assembly, Line: 184)
2025-11-16 14:39:52,030 [DEBUG] Element 1 DOF mapping validated (Module: assembly, Line: 184)
2025-11-16 14:39:52,030 [DEBUG] Element 2 DOF mapping validated (Module: assembly, Line: 184)
2025-11-16 14:39:52,030 [DEBUG] Element 3 DOF mapping validated (Module: assembly, Line: 184)
2025-11-16 14:39:52,030 [DEBUG] Element 4 DOF mapping validated (Module: assembly, Line: 184)
2025-11-16 14:39:52,030 [DEBUG] Element 5 DOF mapping validated (Module: assembly, Line: 184)
2025-11-16 14:39:52,030 [DEBUG] Element 6 DOF mapping validated (Module: assembly, Line: 184)
2025-11-16 14:39:52,030 [DEBUG] Element 7 DOF mapping validated (Module: assembly, Line: 184)
2025-11-16 14:39:52,031 [DEBUG] Element 8 DOF mapping validated (Module: assembly, Line: 184)
2025-11-16 14:39:52,031 [DEBUG] Element 9 DOF mapping validated (Module: assembly, Line: 184)
2025-11-16 14:39:52,031 [DEBUG] Element 10 DOF mapping validated (Module: assembly, Line: 184)
2025-11-16 14:39:52,031 [DEBUG] Element 11 DOF mapping validated (Module: assembly, Line: 184)
2025-11-16 14:39:52,031 [DEBUG] Element 12 DOF mapping validated (Module: assembly, Line: 184)
2025-11-16 14:39:52,031 [DEBUG] Element 13 DOF mapping validated (Module: assembly, Line: 184)
2025-11-16 14:39:52,031 [DEBUG] Element 14 DOF mapping validated (Module: assembly, Line: 184)
2025-11-16 14:39:52,031 [DEBUG] Element 15 DOF mapping validated (Module: assembly, Line: 184)
2025-11-16 14:39:52,031 [DEBUG] Element 16 DOF mapping validated (Module: assembly, Line: 184)
2025-11-16 14:39:52,031 [DEBUG] Element 17 DOF mapping validated (Module: assembly, Line: 184)
2025-11-16 14:39:52,031 [DEBUG] Element 18 DOF mapping validated (Module: assembly, Line: 184)
2025-11-16 14:39:52,031 [DEBUG] Element 19 DOF mapping validated (Module: assembly, Line: 184)
2025-11-16 14:39:52,031 [DEBUG] Element 20 DOF mapping validated (Module: assembly, Line: 184)
2025-11-16 14:39:52,031 [DEBUG] Element 21 DOF mapping validated (Module: assembly, Line: 184)
2025-11-16 14:39:52,031 [DEBUG] Element 22 DOF mapping validated (Module: assembly, Line: 184)
2025-11-16 14:39:52,031 [DEBUG] Element 23 DOF mapping validated (Module: assembly, Line: 184)
2025-11-16 14:39:52,031 [DEBUG] Element 24 DOF mapping validated (Module: assembly, Line: 184)
2025-11-16 14:39:52,031 [DEBUG] Element 25 DOF mapping validated (Module: assembly, Line: 184)
2025-11-16 14:39:52,031 [DEBUG] Element 26 DOF mapping validated (Module: assembly, Line: 184)
2025-11-16 14:39:52,031 [DEBUG] Element 27 DOF mapping validated (Module: assembly, Line: 184)
2025-11-16 14:39:52,031 [DEBUG] Element 28 DOF mapping validated (Module: assembly, Line: 184)
2025-11-16 14:39:52,031 [DEBUG] Element 29 DOF mapping validated (Module: assembly, Line: 184)
2025-11-16 14:39:52,031 [DEBUG] Element 30 DOF mapping validated (Module: assembly, Line: 184)
2025-11-16 14:39:52,031 [DEBUG] Element 31 DOF mapping validated (Module: assembly, Line: 184)
2025-11-16 14:39:52,031 [DEBUG] Element 32 DOF mapping validated (Module: assembly, Line: 184)
2025-11-16 14:39:52,031 [DEBUG] Element 33 DOF mapping validated (Module: assembly, Line: 184)
2025-11-16 14:39:52,031 [DEBUG] Element 34 DOF mapping validated (Module: assembly, Line: 184)
2025-11-16 14:39:52,031 [DEBUG] Element 35 DOF mapping validated (Module: assembly, Line: 184)
2025-11-16 14:39:52,031 [DEBUG] Element 36 DOF mapping validated (Module: assembly, Line: 184)
2025-11-16 14:39:52,031 [DEBUG] Element 37 DOF mapping validated (Module: assembly, Line: 184)
2025-11-16 14:39:52,031 [DEBUG] Element 38 DOF mapping validated (Module: assembly, Line: 184)
2025-11-16 14:39:52,031 [DEBUG] Element 39 DOF mapping validated (Module: assembly, Line: 184)
2025-11-16 14:39:52,031 [DEBUG] Element 40 DOF mapping validated (Module: assembly, Line: 184)
2025-11-16 14:39:52,031 [DEBUG] Element 41 DOF mapping validated (Module: assembly, Line: 184)
2025-11-16 14:39:52,031 [DEBUG] Element 42 DOF mapping validated (Module: assembly, Line: 184)
2025-11-16 14:39:52,031 [DEBUG] Element 43 DOF mapping validated (Module: assembly, Line: 184)
2025-11-16 14:39:52,032 [DEBUG] Element 44 DOF mapping validated (Module: assembly, Line: 184)
2025-11-16 14:39:52,032 [DEBUG] Element 45 DOF mapping validated (Module: assembly, Line: 184)
2025-11-16 14:39:52,032 [DEBUG] Element 46 DOF mapping validated (Module: assembly, Line: 184)
2025-11-16 14:39:52,032 [DEBUG] Element 47 DOF mapping validated (Module: assembly, Line: 184)
2025-11-16 14:39:52,032 [DEBUG] Element 48 DOF mapping validated (Module: assembly, Line: 184)
2025-11-16 14:39:52,032 [DEBUG] Element 49 DOF mapping validated (Module: assembly, Line: 184)
2025-11-16 14:39:52,032 [DEBUG] Element 50 DOF mapping validated (Module: assembly, Line: 184)
2025-11-16 14:39:52,032 [DEBUG] Element 51 DOF mapping validated (Module: assembly, Line: 184)
2025-11-16 14:39:52,032 [DEBUG] Element 52 DOF mapping validated (Module: assembly, Line: 184)
2025-11-16 14:39:52,032 [DEBUG] Element 53 DOF mapping validated (Module: assembly, Line: 184)
2025-11-16 14:39:52,032 [DEBUG] Element 54 DOF mapping validated (Module: assembly, Line: 184)
2025-11-16 14:39:52,032 [DEBUG] Element 55 DOF mapping validated (Module: assembly, Line: 184)
2025-11-16 14:39:52,032 [DEBUG] Element 56 DOF mapping validated (Module: assembly, Line: 184)
2025-11-16 14:39:52,032 [DEBUG] Element 57 DOF mapping validated (Module: assembly, Line: 184)
2025-11-16 14:39:52,032 [DEBUG] Element 58 DOF mapping validated (Module: assembly, Line: 184)
2025-11-16 14:39:52,032 [DEBUG] Element 59 DOF mapping validated (Module: assembly, Line: 184)
2025-11-16 14:39:52,032 [DEBUG] Element 60 DOF mapping validated (Module: assembly, Line: 184)
2025-11-16 14:39:52,032 [DEBUG] Element 61 DOF mapping validated (Module: assembly, Line: 184)
2025-11-16 14:39:52,032 [DEBUG] Element 62 DOF mapping validated (Module: assembly, Line: 184)
2025-11-16 14:39:52,032 [DEBUG] Element 63 DOF mapping validated (Module: assembly, Line: 184)
2025-11-16 14:39:52,032 [DEBUG] Element 64 DOF mapping validated (Module: assembly, Line: 184)
2025-11-16 14:39:52,032 [DEBUG] Element 65 DOF mapping validated (Module: assembly, Line: 184)
2025-11-16 14:39:52,032 [DEBUG] Element 66 DOF mapping validated (Module: assembly, Line: 184)
2025-11-16 14:39:52,032 [DEBUG] Element 67 DOF mapping validated (Module: assembly, Line: 184)
2025-11-16 14:39:52,032 [DEBUG] Element 68 DOF mapping validated (Module: assembly, Line: 184)
2025-11-16 14:39:52,032 [DEBUG] Element 69 DOF mapping validated (Module: assembly, Line: 184)
2025-11-16 14:39:52,032 [DEBUG] Element 70 DOF mapping validated (Module: assembly, Line: 184)
2025-11-16 14:39:52,032 [DEBUG] Element 71 DOF mapping validated (Module: assembly, Line: 184)
2025-11-16 14:39:52,032 [DEBUG] Element 72 DOF mapping validated (Module: assembly, Line: 184)
2025-11-16 14:39:52,032 [DEBUG] Element 73 DOF mapping validated (Module: assembly, Line: 184)
2025-11-16 14:39:52,032 [DEBUG] Element 74 DOF mapping validated (Module: assembly, Line: 184)
2025-11-16 14:39:52,032 [DEBUG] Element 75 DOF mapping validated (Module: assembly, Line: 184)
2025-11-16 14:39:52,032 [DEBUG] Element 76 DOF mapping validated (Module: assembly, Line: 184)
2025-11-16 14:39:52,032 [DEBUG] Element 77 DOF mapping validated (Module: assembly, Line: 184)
2025-11-16 14:39:52,032 [DEBUG] Element 78 DOF mapping validated (Module: assembly, Line: 184)
2025-11-16 14:39:52,032 [DEBUG] Element 79 DOF mapping validated (Module: assembly, Line: 184)
2025-11-16 14:39:52,032 [DEBUG] Element 80 DOF mapping validated (Module: assembly, Line: 184)
2025-11-16 14:39:52,032 [DEBUG] Element 81 DOF mapping validated (Module: assembly, Line: 184)
2025-11-16 14:39:52,033 [DEBUG] Element 82 DOF mapping validated (Module: assembly, Line: 184)
2025-11-16 14:39:52,033 [DEBUG] Element 83 DOF mapping validated (Module: assembly, Line: 184)
2025-11-16 14:39:52,033 [DEBUG] Element 84 DOF mapping validated (Module: assembly, Line: 184)
2025-11-16 14:39:52,033 [DEBUG] Element 85 DOF mapping validated (Module: assembly, Line: 184)
2025-11-16 14:39:52,033 [DEBUG] Element 86 DOF mapping validated (Module: assembly, Line: 184)
2025-11-16 14:39:52,033 [DEBUG] Element 87 DOF mapping validated (Module: assembly, Line: 184)
2025-11-16 14:39:52,033 [DEBUG] Element 88 DOF mapping validated (Module: assembly, Line: 184)
2025-11-16 14:39:52,033 [DEBUG] Element 89 DOF mapping validated (Module: assembly, Line: 184)
2025-11-16 14:39:52,033 [DEBUG] Element 90 DOF mapping validated (Module: assembly, Line: 184)
2025-11-16 14:39:52,033 [DEBUG] Element 91 DOF mapping validated (Module: assembly, Line: 184)
2025-11-16 14:39:52,033 [DEBUG] Element 92 DOF mapping validated (Module: assembly, Line: 184)
2025-11-16 14:39:52,033 [DEBUG] Element 93 DOF mapping validated (Module: assembly, Line: 184)
2025-11-16 14:39:52,033 [DEBUG] Element 94 DOF mapping validated (Module: assembly, Line: 184)
2025-11-16 14:39:52,033 [DEBUG] Element 95 DOF mapping validated (Module: assembly, Line: 184)
2025-11-16 14:39:52,033 [DEBUG] Element 96 DOF mapping validated (Module: assembly, Line: 184)
2025-11-16 14:39:52,033 [DEBUG] Element 97 DOF mapping validated (Module: assembly, Line: 184)
2025-11-16 14:39:52,033 [DEBUG] Element 98 DOF mapping validated (Module: assembly, Line: 184)
2025-11-16 14:39:52,033 [DEBUG] Element 99 DOF mapping validated (Module: assembly, Line: 184)
2025-11-16 14:39:52,050 [DEBUG] 
✅ DOF Mappings Summary:
 Element ID                              Local DOF                                                   Global DOF
          0 [0, 1, 2, 3, 4, 5, 6, 7, 8, 9, 10, 11]                       [0, 1, 2, 3, 4, 5, 6, 7, 8, 9, 10, 11]
          1 [0, 1, 2, 3, 4, 5, 6, 7, 8, 9, 10, 11]                 [6, 7, 8, 9, 10, 11, 12, 13, 14, 15, 16, 17]
          2 [0, 1, 2, 3, 4, 5, 6, 7, 8, 9, 10, 11]             [12, 13, 14, 15, 16, 17, 18, 19, 20, 21, 22, 23]
          3 [0, 1, 2, 3, 4, 5, 6, 7, 8, 9, 10, 11]             [18, 19, 20, 21, 22, 23, 24, 25, 26, 27, 28, 29]
          4 [0, 1, 2, 3, 4, 5, 6, 7, 8, 9, 10, 11]             [24, 25, 26, 27, 28, 29, 30, 31, 32, 33, 34, 35]
          5 [0, 1, 2, 3, 4, 5, 6, 7, 8, 9, 10, 11]             [30, 31, 32, 33, 34, 35, 36, 37, 38, 39, 40, 41]
          6 [0, 1, 2, 3, 4, 5, 6, 7, 8, 9, 10, 11]             [36, 37, 38, 39, 40, 41, 42, 43, 44, 45, 46, 47]
          7 [0, 1, 2, 3, 4, 5, 6, 7, 8, 9, 10, 11]             [42, 43, 44, 45, 46, 47, 48, 49, 50, 51, 52, 53]
          8 [0, 1, 2, 3, 4, 5, 6, 7, 8, 9, 10, 11]             [48, 49, 50, 51, 52, 53, 54, 55, 56, 57, 58, 59]
          9 [0, 1, 2, 3, 4, 5, 6, 7, 8, 9, 10, 11]             [54, 55, 56, 57, 58, 59, 60, 61, 62, 63, 64, 65]
         10 [0, 1, 2, 3, 4, 5, 6, 7, 8, 9, 10, 11]             [60, 61, 62, 63, 64, 65, 66, 67, 68, 69, 70, 71]
         11 [0, 1, 2, 3, 4, 5, 6, 7, 8, 9, 10, 11]             [66, 67, 68, 69, 70, 71, 72, 73, 74, 75, 76, 77]
         12 [0, 1, 2, 3, 4, 5, 6, 7, 8, 9, 10, 11]             [72, 73, 74, 75, 76, 77, 78, 79, 80, 81, 82, 83]
         13 [0, 1, 2, 3, 4, 5, 6, 7, 8, 9, 10, 11]             [78, 79, 80, 81, 82, 83, 84, 85, 86, 87, 88, 89]
         14 [0, 1, 2, 3, 4, 5, 6, 7, 8, 9, 10, 11]             [84, 85, 86, 87, 88, 89, 90, 91, 92, 93, 94, 95]
         15 [0, 1, 2, 3, 4, 5, 6, 7, 8, 9, 10, 11]           [90, 91, 92, 93, 94, 95, 96, 97, 98, 99, 100, 101]
         16 [0, 1, 2, 3, 4, 5, 6, 7, 8, 9, 10, 11]     [96, 97, 98, 99, 100, 101, 102, 103, 104, 105, 106, 107]
         17 [0, 1, 2, 3, 4, 5, 6, 7, 8, 9, 10, 11] [102, 103, 104, 105, 106, 107, 108, 109, 110, 111, 112, 113]
         18 [0, 1, 2, 3, 4, 5, 6, 7, 8, 9, 10, 11] [108, 109, 110, 111, 112, 113, 114, 115, 116, 117, 118, 119]
         19 [0, 1, 2, 3, 4, 5, 6, 7, 8, 9, 10, 11] [114, 115, 116, 117, 118, 119, 120, 121, 122, 123, 124, 125]
         20 [0, 1, 2, 3, 4, 5, 6, 7, 8, 9, 10, 11] [120, 121, 122, 123, 124, 125, 126, 127, 128, 129, 130, 131]
         21 [0, 1, 2, 3, 4, 5, 6, 7, 8, 9, 10, 11] [126, 127, 128, 129, 130, 131, 132, 133, 134, 135, 136, 137]
         22 [0, 1, 2, 3, 4, 5, 6, 7, 8, 9, 10, 11] [132, 133, 134, 135, 136, 137, 138, 139, 140, 141, 142, 143]
         23 [0, 1, 2, 3, 4, 5, 6, 7, 8, 9, 10, 11] [138, 139, 140, 141, 142, 143, 144, 145, 146, 147, 148, 149]
         24 [0, 1, 2, 3, 4, 5, 6, 7, 8, 9, 10, 11] [144, 145, 146, 147, 148, 149, 150, 151, 152, 153, 154, 155]
         25 [0, 1, 2, 3, 4, 5, 6, 7, 8, 9, 10, 11] [150, 151, 152, 153, 154, 155, 156, 157, 158, 159, 160, 161]
         26 [0, 1, 2, 3, 4, 5, 6, 7, 8, 9, 10, 11] [156, 157, 158, 159, 160, 161, 162, 163, 164, 165, 166, 167]
         27 [0, 1, 2, 3, 4, 5, 6, 7, 8, 9, 10, 11] [162, 163, 164, 165, 166, 167, 168, 169, 170, 171, 172, 173]
         28 [0, 1, 2, 3, 4, 5, 6, 7, 8, 9, 10, 11] [168, 169, 170, 171, 172, 173, 174, 175, 176, 177, 178, 179]
         29 [0, 1, 2, 3, 4, 5, 6, 7, 8, 9, 10, 11] [174, 175, 176, 177, 178, 179, 180, 181, 182, 183, 184, 185]
         30 [0, 1, 2, 3, 4, 5, 6, 7, 8, 9, 10, 11] [180, 181, 182, 183, 184, 185, 186, 187, 188, 189, 190, 191]
         31 [0, 1, 2, 3, 4, 5, 6, 7, 8, 9, 10, 11] [186, 187, 188, 189, 190, 191, 192, 193, 194, 195, 196, 197]
         32 [0, 1, 2, 3, 4, 5, 6, 7, 8, 9, 10, 11] [192, 193, 194, 195, 196, 197, 198, 199, 200, 201, 202, 203]
         33 [0, 1, 2, 3, 4, 5, 6, 7, 8, 9, 10, 11] [198, 199, 200, 201, 202, 203, 204, 205, 206, 207, 208, 209]
         34 [0, 1, 2, 3, 4, 5, 6, 7, 8, 9, 10, 11] [204, 205, 206, 207, 208, 209, 210, 211, 212, 213, 214, 215]
         35 [0, 1, 2, 3, 4, 5, 6, 7, 8, 9, 10, 11] [210, 211, 212, 213, 214, 215, 216, 217, 218, 219, 220, 221]
         36 [0, 1, 2, 3, 4, 5, 6, 7, 8, 9, 10, 11] [216, 217, 218, 219, 220, 221, 222, 223, 224, 225, 226, 227]
         37 [0, 1, 2, 3, 4, 5, 6, 7, 8, 9, 10, 11] [222, 223, 224, 225, 226, 227, 228, 229, 230, 231, 232, 233]
         38 [0, 1, 2, 3, 4, 5, 6, 7, 8, 9, 10, 11] [228, 229, 230, 231, 232, 233, 234, 235, 236, 237, 238, 239]
         39 [0, 1, 2, 3, 4, 5, 6, 7, 8, 9, 10, 11] [234, 235, 236, 237, 238, 239, 240, 241, 242, 243, 244, 245]
         40 [0, 1, 2, 3, 4, 5, 6, 7, 8, 9, 10, 11] [240, 241, 242, 243, 244, 245, 246, 247, 248, 249, 250, 251]
         41 [0, 1, 2, 3, 4, 5, 6, 7, 8, 9, 10, 11] [246, 247, 248, 249, 250, 251, 252, 253, 254, 255, 256, 257]
         42 [0, 1, 2, 3, 4, 5, 6, 7, 8, 9, 10, 11] [252, 253, 254, 255, 256, 257, 258, 259, 260, 261, 262, 263]
         43 [0, 1, 2, 3, 4, 5, 6, 7, 8, 9, 10, 11] [258, 259, 260, 261, 262, 263, 264, 265, 266, 267, 268, 269]
         44 [0, 1, 2, 3, 4, 5, 6, 7, 8, 9, 10, 11] [264, 265, 266, 267, 268, 269, 270, 271, 272, 273, 274, 275]
         45 [0, 1, 2, 3, 4, 5, 6, 7, 8, 9, 10, 11] [270, 271, 272, 273, 274, 275, 276, 277, 278, 279, 280, 281]
         46 [0, 1, 2, 3, 4, 5, 6, 7, 8, 9, 10, 11] [276, 277, 278, 279, 280, 281, 282, 283, 284, 285, 286, 287]
         47 [0, 1, 2, 3, 4, 5, 6, 7, 8, 9, 10, 11] [282, 283, 284, 285, 286, 287, 288, 289, 290, 291, 292, 293]
         48 [0, 1, 2, 3, 4, 5, 6, 7, 8, 9, 10, 11] [288, 289, 290, 291, 292, 293, 294, 295, 296, 297, 298, 299]
         49 [0, 1, 2, 3, 4, 5, 6, 7, 8, 9, 10, 11] [294, 295, 296, 297, 298, 299, 300, 301, 302, 303, 304, 305]
         50 [0, 1, 2, 3, 4, 5, 6, 7, 8, 9, 10, 11] [300, 301, 302, 303, 304, 305, 306, 307, 308, 309, 310, 311]
         51 [0, 1, 2, 3, 4, 5, 6, 7, 8, 9, 10, 11] [306, 307, 308, 309, 310, 311, 312, 313, 314, 315, 316, 317]
         52 [0, 1, 2, 3, 4, 5, 6, 7, 8, 9, 10, 11] [312, 313, 314, 315, 316, 317, 318, 319, 320, 321, 322, 323]
         53 [0, 1, 2, 3, 4, 5, 6, 7, 8, 9, 10, 11] [318, 319, 320, 321, 322, 323, 324, 325, 326, 327, 328, 329]
         54 [0, 1, 2, 3, 4, 5, 6, 7, 8, 9, 10, 11] [324, 325, 326, 327, 328, 329, 330, 331, 332, 333, 334, 335]
         55 [0, 1, 2, 3, 4, 5, 6, 7, 8, 9, 10, 11] [330, 331, 332, 333, 334, 335, 336, 337, 338, 339, 340, 341]
         56 [0, 1, 2, 3, 4, 5, 6, 7, 8, 9, 10, 11] [336, 337, 338, 339, 340, 341, 342, 343, 344, 345, 346, 347]
         57 [0, 1, 2, 3, 4, 5, 6, 7, 8, 9, 10, 11] [342, 343, 344, 345, 346, 347, 348, 349, 350, 351, 352, 353]
         58 [0, 1, 2, 3, 4, 5, 6, 7, 8, 9, 10, 11] [348, 349, 350, 351, 352, 353, 354, 355, 356, 357, 358, 359]
         59 [0, 1, 2, 3, 4, 5, 6, 7, 8, 9, 10, 11] [354, 355, 356, 357, 358, 359, 360, 361, 362, 363, 364, 365]
         60 [0, 1, 2, 3, 4, 5, 6, 7, 8, 9, 10, 11] [360, 361, 362, 363, 364, 365, 366, 367, 368, 369, 370, 371]
         61 [0, 1, 2, 3, 4, 5, 6, 7, 8, 9, 10, 11] [366, 367, 368, 369, 370, 371, 372, 373, 374, 375, 376, 377]
         62 [0, 1, 2, 3, 4, 5, 6, 7, 8, 9, 10, 11] [372, 373, 374, 375, 376, 377, 378, 379, 380, 381, 382, 383]
         63 [0, 1, 2, 3, 4, 5, 6, 7, 8, 9, 10, 11] [378, 379, 380, 381, 382, 383, 384, 385, 386, 387, 388, 389]
         64 [0, 1, 2, 3, 4, 5, 6, 7, 8, 9, 10, 11] [384, 385, 386, 387, 388, 389, 390, 391, 392, 393, 394, 395]
         65 [0, 1, 2, 3, 4, 5, 6, 7, 8, 9, 10, 11] [390, 391, 392, 393, 394, 395, 396, 397, 398, 399, 400, 401]
         66 [0, 1, 2, 3, 4, 5, 6, 7, 8, 9, 10, 11] [396, 397, 398, 399, 400, 401, 402, 403, 404, 405, 406, 407]
         67 [0, 1, 2, 3, 4, 5, 6, 7, 8, 9, 10, 11] [402, 403, 404, 405, 406, 407, 408, 409, 410, 411, 412, 413]
         68 [0, 1, 2, 3, 4, 5, 6, 7, 8, 9, 10, 11] [408, 409, 410, 411, 412, 413, 414, 415, 416, 417, 418, 419]
         69 [0, 1, 2, 3, 4, 5, 6, 7, 8, 9, 10, 11] [414, 415, 416, 417, 418, 419, 420, 421, 422, 423, 424, 425]
         70 [0, 1, 2, 3, 4, 5, 6, 7, 8, 9, 10, 11] [420, 421, 422, 423, 424, 425, 426, 427, 428, 429, 430, 431]
         71 [0, 1, 2, 3, 4, 5, 6, 7, 8, 9, 10, 11] [426, 427, 428, 429, 430, 431, 432, 433, 434, 435, 436, 437]
         72 [0, 1, 2, 3, 4, 5, 6, 7, 8, 9, 10, 11] [432, 433, 434, 435, 436, 437, 438, 439, 440, 441, 442, 443]
         73 [0, 1, 2, 3, 4, 5, 6, 7, 8, 9, 10, 11] [438, 439, 440, 441, 442, 443, 444, 445, 446, 447, 448, 449]
         74 [0, 1, 2, 3, 4, 5, 6, 7, 8, 9, 10, 11] [444, 445, 446, 447, 448, 449, 450, 451, 452, 453, 454, 455]
         75 [0, 1, 2, 3, 4, 5, 6, 7, 8, 9, 10, 11] [450, 451, 452, 453, 454, 455, 456, 457, 458, 459, 460, 461]
         76 [0, 1, 2, 3, 4, 5, 6, 7, 8, 9, 10, 11] [456, 457, 458, 459, 460, 461, 462, 463, 464, 465, 466, 467]
         77 [0, 1, 2, 3, 4, 5, 6, 7, 8, 9, 10, 11] [462, 463, 464, 465, 466, 467, 468, 469, 470, 471, 472, 473]
         78 [0, 1, 2, 3, 4, 5, 6, 7, 8, 9, 10, 11] [468, 469, 470, 471, 472, 473, 474, 475, 476, 477, 478, 479]
         79 [0, 1, 2, 3, 4, 5, 6, 7, 8, 9, 10, 11] [474, 475, 476, 477, 478, 479, 480, 481, 482, 483, 484, 485]
         80 [0, 1, 2, 3, 4, 5, 6, 7, 8, 9, 10, 11] [480, 481, 482, 483, 484, 485, 486, 487, 488, 489, 490, 491]
         81 [0, 1, 2, 3, 4, 5, 6, 7, 8, 9, 10, 11] [486, 487, 488, 489, 490, 491, 492, 493, 494, 495, 496, 497]
         82 [0, 1, 2, 3, 4, 5, 6, 7, 8, 9, 10, 11] [492, 493, 494, 495, 496, 497, 498, 499, 500, 501, 502, 503]
         83 [0, 1, 2, 3, 4, 5, 6, 7, 8, 9, 10, 11] [498, 499, 500, 501, 502, 503, 504, 505, 506, 507, 508, 509]
         84 [0, 1, 2, 3, 4, 5, 6, 7, 8, 9, 10, 11] [504, 505, 506, 507, 508, 509, 510, 511, 512, 513, 514, 515]
         85 [0, 1, 2, 3, 4, 5, 6, 7, 8, 9, 10, 11] [510, 511, 512, 513, 514, 515, 516, 517, 518, 519, 520, 521]
         86 [0, 1, 2, 3, 4, 5, 6, 7, 8, 9, 10, 11] [516, 517, 518, 519, 520, 521, 522, 523, 524, 525, 526, 527]
         87 [0, 1, 2, 3, 4, 5, 6, 7, 8, 9, 10, 11] [522, 523, 524, 525, 526, 527, 528, 529, 530, 531, 532, 533]
         88 [0, 1, 2, 3, 4, 5, 6, 7, 8, 9, 10, 11] [528, 529, 530, 531, 532, 533, 534, 535, 536, 537, 538, 539]
         89 [0, 1, 2, 3, 4, 5, 6, 7, 8, 9, 10, 11] [534, 535, 536, 537, 538, 539, 540, 541, 542, 543, 544, 545]
         90 [0, 1, 2, 3, 4, 5, 6, 7, 8, 9, 10, 11] [540, 541, 542, 543, 544, 545, 546, 547, 548, 549, 550, 551]
         91 [0, 1, 2, 3, 4, 5, 6, 7, 8, 9, 10, 11] [546, 547, 548, 549, 550, 551, 552, 553, 554, 555, 556, 557]
         92 [0, 1, 2, 3, 4, 5, 6, 7, 8, 9, 10, 11] [552, 553, 554, 555, 556, 557, 558, 559, 560, 561, 562, 563]
         93 [0, 1, 2, 3, 4, 5, 6, 7, 8, 9, 10, 11] [558, 559, 560, 561, 562, 563, 564, 565, 566, 567, 568, 569]
         94 [0, 1, 2, 3, 4, 5, 6, 7, 8, 9, 10, 11] [564, 565, 566, 567, 568, 569, 570, 571, 572, 573, 574, 575]
         95 [0, 1, 2, 3, 4, 5, 6, 7, 8, 9, 10, 11] [570, 571, 572, 573, 574, 575, 576, 577, 578, 579, 580, 581]
         96 [0, 1, 2, 3, 4, 5, 6, 7, 8, 9, 10, 11] [576, 577, 578, 579, 580, 581, 582, 583, 584, 585, 586, 587]
         97 [0, 1, 2, 3, 4, 5, 6, 7, 8, 9, 10, 11] [582, 583, 584, 585, 586, 587, 588, 589, 590, 591, 592, 593]
         98 [0, 1, 2, 3, 4, 5, 6, 7, 8, 9, 10, 11] [588, 589, 590, 591, 592, 593, 594, 595, 596, 597, 598, 599]
         99 [0, 1, 2, 3, 4, 5, 6, 7, 8, 9, 10, 11] [594, 595, 596, 597, 598, 599, 600, 601, 602, 603, 604, 605] (Module: assembly, Line: 204)
2025-11-16 14:39:52,051 [INFO] 🧾 System Info:
  Total DOFs: 606
  Number of elements: 100
  Symmetry tolerance: 1.0e-08 (Module: assembly, Line: 344)
2025-11-16 14:39:52,054 [INFO] ✅ Stiffness matrix assembled (Module: assembly, Line: 248)
2025-11-16 14:39:52,054 [INFO] ✅ Force vector assembled (Module: assembly, Line: 277)
2025-11-16 14:39:52,055 [INFO] Global Stiffness Matrix:
  Non-zero entries: 3010
  Symmetry: False
  Norm: 2.033e+15 (Module: assembly, Line: 364)
2025-11-16 14:39:52,068 [DEBUG] 
Stiffness Matrix Sample (COO):
 Row  Col       K Value
 368  368  2.281910e+13
  74   74  2.281910e+13
 240  240  2.751000e+10
 451  451  1.473074e+14
 509  503  1.753660e+13
 515  505  3.156587e+13
  98  104 -1.140955e+13
  63   63  2.111451e+05
 274  280  2.716560e+12
  25   35  3.156587e+13
 542  542  2.281910e+13
 598  596 -1.629936e+12
 324  318 -1.375500e+10
 361  355 -7.365370e+13
  45   51 -1.055726e+05
 102  102  2.751000e+10
  61   61  1.473074e+14
 125  121  1.052196e+13
 316  314 -1.629936e+12
 196  190  2.716560e+12
 296  304 -4.889808e+12
 400  392 -4.889808e+12
 273  279 -1.055726e+05
 168  168  2.751000e+10
 500  506 -1.140955e+13
 466  472  2.716560e+12
 238  244  2.716560e+12
 511  517 -7.365370e+13
 512  518 -1.140955e+13
 191  181  3.156587e+13
 277  281  1.052196e+13
 440  446 -1.140955e+13
 530  526  6.519744e+12
 292  284 -4.889808e+12
 358  352  2.716560e+12
 515  517 -4.208783e+13
 179  175  1.052196e+13
 443  433  3.156587e+13
 438  438  2.751000e+10
   6   12 -1.375500e+10
 268  260 -4.889808e+12
 431  431  3.858051e+13
 122  122  2.281910e+13
 130  130  5.976432e+12
 316  316  5.976432e+12
  41   35  1.753660e+13
 476  478 -1.629936e+12
   8    4  6.519744e+12
 115  121 -7.365370e+13
 481  475 -7.365370e+13
 146  142  6.519744e+12
 232  232  5.976432e+12
 160  166  2.716560e+12
 536  532  6.519744e+12
 201  195 -1.055726e+05
 107  113  1.753660e+13
 524  532 -4.889808e+12
 194  194  2.281910e+13
 458  452 -1.140955e+13
 377  379 -4.208783e+13
 463  467  1.052196e+13
  20   22 -1.629936e+12
 175  185  3.156587e+13
 341  341  3.858051e+13
 452  460 -4.889808e+12
 307  301 -7.365370e+13
 132  138 -1.375500e+10
 238  236 -1.629936e+12
  52   58  2.716560e+12
  98  100 -1.629936e+12
 401  401  3.858051e+13
  55   49 -7.365370e+13
 524  524  2.281910e+13
 428  434 -1.140955e+13
 461  467  1.753660e+13
 275  277 -4.208783e+13
 359  353  1.753660e+13
 389  395  1.753660e+13
 158  164 -1.140955e+13
 232  224 -4.889808e+12
  23   13  3.156587e+13
 542  536 -1.140955e+13
 169  179  3.156587e+13
 247  247  1.473074e+14
 557  559 -4.208783e+13
 381  375 -1.055726e+05
 569  565  1.052196e+13
 322  322  5.976432e+12
 190  182 -4.889808e+12
 277  283 -7.365370e+13
 257  251  1.753660e+13
 554  554  2.281910e+13
 224  218 -1.140955e+13
 284  280  6.519744e+12
 437  439 -4.208783e+13
 112  118  2.716560e+12
 311  313 -4.208783e+13
 126  126  2.751000e+10
 530  538 -4.889808e+12
 572  568  6.519744e+12
 116  118 -1.629936e+12
 562  554 -4.889808e+12
 503  503  3.858051e+13
 388  382  2.716560e+12
  85   95  3.156587e+13
 175  181 -7.365370e+13
 505  511 -7.365370e+13
 240  234 -1.375500e+10
 203  197  1.753660e+13
 296  302 -1.140955e+13
 304  304  5.976432e+12
 297  297  2.111451e+05
   3    3  1.055726e+05
 117  111 -1.055726e+05
 491  481  3.156587e+13
 409  419  3.156587e+13
 284  286 -1.629936e+12
 184  178  2.716560e+12
 133  131 -4.208783e+13
 306  306  2.751000e+10
 516  510 -1.375500e+10
  96  102 -1.375500e+10
 394  398  6.519744e+12
  25   31 -7.365370e+13
 411  417 -1.055726e+05
 197  203  1.753660e+13
 416  422 -1.140955e+13
 466  458 -4.889808e+12
 491  493 -4.208783e+13
 188  196 -4.889808e+12
 604  598  2.716560e+12
  33   33  2.111451e+05
 108  108  2.751000e+10
 596  604 -4.889808e+12
 517  517  1.473074e+14
 600  594 -1.375500e+10
  89   85  1.052196e+13
 563  563  3.858051e+13
 339  345 -1.055726e+05
 353  353  3.858051e+13
 142  146  6.519744e+12
 185  175  3.156587e+13
 314  310  6.519744e+12
 455  455  3.858051e+13
 458  466 -4.889808e+12
 299  295  1.052196e+13
 495  495  2.111451e+05
 125  127 -4.208783e+13
 116  110 -1.140955e+13
 496  490  2.716560e+12
 211  209 -4.208783e+13
 449  451 -4.208783e+13
 478  478  5.976432e+12
  79   79  1.473074e+14
 151  145 -7.365370e+13
 167  161  1.753660e+13
 223  227  1.052196e+13
  68   74 -1.140955e+13
 329  329  3.858051e+13
 438  432 -1.375500e+10
  11   17  1.753660e+13
 361  371  3.156587e+13
 517  515 -4.208783e+13
 215  217 -4.208783e+13
 210  216 -1.375500e+10
  99   93 -1.055726e+05
 569  559  3.156587e+13
  61   71  3.156587e+13
 514  512 -1.629936e+12
 324  330 -1.375500e+10
 386  388 -1.629936e+12
   8   14 -1.140955e+13
 578  584 -1.140955e+13
 498  492 -1.375500e+10
 138  144 -1.375500e+10
 116  112  6.519744e+12
  47   47  3.858051e+13
 367  365 -4.208783e+13
  64   64  5.976432e+12
 556  554 -1.629936e+12
 197  197  3.858051e+13
 547  551  1.052196e+13
 152  152  2.281910e+13
 218  226 -4.889808e+12
 532  532  5.976432e+12
 187  181 -7.365370e+13
 352  346  2.716560e+12
 214  220  2.716560e+12
 487  493 -7.365370e+13
 476  484 -4.889808e+12
 264  264  2.751000e+10
 451  455  1.052196e+13
 467  461  1.753660e+13
 544  550  2.716560e+12
 178  176 -1.629936e+12
  47   37  3.156587e+13
 370  368 -1.629936e+12
   7    1 -7.365370e+13
 423  423  2.111451e+05
 536  538 -1.629936e+12
 111  105 -1.055726e+05
 188  194 -1.140955e+13
 413  413  3.858051e+13
 192  192  2.751000e+10
 281  287  1.753660e+13
  29   31 -4.208783e+13
 414  414  2.751000e+10
 251  241  3.156587e+13
 214  208  2.716560e+12
 381  387 -1.055726e+05
 602  602  1.140955e+13
 373  367 -7.365370e+13
  72   78 -1.375500e+10
 205  199 -7.365370e+13
 194  196 -1.629936e+12
 215  209  1.753660e+13
 317  317  3.858051e+13
 483  489 -1.055726e+05
 547  545 -4.208783e+13
  52   56  6.519744e+12
 212  206 -1.140955e+13
 454  460  2.716560e+12
  38   40 -1.629936e+12
 424  418  2.716560e+12
 562  568  2.716560e+12
 413  407  1.753660e+13
 209  209  3.858051e+13
 343  353  3.156587e+13
 602  596 -1.140955e+13
  94   94  5.976432e+12
 605  605  1.402928e+13
 461  461  3.858051e+13
 262  262  5.976432e+12
 110  116 -1.140955e+13
 218  218  2.281910e+13
 286  292  2.716560e+12
  63   57 -1.055726e+05
 118  110 -4.889808e+12
 481  485  1.052196e+13
 571  571  1.473074e+14
 345  339 -1.055726e+05
 554  550  6.519744e+12
 193  187 -7.365370e+13
  78   72 -1.375500e+10
 351  351  2.111451e+05
 125  119  1.753660e+13
 391  389 -4.208783e+13
 354  354  2.751000e+10
 340  346  2.716560e+12
 203  209  1.753660e+13
 548  544  6.519744e+12
 380  388 -4.889808e+12
 327  321 -1.055726e+05
 592  592  5.976432e+12
 178  172  2.716560e+12
 367  367  1.473074e+14
 473  475 -4.208783e+13
  40   34  2.716560e+12
 410  410  2.281910e+13
 295  295  1.473074e+14
 414  408 -1.375500e+10
 506  508 -1.629936e+12
 189  189  2.111451e+05
 467  469 -4.208783e+13
 262  266  6.519744e+12
  84   78 -1.375500e+10
 538  532  2.716560e+12
 491  491  3.858051e+13
  52   44 -4.889808e+12
  16   14 -1.629936e+12
 475  485  3.156587e+13
   4   10  2.716560e+12
 130  136  2.716560e+12
  38   32 -1.140955e+13
 320  326 -1.140955e+13
 266  274 -4.889808e+12
 226  230  6.519744e+12
 490  482 -4.889808e+12
 467  473  1.753660e+13
 253  257  1.052196e+13
 211  217 -7.365370e+13
 202  194 -4.889808e+12
 136  140  6.519744e+12
  65   61  1.052196e+13
 442  440 -1.629936e+12
 468  474 -1.375500e+10
 118  122  6.519744e+12
 157  157  1.473074e+14
 393  387 -1.055726e+05
 166  164 -1.629936e+12
 396  402 -1.375500e+10
 254  262 -4.889808e+12
 347  337  3.156587e+13
 101   97  1.052196e+13
 410  418 -4.889808e+12
 490  496  2.716560e+12
 160  160  5.976432e+12
 211  205 -7.365370e+13
  65   65  3.858051e+13
 343  337 -7.365370e+13
 172  170 -1.629936e+12
 119  119  3.858051e+13
 267  273 -1.055726e+05
 496  500  6.519744e+12
 555  555  2.111451e+05
 239  229  3.156587e+13
  26   34 -4.889808e+12
  57   57  2.111451e+05
 217  215 -4.208783e+13
 507  513 -1.055726e+05
 546  540 -1.375500e+10
 292  286  2.716560e+12
 221  211  3.156587e+13
 401  403 -4.208783e+13
 143  133  3.156587e+13
 373  377  1.052196e+13
 585  579 -1.055726e+05
 268  266 -1.629936e+12
 265  275  3.156587e+13
 456  450 -1.375500e+10
 524  526 -1.629936e+12
 453  447 -1.055726e+05
 523  527  1.052196e+13
 336  330 -1.375500e+10
  40   44  6.519744e+12
 454  446 -4.889808e+12
 371  367  1.052196e+13
   2   10 -4.889808e+12
 181  185  1.052196e+13
 318  318  2.751000e+10
 415  413 -4.208783e+13
 137  131  1.753660e+13
 246  252 -1.375500e+10
 584  584  2.281910e+13
  16   10  2.716560e+12
 391  385 -7.365370e+13
 139  145 -7.365370e+13
 262  260 -1.629936e+12
 508  506 -1.629936e+12
 445  445  1.473074e+14
 499  499  1.473074e+14
 547  553 -7.365370e+13
 158  152 -1.140955e+13
 545  545  3.858051e+13
 157  161  1.052196e+13
 389  383  1.753660e+13
 355  355  1.473074e+14
 242  236 -1.140955e+13
  53   59  1.753660e+13
 196  196  5.976432e+12
 100   94  2.716560e+12
  41   37  1.052196e+13
 576  570 -1.375500e+10
 517  511 -7.365370e+13
 320  322 -1.629936e+12
 535  541 -7.365370e+13
 594  600 -1.375500e+10
 404  406 -1.629936e+12
 568  560 -4.889808e+12
 104  112 -4.889808e+12
 172  166  2.716560e+12
 313  311 -4.208783e+13
  62   64 -1.629936e+12
 416  418 -1.629936e+12
 127  137  3.156587e+13
  31   41  3.156587e+13
 593  599  1.753660e+13
 364  364  5.976432e+12
 248  244  6.519744e+12
 502  496  2.716560e+12
 109  113  1.052196e+13
 497  493  1.052196e+13
  70   62 -4.889808e+12
  47   49 -4.208783e+13
 229  239  3.156587e+13
 404  412 -4.889808e+12
 565  559 -7.365370e+13
  60   54 -1.375500e+10
 206  212 -1.140955e+13
 331  337 -7.365370e+13
 448  446 -1.629936e+12
 415  415  1.473074e+14
 516  522 -1.375500e+10
  49   49  1.473074e+14
 131  133 -4.208783e+13
  66   72 -1.375500e+10
 284  292 -4.889808e+12
 189  183 -1.055726e+05
 134  140 -1.140955e+13
 207  201 -1.055726e+05
 114  120 -1.375500e+10
 556  556  5.976432e+12
  98   94  6.519744e+12
 405  411 -1.055726e+05
  29   29  3.858051e+13
  95   89  1.753660e+13
 277  275 -4.208783e+13
 368  364  6.519744e+12
 254  254  2.281910e+13
 260  266 -1.140955e+13
 412  418  2.716560e+12
 335  329  1.753660e+13
 369  369  2.111451e+05
 249  249  2.111451e+05
 560  568 -4.889808e+12
  82   76  2.716560e+12
 221  215  1.753660e+13
 331  335  1.052196e+13
  51   45 -1.055726e+05
  49   47 -4.208783e+13
  50   52 -1.629936e+12
 424  416 -4.889808e+12
 526  530  6.519744e+12
 370  364  2.716560e+12
 186  186  2.751000e+10
 217  227  3.156587e+13
 428  424  6.519744e+12
 137  127  3.156587e+13
 239  239  3.858051e+13
 205  203 -4.208783e+13
 564  570 -1.375500e+10
 247  245 -4.208783e+13
 481  479 -4.208783e+13
 122  116 -1.140955e+13
 355  353 -4.208783e+13
 115  115  1.473074e+14
  13    7 -7.365370e+13
 539  545  1.753660e+13
 128  136 -4.889808e+12
 250  248 -1.629936e+12
 111  117 -1.055726e+05
 457  463 -7.365370e+13
 293  287  1.753660e+13
 253  253  1.473074e+14
 486  486  2.751000e+10
 545  541  1.052196e+13
 422  424 -1.629936e+12
  91   95  1.052196e+13
 353  355 -4.208783e+13
 200  206 -1.140955e+13
 122  118  6.519744e+12
 533  529  1.052196e+13
 349  353  1.052196e+13
 205  211 -7.365370e+13
  68   70 -1.629936e+12
 223  233  3.156587e+13
 602  598  6.519744e+12
 473  479  1.753660e+13
 552  558 -1.375500e+10
  66   60 -1.375500e+10
 229  233  1.052196e+13
 437  431  1.753660e+13
 538  544  2.716560e+12
 540  546 -1.375500e+10
 202  208  2.716560e+12
 314  322 -4.889808e+12
 103   97 -7.365370e+13
  94  100  2.716560e+12
 301  301  1.473074e+14
 178  170 -4.889808e+12
  22   14 -4.889808e+12
 201  207 -1.055726e+05
 510  510  2.751000e+10
 311  311  3.858051e+13
  10    8 -1.629936e+12
  61   65  1.052196e+13
 344  346 -1.629936e+12
 107  107  3.858051e+13
  42   48 -1.375500e+10
 109  119  3.156587e+13
 383  379  1.052196e+13
  86   88 -1.629936e+12
  92  100 -4.889808e+12
 266  272 -1.140955e+13
 503  509  1.753660e+13
 431  421  3.156587e+13
 185  187 -4.208783e+13
 250  242 -4.889808e+12
 550  548 -1.629936e+12
 407  413  1.753660e+13
 416  424 -4.889808e+12
 208  212  6.519744e+12
 155  151  1.052196e+13
 256  262  2.716560e+12
 137  139 -4.208783e+13
 495  489 -1.055726e+05
 299  305  1.753660e+13
 323  313  3.156587e+13
  73   67 -7.365370e+13
 244  244  5.976432e+12
 198  204 -1.375500e+10
 220  226  2.716560e+12
 440  442 -1.629936e+12
  81   81  2.111451e+05
  35   41  1.753660e+13
  17   13  1.052196e+13
 551  551  3.858051e+13
 484  490  2.716560e+12
 601  595 -7.365370e+13
 522  522  2.751000e+10
  59   65  1.753660e+13
 439  433 -7.365370e+13
 139  139  1.473074e+14
 274  278  6.519744e+12
 370  376  2.716560e+12
 503  497  1.753660e+13
 259  253 -7.365370e+13
 508  512  6.519744e+12
 249  255 -1.055726e+05
 436  428 -4.889808e+12
 276  270 -1.375500e+10
 397  395 -4.208783e+13
 421  419 -4.208783e+13
 577  577  1.473074e+14
 490  484  2.716560e+12
 195  195  2.111451e+05
 476  470 -1.140955e+13
 234  228 -1.375500e+10
 474  468 -1.375500e+10
 584  578 -1.140955e+13
 523  521 -4.208783e+13
 139  143  1.052196e+13
 349  349  1.473074e+14
 100  100  5.976432e+12
 331  325 -7.365370e+13
 260  256  6.519744e+12
  71   77  1.753660e+13
 288  282 -1.375500e+10
 469  463 -7.365370e+13
 245  245  3.858051e+13
 271  277 -7.365370e+13
  11    1  3.156587e+13
 130  122 -4.889808e+12
 425  415  3.156587e+13
 594  594  2.751000e+10
 100  106  2.716560e+12
 332  332  2.281910e+13
 262  268  2.716560e+12
  25   19 -7.365370e+13
 493  487 -7.365370e+13
 100   92 -4.889808e+12
 556  548 -4.889808e+12
 424  430  2.716560e+12
 213  213  2.111451e+05
 102  108 -1.375500e+10
  82   74 -4.889808e+12
 561  561  2.111451e+05
 557  563  1.753660e+13
 256  250  2.716560e+12
   4    8  6.519744e+12
 271  265 -7.365370e+13
 550  542 -4.889808e+12
 331  341  3.156587e+13
 507  507  2.111451e+05
 184  190  2.716560e+12
  67   71  1.052196e+13
 145  149  1.052196e+13
 183  183  2.111451e+05
 300  294 -1.375500e+10
 482  478  6.519744e+12
 180  174 -1.375500e+10
 481  481  1.473074e+14
 380  386 -1.140955e+13
 199  209  3.156587e+13
 147  153 -1.055726e+05
 353  349  1.052196e+13
  93   99 -1.055726e+05
 356  362 -1.140955e+13
  87   93 -1.055726e+05
 427  427  1.473074e+14
 224  220  6.519744e+12
  71   67  1.052196e+13
 278  274  6.519744e+12
  30   30  2.751000e+10
 302  310 -4.889808e+12
 268  272  6.519744e+12
 148  140 -4.889808e+12
 146  152 -1.140955e+13
 133  133  1.473074e+14
 344  352 -4.889808e+12
 103  109 -7.365370e+13
 178  182  6.519744e+12
 165  171 -1.055726e+05
 269  259  3.156587e+13
 257  253  1.052196e+13
  37   37  1.473074e+14
  26   26  2.281910e+13
 571  575  1.052196e+13
 494  488 -1.140955e+13
 521  523 -4.208783e+13
 134  134  2.281910e+13
 115  119  1.052196e+13
 113  115 -4.208783e+13
  43   47  1.052196e+13
 494  502 -4.889808e+12
 356  364 -4.889808e+12
 341  337  1.052196e+13
 402  396 -1.375500e+10
 170  170  2.281910e+13
 200  200  2.281910e+13
 420  426 -1.375500e+10
 182  178  6.519744e+12
 589  583 -7.365370e+13
  29   23  1.753660e+13
  14   22 -4.889808e+12
 553  557  1.052196e+13
 142  142  5.976432e+12
 553  551 -4.208783e+13
 457  457  1.473074e+14
 373  379 -7.365370e+13
 404  400  6.519744e+12
  97  101  1.052196e+13
 488  484  6.519744e+12
 258  258  2.751000e+10
 267  267  2.111451e+05
 151  155  1.052196e+13
  56   56  2.281910e+13
 554  560 -1.140955e+13
  76   70  2.716560e+12
 536  542 -1.140955e+13
 227  227  3.858051e+13
 248  250 -1.629936e+12
 326  326  2.281910e+13
 295  293 -4.208783e+13
 155  157 -4.208783e+13
 305  311  1.753660e+13
 139  149  3.156587e+13
  23   29  1.753660e+13
 445  455  3.156587e+13
 593  583  3.156587e+13
 256  256  5.976432e+12
 161  151  3.156587e+13
 499  503  1.052196e+13
 248  248  2.281910e+13
 440  434 -1.140955e+13
 181  181  1.473074e+14
  26   20 -1.140955e+13
 605  601 -3.156587e+13
 403  401 -4.208783e+13
 442  448  2.716560e+12
 303  297 -1.055726e+05
 527  517  3.156587e+13
 287  287  3.858051e+13
 436  434 -1.629936e+12
 540  534 -1.375500e+10
 497  499 -4.208783e+13
 151  151  1.473074e+14
 241  245  1.052196e+13
  45   39 -1.055726e+05
 484  478  2.716560e+12
 294  300 -1.375500e+10
  80   82 -1.629936e+12
   7   13 -7.365370e+13
 199  193 -7.365370e+13
 341  335  1.753660e+13
  97  107  3.156587e+13
 146  140 -1.140955e+13
 484  488  6.519744e+12
 374  382 -4.889808e+12
 397  403 -7.365370e+13
 140  142 -1.629936e+12
 241  247 -7.365370e+13
 194  200 -1.140955e+13
 465  471 -1.055726e+05
 125  131  1.753660e+13
 139  133 -7.365370e+13
 442  434 -4.889808e+12
 144  144  2.751000e+10
 478  470 -4.889808e+12
 392  394 -1.629936e+12
 187  185 -4.208783e+13
 288  294 -1.375500e+10
 527  521  1.753660e+13
 115  109 -7.365370e+13
 384  390 -1.375500e+10
 530  536 -1.140955e+13
 472  466  2.716560e+12
  40   32 -4.889808e+12
 279  273 -1.055726e+05
 464  466 -1.629936e+12
 379  385 -7.365370e+13
 183  177 -1.055726e+05
 154  158  6.519744e+12
 469  473  1.052196e+13
 254  256 -1.629936e+12
 566  566  2.281910e+13
 226  218 -4.889808e+12
 227  233  1.753660e+13
 205  205  1.473074e+14
 432  432  2.751000e+10
 121  127 -7.365370e+13
  65   55  3.156587e+13
 193  203  3.156587e+13
   9   15 -1.055726e+05
  87   81 -1.055726e+05
 144  150 -1.375500e+10
 545  547 -4.208783e+13
 300  300  2.751000e+10
 146  148 -1.629936e+12
 503  505 -4.208783e+13
 171  177 -1.055726e+05
  62   56 -1.140955e+13
  91   85 -7.365370e+13
 224  232 -4.889808e+12
 579  579  2.111451e+05
 121  125  1.052196e+13
 281  281  3.858051e+13
 344  338 -1.140955e+13
 412  406  2.716560e+12
 135  141 -1.055726e+05
 231  237 -1.055726e+05
 589  593  1.052196e+13
 111  111  2.111451e+05
 460  452 -4.889808e+12
 337  347  3.156587e+13
 449  439  3.156587e+13
 135  135  2.111451e+05
 484  484  5.976432e+12
 253  251 -4.208783e+13
 216  210 -1.375500e+10
 281  277  1.052196e+13
  40   40  5.976432e+12
 586  580  2.716560e+12
 455  451  1.052196e+13
 242  248 -1.140955e+13
 106   98 -4.889808e+12
 320  316  6.519744e+12
 549  549  2.111451e+05
 184  188  6.519744e+12
  47   53  1.753660e+13
  72   72  2.751000e+10
 182  176 -1.140955e+13
 502  500 -1.629936e+12
 284  284  2.281910e+13
 329  335  1.753660e+13
 115  113 -4.208783e+13
 318  312 -1.375500e+10
 515  515  3.858051e+13
 463  473  3.156587e+13
 163  167  1.052196e+13
  83   77  1.753660e+13
 209  211 -4.208783e+13
  13   19 -7.365370e+13
 452  454 -1.629936e+12
 148  148  5.976432e+12
 164  166 -1.629936e+12
 536  544 -4.889808e+12
  49   59  3.156587e+13
 392  386 -1.140955e+13
 580  580  5.976432e+12
 325  335  3.156587e+13
 313  313  1.473074e+14
  82   86  6.519744e+12
 218  224 -1.140955e+13
 455  457 -4.208783e+13
 169  173  1.052196e+13
 167  163  1.052196e+13
 136  134 -1.629936e+12
 359  349  3.156587e+13
  92   94 -1.629936e+12
 407  407  3.858051e+13
 553  563  3.156587e+13
 574  574  5.976432e+12
 544  538  2.716560e+12
 308  314 -1.140955e+13
  99  105 -1.055726e+05
 417  411 -1.055726e+05
 395  385  3.156587e+13
  89   91 -4.208783e+13
 151  161  3.156587e+13
  50   58 -4.889808e+12
 124  118  2.716560e+12
 448  448  5.976432e+12
 445  449  1.052196e+13
 279  279  2.111451e+05
 293  295 -4.208783e+13
 419  421 -4.208783e+13
 279  285 -1.055726e+05
 295  289 -7.365370e+13
  68   64  6.519744e+12
 259  265 -7.365370e+13
 388  380 -4.889808e+12
 222  222  2.751000e+10
  87   87  2.111451e+05
 349  355 -7.365370e+13
 575  571  1.052196e+13
 233  235 -4.208783e+13
 172  176  6.519744e+12
 210  210  2.751000e+10
 105  111 -1.055726e+05
 157  167  3.156587e+13
 422  418  6.519744e+12
 577  575 -4.208783e+13
 541  551  3.156587e+13
 212  214 -1.629936e+12
 118  118  5.976432e+12
  94   88  2.716560e+12
 221  227  1.753660e+13
  62   68 -1.140955e+13
  28   32  6.519744e+12
 490  494  6.519744e+12
 272  266 -1.140955e+13
 107  103  1.052196e+13
 324  324  2.751000e+10
 581  571  3.156587e+13
  31   29 -4.208783e+13
 361  359 -4.208783e+13
 358  364  2.716560e+12
 602  604  4.889808e+12
  43   41 -4.208783e+13
  10   10  5.976432e+12
 575  569  1.753660e+13
 198  198  2.751000e+10
 470  472 -1.629936e+12
 409  415 -7.365370e+13
 200  194 -1.140955e+13
 587  593  1.753660e+13
 457  461  1.052196e+13
   1    7 -7.365370e+13
 476  472  6.519744e+12
 523  533  3.156587e+13
 470  476 -1.140955e+13
 259  257 -4.208783e+13
 443  443  3.858051e+13
 572  566 -1.140955e+13
 599  589  3.156587e+13
 202  206  6.519744e+12
 219  219  2.111451e+05
  80   76  6.519744e+12
 274  268  2.716560e+12
 265  259 -7.365370e+13
 510  504 -1.375500e+10
  52   52  5.976432e+12
 379  377 -4.208783e+13
  73   79 -7.365370e+13
 551  547  1.052196e+13
 233  233  3.858051e+13
 190  196  2.716560e+12
 532  526  2.716560e+12
 585  591 -1.055726e+05
 107  109 -4.208783e+13
  48   54 -1.375500e+10
 124  122 -1.629936e+12
 292  296  6.519744e+12
 178  184  2.716560e+12
 221  223 -4.208783e+13
 559  559  1.473074e+14
 133  127 -7.365370e+13
 158  158  2.281910e+13
 294  288 -1.375500e+10
 360  360  2.751000e+10
 137  133  1.052196e+13
 249  243 -1.055726e+05
 342  336 -1.375500e+10
 292  298  2.716560e+12
 174  174  2.751000e+10
 154  146 -4.889808e+12
 433  443  3.156587e+13
 360  354 -1.375500e+10
 419  413  1.753660e+13
 181  191  3.156587e+13
 587  577  3.156587e+13
 288  288  2.751000e+10
 322  326  6.519744e+12
 506  514 -4.889808e+12
 589  599  3.156587e+13
 213  207 -1.055726e+05
 255  261 -1.055726e+05
 409  409  1.473074e+14
 311  317  1.753660e+13
 129  129  2.111451e+05
 176  184 -4.889808e+12
 158  166 -4.889808e+12
 106  110  6.519744e+12
  58   64  2.716560e+12
 277  271 -7.365370e+13
 545  535  3.156587e+13
 597  603 -1.055726e+05
 187  193 -7.365370e+13
 184  182 -1.629936e+12
 430  436  2.716560e+12
 275  265  3.156587e+13
 448  454  2.716560e+12
 329  325  1.052196e+13
 236  244 -4.889808e+12
 583  577 -7.365370e+13
 599  605  1.753660e+13
 410  416 -1.140955e+13
  31   31  1.473074e+14
 404  410 -1.140955e+13
 493  499 -7.365370e+13
 256  254 -1.629936e+12
 251  247  1.052196e+13
 328  334  2.716560e+12
  34   38  6.519744e+12
 530  530  2.281910e+13
 230  224 -1.140955e+13
 332  340 -4.889808e+12
 358  356 -1.629936e+12
 557  553  1.052196e+13
 466  466  5.976432e+12
  74   68 -1.140955e+13
 219  225 -1.055726e+05
 180  180  2.751000e+10
  99   99  2.111451e+05
 529  539  3.156587e+13
 568  562  2.716560e+12
 563  569  1.753660e+13
 400  400  5.976432e+12
 397  401  1.052196e+13
  77   83  1.753660e+13
 412  416  6.519744e+12
 500  494 -1.140955e+13
 302  308 -1.140955e+13
 337  337  1.473074e+14
 153  159 -1.055726e+05
  10    4  2.716560e+12
 212  212  2.281910e+13
 230  226  6.519744e+12
 491  497  1.753660e+13
 419  419  3.858051e+13
 577  583 -7.365370e+13
 218  212 -1.140955e+13
 406  400  2.716560e+12
 258  252 -1.375500e+10
 408  402 -1.375500e+10
 598  602  6.519744e+12
  14    8 -1.140955e+13
 435  429 -1.055726e+05
 560  566 -1.140955e+13
 234  234  2.751000e+10
  85   83 -4.208783e+13
 155  145  3.156587e+13
 528  534 -1.375500e+10
 391  397 -7.365370e+13
 207  213 -1.055726e+05
 460  460  5.976432e+12
 446  454 -4.889808e+12
 319  325 -7.365370e+13
 250  244  2.716560e+12
 421  421  1.473074e+14
 302  296 -1.140955e+13
 379  383  1.052196e+13
 440  448 -4.889808e+12
  90   84 -1.375500e+10
 528  528  2.751000e+10
  97  103 -7.365370e+13
 575  577 -4.208783e+13
 544  542 -1.629936e+12
 506  502  6.519744e+12
 348  354 -1.375500e+10
 145  145  1.473074e+14
 385  383 -4.208783e+13
 349  343 -7.365370e+13
 433  433  1.473074e+14
 528  522 -1.375500e+10
 376  380  6.519744e+12
 527  533  1.753660e+13
   2    2  1.140955e+13
 372  372  2.751000e+10
 379  389  3.156587e+13
 170  166  6.519744e+12
 452  446 -1.140955e+13
 589  595 -7.365370e+13
  27   21 -1.055726e+05
 395  397 -4.208783e+13
 258  264 -1.375500e+10
 581  575  1.753660e+13
 143  145 -4.208783e+13
 239  233  1.753660e+13
 244  248  6.519744e+12
  80   80  2.281910e+13
 517  521  1.052196e+13
  46   44 -1.629936e+12
 350  344 -1.140955e+13
 304  308  6.519744e+12
   5    5  2.455123e+13
  13   23  3.156587e+13
 115  125  3.156587e+13
 362  362  2.281910e+13
 448  442  2.716560e+12
 463  469 -7.365370e+13
 189  195 -1.055726e+05
 427  425 -4.208783e+13
  84   84  2.751000e+10
 142  148  2.716560e+12
 514  514  5.976432e+12
  54   54  2.751000e+10
 375  375  2.111451e+05
 532  538  2.716560e+12
 335  331  1.052196e+13
  56   50 -1.140955e+13
 526  524 -1.629936e+12
  32   26 -1.140955e+13
  23   23  3.858051e+13
 355  349 -7.365370e+13
 217  223 -7.365370e+13
 308  304  6.519744e+12
 298  290 -4.889808e+12
   0    6 -1.375500e+10 (Module: assembly, Line: 384)
2025-11-16 14:39:52,069 [INFO] 📊 Performance Metrics:
  Assembly Time: 0.04s
  Elements Processed: 100
  Matrix Density: 8.20e-03
  Memory Usage: 0.02MB
  Processing Rate: 2519.8 elements/s (Module: assembly, Line: 360)
2025-11-16 14:39:52,069 [INFO] ✅ Assembly complete. (Module: assembly, Line: 127)
