2025-11-16 14:39:48,490 [DEBUG]: 🟢 ElementFactory logger initialised.
2025-11-16 14:39:48,490 [INFO]: 🚩 Starting batch element creation.
2025-11-16 14:39:48,490 [DEBUG]: Element IDs sanitised: [0, 1, 2, 3, 4, 5, 6, 7, 8, 9, 10, 11, 12, 13, 14, 15, 16, 17, 18, 19, 20, 21, 22, 23, 24, 25, 26, 27, 28, 29, 30, 31, 32, 33, 34, 35, 36, 37, 38, 39, 40, 41, 42, 43, 44, 45, 46, 47, 48, 49, 50, 51, 52, 53, 54, 55, 56, 57, 58, 59, 60, 61, 62, 63, 64, 65, 66, 67, 68, 69, 70, 71, 72, 73, 74, 75, 76, 77, 78, 79, 80, 81, 82, 83, 84, 85, 86, 87, 88, 89, 90, 91, 92, 93, 94, 95, 96, 97, 98, 99]
2025-11-16 14:39:48,491 [DEBUG]: Module for EulerBernoulliBeamElement3D loaded.
2025-11-16 14:39:48,493 [DEBUG]: ✅ Element 0 (EulerBernoulliBeamElement3D) instantiated.
2025-11-16 14:39:48,493 [DEBUG]: ✅ Element 1 (EulerBernoulliBeamElement3D) instantiated.
2025-11-16 14:39:48,494 [DEBUG]: ✅ Element 2 (EulerBernoulliBeamElement3D) instantiated.
2025-11-16 14:39:48,494 [DEBUG]: ✅ Element 3 (EulerBernoulliBeamElement3D) instantiated.
2025-11-16 14:39:48,495 [DEBUG]: ✅ Element 4 (EulerBernoulliBeamElement3D) instantiated.
2025-11-16 14:39:48,495 [DEBUG]: ✅ Element 5 (EulerBernoulliBeamElement3D) instantiated.
2025-11-16 14:39:48,496 [DEBUG]: ✅ Element 6 (EulerBernoulliBeamElement3D) instantiated.
2025-11-16 14:39:48,496 [DEBUG]: ✅ Element 7 (EulerBernoulliBeamElement3D) instantiated.
2025-11-16 14:39:48,497 [DEBUG]: ✅ Element 8 (EulerBernoulliBeamElement3D) instantiated.
2025-11-16 14:39:48,497 [DEBUG]: ✅ Element 9 (EulerBernoulliBeamElement3D) instantiated.
2025-11-16 14:39:48,498 [DEBUG]: ✅ Element 10 (EulerBernoulliBeamElement3D) instantiated.
2025-11-16 14:39:48,498 [DEBUG]: ✅ Element 11 (EulerBernoulliBeamElement3D) instantiated.
2025-11-16 14:39:48,499 [DEBUG]: ✅ Element 12 (EulerBernoulliBeamElement3D) instantiated.
2025-11-16 14:39:48,499 [DEBUG]: ✅ Element 13 (EulerBernoulliBeamElement3D) instantiated.
2025-11-16 14:39:48,499 [DEBUG]: ✅ Element 14 (EulerBernoulliBeamElement3D) instantiated.
2025-11-16 14:39:48,500 [DEBUG]: ✅ Element 15 (EulerBernoulliBeamElement3D) instantiated.
2025-11-16 14:39:48,500 [DEBUG]: ✅ Element 16 (EulerBernoulliBeamElement3D) instantiated.
2025-11-16 14:39:48,501 [DEBUG]: ✅ Element 17 (EulerBernoulliBeamElement3D) instantiated.
2025-11-16 14:39:48,501 [DEBUG]: ✅ Element 18 (EulerBernoulliBeamElement3D) instantiated.
2025-11-16 14:39:48,501 [DEBUG]: ✅ Element 19 (EulerBernoulliBeamElement3D) instantiated.
2025-11-16 14:39:48,502 [DEBUG]: ✅ Element 20 (EulerBernoulliBeamElement3D) instantiated.
2025-11-16 14:39:48,502 [DEBUG]: ✅ Element 21 (EulerBernoulliBeamElement3D) instantiated.
2025-11-16 14:39:48,503 [DEBUG]: ✅ Element 22 (EulerBernoulliBeamElement3D) instantiated.
2025-11-16 14:39:48,503 [DEBUG]: ✅ Element 23 (EulerBernoulliBeamElement3D) instantiated.
2025-11-16 14:39:48,504 [DEBUG]: ✅ Element 24 (EulerBernoulliBeamElement3D) instantiated.
2025-11-16 14:39:48,504 [DEBUG]: ✅ Element 25 (EulerBernoulliBeamElement3D) instantiated.
2025-11-16 14:39:48,505 [DEBUG]: ✅ Element 26 (EulerBernoulliBeamElement3D) instantiated.
2025-11-16 14:39:48,505 [DEBUG]: ✅ Element 27 (EulerBernoulliBeamElement3D) instantiated.
2025-11-16 14:39:48,506 [DEBUG]: ✅ Element 28 (EulerBernoulliBeamElement3D) instantiated.
2025-11-16 14:39:48,506 [DEBUG]: ✅ Element 29 (EulerBernoulliBeamElement3D) instantiated.
2025-11-16 14:39:48,507 [DEBUG]: ✅ Element 30 (EulerBernoulliBeamElement3D) instantiated.
2025-11-16 14:39:48,507 [DEBUG]: ✅ Element 31 (EulerBernoulliBeamElement3D) instantiated.
2025-11-16 14:39:48,508 [DEBUG]: ✅ Element 32 (EulerBernoulliBeamElement3D) instantiated.
2025-11-16 14:39:48,508 [DEBUG]: ✅ Element 33 (EulerBernoulliBeamElement3D) instantiated.
2025-11-16 14:39:48,508 [DEBUG]: ✅ Element 34 (EulerBernoulliBeamElement3D) instantiated.
2025-11-16 14:39:48,509 [DEBUG]: ✅ Element 35 (EulerBernoulliBeamElement3D) instantiated.
2025-11-16 14:39:48,509 [DEBUG]: ✅ Element 36 (EulerBernoulliBeamElement3D) instantiated.
2025-11-16 14:39:48,510 [DEBUG]: ✅ Element 37 (EulerBernoulliBeamElement3D) instantiated.
2025-11-16 14:39:48,510 [DEBUG]: ✅ Element 38 (EulerBernoulliBeamElement3D) instantiated.
2025-11-16 14:39:48,511 [DEBUG]: ✅ Element 39 (EulerBernoulliBeamElement3D) instantiated.
2025-11-16 14:39:48,511 [DEBUG]: ✅ Element 40 (EulerBernoulliBeamElement3D) instantiated.
2025-11-16 14:39:48,512 [DEBUG]: ✅ Element 41 (EulerBernoulliBeamElement3D) instantiated.
2025-11-16 14:39:48,512 [DEBUG]: ✅ Element 42 (EulerBernoulliBeamElement3D) instantiated.
2025-11-16 14:39:48,513 [DEBUG]: ✅ Element 43 (EulerBernoulliBeamElement3D) instantiated.
2025-11-16 14:39:48,513 [DEBUG]: ✅ Element 44 (EulerBernoulliBeamElement3D) instantiated.
2025-11-16 14:39:48,513 [DEBUG]: ✅ Element 45 (EulerBernoulliBeamElement3D) instantiated.
2025-11-16 14:39:48,514 [DEBUG]: ✅ Element 46 (EulerBernoulliBeamElement3D) instantiated.
2025-11-16 14:39:48,514 [DEBUG]: ✅ Element 47 (EulerBernoulliBeamElement3D) instantiated.
2025-11-16 14:39:48,515 [DEBUG]: ✅ Element 48 (EulerBernoulliBeamElement3D) instantiated.
2025-11-16 14:39:48,516 [DEBUG]: ✅ Element 49 (EulerBernoulliBeamElement3D) instantiated.
2025-11-16 14:39:48,516 [DEBUG]: ✅ Element 50 (EulerBernoulliBeamElement3D) instantiated.
2025-11-16 14:39:48,516 [DEBUG]: ✅ Element 51 (EulerBernoulliBeamElement3D) instantiated.
2025-11-16 14:39:48,517 [DEBUG]: ✅ Element 52 (EulerBernoulliBeamElement3D) instantiated.
2025-11-16 14:39:48,517 [DEBUG]: ✅ Element 53 (EulerBernoulliBeamElement3D) instantiated.
2025-11-16 14:39:48,518 [DEBUG]: ✅ Element 54 (EulerBernoulliBeamElement3D) instantiated.
2025-11-16 14:39:48,518 [DEBUG]: ✅ Element 55 (EulerBernoulliBeamElement3D) instantiated.
2025-11-16 14:39:48,518 [DEBUG]: ✅ Element 56 (EulerBernoulliBeamElement3D) instantiated.
2025-11-16 14:39:48,519 [DEBUG]: ✅ Element 57 (EulerBernoulliBeamElement3D) instantiated.
2025-11-16 14:39:48,519 [DEBUG]: ✅ Element 58 (EulerBernoulliBeamElement3D) instantiated.
2025-11-16 14:39:48,520 [DEBUG]: ✅ Element 59 (EulerBernoulliBeamElement3D) instantiated.
2025-11-16 14:39:48,520 [DEBUG]: ✅ Element 60 (EulerBernoulliBeamElement3D) instantiated.
2025-11-16 14:39:48,521 [DEBUG]: ✅ Element 61 (EulerBernoulliBeamElement3D) instantiated.
2025-11-16 14:39:48,521 [DEBUG]: ✅ Element 62 (EulerBernoulliBeamElement3D) instantiated.
2025-11-16 14:39:48,522 [DEBUG]: ✅ Element 63 (EulerBernoulliBeamElement3D) instantiated.
2025-11-16 14:39:48,522 [DEBUG]: ✅ Element 64 (EulerBernoulliBeamElement3D) instantiated.
2025-11-16 14:39:48,523 [DEBUG]: ✅ Element 65 (EulerBernoulliBeamElement3D) instantiated.
2025-11-16 14:39:48,523 [DEBUG]: ✅ Element 66 (EulerBernoulliBeamElement3D) instantiated.
2025-11-16 14:39:48,524 [DEBUG]: ✅ Element 67 (EulerBernoulliBeamElement3D) instantiated.
2025-11-16 14:39:48,524 [DEBUG]: ✅ Element 68 (EulerBernoulliBeamElement3D) instantiated.
2025-11-16 14:39:48,525 [DEBUG]: ✅ Element 69 (EulerBernoulliBeamElement3D) instantiated.
2025-11-16 14:39:48,525 [DEBUG]: ✅ Element 70 (EulerBernoulliBeamElement3D) instantiated.
2025-11-16 14:39:48,525 [DEBUG]: ✅ Element 71 (EulerBernoulliBeamElement3D) instantiated.
2025-11-16 14:39:48,526 [DEBUG]: ✅ Element 72 (EulerBernoulliBeamElement3D) instantiated.
2025-11-16 14:39:48,526 [DEBUG]: ✅ Element 73 (EulerBernoulliBeamElement3D) instantiated.
2025-11-16 14:39:48,527 [DEBUG]: ✅ Element 74 (EulerBernoulliBeamElement3D) instantiated.
2025-11-16 14:39:48,527 [DEBUG]: ✅ Element 75 (EulerBernoulliBeamElement3D) instantiated.
2025-11-16 14:39:48,527 [DEBUG]: ✅ Element 76 (EulerBernoulliBeamElement3D) instantiated.
2025-11-16 14:39:48,528 [DEBUG]: ✅ Element 77 (EulerBernoulliBeamElement3D) instantiated.
2025-11-16 14:39:48,528 [DEBUG]: ✅ Element 78 (EulerBernoulliBeamElement3D) instantiated.
2025-11-16 14:39:48,528 [DEBUG]: ✅ Element 79 (EulerBernoulliBeamElement3D) instantiated.
2025-11-16 14:39:48,529 [DEBUG]: ✅ Element 80 (EulerBernoulliBeamElement3D) instantiated.
2025-11-16 14:39:48,529 [DEBUG]: ✅ Element 81 (EulerBernoulliBeamElement3D) instantiated.
2025-11-16 14:39:48,530 [DEBUG]: ✅ Element 82 (EulerBernoulliBeamElement3D) instantiated.
2025-11-16 14:39:48,530 [DEBUG]: ✅ Element 83 (EulerBernoulliBeamElement3D) instantiated.
2025-11-16 14:39:48,531 [DEBUG]: ✅ Element 84 (EulerBernoulliBeamElement3D) instantiated.
2025-11-16 14:39:48,531 [DEBUG]: ✅ Element 85 (EulerBernoulliBeamElement3D) instantiated.
2025-11-16 14:39:48,531 [DEBUG]: ✅ Element 86 (EulerBernoulliBeamElement3D) instantiated.
2025-11-16 14:39:48,532 [DEBUG]: ✅ Element 87 (EulerBernoulliBeamElement3D) instantiated.
2025-11-16 14:39:48,532 [DEBUG]: ✅ Element 88 (EulerBernoulliBeamElement3D) instantiated.
2025-11-16 14:39:48,533 [DEBUG]: ✅ Element 89 (EulerBernoulliBeamElement3D) instantiated.
2025-11-16 14:39:48,533 [DEBUG]: ✅ Element 90 (EulerBernoulliBeamElement3D) instantiated.
2025-11-16 14:39:48,533 [DEBUG]: ✅ Element 91 (EulerBernoulliBeamElement3D) instantiated.
2025-11-16 14:39:48,534 [DEBUG]: ✅ Element 92 (EulerBernoulliBeamElement3D) instantiated.
2025-11-16 14:39:48,534 [DEBUG]: ✅ Element 93 (EulerBernoulliBeamElement3D) instantiated.
2025-11-16 14:39:48,535 [DEBUG]: ✅ Element 94 (EulerBernoulliBeamElement3D) instantiated.
2025-11-16 14:39:48,536 [DEBUG]: ✅ Element 95 (EulerBernoulliBeamElement3D) instantiated.
2025-11-16 14:39:48,536 [DEBUG]: ✅ Element 96 (EulerBernoulliBeamElement3D) instantiated.
2025-11-16 14:39:48,537 [DEBUG]: ✅ Element 97 (EulerBernoulliBeamElement3D) instantiated.
2025-11-16 14:39:48,537 [DEBUG]: ✅ Element 98 (EulerBernoulliBeamElement3D) instantiated.
2025-11-16 14:39:48,538 [DEBUG]: ✅ Element 99 (EulerBernoulliBeamElement3D) instantiated.
2025-11-16 14:39:48,538 [DEBUG]: Logging verified for element 0.
2025-11-16 14:39:48,539 [DEBUG]: Logging verified for element 1.
2025-11-16 14:39:48,540 [DEBUG]: Logging verified for element 2.
2025-11-16 14:39:48,540 [DEBUG]: Logging verified for element 3.
2025-11-16 14:39:48,540 [DEBUG]: Logging verified for element 4.
2025-11-16 14:39:48,542 [DEBUG]: Logging verified for element 5.
2025-11-16 14:39:48,542 [DEBUG]: Logging verified for element 6.
2025-11-16 14:39:48,543 [DEBUG]: Logging verified for element 7.
2025-11-16 14:39:48,543 [DEBUG]: Logging verified for element 8.
2025-11-16 14:39:48,544 [DEBUG]: Logging verified for element 9.
2025-11-16 14:39:48,544 [DEBUG]: Logging verified for element 10.
2025-11-16 14:39:48,545 [DEBUG]: Logging verified for element 11.
2025-11-16 14:39:48,545 [DEBUG]: Logging verified for element 12.
2025-11-16 14:39:48,545 [DEBUG]: Logging verified for element 13.
2025-11-16 14:39:48,545 [DEBUG]: Logging verified for element 14.
2025-11-16 14:39:48,545 [DEBUG]: Logging verified for element 15.
2025-11-16 14:39:48,545 [DEBUG]: Logging verified for element 16.
2025-11-16 14:39:48,545 [DEBUG]: Logging verified for element 17.
2025-11-16 14:39:48,545 [DEBUG]: Logging verified for element 18.
2025-11-16 14:39:48,545 [DEBUG]: Logging verified for element 19.
2025-11-16 14:39:48,545 [DEBUG]: Logging verified for element 20.
2025-11-16 14:39:48,545 [DEBUG]: Logging verified for element 21.
2025-11-16 14:39:48,545 [DEBUG]: Logging verified for element 22.
2025-11-16 14:39:48,545 [DEBUG]: Logging verified for element 23.
2025-11-16 14:39:48,545 [DEBUG]: Logging verified for element 24.
2025-11-16 14:39:48,545 [DEBUG]: Logging verified for element 25.
2025-11-16 14:39:48,545 [DEBUG]: Logging verified for element 26.
2025-11-16 14:39:48,553 [DEBUG]: Logging verified for element 27.
2025-11-16 14:39:48,553 [DEBUG]: Logging verified for element 28.
2025-11-16 14:39:48,554 [DEBUG]: Logging verified for element 29.
2025-11-16 14:39:48,554 [DEBUG]: Logging verified for element 30.
2025-11-16 14:39:48,555 [DEBUG]: Logging verified for element 31.
2025-11-16 14:39:48,556 [DEBUG]: Logging verified for element 32.
2025-11-16 14:39:48,556 [DEBUG]: Logging verified for element 33.
2025-11-16 14:39:48,557 [DEBUG]: Logging verified for element 34.
2025-11-16 14:39:48,558 [DEBUG]: Logging verified for element 35.
2025-11-16 14:39:48,558 [DEBUG]: Logging verified for element 36.
2025-11-16 14:39:48,558 [DEBUG]: Logging verified for element 37.
2025-11-16 14:39:48,559 [DEBUG]: Logging verified for element 38.
2025-11-16 14:39:48,559 [DEBUG]: Logging verified for element 39.
2025-11-16 14:39:48,560 [DEBUG]: Logging verified for element 40.
2025-11-16 14:39:48,560 [DEBUG]: Logging verified for element 41.
2025-11-16 14:39:48,561 [DEBUG]: Logging verified for element 42.
2025-11-16 14:39:48,561 [DEBUG]: Logging verified for element 43.
2025-11-16 14:39:48,562 [DEBUG]: Logging verified for element 44.
2025-11-16 14:39:48,562 [DEBUG]: Logging verified for element 45.
2025-11-16 14:39:48,563 [DEBUG]: Logging verified for element 46.
2025-11-16 14:39:48,563 [DEBUG]: Logging verified for element 47.
2025-11-16 14:39:48,564 [DEBUG]: Logging verified for element 48.
2025-11-16 14:39:48,564 [DEBUG]: Logging verified for element 49.
2025-11-16 14:39:48,565 [DEBUG]: Logging verified for element 50.
2025-11-16 14:39:48,565 [DEBUG]: Logging verified for element 51.
2025-11-16 14:39:48,566 [DEBUG]: Logging verified for element 52.
2025-11-16 14:39:48,566 [DEBUG]: Logging verified for element 53.
2025-11-16 14:39:48,566 [DEBUG]: Logging verified for element 54.
2025-11-16 14:39:48,567 [DEBUG]: Logging verified for element 55.
2025-11-16 14:39:48,567 [DEBUG]: Logging verified for element 56.
2025-11-16 14:39:48,568 [DEBUG]: Logging verified for element 57.
2025-11-16 14:39:48,568 [DEBUG]: Logging verified for element 58.
2025-11-16 14:39:48,569 [DEBUG]: Logging verified for element 59.
2025-11-16 14:39:48,569 [DEBUG]: Logging verified for element 60.
2025-11-16 14:39:48,570 [DEBUG]: Logging verified for element 61.
2025-11-16 14:39:48,570 [DEBUG]: Logging verified for element 62.
2025-11-16 14:39:48,570 [DEBUG]: Logging verified for element 63.
2025-11-16 14:39:48,571 [DEBUG]: Logging verified for element 64.
2025-11-16 14:39:48,572 [DEBUG]: Logging verified for element 65.
2025-11-16 14:39:48,572 [DEBUG]: Logging verified for element 66.
2025-11-16 14:39:48,573 [DEBUG]: Logging verified for element 67.
2025-11-16 14:39:48,573 [DEBUG]: Logging verified for element 68.
2025-11-16 14:39:48,574 [DEBUG]: Logging verified for element 69.
2025-11-16 14:39:48,574 [DEBUG]: Logging verified for element 70.
2025-11-16 14:39:48,575 [DEBUG]: Logging verified for element 71.
2025-11-16 14:39:48,575 [DEBUG]: Logging verified for element 72.
2025-11-16 14:39:48,576 [DEBUG]: Logging verified for element 73.
2025-11-16 14:39:48,576 [DEBUG]: Logging verified for element 74.
2025-11-16 14:39:48,576 [DEBUG]: Logging verified for element 75.
2025-11-16 14:39:48,577 [DEBUG]: Logging verified for element 76.
2025-11-16 14:39:48,577 [DEBUG]: Logging verified for element 77.
2025-11-16 14:39:48,578 [DEBUG]: Logging verified for element 78.
2025-11-16 14:39:48,578 [DEBUG]: Logging verified for element 79.
2025-11-16 14:39:48,578 [DEBUG]: Logging verified for element 80.
2025-11-16 14:39:48,580 [DEBUG]: Logging verified for element 81.
2025-11-16 14:39:48,580 [DEBUG]: Logging verified for element 82.
2025-11-16 14:39:48,581 [DEBUG]: Logging verified for element 83.
2025-11-16 14:39:48,581 [DEBUG]: Logging verified for element 84.
2025-11-16 14:39:48,582 [DEBUG]: Logging verified for element 85.
2025-11-16 14:39:48,582 [DEBUG]: Logging verified for element 86.
2025-11-16 14:39:48,583 [DEBUG]: Logging verified for element 87.
2025-11-16 14:39:48,583 [DEBUG]: Logging verified for element 88.
2025-11-16 14:39:48,583 [DEBUG]: Logging verified for element 89.
2025-11-16 14:39:48,584 [DEBUG]: Logging verified for element 90.
2025-11-16 14:39:48,584 [DEBUG]: Logging verified for element 91.
2025-11-16 14:39:48,585 [DEBUG]: Logging verified for element 92.
2025-11-16 14:39:48,585 [DEBUG]: Logging verified for element 93.
2025-11-16 14:39:48,586 [DEBUG]: Logging verified for element 94.
2025-11-16 14:39:48,586 [DEBUG]: Logging verified for element 95.
2025-11-16 14:39:48,587 [DEBUG]: Logging verified for element 96.
2025-11-16 14:39:48,587 [DEBUG]: Logging verified for element 97.
2025-11-16 14:39:48,588 [DEBUG]: Logging verified for element 98.
2025-11-16 14:39:48,589 [DEBUG]: Logging verified for element 99.
2025-11-16 14:39:48,589 [INFO]: ✅ Batch element creation complete.
