2026-02-26 16:18:27,574 [DEBUG] 📁 Log file: c:\Users\s1834431\Programs\fem_model\post_processing\results\job_0007_n16_2026-02-26_16-18-23-536081_pid18316_333d928c\logs\SolveCondensedSystem.log (Module: solver, Line: 249)
2026-02-26 16:18:27,576 [DEBUG] Row/column scaling applied. (Module: solver, Line: 164)
2026-02-26 16:18:27,576 [DEBUG] Building ILU (drop_tol=1e-06, fill_factor=1.0) (Module: solver, Line: 77)
2026-02-26 16:18:27,576 [DEBUG] ILU fill-ratio = 1.12 (Module: solver, Line: 82)
2026-02-26 16:18:27,576 [INFO] Solver parameters • solver='cg', prec='auto', K nnz=400, dofs=96 (Module: solver, Line: 181)
2026-02-26 16:18:27,577 [INFO] Condensed condition estimate: 1.00e+00 (Module: solver, Line: 187)
2026-02-26 16:18:27,577 [DEBUG] Iter   10 | residual 5.102e-02 (Module: solver, Line: 328)
2026-02-26 16:18:27,577 [DEBUG] Iter   20 | residual 5.491e-02 (Module: solver, Line: 328)
2026-02-26 16:18:27,578 [DEBUG] Iter   30 | residual 6.113e-02 (Module: solver, Line: 328)
2026-02-26 16:18:27,578 [DEBUG] Iter   40 | residual 6.682e-02 (Module: solver, Line: 328)
2026-02-26 16:18:27,578 [DEBUG] Iter   50 | residual 7.267e-02 (Module: solver, Line: 328)
2026-02-26 16:18:27,579 [DEBUG] Iter   60 | residual 7.862e-02 (Module: solver, Line: 328)
2026-02-26 16:18:27,579 [DEBUG] Iter   70 | residual 8.381e-02 (Module: solver, Line: 328)
2026-02-26 16:18:27,579 [DEBUG] Iter   80 | residual 8.789e-02 (Module: solver, Line: 328)
2026-02-26 16:18:27,579 [DEBUG] Iter   90 | residual 9.088e-02 (Module: solver, Line: 328)
2026-02-26 16:18:27,580 [DEBUG] Iter  100 | residual 9.294e-02 (Module: solver, Line: 328)
2026-02-26 16:18:27,580 [DEBUG] Iter  110 | residual 9.425e-02 (Module: solver, Line: 328)
2026-02-26 16:18:27,580 [DEBUG] Iter  120 | residual 9.501e-02 (Module: solver, Line: 328)
2026-02-26 16:18:27,580 [DEBUG] Iter  130 | residual 9.538e-02 (Module: solver, Line: 328)
2026-02-26 16:18:27,581 [DEBUG] Iter  140 | residual 9.548e-02 (Module: solver, Line: 328)
2026-02-26 16:18:27,581 [DEBUG] Iter  150 | residual 9.541e-02 (Module: solver, Line: 328)
2026-02-26 16:18:27,581 [DEBUG] Iter  160 | residual 9.524e-02 (Module: solver, Line: 328)
2026-02-26 16:18:27,582 [DEBUG] Iter  170 | residual 9.501e-02 (Module: solver, Line: 328)
2026-02-26 16:18:27,582 [DEBUG] Iter  180 | residual 9.476e-02 (Module: solver, Line: 328)
2026-02-26 16:18:27,583 [DEBUG] Iter  190 | residual 9.450e-02 (Module: solver, Line: 328)
2026-02-26 16:18:27,583 [DEBUG] Iter  200 | residual 9.424e-02 (Module: solver, Line: 328)
2026-02-26 16:18:27,584 [DEBUG] Iter  210 | residual 9.400e-02 (Module: solver, Line: 328)
2026-02-26 16:18:27,584 [DEBUG] Iter  220 | residual 9.378e-02 (Module: solver, Line: 328)
2026-02-26 16:18:27,584 [DEBUG] Iter  230 | residual 9.358e-02 (Module: solver, Line: 328)
2026-02-26 16:18:27,584 [DEBUG] Iter  240 | residual 9.339e-02 (Module: solver, Line: 328)
2026-02-26 16:18:27,585 [DEBUG] Iter  250 | residual 9.322e-02 (Module: solver, Line: 328)
2026-02-26 16:18:27,585 [DEBUG] Iter  260 | residual 9.308e-02 (Module: solver, Line: 328)
2026-02-26 16:18:27,585 [DEBUG] Iter  270 | residual 9.294e-02 (Module: solver, Line: 328)
2026-02-26 16:18:27,586 [DEBUG] Iter  280 | residual 9.282e-02 (Module: solver, Line: 328)
2026-02-26 16:18:27,586 [DEBUG] Iter  290 | residual 9.271e-02 (Module: solver, Line: 328)
2026-02-26 16:18:27,586 [DEBUG] Iter  300 | residual 9.262e-02 (Module: solver, Line: 328)
2026-02-26 16:18:27,586 [DEBUG] Iter  310 | residual 9.253e-02 (Module: solver, Line: 328)
2026-02-26 16:18:27,587 [DEBUG] Iter  320 | residual 9.245e-02 (Module: solver, Line: 328)
2026-02-26 16:18:27,587 [DEBUG] Iter  330 | residual 9.238e-02 (Module: solver, Line: 328)
2026-02-26 16:18:27,587 [DEBUG] Iter  340 | residual 9.231e-02 (Module: solver, Line: 328)
2026-02-26 16:18:27,588 [DEBUG] Iter  350 | residual 9.226e-02 (Module: solver, Line: 328)
2026-02-26 16:18:27,588 [DEBUG] Iter  360 | residual 9.220e-02 (Module: solver, Line: 328)
2026-02-26 16:18:27,588 [DEBUG] Iter  370 | residual 9.216e-02 (Module: solver, Line: 328)
2026-02-26 16:18:27,589 [DEBUG] Iter  380 | residual 9.211e-02 (Module: solver, Line: 328)
2026-02-26 16:18:27,589 [DEBUG] Iter  390 | residual 9.207e-02 (Module: solver, Line: 328)
2026-02-26 16:18:27,589 [DEBUG] Iter  400 | residual 9.204e-02 (Module: solver, Line: 328)
2026-02-26 16:18:27,589 [DEBUG] Iter  410 | residual 9.200e-02 (Module: solver, Line: 328)
2026-02-26 16:18:27,589 [DEBUG] Iter  420 | residual 9.197e-02 (Module: solver, Line: 328)
2026-02-26 16:18:27,589 [DEBUG] Iter  430 | residual 9.194e-02 (Module: solver, Line: 328)
2026-02-26 16:18:27,589 [DEBUG] Iter  440 | residual 9.192e-02 (Module: solver, Line: 328)
2026-02-26 16:18:27,589 [DEBUG] Iter  450 | residual 9.189e-02 (Module: solver, Line: 328)
2026-02-26 16:18:27,589 [DEBUG] Iter  460 | residual 9.187e-02 (Module: solver, Line: 328)
2026-02-26 16:18:27,589 [DEBUG] Iter  470 | residual 9.185e-02 (Module: solver, Line: 328)
2026-02-26 16:18:27,589 [DEBUG] Iter  480 | residual 9.183e-02 (Module: solver, Line: 328)
2026-02-26 16:18:27,589 [DEBUG] Iter  490 | residual 9.181e-02 (Module: solver, Line: 328)
2026-02-26 16:18:27,589 [DEBUG] Iter  500 | residual 9.180e-02 (Module: solver, Line: 328)
2026-02-26 16:18:27,589 [DEBUG] Iter  510 | residual 9.178e-02 (Module: solver, Line: 328)
2026-02-26 16:18:27,589 [DEBUG] Iter  520 | residual 9.177e-02 (Module: solver, Line: 328)
2026-02-26 16:18:27,589 [DEBUG] Iter  530 | residual 9.175e-02 (Module: solver, Line: 328)
2026-02-26 16:18:27,589 [DEBUG] Iter  540 | residual 9.174e-02 (Module: solver, Line: 328)
2026-02-26 16:18:27,589 [DEBUG] Iter  550 | residual 9.173e-02 (Module: solver, Line: 328)
2026-02-26 16:18:27,589 [DEBUG] Iter  560 | residual 9.172e-02 (Module: solver, Line: 328)
2026-02-26 16:18:27,589 [DEBUG] Iter  570 | residual 9.171e-02 (Module: solver, Line: 328)
2026-02-26 16:18:27,589 [DEBUG] Iter  580 | residual 9.169e-02 (Module: solver, Line: 328)
2026-02-26 16:18:27,589 [DEBUG] Iter  590 | residual 9.169e-02 (Module: solver, Line: 328)
2026-02-26 16:18:27,589 [DEBUG] Iter  600 | residual 9.168e-02 (Module: solver, Line: 328)
2026-02-26 16:18:27,589 [DEBUG] Iter  610 | residual 9.167e-02 (Module: solver, Line: 328)
2026-02-26 16:18:27,589 [DEBUG] Iter  620 | residual 9.166e-02 (Module: solver, Line: 328)
2026-02-26 16:18:27,589 [DEBUG] Iter  630 | residual 9.165e-02 (Module: solver, Line: 328)
2026-02-26 16:18:27,589 [DEBUG] Iter  640 | residual 9.164e-02 (Module: solver, Line: 328)
2026-02-26 16:18:27,589 [DEBUG] Iter  650 | residual 9.164e-02 (Module: solver, Line: 328)
2026-02-26 16:18:27,589 [DEBUG] Iter  660 | residual 9.163e-02 (Module: solver, Line: 328)
2026-02-26 16:18:27,589 [DEBUG] Iter  670 | residual 9.162e-02 (Module: solver, Line: 328)
2026-02-26 16:18:27,589 [DEBUG] Iter  680 | residual 9.162e-02 (Module: solver, Line: 328)
2026-02-26 16:18:27,589 [DEBUG] Iter  690 | residual 9.161e-02 (Module: solver, Line: 328)
2026-02-26 16:18:27,589 [DEBUG] Iter  700 | residual 9.161e-02 (Module: solver, Line: 328)
2026-02-26 16:18:27,589 [DEBUG] Iter  710 | residual 9.160e-02 (Module: solver, Line: 328)
2026-02-26 16:18:27,589 [DEBUG] Iter  720 | residual 9.160e-02 (Module: solver, Line: 328)
2026-02-26 16:18:27,589 [DEBUG] Iter  730 | residual 9.159e-02 (Module: solver, Line: 328)
2026-02-26 16:18:27,589 [DEBUG] Iter  740 | residual 9.159e-02 (Module: solver, Line: 328)
2026-02-26 16:18:27,589 [DEBUG] Iter  750 | residual 9.158e-02 (Module: solver, Line: 328)
2026-02-26 16:18:27,598 [DEBUG] Iter  760 | residual 9.158e-02 (Module: solver, Line: 328)
2026-02-26 16:18:27,598 [DEBUG] Iter  770 | residual 9.158e-02 (Module: solver, Line: 328)
2026-02-26 16:18:27,598 [DEBUG] Iter  780 | residual 9.157e-02 (Module: solver, Line: 328)
2026-02-26 16:18:27,598 [DEBUG] Iter  790 | residual 9.157e-02 (Module: solver, Line: 328)
2026-02-26 16:18:27,599 [DEBUG] Iter  800 | residual 9.156e-02 (Module: solver, Line: 328)
2026-02-26 16:18:27,599 [DEBUG] Iter  810 | residual 9.156e-02 (Module: solver, Line: 328)
2026-02-26 16:18:27,599 [DEBUG] Iter  820 | residual 9.156e-02 (Module: solver, Line: 328)
2026-02-26 16:18:27,600 [DEBUG] Iter  830 | residual 9.155e-02 (Module: solver, Line: 328)
2026-02-26 16:18:27,601 [DEBUG] Iter  840 | residual 9.155e-02 (Module: solver, Line: 328)
2026-02-26 16:18:27,601 [DEBUG] Iter  850 | residual 9.155e-02 (Module: solver, Line: 328)
2026-02-26 16:18:27,601 [DEBUG] Iter  860 | residual 9.155e-02 (Module: solver, Line: 328)
2026-02-26 16:18:27,601 [DEBUG] Iter  870 | residual 9.154e-02 (Module: solver, Line: 328)
2026-02-26 16:18:27,601 [DEBUG] Iter  880 | residual 9.154e-02 (Module: solver, Line: 328)
2026-02-26 16:18:27,601 [DEBUG] Iter  890 | residual 9.154e-02 (Module: solver, Line: 328)
2026-02-26 16:18:27,601 [DEBUG] Iter  900 | residual 9.153e-02 (Module: solver, Line: 328)
2026-02-26 16:18:27,602 [DEBUG] Iter  910 | residual 9.153e-02 (Module: solver, Line: 328)
2026-02-26 16:18:27,602 [DEBUG] Iter  920 | residual 9.153e-02 (Module: solver, Line: 328)
2026-02-26 16:18:27,602 [DEBUG] Iter  930 | residual 9.153e-02 (Module: solver, Line: 328)
2026-02-26 16:18:27,603 [DEBUG] Iter  940 | residual 9.153e-02 (Module: solver, Line: 328)
2026-02-26 16:18:27,603 [DEBUG] Iter  950 | residual 9.152e-02 (Module: solver, Line: 328)
2026-02-26 16:18:27,603 [DEBUG] Iter  960 | residual 9.152e-02 (Module: solver, Line: 328)
2026-02-26 16:18:27,603 [DEBUG] Iter  970 | residual 9.152e-02 (Module: solver, Line: 328)
2026-02-26 16:18:27,604 [DEBUG] Iter  980 | residual 9.152e-02 (Module: solver, Line: 328)
2026-02-26 16:18:27,604 [DEBUG] Iter  990 | residual 9.152e-02 (Module: solver, Line: 328)
2026-02-26 16:18:27,604 [DEBUG] Iter 1000 | residual 9.151e-02 (Module: solver, Line: 328)
2026-02-26 16:18:27,604 [WARNING] Solver info=1000 (not converged). (Module: solver, Line: 344)
2026-02-26 16:18:27,604 [INFO] Retrying with ILU preconditioner … (Module: solver, Line: 351)
2026-02-26 16:18:27,605 [DEBUG] Building ILU (drop_tol=1e-06, fill_factor=1.0) (Module: solver, Line: 77)
2026-02-26 16:18:27,605 [DEBUG] ILU fill-ratio = 1.12 (Module: solver, Line: 82)
2026-02-26 16:18:27,606 [DEBUG] Iter 1010 | residual 5.102e-02 (Module: solver, Line: 328)
2026-02-26 16:18:27,606 [DEBUG] Iter 1020 | residual 5.491e-02 (Module: solver, Line: 328)
2026-02-26 16:18:27,606 [DEBUG] Iter 1030 | residual 6.113e-02 (Module: solver, Line: 328)
2026-02-26 16:18:27,607 [DEBUG] Iter 1040 | residual 6.682e-02 (Module: solver, Line: 328)
2026-02-26 16:18:27,607 [DEBUG] Iter 1050 | residual 7.267e-02 (Module: solver, Line: 328)
2026-02-26 16:18:27,607 [DEBUG] Iter 1060 | residual 7.862e-02 (Module: solver, Line: 328)
2026-02-26 16:18:27,607 [DEBUG] Iter 1070 | residual 8.381e-02 (Module: solver, Line: 328)
2026-02-26 16:18:27,608 [DEBUG] Iter 1080 | residual 8.789e-02 (Module: solver, Line: 328)
2026-02-26 16:18:27,608 [DEBUG] Iter 1090 | residual 9.088e-02 (Module: solver, Line: 328)
2026-02-26 16:18:27,608 [DEBUG] Iter 1100 | residual 9.294e-02 (Module: solver, Line: 328)
2026-02-26 16:18:27,608 [DEBUG] Iter 1110 | residual 9.425e-02 (Module: solver, Line: 328)
2026-02-26 16:18:27,609 [DEBUG] Iter 1120 | residual 9.501e-02 (Module: solver, Line: 328)
2026-02-26 16:18:27,609 [DEBUG] Iter 1130 | residual 9.538e-02 (Module: solver, Line: 328)
2026-02-26 16:18:27,609 [DEBUG] Iter 1140 | residual 9.548e-02 (Module: solver, Line: 328)
2026-02-26 16:18:27,609 [DEBUG] Iter 1150 | residual 9.541e-02 (Module: solver, Line: 328)
2026-02-26 16:18:27,610 [DEBUG] Iter 1160 | residual 9.524e-02 (Module: solver, Line: 328)
2026-02-26 16:18:27,610 [DEBUG] Iter 1170 | residual 9.501e-02 (Module: solver, Line: 328)
2026-02-26 16:18:27,610 [DEBUG] Iter 1180 | residual 9.476e-02 (Module: solver, Line: 328)
2026-02-26 16:18:27,610 [DEBUG] Iter 1190 | residual 9.450e-02 (Module: solver, Line: 328)
2026-02-26 16:18:27,611 [DEBUG] Iter 1200 | residual 9.424e-02 (Module: solver, Line: 328)
2026-02-26 16:18:27,611 [DEBUG] Iter 1210 | residual 9.400e-02 (Module: solver, Line: 328)
2026-02-26 16:18:27,611 [DEBUG] Iter 1220 | residual 9.378e-02 (Module: solver, Line: 328)
2026-02-26 16:18:27,611 [DEBUG] Iter 1230 | residual 9.358e-02 (Module: solver, Line: 328)
2026-02-26 16:18:27,611 [DEBUG] Iter 1240 | residual 9.339e-02 (Module: solver, Line: 328)
2026-02-26 16:18:27,611 [DEBUG] Iter 1250 | residual 9.322e-02 (Module: solver, Line: 328)
2026-02-26 16:18:27,611 [DEBUG] Iter 1260 | residual 9.308e-02 (Module: solver, Line: 328)
2026-02-26 16:18:27,611 [DEBUG] Iter 1270 | residual 9.294e-02 (Module: solver, Line: 328)
2026-02-26 16:18:27,611 [DEBUG] Iter 1280 | residual 9.282e-02 (Module: solver, Line: 328)
2026-02-26 16:18:27,611 [DEBUG] Iter 1290 | residual 9.271e-02 (Module: solver, Line: 328)
2026-02-26 16:18:27,611 [DEBUG] Iter 1300 | residual 9.262e-02 (Module: solver, Line: 328)
2026-02-26 16:18:27,611 [DEBUG] Iter 1310 | residual 9.253e-02 (Module: solver, Line: 328)
2026-02-26 16:18:27,611 [DEBUG] Iter 1320 | residual 9.245e-02 (Module: solver, Line: 328)
2026-02-26 16:18:27,611 [DEBUG] Iter 1330 | residual 9.238e-02 (Module: solver, Line: 328)
2026-02-26 16:18:27,611 [DEBUG] Iter 1340 | residual 9.231e-02 (Module: solver, Line: 328)
2026-02-26 16:18:27,614 [DEBUG] Iter 1350 | residual 9.226e-02 (Module: solver, Line: 328)
2026-02-26 16:18:27,614 [DEBUG] Iter 1360 | residual 9.220e-02 (Module: solver, Line: 328)
2026-02-26 16:18:27,614 [DEBUG] Iter 1370 | residual 9.216e-02 (Module: solver, Line: 328)
2026-02-26 16:18:27,615 [DEBUG] Iter 1380 | residual 9.211e-02 (Module: solver, Line: 328)
2026-02-26 16:18:27,615 [DEBUG] Iter 1390 | residual 9.207e-02 (Module: solver, Line: 328)
2026-02-26 16:18:27,615 [DEBUG] Iter 1400 | residual 9.204e-02 (Module: solver, Line: 328)
2026-02-26 16:18:27,615 [DEBUG] Iter 1410 | residual 9.200e-02 (Module: solver, Line: 328)
2026-02-26 16:18:27,616 [DEBUG] Iter 1420 | residual 9.197e-02 (Module: solver, Line: 328)
2026-02-26 16:18:27,617 [DEBUG] Iter 1430 | residual 9.194e-02 (Module: solver, Line: 328)
2026-02-26 16:18:27,617 [DEBUG] Iter 1440 | residual 9.192e-02 (Module: solver, Line: 328)
2026-02-26 16:18:27,617 [DEBUG] Iter 1450 | residual 9.189e-02 (Module: solver, Line: 328)
2026-02-26 16:18:27,617 [DEBUG] Iter 1460 | residual 9.187e-02 (Module: solver, Line: 328)
2026-02-26 16:18:27,617 [DEBUG] Iter 1470 | residual 9.185e-02 (Module: solver, Line: 328)
2026-02-26 16:18:27,618 [DEBUG] Iter 1480 | residual 9.183e-02 (Module: solver, Line: 328)
2026-02-26 16:18:27,618 [DEBUG] Iter 1490 | residual 9.181e-02 (Module: solver, Line: 328)
2026-02-26 16:18:27,618 [DEBUG] Iter 1500 | residual 9.180e-02 (Module: solver, Line: 328)
2026-02-26 16:18:27,619 [DEBUG] Iter 1510 | residual 9.178e-02 (Module: solver, Line: 328)
2026-02-26 16:18:27,619 [DEBUG] Iter 1520 | residual 9.177e-02 (Module: solver, Line: 328)
2026-02-26 16:18:27,619 [DEBUG] Iter 1530 | residual 9.175e-02 (Module: solver, Line: 328)
2026-02-26 16:18:27,620 [DEBUG] Iter 1540 | residual 9.174e-02 (Module: solver, Line: 328)
2026-02-26 16:18:27,620 [DEBUG] Iter 1550 | residual 9.173e-02 (Module: solver, Line: 328)
2026-02-26 16:18:27,620 [DEBUG] Iter 1560 | residual 9.172e-02 (Module: solver, Line: 328)
2026-02-26 16:18:27,620 [DEBUG] Iter 1570 | residual 9.171e-02 (Module: solver, Line: 328)
2026-02-26 16:18:27,621 [DEBUG] Iter 1580 | residual 9.169e-02 (Module: solver, Line: 328)
2026-02-26 16:18:27,621 [DEBUG] Iter 1590 | residual 9.169e-02 (Module: solver, Line: 328)
2026-02-26 16:18:27,621 [DEBUG] Iter 1600 | residual 9.168e-02 (Module: solver, Line: 328)
2026-02-26 16:18:27,621 [DEBUG] Iter 1610 | residual 9.167e-02 (Module: solver, Line: 328)
2026-02-26 16:18:27,622 [DEBUG] Iter 1620 | residual 9.166e-02 (Module: solver, Line: 328)
2026-02-26 16:18:27,622 [DEBUG] Iter 1630 | residual 9.165e-02 (Module: solver, Line: 328)
2026-02-26 16:18:27,622 [DEBUG] Iter 1640 | residual 9.164e-02 (Module: solver, Line: 328)
2026-02-26 16:18:27,622 [DEBUG] Iter 1650 | residual 9.164e-02 (Module: solver, Line: 328)
2026-02-26 16:18:27,623 [DEBUG] Iter 1660 | residual 9.163e-02 (Module: solver, Line: 328)
2026-02-26 16:18:27,623 [DEBUG] Iter 1670 | residual 9.162e-02 (Module: solver, Line: 328)
2026-02-26 16:18:27,623 [DEBUG] Iter 1680 | residual 9.162e-02 (Module: solver, Line: 328)
2026-02-26 16:18:27,623 [DEBUG] Iter 1690 | residual 9.161e-02 (Module: solver, Line: 328)
2026-02-26 16:18:27,623 [DEBUG] Iter 1700 | residual 9.161e-02 (Module: solver, Line: 328)
2026-02-26 16:18:27,623 [DEBUG] Iter 1710 | residual 9.160e-02 (Module: solver, Line: 328)
2026-02-26 16:18:27,623 [DEBUG] Iter 1720 | residual 9.160e-02 (Module: solver, Line: 328)
2026-02-26 16:18:27,623 [DEBUG] Iter 1730 | residual 9.159e-02 (Module: solver, Line: 328)
2026-02-26 16:18:27,623 [DEBUG] Iter 1740 | residual 9.159e-02 (Module: solver, Line: 328)
2026-02-26 16:18:27,623 [DEBUG] Iter 1750 | residual 9.158e-02 (Module: solver, Line: 328)
2026-02-26 16:18:27,623 [DEBUG] Iter 1760 | residual 9.158e-02 (Module: solver, Line: 328)
2026-02-26 16:18:27,623 [DEBUG] Iter 1770 | residual 9.158e-02 (Module: solver, Line: 328)
2026-02-26 16:18:27,623 [DEBUG] Iter 1780 | residual 9.157e-02 (Module: solver, Line: 328)
2026-02-26 16:18:27,623 [DEBUG] Iter 1790 | residual 9.157e-02 (Module: solver, Line: 328)
2026-02-26 16:18:27,623 [DEBUG] Iter 1800 | residual 9.156e-02 (Module: solver, Line: 328)
2026-02-26 16:18:27,623 [DEBUG] Iter 1810 | residual 9.156e-02 (Module: solver, Line: 328)
2026-02-26 16:18:27,623 [DEBUG] Iter 1820 | residual 9.156e-02 (Module: solver, Line: 328)
2026-02-26 16:18:27,623 [DEBUG] Iter 1830 | residual 9.155e-02 (Module: solver, Line: 328)
2026-02-26 16:18:27,623 [DEBUG] Iter 1840 | residual 9.155e-02 (Module: solver, Line: 328)
2026-02-26 16:18:27,623 [DEBUG] Iter 1850 | residual 9.155e-02 (Module: solver, Line: 328)
2026-02-26 16:18:27,623 [DEBUG] Iter 1860 | residual 9.155e-02 (Module: solver, Line: 328)
2026-02-26 16:18:27,623 [DEBUG] Iter 1870 | residual 9.154e-02 (Module: solver, Line: 328)
2026-02-26 16:18:27,623 [DEBUG] Iter 1880 | residual 9.154e-02 (Module: solver, Line: 328)
2026-02-26 16:18:27,623 [DEBUG] Iter 1890 | residual 9.154e-02 (Module: solver, Line: 328)
2026-02-26 16:18:27,623 [DEBUG] Iter 1900 | residual 9.153e-02 (Module: solver, Line: 328)
2026-02-26 16:18:27,623 [DEBUG] Iter 1910 | residual 9.153e-02 (Module: solver, Line: 328)
2026-02-26 16:18:27,623 [DEBUG] Iter 1920 | residual 9.153e-02 (Module: solver, Line: 328)
2026-02-26 16:18:27,623 [DEBUG] Iter 1930 | residual 9.153e-02 (Module: solver, Line: 328)
2026-02-26 16:18:27,623 [DEBUG] Iter 1940 | residual 9.153e-02 (Module: solver, Line: 328)
2026-02-26 16:18:27,623 [DEBUG] Iter 1950 | residual 9.152e-02 (Module: solver, Line: 328)
2026-02-26 16:18:27,623 [DEBUG] Iter 1960 | residual 9.152e-02 (Module: solver, Line: 328)
2026-02-26 16:18:27,623 [DEBUG] Iter 1970 | residual 9.152e-02 (Module: solver, Line: 328)
2026-02-26 16:18:27,623 [DEBUG] Iter 1980 | residual 9.152e-02 (Module: solver, Line: 328)
2026-02-26 16:18:27,623 [DEBUG] Iter 1990 | residual 9.152e-02 (Module: solver, Line: 328)
2026-02-26 16:18:27,623 [DEBUG] Iter 2000 | residual 9.151e-02 (Module: solver, Line: 328)
2026-02-26 16:18:27,623 [WARNING] Solver info=1000 (not converged). (Module: solver, Line: 344)
2026-02-26 16:18:27,632 [INFO] Switching to direct SuperLU fall-back. (Module: solver, Line: 359)
2026-02-26 16:18:27,632 [DEBUG] Using SuperLU direct solver (Module: solver, Line: 306)
2026-02-26 16:18:27,632 [INFO] Condensed residual norm: 1.339e-02 (Module: solver, Line: 204)
2026-02-26 16:18:27,632 [WARNING] Residual is high – verify model! (Module: solver, Line: 207)
2026-02-26 16:18:27,633 [INFO] 📊 Condensed solver report: (Module: solver, Line: 384)
2026-02-26 16:18:27,633 [INFO]  • dofs: 96 (Module: solver, Line: 386)
2026-02-26 16:18:27,633 [INFO]  • nnz: 400 (Module: solver, Line: 386)
2026-02-26 16:18:27,633 [INFO]  • density: 0.043402777777777776 (Module: solver, Line: 386)
2026-02-26 16:18:27,633 [INFO]  • condition_est: 1.0044179603384746 (Module: solver, Line: 386)
2026-02-26 16:18:27,633 [INFO]  • solve_phases: {'iterative': 0.025960400000258232, 'factorization': 0.0003488000002107583, 'solution': 0.00036840000029769726} (Module: solver, Line: 386)
2026-02-26 16:18:27,633 [INFO]  • iters: 2000 (Module: solver, Line: 386)
2026-02-26 16:18:27,633 [INFO]  • final_residual: 0.09151400265131505 (Module: solver, Line: 386)
