=== Unnamed Matrix ===
[[0. 0.]
 [0. 0.]]


=== Element 148 Stiffness Matrix Computation ===
=== Element length  L  (1, 1) ===
[[0.008]]

=== Material stiffness matrix  D  (6, 6) ===
[[2.751000e+08 0.000000e+00 0.000000e+00 0.000000e+00 0.000000e+00 0.000000e+00]
 [0.000000e+00 6.791400e+04 0.000000e+00 0.000000e+00 0.000000e+00 0.000000e+00]
 [0.000000e+00 0.000000e+00 4.384149e+05 0.000000e+00 0.000000e+00 0.000000e+00]
 [0.000000e+00 0.000000e+00 0.000000e+00 0.000000e+00 0.000000e+00 0.000000e+00]
 [0.000000e+00 0.000000e+00 0.000000e+00 0.000000e+00 0.000000e+00 0.000000e+00]
 [0.000000e+00 0.000000e+00 0.000000e+00 0.000000e+00 0.000000e+00 2.111451e+03]]


GP 1/3: ξ = -0.774597,  x = 1.184902e+00,  w = 5.555556e-01
=== Shape-function derivative  dN/dξ  (1, 12, 6) ===
[[[-0.5       0.        0.        0.        0.        0.      ]
  [ 0.        8.24758   0.        0.        0.        0.      ]
  [ 0.        0.        8.24758   0.        0.        0.      ]
  [ 0.        0.        0.       -0.5       0.        0.      ]
  [ 0.        0.        0.        0.       -5.898387  0.      ]
  [ 0.        0.        0.        0.        0.        5.898387]
  [ 0.5       0.        0.        0.        0.        0.      ]
  [ 0.       -8.24758   0.        0.        0.        0.      ]
  [ 0.        0.       -8.24758   0.        0.        0.      ]
  [ 0.        0.        0.        0.5       0.        0.      ]
  [ 0.        0.        0.        0.       -3.349193  0.      ]
  [ 0.        0.        0.        0.        0.        3.349193]]]

=== Second derivative  d²N/dξ²  (1, 12, 6) ===
[[[  0.        0.        0.        0.        0.        0.     ]
  [  0.      -15.29516   0.        0.        0.        0.     ]
  [  0.        0.      -15.29516   0.        0.        0.     ]
  [  0.        0.        0.        0.        0.        0.     ]
  [  0.        0.        0.        0.        8.64758   0.     ]
  [  0.        0.        0.        0.        0.       -8.64758]
  [  0.        0.        0.        0.        0.        0.     ]
  [  0.       15.29516   0.        0.        0.        0.     ]
  [  0.        0.       15.29516   0.        0.        0.     ]
  [  0.        0.        0.        0.        0.        0.     ]
  [  0.        0.        0.        0.        6.64758   0.     ]
  [  0.        0.        0.        0.        0.       -6.64758]]]

=== Strain-displacement matrix  B  (6, 12) ===
[[   -125.             0.             0.             0.             0.             0.           125.
        0.             0.             0.             0.             0.      ]
 [      0.             0.       -955947.501931       0.        540473.750966       0.             0.
        0.        955947.501931       0.        415473.750966       0.      ]
 [      0.       -955947.501931       0.             0.             0.       -540473.750966       0.
   955947.501931       0.             0.             0.       -415473.750966]
 [      0.             0.             0.             0.             0.             0.             0.
        0.             0.             0.             0.             0.      ]
 [      0.             0.             0.             0.             0.             0.             0.
        0.             0.             0.             0.             0.      ]
 [      0.             0.             0.          -125.             0.             0.             0.
        0.             0.           125.             0.             0.      ]]

=== Gauss-point contribution  BᵀDB  (12, 12) ===
[[ 9.552083e+09  0.000000e+00  0.000000e+00  0.000000e+00  0.000000e+00  0.000000e+00 -9.552083e+09  0.000000e+00
   0.000000e+00  0.000000e+00  0.000000e+00  0.000000e+00]
 [ 0.000000e+00  8.903092e+14  0.000000e+00  0.000000e+00  0.000000e+00  5.033632e+14  0.000000e+00 -8.903092e+14
   0.000000e+00  0.000000e+00  0.000000e+00  3.869461e+14]
 [ 0.000000e+00  0.000000e+00  1.379161e+14  0.000000e+00 -7.797501e+13  0.000000e+00  0.000000e+00  0.000000e+00
  -1.379161e+14  0.000000e+00 -5.994106e+13  0.000000e+00]
 [ 0.000000e+00  0.000000e+00  0.000000e+00  7.331428e+04  0.000000e+00  0.000000e+00  0.000000e+00  0.000000e+00
   0.000000e+00 -7.331428e+04  0.000000e+00  0.000000e+00]
 [ 0.000000e+00  0.000000e+00 -7.797501e+13  0.000000e+00  4.408552e+13  0.000000e+00  0.000000e+00  0.000000e+00
   7.797501e+13  0.000000e+00  3.388949e+13  0.000000e+00]
 [ 0.000000e+00  5.033632e+14  0.000000e+00  0.000000e+00  0.000000e+00  2.845916e+14  0.000000e+00 -5.033632e+14
   0.000000e+00  0.000000e+00  0.000000e+00  2.187716e+14]
 [-9.552083e+09  0.000000e+00  0.000000e+00  0.000000e+00  0.000000e+00  0.000000e+00  9.552083e+09  0.000000e+00
   0.000000e+00  0.000000e+00  0.000000e+00  0.000000e+00]
 [ 0.000000e+00 -8.903092e+14  0.000000e+00  0.000000e+00  0.000000e+00 -5.033632e+14  0.000000e+00  8.903092e+14
   0.000000e+00  0.000000e+00  0.000000e+00 -3.869461e+14]
 [ 0.000000e+00  0.000000e+00 -1.379161e+14  0.000000e+00  7.797501e+13  0.000000e+00  0.000000e+00  0.000000e+00
   1.379161e+14  0.000000e+00  5.994106e+13  0.000000e+00]
 [ 0.000000e+00  0.000000e+00  0.000000e+00 -7.331428e+04  0.000000e+00  0.000000e+00  0.000000e+00  0.000000e+00
   0.000000e+00  7.331428e+04  0.000000e+00  0.000000e+00]
 [ 0.000000e+00  0.000000e+00 -5.994106e+13  0.000000e+00  3.388949e+13  0.000000e+00  0.000000e+00  0.000000e+00
   5.994106e+13  0.000000e+00  2.605157e+13  0.000000e+00]
 [ 0.000000e+00  3.869461e+14  0.000000e+00  0.000000e+00  0.000000e+00  2.187716e+14  0.000000e+00 -3.869461e+14
   0.000000e+00  0.000000e+00  0.000000e+00  1.681744e+14]]


GP 2/3: ξ = 0.000000,  x = 1.188000e+00,  w = 8.888889e-01
=== Shape-function derivative  dN/dξ  (1, 12, 6) ===
[[[-0.5  0.   0.   0.   0.   0. ]
  [ 0.   0.   0.   0.   0.   0. ]
  [ 0.   0.   0.   0.   0.   0. ]
  [ 0.   0.   0.  -0.5  0.   0. ]
  [ 0.   0.   0.   0.  -1.   0. ]
  [ 0.   0.   0.   0.   0.   1. ]
  [ 0.5  0.   0.   0.   0.   0. ]
  [ 0.   0.   0.   0.   0.   0. ]
  [ 0.   0.   0.   0.   0.   0. ]
  [ 0.   0.   0.   0.5  0.   0. ]
  [ 0.   0.   0.   0.  -0.   0. ]
  [ 0.   0.   0.   0.   0.   0. ]]]

=== Second derivative  d²N/dξ²  (1, 12, 6) ===
[[[ 0.  0.  0.  0.  0.  0.]
  [ 0. -6.  0.  0.  0.  0.]
  [ 0.  0. -6.  0.  0.  0.]
  [ 0.  0.  0.  0.  0.  0.]
  [ 0.  0.  0.  0.  4.  0.]
  [ 0.  0.  0.  0.  0. -4.]
  [ 0.  0.  0.  0.  0.  0.]
  [ 0.  6.  0.  0.  0.  0.]
  [ 0.  0.  6.  0.  0.  0.]
  [ 0.  0.  0.  0.  0.  0.]
  [ 0.  0.  0.  0.  2.  0.]
  [ 0.  0.  0.  0.  0. -2.]]]

=== Strain-displacement matrix  B  (6, 12) ===
[[   -125.       0.       0.       0.       0.       0.     125.       0.       0.       0.       0.       0.]
 [      0.       0. -375000.       0.  250000.       0.       0.       0.  375000.       0.  125000.       0.]
 [      0. -375000.       0.       0.       0. -250000.       0.  375000.       0.       0.       0. -125000.]
 [      0.       0.       0.       0.       0.       0.       0.       0.       0.       0.       0.       0.]
 [      0.       0.       0.       0.       0.       0.       0.       0.       0.       0.       0.       0.]
 [      0.       0.       0.    -125.       0.       0.       0.       0.       0.     125.       0.       0.]]

=== Gauss-point contribution  BᵀDB  (12, 12) ===
[[ 1.528333e+10  0.000000e+00  0.000000e+00  0.000000e+00  0.000000e+00  0.000000e+00 -1.528333e+10  0.000000e+00
   0.000000e+00  0.000000e+00  0.000000e+00  0.000000e+00]
 [ 0.000000e+00  2.192074e+14  0.000000e+00  0.000000e+00  0.000000e+00  1.461383e+14  0.000000e+00 -2.192074e+14
   0.000000e+00  0.000000e+00  0.000000e+00  7.306915e+13]
 [ 0.000000e+00  0.000000e+00  3.395700e+13  0.000000e+00 -2.263800e+13  0.000000e+00  0.000000e+00  0.000000e+00
  -3.395700e+13  0.000000e+00 -1.131900e+13  0.000000e+00]
 [ 0.000000e+00  0.000000e+00  0.000000e+00  1.173028e+05  0.000000e+00  0.000000e+00  0.000000e+00  0.000000e+00
   0.000000e+00 -1.173028e+05  0.000000e+00  0.000000e+00]
 [ 0.000000e+00  0.000000e+00 -2.263800e+13  0.000000e+00  1.509200e+13  0.000000e+00  0.000000e+00  0.000000e+00
   2.263800e+13  0.000000e+00  7.546000e+12  0.000000e+00]
 [ 0.000000e+00  1.461383e+14  0.000000e+00  0.000000e+00  0.000000e+00  9.742553e+13  0.000000e+00 -1.461383e+14
   0.000000e+00  0.000000e+00  0.000000e+00  4.871277e+13]
 [-1.528333e+10  0.000000e+00  0.000000e+00  0.000000e+00  0.000000e+00  0.000000e+00  1.528333e+10  0.000000e+00
   0.000000e+00  0.000000e+00  0.000000e+00  0.000000e+00]
 [ 0.000000e+00 -2.192074e+14  0.000000e+00  0.000000e+00  0.000000e+00 -1.461383e+14  0.000000e+00  2.192074e+14
   0.000000e+00  0.000000e+00  0.000000e+00 -7.306915e+13]
 [ 0.000000e+00  0.000000e+00 -3.395700e+13  0.000000e+00  2.263800e+13  0.000000e+00  0.000000e+00  0.000000e+00
   3.395700e+13  0.000000e+00  1.131900e+13  0.000000e+00]
 [ 0.000000e+00  0.000000e+00  0.000000e+00 -1.173028e+05  0.000000e+00  0.000000e+00  0.000000e+00  0.000000e+00
   0.000000e+00  1.173028e+05  0.000000e+00  0.000000e+00]
 [ 0.000000e+00  0.000000e+00 -1.131900e+13  0.000000e+00  7.546000e+12  0.000000e+00  0.000000e+00  0.000000e+00
   1.131900e+13  0.000000e+00  3.773000e+12  0.000000e+00]
 [ 0.000000e+00  7.306915e+13  0.000000e+00  0.000000e+00  0.000000e+00  4.871277e+13  0.000000e+00 -7.306915e+13
   0.000000e+00  0.000000e+00  0.000000e+00  2.435638e+13]]


GP 3/3: ξ = 0.774597,  x = 1.191098e+00,  w = 5.555556e-01
=== Shape-function derivative  dN/dξ  (1, 12, 6) ===
[[[-0.5       0.        0.        0.        0.        0.      ]
  [ 0.       -1.04758   0.        0.        0.        0.      ]
  [ 0.        0.       -1.04758   0.        0.        0.      ]
  [ 0.        0.        0.       -0.5       0.        0.      ]
  [ 0.        0.        0.        0.        0.298387  0.      ]
  [ 0.        0.        0.        0.        0.       -0.298387]
  [ 0.5       0.        0.        0.        0.        0.      ]
  [ 0.        1.04758   0.        0.        0.        0.      ]
  [ 0.        0.        1.04758   0.        0.        0.      ]
  [ 0.        0.        0.        0.5       0.        0.      ]
  [ 0.        0.        0.        0.       -0.250807  0.      ]
  [ 0.        0.        0.        0.        0.        0.250807]]]

=== Second derivative  d²N/dξ²  (1, 12, 6) ===
[[[ 0.       0.       0.       0.       0.       0.     ]
  [ 0.       3.29516  0.       0.       0.       0.     ]
  [ 0.       0.       3.29516  0.       0.       0.     ]
  [ 0.       0.       0.       0.       0.       0.     ]
  [ 0.       0.       0.       0.      -0.64758  0.     ]
  [ 0.       0.       0.       0.       0.       0.64758]
  [ 0.       0.       0.       0.       0.       0.     ]
  [ 0.      -3.29516  0.       0.       0.       0.     ]
  [ 0.       0.      -3.29516  0.       0.       0.     ]
  [ 0.       0.       0.       0.       0.       0.     ]
  [ 0.       0.       0.       0.      -2.64758  0.     ]
  [ 0.       0.       0.       0.       0.       2.64758]]]

=== Strain-displacement matrix  B  (6, 12) ===
[[   -125.             0.             0.             0.             0.             0.           125.
        0.             0.             0.             0.             0.      ]
 [      0.             0.        205947.501931       0.        -40473.750966       0.             0.
        0.       -205947.501931       0.       -165473.750966       0.      ]
 [      0.        205947.501931       0.             0.             0.         40473.750966       0.
  -205947.501931       0.             0.             0.        165473.750966]
 [      0.             0.             0.             0.             0.             0.             0.
        0.             0.             0.             0.             0.      ]
 [      0.             0.             0.             0.             0.             0.             0.
        0.             0.             0.             0.             0.      ]
 [      0.             0.             0.          -125.             0.             0.             0.
        0.             0.           125.             0.             0.      ]]

=== Gauss-point contribution  BᵀDB  (12, 12) ===
[[ 9.552083e+09  0.000000e+00  0.000000e+00  0.000000e+00  0.000000e+00  0.000000e+00 -9.552083e+09  0.000000e+00
   0.000000e+00  0.000000e+00  0.000000e+00  0.000000e+00]
 [ 0.000000e+00  4.132243e+13  0.000000e+00  0.000000e+00  0.000000e+00  8.120874e+12  0.000000e+00 -4.132243e+13
   0.000000e+00  0.000000e+00  0.000000e+00  3.320156e+13]
 [ 0.000000e+00  0.000000e+00  6.401177e+12  0.000000e+00 -1.257989e+12  0.000000e+00  0.000000e+00  0.000000e+00
  -6.401177e+12  0.000000e+00 -5.143188e+12  0.000000e+00]
 [ 0.000000e+00  0.000000e+00  0.000000e+00  7.331428e+04  0.000000e+00  0.000000e+00  0.000000e+00  0.000000e+00
   0.000000e+00 -7.331428e+04  0.000000e+00  0.000000e+00]
 [ 0.000000e+00  0.000000e+00 -1.257989e+12  0.000000e+00  2.472258e+11  0.000000e+00  0.000000e+00  0.000000e+00
   1.257989e+12  0.000000e+00  1.010763e+12  0.000000e+00]
 [ 0.000000e+00  8.120874e+12  0.000000e+00  0.000000e+00  0.000000e+00  1.595952e+12  0.000000e+00 -8.120874e+12
   0.000000e+00  0.000000e+00  0.000000e+00  6.524923e+12]
 [-9.552083e+09  0.000000e+00  0.000000e+00  0.000000e+00  0.000000e+00  0.000000e+00  9.552083e+09  0.000000e+00
   0.000000e+00  0.000000e+00  0.000000e+00  0.000000e+00]
 [ 0.000000e+00 -4.132243e+13  0.000000e+00  0.000000e+00  0.000000e+00 -8.120874e+12  0.000000e+00  4.132243e+13
   0.000000e+00  0.000000e+00  0.000000e+00 -3.320156e+13]
 [ 0.000000e+00  0.000000e+00 -6.401177e+12  0.000000e+00  1.257989e+12  0.000000e+00  0.000000e+00  0.000000e+00
   6.401177e+12  0.000000e+00  5.143188e+12  0.000000e+00]
 [ 0.000000e+00  0.000000e+00  0.000000e+00 -7.331428e+04  0.000000e+00  0.000000e+00  0.000000e+00  0.000000e+00
   0.000000e+00  7.331428e+04  0.000000e+00  0.000000e+00]
 [ 0.000000e+00  0.000000e+00 -5.143188e+12  0.000000e+00  1.010763e+12  0.000000e+00  0.000000e+00  0.000000e+00
   5.143188e+12  0.000000e+00  4.132425e+12  0.000000e+00]
 [ 0.000000e+00  3.320156e+13  0.000000e+00  0.000000e+00  0.000000e+00  6.524923e+12  0.000000e+00 -3.320156e+13
   0.000000e+00  0.000000e+00  0.000000e+00  2.667663e+13]]

=== Final Element Stiffness Matrix ===
[[ 3.438750e+10  0.000000e+00  0.000000e+00  0.000000e+00  0.000000e+00  0.000000e+00 -3.438750e+10  0.000000e+00
   0.000000e+00  0.000000e+00  0.000000e+00  0.000000e+00]
 [ 0.000000e+00  1.150839e+15  0.000000e+00  0.000000e+00  0.000000e+00  6.576223e+14  0.000000e+00 -1.150839e+15
   0.000000e+00  0.000000e+00  0.000000e+00  4.932168e+14]
 [ 0.000000e+00  0.000000e+00  1.782742e+14  0.000000e+00 -1.018710e+14  0.000000e+00  0.000000e+00  0.000000e+00
  -1.782742e+14  0.000000e+00 -7.640325e+13  0.000000e+00]
 [ 0.000000e+00  0.000000e+00  0.000000e+00  2.639314e+05  0.000000e+00  0.000000e+00  0.000000e+00  0.000000e+00
   0.000000e+00 -2.639314e+05  0.000000e+00  0.000000e+00]
 [ 0.000000e+00  0.000000e+00 -1.018710e+14  0.000000e+00  5.942475e+13  0.000000e+00  0.000000e+00  0.000000e+00
   1.018710e+14  0.000000e+00  4.244625e+13  0.000000e+00]
 [ 0.000000e+00  6.576223e+14  0.000000e+00  0.000000e+00  0.000000e+00  3.836130e+14  0.000000e+00 -6.576223e+14
   0.000000e+00  0.000000e+00  0.000000e+00  2.740093e+14]
 [-3.438750e+10  0.000000e+00  0.000000e+00  0.000000e+00  0.000000e+00  0.000000e+00  3.438750e+10  0.000000e+00
   0.000000e+00  0.000000e+00  0.000000e+00  0.000000e+00]
 [ 0.000000e+00 -1.150839e+15  0.000000e+00  0.000000e+00  0.000000e+00 -6.576223e+14  0.000000e+00  1.150839e+15
   0.000000e+00  0.000000e+00  0.000000e+00 -4.932168e+14]
 [ 0.000000e+00  0.000000e+00 -1.782742e+14  0.000000e+00  1.018710e+14  0.000000e+00  0.000000e+00  0.000000e+00
   1.782742e+14  0.000000e+00  7.640325e+13  0.000000e+00]
 [ 0.000000e+00  0.000000e+00  0.000000e+00 -2.639314e+05  0.000000e+00  0.000000e+00  0.000000e+00  0.000000e+00
   0.000000e+00  2.639314e+05  0.000000e+00  0.000000e+00]
 [ 0.000000e+00  0.000000e+00 -7.640325e+13  0.000000e+00  4.244625e+13  0.000000e+00  0.000000e+00  0.000000e+00
   7.640325e+13  0.000000e+00  3.395700e+13  0.000000e+00]
 [ 0.000000e+00  4.932168e+14  0.000000e+00  0.000000e+00  0.000000e+00  2.740093e+14  0.000000e+00 -4.932168e+14
   0.000000e+00  0.000000e+00  0.000000e+00  2.192074e+14]]

