--------------------------------------------------------------------------
Machine specifications – written 2025-11-16 14:53:35.076172
OS          : Windows 11 (10.0.26100)
CPU         : 12th Gen Intel(R) Core(TM) i7-12700
   logical  : 20
   physical : 12
RAM         : 31.24 GB
Disk        : 943.72 GB total  /  502.47 GB free
Python      : 3.12.5  (C:\Users\s1834431\AppData\Local\Programs\Python\Python312\python.exe)
GPU(s)      : Intel(R) UHD Graphics 770
--------------------------------------------------------------------------

Runtime telemetry header written → C:\Users\s1834431\.cursor\worktrees\fem_model\kXxtc\post_processing\results\job_0002_2025-11-16_14-53-30-594228_pid24328_81bf9b47\diagnostics\RuntimeMonitorTelemetry.log
2025-11-16 14:53:35 │ PrepareLocalSystem BEGIN   │ Δt  0.00 s │ RAM   128.6 MB │ CPU  54.9 % │ Disk  441.3 GB
2025-11-16 14:53:35 │ PrepareLocalSystem END     │ Δt  0.21 s │ RAM   128.9 MB │ CPU  52.1 % │ Disk  441.3 GB
2025-11-16 14:53:35 │ AssembleGlobalSystem BEGIN │ Δt  0.20 s │ RAM   128.9 MB │ CPU  30.3 % │ Disk  441.3 GB
2025-11-16 14:53:36 │ AssembleGlobalSystem END   │ Δt  0.26 s │ RAM   131.0 MB │ CPU  40.3 % │ Disk  441.3 GB
2025-11-16 14:53:41 │ ModifyGlobalSystem BEGIN   │ Δt  5.87 s │ RAM   133.0 MB │ CPU  79.6 % │ Disk  441.3 GB
2025-11-16 14:53:42 │ ModifyGlobalSystem END     │ Δt  0.27 s │ RAM   133.7 MB │ CPU  66.7 % │ Disk  441.3 GB
2025-11-16 14:53:48 │ CondenseModifiedSystem BEGIN │ Δt  6.29 s │ RAM   133.7 MB │ CPU  62.2 % │ Disk  441.3 GB
2025-11-16 14:53:49 │ CondenseModifiedSystem END │ Δt  0.45 s │ RAM   133.9 MB │ CPU  47.1 % │ Disk  441.3 GB
2025-11-16 14:53:55 │ SolveCondensedSystem BEGIN │ Δt  6.60 s │ RAM   134.6 MB │ CPU  60.2 % │ Disk  441.3 GB
