--------------------------------------------------------------------------
Machine specifications – written 2025-11-16 14:39:51.257790
OS          : Windows 11 (10.0.26100)
CPU         : 12th Gen Intel(R) Core(TM) i7-12700
   logical  : 20
   physical : 12
RAM         : 31.24 GB
Disk        : 943.72 GB total  /  504.55 GB free
Python      : 3.12.5  (C:\Users\s1834431\AppData\Local\Programs\Python\Python312\python.exe)
GPU(s)      : Intel(R) UHD Graphics 770
--------------------------------------------------------------------------

Runtime telemetry header written → C:\Users\s1834431\.cursor\worktrees\fem_model\kXxtc\post_processing\results\job_0001_2025-11-16_14-39-47-440140_pid33544_78716051\diagnostics\RuntimeMonitorTelemetry.log
2025-11-16 14:39:51 │ PrepareLocalSystem BEGIN   │ Δt  0.00 s │ RAM   124.1 MB │ CPU  38.9 % │ Disk  439.2 GB
2025-11-16 14:39:51 │ PrepareLocalSystem END     │ Δt  0.21 s │ RAM   124.2 MB │ CPU  22.5 % │ Disk  439.2 GB
2025-11-16 14:39:52 │ AssembleGlobalSystem BEGIN │ Δt  0.20 s │ RAM   124.2 MB │ CPU  26.1 % │ Disk  439.2 GB
2025-11-16 14:39:52 │ AssembleGlobalSystem END   │ Δt  0.24 s │ RAM   125.2 MB │ CPU  27.6 % │ Disk  439.2 GB
2025-11-16 14:39:52 │ ModifyGlobalSystem BEGIN   │ Δt  0.68 s │ RAM   127.4 MB │ CPU  20.1 % │ Disk  439.2 GB
2025-11-16 14:39:53 │ ModifyGlobalSystem END     │ Δt  0.22 s │ RAM   127.9 MB │ CPU  15.4 % │ Disk  439.2 GB
2025-11-16 14:39:53 │ CondenseModifiedSystem BEGIN │ Δt  0.77 s │ RAM   128.2 MB │ CPU  29.8 % │ Disk  439.2 GB
2025-11-16 14:39:54 │ CondenseModifiedSystem END │ Δt  0.25 s │ RAM   128.6 MB │ CPU  31.8 % │ Disk  439.2 GB
2025-11-16 14:39:55 │ SolveCondensedSystem BEGIN │ Δt  0.81 s │ RAM   128.9 MB │ CPU  40.4 % │ Disk  439.2 GB
2025-11-16 14:39:57 │ SolveCondensedSystem END   │ Δt  2.09 s │ RAM   129.2 MB │ CPU  78.3 % │ Disk  439.2 GB
2025-11-16 14:39:57 │ ReconstructGlobalSystem BEGIN │ Δt  0.20 s │ RAM   129.2 MB │ CPU  59.6 % │ Disk  439.2 GB
2025-11-16 14:39:57 │ ReconstructGlobalSystem END │ Δt  0.24 s │ RAM   129.2 MB │ CPU  71.0 % │ Disk  439.2 GB
2025-11-16 14:39:57 │ ComputePrimaryResults BEGIN │ Δt  0.20 s │ RAM   129.2 MB │ CPU  83.2 % │ Disk  439.2 GB
2025-11-16 14:39:58 │ ComputePrimaryResults END  │ Δt  1.24 s │ RAM   129.4 MB │ CPU  75.2 % │ Disk  439.2 GB
2025-11-16 14:39:59 │ SaveFormulationCache BEGIN │ Δt  0.20 s │ RAM   129.4 MB │ CPU  76.8 % │ Disk  439.2 GB
2025-11-16 14:39:59 │ SaveFormulationCache END   │ Δt  0.49 s │ RAM   129.4 MB │ CPU  56.5 % │ Disk  439.2 GB
2025-11-16 14:39:59 │ ComputeSecondaryResults BEGIN │ Δt  0.21 s │ RAM   129.4 MB │ CPU  93.3 % │ Disk  439.2 GB
2025-11-16 14:40:00 │ ComputeSecondaryResults END │ Δt  0.21 s │ RAM   129.4 MB │ CPU  84.6 % │ Disk  439.2 GB
