=== Unnamed Matrix ===
[[0. 0.]
 [0. 0.]]


=== Element 75 Stiffness Matrix Computation ===
=== Element length  L  (1, 1) ===
[[0.015625]]

=== Material stiffness matrix  D  (6, 6) ===
[[2.751000e+08 0.000000e+00 0.000000e+00 0.000000e+00 0.000000e+00 0.000000e+00]
 [0.000000e+00 6.791400e+04 0.000000e+00 0.000000e+00 0.000000e+00 0.000000e+00]
 [0.000000e+00 0.000000e+00 4.384149e+05 0.000000e+00 0.000000e+00 0.000000e+00]
 [0.000000e+00 0.000000e+00 0.000000e+00 0.000000e+00 0.000000e+00 0.000000e+00]
 [0.000000e+00 0.000000e+00 0.000000e+00 0.000000e+00 0.000000e+00 0.000000e+00]
 [0.000000e+00 0.000000e+00 0.000000e+00 0.000000e+00 0.000000e+00 2.111451e+03]]


GP 1/3: ξ = -0.774597,  x = 1.173636e+00,  w = 5.555556e-01
=== Shape-function derivative  dN/dξ  (1, 12, 6) ===
[[[-0.5       0.        0.        0.        0.        0.      ]
  [ 0.       -0.3       0.        0.        0.        0.      ]
  [ 0.        0.       -0.3       0.        0.        0.      ]
  [ 0.        0.        0.       -0.5       0.        0.      ]
  [ 0.        0.        0.        0.       -0.004588  0.      ]
  [ 0.        0.        0.        0.        0.        0.004588]
  [ 0.5       0.        0.        0.        0.        0.      ]
  [ 0.        0.3       0.        0.        0.        0.      ]
  [ 0.        0.        0.3       0.        0.        0.      ]
  [ 0.        0.        0.        0.5       0.        0.      ]
  [ 0.        0.        0.        0.        0.001463  0.      ]
  [ 0.        0.        0.        0.        0.       -0.001463]]]

=== Second derivative  d²N/dξ²  (1, 12, 6) ===
[[[ 0.        0.        0.        0.        0.        0.      ]
  [ 0.       -1.161895  0.        0.        0.        0.      ]
  [ 0.        0.       -1.161895  0.        0.        0.      ]
  [ 0.        0.        0.        0.        0.        0.      ]
  [ 0.        0.        0.        0.        0.012984  0.      ]
  [ 0.        0.        0.        0.        0.       -0.012984]
  [ 0.        0.        0.        0.        0.        0.      ]
  [ 0.        1.161895  0.        0.        0.        0.      ]
  [ 0.        0.        1.161895  0.        0.        0.      ]
  [ 0.        0.        0.        0.        0.        0.      ]
  [ 0.        0.        0.        0.        0.005171  0.      ]
  [ 0.        0.        0.        0.        0.       -0.005171]]]

=== Strain-displacement matrix  B  (6, 12) ===
[[   -64.            0.            0.            0.            0.            0.           64.            0.
       0.            0.            0.            0.      ]
 [     0.            0.       -19036.487743      0.          212.72256       0.            0.            0.
   19036.487743      0.           84.72256       0.      ]
 [     0.       -19036.487743      0.            0.            0.         -212.72256       0.        19036.487743
       0.            0.            0.          -84.72256 ]
 [     0.            0.            0.            0.            0.            0.            0.            0.
       0.            0.            0.            0.      ]
 [     0.            0.            0.            0.            0.            0.            0.            0.
       0.            0.            0.            0.      ]
 [     0.            0.            0.          -64.            0.            0.            0.            0.
       0.           64.            0.            0.      ]]

=== Gauss-point contribution  BᵀDB  (12, 12) ===
[[ 4.890667e+09  0.000000e+00  0.000000e+00  0.000000e+00  0.000000e+00  0.000000e+00 -4.890667e+09  0.000000e+00
   0.000000e+00  0.000000e+00  0.000000e+00  0.000000e+00]
 [ 0.000000e+00  6.895670e+11  0.000000e+00  0.000000e+00  0.000000e+00  7.705542e+09  0.000000e+00 -6.895670e+11
   0.000000e+00  0.000000e+00  0.000000e+00  3.068942e+09]
 [ 0.000000e+00  0.000000e+00  1.068195e+11  0.000000e+00 -1.193651e+09  0.000000e+00  0.000000e+00  0.000000e+00
  -1.068195e+11  0.000000e+00 -4.754039e+08  0.000000e+00]
 [ 0.000000e+00  0.000000e+00  0.000000e+00  3.753691e+04  0.000000e+00  0.000000e+00  0.000000e+00  0.000000e+00
   0.000000e+00 -3.753691e+04  0.000000e+00  0.000000e+00]
 [ 0.000000e+00  0.000000e+00 -1.193651e+09  0.000000e+00  1.333841e+07  0.000000e+00  0.000000e+00  0.000000e+00
   1.193651e+09  0.000000e+00  5.312384e+06  0.000000e+00]
 [ 0.000000e+00  7.705542e+09  0.000000e+00  0.000000e+00  0.000000e+00  8.610531e+07  0.000000e+00 -7.705542e+09
   0.000000e+00  0.000000e+00  0.000000e+00  3.429379e+07]
 [-4.890667e+09  0.000000e+00  0.000000e+00  0.000000e+00  0.000000e+00  0.000000e+00  4.890667e+09  0.000000e+00
   0.000000e+00  0.000000e+00  0.000000e+00  0.000000e+00]
 [ 0.000000e+00 -6.895670e+11  0.000000e+00  0.000000e+00  0.000000e+00 -7.705542e+09  0.000000e+00  6.895670e+11
   0.000000e+00  0.000000e+00  0.000000e+00 -3.068942e+09]
 [ 0.000000e+00  0.000000e+00 -1.068195e+11  0.000000e+00  1.193651e+09  0.000000e+00  0.000000e+00  0.000000e+00
   1.068195e+11  0.000000e+00  4.754039e+08  0.000000e+00]
 [ 0.000000e+00  0.000000e+00  0.000000e+00 -3.753691e+04  0.000000e+00  0.000000e+00  0.000000e+00  0.000000e+00
   0.000000e+00  3.753691e+04  0.000000e+00  0.000000e+00]
 [ 0.000000e+00  0.000000e+00 -4.754039e+08  0.000000e+00  5.312384e+06  0.000000e+00  0.000000e+00  0.000000e+00
   4.754039e+08  0.000000e+00  2.115802e+06  0.000000e+00]
 [ 0.000000e+00  3.068942e+09  0.000000e+00  0.000000e+00  0.000000e+00  3.429379e+07  0.000000e+00 -3.068942e+09
   0.000000e+00  0.000000e+00  0.000000e+00  1.365844e+07]]


GP 2/3: ξ = 0.000000,  x = 1.179688e+00,  w = 8.888889e-01
=== Shape-function derivative  dN/dξ  (1, 12, 6) ===
[[[-0.5       0.        0.        0.        0.        0.      ]
  [ 0.       -0.75      0.        0.        0.        0.      ]
  [ 0.        0.       -0.75      0.        0.        0.      ]
  [ 0.        0.        0.       -0.5       0.        0.      ]
  [ 0.        0.        0.        0.        0.001953  0.      ]
  [ 0.        0.        0.        0.        0.       -0.001953]
  [ 0.5       0.        0.        0.        0.        0.      ]
  [ 0.        0.75      0.        0.        0.        0.      ]
  [ 0.        0.        0.75      0.        0.        0.      ]
  [ 0.        0.        0.        0.5       0.        0.      ]
  [ 0.        0.        0.        0.        0.001953  0.      ]
  [ 0.        0.        0.        0.        0.       -0.001953]]]

=== Second derivative  d²N/dξ²  (1, 12, 6) ===
[[[ 0.        0.        0.        0.        0.        0.      ]
  [ 0.        0.        0.        0.        0.        0.      ]
  [ 0.        0.        0.        0.        0.        0.      ]
  [ 0.        0.        0.        0.        0.        0.      ]
  [ 0.        0.        0.        0.        0.003906  0.      ]
  [ 0.        0.        0.        0.        0.       -0.003906]
  [ 0.        0.        0.        0.        0.        0.      ]
  [ 0.       -0.        0.        0.        0.        0.      ]
  [ 0.        0.       -0.        0.        0.        0.      ]
  [ 0.        0.        0.        0.        0.        0.      ]
  [ 0.        0.        0.        0.       -0.003906  0.      ]
  [ 0.        0.        0.        0.        0.        0.003906]]]

=== Strain-displacement matrix  B  (6, 12) ===
[[-64.   0.   0.   0.   0.   0.  64.   0.   0.   0.   0.   0.]
 [  0.   0.   0.   0.  64.   0.   0.   0.  -0.   0. -64.   0.]
 [  0.   0.   0.   0.   0. -64.   0.  -0.   0.   0.   0.  64.]
 [  0.   0.   0.   0.   0.   0.   0.   0.   0.   0.   0.   0.]
 [  0.   0.   0.   0.   0.   0.   0.   0.   0.   0.   0.   0.]
 [  0.   0.   0. -64.   0.   0.   0.   0.   0.  64.   0.   0.]]

=== Gauss-point contribution  BᵀDB  (12, 12) ===
[[ 7.825067e+09  0.000000e+00  0.000000e+00  0.000000e+00  0.000000e+00  0.000000e+00 -7.825067e+09  0.000000e+00
   0.000000e+00  0.000000e+00  0.000000e+00  0.000000e+00]
 [ 0.000000e+00  0.000000e+00  0.000000e+00  0.000000e+00  0.000000e+00  0.000000e+00  0.000000e+00  0.000000e+00
   0.000000e+00  0.000000e+00  0.000000e+00  0.000000e+00]
 [ 0.000000e+00  0.000000e+00  0.000000e+00  0.000000e+00  0.000000e+00  0.000000e+00  0.000000e+00  0.000000e+00
   0.000000e+00  0.000000e+00  0.000000e+00  0.000000e+00]
 [ 0.000000e+00  0.000000e+00  0.000000e+00  6.005906e+04  0.000000e+00  0.000000e+00  0.000000e+00  0.000000e+00
   0.000000e+00 -6.005906e+04  0.000000e+00  0.000000e+00]
 [ 0.000000e+00  0.000000e+00  0.000000e+00  0.000000e+00  1.931776e+06  0.000000e+00  0.000000e+00  0.000000e+00
   0.000000e+00  0.000000e+00 -1.931776e+06  0.000000e+00]
 [ 0.000000e+00  0.000000e+00  0.000000e+00  0.000000e+00  0.000000e+00  1.247047e+07  0.000000e+00  0.000000e+00
   0.000000e+00  0.000000e+00  0.000000e+00 -1.247047e+07]
 [-7.825067e+09  0.000000e+00  0.000000e+00  0.000000e+00  0.000000e+00  0.000000e+00  7.825067e+09  0.000000e+00
   0.000000e+00  0.000000e+00  0.000000e+00  0.000000e+00]
 [ 0.000000e+00  0.000000e+00  0.000000e+00  0.000000e+00  0.000000e+00  0.000000e+00  0.000000e+00  0.000000e+00
   0.000000e+00  0.000000e+00  0.000000e+00  0.000000e+00]
 [ 0.000000e+00  0.000000e+00  0.000000e+00  0.000000e+00  0.000000e+00  0.000000e+00  0.000000e+00  0.000000e+00
   0.000000e+00  0.000000e+00  0.000000e+00  0.000000e+00]
 [ 0.000000e+00  0.000000e+00  0.000000e+00 -6.005906e+04  0.000000e+00  0.000000e+00  0.000000e+00  0.000000e+00
   0.000000e+00  6.005906e+04  0.000000e+00  0.000000e+00]
 [ 0.000000e+00  0.000000e+00  0.000000e+00  0.000000e+00 -1.931776e+06  0.000000e+00  0.000000e+00  0.000000e+00
   0.000000e+00  0.000000e+00  1.931776e+06  0.000000e+00]
 [ 0.000000e+00  0.000000e+00  0.000000e+00  0.000000e+00  0.000000e+00 -1.247047e+07  0.000000e+00  0.000000e+00
   0.000000e+00  0.000000e+00  0.000000e+00  1.247047e+07]]


GP 3/3: ξ = 0.774597,  x = 1.185739e+00,  w = 5.555556e-01
=== Shape-function derivative  dN/dξ  (1, 12, 6) ===
[[[-0.5       0.        0.        0.        0.        0.      ]
  [ 0.       -0.3       0.        0.        0.        0.      ]
  [ 0.        0.       -0.3       0.        0.        0.      ]
  [ 0.        0.        0.       -0.5       0.        0.      ]
  [ 0.        0.        0.        0.        0.001463  0.      ]
  [ 0.        0.        0.        0.        0.       -0.001463]
  [ 0.5       0.        0.        0.        0.        0.      ]
  [ 0.        0.3       0.        0.        0.        0.      ]
  [ 0.        0.        0.3       0.        0.        0.      ]
  [ 0.        0.        0.        0.5       0.        0.      ]
  [ 0.        0.        0.        0.       -0.004588  0.      ]
  [ 0.        0.        0.        0.        0.        0.004588]]]

=== Second derivative  d²N/dξ²  (1, 12, 6) ===
[[[ 0.        0.        0.        0.        0.        0.      ]
  [ 0.        1.161895  0.        0.        0.        0.      ]
  [ 0.        0.        1.161895  0.        0.        0.      ]
  [ 0.        0.        0.        0.        0.        0.      ]
  [ 0.        0.        0.        0.       -0.005171  0.      ]
  [ 0.        0.        0.        0.        0.        0.005171]
  [ 0.        0.        0.        0.        0.        0.      ]
  [ 0.       -1.161895  0.        0.        0.        0.      ]
  [ 0.        0.       -1.161895  0.        0.        0.      ]
  [ 0.        0.        0.        0.        0.        0.      ]
  [ 0.        0.        0.        0.       -0.012984  0.      ]
  [ 0.        0.        0.        0.        0.        0.012984]]]

=== Strain-displacement matrix  B  (6, 12) ===
[[   -64.            0.            0.            0.            0.            0.           64.            0.
       0.            0.            0.            0.      ]
 [     0.            0.        19036.487743      0.          -84.72256       0.            0.            0.
  -19036.487743      0.         -212.72256       0.      ]
 [     0.        19036.487743      0.            0.            0.           84.72256       0.       -19036.487743
       0.            0.            0.          212.72256 ]
 [     0.            0.            0.            0.            0.            0.            0.            0.
       0.            0.            0.            0.      ]
 [     0.            0.            0.            0.            0.            0.            0.            0.
       0.            0.            0.            0.      ]
 [     0.            0.            0.          -64.            0.            0.            0.            0.
       0.           64.            0.            0.      ]]

=== Gauss-point contribution  BᵀDB  (12, 12) ===
[[ 4.890667e+09  0.000000e+00  0.000000e+00  0.000000e+00  0.000000e+00  0.000000e+00 -4.890667e+09  0.000000e+00
   0.000000e+00  0.000000e+00  0.000000e+00  0.000000e+00]
 [ 0.000000e+00  6.895670e+11  0.000000e+00  0.000000e+00  0.000000e+00  3.068942e+09  0.000000e+00 -6.895670e+11
   0.000000e+00  0.000000e+00  0.000000e+00  7.705542e+09]
 [ 0.000000e+00  0.000000e+00  1.068195e+11  0.000000e+00 -4.754039e+08  0.000000e+00  0.000000e+00  0.000000e+00
  -1.068195e+11  0.000000e+00 -1.193651e+09  0.000000e+00]
 [ 0.000000e+00  0.000000e+00  0.000000e+00  3.753691e+04  0.000000e+00  0.000000e+00  0.000000e+00  0.000000e+00
   0.000000e+00 -3.753691e+04  0.000000e+00  0.000000e+00]
 [ 0.000000e+00  0.000000e+00 -4.754039e+08  0.000000e+00  2.115802e+06  0.000000e+00  0.000000e+00  0.000000e+00
   4.754039e+08  0.000000e+00  5.312384e+06  0.000000e+00]
 [ 0.000000e+00  3.068942e+09  0.000000e+00  0.000000e+00  0.000000e+00  1.365844e+07  0.000000e+00 -3.068942e+09
   0.000000e+00  0.000000e+00  0.000000e+00  3.429379e+07]
 [-4.890667e+09  0.000000e+00  0.000000e+00  0.000000e+00  0.000000e+00  0.000000e+00  4.890667e+09  0.000000e+00
   0.000000e+00  0.000000e+00  0.000000e+00  0.000000e+00]
 [ 0.000000e+00 -6.895670e+11  0.000000e+00  0.000000e+00  0.000000e+00 -3.068942e+09  0.000000e+00  6.895670e+11
   0.000000e+00  0.000000e+00  0.000000e+00 -7.705542e+09]
 [ 0.000000e+00  0.000000e+00 -1.068195e+11  0.000000e+00  4.754039e+08  0.000000e+00  0.000000e+00  0.000000e+00
   1.068195e+11  0.000000e+00  1.193651e+09  0.000000e+00]
 [ 0.000000e+00  0.000000e+00  0.000000e+00 -3.753691e+04  0.000000e+00  0.000000e+00  0.000000e+00  0.000000e+00
   0.000000e+00  3.753691e+04  0.000000e+00  0.000000e+00]
 [ 0.000000e+00  0.000000e+00 -1.193651e+09  0.000000e+00  5.312384e+06  0.000000e+00  0.000000e+00  0.000000e+00
   1.193651e+09  0.000000e+00  1.333841e+07  0.000000e+00]
 [ 0.000000e+00  7.705542e+09  0.000000e+00  0.000000e+00  0.000000e+00  3.429379e+07  0.000000e+00 -7.705542e+09
   0.000000e+00  0.000000e+00  0.000000e+00  8.610531e+07]]

=== Final Element Stiffness Matrix ===
[[ 1.760640e+10  0.000000e+00  0.000000e+00  0.000000e+00  0.000000e+00  0.000000e+00 -1.760640e+10  0.000000e+00
   0.000000e+00  0.000000e+00  0.000000e+00  0.000000e+00]
 [ 0.000000e+00  1.379134e+12  0.000000e+00  0.000000e+00  0.000000e+00  1.077448e+10  0.000000e+00 -1.379134e+12
   0.000000e+00  0.000000e+00  0.000000e+00  1.077448e+10]
 [ 0.000000e+00  0.000000e+00  2.136390e+11  0.000000e+00 -1.669054e+09  0.000000e+00  0.000000e+00  0.000000e+00
  -2.136390e+11  0.000000e+00 -1.669054e+09  0.000000e+00]
 [ 0.000000e+00  0.000000e+00  0.000000e+00  1.351329e+05  0.000000e+00  0.000000e+00  0.000000e+00  0.000000e+00
   0.000000e+00 -1.351329e+05  0.000000e+00  0.000000e+00]
 [ 0.000000e+00  0.000000e+00 -1.669054e+09  0.000000e+00  1.738598e+07  0.000000e+00  0.000000e+00  0.000000e+00
   1.669054e+09  0.000000e+00  8.692992e+06  0.000000e+00]
 [ 0.000000e+00  1.077448e+10  0.000000e+00  0.000000e+00  0.000000e+00  1.122342e+08  0.000000e+00 -1.077448e+10
   0.000000e+00  0.000000e+00  0.000000e+00  5.611711e+07]
 [-1.760640e+10  0.000000e+00  0.000000e+00  0.000000e+00  0.000000e+00  0.000000e+00  1.760640e+10  0.000000e+00
   0.000000e+00  0.000000e+00  0.000000e+00  0.000000e+00]
 [ 0.000000e+00 -1.379134e+12  0.000000e+00  0.000000e+00  0.000000e+00 -1.077448e+10  0.000000e+00  1.379134e+12
   0.000000e+00  0.000000e+00  0.000000e+00 -1.077448e+10]
 [ 0.000000e+00  0.000000e+00 -2.136390e+11  0.000000e+00  1.669054e+09  0.000000e+00  0.000000e+00  0.000000e+00
   2.136390e+11  0.000000e+00  1.669054e+09  0.000000e+00]
 [ 0.000000e+00  0.000000e+00  0.000000e+00 -1.351329e+05  0.000000e+00  0.000000e+00  0.000000e+00  0.000000e+00
   0.000000e+00  1.351329e+05  0.000000e+00  0.000000e+00]
 [ 0.000000e+00  0.000000e+00 -1.669054e+09  0.000000e+00  8.692992e+06  0.000000e+00  0.000000e+00  0.000000e+00
   1.669054e+09  0.000000e+00  1.738598e+07  0.000000e+00]
 [ 0.000000e+00  1.077448e+10  0.000000e+00  0.000000e+00  0.000000e+00  5.611711e+07  0.000000e+00 -1.077448e+10
   0.000000e+00  0.000000e+00  0.000000e+00  1.122342e+08]]


=== Element 75 Stiffness Matrix Computation ===
=== Element length  L  (1, 1) ===
[[0.015625]]

=== Material stiffness matrix  D  (6, 6) ===
[[2.751000e+08 0.000000e+00 0.000000e+00 0.000000e+00 0.000000e+00 0.000000e+00]
 [0.000000e+00 6.791400e+04 0.000000e+00 0.000000e+00 0.000000e+00 0.000000e+00]
 [0.000000e+00 0.000000e+00 4.384149e+05 0.000000e+00 0.000000e+00 0.000000e+00]
 [0.000000e+00 0.000000e+00 0.000000e+00 0.000000e+00 0.000000e+00 0.000000e+00]
 [0.000000e+00 0.000000e+00 0.000000e+00 0.000000e+00 0.000000e+00 0.000000e+00]
 [0.000000e+00 0.000000e+00 0.000000e+00 0.000000e+00 0.000000e+00 2.111451e+03]]


GP 1/3: ξ = -0.774597,  x = 1.173636e+00,  w = 5.555556e-01
=== Shape-function derivative  dN/dξ  (1, 12, 6) ===
[[[-0.5       0.        0.        0.        0.        0.      ]
  [ 0.       -0.3       0.        0.        0.        0.      ]
  [ 0.        0.       -0.3       0.        0.        0.      ]
  [ 0.        0.        0.       -0.5       0.        0.      ]
  [ 0.        0.        0.        0.       -0.004588  0.      ]
  [ 0.        0.        0.        0.        0.        0.004588]
  [ 0.5       0.        0.        0.        0.        0.      ]
  [ 0.        0.3       0.        0.        0.        0.      ]
  [ 0.        0.        0.3       0.        0.        0.      ]
  [ 0.        0.        0.        0.5       0.        0.      ]
  [ 0.        0.        0.        0.        0.001463  0.      ]
  [ 0.        0.        0.        0.        0.       -0.001463]]]

=== Second derivative  d²N/dξ²  (1, 12, 6) ===
[[[ 0.        0.        0.        0.        0.        0.      ]
  [ 0.       -1.161895  0.        0.        0.        0.      ]
  [ 0.        0.       -1.161895  0.        0.        0.      ]
  [ 0.        0.        0.        0.        0.        0.      ]
  [ 0.        0.        0.        0.        0.012984  0.      ]
  [ 0.        0.        0.        0.        0.       -0.012984]
  [ 0.        0.        0.        0.        0.        0.      ]
  [ 0.        1.161895  0.        0.        0.        0.      ]
  [ 0.        0.        1.161895  0.        0.        0.      ]
  [ 0.        0.        0.        0.        0.        0.      ]
  [ 0.        0.        0.        0.        0.005171  0.      ]
  [ 0.        0.        0.        0.        0.       -0.005171]]]

=== Strain-displacement matrix  B  (6, 12) ===
[[   -64.            0.            0.            0.            0.            0.           64.            0.
       0.            0.            0.            0.      ]
 [     0.            0.       -19036.487743      0.          212.72256       0.            0.            0.
   19036.487743      0.           84.72256       0.      ]
 [     0.       -19036.487743      0.            0.            0.         -212.72256       0.        19036.487743
       0.            0.            0.          -84.72256 ]
 [     0.            0.            0.            0.            0.            0.            0.            0.
       0.            0.            0.            0.      ]
 [     0.            0.            0.            0.            0.            0.            0.            0.
       0.            0.            0.            0.      ]
 [     0.            0.            0.          -64.            0.            0.            0.            0.
       0.           64.            0.            0.      ]]

=== Gauss-point contribution  BᵀDB  (12, 12) ===
[[ 4.890667e+09  0.000000e+00  0.000000e+00  0.000000e+00  0.000000e+00  0.000000e+00 -4.890667e+09  0.000000e+00
   0.000000e+00  0.000000e+00  0.000000e+00  0.000000e+00]
 [ 0.000000e+00  6.895670e+11  0.000000e+00  0.000000e+00  0.000000e+00  7.705542e+09  0.000000e+00 -6.895670e+11
   0.000000e+00  0.000000e+00  0.000000e+00  3.068942e+09]
 [ 0.000000e+00  0.000000e+00  1.068195e+11  0.000000e+00 -1.193651e+09  0.000000e+00  0.000000e+00  0.000000e+00
  -1.068195e+11  0.000000e+00 -4.754039e+08  0.000000e+00]
 [ 0.000000e+00  0.000000e+00  0.000000e+00  3.753691e+04  0.000000e+00  0.000000e+00  0.000000e+00  0.000000e+00
   0.000000e+00 -3.753691e+04  0.000000e+00  0.000000e+00]
 [ 0.000000e+00  0.000000e+00 -1.193651e+09  0.000000e+00  1.333841e+07  0.000000e+00  0.000000e+00  0.000000e+00
   1.193651e+09  0.000000e+00  5.312384e+06  0.000000e+00]
 [ 0.000000e+00  7.705542e+09  0.000000e+00  0.000000e+00  0.000000e+00  8.610531e+07  0.000000e+00 -7.705542e+09
   0.000000e+00  0.000000e+00  0.000000e+00  3.429379e+07]
 [-4.890667e+09  0.000000e+00  0.000000e+00  0.000000e+00  0.000000e+00  0.000000e+00  4.890667e+09  0.000000e+00
   0.000000e+00  0.000000e+00  0.000000e+00  0.000000e+00]
 [ 0.000000e+00 -6.895670e+11  0.000000e+00  0.000000e+00  0.000000e+00 -7.705542e+09  0.000000e+00  6.895670e+11
   0.000000e+00  0.000000e+00  0.000000e+00 -3.068942e+09]
 [ 0.000000e+00  0.000000e+00 -1.068195e+11  0.000000e+00  1.193651e+09  0.000000e+00  0.000000e+00  0.000000e+00
   1.068195e+11  0.000000e+00  4.754039e+08  0.000000e+00]
 [ 0.000000e+00  0.000000e+00  0.000000e+00 -3.753691e+04  0.000000e+00  0.000000e+00  0.000000e+00  0.000000e+00
   0.000000e+00  3.753691e+04  0.000000e+00  0.000000e+00]
 [ 0.000000e+00  0.000000e+00 -4.754039e+08  0.000000e+00  5.312384e+06  0.000000e+00  0.000000e+00  0.000000e+00
   4.754039e+08  0.000000e+00  2.115802e+06  0.000000e+00]
 [ 0.000000e+00  3.068942e+09  0.000000e+00  0.000000e+00  0.000000e+00  3.429379e+07  0.000000e+00 -3.068942e+09
   0.000000e+00  0.000000e+00  0.000000e+00  1.365844e+07]]


GP 2/3: ξ = 0.000000,  x = 1.179688e+00,  w = 8.888889e-01
=== Shape-function derivative  dN/dξ  (1, 12, 6) ===
[[[-0.5       0.        0.        0.        0.        0.      ]
  [ 0.       -0.75      0.        0.        0.        0.      ]
  [ 0.        0.       -0.75      0.        0.        0.      ]
  [ 0.        0.        0.       -0.5       0.        0.      ]
  [ 0.        0.        0.        0.        0.001953  0.      ]
  [ 0.        0.        0.        0.        0.       -0.001953]
  [ 0.5       0.        0.        0.        0.        0.      ]
  [ 0.        0.75      0.        0.        0.        0.      ]
  [ 0.        0.        0.75      0.        0.        0.      ]
  [ 0.        0.        0.        0.5       0.        0.      ]
  [ 0.        0.        0.        0.        0.001953  0.      ]
  [ 0.        0.        0.        0.        0.       -0.001953]]]

=== Second derivative  d²N/dξ²  (1, 12, 6) ===
[[[ 0.        0.        0.        0.        0.        0.      ]
  [ 0.        0.        0.        0.        0.        0.      ]
  [ 0.        0.        0.        0.        0.        0.      ]
  [ 0.        0.        0.        0.        0.        0.      ]
  [ 0.        0.        0.        0.        0.003906  0.      ]
  [ 0.        0.        0.        0.        0.       -0.003906]
  [ 0.        0.        0.        0.        0.        0.      ]
  [ 0.       -0.        0.        0.        0.        0.      ]
  [ 0.        0.       -0.        0.        0.        0.      ]
  [ 0.        0.        0.        0.        0.        0.      ]
  [ 0.        0.        0.        0.       -0.003906  0.      ]
  [ 0.        0.        0.        0.        0.        0.003906]]]

=== Strain-displacement matrix  B  (6, 12) ===
[[-64.   0.   0.   0.   0.   0.  64.   0.   0.   0.   0.   0.]
 [  0.   0.   0.   0.  64.   0.   0.   0.  -0.   0. -64.   0.]
 [  0.   0.   0.   0.   0. -64.   0.  -0.   0.   0.   0.  64.]
 [  0.   0.   0.   0.   0.   0.   0.   0.   0.   0.   0.   0.]
 [  0.   0.   0.   0.   0.   0.   0.   0.   0.   0.   0.   0.]
 [  0.   0.   0. -64.   0.   0.   0.   0.   0.  64.   0.   0.]]

=== Gauss-point contribution  BᵀDB  (12, 12) ===
[[ 7.825067e+09  0.000000e+00  0.000000e+00  0.000000e+00  0.000000e+00  0.000000e+00 -7.825067e+09  0.000000e+00
   0.000000e+00  0.000000e+00  0.000000e+00  0.000000e+00]
 [ 0.000000e+00  0.000000e+00  0.000000e+00  0.000000e+00  0.000000e+00  0.000000e+00  0.000000e+00  0.000000e+00
   0.000000e+00  0.000000e+00  0.000000e+00  0.000000e+00]
 [ 0.000000e+00  0.000000e+00  0.000000e+00  0.000000e+00  0.000000e+00  0.000000e+00  0.000000e+00  0.000000e+00
   0.000000e+00  0.000000e+00  0.000000e+00  0.000000e+00]
 [ 0.000000e+00  0.000000e+00  0.000000e+00  6.005906e+04  0.000000e+00  0.000000e+00  0.000000e+00  0.000000e+00
   0.000000e+00 -6.005906e+04  0.000000e+00  0.000000e+00]
 [ 0.000000e+00  0.000000e+00  0.000000e+00  0.000000e+00  1.931776e+06  0.000000e+00  0.000000e+00  0.000000e+00
   0.000000e+00  0.000000e+00 -1.931776e+06  0.000000e+00]
 [ 0.000000e+00  0.000000e+00  0.000000e+00  0.000000e+00  0.000000e+00  1.247047e+07  0.000000e+00  0.000000e+00
   0.000000e+00  0.000000e+00  0.000000e+00 -1.247047e+07]
 [-7.825067e+09  0.000000e+00  0.000000e+00  0.000000e+00  0.000000e+00  0.000000e+00  7.825067e+09  0.000000e+00
   0.000000e+00  0.000000e+00  0.000000e+00  0.000000e+00]
 [ 0.000000e+00  0.000000e+00  0.000000e+00  0.000000e+00  0.000000e+00  0.000000e+00  0.000000e+00  0.000000e+00
   0.000000e+00  0.000000e+00  0.000000e+00  0.000000e+00]
 [ 0.000000e+00  0.000000e+00  0.000000e+00  0.000000e+00  0.000000e+00  0.000000e+00  0.000000e+00  0.000000e+00
   0.000000e+00  0.000000e+00  0.000000e+00  0.000000e+00]
 [ 0.000000e+00  0.000000e+00  0.000000e+00 -6.005906e+04  0.000000e+00  0.000000e+00  0.000000e+00  0.000000e+00
   0.000000e+00  6.005906e+04  0.000000e+00  0.000000e+00]
 [ 0.000000e+00  0.000000e+00  0.000000e+00  0.000000e+00 -1.931776e+06  0.000000e+00  0.000000e+00  0.000000e+00
   0.000000e+00  0.000000e+00  1.931776e+06  0.000000e+00]
 [ 0.000000e+00  0.000000e+00  0.000000e+00  0.000000e+00  0.000000e+00 -1.247047e+07  0.000000e+00  0.000000e+00
   0.000000e+00  0.000000e+00  0.000000e+00  1.247047e+07]]


GP 3/3: ξ = 0.774597,  x = 1.185739e+00,  w = 5.555556e-01
=== Shape-function derivative  dN/dξ  (1, 12, 6) ===
[[[-0.5       0.        0.        0.        0.        0.      ]
  [ 0.       -0.3       0.        0.        0.        0.      ]
  [ 0.        0.       -0.3       0.        0.        0.      ]
  [ 0.        0.        0.       -0.5       0.        0.      ]
  [ 0.        0.        0.        0.        0.001463  0.      ]
  [ 0.        0.        0.        0.        0.       -0.001463]
  [ 0.5       0.        0.        0.        0.        0.      ]
  [ 0.        0.3       0.        0.        0.        0.      ]
  [ 0.        0.        0.3       0.        0.        0.      ]
  [ 0.        0.        0.        0.5       0.        0.      ]
  [ 0.        0.        0.        0.       -0.004588  0.      ]
  [ 0.        0.        0.        0.        0.        0.004588]]]

=== Second derivative  d²N/dξ²  (1, 12, 6) ===
[[[ 0.        0.        0.        0.        0.        0.      ]
  [ 0.        1.161895  0.        0.        0.        0.      ]
  [ 0.        0.        1.161895  0.        0.        0.      ]
  [ 0.        0.        0.        0.        0.        0.      ]
  [ 0.        0.        0.        0.       -0.005171  0.      ]
  [ 0.        0.        0.        0.        0.        0.005171]
  [ 0.        0.        0.        0.        0.        0.      ]
  [ 0.       -1.161895  0.        0.        0.        0.      ]
  [ 0.        0.       -1.161895  0.        0.        0.      ]
  [ 0.        0.        0.        0.        0.        0.      ]
  [ 0.        0.        0.        0.       -0.012984  0.      ]
  [ 0.        0.        0.        0.        0.        0.012984]]]

=== Strain-displacement matrix  B  (6, 12) ===
[[   -64.            0.            0.            0.            0.            0.           64.            0.
       0.            0.            0.            0.      ]
 [     0.            0.        19036.487743      0.          -84.72256       0.            0.            0.
  -19036.487743      0.         -212.72256       0.      ]
 [     0.        19036.487743      0.            0.            0.           84.72256       0.       -19036.487743
       0.            0.            0.          212.72256 ]
 [     0.            0.            0.            0.            0.            0.            0.            0.
       0.            0.            0.            0.      ]
 [     0.            0.            0.            0.            0.            0.            0.            0.
       0.            0.            0.            0.      ]
 [     0.            0.            0.          -64.            0.            0.            0.            0.
       0.           64.            0.            0.      ]]

=== Gauss-point contribution  BᵀDB  (12, 12) ===
[[ 4.890667e+09  0.000000e+00  0.000000e+00  0.000000e+00  0.000000e+00  0.000000e+00 -4.890667e+09  0.000000e+00
   0.000000e+00  0.000000e+00  0.000000e+00  0.000000e+00]
 [ 0.000000e+00  6.895670e+11  0.000000e+00  0.000000e+00  0.000000e+00  3.068942e+09  0.000000e+00 -6.895670e+11
   0.000000e+00  0.000000e+00  0.000000e+00  7.705542e+09]
 [ 0.000000e+00  0.000000e+00  1.068195e+11  0.000000e+00 -4.754039e+08  0.000000e+00  0.000000e+00  0.000000e+00
  -1.068195e+11  0.000000e+00 -1.193651e+09  0.000000e+00]
 [ 0.000000e+00  0.000000e+00  0.000000e+00  3.753691e+04  0.000000e+00  0.000000e+00  0.000000e+00  0.000000e+00
   0.000000e+00 -3.753691e+04  0.000000e+00  0.000000e+00]
 [ 0.000000e+00  0.000000e+00 -4.754039e+08  0.000000e+00  2.115802e+06  0.000000e+00  0.000000e+00  0.000000e+00
   4.754039e+08  0.000000e+00  5.312384e+06  0.000000e+00]
 [ 0.000000e+00  3.068942e+09  0.000000e+00  0.000000e+00  0.000000e+00  1.365844e+07  0.000000e+00 -3.068942e+09
   0.000000e+00  0.000000e+00  0.000000e+00  3.429379e+07]
 [-4.890667e+09  0.000000e+00  0.000000e+00  0.000000e+00  0.000000e+00  0.000000e+00  4.890667e+09  0.000000e+00
   0.000000e+00  0.000000e+00  0.000000e+00  0.000000e+00]
 [ 0.000000e+00 -6.895670e+11  0.000000e+00  0.000000e+00  0.000000e+00 -3.068942e+09  0.000000e+00  6.895670e+11
   0.000000e+00  0.000000e+00  0.000000e+00 -7.705542e+09]
 [ 0.000000e+00  0.000000e+00 -1.068195e+11  0.000000e+00  4.754039e+08  0.000000e+00  0.000000e+00  0.000000e+00
   1.068195e+11  0.000000e+00  1.193651e+09  0.000000e+00]
 [ 0.000000e+00  0.000000e+00  0.000000e+00 -3.753691e+04  0.000000e+00  0.000000e+00  0.000000e+00  0.000000e+00
   0.000000e+00  3.753691e+04  0.000000e+00  0.000000e+00]
 [ 0.000000e+00  0.000000e+00 -1.193651e+09  0.000000e+00  5.312384e+06  0.000000e+00  0.000000e+00  0.000000e+00
   1.193651e+09  0.000000e+00  1.333841e+07  0.000000e+00]
 [ 0.000000e+00  7.705542e+09  0.000000e+00  0.000000e+00  0.000000e+00  3.429379e+07  0.000000e+00 -7.705542e+09
   0.000000e+00  0.000000e+00  0.000000e+00  8.610531e+07]]

=== Final Element Stiffness Matrix ===
[[ 1.760640e+10  0.000000e+00  0.000000e+00  0.000000e+00  0.000000e+00  0.000000e+00 -1.760640e+10  0.000000e+00
   0.000000e+00  0.000000e+00  0.000000e+00  0.000000e+00]
 [ 0.000000e+00  1.379134e+12  0.000000e+00  0.000000e+00  0.000000e+00  1.077448e+10  0.000000e+00 -1.379134e+12
   0.000000e+00  0.000000e+00  0.000000e+00  1.077448e+10]
 [ 0.000000e+00  0.000000e+00  2.136390e+11  0.000000e+00 -1.669054e+09  0.000000e+00  0.000000e+00  0.000000e+00
  -2.136390e+11  0.000000e+00 -1.669054e+09  0.000000e+00]
 [ 0.000000e+00  0.000000e+00  0.000000e+00  1.351329e+05  0.000000e+00  0.000000e+00  0.000000e+00  0.000000e+00
   0.000000e+00 -1.351329e+05  0.000000e+00  0.000000e+00]
 [ 0.000000e+00  0.000000e+00 -1.669054e+09  0.000000e+00  1.738598e+07  0.000000e+00  0.000000e+00  0.000000e+00
   1.669054e+09  0.000000e+00  8.692992e+06  0.000000e+00]
 [ 0.000000e+00  1.077448e+10  0.000000e+00  0.000000e+00  0.000000e+00  1.122342e+08  0.000000e+00 -1.077448e+10
   0.000000e+00  0.000000e+00  0.000000e+00  5.611711e+07]
 [-1.760640e+10  0.000000e+00  0.000000e+00  0.000000e+00  0.000000e+00  0.000000e+00  1.760640e+10  0.000000e+00
   0.000000e+00  0.000000e+00  0.000000e+00  0.000000e+00]
 [ 0.000000e+00 -1.379134e+12  0.000000e+00  0.000000e+00  0.000000e+00 -1.077448e+10  0.000000e+00  1.379134e+12
   0.000000e+00  0.000000e+00  0.000000e+00 -1.077448e+10]
 [ 0.000000e+00  0.000000e+00 -2.136390e+11  0.000000e+00  1.669054e+09  0.000000e+00  0.000000e+00  0.000000e+00
   2.136390e+11  0.000000e+00  1.669054e+09  0.000000e+00]
 [ 0.000000e+00  0.000000e+00  0.000000e+00 -1.351329e+05  0.000000e+00  0.000000e+00  0.000000e+00  0.000000e+00
   0.000000e+00  1.351329e+05  0.000000e+00  0.000000e+00]
 [ 0.000000e+00  0.000000e+00 -1.669054e+09  0.000000e+00  8.692992e+06  0.000000e+00  0.000000e+00  0.000000e+00
   1.669054e+09  0.000000e+00  1.738598e+07  0.000000e+00]
 [ 0.000000e+00  1.077448e+10  0.000000e+00  0.000000e+00  0.000000e+00  5.611711e+07  0.000000e+00 -1.077448e+10
   0.000000e+00  0.000000e+00  0.000000e+00  1.122342e+08]]

