Machine Specifications:
   - OS: Windows 11 (10.0.26100)
       • Logical cores: 20
       • Physical cores: 12
   - RAM: 31.24 GB
   - Disk: 943.72 GB total, 2.52 GB free
   - Python Version: 3.12.5 (C:\Users\s1834431\AppData\Local\Programs\Python\Python312\python.exe)
   - GPU(s): Intel(R) UHD Graphics 770

Job: job_0006_n32
Timestamp (job start): 2026-02-26_16-18-18-753083
Total Time: 6.96 sec

+-------------------------------+------------+---------------+-------------+-----------+
| Step                          |   Time (s) |   Memory (MB) |   Disk (GB) |   CPU (%) |
+===============================+============+===============+=============+===========+
| Parsing                       | 0.00255752 |       134.918 |     941.193 |         0 |
+-------------------------------+------------+---------------+-------------+-----------+
| Element Instantiation         | 0.0475516  |       134.918 |     941.193 |         0 |
+-------------------------------+------------+---------------+-------------+-----------+
| Element Stiffness Computation | 0.135782   |       134.918 |     941.194 |         0 |
+-------------------------------+------------+---------------+-------------+-----------+
| Element Force Computation     | 0.016592   |       134.918 |     941.194 |         0 |
+-------------------------------+------------+---------------+-------------+-----------+
| Full Simulation               | 6.14134    |       134.922 |     941.198 |         0 |
+-------------------------------+------------+---------------+-------------+-----------+

Parallel Jobs: None
Start Memory: 134.92 MB | End Memory: 134.92 MB
Start Disk Usage: 941.19 GB | End Disk Usage: 941.20 GB
Start CPU: 0.00% | End CPU: 0.00%
