Machine Specifications:
   - OS: Windows 11 (10.0.26100)
       • Logical cores: 20
       • Physical cores: 12
   - RAM: 31.24 GB
   - Disk: 943.72 GB total, 2.52 GB free
   - Python Version: 3.12.5 (C:\Users\s1834431\AppData\Local\Programs\Python\Python312\python.exe)
   - GPU(s): Intel(R) UHD Graphics 770

Job: job_0006_n16
Timestamp (job start): 2026-02-26_16-18-18-439375
Total Time: 6.64 sec

+-------------------------------+------------+---------------+-------------+-----------+
| Step                          |   Time (s) |   Memory (MB) |   Disk (GB) |   CPU (%) |
+===============================+============+===============+=============+===========+
| Parsing                       | 0.00311708 |       133.688 |     941.193 |         0 |
+-------------------------------+------------+---------------+-------------+-----------+
| Element Instantiation         | 0.0332444  |       133.688 |     941.193 |         0 |
+-------------------------------+------------+---------------+-------------+-----------+
| Element Stiffness Computation | 0.081939   |       133.688 |     941.194 |         0 |
+-------------------------------+------------+---------------+-------------+-----------+
| Element Force Computation     | 0.00888538 |       133.688 |     941.194 |         0 |
+-------------------------------+------------+---------------+-------------+-----------+
| Full Simulation               | 5.90035    |       136.047 |     941.198 |         0 |
+-------------------------------+------------+---------------+-------------+-----------+

Parallel Jobs: None
Start Memory: 133.69 MB | End Memory: 136.05 MB
Start Disk Usage: 941.19 GB | End Disk Usage: 941.20 GB
Start CPU: 0.00% | End CPU: 0.00%
