Machine Specifications:
   - OS: Windows 11 (10.0.26100)
       • Logical cores: 20
       • Physical cores: 12
   - RAM: 31.24 GB
   - Disk: 943.72 GB total, 2.53 GB free
   - Python Version: 3.12.5 (C:\Users\s1834431\AppData\Local\Programs\Python\Python312\python.exe)
   - GPU(s): Intel(R) UHD Graphics 770

Job: job_0005_n32
Timestamp (job start): 2026-02-26_16-18-08-873866
Total Time: 7.18 sec

+-------------------------------+------------+---------------+-------------+-----------+
| Step                          |   Time (s) |   Memory (MB) |   Disk (GB) |   CPU (%) |
+===============================+============+===============+=============+===========+
| Parsing                       | 0.00851965 |       135.285 |     941.182 |         0 |
+-------------------------------+------------+---------------+-------------+-----------+
| Element Instantiation         | 0.0369453  |       135.285 |     941.182 |         0 |
+-------------------------------+------------+---------------+-------------+-----------+
| Element Stiffness Computation | 0.129398   |       135.285 |     941.184 |         0 |
+-------------------------------+------------+---------------+-------------+-----------+
| Element Force Computation     | 0.0586579  |       135.285 |     941.184 |         0 |
+-------------------------------+------------+---------------+-------------+-----------+
| Full Simulation               | 6.32149    |       135.848 |     941.19  |         0 |
+-------------------------------+------------+---------------+-------------+-----------+

Parallel Jobs: None
Start Memory: 135.29 MB | End Memory: 135.85 MB
Start Disk Usage: 941.18 GB | End Disk Usage: 941.19 GB
Start CPU: 0.00% | End CPU: 0.00%
