2026-02-26 16:19:18,868 [DEBUG]: 🟢 ElementFactory logger initialised.
2026-02-26 16:19:18,868 [INFO]: 🚩 Starting batch element creation.
2026-02-26 16:19:18,868 [DEBUG]: Element IDs sanitised: [0, 1, 2, 3, 4, 5, 6, 7, 8, 9, 10, 11, 12, 13, 14, 15, 16, 17, 18, 19, 20, 21, 22, 23, 24, 25, 26, 27, 28, 29, 30, 31]
2026-02-26 16:19:18,868 [DEBUG]: Module for TimoshenkoBeamElement3D loaded.
2026-02-26 16:19:18,869 [DEBUG]: ✅ Element 0 (TimoshenkoBeamElement3D) instantiated.
2026-02-26 16:19:18,870 [DEBUG]: ✅ Element 1 (TimoshenkoBeamElement3D) instantiated.
2026-02-26 16:19:18,871 [DEBUG]: ✅ Element 2 (TimoshenkoBeamElement3D) instantiated.
2026-02-26 16:19:18,872 [DEBUG]: ✅ Element 3 (TimoshenkoBeamElement3D) instantiated.
2026-02-26 16:19:18,873 [DEBUG]: ✅ Element 4 (TimoshenkoBeamElement3D) instantiated.
2026-02-26 16:19:18,874 [DEBUG]: ✅ Element 5 (TimoshenkoBeamElement3D) instantiated.
2026-02-26 16:19:18,874 [DEBUG]: ✅ Element 6 (TimoshenkoBeamElement3D) instantiated.
2026-02-26 16:19:18,875 [DEBUG]: ✅ Element 7 (TimoshenkoBeamElement3D) instantiated.
2026-02-26 16:19:18,876 [DEBUG]: ✅ Element 8 (TimoshenkoBeamElement3D) instantiated.
2026-02-26 16:19:18,876 [DEBUG]: ✅ Element 9 (TimoshenkoBeamElement3D) instantiated.
2026-02-26 16:19:18,876 [DEBUG]: ✅ Element 10 (TimoshenkoBeamElement3D) instantiated.
2026-02-26 16:19:18,877 [DEBUG]: ✅ Element 11 (TimoshenkoBeamElement3D) instantiated.
2026-02-26 16:19:18,877 [DEBUG]: ✅ Element 12 (TimoshenkoBeamElement3D) instantiated.
2026-02-26 16:19:18,877 [DEBUG]: ✅ Element 13 (TimoshenkoBeamElement3D) instantiated.
2026-02-26 16:19:18,878 [DEBUG]: ✅ Element 14 (TimoshenkoBeamElement3D) instantiated.
2026-02-26 16:19:18,879 [DEBUG]: ✅ Element 15 (TimoshenkoBeamElement3D) instantiated.
2026-02-26 16:19:18,879 [DEBUG]: ✅ Element 16 (TimoshenkoBeamElement3D) instantiated.
2026-02-26 16:19:18,879 [DEBUG]: ✅ Element 17 (TimoshenkoBeamElement3D) instantiated.
2026-02-26 16:19:18,879 [DEBUG]: ✅ Element 18 (TimoshenkoBeamElement3D) instantiated.
2026-02-26 16:19:18,879 [DEBUG]: ✅ Element 19 (TimoshenkoBeamElement3D) instantiated.
2026-02-26 16:19:18,879 [DEBUG]: ✅ Element 20 (TimoshenkoBeamElement3D) instantiated.
2026-02-26 16:19:18,879 [DEBUG]: ✅ Element 21 (TimoshenkoBeamElement3D) instantiated.
2026-02-26 16:19:18,879 [DEBUG]: ✅ Element 22 (TimoshenkoBeamElement3D) instantiated.
2026-02-26 16:19:18,883 [DEBUG]: ✅ Element 23 (TimoshenkoBeamElement3D) instantiated.
2026-02-26 16:19:18,883 [DEBUG]: ✅ Element 24 (TimoshenkoBeamElement3D) instantiated.
2026-02-26 16:19:18,883 [DEBUG]: ✅ Element 25 (TimoshenkoBeamElement3D) instantiated.
2026-02-26 16:19:18,885 [DEBUG]: ✅ Element 26 (TimoshenkoBeamElement3D) instantiated.
2026-02-26 16:19:18,885 [DEBUG]: ✅ Element 27 (TimoshenkoBeamElement3D) instantiated.
2026-02-26 16:19:18,885 [DEBUG]: ✅ Element 28 (TimoshenkoBeamElement3D) instantiated.
2026-02-26 16:19:18,885 [DEBUG]: ✅ Element 29 (TimoshenkoBeamElement3D) instantiated.
2026-02-26 16:19:18,888 [DEBUG]: ✅ Element 30 (TimoshenkoBeamElement3D) instantiated.
2026-02-26 16:19:18,888 [DEBUG]: ✅ Element 31 (TimoshenkoBeamElement3D) instantiated.
2026-02-26 16:19:18,888 [DEBUG]: Logging verified for element 0.
2026-02-26 16:19:18,888 [DEBUG]: Logging verified for element 1.
2026-02-26 16:19:18,888 [DEBUG]: Logging verified for element 2.
2026-02-26 16:19:18,888 [DEBUG]: Logging verified for element 3.
2026-02-26 16:19:18,888 [DEBUG]: Logging verified for element 4.
2026-02-26 16:19:18,888 [DEBUG]: Logging verified for element 5.
2026-02-26 16:19:18,892 [DEBUG]: Logging verified for element 6.
2026-02-26 16:19:18,892 [DEBUG]: Logging verified for element 7.
2026-02-26 16:19:18,892 [DEBUG]: Logging verified for element 8.
2026-02-26 16:19:18,893 [DEBUG]: Logging verified for element 9.
2026-02-26 16:19:18,893 [DEBUG]: Logging verified for element 10.
2026-02-26 16:19:18,893 [DEBUG]: Logging verified for element 11.
2026-02-26 16:19:18,894 [DEBUG]: Logging verified for element 12.
2026-02-26 16:19:18,894 [DEBUG]: Logging verified for element 13.
2026-02-26 16:19:18,895 [DEBUG]: Logging verified for element 14.
2026-02-26 16:19:18,895 [DEBUG]: Logging verified for element 15.
2026-02-26 16:19:18,896 [DEBUG]: Logging verified for element 16.
2026-02-26 16:19:18,896 [DEBUG]: Logging verified for element 17.
2026-02-26 16:19:18,896 [DEBUG]: Logging verified for element 18.
2026-02-26 16:19:18,897 [DEBUG]: Logging verified for element 19.
2026-02-26 16:19:18,897 [DEBUG]: Logging verified for element 20.
2026-02-26 16:19:18,898 [DEBUG]: Logging verified for element 21.
2026-02-26 16:19:18,898 [DEBUG]: Logging verified for element 22.
2026-02-26 16:19:18,899 [DEBUG]: Logging verified for element 23.
2026-02-26 16:19:18,899 [DEBUG]: Logging verified for element 24.
2026-02-26 16:19:18,899 [DEBUG]: Logging verified for element 25.
2026-02-26 16:19:18,900 [DEBUG]: Logging verified for element 26.
2026-02-26 16:19:18,900 [DEBUG]: Logging verified for element 27.
2026-02-26 16:19:18,901 [DEBUG]: Logging verified for element 28.
2026-02-26 16:19:18,901 [DEBUG]: Logging verified for element 29.
2026-02-26 16:19:18,901 [DEBUG]: Logging verified for element 30.
2026-02-26 16:19:18,902 [DEBUG]: Logging verified for element 31.
2026-02-26 16:19:18,902 [INFO]: ✅ Batch element creation complete.
