=== Unnamed Matrix ===
[[0. 0.]
 [0. 0.]]


=== Element 20 Stiffness Matrix Computation (Selective Integration) ===
Integration orders: axial=3, bending_y=3, bending_z=3, shear_y=2, shear_z=2, torsion=3 (shear block uses 1-point reduced integration)
=== Element length  L  (1, 1) ===
[[0.0625]]

=== Material stiffness matrix  D  (6, 6) ===
[[2.751000e+08 0.000000e+00 0.000000e+00 0.000000e+00 0.000000e+00 0.000000e+00]
 [0.000000e+00 6.791400e+04 0.000000e+00 0.000000e+00 0.000000e+00 0.000000e+00]
 [0.000000e+00 0.000000e+00 4.384149e+05 0.000000e+00 0.000000e+00 0.000000e+00]
 [0.000000e+00 0.000000e+00 0.000000e+00 8.842500e+07 0.000000e+00 0.000000e+00]
 [0.000000e+00 0.000000e+00 0.000000e+00 0.000000e+00 8.842500e+07 0.000000e+00]
 [0.000000e+00 0.000000e+00 0.000000e+00 0.000000e+00 0.000000e+00 2.111451e+03]]

=== Bending contribution (selective) ===
[[       0.         0.         0.         0.         0.         0.         0.         0.         0.         0.
         0.         0. ]
 [       0.         0.         0.         0.         0.         0.         0.         0.         0.         0.
         0.         0. ]
 [       0.         0.         0.         0.         0.         0.         0.         0.         0.         0.
         0.         0. ]
 [       0.         0.         0.         0.         0.         0.         0.         0.         0.         0.
         0.         0. ]
 [       0.         0.         0.         0.   1086624.         0.         0.         0.         0.         0.
  -1086624.         0. ]
 [       0.         0.         0.         0.         0.   7014638.4        0.         0.         0.         0.
         0.  -7014638.4]
 [       0.         0.         0.         0.         0.         0.         0.         0.         0.         0.
         0.         0. ]
 [       0.         0.         0.         0.         0.         0.         0.         0.         0.         0.
         0.         0. ]
 [       0.         0.         0.         0.         0.         0.         0.         0.         0.         0.
         0.         0. ]
 [       0.         0.         0.         0.         0.         0.         0.         0.         0.         0.
         0.         0. ]
 [       0.         0.         0.         0.  -1086624.         0.         0.         0.         0.         0.
   1086624.         0. ]
 [       0.         0.         0.         0.         0.  -7014638.4        0.         0.         0.         0.
         0.   7014638.4]]

=== Shear contribution (selective) ===
[[ 0.000000e+00  0.000000e+00  0.000000e+00  0.000000e+00  0.000000e+00  0.000000e+00  0.000000e+00  0.000000e+00
   0.000000e+00  0.000000e+00  0.000000e+00  0.000000e+00]
 [ 0.000000e+00  1.414800e+09  0.000000e+00  0.000000e+00  0.000000e+00  4.421250e+07  0.000000e+00 -1.414800e+09
   0.000000e+00  0.000000e+00  0.000000e+00  4.421250e+07]
 [ 0.000000e+00  0.000000e+00  1.414800e+09  0.000000e+00 -4.421250e+07  0.000000e+00  0.000000e+00  0.000000e+00
  -1.414800e+09  0.000000e+00 -4.421250e+07  0.000000e+00]
 [ 0.000000e+00  0.000000e+00  0.000000e+00  0.000000e+00  0.000000e+00  0.000000e+00  0.000000e+00  0.000000e+00
   0.000000e+00  0.000000e+00  0.000000e+00  0.000000e+00]
 [ 0.000000e+00  0.000000e+00 -4.421250e+07  0.000000e+00  1.381641e+06  0.000000e+00  0.000000e+00  0.000000e+00
   4.421250e+07  0.000000e+00  1.381641e+06  0.000000e+00]
 [ 0.000000e+00  4.421250e+07  0.000000e+00  0.000000e+00  0.000000e+00  1.381641e+06  0.000000e+00 -4.421250e+07
   0.000000e+00  0.000000e+00  0.000000e+00  1.381641e+06]
 [ 0.000000e+00  0.000000e+00  0.000000e+00  0.000000e+00  0.000000e+00  0.000000e+00  0.000000e+00  0.000000e+00
   0.000000e+00  0.000000e+00  0.000000e+00  0.000000e+00]
 [ 0.000000e+00 -1.414800e+09  0.000000e+00  0.000000e+00  0.000000e+00 -4.421250e+07  0.000000e+00  1.414800e+09
   0.000000e+00  0.000000e+00  0.000000e+00 -4.421250e+07]
 [ 0.000000e+00  0.000000e+00 -1.414800e+09  0.000000e+00  4.421250e+07  0.000000e+00  0.000000e+00  0.000000e+00
   1.414800e+09  0.000000e+00  4.421250e+07  0.000000e+00]
 [ 0.000000e+00  0.000000e+00  0.000000e+00  0.000000e+00  0.000000e+00  0.000000e+00  0.000000e+00  0.000000e+00
   0.000000e+00  0.000000e+00  0.000000e+00  0.000000e+00]
 [ 0.000000e+00  0.000000e+00 -4.421250e+07  0.000000e+00  1.381641e+06  0.000000e+00  0.000000e+00  0.000000e+00
   4.421250e+07  0.000000e+00  1.381641e+06  0.000000e+00]
 [ 0.000000e+00  4.421250e+07  0.000000e+00  0.000000e+00  0.000000e+00  1.381641e+06  0.000000e+00 -4.421250e+07
   0.000000e+00  0.000000e+00  0.000000e+00  1.381641e+06]]

=== Other terms contribution ===
[[ 4.401600e+09  0.000000e+00  0.000000e+00  0.000000e+00  0.000000e+00  0.000000e+00 -4.401600e+09  0.000000e+00
   0.000000e+00  0.000000e+00  0.000000e+00  0.000000e+00]
 [ 0.000000e+00  0.000000e+00  0.000000e+00  0.000000e+00  0.000000e+00  0.000000e+00  0.000000e+00  0.000000e+00
   0.000000e+00  0.000000e+00  0.000000e+00  0.000000e+00]
 [ 0.000000e+00  0.000000e+00  0.000000e+00  0.000000e+00  0.000000e+00  0.000000e+00  0.000000e+00  0.000000e+00
   0.000000e+00  0.000000e+00  0.000000e+00  0.000000e+00]
 [ 0.000000e+00  0.000000e+00  0.000000e+00  3.378322e+04  0.000000e+00  0.000000e+00  0.000000e+00  0.000000e+00
   0.000000e+00 -3.378322e+04  0.000000e+00  0.000000e+00]
 [ 0.000000e+00  0.000000e+00  0.000000e+00  0.000000e+00  4.656613e-10  0.000000e+00  0.000000e+00  0.000000e+00
   0.000000e+00  0.000000e+00  0.000000e+00  0.000000e+00]
 [ 0.000000e+00  0.000000e+00  0.000000e+00  0.000000e+00  0.000000e+00 -1.396984e-09  0.000000e+00  0.000000e+00
   0.000000e+00  0.000000e+00  0.000000e+00  0.000000e+00]
 [-4.401600e+09  0.000000e+00  0.000000e+00  0.000000e+00  0.000000e+00  0.000000e+00  4.401600e+09  0.000000e+00
   0.000000e+00  0.000000e+00  0.000000e+00  0.000000e+00]
 [ 0.000000e+00  0.000000e+00  0.000000e+00  0.000000e+00  0.000000e+00  0.000000e+00  0.000000e+00  0.000000e+00
   0.000000e+00  0.000000e+00  0.000000e+00  0.000000e+00]
 [ 0.000000e+00  0.000000e+00  0.000000e+00  0.000000e+00  0.000000e+00  0.000000e+00  0.000000e+00  0.000000e+00
   0.000000e+00  0.000000e+00  0.000000e+00  0.000000e+00]
 [ 0.000000e+00  0.000000e+00  0.000000e+00 -3.378322e+04  0.000000e+00  0.000000e+00  0.000000e+00  0.000000e+00
   0.000000e+00  3.378322e+04  0.000000e+00  0.000000e+00]
 [ 0.000000e+00  0.000000e+00  0.000000e+00  0.000000e+00  0.000000e+00  0.000000e+00  0.000000e+00  0.000000e+00
   0.000000e+00  0.000000e+00  0.000000e+00  0.000000e+00]
 [ 0.000000e+00  0.000000e+00  0.000000e+00  0.000000e+00  0.000000e+00  0.000000e+00  0.000000e+00  0.000000e+00
   0.000000e+00  0.000000e+00  0.000000e+00  4.656613e-10]]

=== Final Element Stiffness Matrix ===
[[ 4.401600e+09  0.000000e+00  0.000000e+00  0.000000e+00  0.000000e+00  0.000000e+00 -4.401600e+09  0.000000e+00
   0.000000e+00  0.000000e+00  0.000000e+00  0.000000e+00]
 [ 0.000000e+00  1.414800e+09  0.000000e+00  0.000000e+00  0.000000e+00  4.421250e+07  0.000000e+00 -1.414800e+09
   0.000000e+00  0.000000e+00  0.000000e+00  4.421250e+07]
 [ 0.000000e+00  0.000000e+00  1.414800e+09  0.000000e+00 -4.421250e+07  0.000000e+00  0.000000e+00  0.000000e+00
  -1.414800e+09  0.000000e+00 -4.421250e+07  0.000000e+00]
 [ 0.000000e+00  0.000000e+00  0.000000e+00  3.378322e+04  0.000000e+00  0.000000e+00  0.000000e+00  0.000000e+00
   0.000000e+00 -3.378322e+04  0.000000e+00  0.000000e+00]
 [ 0.000000e+00  0.000000e+00 -4.421250e+07  0.000000e+00  2.468265e+06  0.000000e+00  0.000000e+00  0.000000e+00
   4.421250e+07  0.000000e+00  2.950166e+05  0.000000e+00]
 [ 0.000000e+00  4.421250e+07  0.000000e+00  0.000000e+00  0.000000e+00  8.396279e+06  0.000000e+00 -4.421250e+07
   0.000000e+00  0.000000e+00  0.000000e+00 -5.632998e+06]
 [-4.401600e+09  0.000000e+00  0.000000e+00  0.000000e+00  0.000000e+00  0.000000e+00  4.401600e+09  0.000000e+00
   0.000000e+00  0.000000e+00  0.000000e+00  0.000000e+00]
 [ 0.000000e+00 -1.414800e+09  0.000000e+00  0.000000e+00  0.000000e+00 -4.421250e+07  0.000000e+00  1.414800e+09
   0.000000e+00  0.000000e+00  0.000000e+00 -4.421250e+07]
 [ 0.000000e+00  0.000000e+00 -1.414800e+09  0.000000e+00  4.421250e+07  0.000000e+00  0.000000e+00  0.000000e+00
   1.414800e+09  0.000000e+00  4.421250e+07  0.000000e+00]
 [ 0.000000e+00  0.000000e+00  0.000000e+00 -3.378322e+04  0.000000e+00  0.000000e+00  0.000000e+00  0.000000e+00
   0.000000e+00  3.378322e+04  0.000000e+00  0.000000e+00]
 [ 0.000000e+00  0.000000e+00 -4.421250e+07  0.000000e+00  2.950166e+05  0.000000e+00  0.000000e+00  0.000000e+00
   4.421250e+07  0.000000e+00  2.468265e+06  0.000000e+00]
 [ 0.000000e+00  4.421250e+07  0.000000e+00  0.000000e+00  0.000000e+00 -5.632998e+06  0.000000e+00 -4.421250e+07
   0.000000e+00  0.000000e+00  0.000000e+00  8.396279e+06]]

