Machine Specifications:
   - OS: Windows 11 (10.0.26100)
       • Logical cores: 20
       • Physical cores: 12
   - RAM: 31.24 GB
   - Disk: 943.72 GB total, 2.61 GB free
   - Python Version: 3.12.5 (C:\Users\s1834431\AppData\Local\Programs\Python\Python312\python.exe)
   - GPU(s): Intel(R) UHD Graphics 770

Job: job_0001_n8
Timestamp (job start): 2026-02-26_16-16-55-183789
Total Time: 6.43 sec

+-------------------------------+------------+---------------+-------------+-----------+
| Step                          |   Time (s) |   Memory (MB) |   Disk (GB) |   CPU (%) |
+===============================+============+===============+=============+===========+
| Parsing                       | 0.00407672 |       131.77  |     941.098 |         0 |
+-------------------------------+------------+---------------+-------------+-----------+
| Element Instantiation         | 0.0114675  |       131.77  |     941.098 |         0 |
+-------------------------------+------------+---------------+-------------+-----------+
| Element Stiffness Computation | 0.0297382  |       131.773 |     941.098 |         0 |
+-------------------------------+------------+---------------+-------------+-----------+
| Element Force Computation     | 0.00415087 |       131.773 |     941.099 |         0 |
+-------------------------------+------------+---------------+-------------+-----------+
| Full Simulation               | 5.76264    |       132.047 |     941.105 |         0 |
+-------------------------------+------------+---------------+-------------+-----------+

Parallel Jobs: None
Start Memory: 131.77 MB | End Memory: 132.05 MB
Start Disk Usage: 941.10 GB | End Disk Usage: 941.10 GB
Start CPU: 0.00% | End CPU: 0.00%
