2026-02-26 16:16:52,496 [DEBUG] 📁 Log file: c:\Users\s1834431\Programs\fem_model\post_processing\results\job_0001_n8_2026-02-26_16-16-48-563011_pid18316_b4b70ffc\logs\SolveCondensedSystem.log (Module: solver, Line: 249)
2026-02-26 16:16:52,496 [DEBUG] Row/column scaling applied. (Module: solver, Line: 164)
2026-02-26 16:16:52,496 [DEBUG] Building ILU (drop_tol=1e-06, fill_factor=1.0) (Module: solver, Line: 77)
2026-02-26 16:16:52,498 [DEBUG] ILU fill-ratio = 1.27 (Module: solver, Line: 82)
2026-02-26 16:16:52,498 [INFO] Solver parameters • solver='cg', prec='auto', K nnz=192, dofs=48 (Module: solver, Line: 181)
2026-02-26 16:16:52,498 [INFO] Condensed condition estimate: 1.00e+00 (Module: solver, Line: 187)
2026-02-26 16:16:52,499 [DEBUG] Iter   10 | residual 9.521e-02 (Module: solver, Line: 328)
2026-02-26 16:16:52,499 [DEBUG] Iter   20 | residual 8.810e-02 (Module: solver, Line: 328)
2026-02-26 16:16:52,499 [DEBUG] Iter   30 | residual 7.007e-02 (Module: solver, Line: 328)
2026-02-26 16:16:52,499 [DEBUG] Iter   40 | residual 9.411e-02 (Module: solver, Line: 328)
2026-02-26 16:16:52,500 [DEBUG] Iter   50 | residual 1.229e-01 (Module: solver, Line: 328)
2026-02-26 16:16:52,500 [DEBUG] Iter   60 | residual 1.317e-01 (Module: solver, Line: 328)
2026-02-26 16:16:52,500 [DEBUG] Iter   70 | residual 1.294e-01 (Module: solver, Line: 328)
2026-02-26 16:16:52,500 [DEBUG] Iter   80 | residual 1.243e-01 (Module: solver, Line: 328)
2026-02-26 16:16:52,501 [DEBUG] Iter   90 | residual 1.196e-01 (Module: solver, Line: 328)
2026-02-26 16:16:52,501 [DEBUG] Iter  100 | residual 1.159e-01 (Module: solver, Line: 328)
2026-02-26 16:16:52,501 [DEBUG] Iter  110 | residual 1.132e-01 (Module: solver, Line: 328)
2026-02-26 16:16:52,501 [DEBUG] Iter  120 | residual 1.113e-01 (Module: solver, Line: 328)
2026-02-26 16:16:52,502 [DEBUG] Iter  130 | residual 1.099e-01 (Module: solver, Line: 328)
2026-02-26 16:16:52,502 [DEBUG] Iter  140 | residual 1.089e-01 (Module: solver, Line: 328)
2026-02-26 16:16:52,502 [DEBUG] Iter  150 | residual 1.082e-01 (Module: solver, Line: 328)
2026-02-26 16:16:52,502 [DEBUG] Iter  160 | residual 1.077e-01 (Module: solver, Line: 328)
2026-02-26 16:16:52,503 [DEBUG] Iter  170 | residual 1.073e-01 (Module: solver, Line: 328)
2026-02-26 16:16:52,503 [DEBUG] Iter  180 | residual 1.070e-01 (Module: solver, Line: 328)
2026-02-26 16:16:52,503 [DEBUG] Iter  190 | residual 1.067e-01 (Module: solver, Line: 328)
2026-02-26 16:16:52,503 [DEBUG] Iter  200 | residual 1.066e-01 (Module: solver, Line: 328)
2026-02-26 16:16:52,504 [DEBUG] Iter  210 | residual 1.065e-01 (Module: solver, Line: 328)
2026-02-26 16:16:52,504 [DEBUG] Iter  220 | residual 1.064e-01 (Module: solver, Line: 328)
2026-02-26 16:16:52,504 [DEBUG] Iter  230 | residual 1.063e-01 (Module: solver, Line: 328)
2026-02-26 16:16:52,504 [DEBUG] Iter  240 | residual 1.062e-01 (Module: solver, Line: 328)
2026-02-26 16:16:52,504 [DEBUG] Iter  250 | residual 1.062e-01 (Module: solver, Line: 328)
2026-02-26 16:16:52,505 [DEBUG] Iter  260 | residual 1.061e-01 (Module: solver, Line: 328)
2026-02-26 16:16:52,505 [DEBUG] Iter  270 | residual 1.061e-01 (Module: solver, Line: 328)
2026-02-26 16:16:52,505 [DEBUG] Iter  280 | residual 1.061e-01 (Module: solver, Line: 328)
2026-02-26 16:16:52,505 [DEBUG] Iter  290 | residual 1.060e-01 (Module: solver, Line: 328)
2026-02-26 16:16:52,506 [DEBUG] Iter  300 | residual 1.060e-01 (Module: solver, Line: 328)
2026-02-26 16:16:52,506 [DEBUG] Iter  310 | residual 1.060e-01 (Module: solver, Line: 328)
2026-02-26 16:16:52,506 [DEBUG] Iter  320 | residual 1.060e-01 (Module: solver, Line: 328)
2026-02-26 16:16:52,506 [DEBUG] Iter  330 | residual 1.060e-01 (Module: solver, Line: 328)
2026-02-26 16:16:52,506 [DEBUG] Iter  340 | residual 1.060e-01 (Module: solver, Line: 328)
2026-02-26 16:16:52,507 [DEBUG] Iter  350 | residual 1.060e-01 (Module: solver, Line: 328)
2026-02-26 16:16:52,507 [DEBUG] Iter  360 | residual 1.060e-01 (Module: solver, Line: 328)
2026-02-26 16:16:52,507 [DEBUG] Iter  370 | residual 1.060e-01 (Module: solver, Line: 328)
2026-02-26 16:16:52,507 [DEBUG] Iter  380 | residual 1.060e-01 (Module: solver, Line: 328)
2026-02-26 16:16:52,508 [DEBUG] Iter  390 | residual 1.060e-01 (Module: solver, Line: 328)
2026-02-26 16:16:52,508 [DEBUG] Iter  400 | residual 1.060e-01 (Module: solver, Line: 328)
2026-02-26 16:16:52,508 [DEBUG] Iter  410 | residual 1.060e-01 (Module: solver, Line: 328)
2026-02-26 16:16:52,508 [DEBUG] Iter  420 | residual 1.060e-01 (Module: solver, Line: 328)
2026-02-26 16:16:52,508 [DEBUG] Iter  430 | residual 1.060e-01 (Module: solver, Line: 328)
2026-02-26 16:16:52,509 [DEBUG] Iter  440 | residual 1.060e-01 (Module: solver, Line: 328)
2026-02-26 16:16:52,509 [DEBUG] Iter  450 | residual 1.060e-01 (Module: solver, Line: 328)
2026-02-26 16:16:52,509 [DEBUG] Iter  460 | residual 1.060e-01 (Module: solver, Line: 328)
2026-02-26 16:16:52,509 [DEBUG] Iter  470 | residual 1.060e-01 (Module: solver, Line: 328)
2026-02-26 16:16:52,509 [DEBUG] Iter  480 | residual 1.060e-01 (Module: solver, Line: 328)
2026-02-26 16:16:52,510 [DEBUG] Iter  490 | residual 1.060e-01 (Module: solver, Line: 328)
2026-02-26 16:16:52,510 [DEBUG] Iter  500 | residual 1.059e-01 (Module: solver, Line: 328)
2026-02-26 16:16:52,510 [DEBUG] Iter  510 | residual 1.059e-01 (Module: solver, Line: 328)
2026-02-26 16:16:52,510 [DEBUG] Iter  520 | residual 1.059e-01 (Module: solver, Line: 328)
2026-02-26 16:16:52,511 [DEBUG] Iter  530 | residual 1.059e-01 (Module: solver, Line: 328)
2026-02-26 16:16:52,511 [DEBUG] Iter  540 | residual 1.059e-01 (Module: solver, Line: 328)
2026-02-26 16:16:52,512 [DEBUG] Iter  550 | residual 1.059e-01 (Module: solver, Line: 328)
2026-02-26 16:16:52,512 [DEBUG] Iter  560 | residual 1.059e-01 (Module: solver, Line: 328)
2026-02-26 16:16:52,512 [DEBUG] Iter  570 | residual 1.059e-01 (Module: solver, Line: 328)
2026-02-26 16:16:52,512 [DEBUG] Iter  580 | residual 1.059e-01 (Module: solver, Line: 328)
2026-02-26 16:16:52,512 [DEBUG] Iter  590 | residual 1.059e-01 (Module: solver, Line: 328)
2026-02-26 16:16:52,512 [DEBUG] Iter  600 | residual 1.059e-01 (Module: solver, Line: 328)
2026-02-26 16:16:52,512 [DEBUG] Iter  610 | residual 1.059e-01 (Module: solver, Line: 328)
2026-02-26 16:16:52,512 [DEBUG] Iter  620 | residual 1.059e-01 (Module: solver, Line: 328)
2026-02-26 16:16:52,512 [DEBUG] Iter  630 | residual 1.059e-01 (Module: solver, Line: 328)
2026-02-26 16:16:52,512 [DEBUG] Iter  640 | residual 1.059e-01 (Module: solver, Line: 328)
2026-02-26 16:16:52,512 [DEBUG] Iter  650 | residual 1.059e-01 (Module: solver, Line: 328)
2026-02-26 16:16:52,512 [DEBUG] Iter  660 | residual 1.059e-01 (Module: solver, Line: 328)
2026-02-26 16:16:52,512 [DEBUG] Iter  670 | residual 1.059e-01 (Module: solver, Line: 328)
2026-02-26 16:16:52,512 [DEBUG] Iter  680 | residual 1.059e-01 (Module: solver, Line: 328)
2026-02-26 16:16:52,515 [DEBUG] Iter  690 | residual 1.059e-01 (Module: solver, Line: 328)
2026-02-26 16:16:52,515 [DEBUG] Iter  700 | residual 1.059e-01 (Module: solver, Line: 328)
2026-02-26 16:16:52,515 [DEBUG] Iter  710 | residual 1.059e-01 (Module: solver, Line: 328)
2026-02-26 16:16:52,515 [DEBUG] Iter  720 | residual 1.059e-01 (Module: solver, Line: 328)
2026-02-26 16:16:52,515 [DEBUG] Iter  730 | residual 1.059e-01 (Module: solver, Line: 328)
2026-02-26 16:16:52,515 [DEBUG] Iter  740 | residual 1.059e-01 (Module: solver, Line: 328)
2026-02-26 16:16:52,515 [DEBUG] Iter  750 | residual 1.059e-01 (Module: solver, Line: 328)
2026-02-26 16:16:52,515 [DEBUG] Iter  760 | residual 1.059e-01 (Module: solver, Line: 328)
2026-02-26 16:16:52,515 [DEBUG] Iter  770 | residual 1.059e-01 (Module: solver, Line: 328)
2026-02-26 16:16:52,515 [DEBUG] Iter  780 | residual 1.059e-01 (Module: solver, Line: 328)
2026-02-26 16:16:52,515 [DEBUG] Iter  790 | residual 1.059e-01 (Module: solver, Line: 328)
2026-02-26 16:16:52,515 [DEBUG] Iter  800 | residual 1.059e-01 (Module: solver, Line: 328)
2026-02-26 16:16:52,515 [DEBUG] Iter  810 | residual 1.059e-01 (Module: solver, Line: 328)
2026-02-26 16:16:52,515 [DEBUG] Iter  820 | residual 1.059e-01 (Module: solver, Line: 328)
2026-02-26 16:16:52,515 [DEBUG] Iter  830 | residual 1.059e-01 (Module: solver, Line: 328)
2026-02-26 16:16:52,515 [DEBUG] Iter  840 | residual 1.059e-01 (Module: solver, Line: 328)
2026-02-26 16:16:52,515 [DEBUG] Iter  850 | residual 1.059e-01 (Module: solver, Line: 328)
2026-02-26 16:16:52,515 [DEBUG] Iter  860 | residual 1.059e-01 (Module: solver, Line: 328)
2026-02-26 16:16:52,515 [DEBUG] Iter  870 | residual 1.059e-01 (Module: solver, Line: 328)
2026-02-26 16:16:52,515 [DEBUG] Iter  880 | residual 1.059e-01 (Module: solver, Line: 328)
2026-02-26 16:16:52,515 [DEBUG] Iter  890 | residual 1.059e-01 (Module: solver, Line: 328)
2026-02-26 16:16:52,515 [DEBUG] Iter  900 | residual 1.059e-01 (Module: solver, Line: 328)
2026-02-26 16:16:52,515 [DEBUG] Iter  910 | residual 1.059e-01 (Module: solver, Line: 328)
2026-02-26 16:16:52,515 [DEBUG] Iter  920 | residual 1.059e-01 (Module: solver, Line: 328)
2026-02-26 16:16:52,515 [DEBUG] Iter  930 | residual 1.059e-01 (Module: solver, Line: 328)
2026-02-26 16:16:52,515 [DEBUG] Iter  940 | residual 1.059e-01 (Module: solver, Line: 328)
2026-02-26 16:16:52,515 [DEBUG] Iter  950 | residual 1.059e-01 (Module: solver, Line: 328)
2026-02-26 16:16:52,515 [DEBUG] Iter  960 | residual 1.059e-01 (Module: solver, Line: 328)
2026-02-26 16:16:52,515 [DEBUG] Iter  970 | residual 1.059e-01 (Module: solver, Line: 328)
2026-02-26 16:16:52,515 [DEBUG] Iter  980 | residual 1.059e-01 (Module: solver, Line: 328)
2026-02-26 16:16:52,515 [DEBUG] Iter  990 | residual 1.059e-01 (Module: solver, Line: 328)
2026-02-26 16:16:52,515 [DEBUG] Iter 1000 | residual 1.059e-01 (Module: solver, Line: 328)
2026-02-26 16:16:52,515 [WARNING] Solver info=1000 (not converged). (Module: solver, Line: 344)
2026-02-26 16:16:52,515 [INFO] Retrying with ILU preconditioner … (Module: solver, Line: 351)
2026-02-26 16:16:52,515 [DEBUG] Building ILU (drop_tol=1e-06, fill_factor=1.0) (Module: solver, Line: 77)
2026-02-26 16:16:52,515 [DEBUG] ILU fill-ratio = 1.27 (Module: solver, Line: 82)
2026-02-26 16:16:52,523 [DEBUG] Iter 1010 | residual 9.521e-02 (Module: solver, Line: 328)
2026-02-26 16:16:52,523 [DEBUG] Iter 1020 | residual 8.810e-02 (Module: solver, Line: 328)
2026-02-26 16:16:52,523 [DEBUG] Iter 1030 | residual 7.007e-02 (Module: solver, Line: 328)
2026-02-26 16:16:52,523 [DEBUG] Iter 1040 | residual 9.411e-02 (Module: solver, Line: 328)
2026-02-26 16:16:52,523 [DEBUG] Iter 1050 | residual 1.229e-01 (Module: solver, Line: 328)
2026-02-26 16:16:52,524 [DEBUG] Iter 1060 | residual 1.317e-01 (Module: solver, Line: 328)
2026-02-26 16:16:52,524 [DEBUG] Iter 1070 | residual 1.294e-01 (Module: solver, Line: 328)
2026-02-26 16:16:52,524 [DEBUG] Iter 1080 | residual 1.243e-01 (Module: solver, Line: 328)
2026-02-26 16:16:52,524 [DEBUG] Iter 1090 | residual 1.196e-01 (Module: solver, Line: 328)
2026-02-26 16:16:52,525 [DEBUG] Iter 1100 | residual 1.159e-01 (Module: solver, Line: 328)
2026-02-26 16:16:52,525 [DEBUG] Iter 1110 | residual 1.132e-01 (Module: solver, Line: 328)
2026-02-26 16:16:52,525 [DEBUG] Iter 1120 | residual 1.113e-01 (Module: solver, Line: 328)
2026-02-26 16:16:52,525 [DEBUG] Iter 1130 | residual 1.099e-01 (Module: solver, Line: 328)
2026-02-26 16:16:52,525 [DEBUG] Iter 1140 | residual 1.089e-01 (Module: solver, Line: 328)
2026-02-26 16:16:52,526 [DEBUG] Iter 1150 | residual 1.082e-01 (Module: solver, Line: 328)
2026-02-26 16:16:52,526 [DEBUG] Iter 1160 | residual 1.077e-01 (Module: solver, Line: 328)
2026-02-26 16:16:52,526 [DEBUG] Iter 1170 | residual 1.073e-01 (Module: solver, Line: 328)
2026-02-26 16:16:52,526 [DEBUG] Iter 1180 | residual 1.070e-01 (Module: solver, Line: 328)
2026-02-26 16:16:52,527 [DEBUG] Iter 1190 | residual 1.067e-01 (Module: solver, Line: 328)
2026-02-26 16:16:52,527 [DEBUG] Iter 1200 | residual 1.066e-01 (Module: solver, Line: 328)
2026-02-26 16:16:52,527 [DEBUG] Iter 1210 | residual 1.065e-01 (Module: solver, Line: 328)
2026-02-26 16:16:52,527 [DEBUG] Iter 1220 | residual 1.064e-01 (Module: solver, Line: 328)
2026-02-26 16:16:52,528 [DEBUG] Iter 1230 | residual 1.063e-01 (Module: solver, Line: 328)
2026-02-26 16:16:52,528 [DEBUG] Iter 1240 | residual 1.062e-01 (Module: solver, Line: 328)
2026-02-26 16:16:52,529 [DEBUG] Iter 1250 | residual 1.062e-01 (Module: solver, Line: 328)
2026-02-26 16:16:52,529 [DEBUG] Iter 1260 | residual 1.061e-01 (Module: solver, Line: 328)
2026-02-26 16:16:52,529 [DEBUG] Iter 1270 | residual 1.061e-01 (Module: solver, Line: 328)
2026-02-26 16:16:52,529 [DEBUG] Iter 1280 | residual 1.061e-01 (Module: solver, Line: 328)
2026-02-26 16:16:52,529 [DEBUG] Iter 1290 | residual 1.060e-01 (Module: solver, Line: 328)
2026-02-26 16:16:52,530 [DEBUG] Iter 1300 | residual 1.060e-01 (Module: solver, Line: 328)
2026-02-26 16:16:52,530 [DEBUG] Iter 1310 | residual 1.060e-01 (Module: solver, Line: 328)
2026-02-26 16:16:52,530 [DEBUG] Iter 1320 | residual 1.060e-01 (Module: solver, Line: 328)
2026-02-26 16:16:52,530 [DEBUG] Iter 1330 | residual 1.060e-01 (Module: solver, Line: 328)
2026-02-26 16:16:52,531 [DEBUG] Iter 1340 | residual 1.060e-01 (Module: solver, Line: 328)
2026-02-26 16:16:52,531 [DEBUG] Iter 1350 | residual 1.060e-01 (Module: solver, Line: 328)
2026-02-26 16:16:52,531 [DEBUG] Iter 1360 | residual 1.060e-01 (Module: solver, Line: 328)
2026-02-26 16:16:52,532 [DEBUG] Iter 1370 | residual 1.060e-01 (Module: solver, Line: 328)
2026-02-26 16:16:52,532 [DEBUG] Iter 1380 | residual 1.060e-01 (Module: solver, Line: 328)
2026-02-26 16:16:52,532 [DEBUG] Iter 1390 | residual 1.060e-01 (Module: solver, Line: 328)
2026-02-26 16:16:52,532 [DEBUG] Iter 1400 | residual 1.060e-01 (Module: solver, Line: 328)
2026-02-26 16:16:52,532 [DEBUG] Iter 1410 | residual 1.060e-01 (Module: solver, Line: 328)
2026-02-26 16:16:52,533 [DEBUG] Iter 1420 | residual 1.060e-01 (Module: solver, Line: 328)
2026-02-26 16:16:52,533 [DEBUG] Iter 1430 | residual 1.060e-01 (Module: solver, Line: 328)
2026-02-26 16:16:52,533 [DEBUG] Iter 1440 | residual 1.060e-01 (Module: solver, Line: 328)
2026-02-26 16:16:52,533 [DEBUG] Iter 1450 | residual 1.060e-01 (Module: solver, Line: 328)
2026-02-26 16:16:52,534 [DEBUG] Iter 1460 | residual 1.060e-01 (Module: solver, Line: 328)
2026-02-26 16:16:52,534 [DEBUG] Iter 1470 | residual 1.060e-01 (Module: solver, Line: 328)
2026-02-26 16:16:52,534 [DEBUG] Iter 1480 | residual 1.060e-01 (Module: solver, Line: 328)
2026-02-26 16:16:52,535 [DEBUG] Iter 1490 | residual 1.060e-01 (Module: solver, Line: 328)
2026-02-26 16:16:52,535 [DEBUG] Iter 1500 | residual 1.059e-01 (Module: solver, Line: 328)
2026-02-26 16:16:52,535 [DEBUG] Iter 1510 | residual 1.059e-01 (Module: solver, Line: 328)
2026-02-26 16:16:52,535 [DEBUG] Iter 1520 | residual 1.059e-01 (Module: solver, Line: 328)
2026-02-26 16:16:52,535 [DEBUG] Iter 1530 | residual 1.059e-01 (Module: solver, Line: 328)
2026-02-26 16:16:52,536 [DEBUG] Iter 1540 | residual 1.059e-01 (Module: solver, Line: 328)
2026-02-26 16:16:52,536 [DEBUG] Iter 1550 | residual 1.059e-01 (Module: solver, Line: 328)
2026-02-26 16:16:52,536 [DEBUG] Iter 1560 | residual 1.059e-01 (Module: solver, Line: 328)
2026-02-26 16:16:52,536 [DEBUG] Iter 1570 | residual 1.059e-01 (Module: solver, Line: 328)
2026-02-26 16:16:52,536 [DEBUG] Iter 1580 | residual 1.059e-01 (Module: solver, Line: 328)
2026-02-26 16:16:52,537 [DEBUG] Iter 1590 | residual 1.059e-01 (Module: solver, Line: 328)
2026-02-26 16:16:52,537 [DEBUG] Iter 1600 | residual 1.059e-01 (Module: solver, Line: 328)
2026-02-26 16:16:52,537 [DEBUG] Iter 1610 | residual 1.059e-01 (Module: solver, Line: 328)
2026-02-26 16:16:52,537 [DEBUG] Iter 1620 | residual 1.059e-01 (Module: solver, Line: 328)
2026-02-26 16:16:52,538 [DEBUG] Iter 1630 | residual 1.059e-01 (Module: solver, Line: 328)
2026-02-26 16:16:52,538 [DEBUG] Iter 1640 | residual 1.059e-01 (Module: solver, Line: 328)
2026-02-26 16:16:52,538 [DEBUG] Iter 1650 | residual 1.059e-01 (Module: solver, Line: 328)
2026-02-26 16:16:52,538 [DEBUG] Iter 1660 | residual 1.059e-01 (Module: solver, Line: 328)
2026-02-26 16:16:52,538 [DEBUG] Iter 1670 | residual 1.059e-01 (Module: solver, Line: 328)
2026-02-26 16:16:52,539 [DEBUG] Iter 1680 | residual 1.059e-01 (Module: solver, Line: 328)
2026-02-26 16:16:52,539 [DEBUG] Iter 1690 | residual 1.059e-01 (Module: solver, Line: 328)
2026-02-26 16:16:52,539 [DEBUG] Iter 1700 | residual 1.059e-01 (Module: solver, Line: 328)
2026-02-26 16:16:52,539 [DEBUG] Iter 1710 | residual 1.059e-01 (Module: solver, Line: 328)
2026-02-26 16:16:52,539 [DEBUG] Iter 1720 | residual 1.059e-01 (Module: solver, Line: 328)
2026-02-26 16:16:52,540 [DEBUG] Iter 1730 | residual 1.059e-01 (Module: solver, Line: 328)
2026-02-26 16:16:52,540 [DEBUG] Iter 1740 | residual 1.059e-01 (Module: solver, Line: 328)
2026-02-26 16:16:52,540 [DEBUG] Iter 1750 | residual 1.059e-01 (Module: solver, Line: 328)
2026-02-26 16:16:52,540 [DEBUG] Iter 1760 | residual 1.059e-01 (Module: solver, Line: 328)
2026-02-26 16:16:52,540 [DEBUG] Iter 1770 | residual 1.059e-01 (Module: solver, Line: 328)
2026-02-26 16:16:52,541 [DEBUG] Iter 1780 | residual 1.059e-01 (Module: solver, Line: 328)
2026-02-26 16:16:52,541 [DEBUG] Iter 1790 | residual 1.059e-01 (Module: solver, Line: 328)
2026-02-26 16:16:52,541 [DEBUG] Iter 1800 | residual 1.059e-01 (Module: solver, Line: 328)
2026-02-26 16:16:52,541 [DEBUG] Iter 1810 | residual 1.059e-01 (Module: solver, Line: 328)
2026-02-26 16:16:52,542 [DEBUG] Iter 1820 | residual 1.059e-01 (Module: solver, Line: 328)
2026-02-26 16:16:52,542 [DEBUG] Iter 1830 | residual 1.059e-01 (Module: solver, Line: 328)
2026-02-26 16:16:52,542 [DEBUG] Iter 1840 | residual 1.059e-01 (Module: solver, Line: 328)
2026-02-26 16:16:52,542 [DEBUG] Iter 1850 | residual 1.059e-01 (Module: solver, Line: 328)
2026-02-26 16:16:52,542 [DEBUG] Iter 1860 | residual 1.059e-01 (Module: solver, Line: 328)
2026-02-26 16:16:52,543 [DEBUG] Iter 1870 | residual 1.059e-01 (Module: solver, Line: 328)
2026-02-26 16:16:52,543 [DEBUG] Iter 1880 | residual 1.059e-01 (Module: solver, Line: 328)
2026-02-26 16:16:52,543 [DEBUG] Iter 1890 | residual 1.059e-01 (Module: solver, Line: 328)
2026-02-26 16:16:52,543 [DEBUG] Iter 1900 | residual 1.059e-01 (Module: solver, Line: 328)
2026-02-26 16:16:52,543 [DEBUG] Iter 1910 | residual 1.059e-01 (Module: solver, Line: 328)
2026-02-26 16:16:52,544 [DEBUG] Iter 1920 | residual 1.059e-01 (Module: solver, Line: 328)
2026-02-26 16:16:52,544 [DEBUG] Iter 1930 | residual 1.059e-01 (Module: solver, Line: 328)
2026-02-26 16:16:52,545 [DEBUG] Iter 1940 | residual 1.059e-01 (Module: solver, Line: 328)
2026-02-26 16:16:52,545 [DEBUG] Iter 1950 | residual 1.059e-01 (Module: solver, Line: 328)
2026-02-26 16:16:52,545 [DEBUG] Iter 1960 | residual 1.059e-01 (Module: solver, Line: 328)
2026-02-26 16:16:52,545 [DEBUG] Iter 1970 | residual 1.059e-01 (Module: solver, Line: 328)
2026-02-26 16:16:52,545 [DEBUG] Iter 1980 | residual 1.059e-01 (Module: solver, Line: 328)
2026-02-26 16:16:52,545 [DEBUG] Iter 1990 | residual 1.059e-01 (Module: solver, Line: 328)
2026-02-26 16:16:52,545 [DEBUG] Iter 2000 | residual 1.059e-01 (Module: solver, Line: 328)
2026-02-26 16:16:52,545 [WARNING] Solver info=1000 (not converged). (Module: solver, Line: 344)
2026-02-26 16:16:52,546 [INFO] Switching to direct SuperLU fall-back. (Module: solver, Line: 359)
2026-02-26 16:16:52,546 [DEBUG] Using SuperLU direct solver (Module: solver, Line: 306)
2026-02-26 16:16:52,546 [INFO] Condensed residual norm: 1.934e-02 (Module: solver, Line: 204)
2026-02-26 16:16:52,546 [WARNING] Residual is high – verify model! (Module: solver, Line: 207)
2026-02-26 16:16:52,546 [INFO] 📊 Condensed solver report: (Module: solver, Line: 384)
2026-02-26 16:16:52,547 [INFO]  • dofs: 48 (Module: solver, Line: 386)
2026-02-26 16:16:52,547 [INFO]  • nnz: 192 (Module: solver, Line: 386)
2026-02-26 16:16:52,547 [INFO]  • density: 0.08333333333333333 (Module: solver, Line: 386)
2026-02-26 16:16:52,547 [INFO]  • condition_est: 1.0044620472707309 (Module: solver, Line: 386)
2026-02-26 16:16:52,547 [INFO]  • solve_phases: {'iterative': 0.0235621000001629, 'factorization': 0.0003501999999571126, 'solution': 0.0003665000003820751} (Module: solver, Line: 386)
2026-02-26 16:16:52,547 [INFO]  • iters: 2000 (Module: solver, Line: 386)
2026-02-26 16:16:52,547 [INFO]  • final_residual: 0.10594415776532054 (Module: solver, Line: 386)
