Machine Specifications:
   - OS: Windows 11 (10.0.26100)
       • Logical cores: 20
       • Physical cores: 12
   - RAM: 31.24 GB
   - Disk: 943.72 GB total, 2.46 GB free
   - Python Version: 3.12.5 (C:\Users\s1834431\AppData\Local\Programs\Python\Python312\python.exe)
   - GPU(s): Intel(R) UHD Graphics 770

Job: job_0011_n8
Timestamp (job start): 2026-02-26_16-19-49-271874
Total Time: 6.45 sec

+-------------------------------+------------+---------------+-------------+-----------+
| Step                          |   Time (s) |   Memory (MB) |   Disk (GB) |   CPU (%) |
+===============================+============+===============+=============+===========+
| Parsing                       | 0.00576138 |       134.094 |     941.249 |         0 |
+-------------------------------+------------+---------------+-------------+-----------+
| Element Instantiation         | 0.00992107 |       134.094 |     941.249 |         0 |
+-------------------------------+------------+---------------+-------------+-----------+
| Element Stiffness Computation | 0.0266352  |       134.098 |     941.249 |         0 |
+-------------------------------+------------+---------------+-------------+-----------+
| Element Force Computation     | 0.0123346  |       134.098 |     941.25  |         0 |
+-------------------------------+------------+---------------+-------------+-----------+
| Full Simulation               | 5.77733    |       134.5   |     941.254 |         0 |
+-------------------------------+------------+---------------+-------------+-----------+

Parallel Jobs: None
Start Memory: 134.09 MB | End Memory: 134.50 MB
Start Disk Usage: 941.25 GB | End Disk Usage: 941.25 GB
Start CPU: 0.00% | End CPU: 0.00%
