Machine Specifications:
   - OS: Windows 11 (10.0.26100)
       • Logical cores: 20
       • Physical cores: 12
   - RAM: 31.24 GB
   - Disk: 943.72 GB total, 2.50 GB free
   - Python Version: 3.12.5 (C:\Users\s1834431\AppData\Local\Programs\Python\Python312\python.exe)
   - GPU(s): Intel(R) UHD Graphics 770

Job: job_0008_n8
Timestamp (job start): 2026-02-26_16-19-03-693469
Total Time: 6.46 sec

+-------------------------------+------------+---------------+-------------+-----------+
| Step                          |   Time (s) |   Memory (MB) |   Disk (GB) |   CPU (%) |
+===============================+============+===============+=============+===========+
| Parsing                       | 0.00151968 |        135.25 |     941.215 |       0   |
+-------------------------------+------------+---------------+-------------+-----------+
| Element Instantiation         | 0.00920844 |        135.25 |     941.215 |      16.6 |
+-------------------------------+------------+---------------+-------------+-----------+
| Element Stiffness Computation | 0.030313   |        135.25 |     941.215 |       0   |
+-------------------------------+------------+---------------+-------------+-----------+
| Element Force Computation     | 0          |        135.25 |     941.215 |       0   |
+-------------------------------+------------+---------------+-------------+-----------+
| Full Simulation               | 5.80172    |        135.25 |     941.221 |       0   |
+-------------------------------+------------+---------------+-------------+-----------+

Parallel Jobs: None
Start Memory: 135.25 MB | End Memory: 135.25 MB
Start Disk Usage: 941.22 GB | End Disk Usage: 941.22 GB
Start CPU: 0.00% | End CPU: 0.00%
