2026-02-26 16:19:01,021 [DEBUG] 📁 Log file: c:\Users\s1834431\Programs\fem_model\post_processing\results\job_0008_n8_2026-02-26_16-18-57-034981_pid18316_d59d61a5\logs\SolveCondensedSystem.log (Module: solver, Line: 249)
2026-02-26 16:19:01,021 [DEBUG] Row/column scaling applied. (Module: solver, Line: 164)
2026-02-26 16:19:01,021 [DEBUG] Building ILU (drop_tol=1e-06, fill_factor=1.0) (Module: solver, Line: 77)
2026-02-26 16:19:01,021 [DEBUG] ILU fill-ratio = 1.28 (Module: solver, Line: 82)
2026-02-26 16:19:01,021 [INFO] Solver parameters • solver='cg', prec='auto', K nnz=192, dofs=48 (Module: solver, Line: 181)
2026-02-26 16:19:01,024 [INFO] Condensed condition estimate: 1.00e+00 (Module: solver, Line: 187)
2026-02-26 16:19:01,024 [DEBUG] Iter   10 | residual 2.410e-02 (Module: solver, Line: 328)
2026-02-26 16:19:01,024 [DEBUG] Iter   20 | residual 2.978e-02 (Module: solver, Line: 328)
2026-02-26 16:19:01,024 [DEBUG] Iter   30 | residual 3.547e-02 (Module: solver, Line: 328)
2026-02-26 16:19:01,024 [DEBUG] Iter   40 | residual 3.105e-02 (Module: solver, Line: 328)
2026-02-26 16:19:01,024 [DEBUG] Iter   50 | residual 2.862e-02 (Module: solver, Line: 328)
2026-02-26 16:19:01,024 [DEBUG] Iter   60 | residual 2.751e-02 (Module: solver, Line: 328)
2026-02-26 16:19:01,024 [DEBUG] Iter   70 | residual 2.699e-02 (Module: solver, Line: 328)
2026-02-26 16:19:01,024 [DEBUG] Iter   80 | residual 2.672e-02 (Module: solver, Line: 328)
2026-02-26 16:19:01,024 [DEBUG] Iter   90 | residual 2.658e-02 (Module: solver, Line: 328)
2026-02-26 16:19:01,024 [DEBUG] Iter  100 | residual 2.650e-02 (Module: solver, Line: 328)
2026-02-26 16:19:01,024 [DEBUG] Iter  110 | residual 2.645e-02 (Module: solver, Line: 328)
2026-02-26 16:19:01,024 [DEBUG] Iter  120 | residual 2.642e-02 (Module: solver, Line: 328)
2026-02-26 16:19:01,024 [DEBUG] Iter  130 | residual 2.640e-02 (Module: solver, Line: 328)
2026-02-26 16:19:01,024 [DEBUG] Iter  140 | residual 2.638e-02 (Module: solver, Line: 328)
2026-02-26 16:19:01,024 [DEBUG] Iter  150 | residual 2.638e-02 (Module: solver, Line: 328)
2026-02-26 16:19:01,024 [DEBUG] Iter  160 | residual 2.637e-02 (Module: solver, Line: 328)
2026-02-26 16:19:01,028 [DEBUG] Iter  170 | residual 2.637e-02 (Module: solver, Line: 328)
2026-02-26 16:19:01,028 [DEBUG] Iter  180 | residual 2.636e-02 (Module: solver, Line: 328)
2026-02-26 16:19:01,028 [DEBUG] Iter  190 | residual 2.636e-02 (Module: solver, Line: 328)
2026-02-26 16:19:01,028 [DEBUG] Iter  200 | residual 2.636e-02 (Module: solver, Line: 328)
2026-02-26 16:19:01,028 [DEBUG] Iter  210 | residual 2.636e-02 (Module: solver, Line: 328)
2026-02-26 16:19:01,028 [DEBUG] Iter  220 | residual 2.636e-02 (Module: solver, Line: 328)
2026-02-26 16:19:01,028 [DEBUG] Iter  230 | residual 2.636e-02 (Module: solver, Line: 328)
2026-02-26 16:19:01,028 [DEBUG] Iter  240 | residual 2.635e-02 (Module: solver, Line: 328)
2026-02-26 16:19:01,030 [DEBUG] Iter  250 | residual 2.635e-02 (Module: solver, Line: 328)
2026-02-26 16:19:01,030 [DEBUG] Iter  260 | residual 2.635e-02 (Module: solver, Line: 328)
2026-02-26 16:19:01,031 [DEBUG] Iter  270 | residual 2.635e-02 (Module: solver, Line: 328)
2026-02-26 16:19:01,031 [DEBUG] Iter  280 | residual 2.635e-02 (Module: solver, Line: 328)
2026-02-26 16:19:01,032 [DEBUG] Iter  290 | residual 2.635e-02 (Module: solver, Line: 328)
2026-02-26 16:19:01,032 [DEBUG] Iter  300 | residual 2.635e-02 (Module: solver, Line: 328)
2026-02-26 16:19:01,032 [DEBUG] Iter  310 | residual 2.635e-02 (Module: solver, Line: 328)
2026-02-26 16:19:01,033 [DEBUG] Iter  320 | residual 2.635e-02 (Module: solver, Line: 328)
2026-02-26 16:19:01,033 [DEBUG] Iter  330 | residual 2.635e-02 (Module: solver, Line: 328)
2026-02-26 16:19:01,033 [DEBUG] Iter  340 | residual 2.635e-02 (Module: solver, Line: 328)
2026-02-26 16:19:01,034 [DEBUG] Iter  350 | residual 2.635e-02 (Module: solver, Line: 328)
2026-02-26 16:19:01,034 [DEBUG] Iter  360 | residual 2.635e-02 (Module: solver, Line: 328)
2026-02-26 16:19:01,034 [DEBUG] Iter  370 | residual 2.635e-02 (Module: solver, Line: 328)
2026-02-26 16:19:01,035 [DEBUG] Iter  380 | residual 2.635e-02 (Module: solver, Line: 328)
2026-02-26 16:19:01,035 [DEBUG] Iter  390 | residual 2.635e-02 (Module: solver, Line: 328)
2026-02-26 16:19:01,035 [DEBUG] Iter  400 | residual 2.635e-02 (Module: solver, Line: 328)
2026-02-26 16:19:01,036 [DEBUG] Iter  410 | residual 2.635e-02 (Module: solver, Line: 328)
2026-02-26 16:19:01,036 [DEBUG] Iter  420 | residual 2.635e-02 (Module: solver, Line: 328)
2026-02-26 16:19:01,036 [DEBUG] Iter  430 | residual 2.635e-02 (Module: solver, Line: 328)
2026-02-26 16:19:01,036 [DEBUG] Iter  440 | residual 2.635e-02 (Module: solver, Line: 328)
2026-02-26 16:19:01,036 [DEBUG] Iter  450 | residual 2.635e-02 (Module: solver, Line: 328)
2026-02-26 16:19:01,036 [DEBUG] Iter  460 | residual 2.635e-02 (Module: solver, Line: 328)
2026-02-26 16:19:01,036 [DEBUG] Iter  470 | residual 2.635e-02 (Module: solver, Line: 328)
2026-02-26 16:19:01,036 [DEBUG] Iter  480 | residual 2.635e-02 (Module: solver, Line: 328)
2026-02-26 16:19:01,036 [DEBUG] Iter  490 | residual 2.635e-02 (Module: solver, Line: 328)
2026-02-26 16:19:01,036 [DEBUG] Iter  500 | residual 2.635e-02 (Module: solver, Line: 328)
2026-02-26 16:19:01,036 [DEBUG] Iter  510 | residual 2.635e-02 (Module: solver, Line: 328)
2026-02-26 16:19:01,036 [DEBUG] Iter  520 | residual 2.635e-02 (Module: solver, Line: 328)
2026-02-26 16:19:01,036 [DEBUG] Iter  530 | residual 2.635e-02 (Module: solver, Line: 328)
2026-02-26 16:19:01,036 [DEBUG] Iter  540 | residual 2.635e-02 (Module: solver, Line: 328)
2026-02-26 16:19:01,039 [DEBUG] Iter  550 | residual 2.635e-02 (Module: solver, Line: 328)
2026-02-26 16:19:01,039 [DEBUG] Iter  560 | residual 2.635e-02 (Module: solver, Line: 328)
2026-02-26 16:19:01,039 [DEBUG] Iter  570 | residual 2.635e-02 (Module: solver, Line: 328)
2026-02-26 16:19:01,039 [DEBUG] Iter  580 | residual 2.635e-02 (Module: solver, Line: 328)
2026-02-26 16:19:01,039 [DEBUG] Iter  590 | residual 2.635e-02 (Module: solver, Line: 328)
2026-02-26 16:19:01,039 [DEBUG] Iter  600 | residual 2.635e-02 (Module: solver, Line: 328)
2026-02-26 16:19:01,039 [DEBUG] Iter  610 | residual 2.635e-02 (Module: solver, Line: 328)
2026-02-26 16:19:01,039 [DEBUG] Iter  620 | residual 2.635e-02 (Module: solver, Line: 328)
2026-02-26 16:19:01,039 [DEBUG] Iter  630 | residual 2.635e-02 (Module: solver, Line: 328)
2026-02-26 16:19:01,041 [DEBUG] Iter  640 | residual 2.635e-02 (Module: solver, Line: 328)
2026-02-26 16:19:01,041 [DEBUG] Iter  650 | residual 2.635e-02 (Module: solver, Line: 328)
2026-02-26 16:19:01,041 [DEBUG] Iter  660 | residual 2.635e-02 (Module: solver, Line: 328)
2026-02-26 16:19:01,041 [DEBUG] Iter  670 | residual 2.635e-02 (Module: solver, Line: 328)
2026-02-26 16:19:01,041 [DEBUG] Iter  680 | residual 2.635e-02 (Module: solver, Line: 328)
2026-02-26 16:19:01,041 [DEBUG] Iter  690 | residual 2.635e-02 (Module: solver, Line: 328)
2026-02-26 16:19:01,041 [DEBUG] Iter  700 | residual 2.635e-02 (Module: solver, Line: 328)
2026-02-26 16:19:01,041 [DEBUG] Iter  710 | residual 2.635e-02 (Module: solver, Line: 328)
2026-02-26 16:19:01,043 [DEBUG] Iter  720 | residual 2.635e-02 (Module: solver, Line: 328)
2026-02-26 16:19:01,043 [DEBUG] Iter  730 | residual 2.635e-02 (Module: solver, Line: 328)
2026-02-26 16:19:01,043 [DEBUG] Iter  740 | residual 2.635e-02 (Module: solver, Line: 328)
2026-02-26 16:19:01,043 [DEBUG] Iter  750 | residual 2.635e-02 (Module: solver, Line: 328)
2026-02-26 16:19:01,043 [DEBUG] Iter  760 | residual 2.635e-02 (Module: solver, Line: 328)
2026-02-26 16:19:01,043 [DEBUG] Iter  770 | residual 2.635e-02 (Module: solver, Line: 328)
2026-02-26 16:19:01,043 [DEBUG] Iter  780 | residual 2.635e-02 (Module: solver, Line: 328)
2026-02-26 16:19:01,044 [DEBUG] Iter  790 | residual 2.635e-02 (Module: solver, Line: 328)
2026-02-26 16:19:01,044 [DEBUG] Iter  800 | residual 2.635e-02 (Module: solver, Line: 328)
2026-02-26 16:19:01,044 [DEBUG] Iter  810 | residual 2.635e-02 (Module: solver, Line: 328)
2026-02-26 16:19:01,045 [DEBUG] Iter  820 | residual 2.635e-02 (Module: solver, Line: 328)
2026-02-26 16:19:01,045 [DEBUG] Iter  830 | residual 2.635e-02 (Module: solver, Line: 328)
2026-02-26 16:19:01,045 [DEBUG] Iter  840 | residual 2.635e-02 (Module: solver, Line: 328)
2026-02-26 16:19:01,045 [DEBUG] Iter  850 | residual 2.635e-02 (Module: solver, Line: 328)
2026-02-26 16:19:01,046 [DEBUG] Iter  860 | residual 2.635e-02 (Module: solver, Line: 328)
2026-02-26 16:19:01,046 [DEBUG] Iter  870 | residual 2.635e-02 (Module: solver, Line: 328)
2026-02-26 16:19:01,046 [DEBUG] Iter  880 | residual 2.635e-02 (Module: solver, Line: 328)
2026-02-26 16:19:01,046 [DEBUG] Iter  890 | residual 2.635e-02 (Module: solver, Line: 328)
2026-02-26 16:19:01,047 [DEBUG] Iter  900 | residual 2.635e-02 (Module: solver, Line: 328)
2026-02-26 16:19:01,047 [DEBUG] Iter  910 | residual 2.635e-02 (Module: solver, Line: 328)
2026-02-26 16:19:01,047 [DEBUG] Iter  920 | residual 2.635e-02 (Module: solver, Line: 328)
2026-02-26 16:19:01,047 [DEBUG] Iter  930 | residual 2.635e-02 (Module: solver, Line: 328)
2026-02-26 16:19:01,047 [DEBUG] Iter  940 | residual 2.635e-02 (Module: solver, Line: 328)
2026-02-26 16:19:01,048 [DEBUG] Iter  950 | residual 2.635e-02 (Module: solver, Line: 328)
2026-02-26 16:19:01,048 [DEBUG] Iter  960 | residual 2.635e-02 (Module: solver, Line: 328)
2026-02-26 16:19:01,048 [DEBUG] Iter  970 | residual 2.635e-02 (Module: solver, Line: 328)
2026-02-26 16:19:01,048 [DEBUG] Iter  980 | residual 2.635e-02 (Module: solver, Line: 328)
2026-02-26 16:19:01,049 [DEBUG] Iter  990 | residual 2.635e-02 (Module: solver, Line: 328)
2026-02-26 16:19:01,049 [DEBUG] Iter 1000 | residual 2.635e-02 (Module: solver, Line: 328)
2026-02-26 16:19:01,049 [WARNING] Solver info=1000 (not converged). (Module: solver, Line: 344)
2026-02-26 16:19:01,049 [INFO] Retrying with ILU preconditioner … (Module: solver, Line: 351)
2026-02-26 16:19:01,049 [DEBUG] Building ILU (drop_tol=1e-06, fill_factor=1.0) (Module: solver, Line: 77)
2026-02-26 16:19:01,049 [DEBUG] ILU fill-ratio = 1.28 (Module: solver, Line: 82)
2026-02-26 16:19:01,050 [DEBUG] Iter 1010 | residual 2.410e-02 (Module: solver, Line: 328)
2026-02-26 16:19:01,050 [DEBUG] Iter 1020 | residual 2.978e-02 (Module: solver, Line: 328)
2026-02-26 16:19:01,050 [DEBUG] Iter 1030 | residual 3.547e-02 (Module: solver, Line: 328)
2026-02-26 16:19:01,050 [DEBUG] Iter 1040 | residual 3.105e-02 (Module: solver, Line: 328)
2026-02-26 16:19:01,051 [DEBUG] Iter 1050 | residual 2.862e-02 (Module: solver, Line: 328)
2026-02-26 16:19:01,051 [DEBUG] Iter 1060 | residual 2.751e-02 (Module: solver, Line: 328)
2026-02-26 16:19:01,051 [DEBUG] Iter 1070 | residual 2.699e-02 (Module: solver, Line: 328)
2026-02-26 16:19:01,051 [DEBUG] Iter 1080 | residual 2.672e-02 (Module: solver, Line: 328)
2026-02-26 16:19:01,052 [DEBUG] Iter 1090 | residual 2.658e-02 (Module: solver, Line: 328)
2026-02-26 16:19:01,052 [DEBUG] Iter 1100 | residual 2.650e-02 (Module: solver, Line: 328)
2026-02-26 16:19:01,052 [DEBUG] Iter 1110 | residual 2.645e-02 (Module: solver, Line: 328)
2026-02-26 16:19:01,052 [DEBUG] Iter 1120 | residual 2.642e-02 (Module: solver, Line: 328)
2026-02-26 16:19:01,052 [DEBUG] Iter 1130 | residual 2.640e-02 (Module: solver, Line: 328)
2026-02-26 16:19:01,053 [DEBUG] Iter 1140 | residual 2.638e-02 (Module: solver, Line: 328)
2026-02-26 16:19:01,053 [DEBUG] Iter 1150 | residual 2.638e-02 (Module: solver, Line: 328)
2026-02-26 16:19:01,053 [DEBUG] Iter 1160 | residual 2.637e-02 (Module: solver, Line: 328)
2026-02-26 16:19:01,053 [DEBUG] Iter 1170 | residual 2.637e-02 (Module: solver, Line: 328)
2026-02-26 16:19:01,054 [DEBUG] Iter 1180 | residual 2.636e-02 (Module: solver, Line: 328)
2026-02-26 16:19:01,054 [DEBUG] Iter 1190 | residual 2.636e-02 (Module: solver, Line: 328)
2026-02-26 16:19:01,054 [DEBUG] Iter 1200 | residual 2.636e-02 (Module: solver, Line: 328)
2026-02-26 16:19:01,054 [DEBUG] Iter 1210 | residual 2.636e-02 (Module: solver, Line: 328)
2026-02-26 16:19:01,055 [DEBUG] Iter 1220 | residual 2.636e-02 (Module: solver, Line: 328)
2026-02-26 16:19:01,055 [DEBUG] Iter 1230 | residual 2.636e-02 (Module: solver, Line: 328)
2026-02-26 16:19:01,055 [DEBUG] Iter 1240 | residual 2.635e-02 (Module: solver, Line: 328)
2026-02-26 16:19:01,055 [DEBUG] Iter 1250 | residual 2.635e-02 (Module: solver, Line: 328)
2026-02-26 16:19:01,055 [DEBUG] Iter 1260 | residual 2.635e-02 (Module: solver, Line: 328)
2026-02-26 16:19:01,056 [DEBUG] Iter 1270 | residual 2.635e-02 (Module: solver, Line: 328)
2026-02-26 16:19:01,056 [DEBUG] Iter 1280 | residual 2.635e-02 (Module: solver, Line: 328)
2026-02-26 16:19:01,056 [DEBUG] Iter 1290 | residual 2.635e-02 (Module: solver, Line: 328)
2026-02-26 16:19:01,056 [DEBUG] Iter 1300 | residual 2.635e-02 (Module: solver, Line: 328)
2026-02-26 16:19:01,057 [DEBUG] Iter 1310 | residual 2.635e-02 (Module: solver, Line: 328)
2026-02-26 16:19:01,057 [DEBUG] Iter 1320 | residual 2.635e-02 (Module: solver, Line: 328)
2026-02-26 16:19:01,057 [DEBUG] Iter 1330 | residual 2.635e-02 (Module: solver, Line: 328)
2026-02-26 16:19:01,057 [DEBUG] Iter 1340 | residual 2.635e-02 (Module: solver, Line: 328)
2026-02-26 16:19:01,058 [DEBUG] Iter 1350 | residual 2.635e-02 (Module: solver, Line: 328)
2026-02-26 16:19:01,058 [DEBUG] Iter 1360 | residual 2.635e-02 (Module: solver, Line: 328)
2026-02-26 16:19:01,058 [DEBUG] Iter 1370 | residual 2.635e-02 (Module: solver, Line: 328)
2026-02-26 16:19:01,058 [DEBUG] Iter 1380 | residual 2.635e-02 (Module: solver, Line: 328)
2026-02-26 16:19:01,059 [DEBUG] Iter 1390 | residual 2.635e-02 (Module: solver, Line: 328)
2026-02-26 16:19:01,059 [DEBUG] Iter 1400 | residual 2.635e-02 (Module: solver, Line: 328)
2026-02-26 16:19:01,059 [DEBUG] Iter 1410 | residual 2.635e-02 (Module: solver, Line: 328)
2026-02-26 16:19:01,060 [DEBUG] Iter 1420 | residual 2.635e-02 (Module: solver, Line: 328)
2026-02-26 16:19:01,060 [DEBUG] Iter 1430 | residual 2.635e-02 (Module: solver, Line: 328)
2026-02-26 16:19:01,061 [DEBUG] Iter 1440 | residual 2.635e-02 (Module: solver, Line: 328)
2026-02-26 16:19:01,061 [DEBUG] Iter 1450 | residual 2.635e-02 (Module: solver, Line: 328)
2026-02-26 16:19:01,061 [DEBUG] Iter 1460 | residual 2.635e-02 (Module: solver, Line: 328)
2026-02-26 16:19:01,061 [DEBUG] Iter 1470 | residual 2.635e-02 (Module: solver, Line: 328)
2026-02-26 16:19:01,061 [DEBUG] Iter 1480 | residual 2.635e-02 (Module: solver, Line: 328)
2026-02-26 16:19:01,062 [DEBUG] Iter 1490 | residual 2.635e-02 (Module: solver, Line: 328)
2026-02-26 16:19:01,062 [DEBUG] Iter 1500 | residual 2.635e-02 (Module: solver, Line: 328)
2026-02-26 16:19:01,062 [DEBUG] Iter 1510 | residual 2.635e-02 (Module: solver, Line: 328)
2026-02-26 16:19:01,062 [DEBUG] Iter 1520 | residual 2.635e-02 (Module: solver, Line: 328)
2026-02-26 16:19:01,062 [DEBUG] Iter 1530 | residual 2.635e-02 (Module: solver, Line: 328)
2026-02-26 16:19:01,063 [DEBUG] Iter 1540 | residual 2.635e-02 (Module: solver, Line: 328)
2026-02-26 16:19:01,063 [DEBUG] Iter 1550 | residual 2.635e-02 (Module: solver, Line: 328)
2026-02-26 16:19:01,063 [DEBUG] Iter 1560 | residual 2.635e-02 (Module: solver, Line: 328)
2026-02-26 16:19:01,064 [DEBUG] Iter 1570 | residual 2.635e-02 (Module: solver, Line: 328)
2026-02-26 16:19:01,064 [DEBUG] Iter 1580 | residual 2.635e-02 (Module: solver, Line: 328)
2026-02-26 16:19:01,064 [DEBUG] Iter 1590 | residual 2.635e-02 (Module: solver, Line: 328)
2026-02-26 16:19:01,065 [DEBUG] Iter 1600 | residual 2.635e-02 (Module: solver, Line: 328)
2026-02-26 16:19:01,065 [DEBUG] Iter 1610 | residual 2.635e-02 (Module: solver, Line: 328)
2026-02-26 16:19:01,065 [DEBUG] Iter 1620 | residual 2.635e-02 (Module: solver, Line: 328)
2026-02-26 16:19:01,066 [DEBUG] Iter 1630 | residual 2.635e-02 (Module: solver, Line: 328)
2026-02-26 16:19:01,066 [DEBUG] Iter 1640 | residual 2.635e-02 (Module: solver, Line: 328)
2026-02-26 16:19:01,066 [DEBUG] Iter 1650 | residual 2.635e-02 (Module: solver, Line: 328)
2026-02-26 16:19:01,066 [DEBUG] Iter 1660 | residual 2.635e-02 (Module: solver, Line: 328)
2026-02-26 16:19:01,066 [DEBUG] Iter 1670 | residual 2.635e-02 (Module: solver, Line: 328)
2026-02-26 16:19:01,066 [DEBUG] Iter 1680 | residual 2.635e-02 (Module: solver, Line: 328)
2026-02-26 16:19:01,066 [DEBUG] Iter 1690 | residual 2.635e-02 (Module: solver, Line: 328)
2026-02-26 16:19:01,066 [DEBUG] Iter 1700 | residual 2.635e-02 (Module: solver, Line: 328)
2026-02-26 16:19:01,066 [DEBUG] Iter 1710 | residual 2.635e-02 (Module: solver, Line: 328)
2026-02-26 16:19:01,066 [DEBUG] Iter 1720 | residual 2.635e-02 (Module: solver, Line: 328)
2026-02-26 16:19:01,066 [DEBUG] Iter 1730 | residual 2.635e-02 (Module: solver, Line: 328)
2026-02-26 16:19:01,066 [DEBUG] Iter 1740 | residual 2.635e-02 (Module: solver, Line: 328)
2026-02-26 16:19:01,066 [DEBUG] Iter 1750 | residual 2.635e-02 (Module: solver, Line: 328)
2026-02-26 16:19:01,066 [DEBUG] Iter 1760 | residual 2.635e-02 (Module: solver, Line: 328)
2026-02-26 16:19:01,066 [DEBUG] Iter 1770 | residual 2.635e-02 (Module: solver, Line: 328)
2026-02-26 16:19:01,066 [DEBUG] Iter 1780 | residual 2.635e-02 (Module: solver, Line: 328)
2026-02-26 16:19:01,066 [DEBUG] Iter 1790 | residual 2.635e-02 (Module: solver, Line: 328)
2026-02-26 16:19:01,066 [DEBUG] Iter 1800 | residual 2.635e-02 (Module: solver, Line: 328)
2026-02-26 16:19:01,066 [DEBUG] Iter 1810 | residual 2.635e-02 (Module: solver, Line: 328)
2026-02-26 16:19:01,066 [DEBUG] Iter 1820 | residual 2.635e-02 (Module: solver, Line: 328)
2026-02-26 16:19:01,071 [DEBUG] Iter 1830 | residual 2.635e-02 (Module: solver, Line: 328)
2026-02-26 16:19:01,071 [DEBUG] Iter 1840 | residual 2.635e-02 (Module: solver, Line: 328)
2026-02-26 16:19:01,071 [DEBUG] Iter 1850 | residual 2.635e-02 (Module: solver, Line: 328)
2026-02-26 16:19:01,071 [DEBUG] Iter 1860 | residual 2.635e-02 (Module: solver, Line: 328)
2026-02-26 16:19:01,071 [DEBUG] Iter 1870 | residual 2.635e-02 (Module: solver, Line: 328)
2026-02-26 16:19:01,071 [DEBUG] Iter 1880 | residual 2.635e-02 (Module: solver, Line: 328)
2026-02-26 16:19:01,071 [DEBUG] Iter 1890 | residual 2.635e-02 (Module: solver, Line: 328)
2026-02-26 16:19:01,071 [DEBUG] Iter 1900 | residual 2.635e-02 (Module: solver, Line: 328)
2026-02-26 16:19:01,071 [DEBUG] Iter 1910 | residual 2.635e-02 (Module: solver, Line: 328)
2026-02-26 16:19:01,071 [DEBUG] Iter 1920 | residual 2.635e-02 (Module: solver, Line: 328)
2026-02-26 16:19:01,071 [DEBUG] Iter 1930 | residual 2.635e-02 (Module: solver, Line: 328)
2026-02-26 16:19:01,071 [DEBUG] Iter 1940 | residual 2.635e-02 (Module: solver, Line: 328)
2026-02-26 16:19:01,071 [DEBUG] Iter 1950 | residual 2.635e-02 (Module: solver, Line: 328)
2026-02-26 16:19:01,071 [DEBUG] Iter 1960 | residual 2.635e-02 (Module: solver, Line: 328)
2026-02-26 16:19:01,071 [DEBUG] Iter 1970 | residual 2.635e-02 (Module: solver, Line: 328)
2026-02-26 16:19:01,071 [DEBUG] Iter 1980 | residual 2.635e-02 (Module: solver, Line: 328)
2026-02-26 16:19:01,071 [DEBUG] Iter 1990 | residual 2.635e-02 (Module: solver, Line: 328)
2026-02-26 16:19:01,071 [DEBUG] Iter 2000 | residual 2.635e-02 (Module: solver, Line: 328)
2026-02-26 16:19:01,071 [WARNING] Solver info=1000 (not converged). (Module: solver, Line: 344)
2026-02-26 16:19:01,071 [INFO] Switching to direct SuperLU fall-back. (Module: solver, Line: 359)
2026-02-26 16:19:01,071 [DEBUG] Using SuperLU direct solver (Module: solver, Line: 306)
2026-02-26 16:19:01,071 [INFO] Condensed residual norm: 1.879e-02 (Module: solver, Line: 204)
2026-02-26 16:19:01,075 [WARNING] Residual is high – verify model! (Module: solver, Line: 207)
2026-02-26 16:19:01,075 [INFO] 📊 Condensed solver report: (Module: solver, Line: 384)
2026-02-26 16:19:01,075 [INFO]  • dofs: 48 (Module: solver, Line: 386)
2026-02-26 16:19:01,075 [INFO]  • nnz: 192 (Module: solver, Line: 386)
2026-02-26 16:19:01,075 [INFO]  • density: 0.08333333333333333 (Module: solver, Line: 386)
2026-02-26 16:19:01,075 [INFO]  • condition_est: 1.0017571283397917 (Module: solver, Line: 386)
2026-02-26 16:19:01,075 [INFO]  • solve_phases: {'iterative': 0.024539099999856262, 'factorization': 0.00025879999975586543, 'solution': 0.00027630000022327295} (Module: solver, Line: 386)
2026-02-26 16:19:01,075 [INFO]  • iters: 2000 (Module: solver, Line: 386)
2026-02-26 16:19:01,075 [INFO]  • final_residual: 0.02635215129713019 (Module: solver, Line: 386)
