--------------------------------------------------------------------------
Machine specifications – written 2025-11-15 15:04:17.692359
OS          : Windows 11 (10.0.26100)
CPU         : 12th Gen Intel(R) Core(TM) i7-12700
   logical  : 20
   physical : 12
RAM         : 31.24 GB
Disk        : 943.72 GB total  /  505.41 GB free
Python      : 3.12.5  (C:\Users\s1834431\AppData\Local\Programs\Python\Python312\python.exe)
GPU(s)      : Intel(R) UHD Graphics 770
--------------------------------------------------------------------------

Runtime telemetry header written → C:\Users\s1834431\.cursor\worktrees\fem_model\CRudA\post_processing\results\job_0001_2025-11-15_15-04-13-688603_pid17900_a060d2d7\diagnostics\RuntimeMonitorTelemetry.log
2025-11-15 15:04:18 │ PrepareLocalSystem BEGIN   │ Δt  0.00 s │ RAM   124.1 MB │ CPU  20.2 % │ Disk  438.3 GB
2025-11-15 15:04:18 │ PrepareLocalSystem END     │ Δt  0.21 s │ RAM   124.1 MB │ CPU  28.3 % │ Disk  438.3 GB
2025-11-15 15:04:18 │ AssembleGlobalSystem BEGIN │ Δt  0.20 s │ RAM   124.1 MB │ CPU  24.7 % │ Disk  438.3 GB
2025-11-15 15:04:18 │ AssembleGlobalSystem END   │ Δt  0.25 s │ RAM   125.4 MB │ CPU  23.4 % │ Disk  438.3 GB
2025-11-15 15:04:19 │ ModifyGlobalSystem BEGIN   │ Δt  0.78 s │ RAM   127.7 MB │ CPU  14.9 % │ Disk  438.3 GB
2025-11-15 15:04:19 │ ModifyGlobalSystem END     │ Δt  0.23 s │ RAM   128.0 MB │ CPU  30.4 % │ Disk  438.3 GB
2025-11-15 15:04:20 │ CondenseModifiedSystem BEGIN │ Δt  0.81 s │ RAM   128.4 MB │ CPU  44.0 % │ Disk  438.3 GB
2025-11-15 15:04:20 │ CondenseModifiedSystem END │ Δt  0.27 s │ RAM   128.8 MB │ CPU  29.5 % │ Disk  438.3 GB
2025-11-15 15:04:21 │ SolveCondensedSystem BEGIN │ Δt  0.77 s │ RAM   128.9 MB │ CPU  53.8 % │ Disk  438.3 GB
2025-11-15 15:04:23 │ SolveCondensedSystem END   │ Δt  2.38 s │ RAM   129.2 MB │ CPU  78.1 % │ Disk  438.3 GB
2025-11-15 15:04:24 │ ReconstructGlobalSystem BEGIN │ Δt  0.21 s │ RAM   129.2 MB │ CPU  83.4 % │ Disk  438.3 GB
2025-11-15 15:04:24 │ ReconstructGlobalSystem END │ Δt  0.26 s │ RAM   129.2 MB │ CPU  90.8 % │ Disk  438.3 GB
2025-11-15 15:04:24 │ ComputePrimaryResults BEGIN │ Δt  0.20 s │ RAM   129.2 MB │ CPU  73.8 % │ Disk  438.3 GB
2025-11-15 15:04:26 │ ComputePrimaryResults END  │ Δt  1.43 s │ RAM   129.4 MB │ CPU  83.4 % │ Disk  438.3 GB
