=== Unnamed Matrix ===
[[0. 0.]
 [0. 0.]]


=== Element 3 Stiffness Matrix Computation (Selective Integration) ===
Integration orders: axial=3, bending_y=3, bending_z=3, shear_y=2, shear_z=2, torsion=3 (shear block uses 1-point reduced integration)
=== Element length  L  (1, 1) ===
[[0.5]]

=== Material stiffness matrix  D  (6, 6) ===
[[2.751000e+08 0.000000e+00 0.000000e+00 0.000000e+00 0.000000e+00 0.000000e+00]
 [0.000000e+00 6.791400e+04 0.000000e+00 0.000000e+00 0.000000e+00 0.000000e+00]
 [0.000000e+00 0.000000e+00 4.384149e+05 0.000000e+00 0.000000e+00 0.000000e+00]
 [0.000000e+00 0.000000e+00 0.000000e+00 8.842500e+07 0.000000e+00 0.000000e+00]
 [0.000000e+00 0.000000e+00 0.000000e+00 0.000000e+00 8.842500e+07 0.000000e+00]
 [0.000000e+00 0.000000e+00 0.000000e+00 0.000000e+00 0.000000e+00 2.111451e+03]]

=== Bending contribution (selective) ===
[[      0.        0.        0.        0.        0.        0.        0.        0.        0.        0.        0.
        0. ]
 [      0.        0.        0.        0.        0.        0.        0.        0.        0.        0.        0.
        0. ]
 [      0.        0.        0.        0.        0.        0.        0.        0.        0.        0.        0.
        0. ]
 [      0.        0.        0.        0.        0.        0.        0.        0.        0.        0.        0.
        0. ]
 [      0.        0.        0.        0.   135828.        0.        0.        0.        0.        0.  -135828.
        0. ]
 [      0.        0.        0.        0.        0.   876829.8       0.        0.        0.        0.        0.
  -876829.8]
 [      0.        0.        0.        0.        0.        0.        0.        0.        0.        0.        0.
        0. ]
 [      0.        0.        0.        0.        0.        0.        0.        0.        0.        0.        0.
        0. ]
 [      0.        0.        0.        0.        0.        0.        0.        0.        0.        0.        0.
        0. ]
 [      0.        0.        0.        0.        0.        0.        0.        0.        0.        0.        0.
        0. ]
 [      0.        0.        0.        0.  -135828.        0.        0.        0.        0.        0.   135828.
        0. ]
 [      0.        0.        0.        0.        0.  -876829.8       0.        0.        0.        0.        0.
   876829.8]]

=== Shear contribution (selective) ===
[[ 0.000000e+00  0.000000e+00  0.000000e+00  0.000000e+00  0.000000e+00  0.000000e+00  0.000000e+00  0.000000e+00
   0.000000e+00  0.000000e+00  0.000000e+00  0.000000e+00]
 [ 0.000000e+00  1.768500e+08  0.000000e+00  0.000000e+00  0.000000e+00  4.421250e+07  0.000000e+00 -1.768500e+08
   0.000000e+00  0.000000e+00  0.000000e+00  4.421250e+07]
 [ 0.000000e+00  0.000000e+00  1.768500e+08  0.000000e+00 -4.421250e+07  0.000000e+00  0.000000e+00  0.000000e+00
  -1.768500e+08  0.000000e+00 -4.421250e+07  0.000000e+00]
 [ 0.000000e+00  0.000000e+00  0.000000e+00  0.000000e+00  0.000000e+00  0.000000e+00  0.000000e+00  0.000000e+00
   0.000000e+00  0.000000e+00  0.000000e+00  0.000000e+00]
 [ 0.000000e+00  0.000000e+00 -4.421250e+07  0.000000e+00  1.105312e+07  0.000000e+00  0.000000e+00  0.000000e+00
   4.421250e+07  0.000000e+00  1.105312e+07  0.000000e+00]
 [ 0.000000e+00  4.421250e+07  0.000000e+00  0.000000e+00  0.000000e+00  1.105312e+07  0.000000e+00 -4.421250e+07
   0.000000e+00  0.000000e+00  0.000000e+00  1.105312e+07]
 [ 0.000000e+00  0.000000e+00  0.000000e+00  0.000000e+00  0.000000e+00  0.000000e+00  0.000000e+00  0.000000e+00
   0.000000e+00  0.000000e+00  0.000000e+00  0.000000e+00]
 [ 0.000000e+00 -1.768500e+08  0.000000e+00  0.000000e+00  0.000000e+00 -4.421250e+07  0.000000e+00  1.768500e+08
   0.000000e+00  0.000000e+00  0.000000e+00 -4.421250e+07]
 [ 0.000000e+00  0.000000e+00 -1.768500e+08  0.000000e+00  4.421250e+07  0.000000e+00  0.000000e+00  0.000000e+00
   1.768500e+08  0.000000e+00  4.421250e+07  0.000000e+00]
 [ 0.000000e+00  0.000000e+00  0.000000e+00  0.000000e+00  0.000000e+00  0.000000e+00  0.000000e+00  0.000000e+00
   0.000000e+00  0.000000e+00  0.000000e+00  0.000000e+00]
 [ 0.000000e+00  0.000000e+00 -4.421250e+07  0.000000e+00  1.105312e+07  0.000000e+00  0.000000e+00  0.000000e+00
   4.421250e+07  0.000000e+00  1.105312e+07  0.000000e+00]
 [ 0.000000e+00  4.421250e+07  0.000000e+00  0.000000e+00  0.000000e+00  1.105312e+07  0.000000e+00 -4.421250e+07
   0.000000e+00  0.000000e+00  0.000000e+00  1.105312e+07]]

=== Other terms contribution ===
[[ 5.502000e+08  0.000000e+00  0.000000e+00  0.000000e+00  0.000000e+00  0.000000e+00 -5.502000e+08  0.000000e+00
   0.000000e+00  0.000000e+00  0.000000e+00  0.000000e+00]
 [ 0.000000e+00  0.000000e+00  0.000000e+00  0.000000e+00  0.000000e+00  0.000000e+00  0.000000e+00  0.000000e+00
   0.000000e+00  0.000000e+00  0.000000e+00  0.000000e+00]
 [ 0.000000e+00  0.000000e+00  0.000000e+00  0.000000e+00  0.000000e+00  0.000000e+00  0.000000e+00  0.000000e+00
   0.000000e+00  0.000000e+00  0.000000e+00  0.000000e+00]
 [ 0.000000e+00  0.000000e+00  0.000000e+00  4.222903e+03  0.000000e+00  0.000000e+00  0.000000e+00  0.000000e+00
   0.000000e+00 -4.222903e+03  0.000000e+00  0.000000e+00]
 [ 0.000000e+00  0.000000e+00  0.000000e+00  0.000000e+00  0.000000e+00  0.000000e+00  0.000000e+00  0.000000e+00
   0.000000e+00  0.000000e+00  0.000000e+00  0.000000e+00]
 [ 0.000000e+00  0.000000e+00  0.000000e+00  0.000000e+00  0.000000e+00 -1.862645e-09  0.000000e+00  0.000000e+00
   0.000000e+00  0.000000e+00  0.000000e+00  0.000000e+00]
 [-5.502000e+08  0.000000e+00  0.000000e+00  0.000000e+00  0.000000e+00  0.000000e+00  5.502000e+08  0.000000e+00
   0.000000e+00  0.000000e+00  0.000000e+00  0.000000e+00]
 [ 0.000000e+00  0.000000e+00  0.000000e+00  0.000000e+00  0.000000e+00  0.000000e+00  0.000000e+00  0.000000e+00
   0.000000e+00  0.000000e+00  0.000000e+00  0.000000e+00]
 [ 0.000000e+00  0.000000e+00  0.000000e+00  0.000000e+00  0.000000e+00  0.000000e+00  0.000000e+00  0.000000e+00
   0.000000e+00  0.000000e+00  0.000000e+00  0.000000e+00]
 [ 0.000000e+00  0.000000e+00  0.000000e+00 -4.222903e+03  0.000000e+00  0.000000e+00  0.000000e+00  0.000000e+00
   0.000000e+00  4.222903e+03  0.000000e+00  0.000000e+00]
 [ 0.000000e+00  0.000000e+00  0.000000e+00  0.000000e+00  0.000000e+00  0.000000e+00  0.000000e+00  0.000000e+00
   0.000000e+00  0.000000e+00  0.000000e+00  0.000000e+00]
 [ 0.000000e+00  0.000000e+00  0.000000e+00  0.000000e+00  0.000000e+00  0.000000e+00  0.000000e+00  0.000000e+00
   0.000000e+00  0.000000e+00  0.000000e+00 -1.862645e-09]]

=== Final Element Stiffness Matrix ===
[[ 5.502000e+08  0.000000e+00  0.000000e+00  0.000000e+00  0.000000e+00  0.000000e+00 -5.502000e+08  0.000000e+00
   0.000000e+00  0.000000e+00  0.000000e+00  0.000000e+00]
 [ 0.000000e+00  1.768500e+08  0.000000e+00  0.000000e+00  0.000000e+00  4.421250e+07  0.000000e+00 -1.768500e+08
   0.000000e+00  0.000000e+00  0.000000e+00  4.421250e+07]
 [ 0.000000e+00  0.000000e+00  1.768500e+08  0.000000e+00 -4.421250e+07  0.000000e+00  0.000000e+00  0.000000e+00
  -1.768500e+08  0.000000e+00 -4.421250e+07  0.000000e+00]
 [ 0.000000e+00  0.000000e+00  0.000000e+00  4.222903e+03  0.000000e+00  0.000000e+00  0.000000e+00  0.000000e+00
   0.000000e+00 -4.222903e+03  0.000000e+00  0.000000e+00]
 [ 0.000000e+00  0.000000e+00 -4.421250e+07  0.000000e+00  1.118895e+07  0.000000e+00  0.000000e+00  0.000000e+00
   4.421250e+07  0.000000e+00  1.091730e+07  0.000000e+00]
 [ 0.000000e+00  4.421250e+07  0.000000e+00  0.000000e+00  0.000000e+00  1.192995e+07  0.000000e+00 -4.421250e+07
   0.000000e+00  0.000000e+00  0.000000e+00  1.017630e+07]
 [-5.502000e+08  0.000000e+00  0.000000e+00  0.000000e+00  0.000000e+00  0.000000e+00  5.502000e+08  0.000000e+00
   0.000000e+00  0.000000e+00  0.000000e+00  0.000000e+00]
 [ 0.000000e+00 -1.768500e+08  0.000000e+00  0.000000e+00  0.000000e+00 -4.421250e+07  0.000000e+00  1.768500e+08
   0.000000e+00  0.000000e+00  0.000000e+00 -4.421250e+07]
 [ 0.000000e+00  0.000000e+00 -1.768500e+08  0.000000e+00  4.421250e+07  0.000000e+00  0.000000e+00  0.000000e+00
   1.768500e+08  0.000000e+00  4.421250e+07  0.000000e+00]
 [ 0.000000e+00  0.000000e+00  0.000000e+00 -4.222903e+03  0.000000e+00  0.000000e+00  0.000000e+00  0.000000e+00
   0.000000e+00  4.222903e+03  0.000000e+00  0.000000e+00]
 [ 0.000000e+00  0.000000e+00 -4.421250e+07  0.000000e+00  1.091730e+07  0.000000e+00  0.000000e+00  0.000000e+00
   4.421250e+07  0.000000e+00  1.118895e+07  0.000000e+00]
 [ 0.000000e+00  4.421250e+07  0.000000e+00  0.000000e+00  0.000000e+00  1.017630e+07  0.000000e+00 -4.421250e+07
   0.000000e+00  0.000000e+00  0.000000e+00  1.192995e+07]]

