--------------------------------------------------------------------------
### Global System

                   │ CURRENT            │ EVOLUTION         
Equations          │ 774                │ 774               
Dirichlet          │ 0                  │ 0                 
Eliminated         │ 0                  │ 0                 
Unknowns           │ 774                │ 774               
nnz                │ 3850               │ 3850              
Density            │ 6.43e-03           │ 6.43e-03          
Zero rows          │ 0                  │ 0                 
Zero cols          │ 0                  │ 0                 
Bandwidth          │ 10                 │ 10                
Symmetric          │ yes                │ yes               
Rank               │ 768                │ 768               
Cond-no            │ 1.2e+18            │ 1.2e+18           
λmin/λmax          │ —                  │ —                 
Inertia            │ —                  │ —                 
b-min/max          │ -7.8e+00/0.0e+00   │ -7.8e+00/0.0e+00  
Σb                 │ -1.0e+03           │ -1.0e+03          
Top|b|             │ 721:-7.8e+00, 739:-7.8e+00, 697:-7.8e+00 │ 721:-7.8e+00, 739:-7.8e+00, 697:-7.8e+00

2026-02-26 16:19:02,931 [INFO] 🩺  Global System diagnostics appended → C:\Users\s1834431\Programs\fem_model\post_processing\results\job_0009_n128_2026-02-26_16-18-57-034981_pid18316_89a4a05f\diagnostics\DiagnoseLinearStaticSystem.log
--------------------------------------------------------------------------
### Modified System

                   │ CURRENT            │ EVOLUTION         
Equations          │ 774                │ 774               
Dirichlet          │ 0                  │ 6                 
Eliminated         │ 0                  │ 0                 
Unknowns           │ 774                │ 768               
nnz                │ 3826               │ 3850              
Density            │ 6.39e-03           │ 6.43e-03          
Zero rows          │ 0                  │ 0                 
Zero cols          │ 0                  │ 0                 
Bandwidth          │ 10                 │ 10                
Symmetric          │ yes                │ yes               
Rank               │ 6                  │ 768               
Cond-no            │ 5.0e+34            │ 1.2e+18           
λmin/λmax          │ —                  │ —                 
Inertia            │ —                  │ —                 
b-min/max          │ -7.8e+00/0.0e+00   │ -7.8e+00/0.0e+00  
Σb                 │ -1.0e+03           │ -1.0e+03          
Top|b|             │ 721:-7.8e+00, 739:-7.8e+00, 697:-7.8e+00 │ 721:-7.8e+00, 739:-7.8e+00, 697:-7.8e+00

2026-02-26 16:19:04,059 [INFO] 🩺  Modified System diagnostics appended → C:\Users\s1834431\Programs\fem_model\post_processing\results\job_0009_n128_2026-02-26_16-18-57-034981_pid18316_89a4a05f\diagnostics\DiagnoseLinearStaticSystem.log
--------------------------------------------------------------------------
### Condensed System

                   │ CURRENT            │ EVOLUTION         
Equations          │ 768                │ 774               
Dirichlet          │ 0                  │ 6                 
Eliminated         │ 0                  │ 6                 
Unknowns           │ 768                │ 762               
nnz                │ 3820               │ 3850              
Density            │ 6.48e-03           │ 6.43e-03          
Zero rows          │ 0                  │ 0                 
Zero cols          │ 0                  │ 0                 
Bandwidth          │ 10                 │ 10                
Symmetric          │ yes                │ yes               
Rank               │ 768                │ 768               
Cond-no            │ 3.5e+09            │ 1.2e+18           
λmin/λmax          │ —                  │ —                 
Inertia            │ —                  │ —                 
b-min/max          │ -7.8e+00/0.0e+00   │ -7.8e+00/0.0e+00  
Σb                 │ -1.0e+03           │ -1.0e+03          
Top|b|             │ 721:-7.8e+00, 727:-7.8e+00, 703:-7.8e+00 │ 721:-7.8e+00, 739:-7.8e+00, 697:-7.8e+00

2026-02-26 16:19:05,234 [INFO] 🩺  Condensed System diagnostics appended → C:\Users\s1834431\Programs\fem_model\post_processing\results\job_0009_n128_2026-02-26_16-18-57-034981_pid18316_89a4a05f\diagnostics\DiagnoseLinearStaticSystem.log
