--------------------------------------------------------------------------
Machine specifications – written 2026-02-26 16:19:01.289819
OS          : Windows 11 (10.0.26100)
CPU         : 12th Gen Intel(R) Core(TM) i7-12700
   logical  : 20
   physical : 12
RAM         : 31.24 GB
Disk        : 943.72 GB total  /  2.50 GB free
Python      : 3.12.5  (C:\Users\s1834431\AppData\Local\Programs\Python\Python312\python.exe)
GPU(s)      : Intel(R) UHD Graphics 770
--------------------------------------------------------------------------

Runtime telemetry header written → C:\Users\s1834431\Programs\fem_model\post_processing\results\job_0009_n128_2026-02-26_16-18-57-034981_pid18316_89a4a05f\diagnostics\RuntimeMonitorTelemetry.log
2026-02-26 16:19:01 │ PrepareLocalSystem BEGIN   │ Δt  0.00 s │ RAM   136.5 MB │ CPU   5.4 % │ Disk  941.2 GB
2026-02-26 16:19:01 │ PrepareLocalSystem END     │ Δt  0.22 s │ RAM   136.5 MB │ CPU   6.4 % │ Disk  941.2 GB
2026-02-26 16:19:01 │ AssembleGlobalSystem BEGIN │ Δt  0.20 s │ RAM   136.5 MB │ CPU  13.6 % │ Disk  941.2 GB
2026-02-26 16:19:02 │ AssembleGlobalSystem END   │ Δt  0.24 s │ RAM   136.5 MB │ CPU  18.3 % │ Disk  941.2 GB
2026-02-26 16:19:03 │ ModifyGlobalSystem BEGIN   │ Δt  0.90 s │ RAM   136.8 MB │ CPU  10.5 % │ Disk  941.2 GB
2026-02-26 16:19:03 │ ModifyGlobalSystem END     │ Δt  0.23 s │ RAM   136.8 MB │ CPU  17.7 % │ Disk  941.2 GB
2026-02-26 16:19:04 │ CondenseModifiedSystem BEGIN │ Δt  0.90 s │ RAM   136.8 MB │ CPU   7.2 % │ Disk  941.2 GB
2026-02-26 16:19:04 │ CondenseModifiedSystem END │ Δt  0.27 s │ RAM   136.8 MB │ CPU  11.9 % │ Disk  941.2 GB
2026-02-26 16:19:05 │ SolveCondensedSystem BEGIN │ Δt  0.90 s │ RAM   137.4 MB │ CPU  11.0 % │ Disk  941.2 GB
2026-02-26 16:19:05 │ SolveCondensedSystem END   │ Δt  0.36 s │ RAM   136.4 MB │ CPU  20.7 % │ Disk  941.2 GB
2026-02-26 16:19:05 │ ReconstructGlobalSystem BEGIN │ Δt  0.20 s │ RAM   136.4 MB │ CPU   1.5 % │ Disk  941.2 GB
2026-02-26 16:19:06 │ ReconstructGlobalSystem END │ Δt  0.24 s │ RAM   136.4 MB │ CPU  16.7 % │ Disk  941.2 GB
2026-02-26 16:19:06 │ ComputePrimaryResults BEGIN │ Δt  0.20 s │ RAM   136.4 MB │ CPU   7.9 % │ Disk  941.2 GB
2026-02-26 16:19:07 │ ComputePrimaryResults END  │ Δt  0.71 s │ RAM   136.4 MB │ CPU  12.4 % │ Disk  941.2 GB
2026-02-26 16:19:07 │ SaveFormulationCache BEGIN │ Δt  0.20 s │ RAM   136.4 MB │ CPU   2.8 % │ Disk  941.2 GB
2026-02-26 16:19:07 │ SaveFormulationCache END   │ Δt  0.35 s │ RAM   136.4 MB │ CPU  20.2 % │ Disk  941.2 GB
2026-02-26 16:19:07 │ ComputeSecondaryResults BEGIN │ Δt  0.20 s │ RAM   136.4 MB │ CPU   5.8 % │ Disk  941.2 GB
2026-02-26 16:19:08 │ ComputeSecondaryResults END │ Δt  0.35 s │ RAM   136.4 MB │ CPU  14.9 % │ Disk  941.2 GB
2026-02-26 16:19:08 │ ComputeTertiaryResults BEGIN │ Δt  0.20 s │ RAM   136.4 MB │ CPU   6.5 % │ Disk  941.2 GB
2026-02-26 16:19:08 │ ComputeTertiaryResults END │ Δt  0.36 s │ RAM   136.5 MB │ CPU   9.0 % │ Disk  941.2 GB
