
=== Element 2 Force Vector Computation ===

=== Distributed Loads ===
=== N (12, 6) ===
[[ 0.887298  0.        0.        0.        0.        0.      ]
 [ 0.        0.964758  0.        0.        0.        0.      ]
 [ 0.        0.        0.964758  0.        0.        0.      ]
 [ 0.        0.        0.        0.887298  0.        0.      ]
 [ 0.        0.        0.        0.       -0.011091  0.      ]
 [ 0.        0.        0.        0.        0.        0.011091]
 [ 0.112702  0.        0.        0.        0.        0.      ]
 [ 0.        0.035242  0.        0.        0.        0.      ]
 [ 0.        0.        0.035242  0.        0.        0.      ]
 [ 0.        0.        0.        0.112702  0.        0.      ]
 [ 0.        0.        0.        0.        0.001409  0.      ]
 [ 0.        0.        0.        0.        0.       -0.001409]]

=== q (6,) ===
[ 0.      -8.71779  0.       0.       0.       0.     ]

=== N (12, 6) ===
[[ 0.5       0.        0.        0.        0.        0.      ]
 [ 0.        0.5       0.        0.        0.        0.      ]
 [ 0.        0.        0.5       0.        0.        0.      ]
 [ 0.        0.        0.        0.5       0.        0.      ]
 [ 0.        0.        0.        0.       -0.015625  0.      ]
 [ 0.        0.        0.        0.        0.        0.015625]
 [ 0.5       0.        0.        0.        0.        0.      ]
 [ 0.        0.5       0.        0.        0.        0.      ]
 [ 0.        0.        0.5       0.        0.        0.      ]
 [ 0.        0.        0.        0.5       0.        0.      ]
 [ 0.        0.        0.        0.        0.015625  0.      ]
 [ 0.        0.        0.        0.        0.       -0.015625]]

=== q (6,) ===
[  0.       -12.207031   0.         0.         0.         0.      ]

=== N (12, 6) ===
[[ 0.112702  0.        0.        0.        0.        0.      ]
 [ 0.        0.035242  0.        0.        0.        0.      ]
 [ 0.        0.        0.035242  0.        0.        0.      ]
 [ 0.        0.        0.        0.112702  0.        0.      ]
 [ 0.        0.        0.        0.       -0.001409  0.      ]
 [ 0.        0.        0.        0.        0.        0.001409]
 [ 0.887298  0.        0.        0.        0.        0.      ]
 [ 0.        0.964758  0.        0.        0.        0.      ]
 [ 0.        0.        0.964758  0.        0.        0.      ]
 [ 0.        0.        0.        0.887298  0.        0.      ]
 [ 0.        0.        0.        0.        0.011091  0.      ]
 [ 0.        0.        0.        0.        0.       -0.011091]]

=== q (6,) ===
[  0.      -16.28221   0.        0.        0.        0.     ]

=== Total Fe (12,) ===
[[ 0.       -0.651042  0.        0.        0.        0.        0.       -0.895182  0.
   0.        0.        0.      ]]

=== Final Force Vector ===
[[ 0.       -0.651042  0.        0.        0.        0.        0.       -0.895182  0.        0.        0.
   0.      ]]

