Machine Specifications:
   - OS: Windows 11 (10.0.26100)
       • Logical cores: 20
       • Physical cores: 12
   - RAM: 31.24 GB
   - Disk: 943.72 GB total, 2.64 GB free
   - Python Version: 3.12.5 (C:\Users\s1834431\AppData\Local\Programs\Python\Python312\python.exe)
   - GPU(s): Intel(R) UHD Graphics 770

Job: job_0000_n16
Timestamp (job start): 2026-02-26_16-16-29-271997
Total Time: 7.21 sec

+-------------------------------+------------+---------------+-------------+-----------+
| Step                          |   Time (s) |   Memory (MB) |   Disk (GB) |   CPU (%) |
+===============================+============+===============+=============+===========+
| Parsing                       | 0.00227594 |       66.5664 |     941.062 |         0 |
+-------------------------------+------------+---------------+-------------+-----------+
| Element Instantiation         | 0.292711   |       98.875  |     941.063 |         0 |
+-------------------------------+------------+---------------+-------------+-----------+
| Element Stiffness Computation | 0.067817   |       99.5195 |     941.064 |         0 |
+-------------------------------+------------+---------------+-------------+-----------+
| Element Force Computation     | 0.00401163 |       99.5469 |     941.064 |         0 |
+-------------------------------+------------+---------------+-------------+-----------+
| Full Simulation               | 6.22374    |      127.688  |     941.072 |         0 |
+-------------------------------+------------+---------------+-------------+-----------+

Parallel Jobs: None
Start Memory: 66.32 MB | End Memory: 127.69 MB
Start Disk Usage: 941.06 GB | End Disk Usage: 941.07 GB
Start CPU: 0.00% | End CPU: 0.00%
