Machine Specifications:
   - OS: Windows 11 (10.0.26100)
       • Logical cores: 20
       • Physical cores: 12
   - RAM: 31.24 GB
   - Disk: 943.72 GB total, 2.59 GB free
   - Python Version: 3.12.5 (C:\Users\s1834431\AppData\Local\Programs\Python\Python312\python.exe)
   - GPU(s): Intel(R) UHD Graphics 770

Job: job_0002_n64
Timestamp (job start): 2026-02-26_16-17-21-283149
Total Time: 9.84 sec

+-------------------------------+------------+---------------+-------------+-----------+
| Step                          |   Time (s) |   Memory (MB) |   Disk (GB) |   CPU (%) |
+===============================+============+===============+=============+===========+
| Parsing                       |   0        |       133.258 |     941.115 |         0 |
+-------------------------------+------------+---------------+-------------+-----------+
| Element Instantiation         |   0.64919  |       133.328 |     941.116 |         0 |
+-------------------------------+------------+---------------+-------------+-----------+
| Element Stiffness Computation |   1.17603  |       135.344 |     941.122 |         0 |
+-------------------------------+------------+---------------+-------------+-----------+
| Element Force Computation     |   0.596252 |       135.375 |     941.124 |         0 |
+-------------------------------+------------+---------------+-------------+-----------+
| Full Simulation               |   6.80893  |       135.684 |     941.13  |         0 |
+-------------------------------+------------+---------------+-------------+-----------+

Parallel Jobs: None
Start Memory: 133.25 MB | End Memory: 135.68 MB
Start Disk Usage: 941.12 GB | End Disk Usage: 941.13 GB
Start CPU: 0.00% | End CPU: 0.00%
