2026-02-26 16:17:18,100 [DEBUG] 📁 Log file: c:\Users\s1834431\Programs\fem_model\post_processing\results\job_0002_n64_2026-02-26_16-17-11-249043_pid18316_a89ba663\logs\SolveCondensedSystem.log (Module: solver, Line: 249)
2026-02-26 16:17:18,101 [DEBUG] Row/column scaling applied. (Module: solver, Line: 164)
2026-02-26 16:17:18,101 [DEBUG] Building ILU (drop_tol=1e-06, fill_factor=1.0) (Module: solver, Line: 77)
2026-02-26 16:17:18,102 [WARNING] Preconditioner 'ilu' failed (Factor is exactly singular); proceeding without it. (Module: solver, Line: 279)
2026-02-26 16:17:18,102 [INFO] Solver parameters • solver='cg', prec='None', K nnz=1648, dofs=384 (Module: solver, Line: 181)
2026-02-26 16:17:18,102 [INFO] Condensed condition estimate: 1.02e+00 (Module: solver, Line: 187)
2026-02-26 16:17:18,103 [DEBUG] Iter   10 | residual 1.739e-03 (Module: solver, Line: 328)
2026-02-26 16:17:18,103 [DEBUG] Iter   20 | residual 2.053e-03 (Module: solver, Line: 328)
2026-02-26 16:17:18,103 [DEBUG] Iter   30 | residual 1.921e-03 (Module: solver, Line: 328)
2026-02-26 16:17:18,103 [DEBUG] Iter   40 | residual 2.624e-03 (Module: solver, Line: 328)
2026-02-26 16:17:18,103 [DEBUG] Iter   50 | residual 2.223e-03 (Module: solver, Line: 328)
2026-02-26 16:17:18,104 [DEBUG] Iter   60 | residual 2.503e-03 (Module: solver, Line: 328)
2026-02-26 16:17:18,104 [DEBUG] Iter   70 | residual 3.450e-03 (Module: solver, Line: 328)
2026-02-26 16:17:18,104 [DEBUG] Iter   80 | residual 5.551e-03 (Module: solver, Line: 328)
2026-02-26 16:17:18,104 [DEBUG] Iter   90 | residual 3.496e-03 (Module: solver, Line: 328)
2026-02-26 16:17:18,104 [DEBUG] Iter  100 | residual 3.278e-03 (Module: solver, Line: 328)
2026-02-26 16:17:18,105 [DEBUG] Iter  110 | residual 1.541e-03 (Module: solver, Line: 328)
2026-02-26 16:17:18,105 [DEBUG] Iter  120 | residual 1.809e-03 (Module: solver, Line: 328)
2026-02-26 16:17:18,105 [DEBUG] Iter  130 | residual 4.294e-04 (Module: solver, Line: 328)
2026-02-26 16:17:18,105 [DEBUG] Iter  140 | residual 3.243e-03 (Module: solver, Line: 328)
2026-02-26 16:17:18,105 [DEBUG] Iter  150 | residual 6.025e-03 (Module: solver, Line: 328)
2026-02-26 16:17:18,106 [DEBUG] Iter  160 | residual 7.342e-04 (Module: solver, Line: 328)
2026-02-26 16:17:18,106 [DEBUG] Iter  170 | residual 7.099e-04 (Module: solver, Line: 328)
2026-02-26 16:17:18,106 [DEBUG] Iter  180 | residual 1.691e-02 (Module: solver, Line: 328)
2026-02-26 16:17:18,106 [DEBUG] Iter  190 | residual 3.711e-03 (Module: solver, Line: 328)
2026-02-26 16:17:18,106 [DEBUG] Iter  200 | residual 2.208e-04 (Module: solver, Line: 328)
2026-02-26 16:17:18,106 [DEBUG] Iter  210 | residual 8.888e-05 (Module: solver, Line: 328)
2026-02-26 16:17:18,107 [DEBUG] Iter  220 | residual 4.720e-04 (Module: solver, Line: 328)
2026-02-26 16:17:18,107 [DEBUG] Iter  230 | residual 4.352e-02 (Module: solver, Line: 328)
2026-02-26 16:17:18,107 [DEBUG] Iter  240 | residual 1.153e-04 (Module: solver, Line: 328)
2026-02-26 16:17:18,107 [DEBUG] Iter  250 | residual 2.465e-05 (Module: solver, Line: 328)
2026-02-26 16:17:18,107 [DEBUG] Iter  260 | residual 3.610e-06 (Module: solver, Line: 328)
2026-02-26 16:17:18,108 [DEBUG] Iter  270 | residual 5.944e-07 (Module: solver, Line: 328)
2026-02-26 16:17:18,108 [DEBUG] Iter  280 | residual 1.093e-07 (Module: solver, Line: 328)
2026-02-26 16:17:18,108 [DEBUG] Iter  290 | residual 2.622e-07 (Module: solver, Line: 328)
2026-02-26 16:17:18,108 [DEBUG] Iter  300 | residual 1.572e-08 (Module: solver, Line: 328)
2026-02-26 16:17:18,109 [DEBUG] Iter  310 | residual 1.392e-08 (Module: solver, Line: 328)
2026-02-26 16:17:18,109 [DEBUG] Iter  320 | residual 4.520e-09 (Module: solver, Line: 328)
2026-02-26 16:17:18,109 [DEBUG] Iter  330 | residual 1.960e-09 (Module: solver, Line: 328)
2026-02-26 16:17:18,109 [INFO] Condensed residual norm: 1.793e-03 (Module: solver, Line: 204)
2026-02-26 16:17:18,109 [WARNING] Residual is high – verify model! (Module: solver, Line: 207)
2026-02-26 16:17:18,109 [INFO] 📊 Condensed solver report: (Module: solver, Line: 384)
2026-02-26 16:17:18,109 [INFO]  • dofs: 384 (Module: solver, Line: 386)
2026-02-26 16:17:18,110 [INFO]  • nnz: 1648 (Module: solver, Line: 386)
2026-02-26 16:17:18,110 [INFO]  • density: 0.011176215277777778 (Module: solver, Line: 386)
2026-02-26 16:17:18,110 [INFO]  • condition_est: 1.0239854248540092 (Module: solver, Line: 386)
2026-02-26 16:17:18,110 [INFO]  • solve_phases: {'iterative': 0.006930300000021816} (Module: solver, Line: 386)
2026-02-26 16:17:18,110 [INFO]  • iters: 335 (Module: solver, Line: 386)
2026-02-26 16:17:18,110 [INFO]  • final_residual: 4.3735434694283965e-10 (Module: solver, Line: 386)
