2026-02-26 16:17:01,227 [DEBUG] 📁 Log file created at: c:\Users\s1834431\Programs\fem_model\post_processing\results\job_0002_n16_2026-02-26_16-16-58-458289_pid18316_041120b6\logs\AssembleGlobalSystem.log (Module: assembly, Line: 91)
2026-02-26 16:17:01,227 [INFO] 🔧 Starting global matrix assembly... (Module: assembly, Line: 109)
2026-02-26 16:17:01,227 [DEBUG] Element 0 DOF mapping validated (Module: assembly, Line: 184)
2026-02-26 16:17:01,227 [DEBUG] Element 1 DOF mapping validated (Module: assembly, Line: 184)
2026-02-26 16:17:01,227 [DEBUG] Element 2 DOF mapping validated (Module: assembly, Line: 184)
2026-02-26 16:17:01,227 [DEBUG] Element 3 DOF mapping validated (Module: assembly, Line: 184)
2026-02-26 16:17:01,227 [DEBUG] Element 4 DOF mapping validated (Module: assembly, Line: 184)
2026-02-26 16:17:01,227 [DEBUG] Element 5 DOF mapping validated (Module: assembly, Line: 184)
2026-02-26 16:17:01,227 [DEBUG] Element 6 DOF mapping validated (Module: assembly, Line: 184)
2026-02-26 16:17:01,227 [DEBUG] Element 7 DOF mapping validated (Module: assembly, Line: 184)
2026-02-26 16:17:01,227 [DEBUG] Element 8 DOF mapping validated (Module: assembly, Line: 184)
2026-02-26 16:17:01,228 [DEBUG] Element 9 DOF mapping validated (Module: assembly, Line: 184)
2026-02-26 16:17:01,228 [DEBUG] Element 10 DOF mapping validated (Module: assembly, Line: 184)
2026-02-26 16:17:01,228 [DEBUG] Element 11 DOF mapping validated (Module: assembly, Line: 184)
2026-02-26 16:17:01,228 [DEBUG] Element 12 DOF mapping validated (Module: assembly, Line: 184)
2026-02-26 16:17:01,228 [DEBUG] Element 13 DOF mapping validated (Module: assembly, Line: 184)
2026-02-26 16:17:01,228 [DEBUG] Element 14 DOF mapping validated (Module: assembly, Line: 184)
2026-02-26 16:17:01,228 [DEBUG] Element 15 DOF mapping validated (Module: assembly, Line: 184)
2026-02-26 16:17:01,230 [DEBUG] 
✅ DOF Mappings Summary:
 Element ID                              Local DOF                                         Global DOF
          0 [0, 1, 2, 3, 4, 5, 6, 7, 8, 9, 10, 11]             [0, 1, 2, 3, 4, 5, 6, 7, 8, 9, 10, 11]
          1 [0, 1, 2, 3, 4, 5, 6, 7, 8, 9, 10, 11]       [6, 7, 8, 9, 10, 11, 12, 13, 14, 15, 16, 17]
          2 [0, 1, 2, 3, 4, 5, 6, 7, 8, 9, 10, 11]   [12, 13, 14, 15, 16, 17, 18, 19, 20, 21, 22, 23]
          3 [0, 1, 2, 3, 4, 5, 6, 7, 8, 9, 10, 11]   [18, 19, 20, 21, 22, 23, 24, 25, 26, 27, 28, 29]
          4 [0, 1, 2, 3, 4, 5, 6, 7, 8, 9, 10, 11]   [24, 25, 26, 27, 28, 29, 30, 31, 32, 33, 34, 35]
          5 [0, 1, 2, 3, 4, 5, 6, 7, 8, 9, 10, 11]   [30, 31, 32, 33, 34, 35, 36, 37, 38, 39, 40, 41]
          6 [0, 1, 2, 3, 4, 5, 6, 7, 8, 9, 10, 11]   [36, 37, 38, 39, 40, 41, 42, 43, 44, 45, 46, 47]
          7 [0, 1, 2, 3, 4, 5, 6, 7, 8, 9, 10, 11]   [42, 43, 44, 45, 46, 47, 48, 49, 50, 51, 52, 53]
          8 [0, 1, 2, 3, 4, 5, 6, 7, 8, 9, 10, 11]   [48, 49, 50, 51, 52, 53, 54, 55, 56, 57, 58, 59]
          9 [0, 1, 2, 3, 4, 5, 6, 7, 8, 9, 10, 11]   [54, 55, 56, 57, 58, 59, 60, 61, 62, 63, 64, 65]
         10 [0, 1, 2, 3, 4, 5, 6, 7, 8, 9, 10, 11]   [60, 61, 62, 63, 64, 65, 66, 67, 68, 69, 70, 71]
         11 [0, 1, 2, 3, 4, 5, 6, 7, 8, 9, 10, 11]   [66, 67, 68, 69, 70, 71, 72, 73, 74, 75, 76, 77]
         12 [0, 1, 2, 3, 4, 5, 6, 7, 8, 9, 10, 11]   [72, 73, 74, 75, 76, 77, 78, 79, 80, 81, 82, 83]
         13 [0, 1, 2, 3, 4, 5, 6, 7, 8, 9, 10, 11]   [78, 79, 80, 81, 82, 83, 84, 85, 86, 87, 88, 89]
         14 [0, 1, 2, 3, 4, 5, 6, 7, 8, 9, 10, 11]   [84, 85, 86, 87, 88, 89, 90, 91, 92, 93, 94, 95]
         15 [0, 1, 2, 3, 4, 5, 6, 7, 8, 9, 10, 11] [90, 91, 92, 93, 94, 95, 96, 97, 98, 99, 100, 101] (Module: assembly, Line: 204)
2026-02-26 16:17:01,231 [INFO] 🧾 System Info:
  Total DOFs: 102
  Number of elements: 16
  Symmetry tolerance: 1.0e-08 (Module: assembly, Line: 344)
2026-02-26 16:17:01,231 [INFO] ✅ Stiffness matrix assembled (Module: assembly, Line: 248)
2026-02-26 16:17:01,231 [INFO] ✅ Force vector assembled (Module: assembly, Line: 277)
2026-02-26 16:17:01,231 [INFO] Global Stiffness Matrix:
  Non-zero entries: 490
  Symmetry: True
  Norm: 3.400e+10 (Module: assembly, Line: 364)
2026-02-26 16:17:01,237 [DEBUG] 
Stiffness Matrix Sample (COO):
 Row  Col       K Value
  49   59  1.683513e+08
  38   32 -4.172636e+08
  89   89  2.805855e+07
  67   67  5.387242e+09
   4   10  1.086624e+06
  17   13  0.000000e+00
  73   67 -2.693621e+09
  86   88  0.000000e+00
   6    6  4.401600e+09
  94   88  1.086624e+06
  52   58  1.086624e+06
  22   20  0.000000e+00
  58   58  4.346496e+06
  80   86 -4.172636e+08
  56   58  0.000000e+00
  53   43  1.683513e+08
  90   90  4.401600e+09
  62   68 -4.172636e+08
  98   98  4.172636e+08
 101   91  1.683513e+08
  52   56  2.607898e+07
  29   29  2.805855e+07
  33   39 -1.689161e+04
  43   53  1.683513e+08
  29   19  1.683513e+08
  46   40  1.086624e+06
  99   93 -1.689161e+04
  68   68  8.345272e+08
  74   80 -4.172636e+08
  52   46  1.086624e+06
  80   76  2.607898e+07
   9   15 -1.689161e+04
  74   70  2.607898e+07
  34   32  0.000000e+00
  84   78 -2.200800e+09
   4    2 -2.607898e+07
  36   30 -2.200800e+09
  23   23  2.805855e+07
  62   58  2.607898e+07
  64   70  1.086624e+06
  20   16  2.607898e+07
  43   47  0.000000e+00
  51   57 -1.689161e+04
  88   86  0.000000e+00
  17   19 -1.683513e+08
  76   80  2.607898e+07
  25   35  1.683513e+08
   3    3  1.689161e+04
  82   86  2.607898e+07
  28   32  2.607898e+07
  81   75 -1.689161e+04
  85   83 -1.683513e+08
  51   45 -1.689161e+04
  70   74  2.607898e+07
   0    6 -2.200800e+09
  80   80  8.345272e+08
  66   60 -2.200800e+09
  62   62  8.345272e+08
  41   43 -1.683513e+08
  17   11  7.014638e+06
  75   81 -1.689161e+04
  56   56  8.345272e+08
  41   37  0.000000e+00
  66   72 -2.200800e+09
  49   49  5.387242e+09
  68   70  0.000000e+00
  51   51  3.378322e+04
  21   21  3.378322e+04
  55   65  1.683513e+08
  25   19 -2.693621e+09
  47   53  7.014638e+06
  68   64  2.607898e+07
  91   89 -1.683513e+08
  73   79 -2.693621e+09
  85   79 -2.693621e+09
  31   29 -1.683513e+08
  65   61  0.000000e+00
  13   11 -1.683513e+08
  26   34 -2.607898e+07
  46   44  0.000000e+00
  96   96  2.200800e+09
  95   85  1.683513e+08
  74   82 -2.607898e+07
  13   17  0.000000e+00
  78   72 -2.200800e+09
  14   10  2.607898e+07
  88   94  1.086624e+06
  42   36 -2.200800e+09
  16   16  4.346496e+06
 100  100  2.173248e+06
   2    2  4.172636e+08
  74   74  8.345272e+08
  37   37  5.387242e+09
  61   61  5.387242e+09
  30   36 -2.200800e+09
  64   68  2.607898e+07
   2    4 -2.607898e+07
  22   26  2.607898e+07
   2    8 -4.172636e+08
  40   32 -2.607898e+07
  86   94 -2.607898e+07
  94   86 -2.607898e+07
  32   40 -2.607898e+07
 100   94  1.086624e+06
  65   71  7.014638e+06
  11   17  7.014638e+06
  30   30  4.401600e+09
  84   90 -2.200800e+09
  48   54 -2.200800e+09
  47   37  1.683513e+08
  14    8 -4.172636e+08
  59   65  7.014638e+06
  79   73 -2.693621e+09
  34   28  1.086624e+06
  79   85 -2.693621e+09
  97  101 -1.683513e+08
  15    9 -1.689161e+04
  33   27 -1.689161e+04
  11    5  7.014638e+06
  36   36  4.401600e+09
  13   13  5.387242e+09
  83   77  7.014638e+06
  32   38 -4.172636e+08
  82   88  1.086624e+06
  43   43  5.387242e+09
  74   76  0.000000e+00
  62   64  0.000000e+00
  41   31  1.683513e+08
  61   67 -2.693621e+09
 101  101  1.402928e+07
  77   83  7.014638e+06
  12   18 -2.200800e+09
  17    7  1.683513e+08
   7   11  0.000000e+00
  88   92  2.607898e+07
   1    7 -2.693621e+09
  48   42 -2.200800e+09
   1   11  1.683513e+08
  50   46  2.607898e+07
  29   23  7.014638e+06
  47   41  7.014638e+06
  26   28  0.000000e+00
   6   12 -2.200800e+09
  16    8 -2.607898e+07
   6    0 -2.200800e+09
  92   86 -4.172636e+08
   4    8  2.607898e+07
  61   55 -2.693621e+09
  44   40  2.607898e+07
  14   22 -2.607898e+07
  46   46  4.346496e+06
  92   98 -4.172636e+08
  18   18  4.401600e+09
  72   66 -2.200800e+09
  61   71  1.683513e+08
  39   39  3.378322e+04
  94   94  4.346496e+06
  91   95  0.000000e+00
  95   97 -1.683513e+08
  84   84  4.401600e+09
  52   50  0.000000e+00
  40   40  4.346496e+06
 100   92 -2.607898e+07
  12   12  4.401600e+09
  44   50 -4.172636e+08
  59   49  1.683513e+08
  67   71  0.000000e+00
  35   25  1.683513e+08
  23   19  0.000000e+00
  64   62  0.000000e+00
  14   20 -4.172636e+08
  92   94  0.000000e+00
  86   80 -4.172636e+08
  92  100 -2.607898e+07
  77   71  7.014638e+06
  20   14 -4.172636e+08
  64   56 -2.607898e+07
  54   54  4.401600e+09
  20   26 -4.172636e+08
  53   47  7.014638e+06
  92   88  2.607898e+07
  76   76  4.346496e+06
  69   69  3.378322e+04
  20   22  0.000000e+00
   5    7 -1.683513e+08
  31   31  5.387242e+09
  34   26 -2.607898e+07
  32   28  2.607898e+07
  95  101  7.014638e+06
  50   50  8.345272e+08
  50   44 -4.172636e+08
  57   57  3.378322e+04
  71   71  2.805855e+07
  15   15  3.378322e+04
  78   84 -2.200800e+09
  65   59  7.014638e+06
  30   24 -2.200800e+09
  22   22  4.346496e+06
  78   78  4.401600e+09
   1    1  2.693621e+09
  82   80  0.000000e+00
   5    5  1.402928e+07
  31   35  0.000000e+00
  49   43 -2.693621e+09
  58   62  2.607898e+07
   8    4  2.607898e+07
  25   23 -1.683513e+08
  55   49 -2.693621e+09
  22   28  1.086624e+06
  90   96 -2.200800e+09
  63   63  3.378322e+04
  37   41  0.000000e+00
  48   48  4.401600e+09
  25   29  0.000000e+00
  35   37 -1.683513e+08
  83   83  2.805855e+07
  26   22  2.607898e+07
  85   85  5.387242e+09
  24   30 -2.200800e+09
  73   71 -1.683513e+08
  62   56 -4.172636e+08
  58   50 -2.607898e+07
  29   25  0.000000e+00
  40   38  0.000000e+00
  83   79  0.000000e+00
  38   38  8.345272e+08
  27   27  3.378322e+04
  98  100  2.607898e+07
  49   53  0.000000e+00
  82   76  1.086624e+06
  75   75  3.378322e+04
  71   73 -1.683513e+08
  28   34  1.086624e+06
   8   14 -4.172636e+08
  95   91  0.000000e+00
  34   38  2.607898e+07
   8   16 -2.607898e+07
  11    1  1.683513e+08
  21   27 -1.689161e+04
  19   19  5.387242e+09
  14   14  8.345272e+08
  35   35  2.805855e+07
  41   47  7.014638e+06
  37   31 -2.693621e+09
  55   53 -1.683513e+08
  65   67 -1.683513e+08
  99   99  1.689161e+04
  85   91 -2.693621e+09
  67   73 -2.693621e+09
  23   25 -1.683513e+08
  79   79  5.387242e+09
  46   38 -2.607898e+07
  11    7  0.000000e+00
  80   88 -2.607898e+07
  81   87 -1.689161e+04
  95   89  7.014638e+06
  16   22  1.086624e+06
   9    3 -1.689161e+04
  58   64  1.086624e+06
   8    2 -4.172636e+08
  73   73  5.387242e+09
  86   86  8.345272e+08
  89   83  7.014638e+06
  45   51 -1.689161e+04
   7   13 -2.693621e+09
  67   77  1.683513e+08
  91   85 -2.693621e+09
  33   33  3.378322e+04
  68   62 -4.172636e+08
  70   64  1.086624e+06
  29   31 -1.683513e+08
  44   46  0.000000e+00
  23   13  1.683513e+08
  71   61  1.683513e+08
  70   68  0.000000e+00
  71   65  7.014638e+06
  45   39 -1.689161e+04
  77   77  2.805855e+07
  40   34  1.086624e+06
  44   52 -2.607898e+07
  43   41 -1.683513e+08
  49   47 -1.683513e+08
  53   59  7.014638e+06
  15   21 -1.689161e+04
   7    5 -1.683513e+08
  45   45  3.378322e+04
  46   52  1.086624e+06
  28   22  1.086624e+06
  24   24  4.401600e+09
  35   31  0.000000e+00
  83   89  7.014638e+06
  79   83  0.000000e+00
  10    8  0.000000e+00
  56   64 -2.607898e+07
  72   72  4.401600e+09
  17   23  7.014638e+06
  64   58  1.086624e+06
  64   64  4.346496e+06
   4    4  2.173248e+06
  59   59  2.805855e+07
  82   82  4.346496e+06
 100   98  2.607898e+07
  47   49 -1.683513e+08
  34   34  4.346496e+06
  19   13 -2.693621e+09
 101   95  7.014638e+06
  94  100  1.086624e+06
  24   18 -2.200800e+09
  32   26 -4.172636e+08
  32   34  0.000000e+00
   5    1  1.683513e+08
  94   98  2.607898e+07
  23   29  7.014638e+06
  71   67  0.000000e+00
  29   35  7.014638e+06
  49   55 -2.693621e+09
  54   48 -2.200800e+09
  72   78 -2.200800e+09
  65   65  2.805855e+07
  80   82  0.000000e+00
  52   44 -2.607898e+07
  77   79 -1.683513e+08
   5   11  7.014638e+06
  61   65  0.000000e+00
  56   50 -4.172636e+08
  47   43  0.000000e+00
  85   89  0.000000e+00
   1    5  1.683513e+08
  70   76  1.086624e+06
  27   21 -1.689161e+04
  58   56  0.000000e+00
  59   55  0.000000e+00
  17   17  2.805855e+07
  38   46 -2.607898e+07
  76   68 -2.607898e+07
  95   95  2.805855e+07
  57   51 -1.689161e+04
  61   59 -1.683513e+08
  88   80 -2.607898e+07
  38   40  0.000000e+00
  89   95  7.014638e+06
  18   12 -2.200800e+09
  63   69 -1.689161e+04
  53   55 -1.683513e+08
   3    9 -1.689161e+04
  75   69 -1.689161e+04
  19   23  0.000000e+00
  55   59  0.000000e+00
   9    9  3.378322e+04
  96   90 -2.200800e+09
  13   23  1.683513e+08
  10   10  4.346496e+06
  56   52  2.607898e+07
  12    6 -2.200800e+09
  44   38 -4.172636e+08
  87   81 -1.689161e+04
  87   93 -1.689161e+04
  83   85 -1.683513e+08
  26   32 -4.172636e+08
  46   50  2.607898e+07
  14   16  0.000000e+00
  77   67  1.683513e+08
  28   26  0.000000e+00
  39   45 -1.689161e+04
   7    1 -2.693621e+09
  10   16  1.086624e+06
   0    0  2.200800e+09
  42   42  4.401600e+09
  85   95  1.683513e+08
  22   14 -2.607898e+07
  71   77  7.014638e+06
  62   70 -2.607898e+07
  98   94  2.607898e+07
  37   47  1.683513e+08
  76   70  1.086624e+06
  53   49  0.000000e+00
  20   28 -2.607898e+07
  93   93  3.378322e+04
  21   15 -1.689161e+04
  89   79  1.683513e+08
  35   41  7.014638e+06
  16   10  1.086624e+06
  63   57 -1.689161e+04
  11   13 -1.683513e+08
  70   70  4.346496e+06
  76   82  1.086624e+06
  43   49 -2.693621e+09
  58   52  1.086624e+06
  47   47  2.805855e+07
  31   41  1.683513e+08
  31   25 -2.693621e+09
  68   76 -2.607898e+07
  38   34  2.607898e+07
  73   77  0.000000e+00
  28   28  4.346496e+06
  90   84 -2.200800e+09
 101   97 -1.683513e+08
  54   60 -2.200800e+09
  67   65 -1.683513e+08
  43   37 -2.693621e+09
  19   17 -1.683513e+08
  26   26  8.345272e+08
  97   97  2.693621e+09
  87   87  3.378322e+04
  92   92  8.345272e+08
  91   91  5.387242e+09
  79   77 -1.683513e+08
  20   20  8.345272e+08
  18   24 -2.200800e+09
  55   61 -2.693621e+09
  26   20 -4.172636e+08
  73   83  1.683513e+08
  60   60  4.401600e+09
  13   19 -2.693621e+09
  66   66  4.401600e+09
  53   53  2.805855e+07
  77   73  0.000000e+00
  89   91 -1.683513e+08
  10   14  2.607898e+07
  23   17  7.014638e+06
  79   89  1.683513e+08
  93   87 -1.689161e+04
  56   62 -4.172636e+08
  89   85  0.000000e+00
  10    2 -2.607898e+07
  80   74 -4.172636e+08
  13    7 -2.693621e+09
  86   82  2.607898e+07
  88   82  1.086624e+06
  28   20 -2.607898e+07
  60   54 -2.200800e+09
   7   17  1.683513e+08
  38   44 -4.172636e+08
  76   74  0.000000e+00
  34   40  1.086624e+06
  32   32  8.345272e+08
  50   58 -2.607898e+07
  42   48 -2.200800e+09
   8    8  8.345272e+08
   8   10  0.000000e+00
  27   33 -1.689161e+04
  39   33 -1.689161e+04
  94   92  0.000000e+00
  59   61 -1.683513e+08
  86   92 -4.172636e+08
  82   74 -2.607898e+07
  91   97 -2.693621e+09
  31   37 -2.693621e+09
  59   53  7.014638e+06
  93   99 -1.689161e+04
  37   43 -2.693621e+09
  22   16  1.086624e+06
  70   62 -2.607898e+07
  91  101  1.683513e+08
  88   88  4.346496e+06
  69   63 -1.689161e+04
  41   41  2.805855e+07
  50   56 -4.172636e+08
  25   25  5.387242e+09
  83   73  1.683513e+08
  55   55  5.387242e+09
  16   20  2.607898e+07
  68   74 -4.172636e+08
   7    7  5.387242e+09
  35   29  7.014638e+06
  69   75 -1.689161e+04
  97   95 -1.683513e+08
  37   35 -1.683513e+08
  98   92 -4.172636e+08
  10    4  1.086624e+06
  40   46  1.086624e+06
  65   55  1.683513e+08
  81   81  3.378322e+04
  19   29  1.683513e+08
  97   91 -2.693621e+09
  16   14  0.000000e+00
  19   25 -2.693621e+09
  60   66 -2.200800e+09
  50   52  0.000000e+00
  57   63 -1.689161e+04
  44   44  8.345272e+08
   2   10 -2.607898e+07
  74   68 -4.172636e+08
  41   35  7.014638e+06
  52   52  4.346496e+06
  67   61 -2.693621e+09
  40   44  2.607898e+07
  25   31 -2.693621e+09
  11   11  2.805855e+07
  36   42 -2.200800e+09 (Module: assembly, Line: 384)
2026-02-26 16:17:01,237 [INFO] 📊 Performance Metrics:
  Assembly Time: 0.01s
  Elements Processed: 16
  Matrix Density: 4.71e-02
  Memory Usage: 0.00MB
  Processing Rate: 1536.5 elements/s (Module: assembly, Line: 360)
2026-02-26 16:17:01,237 [INFO] ✅ Assembly complete. (Module: assembly, Line: 127)
