2026-02-26 16:16:58,672 [DEBUG]: 🟢 ElementFactory logger initialised.
2026-02-26 16:16:58,672 [INFO]: 🚩 Starting batch element creation.
2026-02-26 16:16:58,672 [DEBUG]: Element IDs sanitised: [0, 1, 2, 3, 4, 5, 6, 7, 8, 9, 10, 11, 12, 13, 14, 15]
2026-02-26 16:16:58,672 [DEBUG]: Module for EulerBernoulliBeamElement3D loaded.
2026-02-26 16:16:58,673 [DEBUG]: ✅ Element 0 (EulerBernoulliBeamElement3D) instantiated.
2026-02-26 16:16:58,673 [DEBUG]: ✅ Element 1 (EulerBernoulliBeamElement3D) instantiated.
2026-02-26 16:16:58,673 [DEBUG]: ✅ Element 2 (EulerBernoulliBeamElement3D) instantiated.
2026-02-26 16:16:58,673 [DEBUG]: ✅ Element 3 (EulerBernoulliBeamElement3D) instantiated.
2026-02-26 16:16:58,673 [DEBUG]: ✅ Element 4 (EulerBernoulliBeamElement3D) instantiated.
2026-02-26 16:16:58,673 [DEBUG]: ✅ Element 5 (EulerBernoulliBeamElement3D) instantiated.
2026-02-26 16:16:58,675 [DEBUG]: ✅ Element 6 (EulerBernoulliBeamElement3D) instantiated.
2026-02-26 16:16:58,676 [DEBUG]: ✅ Element 7 (EulerBernoulliBeamElement3D) instantiated.
2026-02-26 16:16:58,676 [DEBUG]: ✅ Element 8 (EulerBernoulliBeamElement3D) instantiated.
2026-02-26 16:16:58,677 [DEBUG]: ✅ Element 9 (EulerBernoulliBeamElement3D) instantiated.
2026-02-26 16:16:58,678 [DEBUG]: ✅ Element 10 (EulerBernoulliBeamElement3D) instantiated.
2026-02-26 16:16:58,678 [DEBUG]: ✅ Element 11 (EulerBernoulliBeamElement3D) instantiated.
2026-02-26 16:16:58,678 [DEBUG]: ✅ Element 12 (EulerBernoulliBeamElement3D) instantiated.
2026-02-26 16:16:58,678 [DEBUG]: ✅ Element 13 (EulerBernoulliBeamElement3D) instantiated.
2026-02-26 16:16:58,679 [DEBUG]: ✅ Element 14 (EulerBernoulliBeamElement3D) instantiated.
2026-02-26 16:16:58,679 [DEBUG]: ✅ Element 15 (EulerBernoulliBeamElement3D) instantiated.
2026-02-26 16:16:58,679 [DEBUG]: Logging verified for element 0.
2026-02-26 16:16:58,680 [DEBUG]: Logging verified for element 1.
2026-02-26 16:16:58,680 [DEBUG]: Logging verified for element 2.
2026-02-26 16:16:58,681 [DEBUG]: Logging verified for element 3.
2026-02-26 16:16:58,681 [DEBUG]: Logging verified for element 4.
2026-02-26 16:16:58,682 [DEBUG]: Logging verified for element 5.
2026-02-26 16:16:58,682 [DEBUG]: Logging verified for element 6.
2026-02-26 16:16:58,683 [DEBUG]: Logging verified for element 7.
2026-02-26 16:16:58,683 [DEBUG]: Logging verified for element 8.
2026-02-26 16:16:58,684 [DEBUG]: Logging verified for element 9.
2026-02-26 16:16:58,684 [DEBUG]: Logging verified for element 10.
2026-02-26 16:16:58,685 [DEBUG]: Logging verified for element 11.
2026-02-26 16:16:58,685 [DEBUG]: Logging verified for element 12.
2026-02-26 16:16:58,686 [DEBUG]: Logging verified for element 13.
2026-02-26 16:16:58,687 [DEBUG]: Logging verified for element 14.
2026-02-26 16:16:58,687 [DEBUG]: Logging verified for element 15.
2026-02-26 16:16:58,687 [INFO]: ✅ Batch element creation complete.
