2026-02-26 16:17:02,502 [DEBUG] 📁 Log file: c:\Users\s1834431\Programs\fem_model\post_processing\results\job_0002_n16_2026-02-26_16-16-58-458289_pid18316_041120b6\logs\SolveCondensedSystem.log (Module: solver, Line: 249)
2026-02-26 16:17:02,502 [DEBUG] Row/column scaling applied. (Module: solver, Line: 164)
2026-02-26 16:17:02,502 [DEBUG] Building ILU (drop_tol=1e-06, fill_factor=1.0) (Module: solver, Line: 77)
2026-02-26 16:17:02,503 [DEBUG] ILU fill-ratio = 1.12 (Module: solver, Line: 82)
2026-02-26 16:17:02,503 [INFO] Solver parameters • solver='cg', prec='auto', K nnz=400, dofs=96 (Module: solver, Line: 181)
2026-02-26 16:17:02,503 [INFO] Condensed condition estimate: 1.00e+00 (Module: solver, Line: 187)
2026-02-26 16:17:02,504 [DEBUG] Iter   10 | residual 1.913e-02 (Module: solver, Line: 328)
2026-02-26 16:17:02,504 [DEBUG] Iter   20 | residual 1.831e-02 (Module: solver, Line: 328)
2026-02-26 16:17:02,504 [DEBUG] Iter   30 | residual 1.846e-02 (Module: solver, Line: 328)
2026-02-26 16:17:02,504 [DEBUG] Iter   40 | residual 1.961e-02 (Module: solver, Line: 328)
2026-02-26 16:17:02,505 [DEBUG] Iter   50 | residual 2.093e-02 (Module: solver, Line: 328)
2026-02-26 16:17:02,505 [DEBUG] Iter   60 | residual 2.231e-02 (Module: solver, Line: 328)
2026-02-26 16:17:02,505 [DEBUG] Iter   70 | residual 2.368e-02 (Module: solver, Line: 328)
2026-02-26 16:17:02,505 [DEBUG] Iter   80 | residual 2.494e-02 (Module: solver, Line: 328)
2026-02-26 16:17:02,506 [DEBUG] Iter   90 | residual 2.605e-02 (Module: solver, Line: 328)
2026-02-26 16:17:02,506 [DEBUG] Iter  100 | residual 2.702e-02 (Module: solver, Line: 328)
2026-02-26 16:17:02,506 [DEBUG] Iter  110 | residual 2.786e-02 (Module: solver, Line: 328)
2026-02-26 16:17:02,506 [DEBUG] Iter  120 | residual 2.863e-02 (Module: solver, Line: 328)
2026-02-26 16:17:02,507 [DEBUG] Iter  130 | residual 2.937e-02 (Module: solver, Line: 328)
2026-02-26 16:17:02,507 [DEBUG] Iter  140 | residual 3.011e-02 (Module: solver, Line: 328)
2026-02-26 16:17:02,507 [DEBUG] Iter  150 | residual 3.088e-02 (Module: solver, Line: 328)
2026-02-26 16:17:02,507 [DEBUG] Iter  160 | residual 3.169e-02 (Module: solver, Line: 328)
2026-02-26 16:17:02,507 [DEBUG] Iter  170 | residual 3.256e-02 (Module: solver, Line: 328)
2026-02-26 16:17:02,508 [DEBUG] Iter  180 | residual 3.348e-02 (Module: solver, Line: 328)
2026-02-26 16:17:02,508 [DEBUG] Iter  190 | residual 3.445e-02 (Module: solver, Line: 328)
2026-02-26 16:17:02,509 [DEBUG] Iter  200 | residual 3.547e-02 (Module: solver, Line: 328)
2026-02-26 16:17:02,509 [DEBUG] Iter  210 | residual 3.652e-02 (Module: solver, Line: 328)
2026-02-26 16:17:02,510 [DEBUG] Iter  220 | residual 3.761e-02 (Module: solver, Line: 328)
2026-02-26 16:17:02,510 [DEBUG] Iter  230 | residual 3.871e-02 (Module: solver, Line: 328)
2026-02-26 16:17:02,510 [DEBUG] Iter  240 | residual 3.981e-02 (Module: solver, Line: 328)
2026-02-26 16:17:02,510 [DEBUG] Iter  250 | residual 4.092e-02 (Module: solver, Line: 328)
2026-02-26 16:17:02,511 [DEBUG] Iter  260 | residual 4.201e-02 (Module: solver, Line: 328)
2026-02-26 16:17:02,511 [DEBUG] Iter  270 | residual 4.308e-02 (Module: solver, Line: 328)
2026-02-26 16:17:02,512 [DEBUG] Iter  280 | residual 4.413e-02 (Module: solver, Line: 328)
2026-02-26 16:17:02,512 [DEBUG] Iter  290 | residual 4.514e-02 (Module: solver, Line: 328)
2026-02-26 16:17:02,513 [DEBUG] Iter  300 | residual 4.611e-02 (Module: solver, Line: 328)
2026-02-26 16:17:02,513 [DEBUG] Iter  310 | residual 4.704e-02 (Module: solver, Line: 328)
2026-02-26 16:17:02,513 [DEBUG] Iter  320 | residual 4.792e-02 (Module: solver, Line: 328)
2026-02-26 16:17:02,513 [DEBUG] Iter  330 | residual 4.875e-02 (Module: solver, Line: 328)
2026-02-26 16:17:02,514 [DEBUG] Iter  340 | residual 4.954e-02 (Module: solver, Line: 328)
2026-02-26 16:17:02,514 [DEBUG] Iter  350 | residual 5.027e-02 (Module: solver, Line: 328)
2026-02-26 16:17:02,514 [DEBUG] Iter  360 | residual 5.095e-02 (Module: solver, Line: 328)
2026-02-26 16:17:02,515 [DEBUG] Iter  370 | residual 5.157e-02 (Module: solver, Line: 328)
2026-02-26 16:17:02,515 [DEBUG] Iter  380 | residual 5.215e-02 (Module: solver, Line: 328)
2026-02-26 16:17:02,515 [DEBUG] Iter  390 | residual 5.268e-02 (Module: solver, Line: 328)
2026-02-26 16:17:02,515 [DEBUG] Iter  400 | residual 5.317e-02 (Module: solver, Line: 328)
2026-02-26 16:17:02,515 [DEBUG] Iter  410 | residual 5.360e-02 (Module: solver, Line: 328)
2026-02-26 16:17:02,515 [DEBUG] Iter  420 | residual 5.400e-02 (Module: solver, Line: 328)
2026-02-26 16:17:02,515 [DEBUG] Iter  430 | residual 5.435e-02 (Module: solver, Line: 328)
2026-02-26 16:17:02,515 [DEBUG] Iter  440 | residual 5.467e-02 (Module: solver, Line: 328)
2026-02-26 16:17:02,515 [DEBUG] Iter  450 | residual 5.495e-02 (Module: solver, Line: 328)
2026-02-26 16:17:02,515 [DEBUG] Iter  460 | residual 5.520e-02 (Module: solver, Line: 328)
2026-02-26 16:17:02,515 [DEBUG] Iter  470 | residual 5.542e-02 (Module: solver, Line: 328)
2026-02-26 16:17:02,515 [DEBUG] Iter  480 | residual 5.561e-02 (Module: solver, Line: 328)
2026-02-26 16:17:02,518 [DEBUG] Iter  490 | residual 5.577e-02 (Module: solver, Line: 328)
2026-02-26 16:17:02,518 [DEBUG] Iter  500 | residual 5.591e-02 (Module: solver, Line: 328)
2026-02-26 16:17:02,518 [DEBUG] Iter  510 | residual 5.603e-02 (Module: solver, Line: 328)
2026-02-26 16:17:02,518 [DEBUG] Iter  520 | residual 5.613e-02 (Module: solver, Line: 328)
2026-02-26 16:17:02,518 [DEBUG] Iter  530 | residual 5.621e-02 (Module: solver, Line: 328)
2026-02-26 16:17:02,518 [DEBUG] Iter  540 | residual 5.627e-02 (Module: solver, Line: 328)
2026-02-26 16:17:02,518 [DEBUG] Iter  550 | residual 5.632e-02 (Module: solver, Line: 328)
2026-02-26 16:17:02,518 [DEBUG] Iter  560 | residual 5.636e-02 (Module: solver, Line: 328)
2026-02-26 16:17:02,518 [DEBUG] Iter  570 | residual 5.639e-02 (Module: solver, Line: 328)
2026-02-26 16:17:02,520 [DEBUG] Iter  580 | residual 5.640e-02 (Module: solver, Line: 328)
2026-02-26 16:17:02,520 [DEBUG] Iter  590 | residual 5.641e-02 (Module: solver, Line: 328)
2026-02-26 16:17:02,520 [DEBUG] Iter  600 | residual 5.641e-02 (Module: solver, Line: 328)
2026-02-26 16:17:02,520 [DEBUG] Iter  610 | residual 5.640e-02 (Module: solver, Line: 328)
2026-02-26 16:17:02,520 [DEBUG] Iter  620 | residual 5.639e-02 (Module: solver, Line: 328)
2026-02-26 16:17:02,520 [DEBUG] Iter  630 | residual 5.637e-02 (Module: solver, Line: 328)
2026-02-26 16:17:02,520 [DEBUG] Iter  640 | residual 5.635e-02 (Module: solver, Line: 328)
2026-02-26 16:17:02,520 [DEBUG] Iter  650 | residual 5.632e-02 (Module: solver, Line: 328)
2026-02-26 16:17:02,522 [DEBUG] Iter  660 | residual 5.630e-02 (Module: solver, Line: 328)
2026-02-26 16:17:02,522 [DEBUG] Iter  670 | residual 5.626e-02 (Module: solver, Line: 328)
2026-02-26 16:17:02,522 [DEBUG] Iter  680 | residual 5.623e-02 (Module: solver, Line: 328)
2026-02-26 16:17:02,522 [DEBUG] Iter  690 | residual 5.620e-02 (Module: solver, Line: 328)
2026-02-26 16:17:02,522 [DEBUG] Iter  700 | residual 5.616e-02 (Module: solver, Line: 328)
2026-02-26 16:17:02,522 [DEBUG] Iter  710 | residual 5.612e-02 (Module: solver, Line: 328)
2026-02-26 16:17:02,522 [DEBUG] Iter  720 | residual 5.609e-02 (Module: solver, Line: 328)
2026-02-26 16:17:02,522 [DEBUG] Iter  730 | residual 5.605e-02 (Module: solver, Line: 328)
2026-02-26 16:17:02,524 [DEBUG] Iter  740 | residual 5.601e-02 (Module: solver, Line: 328)
2026-02-26 16:17:02,524 [DEBUG] Iter  750 | residual 5.598e-02 (Module: solver, Line: 328)
2026-02-26 16:17:02,524 [DEBUG] Iter  760 | residual 5.594e-02 (Module: solver, Line: 328)
2026-02-26 16:17:02,524 [DEBUG] Iter  770 | residual 5.590e-02 (Module: solver, Line: 328)
2026-02-26 16:17:02,524 [DEBUG] Iter  780 | residual 5.587e-02 (Module: solver, Line: 328)
2026-02-26 16:17:02,524 [DEBUG] Iter  790 | residual 5.583e-02 (Module: solver, Line: 328)
2026-02-26 16:17:02,526 [DEBUG] Iter  800 | residual 5.580e-02 (Module: solver, Line: 328)
2026-02-26 16:17:02,526 [DEBUG] Iter  810 | residual 5.577e-02 (Module: solver, Line: 328)
2026-02-26 16:17:02,526 [DEBUG] Iter  820 | residual 5.574e-02 (Module: solver, Line: 328)
2026-02-26 16:17:02,527 [DEBUG] Iter  830 | residual 5.571e-02 (Module: solver, Line: 328)
2026-02-26 16:17:02,527 [DEBUG] Iter  840 | residual 5.568e-02 (Module: solver, Line: 328)
2026-02-26 16:17:02,527 [DEBUG] Iter  850 | residual 5.565e-02 (Module: solver, Line: 328)
2026-02-26 16:17:02,527 [DEBUG] Iter  860 | residual 5.562e-02 (Module: solver, Line: 328)
2026-02-26 16:17:02,528 [DEBUG] Iter  870 | residual 5.559e-02 (Module: solver, Line: 328)
2026-02-26 16:17:02,528 [DEBUG] Iter  880 | residual 5.557e-02 (Module: solver, Line: 328)
2026-02-26 16:17:02,528 [DEBUG] Iter  890 | residual 5.554e-02 (Module: solver, Line: 328)
2026-02-26 16:17:02,528 [DEBUG] Iter  900 | residual 5.552e-02 (Module: solver, Line: 328)
2026-02-26 16:17:02,529 [DEBUG] Iter  910 | residual 5.550e-02 (Module: solver, Line: 328)
2026-02-26 16:17:02,529 [DEBUG] Iter  920 | residual 5.548e-02 (Module: solver, Line: 328)
2026-02-26 16:17:02,529 [DEBUG] Iter  930 | residual 5.546e-02 (Module: solver, Line: 328)
2026-02-26 16:17:02,529 [DEBUG] Iter  940 | residual 5.544e-02 (Module: solver, Line: 328)
2026-02-26 16:17:02,530 [DEBUG] Iter  950 | residual 5.542e-02 (Module: solver, Line: 328)
2026-02-26 16:17:02,530 [DEBUG] Iter  960 | residual 5.540e-02 (Module: solver, Line: 328)
2026-02-26 16:17:02,530 [DEBUG] Iter  970 | residual 5.538e-02 (Module: solver, Line: 328)
2026-02-26 16:17:02,530 [DEBUG] Iter  980 | residual 5.537e-02 (Module: solver, Line: 328)
2026-02-26 16:17:02,531 [DEBUG] Iter  990 | residual 5.535e-02 (Module: solver, Line: 328)
2026-02-26 16:17:02,531 [DEBUG] Iter 1000 | residual 5.534e-02 (Module: solver, Line: 328)
2026-02-26 16:17:02,531 [WARNING] Solver info=1000 (not converged). (Module: solver, Line: 344)
2026-02-26 16:17:02,531 [INFO] Retrying with ILU preconditioner … (Module: solver, Line: 351)
2026-02-26 16:17:02,531 [DEBUG] Building ILU (drop_tol=1e-06, fill_factor=1.0) (Module: solver, Line: 77)
2026-02-26 16:17:02,532 [DEBUG] ILU fill-ratio = 1.12 (Module: solver, Line: 82)
2026-02-26 16:17:02,532 [DEBUG] Iter 1010 | residual 1.913e-02 (Module: solver, Line: 328)
2026-02-26 16:17:02,532 [DEBUG] Iter 1020 | residual 1.831e-02 (Module: solver, Line: 328)
2026-02-26 16:17:02,533 [DEBUG] Iter 1030 | residual 1.846e-02 (Module: solver, Line: 328)
2026-02-26 16:17:02,533 [DEBUG] Iter 1040 | residual 1.961e-02 (Module: solver, Line: 328)
2026-02-26 16:17:02,533 [DEBUG] Iter 1050 | residual 2.093e-02 (Module: solver, Line: 328)
2026-02-26 16:17:02,533 [DEBUG] Iter 1060 | residual 2.231e-02 (Module: solver, Line: 328)
2026-02-26 16:17:02,534 [DEBUG] Iter 1070 | residual 2.368e-02 (Module: solver, Line: 328)
2026-02-26 16:17:02,534 [DEBUG] Iter 1080 | residual 2.494e-02 (Module: solver, Line: 328)
2026-02-26 16:17:02,534 [DEBUG] Iter 1090 | residual 2.605e-02 (Module: solver, Line: 328)
2026-02-26 16:17:02,534 [DEBUG] Iter 1100 | residual 2.702e-02 (Module: solver, Line: 328)
2026-02-26 16:17:02,535 [DEBUG] Iter 1110 | residual 2.786e-02 (Module: solver, Line: 328)
2026-02-26 16:17:02,535 [DEBUG] Iter 1120 | residual 2.863e-02 (Module: solver, Line: 328)
2026-02-26 16:17:02,535 [DEBUG] Iter 1130 | residual 2.937e-02 (Module: solver, Line: 328)
2026-02-26 16:17:02,535 [DEBUG] Iter 1140 | residual 3.011e-02 (Module: solver, Line: 328)
2026-02-26 16:17:02,536 [DEBUG] Iter 1150 | residual 3.088e-02 (Module: solver, Line: 328)
2026-02-26 16:17:02,536 [DEBUG] Iter 1160 | residual 3.169e-02 (Module: solver, Line: 328)
2026-02-26 16:17:02,536 [DEBUG] Iter 1170 | residual 3.256e-02 (Module: solver, Line: 328)
2026-02-26 16:17:02,536 [DEBUG] Iter 1180 | residual 3.348e-02 (Module: solver, Line: 328)
2026-02-26 16:17:02,537 [DEBUG] Iter 1190 | residual 3.445e-02 (Module: solver, Line: 328)
2026-02-26 16:17:02,537 [DEBUG] Iter 1200 | residual 3.547e-02 (Module: solver, Line: 328)
2026-02-26 16:17:02,537 [DEBUG] Iter 1210 | residual 3.652e-02 (Module: solver, Line: 328)
2026-02-26 16:17:02,537 [DEBUG] Iter 1220 | residual 3.761e-02 (Module: solver, Line: 328)
2026-02-26 16:17:02,538 [DEBUG] Iter 1230 | residual 3.871e-02 (Module: solver, Line: 328)
2026-02-26 16:17:02,538 [DEBUG] Iter 1240 | residual 3.981e-02 (Module: solver, Line: 328)
2026-02-26 16:17:02,538 [DEBUG] Iter 1250 | residual 4.092e-02 (Module: solver, Line: 328)
2026-02-26 16:17:02,538 [DEBUG] Iter 1260 | residual 4.201e-02 (Module: solver, Line: 328)
2026-02-26 16:17:02,539 [DEBUG] Iter 1270 | residual 4.308e-02 (Module: solver, Line: 328)
2026-02-26 16:17:02,539 [DEBUG] Iter 1280 | residual 4.413e-02 (Module: solver, Line: 328)
2026-02-26 16:17:02,539 [DEBUG] Iter 1290 | residual 4.514e-02 (Module: solver, Line: 328)
2026-02-26 16:17:02,539 [DEBUG] Iter 1300 | residual 4.611e-02 (Module: solver, Line: 328)
2026-02-26 16:17:02,539 [DEBUG] Iter 1310 | residual 4.704e-02 (Module: solver, Line: 328)
2026-02-26 16:17:02,540 [DEBUG] Iter 1320 | residual 4.792e-02 (Module: solver, Line: 328)
2026-02-26 16:17:02,540 [DEBUG] Iter 1330 | residual 4.875e-02 (Module: solver, Line: 328)
2026-02-26 16:17:02,540 [DEBUG] Iter 1340 | residual 4.954e-02 (Module: solver, Line: 328)
2026-02-26 16:17:02,540 [DEBUG] Iter 1350 | residual 5.027e-02 (Module: solver, Line: 328)
2026-02-26 16:17:02,541 [DEBUG] Iter 1360 | residual 5.095e-02 (Module: solver, Line: 328)
2026-02-26 16:17:02,541 [DEBUG] Iter 1370 | residual 5.157e-02 (Module: solver, Line: 328)
2026-02-26 16:17:02,541 [DEBUG] Iter 1380 | residual 5.215e-02 (Module: solver, Line: 328)
2026-02-26 16:17:02,541 [DEBUG] Iter 1390 | residual 5.268e-02 (Module: solver, Line: 328)
2026-02-26 16:17:02,542 [DEBUG] Iter 1400 | residual 5.317e-02 (Module: solver, Line: 328)
2026-02-26 16:17:02,542 [DEBUG] Iter 1410 | residual 5.360e-02 (Module: solver, Line: 328)
2026-02-26 16:17:02,542 [DEBUG] Iter 1420 | residual 5.400e-02 (Module: solver, Line: 328)
2026-02-26 16:17:02,542 [DEBUG] Iter 1430 | residual 5.435e-02 (Module: solver, Line: 328)
2026-02-26 16:17:02,543 [DEBUG] Iter 1440 | residual 5.467e-02 (Module: solver, Line: 328)
2026-02-26 16:17:02,543 [DEBUG] Iter 1450 | residual 5.495e-02 (Module: solver, Line: 328)
2026-02-26 16:17:02,543 [DEBUG] Iter 1460 | residual 5.520e-02 (Module: solver, Line: 328)
2026-02-26 16:17:02,544 [DEBUG] Iter 1470 | residual 5.542e-02 (Module: solver, Line: 328)
2026-02-26 16:17:02,544 [DEBUG] Iter 1480 | residual 5.561e-02 (Module: solver, Line: 328)
2026-02-26 16:17:02,544 [DEBUG] Iter 1490 | residual 5.577e-02 (Module: solver, Line: 328)
2026-02-26 16:17:02,544 [DEBUG] Iter 1500 | residual 5.591e-02 (Module: solver, Line: 328)
2026-02-26 16:17:02,544 [DEBUG] Iter 1510 | residual 5.603e-02 (Module: solver, Line: 328)
2026-02-26 16:17:02,544 [DEBUG] Iter 1520 | residual 5.613e-02 (Module: solver, Line: 328)
2026-02-26 16:17:02,544 [DEBUG] Iter 1530 | residual 5.621e-02 (Module: solver, Line: 328)
2026-02-26 16:17:02,544 [DEBUG] Iter 1540 | residual 5.627e-02 (Module: solver, Line: 328)
2026-02-26 16:17:02,544 [DEBUG] Iter 1550 | residual 5.632e-02 (Module: solver, Line: 328)
2026-02-26 16:17:02,544 [DEBUG] Iter 1560 | residual 5.636e-02 (Module: solver, Line: 328)
2026-02-26 16:17:02,544 [DEBUG] Iter 1570 | residual 5.639e-02 (Module: solver, Line: 328)
2026-02-26 16:17:02,544 [DEBUG] Iter 1580 | residual 5.640e-02 (Module: solver, Line: 328)
2026-02-26 16:17:02,544 [DEBUG] Iter 1590 | residual 5.641e-02 (Module: solver, Line: 328)
2026-02-26 16:17:02,547 [DEBUG] Iter 1600 | residual 5.641e-02 (Module: solver, Line: 328)
2026-02-26 16:17:02,547 [DEBUG] Iter 1610 | residual 5.640e-02 (Module: solver, Line: 328)
2026-02-26 16:17:02,549 [DEBUG] Iter 1620 | residual 5.639e-02 (Module: solver, Line: 328)
2026-02-26 16:17:02,549 [DEBUG] Iter 1630 | residual 5.637e-02 (Module: solver, Line: 328)
2026-02-26 16:17:02,549 [DEBUG] Iter 1640 | residual 5.635e-02 (Module: solver, Line: 328)
2026-02-26 16:17:02,550 [DEBUG] Iter 1650 | residual 5.632e-02 (Module: solver, Line: 328)
2026-02-26 16:17:02,550 [DEBUG] Iter 1660 | residual 5.630e-02 (Module: solver, Line: 328)
2026-02-26 16:17:02,550 [DEBUG] Iter 1670 | residual 5.626e-02 (Module: solver, Line: 328)
2026-02-26 16:17:02,551 [DEBUG] Iter 1680 | residual 5.623e-02 (Module: solver, Line: 328)
2026-02-26 16:17:02,551 [DEBUG] Iter 1690 | residual 5.620e-02 (Module: solver, Line: 328)
2026-02-26 16:17:02,551 [DEBUG] Iter 1700 | residual 5.616e-02 (Module: solver, Line: 328)
2026-02-26 16:17:02,551 [DEBUG] Iter 1710 | residual 5.612e-02 (Module: solver, Line: 328)
2026-02-26 16:17:02,552 [DEBUG] Iter 1720 | residual 5.609e-02 (Module: solver, Line: 328)
2026-02-26 16:17:02,552 [DEBUG] Iter 1730 | residual 5.605e-02 (Module: solver, Line: 328)
2026-02-26 16:17:02,552 [DEBUG] Iter 1740 | residual 5.601e-02 (Module: solver, Line: 328)
2026-02-26 16:17:02,552 [DEBUG] Iter 1750 | residual 5.598e-02 (Module: solver, Line: 328)
2026-02-26 16:17:02,553 [DEBUG] Iter 1760 | residual 5.594e-02 (Module: solver, Line: 328)
2026-02-26 16:17:02,553 [DEBUG] Iter 1770 | residual 5.590e-02 (Module: solver, Line: 328)
2026-02-26 16:17:02,553 [DEBUG] Iter 1780 | residual 5.587e-02 (Module: solver, Line: 328)
2026-02-26 16:17:02,553 [DEBUG] Iter 1790 | residual 5.583e-02 (Module: solver, Line: 328)
2026-02-26 16:17:02,554 [DEBUG] Iter 1800 | residual 5.580e-02 (Module: solver, Line: 328)
2026-02-26 16:17:02,554 [DEBUG] Iter 1810 | residual 5.577e-02 (Module: solver, Line: 328)
2026-02-26 16:17:02,554 [DEBUG] Iter 1820 | residual 5.574e-02 (Module: solver, Line: 328)
2026-02-26 16:17:02,554 [DEBUG] Iter 1830 | residual 5.571e-02 (Module: solver, Line: 328)
2026-02-26 16:17:02,554 [DEBUG] Iter 1840 | residual 5.568e-02 (Module: solver, Line: 328)
2026-02-26 16:17:02,554 [DEBUG] Iter 1850 | residual 5.565e-02 (Module: solver, Line: 328)
2026-02-26 16:17:02,554 [DEBUG] Iter 1860 | residual 5.562e-02 (Module: solver, Line: 328)
2026-02-26 16:17:02,554 [DEBUG] Iter 1870 | residual 5.559e-02 (Module: solver, Line: 328)
2026-02-26 16:17:02,554 [DEBUG] Iter 1880 | residual 5.557e-02 (Module: solver, Line: 328)
2026-02-26 16:17:02,554 [DEBUG] Iter 1890 | residual 5.554e-02 (Module: solver, Line: 328)
2026-02-26 16:17:02,554 [DEBUG] Iter 1900 | residual 5.552e-02 (Module: solver, Line: 328)
2026-02-26 16:17:02,554 [DEBUG] Iter 1910 | residual 5.550e-02 (Module: solver, Line: 328)
2026-02-26 16:17:02,554 [DEBUG] Iter 1920 | residual 5.548e-02 (Module: solver, Line: 328)
2026-02-26 16:17:02,554 [DEBUG] Iter 1930 | residual 5.546e-02 (Module: solver, Line: 328)
2026-02-26 16:17:02,554 [DEBUG] Iter 1940 | residual 5.544e-02 (Module: solver, Line: 328)
2026-02-26 16:17:02,554 [DEBUG] Iter 1950 | residual 5.542e-02 (Module: solver, Line: 328)
2026-02-26 16:17:02,557 [DEBUG] Iter 1960 | residual 5.540e-02 (Module: solver, Line: 328)
2026-02-26 16:17:02,557 [DEBUG] Iter 1970 | residual 5.538e-02 (Module: solver, Line: 328)
2026-02-26 16:17:02,557 [DEBUG] Iter 1980 | residual 5.537e-02 (Module: solver, Line: 328)
2026-02-26 16:17:02,557 [DEBUG] Iter 1990 | residual 5.535e-02 (Module: solver, Line: 328)
2026-02-26 16:17:02,557 [DEBUG] Iter 2000 | residual 5.534e-02 (Module: solver, Line: 328)
2026-02-26 16:17:02,557 [WARNING] Solver info=1000 (not converged). (Module: solver, Line: 344)
2026-02-26 16:17:02,557 [INFO] Switching to direct SuperLU fall-back. (Module: solver, Line: 359)
2026-02-26 16:17:02,557 [DEBUG] Using SuperLU direct solver (Module: solver, Line: 306)
2026-02-26 16:17:02,559 [INFO] Condensed residual norm: 6.849e-03 (Module: solver, Line: 204)
2026-02-26 16:17:02,559 [WARNING] Residual is high – verify model! (Module: solver, Line: 207)
2026-02-26 16:17:02,559 [INFO] 📊 Condensed solver report: (Module: solver, Line: 384)
2026-02-26 16:17:02,559 [INFO]  • dofs: 96 (Module: solver, Line: 386)
2026-02-26 16:17:02,559 [INFO]  • nnz: 400 (Module: solver, Line: 386)
2026-02-26 16:17:02,559 [INFO]  • density: 0.043402777777777776 (Module: solver, Line: 386)
2026-02-26 16:17:02,559 [INFO]  • condition_est: 1.003056312916477 (Module: solver, Line: 386)
2026-02-26 16:17:02,560 [INFO]  • solve_phases: {'iterative': 0.026306400000066787, 'factorization': 0.0004564000000755186, 'solution': 0.0004757999995490536} (Module: solver, Line: 386)
2026-02-26 16:17:02,560 [INFO]  • iters: 2000 (Module: solver, Line: 386)
2026-02-26 16:17:02,560 [INFO]  • final_residual: 0.05533987773306124 (Module: solver, Line: 386)
