Machine Specifications:
   - OS: Windows 11 (10.0.26100)
       • Logical cores: 20
       • Physical cores: 12
   - RAM: 31.24 GB
   - Disk: 943.72 GB total, 2.52 GB free
   - Python Version: 3.12.5 (C:\Users\s1834431\AppData\Local\Programs\Python\Python312\python.exe)
   - GPU(s): Intel(R) UHD Graphics 770

Job: job_0006_n4
Timestamp (job start): 2026-02-26_16-18-18-138828
Total Time: 6.35 sec

+-------------------------------+------------+---------------+-------------+-----------+
| Step                          |   Time (s) |   Memory (MB) |   Disk (GB) |   CPU (%) |
+===============================+============+===============+=============+===========+
| Parsing                       |  0.0020318 |       136.855 |     941.193 |         0 |
+-------------------------------+------------+---------------+-------------+-----------+
| Element Instantiation         |  0.0186429 |       136.855 |     941.193 |         0 |
+-------------------------------+------------+---------------+-------------+-----------+
| Element Stiffness Computation |  0.0121698 |       136.855 |     941.193 |         0 |
+-------------------------------+------------+---------------+-------------+-----------+
| Element Force Computation     |  0.0035634 |       136.855 |     941.194 |         0 |
+-------------------------------+------------+---------------+-------------+-----------+
| Full Simulation               |  5.69209   |       136.855 |     941.197 |         0 |
+-------------------------------+------------+---------------+-------------+-----------+

Parallel Jobs: None
Start Memory: 136.86 MB | End Memory: 136.86 MB
Start Disk Usage: 941.19 GB | End Disk Usage: 941.20 GB
Start CPU: 0.00% | End CPU: 0.00%
