
=== Element 97 Force Vector Computation ===

=== Distributed Loads ===
=== N (12, 6) ===
[[ 0.887298  0.        0.        0.        0.        0.      ]
 [ 0.        0.887298  0.        0.        0.        0.      ]
 [ 0.        0.        0.887298  0.        0.        0.      ]
 [ 0.        0.        0.        0.887298  0.        0.      ]
 [ 0.        0.        0.        0.       -0.887298  0.      ]
 [ 0.        0.        0.        0.        0.        0.887298]
 [ 0.112702  0.        0.        0.        0.        0.      ]
 [ 0.        0.112702  0.        0.        0.        0.      ]
 [ 0.        0.        0.112702  0.        0.        0.      ]
 [ 0.        0.        0.        0.112702  0.        0.      ]
 [ 0.        0.        0.        0.       -0.112702  0.      ]
 [ 0.        0.        0.        0.        0.        0.112702]]

=== q (6,) ===
[   0.       -379.346491    0.          0.          0.          0.      ]

=== N (12, 6) ===
[[ 0.5  0.   0.   0.   0.   0. ]
 [ 0.   0.5  0.   0.   0.   0. ]
 [ 0.   0.   0.5  0.   0.   0. ]
 [ 0.   0.   0.   0.5  0.   0. ]
 [ 0.   0.   0.   0.  -0.5  0. ]
 [ 0.   0.   0.   0.   0.   0.5]
 [ 0.5  0.   0.   0.   0.   0. ]
 [ 0.   0.5  0.   0.   0.   0. ]
 [ 0.   0.   0.5  0.   0.   0. ]
 [ 0.   0.   0.   0.5  0.   0. ]
 [ 0.   0.   0.   0.  -0.5  0. ]
 [ 0.   0.   0.   0.   0.   0.5]]

=== q (6,) ===
[   0.       -380.859375    0.          0.          0.          0.      ]

=== N (12, 6) ===
[[ 0.112702  0.        0.        0.        0.        0.      ]
 [ 0.        0.112702  0.        0.        0.        0.      ]
 [ 0.        0.        0.112702  0.        0.        0.      ]
 [ 0.        0.        0.        0.112702  0.        0.      ]
 [ 0.        0.        0.        0.       -0.112702  0.      ]
 [ 0.        0.        0.        0.        0.        0.112702]
 [ 0.887298  0.        0.        0.        0.        0.      ]
 [ 0.        0.887298  0.        0.        0.        0.      ]
 [ 0.        0.        0.887298  0.        0.        0.      ]
 [ 0.        0.        0.        0.887298  0.        0.      ]
 [ 0.        0.        0.        0.       -0.887298  0.      ]
 [ 0.        0.        0.        0.        0.        0.887298]]

=== q (6,) ===
[   0.       -382.372259    0.          0.          0.          0.      ]

=== Total Fe (12,) ===
[[ 0.       -2.970378  0.        0.        0.        0.        0.       -2.98055   0.
   0.        0.        0.      ]]

=== Final Force Vector ===
[[ 0.       -2.970378  0.        0.        0.        0.        0.       -2.98055   0.        0.        0.
   0.      ]]

