
=== Element 8 Force Vector Computation ===

=== Distributed Loads ===
=== N (12, 6) ===
[[ 0.887298  0.        0.        0.        0.        0.      ]
 [ 0.        0.887298  0.        0.        0.        0.      ]
 [ 0.        0.        0.887298  0.        0.        0.      ]
 [ 0.        0.        0.        0.887298  0.        0.      ]
 [ 0.        0.        0.        0.       -0.887298  0.      ]
 [ 0.        0.        0.        0.        0.        0.887298]
 [ 0.112702  0.        0.        0.        0.        0.      ]
 [ 0.        0.112702  0.        0.        0.        0.      ]
 [ 0.        0.        0.112702  0.        0.        0.      ]
 [ 0.        0.        0.        0.112702  0.        0.      ]
 [ 0.        0.        0.        0.       -0.112702  0.      ]
 [ 0.        0.        0.        0.        0.        0.112702]]

=== q (6,) ===
[  0.       -31.690241   0.         0.         0.         0.      ]

=== N (12, 6) ===
[[ 0.5  0.   0.   0.   0.   0. ]
 [ 0.   0.5  0.   0.   0.   0. ]
 [ 0.   0.   0.5  0.   0.   0. ]
 [ 0.   0.   0.   0.5  0.   0. ]
 [ 0.   0.   0.   0.  -0.5  0. ]
 [ 0.   0.   0.   0.   0.   0.5]
 [ 0.5  0.   0.   0.   0.   0. ]
 [ 0.   0.5  0.   0.   0.   0. ]
 [ 0.   0.   0.5  0.   0.   0. ]
 [ 0.   0.   0.   0.5  0.   0. ]
 [ 0.   0.   0.   0.  -0.5  0. ]
 [ 0.   0.   0.   0.   0.   0.5]]

=== q (6,) ===
[  0.       -33.203125   0.         0.         0.         0.      ]

=== N (12, 6) ===
[[ 0.112702  0.        0.        0.        0.        0.      ]
 [ 0.        0.112702  0.        0.        0.        0.      ]
 [ 0.        0.        0.112702  0.        0.        0.      ]
 [ 0.        0.        0.        0.112702  0.        0.      ]
 [ 0.        0.        0.        0.       -0.112702  0.      ]
 [ 0.        0.        0.        0.        0.        0.112702]
 [ 0.887298  0.        0.        0.        0.        0.      ]
 [ 0.        0.887298  0.        0.        0.        0.      ]
 [ 0.        0.        0.887298  0.        0.        0.      ]
 [ 0.        0.        0.        0.887298  0.        0.      ]
 [ 0.        0.        0.        0.       -0.887298  0.      ]
 [ 0.        0.        0.        0.        0.        0.887298]]

=== q (6,) ===
[  0.       -34.716009   0.         0.         0.         0.      ]

=== Total Fe (12,) ===
[[ 0.       -0.254313  0.        0.        0.        0.        0.       -0.264486  0.
   0.        0.        0.      ]]

=== Final Force Vector ===
[[ 0.       -0.254313  0.        0.        0.        0.        0.       -0.264486  0.        0.        0.
   0.      ]]

