--------------------------------------------------------------------------
Machine specifications – written 2026-02-26 16:19:34.568854
OS          : Windows 11 (10.0.26100)
CPU         : 12th Gen Intel(R) Core(TM) i7-12700
   logical  : 20
   physical : 12
RAM         : 31.24 GB
Disk        : 943.72 GB total  /  2.48 GB free
Python      : 3.12.5  (C:\Users\s1834431\AppData\Local\Programs\Python\Python312\python.exe)
GPU(s)      : Intel(R) UHD Graphics 770
--------------------------------------------------------------------------

Runtime telemetry header written → C:\Users\s1834431\Programs\fem_model\post_processing\results\job_0010_n64_2026-02-26_16-19-30-571529_pid18316_690d4b79\diagnostics\RuntimeMonitorTelemetry.log
2026-02-26 16:19:34 │ PrepareLocalSystem BEGIN   │ Δt  0.00 s │ RAM   137.5 MB │ CPU  16.7 % │ Disk  941.2 GB
2026-02-26 16:19:35 │ PrepareLocalSystem END     │ Δt  0.21 s │ RAM   137.5 MB │ CPU   3.6 % │ Disk  941.2 GB
2026-02-26 16:19:35 │ AssembleGlobalSystem BEGIN │ Δt  0.20 s │ RAM   137.5 MB │ CPU   6.0 % │ Disk  941.2 GB
2026-02-26 16:19:35 │ AssembleGlobalSystem END   │ Δt  0.23 s │ RAM   137.6 MB │ CPU  18.3 % │ Disk  941.2 GB
2026-02-26 16:19:35 │ ModifyGlobalSystem BEGIN   │ Δt  0.35 s │ RAM   137.7 MB │ CPU   7.3 % │ Disk  941.2 GB
2026-02-26 16:19:36 │ ModifyGlobalSystem END     │ Δt  0.22 s │ RAM   137.7 MB │ CPU  38.6 % │ Disk  941.2 GB
2026-02-26 16:19:36 │ CondenseModifiedSystem BEGIN │ Δt  0.36 s │ RAM   137.7 MB │ CPU  22.4 % │ Disk  941.2 GB
2026-02-26 16:19:36 │ CondenseModifiedSystem END │ Δt  0.23 s │ RAM   137.7 MB │ CPU  11.7 % │ Disk  941.2 GB
2026-02-26 16:19:37 │ SolveCondensedSystem BEGIN │ Δt  0.37 s │ RAM   137.7 MB │ CPU  14.8 % │ Disk  941.2 GB
2026-02-26 16:19:37 │ SolveCondensedSystem END   │ Δt  0.31 s │ RAM   137.7 MB │ CPU  31.0 % │ Disk  941.2 GB
2026-02-26 16:19:37 │ ReconstructGlobalSystem BEGIN │ Δt  0.20 s │ RAM   137.7 MB │ CPU  12.6 % │ Disk  941.2 GB
2026-02-26 16:19:37 │ ReconstructGlobalSystem END │ Δt  0.22 s │ RAM   137.7 MB │ CPU   5.3 % │ Disk  941.2 GB
2026-02-26 16:19:37 │ ComputePrimaryResults BEGIN │ Δt  0.20 s │ RAM   137.7 MB │ CPU   7.0 % │ Disk  941.2 GB
2026-02-26 16:19:38 │ ComputePrimaryResults END  │ Δt  0.51 s │ RAM   137.7 MB │ CPU  48.7 % │ Disk  941.2 GB
2026-02-26 16:19:38 │ SaveFormulationCache BEGIN │ Δt  0.20 s │ RAM   137.7 MB │ CPU  36.2 % │ Disk  941.2 GB
2026-02-26 16:19:38 │ SaveFormulationCache END   │ Δt  0.29 s │ RAM   137.7 MB │ CPU   6.9 % │ Disk  941.2 GB
2026-02-26 16:19:39 │ ComputeSecondaryResults BEGIN │ Δt  0.20 s │ RAM   137.7 MB │ CPU   5.9 % │ Disk  941.2 GB
2026-02-26 16:19:39 │ ComputeSecondaryResults END │ Δt  0.28 s │ RAM   137.7 MB │ CPU  12.4 % │ Disk  941.2 GB
2026-02-26 16:19:39 │ ComputeTertiaryResults BEGIN │ Δt  0.20 s │ RAM   137.7 MB │ CPU   6.0 % │ Disk  941.2 GB
2026-02-26 16:19:39 │ ComputeTertiaryResults END │ Δt  0.29 s │ RAM   137.7 MB │ CPU  10.7 % │ Disk  941.2 GB
