--------------------------------------------------------------------------
### Global System

                   │ CURRENT            │ EVOLUTION         
Equations          │ 774                │ 774               
Dirichlet          │ 0                  │ 0                 
Eliminated         │ 0                  │ 0                 
Unknowns           │ 774                │ 774               
nnz                │ 3850               │ 3850              
Density            │ 6.43e-03           │ 6.43e-03          
Zero rows          │ 0                  │ 0                 
Zero cols          │ 0                  │ 0                 
Bandwidth          │ 10                 │ 10                
Symmetric          │ yes                │ yes               
Rank               │ 768                │ 768               
Cond-no            │ 1.2e+18            │ 1.2e+18           
λmin/λmax          │ —                  │ —                 
Inertia            │ —                  │ —                 
b-min/max          │ -5.0e+02/0.0e+00   │ -5.0e+02/0.0e+00  
Σb                 │ -5.0e+02           │ -5.0e+02          
Top|b|             │ 385:-5.0e+02, 767:0.0e+00, 766:0.0e+00 │ 385:-5.0e+02, 767:0.0e+00, 766:0.0e+00

2026-02-26 16:18:29,280 [INFO] 🩺  Global System diagnostics appended → C:\Users\s1834431\Programs\fem_model\post_processing\results\job_0007_n128_2026-02-26_16-18-23-533868_pid18316_a0506f5e\diagnostics\DiagnoseLinearStaticSystem.log
--------------------------------------------------------------------------
### Modified System

                   │ CURRENT            │ EVOLUTION         
Equations          │ 774                │ 774               
Dirichlet          │ 0                  │ 6                 
Eliminated         │ 0                  │ 0                 
Unknowns           │ 774                │ 768               
nnz                │ 3826               │ 3850              
Density            │ 6.39e-03           │ 6.43e-03          
Zero rows          │ 0                  │ 0                 
Zero cols          │ 0                  │ 0                 
Bandwidth          │ 10                 │ 10                
Symmetric          │ yes                │ yes               
Rank               │ 6                  │ 768               
Cond-no            │ 5.0e+34            │ 1.2e+18           
λmin/λmax          │ —                  │ —                 
Inertia            │ —                  │ —                 
b-min/max          │ -5.0e+02/0.0e+00   │ -5.0e+02/0.0e+00  
Σb                 │ -5.0e+02           │ -5.0e+02          
Top|b|             │ 385:-5.0e+02, 767:0.0e+00, 766:0.0e+00 │ 385:-5.0e+02, 767:0.0e+00, 766:0.0e+00

2026-02-26 16:18:30,417 [INFO] 🩺  Modified System diagnostics appended → C:\Users\s1834431\Programs\fem_model\post_processing\results\job_0007_n128_2026-02-26_16-18-23-533868_pid18316_a0506f5e\diagnostics\DiagnoseLinearStaticSystem.log
--------------------------------------------------------------------------
### Condensed System

                   │ CURRENT            │ EVOLUTION         
Equations          │ 768                │ 774               
Dirichlet          │ 0                  │ 6                 
Eliminated         │ 0                  │ 6                 
Unknowns           │ 768                │ 762               
nnz                │ 3820               │ 3850              
Density            │ 6.48e-03           │ 6.43e-03          
Zero rows          │ 0                  │ 0                 
Zero cols          │ 0                  │ 0                 
Bandwidth          │ 10                 │ 10                
Symmetric          │ yes                │ yes               
Rank               │ 768                │ 768               
Cond-no            │ 3.5e+09            │ 1.2e+18           
λmin/λmax          │ —                  │ —                 
Inertia            │ —                  │ —                 
b-min/max          │ -5.0e+02/0.0e+00   │ -5.0e+02/0.0e+00  
Σb                 │ -5.0e+02           │ -5.0e+02          
Top|b|             │ 379:-5.0e+02, 767:0.0e+00, 766:0.0e+00 │ 385:-5.0e+02, 767:0.0e+00, 766:0.0e+00

2026-02-26 16:18:31,601 [INFO] 🩺  Condensed System diagnostics appended → C:\Users\s1834431\Programs\fem_model\post_processing\results\job_0007_n128_2026-02-26_16-18-23-533868_pid18316_a0506f5e\diagnostics\DiagnoseLinearStaticSystem.log
