--------------------------------------------------------------------------
Machine specifications – written 2026-02-26 16:18:27.652870
OS          : Windows 11 (10.0.26100)
CPU         : 12th Gen Intel(R) Core(TM) i7-12700
   logical  : 20
   physical : 12
RAM         : 31.24 GB
Disk        : 943.72 GB total  /  2.52 GB free
Python      : 3.12.5  (C:\Users\s1834431\AppData\Local\Programs\Python\Python312\python.exe)
GPU(s)      : Intel(R) UHD Graphics 770
--------------------------------------------------------------------------

Runtime telemetry header written → C:\Users\s1834431\Programs\fem_model\post_processing\results\job_0007_n128_2026-02-26_16-18-23-533868_pid18316_a0506f5e\diagnostics\RuntimeMonitorTelemetry.log
2026-02-26 16:18:27 │ PrepareLocalSystem BEGIN   │ Δt  0.00 s │ RAM   134.9 MB │ CPU   1.6 % │ Disk  941.2 GB
2026-02-26 16:18:28 │ PrepareLocalSystem END     │ Δt  0.21 s │ RAM   134.9 MB │ CPU   4.6 % │ Disk  941.2 GB
2026-02-26 16:18:28 │ AssembleGlobalSystem BEGIN │ Δt  0.20 s │ RAM   134.9 MB │ CPU   5.7 % │ Disk  941.2 GB
2026-02-26 16:18:28 │ AssembleGlobalSystem END   │ Δt  0.24 s │ RAM   134.9 MB │ CPU  29.2 % │ Disk  941.2 GB
2026-02-26 16:18:29 │ ModifyGlobalSystem BEGIN   │ Δt  0.90 s │ RAM   135.5 MB │ CPU  15.6 % │ Disk  941.2 GB
2026-02-26 16:18:29 │ ModifyGlobalSystem END     │ Δt  0.23 s │ RAM   135.6 MB │ CPU  16.9 % │ Disk  941.2 GB
2026-02-26 16:18:30 │ CondenseModifiedSystem BEGIN │ Δt  0.91 s │ RAM   135.6 MB │ CPU   2.2 % │ Disk  941.2 GB
2026-02-26 16:18:30 │ CondenseModifiedSystem END │ Δt  0.26 s │ RAM   135.8 MB │ CPU   4.2 % │ Disk  941.2 GB
2026-02-26 16:18:31 │ SolveCondensedSystem BEGIN │ Δt  0.92 s │ RAM   136.2 MB │ CPU  15.1 % │ Disk  941.2 GB
2026-02-26 16:18:32 │ SolveCondensedSystem END   │ Δt  0.36 s │ RAM   135.3 MB │ CPU  14.7 % │ Disk  941.2 GB
2026-02-26 16:18:32 │ ReconstructGlobalSystem BEGIN │ Δt  0.20 s │ RAM   135.3 MB │ CPU   7.3 % │ Disk  941.2 GB
2026-02-26 16:18:32 │ ReconstructGlobalSystem END │ Δt  0.24 s │ RAM   135.3 MB │ CPU  13.3 % │ Disk  941.2 GB
2026-02-26 16:18:32 │ ComputePrimaryResults BEGIN │ Δt  0.20 s │ RAM   135.3 MB │ CPU   9.7 % │ Disk  941.2 GB
2026-02-26 16:18:33 │ ComputePrimaryResults END  │ Δt  0.70 s │ RAM   135.3 MB │ CPU  10.6 % │ Disk  941.2 GB
2026-02-26 16:18:33 │ SaveFormulationCache BEGIN │ Δt  0.20 s │ RAM   135.3 MB │ CPU   5.6 % │ Disk  941.2 GB
2026-02-26 16:18:34 │ SaveFormulationCache END   │ Δt  0.36 s │ RAM   135.3 MB │ CPU  16.7 % │ Disk  941.2 GB
2026-02-26 16:18:34 │ ComputeSecondaryResults BEGIN │ Δt  0.20 s │ RAM   135.3 MB │ CPU   6.1 % │ Disk  941.2 GB
2026-02-26 16:18:34 │ ComputeSecondaryResults END │ Δt  0.35 s │ RAM   135.3 MB │ CPU  15.9 % │ Disk  941.2 GB
2026-02-26 16:18:34 │ ComputeTertiaryResults BEGIN │ Δt  0.20 s │ RAM   135.3 MB │ CPU   3.3 % │ Disk  941.2 GB
2026-02-26 16:18:35 │ ComputeTertiaryResults END │ Δt  0.37 s │ RAM   135.4 MB │ CPU   9.0 % │ Disk  941.2 GB
