--------------------------------------------------------------------------
### Global System

                   │ CURRENT            │ EVOLUTION         
Equations          │ 54                 │ 54                
Dirichlet          │ 0                  │ 0                 
Eliminated         │ 0                  │ 0                 
Unknowns           │ 54                 │ 54                
nnz                │ 250                │ 250               
Density            │ 8.57e-02           │ 8.57e-02          
Zero rows          │ 0                  │ 0                 
Zero cols          │ 0                  │ 0                 
Bandwidth          │ 10                 │ 10                
Symmetric          │ yes                │ yes               
Rank               │ 48                 │ 48                
Cond-no            │ 1.5e+18            │ 1.5e+18           
λmin/λmax          │ -2.6e-07/4.3e+09   │ -2.6e-07/4.3e+09  
Inertia            │ 52/2/0             │ 52/2/0            
b-min/max          │ -1.3e+02/0.0e+00   │ -1.3e+02/0.0e+00  
Σb                 │ -1.0e+03           │ -1.0e+03          
Top|b|             │ 7:-1.3e+02, 43:-1.3e+02, 25:-1.3e+02 │ 7:-1.3e+02, 43:-1.3e+02, 25:-1.3e+02

2026-02-26 16:19:12,071 [INFO] 🩺  Global System diagnostics appended → C:\Users\s1834431\Programs\fem_model\post_processing\results\job_0009_n8_2026-02-26_16-19-09-114505_pid18316_d30dd626\diagnostics\DiagnoseLinearStaticSystem.log
--------------------------------------------------------------------------
### Modified System

                   │ CURRENT            │ EVOLUTION         
Equations          │ 54                 │ 54                
Dirichlet          │ 0                  │ 6                 
Eliminated         │ 0                  │ 0                 
Unknowns           │ 54                 │ 48                
nnz                │ 226                │ 250               
Density            │ 7.75e-02           │ 8.57e-02          
Zero rows          │ 0                  │ 0                 
Zero cols          │ 0                  │ 0                 
Bandwidth          │ 10                 │ 10                
Symmetric          │ yes                │ yes               
Rank               │ 6                  │ 48                
Cond-no            │ 3.5e+33            │ 1.5e+18           
λmin/λmax          │ 2.9e+02/1.0e+36    │ -2.6e-07/4.3e+09  
Inertia            │ 54/0/0             │ 52/2/0            
b-min/max          │ -1.3e+02/0.0e+00   │ -1.3e+02/0.0e+00  
Σb                 │ -9.4e+02           │ -1.0e+03          
Top|b|             │ 7:-1.3e+02, 43:-1.3e+02, 25:-1.3e+02 │ 7:-1.3e+02, 43:-1.3e+02, 25:-1.3e+02

2026-02-26 16:19:12,487 [INFO] 🩺  Modified System diagnostics appended → C:\Users\s1834431\Programs\fem_model\post_processing\results\job_0009_n8_2026-02-26_16-19-09-114505_pid18316_d30dd626\diagnostics\DiagnoseLinearStaticSystem.log
--------------------------------------------------------------------------
### Condensed System

                   │ CURRENT            │ EVOLUTION         
Equations          │ 48                 │ 54                
Dirichlet          │ 0                  │ 6                 
Eliminated         │ 0                  │ 6                 
Unknowns           │ 48                 │ 42                
nnz                │ 220                │ 250               
Density            │ 9.55e-02           │ 8.57e-02          
Zero rows          │ 0                  │ 0                 
Zero cols          │ 0                  │ 0                 
Bandwidth          │ 10                 │ 10                
Symmetric          │ yes                │ yes               
Rank               │ 48                 │ 48                
Cond-no            │ 1.5e+07            │ 1.5e+18           
λmin/λmax          │ 2.9e+02/4.3e+09    │ -2.6e-07/4.3e+09  
Inertia            │ 48/0/0             │ 52/2/0            
b-min/max          │ -1.3e+02/0.0e+00   │ -1.3e+02/0.0e+00  
Σb                 │ -9.4e+02           │ -1.0e+03          
Top|b|             │ 1:-1.3e+02, 37:-1.3e+02, 13:-1.3e+02 │ 7:-1.3e+02, 43:-1.3e+02, 25:-1.3e+02

2026-02-26 16:19:12,900 [INFO] 🩺  Condensed System diagnostics appended → C:\Users\s1834431\Programs\fem_model\post_processing\results\job_0009_n8_2026-02-26_16-19-09-114505_pid18316_d30dd626\diagnostics\DiagnoseLinearStaticSystem.log
