--------------------------------------------------------------------------
Machine specifications – written 2026-02-26 16:18:13.618265
OS          : Windows 11 (10.0.26100)
CPU         : 12th Gen Intel(R) Core(TM) i7-12700
   logical  : 20
   physical : 12
RAM         : 31.24 GB
Disk        : 943.72 GB total  /  2.52 GB free
Python      : 3.12.5  (C:\Users\s1834431\AppData\Local\Programs\Python\Python312\python.exe)
GPU(s)      : Intel(R) UHD Graphics 770
--------------------------------------------------------------------------

Runtime telemetry header written → C:\Users\s1834431\Programs\fem_model\post_processing\results\job_0006_n4_2026-02-26_16-18-11-602921_pid18316_9e98f9dc\diagnostics\RuntimeMonitorTelemetry.log
2026-02-26 16:18:13 │ PrepareLocalSystem BEGIN   │ Δt  0.00 s │ RAM   136.9 MB │ CPU  37.1 % │ Disk  941.2 GB
2026-02-26 16:18:14 │ PrepareLocalSystem END     │ Δt  0.20 s │ RAM   136.9 MB │ CPU  26.4 % │ Disk  941.2 GB
2026-02-26 16:18:14 │ AssembleGlobalSystem BEGIN │ Δt  0.20 s │ RAM   136.9 MB │ CPU  18.1 % │ Disk  941.2 GB
2026-02-26 16:18:14 │ AssembleGlobalSystem END   │ Δt  0.21 s │ RAM   136.9 MB │ CPU  17.3 % │ Disk  941.2 GB
2026-02-26 16:18:14 │ ModifyGlobalSystem BEGIN   │ Δt  0.20 s │ RAM   136.9 MB │ CPU  17.6 % │ Disk  941.2 GB
2026-02-26 16:18:14 │ ModifyGlobalSystem END     │ Δt  0.21 s │ RAM   136.9 MB │ CPU  11.1 % │ Disk  941.2 GB
2026-02-26 16:18:15 │ CondenseModifiedSystem BEGIN │ Δt  0.20 s │ RAM   136.9 MB │ CPU  11.2 % │ Disk  941.2 GB
2026-02-26 16:18:15 │ CondenseModifiedSystem END │ Δt  0.21 s │ RAM   136.9 MB │ CPU  11.0 % │ Disk  941.2 GB
2026-02-26 16:18:15 │ SolveCondensedSystem BEGIN │ Δt  0.20 s │ RAM   136.9 MB │ CPU  10.8 % │ Disk  941.2 GB
2026-02-26 16:18:15 │ SolveCondensedSystem END   │ Δt  0.20 s │ RAM   136.9 MB │ CPU  11.6 % │ Disk  941.2 GB
2026-02-26 16:18:15 │ ReconstructGlobalSystem BEGIN │ Δt  0.20 s │ RAM   136.9 MB │ CPU  16.3 % │ Disk  941.2 GB
2026-02-26 16:18:16 │ ReconstructGlobalSystem END │ Δt  0.20 s │ RAM   136.9 MB │ CPU   8.3 % │ Disk  941.2 GB
2026-02-26 16:18:16 │ ComputePrimaryResults BEGIN │ Δt  0.20 s │ RAM   136.9 MB │ CPU   1.6 % │ Disk  941.2 GB
2026-02-26 16:18:16 │ ComputePrimaryResults END  │ Δt  0.23 s │ RAM   136.9 MB │ CPU   8.4 % │ Disk  941.2 GB
2026-02-26 16:18:16 │ SaveFormulationCache BEGIN │ Δt  0.20 s │ RAM   136.9 MB │ CPU  38.6 % │ Disk  941.2 GB
2026-02-26 16:18:17 │ SaveFormulationCache END   │ Δt  0.21 s │ RAM   136.9 MB │ CPU  56.1 % │ Disk  941.2 GB
2026-02-26 16:18:17 │ ComputeSecondaryResults BEGIN │ Δt  0.20 s │ RAM   136.9 MB │ CPU  21.5 % │ Disk  941.2 GB
2026-02-26 16:18:17 │ ComputeSecondaryResults END │ Δt  0.21 s │ RAM   136.9 MB │ CPU  35.7 % │ Disk  941.2 GB
2026-02-26 16:18:17 │ ComputeTertiaryResults BEGIN │ Δt  0.20 s │ RAM   136.9 MB │ CPU   7.2 % │ Disk  941.2 GB
2026-02-26 16:18:17 │ ComputeTertiaryResults END │ Δt  0.22 s │ RAM   136.9 MB │ CPU  20.5 % │ Disk  941.2 GB
