2026-02-26 16:18:28,191 [DEBUG] 📁 Log file created at: c:\Users\s1834431\Programs\fem_model\post_processing\results\job_0006_n64_2026-02-26_16-18-23-529502_pid18316_f4c484cd\logs\AssembleGlobalSystem.log (Module: assembly, Line: 91)
2026-02-26 16:18:28,191 [INFO] 🔧 Starting global matrix assembly... (Module: assembly, Line: 109)
2026-02-26 16:18:28,191 [DEBUG] Element 0 DOF mapping validated (Module: assembly, Line: 184)
2026-02-26 16:18:28,191 [DEBUG] Element 1 DOF mapping validated (Module: assembly, Line: 184)
2026-02-26 16:18:28,191 [DEBUG] Element 2 DOF mapping validated (Module: assembly, Line: 184)
2026-02-26 16:18:28,191 [DEBUG] Element 3 DOF mapping validated (Module: assembly, Line: 184)
2026-02-26 16:18:28,191 [DEBUG] Element 4 DOF mapping validated (Module: assembly, Line: 184)
2026-02-26 16:18:28,191 [DEBUG] Element 5 DOF mapping validated (Module: assembly, Line: 184)
2026-02-26 16:18:28,191 [DEBUG] Element 6 DOF mapping validated (Module: assembly, Line: 184)
2026-02-26 16:18:28,191 [DEBUG] Element 7 DOF mapping validated (Module: assembly, Line: 184)
2026-02-26 16:18:28,191 [DEBUG] Element 8 DOF mapping validated (Module: assembly, Line: 184)
2026-02-26 16:18:28,191 [DEBUG] Element 9 DOF mapping validated (Module: assembly, Line: 184)
2026-02-26 16:18:28,191 [DEBUG] Element 10 DOF mapping validated (Module: assembly, Line: 184)
2026-02-26 16:18:28,191 [DEBUG] Element 11 DOF mapping validated (Module: assembly, Line: 184)
2026-02-26 16:18:28,191 [DEBUG] Element 12 DOF mapping validated (Module: assembly, Line: 184)
2026-02-26 16:18:28,191 [DEBUG] Element 13 DOF mapping validated (Module: assembly, Line: 184)
2026-02-26 16:18:28,191 [DEBUG] Element 14 DOF mapping validated (Module: assembly, Line: 184)
2026-02-26 16:18:28,191 [DEBUG] Element 15 DOF mapping validated (Module: assembly, Line: 184)
2026-02-26 16:18:28,191 [DEBUG] Element 16 DOF mapping validated (Module: assembly, Line: 184)
2026-02-26 16:18:28,191 [DEBUG] Element 17 DOF mapping validated (Module: assembly, Line: 184)
2026-02-26 16:18:28,191 [DEBUG] Element 18 DOF mapping validated (Module: assembly, Line: 184)
2026-02-26 16:18:28,191 [DEBUG] Element 19 DOF mapping validated (Module: assembly, Line: 184)
2026-02-26 16:18:28,191 [DEBUG] Element 20 DOF mapping validated (Module: assembly, Line: 184)
2026-02-26 16:18:28,191 [DEBUG] Element 21 DOF mapping validated (Module: assembly, Line: 184)
2026-02-26 16:18:28,191 [DEBUG] Element 22 DOF mapping validated (Module: assembly, Line: 184)
2026-02-26 16:18:28,191 [DEBUG] Element 23 DOF mapping validated (Module: assembly, Line: 184)
2026-02-26 16:18:28,191 [DEBUG] Element 24 DOF mapping validated (Module: assembly, Line: 184)
2026-02-26 16:18:28,191 [DEBUG] Element 25 DOF mapping validated (Module: assembly, Line: 184)
2026-02-26 16:18:28,191 [DEBUG] Element 26 DOF mapping validated (Module: assembly, Line: 184)
2026-02-26 16:18:28,191 [DEBUG] Element 27 DOF mapping validated (Module: assembly, Line: 184)
2026-02-26 16:18:28,191 [DEBUG] Element 28 DOF mapping validated (Module: assembly, Line: 184)
2026-02-26 16:18:28,191 [DEBUG] Element 29 DOF mapping validated (Module: assembly, Line: 184)
2026-02-26 16:18:28,191 [DEBUG] Element 30 DOF mapping validated (Module: assembly, Line: 184)
2026-02-26 16:18:28,191 [DEBUG] Element 31 DOF mapping validated (Module: assembly, Line: 184)
2026-02-26 16:18:28,191 [DEBUG] Element 32 DOF mapping validated (Module: assembly, Line: 184)
2026-02-26 16:18:28,191 [DEBUG] Element 33 DOF mapping validated (Module: assembly, Line: 184)
2026-02-26 16:18:28,191 [DEBUG] Element 34 DOF mapping validated (Module: assembly, Line: 184)
2026-02-26 16:18:28,191 [DEBUG] Element 35 DOF mapping validated (Module: assembly, Line: 184)
2026-02-26 16:18:28,191 [DEBUG] Element 36 DOF mapping validated (Module: assembly, Line: 184)
2026-02-26 16:18:28,191 [DEBUG] Element 37 DOF mapping validated (Module: assembly, Line: 184)
2026-02-26 16:18:28,191 [DEBUG] Element 38 DOF mapping validated (Module: assembly, Line: 184)
2026-02-26 16:18:28,191 [DEBUG] Element 39 DOF mapping validated (Module: assembly, Line: 184)
2026-02-26 16:18:28,191 [DEBUG] Element 40 DOF mapping validated (Module: assembly, Line: 184)
2026-02-26 16:18:28,191 [DEBUG] Element 41 DOF mapping validated (Module: assembly, Line: 184)
2026-02-26 16:18:28,191 [DEBUG] Element 42 DOF mapping validated (Module: assembly, Line: 184)
2026-02-26 16:18:28,191 [DEBUG] Element 43 DOF mapping validated (Module: assembly, Line: 184)
2026-02-26 16:18:28,191 [DEBUG] Element 44 DOF mapping validated (Module: assembly, Line: 184)
2026-02-26 16:18:28,191 [DEBUG] Element 45 DOF mapping validated (Module: assembly, Line: 184)
2026-02-26 16:18:28,191 [DEBUG] Element 46 DOF mapping validated (Module: assembly, Line: 184)
2026-02-26 16:18:28,191 [DEBUG] Element 47 DOF mapping validated (Module: assembly, Line: 184)
2026-02-26 16:18:28,191 [DEBUG] Element 48 DOF mapping validated (Module: assembly, Line: 184)
2026-02-26 16:18:28,191 [DEBUG] Element 49 DOF mapping validated (Module: assembly, Line: 184)
2026-02-26 16:18:28,191 [DEBUG] Element 50 DOF mapping validated (Module: assembly, Line: 184)
2026-02-26 16:18:28,191 [DEBUG] Element 51 DOF mapping validated (Module: assembly, Line: 184)
2026-02-26 16:18:28,191 [DEBUG] Element 52 DOF mapping validated (Module: assembly, Line: 184)
2026-02-26 16:18:28,191 [DEBUG] Element 53 DOF mapping validated (Module: assembly, Line: 184)
2026-02-26 16:18:28,191 [DEBUG] Element 54 DOF mapping validated (Module: assembly, Line: 184)
2026-02-26 16:18:28,191 [DEBUG] Element 55 DOF mapping validated (Module: assembly, Line: 184)
2026-02-26 16:18:28,191 [DEBUG] Element 56 DOF mapping validated (Module: assembly, Line: 184)
2026-02-26 16:18:28,191 [DEBUG] Element 57 DOF mapping validated (Module: assembly, Line: 184)
2026-02-26 16:18:28,191 [DEBUG] Element 58 DOF mapping validated (Module: assembly, Line: 184)
2026-02-26 16:18:28,191 [DEBUG] Element 59 DOF mapping validated (Module: assembly, Line: 184)
2026-02-26 16:18:28,191 [DEBUG] Element 60 DOF mapping validated (Module: assembly, Line: 184)
2026-02-26 16:18:28,191 [DEBUG] Element 61 DOF mapping validated (Module: assembly, Line: 184)
2026-02-26 16:18:28,191 [DEBUG] Element 62 DOF mapping validated (Module: assembly, Line: 184)
2026-02-26 16:18:28,191 [DEBUG] Element 63 DOF mapping validated (Module: assembly, Line: 184)
2026-02-26 16:18:28,203 [DEBUG] 
✅ DOF Mappings Summary:
 Element ID                              Local DOF                                                   Global DOF
          0 [0, 1, 2, 3, 4, 5, 6, 7, 8, 9, 10, 11]                       [0, 1, 2, 3, 4, 5, 6, 7, 8, 9, 10, 11]
          1 [0, 1, 2, 3, 4, 5, 6, 7, 8, 9, 10, 11]                 [6, 7, 8, 9, 10, 11, 12, 13, 14, 15, 16, 17]
          2 [0, 1, 2, 3, 4, 5, 6, 7, 8, 9, 10, 11]             [12, 13, 14, 15, 16, 17, 18, 19, 20, 21, 22, 23]
          3 [0, 1, 2, 3, 4, 5, 6, 7, 8, 9, 10, 11]             [18, 19, 20, 21, 22, 23, 24, 25, 26, 27, 28, 29]
          4 [0, 1, 2, 3, 4, 5, 6, 7, 8, 9, 10, 11]             [24, 25, 26, 27, 28, 29, 30, 31, 32, 33, 34, 35]
          5 [0, 1, 2, 3, 4, 5, 6, 7, 8, 9, 10, 11]             [30, 31, 32, 33, 34, 35, 36, 37, 38, 39, 40, 41]
          6 [0, 1, 2, 3, 4, 5, 6, 7, 8, 9, 10, 11]             [36, 37, 38, 39, 40, 41, 42, 43, 44, 45, 46, 47]
          7 [0, 1, 2, 3, 4, 5, 6, 7, 8, 9, 10, 11]             [42, 43, 44, 45, 46, 47, 48, 49, 50, 51, 52, 53]
          8 [0, 1, 2, 3, 4, 5, 6, 7, 8, 9, 10, 11]             [48, 49, 50, 51, 52, 53, 54, 55, 56, 57, 58, 59]
          9 [0, 1, 2, 3, 4, 5, 6, 7, 8, 9, 10, 11]             [54, 55, 56, 57, 58, 59, 60, 61, 62, 63, 64, 65]
         10 [0, 1, 2, 3, 4, 5, 6, 7, 8, 9, 10, 11]             [60, 61, 62, 63, 64, 65, 66, 67, 68, 69, 70, 71]
         11 [0, 1, 2, 3, 4, 5, 6, 7, 8, 9, 10, 11]             [66, 67, 68, 69, 70, 71, 72, 73, 74, 75, 76, 77]
         12 [0, 1, 2, 3, 4, 5, 6, 7, 8, 9, 10, 11]             [72, 73, 74, 75, 76, 77, 78, 79, 80, 81, 82, 83]
         13 [0, 1, 2, 3, 4, 5, 6, 7, 8, 9, 10, 11]             [78, 79, 80, 81, 82, 83, 84, 85, 86, 87, 88, 89]
         14 [0, 1, 2, 3, 4, 5, 6, 7, 8, 9, 10, 11]             [84, 85, 86, 87, 88, 89, 90, 91, 92, 93, 94, 95]
         15 [0, 1, 2, 3, 4, 5, 6, 7, 8, 9, 10, 11]           [90, 91, 92, 93, 94, 95, 96, 97, 98, 99, 100, 101]
         16 [0, 1, 2, 3, 4, 5, 6, 7, 8, 9, 10, 11]     [96, 97, 98, 99, 100, 101, 102, 103, 104, 105, 106, 107]
         17 [0, 1, 2, 3, 4, 5, 6, 7, 8, 9, 10, 11] [102, 103, 104, 105, 106, 107, 108, 109, 110, 111, 112, 113]
         18 [0, 1, 2, 3, 4, 5, 6, 7, 8, 9, 10, 11] [108, 109, 110, 111, 112, 113, 114, 115, 116, 117, 118, 119]
         19 [0, 1, 2, 3, 4, 5, 6, 7, 8, 9, 10, 11] [114, 115, 116, 117, 118, 119, 120, 121, 122, 123, 124, 125]
         20 [0, 1, 2, 3, 4, 5, 6, 7, 8, 9, 10, 11] [120, 121, 122, 123, 124, 125, 126, 127, 128, 129, 130, 131]
         21 [0, 1, 2, 3, 4, 5, 6, 7, 8, 9, 10, 11] [126, 127, 128, 129, 130, 131, 132, 133, 134, 135, 136, 137]
         22 [0, 1, 2, 3, 4, 5, 6, 7, 8, 9, 10, 11] [132, 133, 134, 135, 136, 137, 138, 139, 140, 141, 142, 143]
         23 [0, 1, 2, 3, 4, 5, 6, 7, 8, 9, 10, 11] [138, 139, 140, 141, 142, 143, 144, 145, 146, 147, 148, 149]
         24 [0, 1, 2, 3, 4, 5, 6, 7, 8, 9, 10, 11] [144, 145, 146, 147, 148, 149, 150, 151, 152, 153, 154, 155]
         25 [0, 1, 2, 3, 4, 5, 6, 7, 8, 9, 10, 11] [150, 151, 152, 153, 154, 155, 156, 157, 158, 159, 160, 161]
         26 [0, 1, 2, 3, 4, 5, 6, 7, 8, 9, 10, 11] [156, 157, 158, 159, 160, 161, 162, 163, 164, 165, 166, 167]
         27 [0, 1, 2, 3, 4, 5, 6, 7, 8, 9, 10, 11] [162, 163, 164, 165, 166, 167, 168, 169, 170, 171, 172, 173]
         28 [0, 1, 2, 3, 4, 5, 6, 7, 8, 9, 10, 11] [168, 169, 170, 171, 172, 173, 174, 175, 176, 177, 178, 179]
         29 [0, 1, 2, 3, 4, 5, 6, 7, 8, 9, 10, 11] [174, 175, 176, 177, 178, 179, 180, 181, 182, 183, 184, 185]
         30 [0, 1, 2, 3, 4, 5, 6, 7, 8, 9, 10, 11] [180, 181, 182, 183, 184, 185, 186, 187, 188, 189, 190, 191]
         31 [0, 1, 2, 3, 4, 5, 6, 7, 8, 9, 10, 11] [186, 187, 188, 189, 190, 191, 192, 193, 194, 195, 196, 197]
         32 [0, 1, 2, 3, 4, 5, 6, 7, 8, 9, 10, 11] [192, 193, 194, 195, 196, 197, 198, 199, 200, 201, 202, 203]
         33 [0, 1, 2, 3, 4, 5, 6, 7, 8, 9, 10, 11] [198, 199, 200, 201, 202, 203, 204, 205, 206, 207, 208, 209]
         34 [0, 1, 2, 3, 4, 5, 6, 7, 8, 9, 10, 11] [204, 205, 206, 207, 208, 209, 210, 211, 212, 213, 214, 215]
         35 [0, 1, 2, 3, 4, 5, 6, 7, 8, 9, 10, 11] [210, 211, 212, 213, 214, 215, 216, 217, 218, 219, 220, 221]
         36 [0, 1, 2, 3, 4, 5, 6, 7, 8, 9, 10, 11] [216, 217, 218, 219, 220, 221, 222, 223, 224, 225, 226, 227]
         37 [0, 1, 2, 3, 4, 5, 6, 7, 8, 9, 10, 11] [222, 223, 224, 225, 226, 227, 228, 229, 230, 231, 232, 233]
         38 [0, 1, 2, 3, 4, 5, 6, 7, 8, 9, 10, 11] [228, 229, 230, 231, 232, 233, 234, 235, 236, 237, 238, 239]
         39 [0, 1, 2, 3, 4, 5, 6, 7, 8, 9, 10, 11] [234, 235, 236, 237, 238, 239, 240, 241, 242, 243, 244, 245]
         40 [0, 1, 2, 3, 4, 5, 6, 7, 8, 9, 10, 11] [240, 241, 242, 243, 244, 245, 246, 247, 248, 249, 250, 251]
         41 [0, 1, 2, 3, 4, 5, 6, 7, 8, 9, 10, 11] [246, 247, 248, 249, 250, 251, 252, 253, 254, 255, 256, 257]
         42 [0, 1, 2, 3, 4, 5, 6, 7, 8, 9, 10, 11] [252, 253, 254, 255, 256, 257, 258, 259, 260, 261, 262, 263]
         43 [0, 1, 2, 3, 4, 5, 6, 7, 8, 9, 10, 11] [258, 259, 260, 261, 262, 263, 264, 265, 266, 267, 268, 269]
         44 [0, 1, 2, 3, 4, 5, 6, 7, 8, 9, 10, 11] [264, 265, 266, 267, 268, 269, 270, 271, 272, 273, 274, 275]
         45 [0, 1, 2, 3, 4, 5, 6, 7, 8, 9, 10, 11] [270, 271, 272, 273, 274, 275, 276, 277, 278, 279, 280, 281]
         46 [0, 1, 2, 3, 4, 5, 6, 7, 8, 9, 10, 11] [276, 277, 278, 279, 280, 281, 282, 283, 284, 285, 286, 287]
         47 [0, 1, 2, 3, 4, 5, 6, 7, 8, 9, 10, 11] [282, 283, 284, 285, 286, 287, 288, 289, 290, 291, 292, 293]
         48 [0, 1, 2, 3, 4, 5, 6, 7, 8, 9, 10, 11] [288, 289, 290, 291, 292, 293, 294, 295, 296, 297, 298, 299]
         49 [0, 1, 2, 3, 4, 5, 6, 7, 8, 9, 10, 11] [294, 295, 296, 297, 298, 299, 300, 301, 302, 303, 304, 305]
         50 [0, 1, 2, 3, 4, 5, 6, 7, 8, 9, 10, 11] [300, 301, 302, 303, 304, 305, 306, 307, 308, 309, 310, 311]
         51 [0, 1, 2, 3, 4, 5, 6, 7, 8, 9, 10, 11] [306, 307, 308, 309, 310, 311, 312, 313, 314, 315, 316, 317]
         52 [0, 1, 2, 3, 4, 5, 6, 7, 8, 9, 10, 11] [312, 313, 314, 315, 316, 317, 318, 319, 320, 321, 322, 323]
         53 [0, 1, 2, 3, 4, 5, 6, 7, 8, 9, 10, 11] [318, 319, 320, 321, 322, 323, 324, 325, 326, 327, 328, 329]
         54 [0, 1, 2, 3, 4, 5, 6, 7, 8, 9, 10, 11] [324, 325, 326, 327, 328, 329, 330, 331, 332, 333, 334, 335]
         55 [0, 1, 2, 3, 4, 5, 6, 7, 8, 9, 10, 11] [330, 331, 332, 333, 334, 335, 336, 337, 338, 339, 340, 341]
         56 [0, 1, 2, 3, 4, 5, 6, 7, 8, 9, 10, 11] [336, 337, 338, 339, 340, 341, 342, 343, 344, 345, 346, 347]
         57 [0, 1, 2, 3, 4, 5, 6, 7, 8, 9, 10, 11] [342, 343, 344, 345, 346, 347, 348, 349, 350, 351, 352, 353]
         58 [0, 1, 2, 3, 4, 5, 6, 7, 8, 9, 10, 11] [348, 349, 350, 351, 352, 353, 354, 355, 356, 357, 358, 359]
         59 [0, 1, 2, 3, 4, 5, 6, 7, 8, 9, 10, 11] [354, 355, 356, 357, 358, 359, 360, 361, 362, 363, 364, 365]
         60 [0, 1, 2, 3, 4, 5, 6, 7, 8, 9, 10, 11] [360, 361, 362, 363, 364, 365, 366, 367, 368, 369, 370, 371]
         61 [0, 1, 2, 3, 4, 5, 6, 7, 8, 9, 10, 11] [366, 367, 368, 369, 370, 371, 372, 373, 374, 375, 376, 377]
         62 [0, 1, 2, 3, 4, 5, 6, 7, 8, 9, 10, 11] [372, 373, 374, 375, 376, 377, 378, 379, 380, 381, 382, 383]
         63 [0, 1, 2, 3, 4, 5, 6, 7, 8, 9, 10, 11] [378, 379, 380, 381, 382, 383, 384, 385, 386, 387, 388, 389] (Module: assembly, Line: 204)
2026-02-26 16:18:28,203 [INFO] 🧾 System Info:
  Total DOFs: 390
  Number of elements: 64
  Symmetry tolerance: 1.0e-08 (Module: assembly, Line: 344)
2026-02-26 16:18:28,204 [INFO] ✅ Stiffness matrix assembled (Module: assembly, Line: 248)
2026-02-26 16:18:28,204 [INFO] ✅ Force vector assembled (Module: assembly, Line: 277)
2026-02-26 16:18:28,204 [INFO] Global Stiffness Matrix:
  Non-zero entries: 1930
  Symmetry: True
  Norm: 1.890e+11 (Module: assembly, Line: 364)
2026-02-26 16:18:28,217 [DEBUG] 
Stiffness Matrix Sample (COO):
 Row  Col       K Value
 193  199 -2.829600e+09
 227  223  0.000000e+00
 100  100  5.728137e+06
 335  325  4.421250e+07
 339  339  1.351329e+05
  54   60 -8.803200e+09
 218  218  5.659200e+09
 326  326  5.659200e+09
  53   43  4.421250e+07
 274  266 -4.421250e+07
 302  302  5.659200e+09
  17   13  0.000000e+00
 305  307 -4.421250e+07
 346  350  4.421250e+07
 188  194 -2.829600e+09
 373  383  4.421250e+07
 116  124 -4.421250e+07
   5    5  1.472010e+07
 370  362 -4.421250e+07
 351  351  1.351329e+05
 341  341  2.944019e+07
 197  203 -1.333846e+07
 299  295  0.000000e+00
 340  346 -1.482428e+06
 217  227  4.421250e+07
  18   12 -8.803200e+09
 354  360 -8.803200e+09
 365  355  4.421250e+07
 265  275  4.421250e+07
 115  125  4.421250e+07
 166  172 -1.482428e+06
 104  104  5.659200e+09
 215  221 -1.333846e+07
 151  161  4.421250e+07
 284  292 -4.421250e+07
 181  191  4.421250e+07
  62   68 -2.829600e+09
 139  149  4.421250e+07
  50   46  4.421250e+07
 331  325 -2.829600e+09
  59   65 -1.333846e+07
  23   23  2.944019e+07
 358  356  0.000000e+00
 125  119 -1.333846e+07
 270  276 -8.803200e+09
 209  199  4.421250e+07
   7   13 -2.829600e+09
 288  282 -8.803200e+09
 246  240 -8.803200e+09
 270  264 -8.803200e+09
 241  247 -2.829600e+09
 350  356 -2.829600e+09
 200  202  0.000000e+00
 124  122  0.000000e+00
 277  287  4.421250e+07
  39   45 -6.756644e+04
  89   79  4.421250e+07
  52   46 -1.482428e+06
 222  222  1.760640e+10
  13    7 -2.829600e+09
  97  107  4.421250e+07
  65   65  2.944019e+07
   5    7 -4.421250e+07
 247  257  4.421250e+07
 212  214  0.000000e+00
  45   39 -6.756644e+04
 128  130  0.000000e+00
 150  144 -8.803200e+09
 259  265 -2.829600e+09
  33   33  1.351329e+05
 170  170  5.659200e+09
  17   17  2.944019e+07
  47   53 -1.333846e+07
 301  311  4.421250e+07
 130  130  5.728137e+06
 378  384 -8.803200e+09
 357  363 -6.756644e+04
 106   98 -4.421250e+07
   2   10 -4.421250e+07
 297  291 -6.756644e+04
   2    2  2.829600e+09
 305  295  4.421250e+07
 359  365 -1.333846e+07
 377  373  0.000000e+00
  31   31  5.659200e+09
 121  127 -2.829600e+09
 229  229  5.659200e+09
 231  231  1.351329e+05
  29   23 -1.333846e+07
 202  200  0.000000e+00
  83   85 -4.421250e+07
 367  373 -2.829600e+09
 164  164  5.659200e+09
 154  152  0.000000e+00
 118  122  4.421250e+07
  34   34  5.728137e+06
 373  379 -2.829600e+09
 145  139 -2.829600e+09
 136  140  4.421250e+07
 311  305 -1.333846e+07
 370  364 -1.482428e+06
 308  302 -2.829600e+09
 184  184  5.728137e+06
  19   19  5.659200e+09
 124  118 -1.482428e+06
 132  138 -8.803200e+09
  61   59 -4.421250e+07
 221  221  2.944019e+07
  25   35  4.421250e+07
  11   11  2.944019e+07
 371  365 -1.333846e+07
 301  301  5.659200e+09
 125  131 -1.333846e+07
  31   41  4.421250e+07
  55   53 -4.421250e+07
   8    4  4.421250e+07
 324  324  1.760640e+10
 164  160  4.421250e+07
 210  216 -8.803200e+09
 323  325 -4.421250e+07
 170  172  0.000000e+00
 245  245  2.944019e+07
 164  170 -2.829600e+09
 135  129 -6.756644e+04
  83   77 -1.333846e+07
  79   83  0.000000e+00
 389  383 -1.333846e+07
 322  322  5.728137e+06
 372  366 -8.803200e+09
 161  151  4.421250e+07
 307  305 -4.421250e+07
 361  355 -2.829600e+09
 151  149 -4.421250e+07
 341  343 -4.421250e+07
 131  137 -1.333846e+07
  79   79  5.659200e+09
  26   34 -4.421250e+07
 212  206 -2.829600e+09
  98   98  5.659200e+09
 280  274 -1.482428e+06
 298  290 -4.421250e+07
 232  230  0.000000e+00
 208  202 -1.482428e+06
  38   40  0.000000e+00
 314  316  0.000000e+00
 287  289 -4.421250e+07
 295  305  4.421250e+07
 247  241 -2.829600e+09
 312  306 -8.803200e+09
 105  105  1.351329e+05
 159  153 -6.756644e+04
 319  325 -2.829600e+09
 155  145  4.421250e+07
 311  313 -4.421250e+07
 238  236  0.000000e+00
 174  180 -8.803200e+09
 361  371  4.421250e+07
 226  232 -1.482428e+06
 260  256  4.421250e+07
 223  217 -2.829600e+09
  73   67 -2.829600e+09
 274  278  4.421250e+07
 213  219 -6.756644e+04
 282  282  1.760640e+10
 307  311  0.000000e+00
  91   95  0.000000e+00
  53   59 -1.333846e+07
 116  118  0.000000e+00
 367  371  0.000000e+00
 292  284 -4.421250e+07
  90   84 -8.803200e+09
  49   43 -2.829600e+09
 164  172 -4.421250e+07
 362  362  5.659200e+09
 334  340 -1.482428e+06
 253  251 -4.421250e+07
 125  127 -4.421250e+07
 381  375 -6.756644e+04
 329  331 -4.421250e+07
 365  359 -1.333846e+07
   8   16 -4.421250e+07
  64   62  0.000000e+00
 293  283  4.421250e+07
 362  364  0.000000e+00
 147  147  1.351329e+05
 165  171 -6.756644e+04
 136  134  0.000000e+00
  87   81 -6.756644e+04
  46   44  0.000000e+00
  97   97  5.659200e+09
 349  349  5.659200e+09
 244  248  4.421250e+07
 273  279 -6.756644e+04
 199  209  4.421250e+07
 112  118 -1.482428e+06
  37   37  5.659200e+09
 316  322 -1.482428e+06
 275  277 -4.421250e+07
 374  368 -2.829600e+09
 104  106  0.000000e+00
 176  176  5.659200e+09
  94   88 -1.482428e+06
 368  376 -4.421250e+07
 162  162  1.760640e+10
 379  377 -4.421250e+07
  42   36 -8.803200e+09
   4    8  4.421250e+07
 221  217  0.000000e+00
  57   57  1.351329e+05
 180  186 -8.803200e+09
  94   86 -4.421250e+07
 287  283  0.000000e+00
 373  371 -4.421250e+07
 207  201 -6.756644e+04
 245  235  4.421250e+07
 238  242  4.421250e+07
 235  233 -4.421250e+07
 316  316  5.728137e+06
 346  344  0.000000e+00
 306  306  1.760640e+10
 202  196 -1.482428e+06
 184  190 -1.482428e+06
 132  132  1.760640e+10
 366  366  1.760640e+10
  82   86  4.421250e+07
 103  107  0.000000e+00
  40   40  5.728137e+06
 102  102  1.760640e+10
 293  295 -4.421250e+07
 109  113  0.000000e+00
  46   52 -1.482428e+06
 144  144  1.760640e+10
 325  331 -2.829600e+09
 107  113 -1.333846e+07
   9   15 -6.756644e+04
 294  294  1.760640e+10
 178  178  5.728137e+06
 290  284 -2.829600e+09
 345  339 -6.756644e+04
 232  224 -4.421250e+07
 356  352  4.421250e+07
 167  169 -4.421250e+07
  32   34  0.000000e+00
 276  282 -8.803200e+09
 258  258  1.760640e+10
 194  194  5.659200e+09
 340  340  5.728137e+06
 144  150 -8.803200e+09
 220  212 -4.421250e+07
 249  249  1.351329e+05
 284  280  4.421250e+07
 137  127  4.421250e+07
 191  193 -4.421250e+07
 228  234 -8.803200e+09
  13   13  5.659200e+09
  58   52 -1.482428e+06
  30   30  1.760640e+10
 133  143  4.421250e+07
  42   48 -8.803200e+09
 220  226 -1.482428e+06
  98   92 -2.829600e+09
 385  379 -2.829600e+09
 137  137  2.944019e+07
 217  215 -4.421250e+07
 223  233  4.421250e+07
 236  244 -4.421250e+07
  89   85  0.000000e+00
 204  198 -8.803200e+09
  87   93 -6.756644e+04
 119  119  2.944019e+07
 384  384  8.803200e+09
  45   51 -6.756644e+04
  99   93 -6.756644e+04
  10    4 -1.482428e+06
 387  387  6.756644e+04
  15   15  1.351329e+05
 198  204 -8.803200e+09
  79   77 -4.421250e+07
 187  185 -4.421250e+07
  43   47  0.000000e+00
 108  102 -8.803200e+09
 329  323 -1.333846e+07
 269  265  0.000000e+00
 135  141 -6.756644e+04
   1   11  4.421250e+07
  13   23  4.421250e+07
 155  157 -4.421250e+07
 347  347  2.944019e+07
 304  296 -4.421250e+07
 230  226  4.421250e+07
  20   22  0.000000e+00
  95   89 -1.333846e+07
 227  229 -4.421250e+07
 130  122 -4.421250e+07
  58   50 -4.421250e+07
 128  122 -2.829600e+09
  28   34 -1.482428e+06
 254  250  4.421250e+07
  31   29 -4.421250e+07
  82   76 -1.482428e+06
 270  270  1.760640e+10
 168  168  1.760640e+10
  74   74  5.659200e+09
 287  287  2.944019e+07
  70   74  4.421250e+07
 333  339 -6.756644e+04
   5   11 -1.333846e+07
 292  286 -1.482428e+06
 224  218 -2.829600e+09
  13   11 -4.421250e+07
 383  377 -1.333846e+07
 305  299 -1.333846e+07
 179  179  2.944019e+07
 250  242 -4.421250e+07
 143  145 -4.421250e+07
   0    6 -8.803200e+09
 235  235  5.659200e+09
  25   19 -2.829600e+09
 335  341 -1.333846e+07
 251  245 -1.333846e+07
 307  301 -2.829600e+09
 253  257  0.000000e+00
  18   24 -8.803200e+09
  68   74 -2.829600e+09
 292  296  4.421250e+07
 281  277  0.000000e+00
  67   71  0.000000e+00
 154  148 -1.482428e+06
  66   72 -8.803200e+09
 264  258 -8.803200e+09
 346  340 -1.482428e+06
  77   73  0.000000e+00
 319  313 -2.829600e+09
  26   28  0.000000e+00
 108  114 -8.803200e+09
 286  292 -1.482428e+06
  11   13 -4.421250e+07
 256  256  5.728137e+06
 143  133  4.421250e+07
 310  310  5.728137e+06
 125  121  0.000000e+00
 154  158  4.421250e+07
 148  148  5.728137e+06
 239  241 -4.421250e+07
  61   71  4.421250e+07
  12   18 -8.803200e+09
 200  194 -2.829600e+09
 367  361 -2.829600e+09
 197  187  4.421250e+07
 351  345 -6.756644e+04
 133  131 -4.421250e+07
 195  189 -6.756644e+04
  34   28 -1.482428e+06
 379  389  4.421250e+07
  65   67 -4.421250e+07
 298  296  0.000000e+00
 118  112 -1.482428e+06
 171  177 -6.756644e+04
  52   52  5.728137e+06
 251  247  0.000000e+00
 302  308 -2.829600e+09
  40   38  0.000000e+00
 356  358  0.000000e+00
 106  100 -1.482428e+06
 377  379 -4.421250e+07
 311  311  2.944019e+07
 203  197 -1.333846e+07
 238  230 -4.421250e+07
  89   91 -4.421250e+07
 265  271 -2.829600e+09
 115  115  5.659200e+09
 111  111  1.351329e+05
  52   58 -1.482428e+06
 304  298 -1.482428e+06
  62   56 -2.829600e+09
 388  388  2.864068e+06
 217  221  0.000000e+00
  80   86 -2.829600e+09
 113  113  2.944019e+07
 296  302 -2.829600e+09
 310  302 -4.421250e+07
 353  347 -1.333846e+07
  56   56  5.659200e+09
  44   52 -4.421250e+07
  80   76  4.421250e+07
  93   99 -6.756644e+04
 331  337 -2.829600e+09
 109  119  4.421250e+07
 148  154 -1.482428e+06
 266  272 -2.829600e+09
   1    7 -2.829600e+09
  43   41 -4.421250e+07
 311  307  0.000000e+00
  46   40 -1.482428e+06
 260  260  5.659200e+09
 131  133 -4.421250e+07
 137  133  0.000000e+00
 208  208  5.728137e+06
 175  179  0.000000e+00
 257  253  0.000000e+00
 117  111 -6.756644e+04
 352  344 -4.421250e+07
 244  242  0.000000e+00
 117  117  1.351329e+05
 121  125  0.000000e+00
 253  253  5.659200e+09
  55   65  4.421250e+07
 344  340  4.421250e+07
   8    8  5.659200e+09
 256  262 -1.482428e+06
  99  105 -6.756644e+04
 133  133  5.659200e+09
 385  389 -4.421250e+07
 255  249 -6.756644e+04
 161  167 -1.333846e+07
 275  265  4.421250e+07
 338  334  4.421250e+07
 286  290  4.421250e+07
  71   71  2.944019e+07
 263  257 -1.333846e+07
 343  353  4.421250e+07
 307  317  4.421250e+07
 380  380  5.659200e+09
 178  184 -1.482428e+06
 361  361  5.659200e+09
 359  361 -4.421250e+07
 337  337  5.659200e+09
 194  200 -2.829600e+09
  20   14 -2.829600e+09
 201  195 -6.756644e+04
 276  270 -8.803200e+09
 284  278 -2.829600e+09
 284  284  5.659200e+09
  37   43 -2.829600e+09
 199  203  0.000000e+00
 273  273  1.351329e+05
 151  155  0.000000e+00
 280  278  0.000000e+00
 214  206 -4.421250e+07
 296  296  5.659200e+09
 275  271  0.000000e+00
 238  244 -1.482428e+06
 115  109 -2.829600e+09
 363  357 -6.756644e+04
 269  275 -1.333846e+07
 151  145 -2.829600e+09
 370  370  5.728137e+06
 103   97 -2.829600e+09
 220  220  5.728137e+06
 181  185  0.000000e+00
 113  115 -4.421250e+07
  62   64  0.000000e+00
 313  311 -4.421250e+07
 258  252 -8.803200e+09
  36   36  1.760640e+10
  84   90 -8.803200e+09
 167  161 -1.333846e+07
  94   94  5.728137e+06
 167  173 -1.333846e+07
  14   14  5.659200e+09
  56   52  4.421250e+07
 180  180  1.760640e+10
  47   47  2.944019e+07
 143  139  0.000000e+00
 126  120 -8.803200e+09
 320  320  5.659200e+09
 253  263  4.421250e+07
 285  285  1.351329e+05
 178  170 -4.421250e+07
 332  340 -4.421250e+07
 282  288 -8.803200e+09
 122  124  0.000000e+00
 302  304  0.000000e+00
 126  126  1.760640e+10
 288  294 -8.803200e+09
  92   94  0.000000e+00
 254  262 -4.421250e+07
 241  245  0.000000e+00
  77   79 -4.421250e+07
 115  113 -4.421250e+07
 299  289  4.421250e+07
  32   40 -4.421250e+07
  77   83 -1.333846e+07
  40   44  4.421250e+07
  54   48 -8.803200e+09
 266  260 -2.829600e+09
  97   91 -2.829600e+09
 248  244  4.421250e+07
 189  189  1.351329e+05
 151  151  5.659200e+09
 333  327 -6.756644e+04
 383  383  2.944019e+07
 379  383  0.000000e+00
  64   56 -4.421250e+07
 100   94 -1.482428e+06
 193  193  5.659200e+09
 157  151 -2.829600e+09
  92   98 -2.829600e+09
 334  332  0.000000e+00
  74   70  4.421250e+07
 209  205  0.000000e+00
 389  389  1.472010e+07
  78   78  1.760640e+10
 232  232  5.728137e+06
 170  166  4.421250e+07
 190  188  0.000000e+00
 106  110  4.421250e+07
 107  103  0.000000e+00
  85   83 -4.421250e+07
  91   85 -2.829600e+09
 319  319  5.659200e+09
 161  155 -1.333846e+07
 106  106  5.728137e+06
 146  152 -2.829600e+09
 248  256 -4.421250e+07
 323  313  4.421250e+07
 105  111 -6.756644e+04
 207  213 -6.756644e+04
 389  379  4.421250e+07
  41   43 -4.421250e+07
 283  281 -4.421250e+07
 251  253 -4.421250e+07
  30   36 -8.803200e+09
 191  181  4.421250e+07
 205  215  4.421250e+07
 200  200  5.659200e+09
  65   59 -1.333846e+07
 258  264 -8.803200e+09
  36   30 -8.803200e+09
 233  223  4.421250e+07
 214  220 -1.482428e+06
   6   12 -8.803200e+09
  11    5 -1.333846e+07
 161  157  0.000000e+00
  95   95  2.944019e+07
 328  322 -1.482428e+06
 259  269  4.421250e+07
  90   96 -8.803200e+09
 186  186  1.760640e+10
  65   71 -1.333846e+07
  38   46 -4.421250e+07
 310  314  4.421250e+07
 199  193 -2.829600e+09
 368  364  4.421250e+07
 274  272  0.000000e+00
 110  104 -2.829600e+09
 360  360  1.760640e+10
 283  287  0.000000e+00
 224  220  4.421250e+07
 157  157  5.659200e+09
 370  376 -1.482428e+06
  44   40  4.421250e+07
 275  275  2.944019e+07
 218  224 -2.829600e+09
 193  187 -2.829600e+09
 212  212  5.659200e+09
 157  161  0.000000e+00
 219  225 -6.756644e+04
  23   25 -4.421250e+07
 355  353 -4.421250e+07
 327  333 -6.756644e+04
   1    1  2.829600e+09
 348  342 -8.803200e+09
 330  336 -8.803200e+09
 313  323  4.421250e+07
  98  100  0.000000e+00
 118  110 -4.421250e+07
  76   80  4.421250e+07
  44   44  5.659200e+09
 106  104  0.000000e+00
 196  194  0.000000e+00
 338  344 -2.829600e+09
 290  298 -4.421250e+07
 196  190 -1.482428e+06
 217  211 -2.829600e+09
 289  293  0.000000e+00
 266  268  0.000000e+00
 337  347  4.421250e+07
  21   21  1.351329e+05
 202  206  4.421250e+07
  37   47  4.421250e+07
 318  324 -8.803200e+09
 388  380 -4.421250e+07
 356  364 -4.421250e+07
 104  110 -2.829600e+09
  16   16  5.728137e+06
 118  118  5.728137e+06
 274  268 -1.482428e+06
 350  358 -4.421250e+07
  98  104 -2.829600e+09
 374  374  5.659200e+09
 236  230 -2.829600e+09
  93   93  1.351329e+05
  16    8 -4.421250e+07
 198  192 -8.803200e+09
 158  158  5.659200e+09
  48   48  1.760640e+10
 199  205 -2.829600e+09
 227  233 -1.333846e+07
  88   92  4.421250e+07
 135  135  1.351329e+05
 213  213  1.351329e+05
 386  386  2.829600e+09
 297  297  1.351329e+05
 139  143  0.000000e+00
  73   71 -4.421250e+07
 115  121 -2.829600e+09
 287  277  4.421250e+07
 181  175 -2.829600e+09
 182  176 -2.829600e+09
 202  208 -1.482428e+06
  47   37  4.421250e+07
 229  235 -2.829600e+09
  46   38 -4.421250e+07
 201  207 -6.756644e+04
 314  308 -2.829600e+09
  75   81 -6.756644e+04
 379  379  5.659200e+09
 321  315 -6.756644e+04
  61   61  5.659200e+09
  74   82 -4.421250e+07
 287  281 -1.333846e+07
 339  345 -6.756644e+04
 140  142  0.000000e+00
 259  263  0.000000e+00
 260  262  0.000000e+00
 346  346  5.728137e+06
 211  211  5.659200e+09
 195  195  1.351329e+05
 110  112  0.000000e+00
 268  272  4.421250e+07
 139  145 -2.829600e+09
 112  116  4.421250e+07
  74   76  0.000000e+00
 112  106 -1.482428e+06
  10   14  4.421250e+07
 208  212  4.421250e+07
 154  146 -4.421250e+07
 140  134 -2.829600e+09
 286  286  5.728137e+06
 109  109  5.659200e+09
 354  354  1.760640e+10
 211  209 -4.421250e+07
 356  362 -2.829600e+09
 130  134  4.421250e+07
 145  149  0.000000e+00
 113  103  4.421250e+07
  33   39 -6.756644e+04
 107  107  2.944019e+07
  64   58 -1.482428e+06
 350  344 -2.829600e+09
 272  266 -2.829600e+09
 121  115 -2.829600e+09
 340  344  4.421250e+07
 350  350  5.659200e+09
 292  298 -1.482428e+06
  15    9 -6.756644e+04
 201  201  1.351329e+05
 169  179  4.421250e+07
 149  149  2.944019e+07
  86   82  4.421250e+07
 300  294 -8.803200e+09
 138  144 -8.803200e+09
  30   24 -8.803200e+09
 194  190  4.421250e+07
 211  217 -2.829600e+09
 170  164 -2.829600e+09
 206  206  5.659200e+09
 383  385 -4.421250e+07
 227  221 -1.333846e+07
 244  244  5.728137e+06
 146  146  5.659200e+09
  53   55 -4.421250e+07
   4    4  2.864068e+06
 160  154 -1.482428e+06
 209  211 -4.421250e+07
  56   58  0.000000e+00
  25   23 -4.421250e+07
 116  112  4.421250e+07
  50   50  5.659200e+09
 215  205  4.421250e+07
  68   64  4.421250e+07
 137  143 -1.333846e+07
 386  388  4.421250e+07
  13   17  0.000000e+00
 227  217  4.421250e+07
  84   84  1.760640e+10
  89   83 -1.333846e+07
 182  178  4.421250e+07
 155  161 -1.333846e+07
  33   27 -6.756644e+04
 272  278 -2.829600e+09
 190  196 -1.482428e+06
   8    2 -2.829600e+09
   9    3 -6.756644e+04
 280  280  5.728137e+06
  86   88  0.000000e+00
 313  313  5.659200e+09
 247  253 -2.829600e+09
 352  358 -1.482428e+06
 328  334 -1.482428e+06
 197  197  2.944019e+07
 249  243 -6.756644e+04
 278  280  0.000000e+00
 249  255 -6.756644e+04
 107   97  4.421250e+07
 325  325  5.659200e+09
 239  229  4.421250e+07
  55   55  5.659200e+09
 193  203  4.421250e+07
 246  252 -8.803200e+09
 372  372  1.760640e+10
 326  322  4.421250e+07
 262  256 -1.482428e+06
 183  177 -6.756644e+04
 338  332 -2.829600e+09
 175  169 -2.829600e+09
 323  319  0.000000e+00
 112  104 -4.421250e+07
 177  171 -6.756644e+04
  28   32  4.421250e+07
 174  174  1.760640e+10
 101   91  4.421250e+07
 118  116  0.000000e+00
 274  280 -1.482428e+06
 364  370 -1.482428e+06
  88   88  5.728137e+06
 257  251 -1.333846e+07
 181  181  5.659200e+09
 289  283 -2.829600e+09
 247  245 -4.421250e+07
 337  335 -4.421250e+07
 239  245 -1.333846e+07
  10    8  0.000000e+00
 267  261 -6.756644e+04
  17   11 -1.333846e+07
 146  154 -4.421250e+07
 229  233  0.000000e+00
 223  223  5.659200e+09
  51   57 -6.756644e+04
 337  341  0.000000e+00
 188  184  4.421250e+07
 205  211 -2.829600e+09
 242  238  4.421250e+07
  39   39  1.351329e+05
 183  183  1.351329e+05
 136  128 -4.421250e+07
  64   68  4.421250e+07
   2    8 -2.829600e+09
 194  196  0.000000e+00
 388  382 -1.482428e+06
 185  181  0.000000e+00
 291  291  1.351329e+05
 202  202  5.728137e+06
 153  159 -6.756644e+04
 247  251  0.000000e+00
 295  301 -2.829600e+09
 295  293 -4.421250e+07
 207  207  1.351329e+05
 277  275 -4.421250e+07
 286  280 -1.482428e+06
 218  226 -4.421250e+07
  91   91  5.659200e+09
 189  195 -6.756644e+04
 299  305 -1.333846e+07
  95   85  4.421250e+07
 313  307 -2.829600e+09
  41   35 -1.333846e+07
 266  266  5.659200e+09
 187  181 -2.829600e+09
 133  139 -2.829600e+09
 236  232  4.421250e+07
 225  219 -6.756644e+04
 257  263 -1.333846e+07
 160  166 -1.482428e+06
 109  103 -2.829600e+09
  50   56 -2.829600e+09
 340  338  0.000000e+00
  82   82  5.728137e+06
 160  164  4.421250e+07
 359  359  2.944019e+07
 338  338  5.659200e+09
 339  333 -6.756644e+04
 308  314 -2.829600e+09
 368  374 -2.829600e+09
  97  103 -2.829600e+09
 350  346  4.421250e+07
 369  375 -6.756644e+04
 257  247  4.421250e+07
 190  194  4.421250e+07
 346  338 -4.421250e+07
  59   53 -1.333846e+07
  96   96  1.760640e+10
 271  265 -2.829600e+09
 226  226  5.728137e+06
 205  203 -4.421250e+07
 240  234 -8.803200e+09
 364  356 -4.421250e+07
 290  296 -2.829600e+09
 163  163  5.659200e+09
 244  250 -1.482428e+06
 344  338 -2.829600e+09
 336  342 -8.803200e+09
 370  374  4.421250e+07
 199  197 -4.421250e+07
 362  356 -2.829600e+09
  87   87  1.351329e+05
 313  317  0.000000e+00
 187  193 -2.829600e+09
 329  335 -1.333846e+07
 134  134  5.659200e+09
 166  164  0.000000e+00
 285  279 -6.756644e+04
  34   38  4.421250e+07
 374  380 -2.829600e+09
 179  169  4.421250e+07
 373  367 -2.829600e+09
 224  232 -4.421250e+07
 131  127  0.000000e+00
 368  362 -2.829600e+09
 137  139 -4.421250e+07
 335  331  0.000000e+00
 374  370  4.421250e+07
  41   31  4.421250e+07
 152  154  0.000000e+00
  97   95 -4.421250e+07
 382  388 -1.482428e+06
 146  142  4.421250e+07
 116  110 -2.829600e+09
 278  272 -2.829600e+09
  11   17 -1.333846e+07
 357  351 -6.756644e+04
 317  323 -1.333846e+07
 131  121  4.421250e+07
 146  148  0.000000e+00
  24   18 -8.803200e+09
 350  352  0.000000e+00
 290  286  4.421250e+07
 376  380  4.421250e+07
 119  125 -1.333846e+07
 254  254  5.659200e+09
 315  321 -6.756644e+04
  11    1  4.421250e+07
 320  328 -4.421250e+07
  51   45 -6.756644e+04
 233  235 -4.421250e+07
  62   58  4.421250e+07
 362  368 -2.829600e+09
 118  124 -1.482428e+06
 160  152 -4.421250e+07
 274  274  5.728137e+06
  56   50 -2.829600e+09
 334  328 -1.482428e+06
 185  187 -4.421250e+07
  64   70 -1.482428e+06
 213  207 -6.756644e+04
  58   64 -1.482428e+06
 271  269 -4.421250e+07
 110  106  4.421250e+07
 298  298  5.728137e+06
  83   79  0.000000e+00
 327  327  1.351329e+05
  70   62 -4.421250e+07
  95   91  0.000000e+00
  74   80 -2.829600e+09
 368  368  5.659200e+09
 166  158 -4.421250e+07
 190  182 -4.421250e+07
  66   60 -8.803200e+09
 302  296 -2.829600e+09
 239  239  2.944019e+07
 352  356  4.421250e+07
 259  259  5.659200e+09
  16   14  0.000000e+00
 266  262  4.421250e+07
 243  237 -6.756644e+04
 102   96 -8.803200e+09
   3    3  6.756644e+04
 139  139  5.659200e+09
 261  261  1.351329e+05
 103  103  5.659200e+09
 305  301  0.000000e+00
 206  212 -2.829600e+09
  19   13 -2.829600e+09
 347  341 -1.333846e+07
 343  343  5.659200e+09
 216  210 -8.803200e+09
  14   22 -4.421250e+07
 218  212 -2.829600e+09
 267  267  1.351329e+05
 369  369  1.351329e+05
  85   89  0.000000e+00
 255  255  1.351329e+05
 227  227  2.944019e+07
 264  264  1.760640e+10
  43   43  5.659200e+09
  67   77  4.421250e+07
 163  173  4.421250e+07
  99   99  1.351329e+05
 240  246 -8.803200e+09
 329  329  2.944019e+07
 280  272 -4.421250e+07
 107  109 -4.421250e+07
 372  378 -8.803200e+09
 133  137  0.000000e+00
 181  187 -2.829600e+09
  85   95  4.421250e+07
 349  347 -4.421250e+07
 292  292  5.728137e+06
 191  187  0.000000e+00
 198  198  1.760640e+10
 310  316 -1.482428e+06
  55   61 -2.829600e+09
 170  178 -4.421250e+07
 269  263 -1.333846e+07
 178  172 -1.482428e+06
 120  114 -8.803200e+09
 147  141 -6.756644e+04
 167  163  0.000000e+00
 189  183 -6.756644e+04
 281  283 -4.421250e+07
  96  102 -8.803200e+09
 316  314  0.000000e+00
  28   28  5.728137e+06
   4   10 -1.482428e+06
  89   95 -1.333846e+07
 383  373  4.421250e+07
 366  360 -8.803200e+09
  97  101  0.000000e+00
 196  196  5.728137e+06
 182  190 -4.421250e+07
 248  250  0.000000e+00
 148  140 -4.421250e+07
 172  178 -1.482428e+06
 263  269 -1.333846e+07
 241  235 -2.829600e+09
 140  146 -2.829600e+09
 185  175  4.421250e+07
 326  332 -2.829600e+09
 268  260 -4.421250e+07
 142  148 -1.482428e+06
  22   28 -1.482428e+06
 278  274  4.421250e+07
  14   10  4.421250e+07
 158  166 -4.421250e+07
 212  208  4.421250e+07
 205  205  5.659200e+09
  17   19 -4.421250e+07
 379  385 -2.829600e+09
  80   80  5.659200e+09
  35   29 -1.333846e+07
 263  263  2.944019e+07
 231  237 -6.756644e+04
 269  269  2.944019e+07
 254  260 -2.829600e+09
 183  189 -6.756644e+04
 235  245  4.421250e+07
  71   77 -1.333846e+07
  39   33 -6.756644e+04
 310  308  0.000000e+00
  76   76  5.728137e+06
  25   31 -2.829600e+09
 284  286  0.000000e+00
 298  302  4.421250e+07
  52   56  4.421250e+07
 103  109 -2.829600e+09
 385  383 -4.421250e+07
  64   64  5.728137e+06
 309  303 -6.756644e+04
 145  151 -2.829600e+09
 256  248 -4.421250e+07
  81   75 -6.756644e+04
 127  127  5.659200e+09
 141  135 -6.756644e+04
 360  366 -8.803200e+09
 295  289 -2.829600e+09
 154  154  5.728137e+06
  73   83  4.421250e+07
 356  356  5.659200e+09
  55   49 -2.829600e+09
 250  248  0.000000e+00
  74   68 -2.829600e+09
 349  359  4.421250e+07
 273  267 -6.756644e+04
 171  171  1.351329e+05
 158  164 -2.829600e+09
 319  329  4.421250e+07
 360  354 -8.803200e+09
 329  325  0.000000e+00
 335  337 -4.421250e+07
 226  230  4.421250e+07
 128  136 -4.421250e+07
 371  367  0.000000e+00
 173  175 -4.421250e+07
 156  156  1.760640e+10
 304  304  5.728137e+06
 332  334  0.000000e+00
   5    1  4.421250e+07
  12   12  1.760640e+10
 300  306 -8.803200e+09 (Module: assembly, Line: 384)
2026-02-26 16:18:28,218 [INFO] 📊 Performance Metrics:
  Assembly Time: 0.03s
  Elements Processed: 64
  Matrix Density: 1.27e-02
  Memory Usage: 0.02MB
  Processing Rate: 2506.4 elements/s (Module: assembly, Line: 360)
2026-02-26 16:18:28,218 [INFO] ✅ Assembly complete. (Module: assembly, Line: 127)
