Machine Specifications:
   - OS: Windows 11 (10.0.26100)
       • Logical cores: 20
       • Physical cores: 12
   - RAM: 31.24 GB
   - Disk: 943.72 GB total, 2.52 GB free
   - Python Version: 3.12.5 (C:\Users\s1834431\AppData\Local\Programs\Python\Python312\python.exe)
   - GPU(s): Intel(R) UHD Graphics 770

Job: job_0006_n64
Timestamp (job start): 2026-02-26_16-18-33-114183
Total Time: 9.39 sec

+-------------------------------+------------+---------------+-------------+-----------+
| Step                          |   Time (s) |   Memory (MB) |   Disk (GB) |   CPU (%) |
+===============================+============+===============+=============+===========+
| Parsing                       | 0.00053215 |       136.859 |     941.201 |       0   |
+-------------------------------+------------+---------------+-------------+-----------+
| Element Instantiation         | 0.695131   |       136.859 |     941.202 |       0   |
+-------------------------------+------------+---------------+-------------+-----------+
| Element Stiffness Computation | 0.751039   |       136.852 |     941.203 |      16.6 |
+-------------------------------+------------+---------------+-------------+-----------+
| Element Force Computation     | 0.597246   |       136.852 |     941.196 |       0   |
+-------------------------------+------------+---------------+-------------+-----------+
| Full Simulation               | 6.73078    |       137.086 |     941.2   |       0   |
+-------------------------------+------------+---------------+-------------+-----------+

Parallel Jobs: None
Start Memory: 136.86 MB | End Memory: 137.09 MB
Start Disk Usage: 941.20 GB | End Disk Usage: 941.20 GB
Start CPU: 0.00% | End CPU: 0.00%
