--------------------------------------------------------------------------
### Global System

                   │ CURRENT            │ EVOLUTION         
Equations          │ 102                │ 102               
Dirichlet          │ 0                  │ 0                 
Eliminated         │ 0                  │ 0                 
Unknowns           │ 102                │ 102               
nnz                │ 490                │ 490               
Density            │ 4.71e-02           │ 4.71e-02          
Zero rows          │ 0                  │ 0                 
Zero cols          │ 0                  │ 0                 
Bandwidth          │ 10                 │ 10                
Symmetric          │ yes                │ yes               
Rank               │ 96                 │ 96                
Cond-no            │ 2.4e+19            │ 2.4e+19           
λmin/λmax          │ -5.4e-07/1.1e+10   │ -5.4e-07/1.1e+10  
Inertia            │ 98/4/0             │ 98/4/0            
b-min/max          │ -5.0e+02/0.0e+00   │ -5.0e+02/0.0e+00  
Σb                 │ -5.0e+02           │ -5.0e+02          
Top|b|             │ 25:-5.0e+02, 0:0.0e+00, 2:0.0e+00 │ 25:-5.0e+02, 0:0.0e+00, 2:0.0e+00

2026-02-26 16:17:01,443 [INFO] 🩺  Global System diagnostics appended → C:\Users\s1834431\Programs\fem_model\post_processing\results\job_0002_n16_2026-02-26_16-16-58-458289_pid18316_041120b6\diagnostics\DiagnoseLinearStaticSystem.log
--------------------------------------------------------------------------
### Modified System

                   │ CURRENT            │ EVOLUTION         
Equations          │ 102                │ 102               
Dirichlet          │ 0                  │ 6                 
Eliminated         │ 0                  │ 0                 
Unknowns           │ 102                │ 96                
nnz                │ 466                │ 490               
Density            │ 4.48e-02           │ 4.71e-02          
Zero rows          │ 0                  │ 0                 
Zero cols          │ 0                  │ 0                 
Bandwidth          │ 10                 │ 10                
Symmetric          │ yes                │ yes               
Rank               │ 6                  │ 96                
Cond-no            │ 6.5e+33            │ 2.4e+19           
λmin/λmax          │ 1.5e+02/1.0e+36    │ -5.4e-07/1.1e+10  
Inertia            │ 102/0/0            │ 98/4/0            
b-min/max          │ -5.0e+02/0.0e+00   │ -5.0e+02/0.0e+00  
Σb                 │ -5.0e+02           │ -5.0e+02          
Top|b|             │ 25:-5.0e+02, 0:0.0e+00, 2:0.0e+00 │ 25:-5.0e+02, 0:0.0e+00, 2:0.0e+00

2026-02-26 16:17:01,863 [INFO] 🩺  Modified System diagnostics appended → C:\Users\s1834431\Programs\fem_model\post_processing\results\job_0002_n16_2026-02-26_16-16-58-458289_pid18316_041120b6\diagnostics\DiagnoseLinearStaticSystem.log
--------------------------------------------------------------------------
### Condensed System

                   │ CURRENT            │ EVOLUTION         
Equations          │ 96                 │ 102               
Dirichlet          │ 0                  │ 6                 
Eliminated         │ 0                  │ 6                 
Unknowns           │ 96                 │ 90                
nnz                │ 460                │ 490               
Density            │ 4.99e-02           │ 4.71e-02          
Zero rows          │ 0                  │ 0                 
Zero cols          │ 0                  │ 0                 
Bandwidth          │ 10                 │ 10                
Symmetric          │ yes                │ yes               
Rank               │ 96                 │ 96                
Cond-no            │ 7.0e+07            │ 2.4e+19           
λmin/λmax          │ 1.5e+02/1.1e+10    │ -5.4e-07/1.1e+10  
Inertia            │ 96/0/0             │ 98/4/0            
b-min/max          │ -5.0e+02/0.0e+00   │ -5.0e+02/0.0e+00  
Σb                 │ -5.0e+02           │ -5.0e+02          
Top|b|             │ 19:-5.0e+02, 0:0.0e+00, 2:0.0e+00 │ 25:-5.0e+02, 0:0.0e+00, 2:0.0e+00

2026-02-26 16:17:02,292 [INFO] 🩺  Condensed System diagnostics appended → C:\Users\s1834431\Programs\fem_model\post_processing\results\job_0002_n16_2026-02-26_16-16-58-458289_pid18316_041120b6\diagnostics\DiagnoseLinearStaticSystem.log
