--------------------------------------------------------------------------
Machine specifications – written 2026-02-26 16:17:00.513912
OS          : Windows 11 (10.0.26100)
CPU         : 12th Gen Intel(R) Core(TM) i7-12700
   logical  : 20
   physical : 12
RAM         : 31.24 GB
Disk        : 943.72 GB total  /  2.61 GB free
Python      : 3.12.5  (C:\Users\s1834431\AppData\Local\Programs\Python\Python312\python.exe)
GPU(s)      : Intel(R) UHD Graphics 770
--------------------------------------------------------------------------

Runtime telemetry header written → C:\Users\s1834431\Programs\fem_model\post_processing\results\job_0002_n16_2026-02-26_16-16-58-458289_pid18316_041120b6\diagnostics\RuntimeMonitorTelemetry.log
2026-02-26 16:17:00 │ PrepareLocalSystem BEGIN   │ Δt  0.00 s │ RAM   132.1 MB │ CPU  19.9 % │ Disk  941.1 GB
2026-02-26 16:17:01 │ PrepareLocalSystem END     │ Δt  0.20 s │ RAM   132.1 MB │ CPU  21.4 % │ Disk  941.1 GB
2026-02-26 16:17:01 │ AssembleGlobalSystem BEGIN │ Δt  0.20 s │ RAM   132.1 MB │ CPU   9.3 % │ Disk  941.1 GB
2026-02-26 16:17:01 │ AssembleGlobalSystem END   │ Δt  0.21 s │ RAM   132.1 MB │ CPU  23.2 % │ Disk  941.1 GB
2026-02-26 16:17:01 │ ModifyGlobalSystem BEGIN   │ Δt  0.21 s │ RAM   132.1 MB │ CPU  23.8 % │ Disk  941.1 GB
2026-02-26 16:17:01 │ ModifyGlobalSystem END     │ Δt  0.21 s │ RAM   132.1 MB │ CPU  22.2 % │ Disk  941.1 GB
2026-02-26 16:17:02 │ CondenseModifiedSystem BEGIN │ Δt  0.21 s │ RAM   132.1 MB │ CPU  17.0 % │ Disk  941.1 GB
2026-02-26 16:17:02 │ CondenseModifiedSystem END │ Δt  0.23 s │ RAM   132.5 MB │ CPU  15.4 % │ Disk  941.1 GB
2026-02-26 16:17:02 │ SolveCondensedSystem BEGIN │ Δt  0.21 s │ RAM   132.6 MB │ CPU   8.2 % │ Disk  941.1 GB
2026-02-26 16:17:02 │ SolveCondensedSystem END   │ Δt  0.26 s │ RAM   132.6 MB │ CPU   8.7 % │ Disk  941.1 GB
2026-02-26 16:17:02 │ ReconstructGlobalSystem BEGIN │ Δt  0.20 s │ RAM   132.6 MB │ CPU  11.9 % │ Disk  941.1 GB
2026-02-26 16:17:03 │ ReconstructGlobalSystem END │ Δt  0.21 s │ RAM   132.6 MB │ CPU   6.2 % │ Disk  941.1 GB
2026-02-26 16:17:03 │ ComputePrimaryResults BEGIN │ Δt  0.20 s │ RAM   132.6 MB │ CPU  14.4 % │ Disk  941.1 GB
2026-02-26 16:17:03 │ ComputePrimaryResults END  │ Δt  0.28 s │ RAM   132.6 MB │ CPU  18.8 % │ Disk  941.1 GB
2026-02-26 16:17:03 │ SaveFormulationCache BEGIN │ Δt  0.20 s │ RAM   132.6 MB │ CPU   8.2 % │ Disk  941.1 GB
2026-02-26 16:17:04 │ SaveFormulationCache END   │ Δt  0.26 s │ RAM   132.6 MB │ CPU  14.2 % │ Disk  941.1 GB
2026-02-26 16:17:04 │ ComputeSecondaryResults BEGIN │ Δt  0.20 s │ RAM   132.6 MB │ CPU  30.8 % │ Disk  941.1 GB
2026-02-26 16:17:04 │ ComputeSecondaryResults END │ Δt  0.23 s │ RAM   132.6 MB │ CPU  24.5 % │ Disk  941.1 GB
2026-02-26 16:17:04 │ ComputeTertiaryResults BEGIN │ Δt  0.20 s │ RAM   132.6 MB │ CPU  46.0 % │ Disk  941.1 GB
2026-02-26 16:17:04 │ ComputeTertiaryResults END │ Δt  0.23 s │ RAM   132.6 MB │ CPU  15.6 % │ Disk  941.1 GB
