2025-11-16 14:39:48,490 [DEBUG]: 🟢 ElementFactory logger initialised.
2025-11-16 14:39:48,490 [INFO]: 🚩 Starting batch element creation.
2025-11-16 14:39:48,490 [DEBUG]: Element IDs sanitised: [0, 1, 2, 3, 4, 5, 6, 7, 8, 9, 10, 11, 12, 13, 14, 15, 16, 17, 18, 19, 20, 21, 22, 23, 24, 25, 26, 27, 28, 29, 30, 31, 32, 33, 34, 35, 36, 37, 38, 39, 40, 41, 42, 43, 44, 45, 46, 47, 48, 49, 50, 51, 52, 53, 54, 55, 56, 57, 58, 59, 60, 61, 62, 63, 64, 65, 66, 67, 68, 69, 70, 71, 72, 73, 74, 75, 76, 77, 78, 79, 80, 81, 82, 83, 84, 85, 86, 87, 88, 89, 90, 91, 92, 93, 94, 95, 96, 97, 98, 99, 100, 101, 102, 103, 104, 105, 106, 107, 108, 109, 110, 111, 112, 113, 114, 115, 116, 117, 118, 119, 120, 121, 122, 123, 124, 125, 126, 127, 128, 129, 130, 131, 132, 133, 134, 135, 136, 137, 138, 139, 140, 141, 142, 143, 144, 145, 146, 147, 148, 149, 150, 151, 152, 153, 154, 155, 156, 157, 158, 159, 160, 161, 162, 163, 164, 165, 166, 167, 168, 169, 170, 171, 172, 173, 174, 175, 176, 177, 178, 179, 180, 181, 182, 183, 184, 185, 186, 187, 188, 189, 190, 191, 192, 193, 194, 195, 196, 197, 198, 199, 200, 201, 202, 203, 204, 205, 206, 207, 208, 209, 210, 211, 212, 213, 214, 215, 216, 217, 218, 219, 220, 221, 222, 223, 224, 225, 226, 227, 228, 229, 230, 231, 232, 233, 234, 235, 236, 237, 238, 239, 240, 241, 242, 243, 244, 245, 246, 247, 248, 249]
2025-11-16 14:39:48,491 [DEBUG]: Module for EulerBernoulliBeamElement3D loaded.
2025-11-16 14:39:48,493 [DEBUG]: ✅ Element 0 (EulerBernoulliBeamElement3D) instantiated.
2025-11-16 14:39:48,493 [DEBUG]: ✅ Element 1 (EulerBernoulliBeamElement3D) instantiated.
2025-11-16 14:39:48,494 [DEBUG]: ✅ Element 2 (EulerBernoulliBeamElement3D) instantiated.
2025-11-16 14:39:48,494 [DEBUG]: ✅ Element 3 (EulerBernoulliBeamElement3D) instantiated.
2025-11-16 14:39:48,495 [DEBUG]: ✅ Element 4 (EulerBernoulliBeamElement3D) instantiated.
2025-11-16 14:39:48,495 [DEBUG]: ✅ Element 5 (EulerBernoulliBeamElement3D) instantiated.
2025-11-16 14:39:48,496 [DEBUG]: ✅ Element 6 (EulerBernoulliBeamElement3D) instantiated.
2025-11-16 14:39:48,496 [DEBUG]: ✅ Element 7 (EulerBernoulliBeamElement3D) instantiated.
2025-11-16 14:39:48,497 [DEBUG]: ✅ Element 8 (EulerBernoulliBeamElement3D) instantiated.
2025-11-16 14:39:48,497 [DEBUG]: ✅ Element 9 (EulerBernoulliBeamElement3D) instantiated.
2025-11-16 14:39:48,498 [DEBUG]: ✅ Element 10 (EulerBernoulliBeamElement3D) instantiated.
2025-11-16 14:39:48,498 [DEBUG]: ✅ Element 11 (EulerBernoulliBeamElement3D) instantiated.
2025-11-16 14:39:48,499 [DEBUG]: ✅ Element 12 (EulerBernoulliBeamElement3D) instantiated.
2025-11-16 14:39:48,499 [DEBUG]: ✅ Element 13 (EulerBernoulliBeamElement3D) instantiated.
2025-11-16 14:39:48,500 [DEBUG]: ✅ Element 14 (EulerBernoulliBeamElement3D) instantiated.
2025-11-16 14:39:48,500 [DEBUG]: ✅ Element 15 (EulerBernoulliBeamElement3D) instantiated.
2025-11-16 14:39:48,501 [DEBUG]: ✅ Element 16 (EulerBernoulliBeamElement3D) instantiated.
2025-11-16 14:39:48,501 [DEBUG]: ✅ Element 17 (EulerBernoulliBeamElement3D) instantiated.
2025-11-16 14:39:48,501 [DEBUG]: ✅ Element 18 (EulerBernoulliBeamElement3D) instantiated.
2025-11-16 14:39:48,502 [DEBUG]: ✅ Element 19 (EulerBernoulliBeamElement3D) instantiated.
2025-11-16 14:39:48,502 [DEBUG]: ✅ Element 20 (EulerBernoulliBeamElement3D) instantiated.
2025-11-16 14:39:48,502 [DEBUG]: ✅ Element 21 (EulerBernoulliBeamElement3D) instantiated.
2025-11-16 14:39:48,503 [DEBUG]: ✅ Element 22 (EulerBernoulliBeamElement3D) instantiated.
2025-11-16 14:39:48,503 [DEBUG]: ✅ Element 23 (EulerBernoulliBeamElement3D) instantiated.
2025-11-16 14:39:48,504 [DEBUG]: ✅ Element 24 (EulerBernoulliBeamElement3D) instantiated.
2025-11-16 14:39:48,505 [DEBUG]: ✅ Element 25 (EulerBernoulliBeamElement3D) instantiated.
2025-11-16 14:39:48,505 [DEBUG]: ✅ Element 26 (EulerBernoulliBeamElement3D) instantiated.
2025-11-16 14:39:48,505 [DEBUG]: ✅ Element 27 (EulerBernoulliBeamElement3D) instantiated.
2025-11-16 14:39:48,506 [DEBUG]: ✅ Element 28 (EulerBernoulliBeamElement3D) instantiated.
2025-11-16 14:39:48,506 [DEBUG]: ✅ Element 29 (EulerBernoulliBeamElement3D) instantiated.
2025-11-16 14:39:48,507 [DEBUG]: ✅ Element 30 (EulerBernoulliBeamElement3D) instantiated.
2025-11-16 14:39:48,507 [DEBUG]: ✅ Element 31 (EulerBernoulliBeamElement3D) instantiated.
2025-11-16 14:39:48,508 [DEBUG]: ✅ Element 32 (EulerBernoulliBeamElement3D) instantiated.
2025-11-16 14:39:48,508 [DEBUG]: ✅ Element 33 (EulerBernoulliBeamElement3D) instantiated.
2025-11-16 14:39:48,509 [DEBUG]: ✅ Element 34 (EulerBernoulliBeamElement3D) instantiated.
2025-11-16 14:39:48,509 [DEBUG]: ✅ Element 35 (EulerBernoulliBeamElement3D) instantiated.
2025-11-16 14:39:48,509 [DEBUG]: ✅ Element 36 (EulerBernoulliBeamElement3D) instantiated.
2025-11-16 14:39:48,510 [DEBUG]: ✅ Element 37 (EulerBernoulliBeamElement3D) instantiated.
2025-11-16 14:39:48,510 [DEBUG]: ✅ Element 38 (EulerBernoulliBeamElement3D) instantiated.
2025-11-16 14:39:48,511 [DEBUG]: ✅ Element 39 (EulerBernoulliBeamElement3D) instantiated.
2025-11-16 14:39:48,511 [DEBUG]: ✅ Element 40 (EulerBernoulliBeamElement3D) instantiated.
2025-11-16 14:39:48,512 [DEBUG]: ✅ Element 41 (EulerBernoulliBeamElement3D) instantiated.
2025-11-16 14:39:48,512 [DEBUG]: ✅ Element 42 (EulerBernoulliBeamElement3D) instantiated.
2025-11-16 14:39:48,512 [DEBUG]: ✅ Element 43 (EulerBernoulliBeamElement3D) instantiated.
2025-11-16 14:39:48,513 [DEBUG]: ✅ Element 44 (EulerBernoulliBeamElement3D) instantiated.
2025-11-16 14:39:48,513 [DEBUG]: ✅ Element 45 (EulerBernoulliBeamElement3D) instantiated.
2025-11-16 14:39:48,514 [DEBUG]: ✅ Element 46 (EulerBernoulliBeamElement3D) instantiated.
2025-11-16 14:39:48,514 [DEBUG]: ✅ Element 47 (EulerBernoulliBeamElement3D) instantiated.
2025-11-16 14:39:48,514 [DEBUG]: ✅ Element 48 (EulerBernoulliBeamElement3D) instantiated.
2025-11-16 14:39:48,515 [DEBUG]: ✅ Element 49 (EulerBernoulliBeamElement3D) instantiated.
2025-11-16 14:39:48,516 [DEBUG]: ✅ Element 50 (EulerBernoulliBeamElement3D) instantiated.
2025-11-16 14:39:48,516 [DEBUG]: ✅ Element 51 (EulerBernoulliBeamElement3D) instantiated.
2025-11-16 14:39:48,517 [DEBUG]: ✅ Element 52 (EulerBernoulliBeamElement3D) instantiated.
2025-11-16 14:39:48,517 [DEBUG]: ✅ Element 53 (EulerBernoulliBeamElement3D) instantiated.
2025-11-16 14:39:48,517 [DEBUG]: ✅ Element 54 (EulerBernoulliBeamElement3D) instantiated.
2025-11-16 14:39:48,518 [DEBUG]: ✅ Element 55 (EulerBernoulliBeamElement3D) instantiated.
2025-11-16 14:39:48,518 [DEBUG]: ✅ Element 56 (EulerBernoulliBeamElement3D) instantiated.
2025-11-16 14:39:48,519 [DEBUG]: ✅ Element 57 (EulerBernoulliBeamElement3D) instantiated.
2025-11-16 14:39:48,519 [DEBUG]: ✅ Element 58 (EulerBernoulliBeamElement3D) instantiated.
2025-11-16 14:39:48,519 [DEBUG]: ✅ Element 59 (EulerBernoulliBeamElement3D) instantiated.
2025-11-16 14:39:48,520 [DEBUG]: ✅ Element 60 (EulerBernoulliBeamElement3D) instantiated.
2025-11-16 14:39:48,520 [DEBUG]: ✅ Element 61 (EulerBernoulliBeamElement3D) instantiated.
2025-11-16 14:39:48,521 [DEBUG]: ✅ Element 62 (EulerBernoulliBeamElement3D) instantiated.
2025-11-16 14:39:48,522 [DEBUG]: ✅ Element 63 (EulerBernoulliBeamElement3D) instantiated.
2025-11-16 14:39:48,522 [DEBUG]: ✅ Element 64 (EulerBernoulliBeamElement3D) instantiated.
2025-11-16 14:39:48,523 [DEBUG]: ✅ Element 65 (EulerBernoulliBeamElement3D) instantiated.
2025-11-16 14:39:48,523 [DEBUG]: ✅ Element 66 (EulerBernoulliBeamElement3D) instantiated.
2025-11-16 14:39:48,524 [DEBUG]: ✅ Element 67 (EulerBernoulliBeamElement3D) instantiated.
2025-11-16 14:39:48,524 [DEBUG]: ✅ Element 68 (EulerBernoulliBeamElement3D) instantiated.
2025-11-16 14:39:48,524 [DEBUG]: ✅ Element 69 (EulerBernoulliBeamElement3D) instantiated.
2025-11-16 14:39:48,525 [DEBUG]: ✅ Element 70 (EulerBernoulliBeamElement3D) instantiated.
2025-11-16 14:39:48,525 [DEBUG]: ✅ Element 71 (EulerBernoulliBeamElement3D) instantiated.
2025-11-16 14:39:48,526 [DEBUG]: ✅ Element 72 (EulerBernoulliBeamElement3D) instantiated.
2025-11-16 14:39:48,526 [DEBUG]: ✅ Element 73 (EulerBernoulliBeamElement3D) instantiated.
2025-11-16 14:39:48,526 [DEBUG]: ✅ Element 74 (EulerBernoulliBeamElement3D) instantiated.
2025-11-16 14:39:48,527 [DEBUG]: ✅ Element 75 (EulerBernoulliBeamElement3D) instantiated.
2025-11-16 14:39:48,527 [DEBUG]: ✅ Element 76 (EulerBernoulliBeamElement3D) instantiated.
2025-11-16 14:39:48,528 [DEBUG]: ✅ Element 77 (EulerBernoulliBeamElement3D) instantiated.
2025-11-16 14:39:48,528 [DEBUG]: ✅ Element 78 (EulerBernoulliBeamElement3D) instantiated.
2025-11-16 14:39:48,528 [DEBUG]: ✅ Element 79 (EulerBernoulliBeamElement3D) instantiated.
2025-11-16 14:39:48,529 [DEBUG]: ✅ Element 80 (EulerBernoulliBeamElement3D) instantiated.
2025-11-16 14:39:48,529 [DEBUG]: ✅ Element 81 (EulerBernoulliBeamElement3D) instantiated.
2025-11-16 14:39:48,530 [DEBUG]: ✅ Element 82 (EulerBernoulliBeamElement3D) instantiated.
2025-11-16 14:39:48,530 [DEBUG]: ✅ Element 83 (EulerBernoulliBeamElement3D) instantiated.
2025-11-16 14:39:48,531 [DEBUG]: ✅ Element 84 (EulerBernoulliBeamElement3D) instantiated.
2025-11-16 14:39:48,531 [DEBUG]: ✅ Element 85 (EulerBernoulliBeamElement3D) instantiated.
2025-11-16 14:39:48,532 [DEBUG]: ✅ Element 86 (EulerBernoulliBeamElement3D) instantiated.
2025-11-16 14:39:48,532 [DEBUG]: ✅ Element 87 (EulerBernoulliBeamElement3D) instantiated.
2025-11-16 14:39:48,532 [DEBUG]: ✅ Element 88 (EulerBernoulliBeamElement3D) instantiated.
2025-11-16 14:39:48,533 [DEBUG]: ✅ Element 89 (EulerBernoulliBeamElement3D) instantiated.
2025-11-16 14:39:48,533 [DEBUG]: ✅ Element 90 (EulerBernoulliBeamElement3D) instantiated.
2025-11-16 14:39:48,533 [DEBUG]: ✅ Element 91 (EulerBernoulliBeamElement3D) instantiated.
2025-11-16 14:39:48,534 [DEBUG]: ✅ Element 92 (EulerBernoulliBeamElement3D) instantiated.
2025-11-16 14:39:48,534 [DEBUG]: ✅ Element 93 (EulerBernoulliBeamElement3D) instantiated.
2025-11-16 14:39:48,535 [DEBUG]: ✅ Element 94 (EulerBernoulliBeamElement3D) instantiated.
2025-11-16 14:39:48,535 [DEBUG]: ✅ Element 95 (EulerBernoulliBeamElement3D) instantiated.
2025-11-16 14:39:48,536 [DEBUG]: ✅ Element 96 (EulerBernoulliBeamElement3D) instantiated.
2025-11-16 14:39:48,536 [DEBUG]: ✅ Element 97 (EulerBernoulliBeamElement3D) instantiated.
2025-11-16 14:39:48,537 [DEBUG]: ✅ Element 98 (EulerBernoulliBeamElement3D) instantiated.
2025-11-16 14:39:48,537 [DEBUG]: ✅ Element 99 (EulerBernoulliBeamElement3D) instantiated.
2025-11-16 14:39:48,538 [DEBUG]: ✅ Element 100 (EulerBernoulliBeamElement3D) instantiated.
2025-11-16 14:39:48,538 [DEBUG]: ✅ Element 101 (EulerBernoulliBeamElement3D) instantiated.
2025-11-16 14:39:48,539 [DEBUG]: ✅ Element 102 (EulerBernoulliBeamElement3D) instantiated.
2025-11-16 14:39:48,539 [DEBUG]: ✅ Element 103 (EulerBernoulliBeamElement3D) instantiated.
2025-11-16 14:39:48,540 [DEBUG]: ✅ Element 104 (EulerBernoulliBeamElement3D) instantiated.
2025-11-16 14:39:48,540 [DEBUG]: ✅ Element 105 (EulerBernoulliBeamElement3D) instantiated.
2025-11-16 14:39:48,540 [DEBUG]: ✅ Element 106 (EulerBernoulliBeamElement3D) instantiated.
2025-11-16 14:39:48,542 [DEBUG]: ✅ Element 107 (EulerBernoulliBeamElement3D) instantiated.
2025-11-16 14:39:48,543 [DEBUG]: ✅ Element 108 (EulerBernoulliBeamElement3D) instantiated.
2025-11-16 14:39:48,543 [DEBUG]: ✅ Element 109 (EulerBernoulliBeamElement3D) instantiated.
2025-11-16 14:39:48,543 [DEBUG]: ✅ Element 110 (EulerBernoulliBeamElement3D) instantiated.
2025-11-16 14:39:48,544 [DEBUG]: ✅ Element 111 (EulerBernoulliBeamElement3D) instantiated.
2025-11-16 14:39:48,544 [DEBUG]: ✅ Element 112 (EulerBernoulliBeamElement3D) instantiated.
2025-11-16 14:39:48,545 [DEBUG]: ✅ Element 113 (EulerBernoulliBeamElement3D) instantiated.
2025-11-16 14:39:48,545 [DEBUG]: ✅ Element 114 (EulerBernoulliBeamElement3D) instantiated.
2025-11-16 14:39:48,545 [DEBUG]: ✅ Element 115 (EulerBernoulliBeamElement3D) instantiated.
2025-11-16 14:39:48,545 [DEBUG]: ✅ Element 116 (EulerBernoulliBeamElement3D) instantiated.
2025-11-16 14:39:48,545 [DEBUG]: ✅ Element 117 (EulerBernoulliBeamElement3D) instantiated.
2025-11-16 14:39:48,545 [DEBUG]: ✅ Element 118 (EulerBernoulliBeamElement3D) instantiated.
2025-11-16 14:39:48,545 [DEBUG]: ✅ Element 119 (EulerBernoulliBeamElement3D) instantiated.
2025-11-16 14:39:48,545 [DEBUG]: ✅ Element 120 (EulerBernoulliBeamElement3D) instantiated.
2025-11-16 14:39:48,545 [DEBUG]: ✅ Element 121 (EulerBernoulliBeamElement3D) instantiated.
2025-11-16 14:39:48,545 [DEBUG]: ✅ Element 122 (EulerBernoulliBeamElement3D) instantiated.
2025-11-16 14:39:48,545 [DEBUG]: ✅ Element 123 (EulerBernoulliBeamElement3D) instantiated.
2025-11-16 14:39:48,545 [DEBUG]: ✅ Element 124 (EulerBernoulliBeamElement3D) instantiated.
2025-11-16 14:39:48,545 [DEBUG]: ✅ Element 125 (EulerBernoulliBeamElement3D) instantiated.
2025-11-16 14:39:48,545 [DEBUG]: ✅ Element 126 (EulerBernoulliBeamElement3D) instantiated.
2025-11-16 14:39:48,545 [DEBUG]: ✅ Element 127 (EulerBernoulliBeamElement3D) instantiated.
2025-11-16 14:39:48,545 [DEBUG]: ✅ Element 128 (EulerBernoulliBeamElement3D) instantiated.
2025-11-16 14:39:48,553 [DEBUG]: ✅ Element 129 (EulerBernoulliBeamElement3D) instantiated.
2025-11-16 14:39:48,553 [DEBUG]: ✅ Element 130 (EulerBernoulliBeamElement3D) instantiated.
2025-11-16 14:39:48,554 [DEBUG]: ✅ Element 131 (EulerBernoulliBeamElement3D) instantiated.
2025-11-16 14:39:48,554 [DEBUG]: ✅ Element 132 (EulerBernoulliBeamElement3D) instantiated.
2025-11-16 14:39:48,555 [DEBUG]: ✅ Element 133 (EulerBernoulliBeamElement3D) instantiated.
2025-11-16 14:39:48,556 [DEBUG]: ✅ Element 134 (EulerBernoulliBeamElement3D) instantiated.
2025-11-16 14:39:48,556 [DEBUG]: ✅ Element 135 (EulerBernoulliBeamElement3D) instantiated.
2025-11-16 14:39:48,557 [DEBUG]: ✅ Element 136 (EulerBernoulliBeamElement3D) instantiated.
2025-11-16 14:39:48,557 [DEBUG]: ✅ Element 137 (EulerBernoulliBeamElement3D) instantiated.
2025-11-16 14:39:48,557 [DEBUG]: ✅ Element 138 (EulerBernoulliBeamElement3D) instantiated.
2025-11-16 14:39:48,558 [DEBUG]: ✅ Element 139 (EulerBernoulliBeamElement3D) instantiated.
2025-11-16 14:39:48,559 [DEBUG]: ✅ Element 140 (EulerBernoulliBeamElement3D) instantiated.
2025-11-16 14:39:48,559 [DEBUG]: ✅ Element 141 (EulerBernoulliBeamElement3D) instantiated.
2025-11-16 14:39:48,560 [DEBUG]: ✅ Element 142 (EulerBernoulliBeamElement3D) instantiated.
2025-11-16 14:39:48,560 [DEBUG]: ✅ Element 143 (EulerBernoulliBeamElement3D) instantiated.
2025-11-16 14:39:48,561 [DEBUG]: ✅ Element 144 (EulerBernoulliBeamElement3D) instantiated.
2025-11-16 14:39:48,561 [DEBUG]: ✅ Element 145 (EulerBernoulliBeamElement3D) instantiated.
2025-11-16 14:39:48,561 [DEBUG]: ✅ Element 146 (EulerBernoulliBeamElement3D) instantiated.
2025-11-16 14:39:48,562 [DEBUG]: ✅ Element 147 (EulerBernoulliBeamElement3D) instantiated.
2025-11-16 14:39:48,562 [DEBUG]: ✅ Element 148 (EulerBernoulliBeamElement3D) instantiated.
2025-11-16 14:39:48,563 [DEBUG]: ✅ Element 149 (EulerBernoulliBeamElement3D) instantiated.
2025-11-16 14:39:48,563 [DEBUG]: ✅ Element 150 (EulerBernoulliBeamElement3D) instantiated.
2025-11-16 14:39:48,564 [DEBUG]: ✅ Element 151 (EulerBernoulliBeamElement3D) instantiated.
2025-11-16 14:39:48,565 [DEBUG]: ✅ Element 152 (EulerBernoulliBeamElement3D) instantiated.
2025-11-16 14:39:48,565 [DEBUG]: ✅ Element 153 (EulerBernoulliBeamElement3D) instantiated.
2025-11-16 14:39:48,565 [DEBUG]: ✅ Element 154 (EulerBernoulliBeamElement3D) instantiated.
2025-11-16 14:39:48,566 [DEBUG]: ✅ Element 155 (EulerBernoulliBeamElement3D) instantiated.
2025-11-16 14:39:48,567 [DEBUG]: ✅ Element 156 (EulerBernoulliBeamElement3D) instantiated.
2025-11-16 14:39:48,567 [DEBUG]: ✅ Element 157 (EulerBernoulliBeamElement3D) instantiated.
2025-11-16 14:39:48,568 [DEBUG]: ✅ Element 158 (EulerBernoulliBeamElement3D) instantiated.
2025-11-16 14:39:48,568 [DEBUG]: ✅ Element 159 (EulerBernoulliBeamElement3D) instantiated.
2025-11-16 14:39:48,569 [DEBUG]: ✅ Element 160 (EulerBernoulliBeamElement3D) instantiated.
2025-11-16 14:39:48,569 [DEBUG]: ✅ Element 161 (EulerBernoulliBeamElement3D) instantiated.
2025-11-16 14:39:48,570 [DEBUG]: ✅ Element 162 (EulerBernoulliBeamElement3D) instantiated.
2025-11-16 14:39:48,570 [DEBUG]: ✅ Element 163 (EulerBernoulliBeamElement3D) instantiated.
2025-11-16 14:39:48,571 [DEBUG]: ✅ Element 164 (EulerBernoulliBeamElement3D) instantiated.
2025-11-16 14:39:48,571 [DEBUG]: ✅ Element 165 (EulerBernoulliBeamElement3D) instantiated.
2025-11-16 14:39:48,572 [DEBUG]: ✅ Element 166 (EulerBernoulliBeamElement3D) instantiated.
2025-11-16 14:39:48,572 [DEBUG]: ✅ Element 167 (EulerBernoulliBeamElement3D) instantiated.
2025-11-16 14:39:48,573 [DEBUG]: ✅ Element 168 (EulerBernoulliBeamElement3D) instantiated.
2025-11-16 14:39:48,573 [DEBUG]: ✅ Element 169 (EulerBernoulliBeamElement3D) instantiated.
2025-11-16 14:39:48,574 [DEBUG]: ✅ Element 170 (EulerBernoulliBeamElement3D) instantiated.
2025-11-16 14:39:48,574 [DEBUG]: ✅ Element 171 (EulerBernoulliBeamElement3D) instantiated.
2025-11-16 14:39:48,575 [DEBUG]: ✅ Element 172 (EulerBernoulliBeamElement3D) instantiated.
2025-11-16 14:39:48,575 [DEBUG]: ✅ Element 173 (EulerBernoulliBeamElement3D) instantiated.
2025-11-16 14:39:48,576 [DEBUG]: ✅ Element 174 (EulerBernoulliBeamElement3D) instantiated.
2025-11-16 14:39:48,576 [DEBUG]: ✅ Element 175 (EulerBernoulliBeamElement3D) instantiated.
2025-11-16 14:39:48,577 [DEBUG]: ✅ Element 176 (EulerBernoulliBeamElement3D) instantiated.
2025-11-16 14:39:48,577 [DEBUG]: ✅ Element 177 (EulerBernoulliBeamElement3D) instantiated.
2025-11-16 14:39:48,578 [DEBUG]: ✅ Element 178 (EulerBernoulliBeamElement3D) instantiated.
2025-11-16 14:39:48,578 [DEBUG]: ✅ Element 179 (EulerBernoulliBeamElement3D) instantiated.
2025-11-16 14:39:48,578 [DEBUG]: ✅ Element 180 (EulerBernoulliBeamElement3D) instantiated.
2025-11-16 14:39:48,580 [DEBUG]: ✅ Element 181 (EulerBernoulliBeamElement3D) instantiated.
2025-11-16 14:39:48,580 [DEBUG]: ✅ Element 182 (EulerBernoulliBeamElement3D) instantiated.
2025-11-16 14:39:48,581 [DEBUG]: ✅ Element 183 (EulerBernoulliBeamElement3D) instantiated.
2025-11-16 14:39:48,581 [DEBUG]: ✅ Element 184 (EulerBernoulliBeamElement3D) instantiated.
2025-11-16 14:39:48,582 [DEBUG]: ✅ Element 185 (EulerBernoulliBeamElement3D) instantiated.
2025-11-16 14:39:48,582 [DEBUG]: ✅ Element 186 (EulerBernoulliBeamElement3D) instantiated.
2025-11-16 14:39:48,583 [DEBUG]: ✅ Element 187 (EulerBernoulliBeamElement3D) instantiated.
2025-11-16 14:39:48,583 [DEBUG]: ✅ Element 188 (EulerBernoulliBeamElement3D) instantiated.
2025-11-16 14:39:48,584 [DEBUG]: ✅ Element 189 (EulerBernoulliBeamElement3D) instantiated.
2025-11-16 14:39:48,584 [DEBUG]: ✅ Element 190 (EulerBernoulliBeamElement3D) instantiated.
2025-11-16 14:39:48,585 [DEBUG]: ✅ Element 191 (EulerBernoulliBeamElement3D) instantiated.
2025-11-16 14:39:48,585 [DEBUG]: ✅ Element 192 (EulerBernoulliBeamElement3D) instantiated.
2025-11-16 14:39:48,586 [DEBUG]: ✅ Element 193 (EulerBernoulliBeamElement3D) instantiated.
2025-11-16 14:39:48,586 [DEBUG]: ✅ Element 194 (EulerBernoulliBeamElement3D) instantiated.
2025-11-16 14:39:48,587 [DEBUG]: ✅ Element 195 (EulerBernoulliBeamElement3D) instantiated.
2025-11-16 14:39:48,587 [DEBUG]: ✅ Element 196 (EulerBernoulliBeamElement3D) instantiated.
2025-11-16 14:39:48,588 [DEBUG]: ✅ Element 197 (EulerBernoulliBeamElement3D) instantiated.
2025-11-16 14:39:48,588 [DEBUG]: ✅ Element 198 (EulerBernoulliBeamElement3D) instantiated.
2025-11-16 14:39:48,589 [DEBUG]: ✅ Element 199 (EulerBernoulliBeamElement3D) instantiated.
2025-11-16 14:39:48,590 [DEBUG]: ✅ Element 200 (EulerBernoulliBeamElement3D) instantiated.
2025-11-16 14:39:48,590 [DEBUG]: ✅ Element 201 (EulerBernoulliBeamElement3D) instantiated.
2025-11-16 14:39:48,590 [DEBUG]: ✅ Element 202 (EulerBernoulliBeamElement3D) instantiated.
2025-11-16 14:39:48,591 [DEBUG]: ✅ Element 203 (EulerBernoulliBeamElement3D) instantiated.
2025-11-16 14:39:48,591 [DEBUG]: ✅ Element 204 (EulerBernoulliBeamElement3D) instantiated.
2025-11-16 14:39:48,592 [DEBUG]: ✅ Element 205 (EulerBernoulliBeamElement3D) instantiated.
2025-11-16 14:39:48,592 [DEBUG]: ✅ Element 206 (EulerBernoulliBeamElement3D) instantiated.
2025-11-16 14:39:48,593 [DEBUG]: ✅ Element 207 (EulerBernoulliBeamElement3D) instantiated.
2025-11-16 14:39:48,593 [DEBUG]: ✅ Element 208 (EulerBernoulliBeamElement3D) instantiated.
2025-11-16 14:39:48,593 [DEBUG]: ✅ Element 209 (EulerBernoulliBeamElement3D) instantiated.
2025-11-16 14:39:48,594 [DEBUG]: ✅ Element 210 (EulerBernoulliBeamElement3D) instantiated.
2025-11-16 14:39:48,594 [DEBUG]: ✅ Element 211 (EulerBernoulliBeamElement3D) instantiated.
2025-11-16 14:39:48,595 [DEBUG]: ✅ Element 212 (EulerBernoulliBeamElement3D) instantiated.
2025-11-16 14:39:48,595 [DEBUG]: ✅ Element 213 (EulerBernoulliBeamElement3D) instantiated.
2025-11-16 14:39:48,595 [DEBUG]: ✅ Element 214 (EulerBernoulliBeamElement3D) instantiated.
2025-11-16 14:39:48,596 [DEBUG]: ✅ Element 215 (EulerBernoulliBeamElement3D) instantiated.
2025-11-16 14:39:48,596 [DEBUG]: ✅ Element 216 (EulerBernoulliBeamElement3D) instantiated.
2025-11-16 14:39:48,597 [DEBUG]: ✅ Element 217 (EulerBernoulliBeamElement3D) instantiated.
2025-11-16 14:39:48,597 [DEBUG]: ✅ Element 218 (EulerBernoulliBeamElement3D) instantiated.
2025-11-16 14:39:48,597 [DEBUG]: ✅ Element 219 (EulerBernoulliBeamElement3D) instantiated.
2025-11-16 14:39:48,598 [DEBUG]: ✅ Element 220 (EulerBernoulliBeamElement3D) instantiated.
2025-11-16 14:39:48,598 [DEBUG]: ✅ Element 221 (EulerBernoulliBeamElement3D) instantiated.
2025-11-16 14:39:48,599 [DEBUG]: ✅ Element 222 (EulerBernoulliBeamElement3D) instantiated.
2025-11-16 14:39:48,599 [DEBUG]: ✅ Element 223 (EulerBernoulliBeamElement3D) instantiated.
2025-11-16 14:39:48,599 [DEBUG]: ✅ Element 224 (EulerBernoulliBeamElement3D) instantiated.
2025-11-16 14:39:48,600 [DEBUG]: ✅ Element 225 (EulerBernoulliBeamElement3D) instantiated.
2025-11-16 14:39:48,600 [DEBUG]: ✅ Element 226 (EulerBernoulliBeamElement3D) instantiated.
2025-11-16 14:39:48,601 [DEBUG]: ✅ Element 227 (EulerBernoulliBeamElement3D) instantiated.
2025-11-16 14:39:48,601 [DEBUG]: ✅ Element 228 (EulerBernoulliBeamElement3D) instantiated.
2025-11-16 14:39:48,602 [DEBUG]: ✅ Element 229 (EulerBernoulliBeamElement3D) instantiated.
2025-11-16 14:39:48,602 [DEBUG]: ✅ Element 230 (EulerBernoulliBeamElement3D) instantiated.
2025-11-16 14:39:48,603 [DEBUG]: ✅ Element 231 (EulerBernoulliBeamElement3D) instantiated.
2025-11-16 14:39:48,603 [DEBUG]: ✅ Element 232 (EulerBernoulliBeamElement3D) instantiated.
2025-11-16 14:39:48,604 [DEBUG]: ✅ Element 233 (EulerBernoulliBeamElement3D) instantiated.
2025-11-16 14:39:48,604 [DEBUG]: ✅ Element 234 (EulerBernoulliBeamElement3D) instantiated.
2025-11-16 14:39:48,605 [DEBUG]: ✅ Element 235 (EulerBernoulliBeamElement3D) instantiated.
2025-11-16 14:39:48,605 [DEBUG]: ✅ Element 236 (EulerBernoulliBeamElement3D) instantiated.
2025-11-16 14:39:48,606 [DEBUG]: ✅ Element 237 (EulerBernoulliBeamElement3D) instantiated.
2025-11-16 14:39:48,606 [DEBUG]: ✅ Element 238 (EulerBernoulliBeamElement3D) instantiated.
2025-11-16 14:39:48,606 [DEBUG]: ✅ Element 239 (EulerBernoulliBeamElement3D) instantiated.
2025-11-16 14:39:48,607 [DEBUG]: ✅ Element 240 (EulerBernoulliBeamElement3D) instantiated.
2025-11-16 14:39:48,607 [DEBUG]: ✅ Element 241 (EulerBernoulliBeamElement3D) instantiated.
2025-11-16 14:39:48,608 [DEBUG]: ✅ Element 242 (EulerBernoulliBeamElement3D) instantiated.
2025-11-16 14:39:48,608 [DEBUG]: ✅ Element 243 (EulerBernoulliBeamElement3D) instantiated.
2025-11-16 14:39:48,608 [DEBUG]: ✅ Element 244 (EulerBernoulliBeamElement3D) instantiated.
2025-11-16 14:39:48,609 [DEBUG]: ✅ Element 245 (EulerBernoulliBeamElement3D) instantiated.
2025-11-16 14:39:48,609 [DEBUG]: ✅ Element 246 (EulerBernoulliBeamElement3D) instantiated.
2025-11-16 14:39:48,610 [DEBUG]: ✅ Element 247 (EulerBernoulliBeamElement3D) instantiated.
2025-11-16 14:39:48,610 [DEBUG]: ✅ Element 248 (EulerBernoulliBeamElement3D) instantiated.
2025-11-16 14:39:48,610 [DEBUG]: ✅ Element 249 (EulerBernoulliBeamElement3D) instantiated.
2025-11-16 14:39:48,611 [DEBUG]: Logging verified for element 0.
2025-11-16 14:39:48,612 [DEBUG]: Logging verified for element 1.
2025-11-16 14:39:48,612 [DEBUG]: Logging verified for element 2.
2025-11-16 14:39:48,613 [DEBUG]: Logging verified for element 3.
2025-11-16 14:39:48,613 [DEBUG]: Logging verified for element 4.
2025-11-16 14:39:48,613 [DEBUG]: Logging verified for element 5.
2025-11-16 14:39:48,614 [DEBUG]: Logging verified for element 6.
2025-11-16 14:39:48,614 [DEBUG]: Logging verified for element 7.
2025-11-16 14:39:48,615 [DEBUG]: Logging verified for element 8.
2025-11-16 14:39:48,615 [DEBUG]: Logging verified for element 9.
2025-11-16 14:39:48,616 [DEBUG]: Logging verified for element 10.
2025-11-16 14:39:48,616 [DEBUG]: Logging verified for element 11.
2025-11-16 14:39:48,617 [DEBUG]: Logging verified for element 12.
2025-11-16 14:39:48,617 [DEBUG]: Logging verified for element 13.
2025-11-16 14:39:48,618 [DEBUG]: Logging verified for element 14.
2025-11-16 14:39:48,618 [DEBUG]: Logging verified for element 15.
2025-11-16 14:39:48,619 [DEBUG]: Logging verified for element 16.
2025-11-16 14:39:48,619 [DEBUG]: Logging verified for element 17.
2025-11-16 14:39:48,620 [DEBUG]: Logging verified for element 18.
2025-11-16 14:39:48,620 [DEBUG]: Logging verified for element 19.
2025-11-16 14:39:48,621 [DEBUG]: Logging verified for element 20.
2025-11-16 14:39:48,621 [DEBUG]: Logging verified for element 21.
2025-11-16 14:39:48,622 [DEBUG]: Logging verified for element 22.
2025-11-16 14:39:48,622 [DEBUG]: Logging verified for element 23.
2025-11-16 14:39:48,623 [DEBUG]: Logging verified for element 24.
2025-11-16 14:39:48,623 [DEBUG]: Logging verified for element 25.
2025-11-16 14:39:48,624 [DEBUG]: Logging verified for element 26.
2025-11-16 14:39:48,624 [DEBUG]: Logging verified for element 27.
2025-11-16 14:39:48,624 [DEBUG]: Logging verified for element 28.
2025-11-16 14:39:48,625 [DEBUG]: Logging verified for element 29.
2025-11-16 14:39:48,625 [DEBUG]: Logging verified for element 30.
2025-11-16 14:39:48,625 [DEBUG]: Logging verified for element 31.
2025-11-16 14:39:48,626 [DEBUG]: Logging verified for element 32.
2025-11-16 14:39:48,626 [DEBUG]: Logging verified for element 33.
2025-11-16 14:39:48,627 [DEBUG]: Logging verified for element 34.
2025-11-16 14:39:48,627 [DEBUG]: Logging verified for element 35.
2025-11-16 14:39:48,628 [DEBUG]: Logging verified for element 36.
2025-11-16 14:39:48,628 [DEBUG]: Logging verified for element 37.
2025-11-16 14:39:48,629 [DEBUG]: Logging verified for element 38.
2025-11-16 14:39:48,629 [DEBUG]: Logging verified for element 39.
2025-11-16 14:39:48,630 [DEBUG]: Logging verified for element 40.
2025-11-16 14:39:48,630 [DEBUG]: Logging verified for element 41.
2025-11-16 14:39:48,631 [DEBUG]: Logging verified for element 42.
2025-11-16 14:39:48,631 [DEBUG]: Logging verified for element 43.
2025-11-16 14:39:48,631 [DEBUG]: Logging verified for element 44.
2025-11-16 14:39:48,632 [DEBUG]: Logging verified for element 45.
2025-11-16 14:39:48,632 [DEBUG]: Logging verified for element 46.
2025-11-16 14:39:48,633 [DEBUG]: Logging verified for element 47.
2025-11-16 14:39:48,633 [DEBUG]: Logging verified for element 48.
2025-11-16 14:39:48,634 [DEBUG]: Logging verified for element 49.
2025-11-16 14:39:48,634 [DEBUG]: Logging verified for element 50.
2025-11-16 14:39:48,635 [DEBUG]: Logging verified for element 51.
2025-11-16 14:39:48,635 [DEBUG]: Logging verified for element 52.
2025-11-16 14:39:48,636 [DEBUG]: Logging verified for element 53.
2025-11-16 14:39:48,636 [DEBUG]: Logging verified for element 54.
2025-11-16 14:39:48,637 [DEBUG]: Logging verified for element 55.
2025-11-16 14:39:48,637 [DEBUG]: Logging verified for element 56.
2025-11-16 14:39:48,638 [DEBUG]: Logging verified for element 57.
2025-11-16 14:39:48,638 [DEBUG]: Logging verified for element 58.
2025-11-16 14:39:48,639 [DEBUG]: Logging verified for element 59.
2025-11-16 14:39:48,639 [DEBUG]: Logging verified for element 60.
2025-11-16 14:39:48,640 [DEBUG]: Logging verified for element 61.
2025-11-16 14:39:48,640 [DEBUG]: Logging verified for element 62.
2025-11-16 14:39:48,642 [DEBUG]: Logging verified for element 63.
2025-11-16 14:39:48,642 [DEBUG]: Logging verified for element 64.
2025-11-16 14:39:48,643 [DEBUG]: Logging verified for element 65.
2025-11-16 14:39:48,643 [DEBUG]: Logging verified for element 66.
2025-11-16 14:39:48,643 [DEBUG]: Logging verified for element 67.
2025-11-16 14:39:48,644 [DEBUG]: Logging verified for element 68.
2025-11-16 14:39:48,644 [DEBUG]: Logging verified for element 69.
2025-11-16 14:39:48,645 [DEBUG]: Logging verified for element 70.
2025-11-16 14:39:48,645 [DEBUG]: Logging verified for element 71.
2025-11-16 14:39:48,646 [DEBUG]: Logging verified for element 72.
2025-11-16 14:39:48,646 [DEBUG]: Logging verified for element 73.
2025-11-16 14:39:48,647 [DEBUG]: Logging verified for element 74.
2025-11-16 14:39:48,647 [DEBUG]: Logging verified for element 75.
2025-11-16 14:39:48,647 [DEBUG]: Logging verified for element 76.
2025-11-16 14:39:48,648 [DEBUG]: Logging verified for element 77.
2025-11-16 14:39:48,648 [DEBUG]: Logging verified for element 78.
2025-11-16 14:39:48,649 [DEBUG]: Logging verified for element 79.
2025-11-16 14:39:48,649 [DEBUG]: Logging verified for element 80.
2025-11-16 14:39:48,650 [DEBUG]: Logging verified for element 81.
2025-11-16 14:39:48,650 [DEBUG]: Logging verified for element 82.
2025-11-16 14:39:48,650 [DEBUG]: Logging verified for element 83.
2025-11-16 14:39:48,651 [DEBUG]: Logging verified for element 84.
2025-11-16 14:39:48,651 [DEBUG]: Logging verified for element 85.
2025-11-16 14:39:48,652 [DEBUG]: Logging verified for element 86.
2025-11-16 14:39:48,652 [DEBUG]: Logging verified for element 87.
2025-11-16 14:39:48,653 [DEBUG]: Logging verified for element 88.
2025-11-16 14:39:48,653 [DEBUG]: Logging verified for element 89.
2025-11-16 14:39:48,654 [DEBUG]: Logging verified for element 90.
2025-11-16 14:39:48,654 [DEBUG]: Logging verified for element 91.
2025-11-16 14:39:48,655 [DEBUG]: Logging verified for element 92.
2025-11-16 14:39:48,656 [DEBUG]: Logging verified for element 93.
2025-11-16 14:39:48,656 [DEBUG]: Logging verified for element 94.
2025-11-16 14:39:48,657 [DEBUG]: Logging verified for element 95.
2025-11-16 14:39:48,657 [DEBUG]: Logging verified for element 96.
2025-11-16 14:39:48,658 [DEBUG]: Logging verified for element 97.
2025-11-16 14:39:48,658 [DEBUG]: Logging verified for element 98.
2025-11-16 14:39:48,659 [DEBUG]: Logging verified for element 99.
2025-11-16 14:39:48,659 [DEBUG]: Logging verified for element 100.
2025-11-16 14:39:48,660 [DEBUG]: Logging verified for element 101.
2025-11-16 14:39:48,660 [DEBUG]: Logging verified for element 102.
2025-11-16 14:39:48,661 [DEBUG]: Logging verified for element 103.
2025-11-16 14:39:48,661 [DEBUG]: Logging verified for element 104.
2025-11-16 14:39:48,662 [DEBUG]: Logging verified for element 105.
2025-11-16 14:39:48,662 [DEBUG]: Logging verified for element 106.
2025-11-16 14:39:48,662 [DEBUG]: Logging verified for element 107.
2025-11-16 14:39:48,663 [DEBUG]: Logging verified for element 108.
2025-11-16 14:39:48,663 [DEBUG]: Logging verified for element 109.
2025-11-16 14:39:48,664 [DEBUG]: Logging verified for element 110.
2025-11-16 14:39:48,664 [DEBUG]: Logging verified for element 111.
2025-11-16 14:39:48,665 [DEBUG]: Logging verified for element 112.
2025-11-16 14:39:48,665 [DEBUG]: Logging verified for element 113.
2025-11-16 14:39:48,666 [DEBUG]: Logging verified for element 114.
2025-11-16 14:39:48,666 [DEBUG]: Logging verified for element 115.
2025-11-16 14:39:48,667 [DEBUG]: Logging verified for element 116.
2025-11-16 14:39:48,667 [DEBUG]: Logging verified for element 117.
2025-11-16 14:39:48,667 [DEBUG]: Logging verified for element 118.
2025-11-16 14:39:48,668 [DEBUG]: Logging verified for element 119.
2025-11-16 14:39:48,668 [DEBUG]: Logging verified for element 120.
2025-11-16 14:39:48,669 [DEBUG]: Logging verified for element 121.
2025-11-16 14:39:48,669 [DEBUG]: Logging verified for element 122.
2025-11-16 14:39:48,670 [DEBUG]: Logging verified for element 123.
2025-11-16 14:39:48,670 [DEBUG]: Logging verified for element 124.
2025-11-16 14:39:48,671 [DEBUG]: Logging verified for element 125.
2025-11-16 14:39:48,671 [DEBUG]: Logging verified for element 126.
2025-11-16 14:39:48,672 [DEBUG]: Logging verified for element 127.
2025-11-16 14:39:48,672 [DEBUG]: Logging verified for element 128.
2025-11-16 14:39:48,674 [DEBUG]: Logging verified for element 129.
2025-11-16 14:39:48,674 [DEBUG]: Logging verified for element 130.
2025-11-16 14:39:48,675 [DEBUG]: Logging verified for element 131.
2025-11-16 14:39:48,675 [DEBUG]: Logging verified for element 132.
2025-11-16 14:39:48,675 [DEBUG]: Logging verified for element 133.
2025-11-16 14:39:48,675 [DEBUG]: Logging verified for element 134.
2025-11-16 14:39:48,675 [DEBUG]: Logging verified for element 135.
2025-11-16 14:39:48,675 [DEBUG]: Logging verified for element 136.
2025-11-16 14:39:48,675 [DEBUG]: Logging verified for element 137.
2025-11-16 14:39:48,675 [DEBUG]: Logging verified for element 138.
2025-11-16 14:39:48,675 [DEBUG]: Logging verified for element 139.
2025-11-16 14:39:48,675 [DEBUG]: Logging verified for element 140.
2025-11-16 14:39:48,675 [DEBUG]: Logging verified for element 141.
2025-11-16 14:39:48,675 [DEBUG]: Logging verified for element 142.
2025-11-16 14:39:48,675 [DEBUG]: Logging verified for element 143.
2025-11-16 14:39:48,675 [DEBUG]: Logging verified for element 144.
2025-11-16 14:39:48,675 [DEBUG]: Logging verified for element 145.
2025-11-16 14:39:48,675 [DEBUG]: Logging verified for element 146.
2025-11-16 14:39:48,675 [DEBUG]: Logging verified for element 147.
2025-11-16 14:39:48,675 [DEBUG]: Logging verified for element 148.
2025-11-16 14:39:48,675 [DEBUG]: Logging verified for element 149.
2025-11-16 14:39:48,675 [DEBUG]: Logging verified for element 150.
2025-11-16 14:39:48,675 [DEBUG]: Logging verified for element 151.
2025-11-16 14:39:48,675 [DEBUG]: Logging verified for element 152.
2025-11-16 14:39:48,686 [DEBUG]: Logging verified for element 153.
2025-11-16 14:39:48,686 [DEBUG]: Logging verified for element 154.
2025-11-16 14:39:48,686 [DEBUG]: Logging verified for element 155.
2025-11-16 14:39:48,687 [DEBUG]: Logging verified for element 156.
2025-11-16 14:39:48,687 [DEBUG]: Logging verified for element 157.
2025-11-16 14:39:48,687 [DEBUG]: Logging verified for element 158.
2025-11-16 14:39:48,687 [DEBUG]: Logging verified for element 159.
2025-11-16 14:39:48,687 [DEBUG]: Logging verified for element 160.
2025-11-16 14:39:48,690 [DEBUG]: Logging verified for element 161.
2025-11-16 14:39:48,690 [DEBUG]: Logging verified for element 162.
2025-11-16 14:39:48,690 [DEBUG]: Logging verified for element 163.
2025-11-16 14:39:48,691 [DEBUG]: Logging verified for element 164.
2025-11-16 14:39:48,691 [DEBUG]: Logging verified for element 165.
2025-11-16 14:39:48,692 [DEBUG]: Logging verified for element 166.
2025-11-16 14:39:48,692 [DEBUG]: Logging verified for element 167.
2025-11-16 14:39:48,693 [DEBUG]: Logging verified for element 168.
2025-11-16 14:39:48,693 [DEBUG]: Logging verified for element 169.
2025-11-16 14:39:48,694 [DEBUG]: Logging verified for element 170.
2025-11-16 14:39:48,694 [DEBUG]: Logging verified for element 171.
2025-11-16 14:39:48,694 [DEBUG]: Logging verified for element 172.
2025-11-16 14:39:48,695 [DEBUG]: Logging verified for element 173.
2025-11-16 14:39:48,695 [DEBUG]: Logging verified for element 174.
2025-11-16 14:39:48,696 [DEBUG]: Logging verified for element 175.
2025-11-16 14:39:48,696 [DEBUG]: Logging verified for element 176.
2025-11-16 14:39:48,697 [DEBUG]: Logging verified for element 177.
2025-11-16 14:39:48,697 [DEBUG]: Logging verified for element 178.
2025-11-16 14:39:48,698 [DEBUG]: Logging verified for element 179.
2025-11-16 14:39:48,698 [DEBUG]: Logging verified for element 180.
2025-11-16 14:39:48,699 [DEBUG]: Logging verified for element 181.
2025-11-16 14:39:48,699 [DEBUG]: Logging verified for element 182.
2025-11-16 14:39:48,699 [DEBUG]: Logging verified for element 183.
2025-11-16 14:39:48,700 [DEBUG]: Logging verified for element 184.
2025-11-16 14:39:48,700 [DEBUG]: Logging verified for element 185.
2025-11-16 14:39:48,700 [DEBUG]: Logging verified for element 186.
2025-11-16 14:39:48,700 [DEBUG]: Logging verified for element 187.
2025-11-16 14:39:48,700 [DEBUG]: Logging verified for element 188.
2025-11-16 14:39:48,700 [DEBUG]: Logging verified for element 189.
2025-11-16 14:39:48,700 [DEBUG]: Logging verified for element 190.
2025-11-16 14:39:48,700 [DEBUG]: Logging verified for element 191.
2025-11-16 14:39:48,700 [DEBUG]: Logging verified for element 192.
2025-11-16 14:39:48,700 [DEBUG]: Logging verified for element 193.
2025-11-16 14:39:48,700 [DEBUG]: Logging verified for element 194.
2025-11-16 14:39:48,700 [DEBUG]: Logging verified for element 195.
2025-11-16 14:39:48,700 [DEBUG]: Logging verified for element 196.
2025-11-16 14:39:48,700 [DEBUG]: Logging verified for element 197.
2025-11-16 14:39:48,700 [DEBUG]: Logging verified for element 198.
2025-11-16 14:39:48,700 [DEBUG]: Logging verified for element 199.
2025-11-16 14:39:48,700 [DEBUG]: Logging verified for element 200.
2025-11-16 14:39:48,700 [DEBUG]: Logging verified for element 201.
2025-11-16 14:39:48,700 [DEBUG]: Logging verified for element 202.
2025-11-16 14:39:48,700 [DEBUG]: Logging verified for element 203.
2025-11-16 14:39:48,700 [DEBUG]: Logging verified for element 204.
2025-11-16 14:39:48,700 [DEBUG]: Logging verified for element 205.
2025-11-16 14:39:48,700 [DEBUG]: Logging verified for element 206.
2025-11-16 14:39:48,700 [DEBUG]: Logging verified for element 207.
2025-11-16 14:39:48,700 [DEBUG]: Logging verified for element 208.
2025-11-16 14:39:48,700 [DEBUG]: Logging verified for element 209.
2025-11-16 14:39:48,700 [DEBUG]: Logging verified for element 210.
2025-11-16 14:39:48,700 [DEBUG]: Logging verified for element 211.
2025-11-16 14:39:48,700 [DEBUG]: Logging verified for element 212.
2025-11-16 14:39:48,700 [DEBUG]: Logging verified for element 213.
2025-11-16 14:39:48,700 [DEBUG]: Logging verified for element 214.
2025-11-16 14:39:48,700 [DEBUG]: Logging verified for element 215.
2025-11-16 14:39:48,716 [DEBUG]: Logging verified for element 216.
2025-11-16 14:39:48,716 [DEBUG]: Logging verified for element 217.
2025-11-16 14:39:48,717 [DEBUG]: Logging verified for element 218.
2025-11-16 14:39:48,717 [DEBUG]: Logging verified for element 219.
2025-11-16 14:39:48,717 [DEBUG]: Logging verified for element 220.
2025-11-16 14:39:48,718 [DEBUG]: Logging verified for element 221.
2025-11-16 14:39:48,719 [DEBUG]: Logging verified for element 222.
2025-11-16 14:39:48,719 [DEBUG]: Logging verified for element 223.
2025-11-16 14:39:48,720 [DEBUG]: Logging verified for element 224.
2025-11-16 14:39:48,721 [DEBUG]: Logging verified for element 225.
2025-11-16 14:39:48,722 [DEBUG]: Logging verified for element 226.
2025-11-16 14:39:48,722 [DEBUG]: Logging verified for element 227.
2025-11-16 14:39:48,723 [DEBUG]: Logging verified for element 228.
2025-11-16 14:39:48,724 [DEBUG]: Logging verified for element 229.
2025-11-16 14:39:48,724 [DEBUG]: Logging verified for element 230.
2025-11-16 14:39:48,725 [DEBUG]: Logging verified for element 231.
2025-11-16 14:39:48,725 [DEBUG]: Logging verified for element 232.
2025-11-16 14:39:48,725 [DEBUG]: Logging verified for element 233.
2025-11-16 14:39:48,726 [DEBUG]: Logging verified for element 234.
2025-11-16 14:39:48,726 [DEBUG]: Logging verified for element 235.
2025-11-16 14:39:48,727 [DEBUG]: Logging verified for element 236.
2025-11-16 14:39:48,727 [DEBUG]: Logging verified for element 237.
2025-11-16 14:39:48,728 [DEBUG]: Logging verified for element 238.
2025-11-16 14:39:48,728 [DEBUG]: Logging verified for element 239.
2025-11-16 14:39:48,729 [DEBUG]: Logging verified for element 240.
2025-11-16 14:39:48,729 [DEBUG]: Logging verified for element 241.
2025-11-16 14:39:48,730 [DEBUG]: Logging verified for element 242.
2025-11-16 14:39:48,730 [DEBUG]: Logging verified for element 243.
2025-11-16 14:39:48,731 [DEBUG]: Logging verified for element 244.
2025-11-16 14:39:48,731 [DEBUG]: Logging verified for element 245.
2025-11-16 14:39:48,732 [DEBUG]: Logging verified for element 246.
2025-11-16 14:39:48,732 [DEBUG]: Logging verified for element 247.
2025-11-16 14:39:48,732 [DEBUG]: Logging verified for element 248.
2025-11-16 14:39:48,733 [DEBUG]: Logging verified for element 249.
2025-11-16 14:39:48,733 [INFO]: ✅ Batch element creation complete.
