Machine Specifications:
   - OS: Windows 11 (10.0.26100)
       • Logical cores: 20
       • Physical cores: 12
   - RAM: 31.24 GB
   - Disk: 943.72 GB total, 2.64 GB free
   - Python Version: 3.12.5 (C:\Users\s1834431\AppData\Local\Programs\Python\Python312\python.exe)
   - GPU(s): Intel(R) UHD Graphics 770

Job: job_0000_n32
Timestamp (job start): 2026-02-26_16-16-29-574110
Total Time: 7.52 sec

+-------------------------------+------------+---------------+-------------+-----------+
| Step                          |   Time (s) |   Memory (MB) |   Disk (GB) |   CPU (%) |
+===============================+============+===============+=============+===========+
| Parsing                       | 0.00227594 |       66.5664 |     941.062 |         0 |
+-------------------------------+------------+---------------+-------------+-----------+
| Element Instantiation         | 0.304091   |       98.8945 |     941.063 |         0 |
+-------------------------------+------------+---------------+-------------+-----------+
| Element Stiffness Computation | 0.139897   |       99.8555 |     941.064 |         0 |
+-------------------------------+------------+---------------+-------------+-----------+
| Element Force Computation     | 0.0140209  |       99.8789 |     941.064 |         0 |
+-------------------------------+------------+---------------+-------------+-----------+
| Full Simulation               | 6.44656    |      128.867  |     941.073 |         0 |
+-------------------------------+------------+---------------+-------------+-----------+

Parallel Jobs: None
Start Memory: 66.31 MB | End Memory: 128.87 MB
Start Disk Usage: 941.06 GB | End Disk Usage: 941.07 GB
Start CPU: 0.00% | End CPU: 0.00%
