2025-11-16 14:53:31,402 [DEBUG]: 🟢 ElementFactory logger initialised.
2025-11-16 14:53:31,402 [INFO]: 🚩 Starting batch element creation.
2025-11-16 14:53:31,402 [DEBUG]: Element IDs sanitised: [0, 1, 2, 3, 4, 5, 6, 7, 8, 9, 10, 11, 12, 13, 14, 15, 16, 17, 18, 19, 20, 21, 22, 23, 24, 25, 26, 27, 28, 29, 30, 31, 32, 33, 34, 35, 36, 37, 38, 39, 40, 41, 42, 43, 44, 45, 46, 47, 48, 49, 50, 51, 52, 53, 54, 55, 56, 57, 58, 59, 60, 61, 62, 63, 64, 65, 66, 67, 68, 69, 70, 71, 72, 73, 74, 75, 76, 77, 78, 79, 80, 81, 82, 83, 84, 85, 86, 87, 88, 89, 90, 91, 92, 93, 94, 95, 96, 97, 98, 99, 100, 101, 102, 103, 104, 105, 106, 107, 108, 109, 110, 111, 112, 113, 114, 115, 116, 117, 118, 119, 120, 121, 122, 123, 124, 125, 126, 127, 128, 129, 130, 131, 132, 133, 134, 135, 136, 137, 138, 139, 140, 141, 142, 143, 144, 145, 146, 147, 148, 149, 150, 151, 152, 153, 154, 155, 156, 157, 158, 159, 160, 161, 162, 163, 164, 165, 166, 167, 168, 169, 170, 171, 172, 173, 174, 175, 176, 177, 178, 179, 180, 181, 182, 183, 184, 185, 186, 187, 188, 189, 190, 191, 192, 193, 194, 195, 196, 197, 198, 199, 200, 201, 202, 203, 204, 205, 206, 207, 208, 209, 210, 211, 212, 213, 214, 215, 216, 217, 218, 219, 220, 221, 222, 223, 224, 225, 226, 227, 228, 229, 230, 231, 232, 233, 234, 235, 236, 237, 238, 239, 240, 241, 242, 243, 244, 245, 246, 247, 248, 249, 250, 251, 252, 253, 254, 255, 256, 257, 258, 259, 260, 261, 262, 263, 264, 265, 266, 267, 268, 269, 270, 271, 272, 273, 274, 275, 276, 277, 278, 279, 280, 281, 282, 283, 284, 285, 286, 287, 288, 289, 290, 291, 292, 293, 294, 295, 296, 297, 298, 299, 300, 301, 302, 303, 304, 305, 306, 307, 308, 309, 310, 311, 312, 313, 314, 315, 316, 317, 318, 319, 320, 321, 322, 323, 324, 325, 326, 327, 328, 329, 330, 331, 332, 333, 334, 335, 336, 337, 338, 339, 340, 341, 342, 343, 344, 345, 346, 347, 348, 349, 350, 351, 352, 353, 354, 355, 356, 357, 358, 359, 360, 361, 362, 363, 364, 365, 366, 367, 368, 369, 370, 371, 372, 373, 374, 375, 376, 377, 378, 379, 380, 381, 382, 383, 384, 385, 386, 387, 388, 389, 390, 391, 392, 393, 394, 395, 396, 397, 398, 399, 400, 401, 402, 403, 404, 405, 406, 407, 408, 409, 410, 411, 412, 413, 414, 415, 416, 417, 418, 419, 420, 421, 422, 423, 424, 425, 426, 427, 428, 429, 430, 431, 432, 433, 434, 435, 436, 437, 438, 439, 440, 441, 442, 443, 444, 445, 446, 447, 448, 449, 450, 451, 452, 453, 454, 455, 456, 457, 458, 459, 460, 461, 462, 463, 464, 465, 466, 467, 468, 469, 470, 471, 472, 473, 474, 475, 476, 477, 478, 479, 480, 481, 482, 483, 484, 485, 486, 487, 488, 489, 490, 491, 492, 493, 494, 495, 496, 497, 498, 499]
2025-11-16 14:53:31,402 [DEBUG]: Module for EulerBernoulliBeamElement3D loaded.
2025-11-16 14:53:31,403 [DEBUG]: ✅ Element 0 (EulerBernoulliBeamElement3D) instantiated.
2025-11-16 14:53:31,404 [DEBUG]: ✅ Element 1 (EulerBernoulliBeamElement3D) instantiated.
2025-11-16 14:53:31,404 [DEBUG]: ✅ Element 2 (EulerBernoulliBeamElement3D) instantiated.
2025-11-16 14:53:31,405 [DEBUG]: ✅ Element 3 (EulerBernoulliBeamElement3D) instantiated.
2025-11-16 14:53:31,405 [DEBUG]: ✅ Element 4 (EulerBernoulliBeamElement3D) instantiated.
2025-11-16 14:53:31,406 [DEBUG]: ✅ Element 5 (EulerBernoulliBeamElement3D) instantiated.
2025-11-16 14:53:31,406 [DEBUG]: ✅ Element 6 (EulerBernoulliBeamElement3D) instantiated.
2025-11-16 14:53:31,407 [DEBUG]: ✅ Element 7 (EulerBernoulliBeamElement3D) instantiated.
2025-11-16 14:53:31,407 [DEBUG]: ✅ Element 8 (EulerBernoulliBeamElement3D) instantiated.
2025-11-16 14:53:31,408 [DEBUG]: ✅ Element 9 (EulerBernoulliBeamElement3D) instantiated.
2025-11-16 14:53:31,408 [DEBUG]: ✅ Element 10 (EulerBernoulliBeamElement3D) instantiated.
2025-11-16 14:53:31,409 [DEBUG]: ✅ Element 11 (EulerBernoulliBeamElement3D) instantiated.
2025-11-16 14:53:31,409 [DEBUG]: ✅ Element 12 (EulerBernoulliBeamElement3D) instantiated.
2025-11-16 14:53:31,410 [DEBUG]: ✅ Element 13 (EulerBernoulliBeamElement3D) instantiated.
2025-11-16 14:53:31,410 [DEBUG]: ✅ Element 14 (EulerBernoulliBeamElement3D) instantiated.
2025-11-16 14:53:31,411 [DEBUG]: ✅ Element 15 (EulerBernoulliBeamElement3D) instantiated.
2025-11-16 14:53:31,411 [DEBUG]: ✅ Element 16 (EulerBernoulliBeamElement3D) instantiated.
2025-11-16 14:53:31,412 [DEBUG]: ✅ Element 17 (EulerBernoulliBeamElement3D) instantiated.
2025-11-16 14:53:31,412 [DEBUG]: ✅ Element 18 (EulerBernoulliBeamElement3D) instantiated.
2025-11-16 14:53:31,412 [DEBUG]: ✅ Element 19 (EulerBernoulliBeamElement3D) instantiated.
2025-11-16 14:53:31,412 [DEBUG]: ✅ Element 20 (EulerBernoulliBeamElement3D) instantiated.
2025-11-16 14:53:31,412 [DEBUG]: ✅ Element 21 (EulerBernoulliBeamElement3D) instantiated.
2025-11-16 14:53:31,412 [DEBUG]: ✅ Element 22 (EulerBernoulliBeamElement3D) instantiated.
2025-11-16 14:53:31,412 [DEBUG]: ✅ Element 23 (EulerBernoulliBeamElement3D) instantiated.
2025-11-16 14:53:31,416 [DEBUG]: ✅ Element 24 (EulerBernoulliBeamElement3D) instantiated.
2025-11-16 14:53:31,416 [DEBUG]: ✅ Element 25 (EulerBernoulliBeamElement3D) instantiated.
2025-11-16 14:53:31,416 [DEBUG]: ✅ Element 26 (EulerBernoulliBeamElement3D) instantiated.
2025-11-16 14:53:31,417 [DEBUG]: ✅ Element 27 (EulerBernoulliBeamElement3D) instantiated.
2025-11-16 14:53:31,417 [DEBUG]: ✅ Element 28 (EulerBernoulliBeamElement3D) instantiated.
2025-11-16 14:53:31,417 [DEBUG]: ✅ Element 29 (EulerBernoulliBeamElement3D) instantiated.
2025-11-16 14:53:31,418 [DEBUG]: ✅ Element 30 (EulerBernoulliBeamElement3D) instantiated.
2025-11-16 14:53:31,418 [DEBUG]: ✅ Element 31 (EulerBernoulliBeamElement3D) instantiated.
2025-11-16 14:53:31,419 [DEBUG]: ✅ Element 32 (EulerBernoulliBeamElement3D) instantiated.
2025-11-16 14:53:31,419 [DEBUG]: ✅ Element 33 (EulerBernoulliBeamElement3D) instantiated.
2025-11-16 14:53:31,420 [DEBUG]: ✅ Element 34 (EulerBernoulliBeamElement3D) instantiated.
2025-11-16 14:53:31,420 [DEBUG]: ✅ Element 35 (EulerBernoulliBeamElement3D) instantiated.
2025-11-16 14:53:31,420 [DEBUG]: ✅ Element 36 (EulerBernoulliBeamElement3D) instantiated.
2025-11-16 14:53:31,421 [DEBUG]: ✅ Element 37 (EulerBernoulliBeamElement3D) instantiated.
2025-11-16 14:53:31,421 [DEBUG]: ✅ Element 38 (EulerBernoulliBeamElement3D) instantiated.
2025-11-16 14:53:31,422 [DEBUG]: ✅ Element 39 (EulerBernoulliBeamElement3D) instantiated.
2025-11-16 14:53:31,422 [DEBUG]: ✅ Element 40 (EulerBernoulliBeamElement3D) instantiated.
2025-11-16 14:53:31,423 [DEBUG]: ✅ Element 41 (EulerBernoulliBeamElement3D) instantiated.
2025-11-16 14:53:31,423 [DEBUG]: ✅ Element 42 (EulerBernoulliBeamElement3D) instantiated.
2025-11-16 14:53:31,423 [DEBUG]: ✅ Element 43 (EulerBernoulliBeamElement3D) instantiated.
2025-11-16 14:53:31,424 [DEBUG]: ✅ Element 44 (EulerBernoulliBeamElement3D) instantiated.
2025-11-16 14:53:31,424 [DEBUG]: ✅ Element 45 (EulerBernoulliBeamElement3D) instantiated.
2025-11-16 14:53:31,425 [DEBUG]: ✅ Element 46 (EulerBernoulliBeamElement3D) instantiated.
2025-11-16 14:53:31,425 [DEBUG]: ✅ Element 47 (EulerBernoulliBeamElement3D) instantiated.
2025-11-16 14:53:31,425 [DEBUG]: ✅ Element 48 (EulerBernoulliBeamElement3D) instantiated.
2025-11-16 14:53:31,426 [DEBUG]: ✅ Element 49 (EulerBernoulliBeamElement3D) instantiated.
2025-11-16 14:53:31,427 [DEBUG]: ✅ Element 50 (EulerBernoulliBeamElement3D) instantiated.
2025-11-16 14:53:31,427 [DEBUG]: ✅ Element 51 (EulerBernoulliBeamElement3D) instantiated.
2025-11-16 14:53:31,427 [DEBUG]: ✅ Element 52 (EulerBernoulliBeamElement3D) instantiated.
2025-11-16 14:53:31,428 [DEBUG]: ✅ Element 53 (EulerBernoulliBeamElement3D) instantiated.
2025-11-16 14:53:31,428 [DEBUG]: ✅ Element 54 (EulerBernoulliBeamElement3D) instantiated.
2025-11-16 14:53:31,429 [DEBUG]: ✅ Element 55 (EulerBernoulliBeamElement3D) instantiated.
2025-11-16 14:53:31,429 [DEBUG]: ✅ Element 56 (EulerBernoulliBeamElement3D) instantiated.
2025-11-16 14:53:31,430 [DEBUG]: ✅ Element 57 (EulerBernoulliBeamElement3D) instantiated.
2025-11-16 14:53:31,430 [DEBUG]: ✅ Element 58 (EulerBernoulliBeamElement3D) instantiated.
2025-11-16 14:53:31,431 [DEBUG]: ✅ Element 59 (EulerBernoulliBeamElement3D) instantiated.
2025-11-16 14:53:31,431 [DEBUG]: ✅ Element 60 (EulerBernoulliBeamElement3D) instantiated.
2025-11-16 14:53:31,431 [DEBUG]: ✅ Element 61 (EulerBernoulliBeamElement3D) instantiated.
2025-11-16 14:53:31,432 [DEBUG]: ✅ Element 62 (EulerBernoulliBeamElement3D) instantiated.
2025-11-16 14:53:31,432 [DEBUG]: ✅ Element 63 (EulerBernoulliBeamElement3D) instantiated.
2025-11-16 14:53:31,433 [DEBUG]: ✅ Element 64 (EulerBernoulliBeamElement3D) instantiated.
2025-11-16 14:53:31,433 [DEBUG]: ✅ Element 65 (EulerBernoulliBeamElement3D) instantiated.
2025-11-16 14:53:31,433 [DEBUG]: ✅ Element 66 (EulerBernoulliBeamElement3D) instantiated.
2025-11-16 14:53:31,434 [DEBUG]: ✅ Element 67 (EulerBernoulliBeamElement3D) instantiated.
2025-11-16 14:53:31,434 [DEBUG]: ✅ Element 68 (EulerBernoulliBeamElement3D) instantiated.
2025-11-16 14:53:31,434 [DEBUG]: ✅ Element 69 (EulerBernoulliBeamElement3D) instantiated.
2025-11-16 14:53:31,435 [DEBUG]: ✅ Element 70 (EulerBernoulliBeamElement3D) instantiated.
2025-11-16 14:53:31,435 [DEBUG]: ✅ Element 71 (EulerBernoulliBeamElement3D) instantiated.
2025-11-16 14:53:31,436 [DEBUG]: ✅ Element 72 (EulerBernoulliBeamElement3D) instantiated.
2025-11-16 14:53:31,436 [DEBUG]: ✅ Element 73 (EulerBernoulliBeamElement3D) instantiated.
2025-11-16 14:53:31,437 [DEBUG]: ✅ Element 74 (EulerBernoulliBeamElement3D) instantiated.
2025-11-16 14:53:31,437 [DEBUG]: ✅ Element 75 (EulerBernoulliBeamElement3D) instantiated.
2025-11-16 14:53:31,438 [DEBUG]: ✅ Element 76 (EulerBernoulliBeamElement3D) instantiated.
2025-11-16 14:53:31,438 [DEBUG]: ✅ Element 77 (EulerBernoulliBeamElement3D) instantiated.
2025-11-16 14:53:31,438 [DEBUG]: ✅ Element 78 (EulerBernoulliBeamElement3D) instantiated.
2025-11-16 14:53:31,439 [DEBUG]: ✅ Element 79 (EulerBernoulliBeamElement3D) instantiated.
2025-11-16 14:53:31,439 [DEBUG]: ✅ Element 80 (EulerBernoulliBeamElement3D) instantiated.
2025-11-16 14:53:31,440 [DEBUG]: ✅ Element 81 (EulerBernoulliBeamElement3D) instantiated.
2025-11-16 14:53:31,440 [DEBUG]: ✅ Element 82 (EulerBernoulliBeamElement3D) instantiated.
2025-11-16 14:53:31,440 [DEBUG]: ✅ Element 83 (EulerBernoulliBeamElement3D) instantiated.
2025-11-16 14:53:31,441 [DEBUG]: ✅ Element 84 (EulerBernoulliBeamElement3D) instantiated.
2025-11-16 14:53:31,441 [DEBUG]: ✅ Element 85 (EulerBernoulliBeamElement3D) instantiated.
2025-11-16 14:53:31,442 [DEBUG]: ✅ Element 86 (EulerBernoulliBeamElement3D) instantiated.
2025-11-16 14:53:31,442 [DEBUG]: ✅ Element 87 (EulerBernoulliBeamElement3D) instantiated.
2025-11-16 14:53:31,443 [DEBUG]: ✅ Element 88 (EulerBernoulliBeamElement3D) instantiated.
2025-11-16 14:53:31,443 [DEBUG]: ✅ Element 89 (EulerBernoulliBeamElement3D) instantiated.
2025-11-16 14:53:31,444 [DEBUG]: ✅ Element 90 (EulerBernoulliBeamElement3D) instantiated.
2025-11-16 14:53:31,444 [DEBUG]: ✅ Element 91 (EulerBernoulliBeamElement3D) instantiated.
2025-11-16 14:53:31,444 [DEBUG]: ✅ Element 92 (EulerBernoulliBeamElement3D) instantiated.
2025-11-16 14:53:31,445 [DEBUG]: ✅ Element 93 (EulerBernoulliBeamElement3D) instantiated.
2025-11-16 14:53:31,445 [DEBUG]: ✅ Element 94 (EulerBernoulliBeamElement3D) instantiated.
2025-11-16 14:53:31,446 [DEBUG]: ✅ Element 95 (EulerBernoulliBeamElement3D) instantiated.
2025-11-16 14:53:31,446 [DEBUG]: ✅ Element 96 (EulerBernoulliBeamElement3D) instantiated.
2025-11-16 14:53:31,446 [DEBUG]: ✅ Element 97 (EulerBernoulliBeamElement3D) instantiated.
2025-11-16 14:53:31,447 [DEBUG]: ✅ Element 98 (EulerBernoulliBeamElement3D) instantiated.
2025-11-16 14:53:31,447 [DEBUG]: ✅ Element 99 (EulerBernoulliBeamElement3D) instantiated.
2025-11-16 14:53:31,448 [DEBUG]: ✅ Element 100 (EulerBernoulliBeamElement3D) instantiated.
2025-11-16 14:53:31,448 [DEBUG]: ✅ Element 101 (EulerBernoulliBeamElement3D) instantiated.
2025-11-16 14:53:31,449 [DEBUG]: ✅ Element 102 (EulerBernoulliBeamElement3D) instantiated.
2025-11-16 14:53:31,449 [DEBUG]: ✅ Element 103 (EulerBernoulliBeamElement3D) instantiated.
2025-11-16 14:53:31,450 [DEBUG]: ✅ Element 104 (EulerBernoulliBeamElement3D) instantiated.
2025-11-16 14:53:31,450 [DEBUG]: ✅ Element 105 (EulerBernoulliBeamElement3D) instantiated.
2025-11-16 14:53:31,451 [DEBUG]: ✅ Element 106 (EulerBernoulliBeamElement3D) instantiated.
2025-11-16 14:53:31,451 [DEBUG]: ✅ Element 107 (EulerBernoulliBeamElement3D) instantiated.
2025-11-16 14:53:31,452 [DEBUG]: ✅ Element 108 (EulerBernoulliBeamElement3D) instantiated.
2025-11-16 14:53:31,452 [DEBUG]: ✅ Element 109 (EulerBernoulliBeamElement3D) instantiated.
2025-11-16 14:53:31,453 [DEBUG]: ✅ Element 110 (EulerBernoulliBeamElement3D) instantiated.
2025-11-16 14:53:31,453 [DEBUG]: ✅ Element 111 (EulerBernoulliBeamElement3D) instantiated.
2025-11-16 14:53:31,454 [DEBUG]: ✅ Element 112 (EulerBernoulliBeamElement3D) instantiated.
2025-11-16 14:53:31,454 [DEBUG]: ✅ Element 113 (EulerBernoulliBeamElement3D) instantiated.
2025-11-16 14:53:31,455 [DEBUG]: ✅ Element 114 (EulerBernoulliBeamElement3D) instantiated.
2025-11-16 14:53:31,456 [DEBUG]: ✅ Element 115 (EulerBernoulliBeamElement3D) instantiated.
2025-11-16 14:53:31,456 [DEBUG]: ✅ Element 116 (EulerBernoulliBeamElement3D) instantiated.
2025-11-16 14:53:31,456 [DEBUG]: ✅ Element 117 (EulerBernoulliBeamElement3D) instantiated.
2025-11-16 14:53:31,457 [DEBUG]: ✅ Element 118 (EulerBernoulliBeamElement3D) instantiated.
2025-11-16 14:53:31,457 [DEBUG]: ✅ Element 119 (EulerBernoulliBeamElement3D) instantiated.
2025-11-16 14:53:31,458 [DEBUG]: ✅ Element 120 (EulerBernoulliBeamElement3D) instantiated.
2025-11-16 14:53:31,458 [DEBUG]: ✅ Element 121 (EulerBernoulliBeamElement3D) instantiated.
2025-11-16 14:53:31,459 [DEBUG]: ✅ Element 122 (EulerBernoulliBeamElement3D) instantiated.
2025-11-16 14:53:31,459 [DEBUG]: ✅ Element 123 (EulerBernoulliBeamElement3D) instantiated.
2025-11-16 14:53:31,460 [DEBUG]: ✅ Element 124 (EulerBernoulliBeamElement3D) instantiated.
2025-11-16 14:53:31,460 [DEBUG]: ✅ Element 125 (EulerBernoulliBeamElement3D) instantiated.
2025-11-16 14:53:31,461 [DEBUG]: ✅ Element 126 (EulerBernoulliBeamElement3D) instantiated.
2025-11-16 14:53:31,461 [DEBUG]: ✅ Element 127 (EulerBernoulliBeamElement3D) instantiated.
2025-11-16 14:53:31,462 [DEBUG]: ✅ Element 128 (EulerBernoulliBeamElement3D) instantiated.
2025-11-16 14:53:31,462 [DEBUG]: ✅ Element 129 (EulerBernoulliBeamElement3D) instantiated.
2025-11-16 14:53:31,463 [DEBUG]: ✅ Element 130 (EulerBernoulliBeamElement3D) instantiated.
2025-11-16 14:53:31,463 [DEBUG]: ✅ Element 131 (EulerBernoulliBeamElement3D) instantiated.
2025-11-16 14:53:31,464 [DEBUG]: ✅ Element 132 (EulerBernoulliBeamElement3D) instantiated.
2025-11-16 14:53:31,464 [DEBUG]: ✅ Element 133 (EulerBernoulliBeamElement3D) instantiated.
2025-11-16 14:53:31,465 [DEBUG]: ✅ Element 134 (EulerBernoulliBeamElement3D) instantiated.
2025-11-16 14:53:31,465 [DEBUG]: ✅ Element 135 (EulerBernoulliBeamElement3D) instantiated.
2025-11-16 14:53:31,465 [DEBUG]: ✅ Element 136 (EulerBernoulliBeamElement3D) instantiated.
2025-11-16 14:53:31,466 [DEBUG]: ✅ Element 137 (EulerBernoulliBeamElement3D) instantiated.
2025-11-16 14:53:31,466 [DEBUG]: ✅ Element 138 (EulerBernoulliBeamElement3D) instantiated.
2025-11-16 14:53:31,467 [DEBUG]: ✅ Element 139 (EulerBernoulliBeamElement3D) instantiated.
2025-11-16 14:53:31,467 [DEBUG]: ✅ Element 140 (EulerBernoulliBeamElement3D) instantiated.
2025-11-16 14:53:31,468 [DEBUG]: ✅ Element 141 (EulerBernoulliBeamElement3D) instantiated.
2025-11-16 14:53:31,469 [DEBUG]: ✅ Element 142 (EulerBernoulliBeamElement3D) instantiated.
2025-11-16 14:53:31,469 [DEBUG]: ✅ Element 143 (EulerBernoulliBeamElement3D) instantiated.
2025-11-16 14:53:31,470 [DEBUG]: ✅ Element 144 (EulerBernoulliBeamElement3D) instantiated.
2025-11-16 14:53:31,470 [DEBUG]: ✅ Element 145 (EulerBernoulliBeamElement3D) instantiated.
2025-11-16 14:53:31,470 [DEBUG]: ✅ Element 146 (EulerBernoulliBeamElement3D) instantiated.
2025-11-16 14:53:31,471 [DEBUG]: ✅ Element 147 (EulerBernoulliBeamElement3D) instantiated.
2025-11-16 14:53:31,471 [DEBUG]: ✅ Element 148 (EulerBernoulliBeamElement3D) instantiated.
2025-11-16 14:53:31,471 [DEBUG]: ✅ Element 149 (EulerBernoulliBeamElement3D) instantiated.
2025-11-16 14:53:31,472 [DEBUG]: ✅ Element 150 (EulerBernoulliBeamElement3D) instantiated.
2025-11-16 14:53:31,472 [DEBUG]: ✅ Element 151 (EulerBernoulliBeamElement3D) instantiated.
2025-11-16 14:53:31,473 [DEBUG]: ✅ Element 152 (EulerBernoulliBeamElement3D) instantiated.
2025-11-16 14:53:31,473 [DEBUG]: ✅ Element 153 (EulerBernoulliBeamElement3D) instantiated.
2025-11-16 14:53:31,474 [DEBUG]: ✅ Element 154 (EulerBernoulliBeamElement3D) instantiated.
2025-11-16 14:53:31,474 [DEBUG]: ✅ Element 155 (EulerBernoulliBeamElement3D) instantiated.
2025-11-16 14:53:31,475 [DEBUG]: ✅ Element 156 (EulerBernoulliBeamElement3D) instantiated.
2025-11-16 14:53:31,475 [DEBUG]: ✅ Element 157 (EulerBernoulliBeamElement3D) instantiated.
2025-11-16 14:53:31,476 [DEBUG]: ✅ Element 158 (EulerBernoulliBeamElement3D) instantiated.
2025-11-16 14:53:31,476 [DEBUG]: ✅ Element 159 (EulerBernoulliBeamElement3D) instantiated.
2025-11-16 14:53:31,477 [DEBUG]: ✅ Element 160 (EulerBernoulliBeamElement3D) instantiated.
2025-11-16 14:53:31,477 [DEBUG]: ✅ Element 161 (EulerBernoulliBeamElement3D) instantiated.
2025-11-16 14:53:31,478 [DEBUG]: ✅ Element 162 (EulerBernoulliBeamElement3D) instantiated.
2025-11-16 14:53:31,478 [DEBUG]: ✅ Element 163 (EulerBernoulliBeamElement3D) instantiated.
2025-11-16 14:53:31,478 [DEBUG]: ✅ Element 164 (EulerBernoulliBeamElement3D) instantiated.
2025-11-16 14:53:31,479 [DEBUG]: ✅ Element 165 (EulerBernoulliBeamElement3D) instantiated.
2025-11-16 14:53:31,479 [DEBUG]: ✅ Element 166 (EulerBernoulliBeamElement3D) instantiated.
2025-11-16 14:53:31,480 [DEBUG]: ✅ Element 167 (EulerBernoulliBeamElement3D) instantiated.
2025-11-16 14:53:31,480 [DEBUG]: ✅ Element 168 (EulerBernoulliBeamElement3D) instantiated.
2025-11-16 14:53:31,481 [DEBUG]: ✅ Element 169 (EulerBernoulliBeamElement3D) instantiated.
2025-11-16 14:53:31,481 [DEBUG]: ✅ Element 170 (EulerBernoulliBeamElement3D) instantiated.
2025-11-16 14:53:31,481 [DEBUG]: ✅ Element 171 (EulerBernoulliBeamElement3D) instantiated.
2025-11-16 14:53:31,482 [DEBUG]: ✅ Element 172 (EulerBernoulliBeamElement3D) instantiated.
2025-11-16 14:53:31,482 [DEBUG]: ✅ Element 173 (EulerBernoulliBeamElement3D) instantiated.
2025-11-16 14:53:31,483 [DEBUG]: ✅ Element 174 (EulerBernoulliBeamElement3D) instantiated.
2025-11-16 14:53:31,483 [DEBUG]: ✅ Element 175 (EulerBernoulliBeamElement3D) instantiated.
2025-11-16 14:53:31,484 [DEBUG]: ✅ Element 176 (EulerBernoulliBeamElement3D) instantiated.
2025-11-16 14:53:31,484 [DEBUG]: ✅ Element 177 (EulerBernoulliBeamElement3D) instantiated.
2025-11-16 14:53:31,485 [DEBUG]: ✅ Element 178 (EulerBernoulliBeamElement3D) instantiated.
2025-11-16 14:53:31,485 [DEBUG]: ✅ Element 179 (EulerBernoulliBeamElement3D) instantiated.
2025-11-16 14:53:31,486 [DEBUG]: ✅ Element 180 (EulerBernoulliBeamElement3D) instantiated.
2025-11-16 14:53:31,486 [DEBUG]: ✅ Element 181 (EulerBernoulliBeamElement3D) instantiated.
2025-11-16 14:53:31,487 [DEBUG]: ✅ Element 182 (EulerBernoulliBeamElement3D) instantiated.
2025-11-16 14:53:31,487 [DEBUG]: ✅ Element 183 (EulerBernoulliBeamElement3D) instantiated.
2025-11-16 14:53:31,488 [DEBUG]: ✅ Element 184 (EulerBernoulliBeamElement3D) instantiated.
2025-11-16 14:53:31,488 [DEBUG]: ✅ Element 185 (EulerBernoulliBeamElement3D) instantiated.
2025-11-16 14:53:31,489 [DEBUG]: ✅ Element 186 (EulerBernoulliBeamElement3D) instantiated.
2025-11-16 14:53:31,490 [DEBUG]: ✅ Element 187 (EulerBernoulliBeamElement3D) instantiated.
2025-11-16 14:53:31,490 [DEBUG]: ✅ Element 188 (EulerBernoulliBeamElement3D) instantiated.
2025-11-16 14:53:31,491 [DEBUG]: ✅ Element 189 (EulerBernoulliBeamElement3D) instantiated.
2025-11-16 14:53:31,491 [DEBUG]: ✅ Element 190 (EulerBernoulliBeamElement3D) instantiated.
2025-11-16 14:53:31,491 [DEBUG]: ✅ Element 191 (EulerBernoulliBeamElement3D) instantiated.
2025-11-16 14:53:31,492 [DEBUG]: ✅ Element 192 (EulerBernoulliBeamElement3D) instantiated.
2025-11-16 14:53:31,492 [DEBUG]: ✅ Element 193 (EulerBernoulliBeamElement3D) instantiated.
2025-11-16 14:53:31,493 [DEBUG]: ✅ Element 194 (EulerBernoulliBeamElement3D) instantiated.
2025-11-16 14:53:31,493 [DEBUG]: ✅ Element 195 (EulerBernoulliBeamElement3D) instantiated.
2025-11-16 14:53:31,494 [DEBUG]: ✅ Element 196 (EulerBernoulliBeamElement3D) instantiated.
2025-11-16 14:53:31,494 [DEBUG]: ✅ Element 197 (EulerBernoulliBeamElement3D) instantiated.
2025-11-16 14:53:31,494 [DEBUG]: ✅ Element 198 (EulerBernoulliBeamElement3D) instantiated.
2025-11-16 14:53:31,495 [DEBUG]: ✅ Element 199 (EulerBernoulliBeamElement3D) instantiated.
2025-11-16 14:53:31,495 [DEBUG]: ✅ Element 200 (EulerBernoulliBeamElement3D) instantiated.
2025-11-16 14:53:31,496 [DEBUG]: ✅ Element 201 (EulerBernoulliBeamElement3D) instantiated.
2025-11-16 14:53:31,496 [DEBUG]: ✅ Element 202 (EulerBernoulliBeamElement3D) instantiated.
2025-11-16 14:53:31,497 [DEBUG]: ✅ Element 203 (EulerBernoulliBeamElement3D) instantiated.
2025-11-16 14:53:31,497 [DEBUG]: ✅ Element 204 (EulerBernoulliBeamElement3D) instantiated.
2025-11-16 14:53:31,497 [DEBUG]: ✅ Element 205 (EulerBernoulliBeamElement3D) instantiated.
2025-11-16 14:53:31,498 [DEBUG]: ✅ Element 206 (EulerBernoulliBeamElement3D) instantiated.
2025-11-16 14:53:31,498 [DEBUG]: ✅ Element 207 (EulerBernoulliBeamElement3D) instantiated.
2025-11-16 14:53:31,499 [DEBUG]: ✅ Element 208 (EulerBernoulliBeamElement3D) instantiated.
2025-11-16 14:53:31,499 [DEBUG]: ✅ Element 209 (EulerBernoulliBeamElement3D) instantiated.
2025-11-16 14:53:31,499 [DEBUG]: ✅ Element 210 (EulerBernoulliBeamElement3D) instantiated.
2025-11-16 14:53:31,500 [DEBUG]: ✅ Element 211 (EulerBernoulliBeamElement3D) instantiated.
2025-11-16 14:53:31,501 [DEBUG]: ✅ Element 212 (EulerBernoulliBeamElement3D) instantiated.
2025-11-16 14:53:31,501 [DEBUG]: ✅ Element 213 (EulerBernoulliBeamElement3D) instantiated.
2025-11-16 14:53:31,502 [DEBUG]: ✅ Element 214 (EulerBernoulliBeamElement3D) instantiated.
2025-11-16 14:53:31,502 [DEBUG]: ✅ Element 215 (EulerBernoulliBeamElement3D) instantiated.
2025-11-16 14:53:31,503 [DEBUG]: ✅ Element 216 (EulerBernoulliBeamElement3D) instantiated.
2025-11-16 14:53:31,504 [DEBUG]: ✅ Element 217 (EulerBernoulliBeamElement3D) instantiated.
2025-11-16 14:53:31,504 [DEBUG]: ✅ Element 218 (EulerBernoulliBeamElement3D) instantiated.
2025-11-16 14:53:31,504 [DEBUG]: ✅ Element 219 (EulerBernoulliBeamElement3D) instantiated.
2025-11-16 14:53:31,504 [DEBUG]: ✅ Element 220 (EulerBernoulliBeamElement3D) instantiated.
2025-11-16 14:53:31,505 [DEBUG]: ✅ Element 221 (EulerBernoulliBeamElement3D) instantiated.
2025-11-16 14:53:31,505 [DEBUG]: ✅ Element 222 (EulerBernoulliBeamElement3D) instantiated.
2025-11-16 14:53:31,505 [DEBUG]: ✅ Element 223 (EulerBernoulliBeamElement3D) instantiated.
2025-11-16 14:53:31,506 [DEBUG]: ✅ Element 224 (EulerBernoulliBeamElement3D) instantiated.
2025-11-16 14:53:31,506 [DEBUG]: ✅ Element 225 (EulerBernoulliBeamElement3D) instantiated.
2025-11-16 14:53:31,507 [DEBUG]: ✅ Element 226 (EulerBernoulliBeamElement3D) instantiated.
2025-11-16 14:53:31,507 [DEBUG]: ✅ Element 227 (EulerBernoulliBeamElement3D) instantiated.
2025-11-16 14:53:31,508 [DEBUG]: ✅ Element 228 (EulerBernoulliBeamElement3D) instantiated.
2025-11-16 14:53:31,508 [DEBUG]: ✅ Element 229 (EulerBernoulliBeamElement3D) instantiated.
2025-11-16 14:53:31,508 [DEBUG]: ✅ Element 230 (EulerBernoulliBeamElement3D) instantiated.
2025-11-16 14:53:31,509 [DEBUG]: ✅ Element 231 (EulerBernoulliBeamElement3D) instantiated.
2025-11-16 14:53:31,509 [DEBUG]: ✅ Element 232 (EulerBernoulliBeamElement3D) instantiated.
2025-11-16 14:53:31,510 [DEBUG]: ✅ Element 233 (EulerBernoulliBeamElement3D) instantiated.
2025-11-16 14:53:31,510 [DEBUG]: ✅ Element 234 (EulerBernoulliBeamElement3D) instantiated.
2025-11-16 14:53:31,510 [DEBUG]: ✅ Element 235 (EulerBernoulliBeamElement3D) instantiated.
2025-11-16 14:53:31,511 [DEBUG]: ✅ Element 236 (EulerBernoulliBeamElement3D) instantiated.
2025-11-16 14:53:31,511 [DEBUG]: ✅ Element 237 (EulerBernoulliBeamElement3D) instantiated.
2025-11-16 14:53:31,512 [DEBUG]: ✅ Element 238 (EulerBernoulliBeamElement3D) instantiated.
2025-11-16 14:53:31,512 [DEBUG]: ✅ Element 239 (EulerBernoulliBeamElement3D) instantiated.
2025-11-16 14:53:31,512 [DEBUG]: ✅ Element 240 (EulerBernoulliBeamElement3D) instantiated.
2025-11-16 14:53:31,513 [DEBUG]: ✅ Element 241 (EulerBernoulliBeamElement3D) instantiated.
2025-11-16 14:53:31,513 [DEBUG]: ✅ Element 242 (EulerBernoulliBeamElement3D) instantiated.
2025-11-16 14:53:31,514 [DEBUG]: ✅ Element 243 (EulerBernoulliBeamElement3D) instantiated.
2025-11-16 14:53:31,514 [DEBUG]: ✅ Element 244 (EulerBernoulliBeamElement3D) instantiated.
2025-11-16 14:53:31,514 [DEBUG]: ✅ Element 245 (EulerBernoulliBeamElement3D) instantiated.
2025-11-16 14:53:31,515 [DEBUG]: ✅ Element 246 (EulerBernoulliBeamElement3D) instantiated.
2025-11-16 14:53:31,515 [DEBUG]: ✅ Element 247 (EulerBernoulliBeamElement3D) instantiated.
2025-11-16 14:53:31,515 [DEBUG]: ✅ Element 248 (EulerBernoulliBeamElement3D) instantiated.
2025-11-16 14:53:31,515 [DEBUG]: ✅ Element 249 (EulerBernoulliBeamElement3D) instantiated.
2025-11-16 14:53:31,515 [DEBUG]: ✅ Element 250 (EulerBernoulliBeamElement3D) instantiated.
2025-11-16 14:53:31,518 [DEBUG]: ✅ Element 251 (EulerBernoulliBeamElement3D) instantiated.
2025-11-16 14:53:31,518 [DEBUG]: ✅ Element 252 (EulerBernoulliBeamElement3D) instantiated.
2025-11-16 14:53:31,518 [DEBUG]: ✅ Element 253 (EulerBernoulliBeamElement3D) instantiated.
2025-11-16 14:53:31,518 [DEBUG]: ✅ Element 254 (EulerBernoulliBeamElement3D) instantiated.
2025-11-16 14:53:31,518 [DEBUG]: ✅ Element 255 (EulerBernoulliBeamElement3D) instantiated.
2025-11-16 14:53:31,520 [DEBUG]: ✅ Element 256 (EulerBernoulliBeamElement3D) instantiated.
2025-11-16 14:53:31,521 [DEBUG]: ✅ Element 257 (EulerBernoulliBeamElement3D) instantiated.
2025-11-16 14:53:31,521 [DEBUG]: ✅ Element 258 (EulerBernoulliBeamElement3D) instantiated.
2025-11-16 14:53:31,522 [DEBUG]: ✅ Element 259 (EulerBernoulliBeamElement3D) instantiated.
2025-11-16 14:53:31,522 [DEBUG]: ✅ Element 260 (EulerBernoulliBeamElement3D) instantiated.
2025-11-16 14:53:31,523 [DEBUG]: ✅ Element 261 (EulerBernoulliBeamElement3D) instantiated.
2025-11-16 14:53:31,523 [DEBUG]: ✅ Element 262 (EulerBernoulliBeamElement3D) instantiated.
2025-11-16 14:53:31,524 [DEBUG]: ✅ Element 263 (EulerBernoulliBeamElement3D) instantiated.
2025-11-16 14:53:31,524 [DEBUG]: ✅ Element 264 (EulerBernoulliBeamElement3D) instantiated.
2025-11-16 14:53:31,524 [DEBUG]: ✅ Element 265 (EulerBernoulliBeamElement3D) instantiated.
2025-11-16 14:53:31,524 [DEBUG]: ✅ Element 266 (EulerBernoulliBeamElement3D) instantiated.
2025-11-16 14:53:31,526 [DEBUG]: ✅ Element 267 (EulerBernoulliBeamElement3D) instantiated.
2025-11-16 14:53:31,526 [DEBUG]: ✅ Element 268 (EulerBernoulliBeamElement3D) instantiated.
2025-11-16 14:53:31,527 [DEBUG]: ✅ Element 269 (EulerBernoulliBeamElement3D) instantiated.
2025-11-16 14:53:31,527 [DEBUG]: ✅ Element 270 (EulerBernoulliBeamElement3D) instantiated.
2025-11-16 14:53:31,528 [DEBUG]: ✅ Element 271 (EulerBernoulliBeamElement3D) instantiated.
2025-11-16 14:53:31,528 [DEBUG]: ✅ Element 272 (EulerBernoulliBeamElement3D) instantiated.
2025-11-16 14:53:31,528 [DEBUG]: ✅ Element 273 (EulerBernoulliBeamElement3D) instantiated.
2025-11-16 14:53:31,529 [DEBUG]: ✅ Element 274 (EulerBernoulliBeamElement3D) instantiated.
2025-11-16 14:53:31,529 [DEBUG]: ✅ Element 275 (EulerBernoulliBeamElement3D) instantiated.
2025-11-16 14:53:31,530 [DEBUG]: ✅ Element 276 (EulerBernoulliBeamElement3D) instantiated.
2025-11-16 14:53:31,530 [DEBUG]: ✅ Element 277 (EulerBernoulliBeamElement3D) instantiated.
2025-11-16 14:53:31,531 [DEBUG]: ✅ Element 278 (EulerBernoulliBeamElement3D) instantiated.
2025-11-16 14:53:31,531 [DEBUG]: ✅ Element 279 (EulerBernoulliBeamElement3D) instantiated.
2025-11-16 14:53:31,531 [DEBUG]: ✅ Element 280 (EulerBernoulliBeamElement3D) instantiated.
2025-11-16 14:53:31,531 [DEBUG]: ✅ Element 281 (EulerBernoulliBeamElement3D) instantiated.
2025-11-16 14:53:31,532 [DEBUG]: ✅ Element 282 (EulerBernoulliBeamElement3D) instantiated.
2025-11-16 14:53:31,532 [DEBUG]: ✅ Element 283 (EulerBernoulliBeamElement3D) instantiated.
2025-11-16 14:53:31,533 [DEBUG]: ✅ Element 284 (EulerBernoulliBeamElement3D) instantiated.
2025-11-16 14:53:31,534 [DEBUG]: ✅ Element 285 (EulerBernoulliBeamElement3D) instantiated.
2025-11-16 14:53:31,534 [DEBUG]: ✅ Element 286 (EulerBernoulliBeamElement3D) instantiated.
2025-11-16 14:53:31,534 [DEBUG]: ✅ Element 287 (EulerBernoulliBeamElement3D) instantiated.
2025-11-16 14:53:31,536 [DEBUG]: ✅ Element 288 (EulerBernoulliBeamElement3D) instantiated.
2025-11-16 14:53:31,536 [DEBUG]: ✅ Element 289 (EulerBernoulliBeamElement3D) instantiated.
2025-11-16 14:53:31,537 [DEBUG]: ✅ Element 290 (EulerBernoulliBeamElement3D) instantiated.
2025-11-16 14:53:31,537 [DEBUG]: ✅ Element 291 (EulerBernoulliBeamElement3D) instantiated.
2025-11-16 14:53:31,538 [DEBUG]: ✅ Element 292 (EulerBernoulliBeamElement3D) instantiated.
2025-11-16 14:53:31,538 [DEBUG]: ✅ Element 293 (EulerBernoulliBeamElement3D) instantiated.
2025-11-16 14:53:31,539 [DEBUG]: ✅ Element 294 (EulerBernoulliBeamElement3D) instantiated.
2025-11-16 14:53:31,539 [DEBUG]: ✅ Element 295 (EulerBernoulliBeamElement3D) instantiated.
2025-11-16 14:53:31,540 [DEBUG]: ✅ Element 296 (EulerBernoulliBeamElement3D) instantiated.
2025-11-16 14:53:31,540 [DEBUG]: ✅ Element 297 (EulerBernoulliBeamElement3D) instantiated.
2025-11-16 14:53:31,540 [DEBUG]: ✅ Element 298 (EulerBernoulliBeamElement3D) instantiated.
2025-11-16 14:53:31,541 [DEBUG]: ✅ Element 299 (EulerBernoulliBeamElement3D) instantiated.
2025-11-16 14:53:31,541 [DEBUG]: ✅ Element 300 (EulerBernoulliBeamElement3D) instantiated.
2025-11-16 14:53:31,542 [DEBUG]: ✅ Element 301 (EulerBernoulliBeamElement3D) instantiated.
2025-11-16 14:53:31,542 [DEBUG]: ✅ Element 302 (EulerBernoulliBeamElement3D) instantiated.
2025-11-16 14:53:31,542 [DEBUG]: ✅ Element 303 (EulerBernoulliBeamElement3D) instantiated.
2025-11-16 14:53:31,542 [DEBUG]: ✅ Element 304 (EulerBernoulliBeamElement3D) instantiated.
2025-11-16 14:53:31,544 [DEBUG]: ✅ Element 305 (EulerBernoulliBeamElement3D) instantiated.
2025-11-16 14:53:31,544 [DEBUG]: ✅ Element 306 (EulerBernoulliBeamElement3D) instantiated.
2025-11-16 14:53:31,544 [DEBUG]: ✅ Element 307 (EulerBernoulliBeamElement3D) instantiated.
2025-11-16 14:53:31,544 [DEBUG]: ✅ Element 308 (EulerBernoulliBeamElement3D) instantiated.
2025-11-16 14:53:31,544 [DEBUG]: ✅ Element 309 (EulerBernoulliBeamElement3D) instantiated.
2025-11-16 14:53:31,546 [DEBUG]: ✅ Element 310 (EulerBernoulliBeamElement3D) instantiated.
2025-11-16 14:53:31,546 [DEBUG]: ✅ Element 311 (EulerBernoulliBeamElement3D) instantiated.
2025-11-16 14:53:31,546 [DEBUG]: ✅ Element 312 (EulerBernoulliBeamElement3D) instantiated.
2025-11-16 14:53:31,546 [DEBUG]: ✅ Element 313 (EulerBernoulliBeamElement3D) instantiated.
2025-11-16 14:53:31,548 [DEBUG]: ✅ Element 314 (EulerBernoulliBeamElement3D) instantiated.
2025-11-16 14:53:31,548 [DEBUG]: ✅ Element 315 (EulerBernoulliBeamElement3D) instantiated.
2025-11-16 14:53:31,548 [DEBUG]: ✅ Element 316 (EulerBernoulliBeamElement3D) instantiated.
2025-11-16 14:53:31,549 [DEBUG]: ✅ Element 317 (EulerBernoulliBeamElement3D) instantiated.
2025-11-16 14:53:31,549 [DEBUG]: ✅ Element 318 (EulerBernoulliBeamElement3D) instantiated.
2025-11-16 14:53:31,550 [DEBUG]: ✅ Element 319 (EulerBernoulliBeamElement3D) instantiated.
2025-11-16 14:53:31,550 [DEBUG]: ✅ Element 320 (EulerBernoulliBeamElement3D) instantiated.
2025-11-16 14:53:31,551 [DEBUG]: ✅ Element 321 (EulerBernoulliBeamElement3D) instantiated.
2025-11-16 14:53:31,551 [DEBUG]: ✅ Element 322 (EulerBernoulliBeamElement3D) instantiated.
2025-11-16 14:53:31,552 [DEBUG]: ✅ Element 323 (EulerBernoulliBeamElement3D) instantiated.
2025-11-16 14:53:31,552 [DEBUG]: ✅ Element 324 (EulerBernoulliBeamElement3D) instantiated.
2025-11-16 14:53:31,553 [DEBUG]: ✅ Element 325 (EulerBernoulliBeamElement3D) instantiated.
2025-11-16 14:53:31,553 [DEBUG]: ✅ Element 326 (EulerBernoulliBeamElement3D) instantiated.
2025-11-16 14:53:31,554 [DEBUG]: ✅ Element 327 (EulerBernoulliBeamElement3D) instantiated.
2025-11-16 14:53:31,554 [DEBUG]: ✅ Element 328 (EulerBernoulliBeamElement3D) instantiated.
2025-11-16 14:53:31,555 [DEBUG]: ✅ Element 329 (EulerBernoulliBeamElement3D) instantiated.
2025-11-16 14:53:31,555 [DEBUG]: ✅ Element 330 (EulerBernoulliBeamElement3D) instantiated.
2025-11-16 14:53:31,555 [DEBUG]: ✅ Element 331 (EulerBernoulliBeamElement3D) instantiated.
2025-11-16 14:53:31,555 [DEBUG]: ✅ Element 332 (EulerBernoulliBeamElement3D) instantiated.
2025-11-16 14:53:31,555 [DEBUG]: ✅ Element 333 (EulerBernoulliBeamElement3D) instantiated.
2025-11-16 14:53:31,557 [DEBUG]: ✅ Element 334 (EulerBernoulliBeamElement3D) instantiated.
2025-11-16 14:53:31,557 [DEBUG]: ✅ Element 335 (EulerBernoulliBeamElement3D) instantiated.
2025-11-16 14:53:31,557 [DEBUG]: ✅ Element 336 (EulerBernoulliBeamElement3D) instantiated.
2025-11-16 14:53:31,559 [DEBUG]: ✅ Element 337 (EulerBernoulliBeamElement3D) instantiated.
2025-11-16 14:53:31,559 [DEBUG]: ✅ Element 338 (EulerBernoulliBeamElement3D) instantiated.
2025-11-16 14:53:31,559 [DEBUG]: ✅ Element 339 (EulerBernoulliBeamElement3D) instantiated.
2025-11-16 14:53:31,560 [DEBUG]: ✅ Element 340 (EulerBernoulliBeamElement3D) instantiated.
2025-11-16 14:53:31,560 [DEBUG]: ✅ Element 341 (EulerBernoulliBeamElement3D) instantiated.
2025-11-16 14:53:31,561 [DEBUG]: ✅ Element 342 (EulerBernoulliBeamElement3D) instantiated.
2025-11-16 14:53:31,561 [DEBUG]: ✅ Element 343 (EulerBernoulliBeamElement3D) instantiated.
2025-11-16 14:53:31,561 [DEBUG]: ✅ Element 344 (EulerBernoulliBeamElement3D) instantiated.
2025-11-16 14:53:31,562 [DEBUG]: ✅ Element 345 (EulerBernoulliBeamElement3D) instantiated.
2025-11-16 14:53:31,562 [DEBUG]: ✅ Element 346 (EulerBernoulliBeamElement3D) instantiated.
2025-11-16 14:53:31,563 [DEBUG]: ✅ Element 347 (EulerBernoulliBeamElement3D) instantiated.
2025-11-16 14:53:31,563 [DEBUG]: ✅ Element 348 (EulerBernoulliBeamElement3D) instantiated.
2025-11-16 14:53:31,564 [DEBUG]: ✅ Element 349 (EulerBernoulliBeamElement3D) instantiated.
2025-11-16 14:53:31,564 [DEBUG]: ✅ Element 350 (EulerBernoulliBeamElement3D) instantiated.
2025-11-16 14:53:31,565 [DEBUG]: ✅ Element 351 (EulerBernoulliBeamElement3D) instantiated.
2025-11-16 14:53:31,565 [DEBUG]: ✅ Element 352 (EulerBernoulliBeamElement3D) instantiated.
2025-11-16 14:53:31,565 [DEBUG]: ✅ Element 353 (EulerBernoulliBeamElement3D) instantiated.
2025-11-16 14:53:31,566 [DEBUG]: ✅ Element 354 (EulerBernoulliBeamElement3D) instantiated.
2025-11-16 14:53:31,566 [DEBUG]: ✅ Element 355 (EulerBernoulliBeamElement3D) instantiated.
2025-11-16 14:53:31,567 [DEBUG]: ✅ Element 356 (EulerBernoulliBeamElement3D) instantiated.
2025-11-16 14:53:31,567 [DEBUG]: ✅ Element 357 (EulerBernoulliBeamElement3D) instantiated.
2025-11-16 14:53:31,568 [DEBUG]: ✅ Element 358 (EulerBernoulliBeamElement3D) instantiated.
2025-11-16 14:53:31,568 [DEBUG]: ✅ Element 359 (EulerBernoulliBeamElement3D) instantiated.
2025-11-16 14:53:31,569 [DEBUG]: ✅ Element 360 (EulerBernoulliBeamElement3D) instantiated.
2025-11-16 14:53:31,570 [DEBUG]: ✅ Element 361 (EulerBernoulliBeamElement3D) instantiated.
2025-11-16 14:53:31,572 [DEBUG]: ✅ Element 362 (EulerBernoulliBeamElement3D) instantiated.
2025-11-16 14:53:31,572 [DEBUG]: ✅ Element 363 (EulerBernoulliBeamElement3D) instantiated.
2025-11-16 14:53:31,573 [DEBUG]: ✅ Element 364 (EulerBernoulliBeamElement3D) instantiated.
2025-11-16 14:53:31,573 [DEBUG]: ✅ Element 365 (EulerBernoulliBeamElement3D) instantiated.
2025-11-16 14:53:31,573 [DEBUG]: ✅ Element 366 (EulerBernoulliBeamElement3D) instantiated.
2025-11-16 14:53:31,575 [DEBUG]: ✅ Element 367 (EulerBernoulliBeamElement3D) instantiated.
2025-11-16 14:53:31,575 [DEBUG]: ✅ Element 368 (EulerBernoulliBeamElement3D) instantiated.
2025-11-16 14:53:31,575 [DEBUG]: ✅ Element 369 (EulerBernoulliBeamElement3D) instantiated.
2025-11-16 14:53:31,575 [DEBUG]: ✅ Element 370 (EulerBernoulliBeamElement3D) instantiated.
2025-11-16 14:53:31,577 [DEBUG]: ✅ Element 371 (EulerBernoulliBeamElement3D) instantiated.
2025-11-16 14:53:31,577 [DEBUG]: ✅ Element 372 (EulerBernoulliBeamElement3D) instantiated.
2025-11-16 14:53:31,578 [DEBUG]: ✅ Element 373 (EulerBernoulliBeamElement3D) instantiated.
2025-11-16 14:53:31,578 [DEBUG]: ✅ Element 374 (EulerBernoulliBeamElement3D) instantiated.
2025-11-16 14:53:31,579 [DEBUG]: ✅ Element 375 (EulerBernoulliBeamElement3D) instantiated.
2025-11-16 14:53:31,579 [DEBUG]: ✅ Element 376 (EulerBernoulliBeamElement3D) instantiated.
2025-11-16 14:53:31,579 [DEBUG]: ✅ Element 377 (EulerBernoulliBeamElement3D) instantiated.
2025-11-16 14:53:31,580 [DEBUG]: ✅ Element 378 (EulerBernoulliBeamElement3D) instantiated.
2025-11-16 14:53:31,580 [DEBUG]: ✅ Element 379 (EulerBernoulliBeamElement3D) instantiated.
2025-11-16 14:53:31,581 [DEBUG]: ✅ Element 380 (EulerBernoulliBeamElement3D) instantiated.
2025-11-16 14:53:31,581 [DEBUG]: ✅ Element 381 (EulerBernoulliBeamElement3D) instantiated.
2025-11-16 14:53:31,582 [DEBUG]: ✅ Element 382 (EulerBernoulliBeamElement3D) instantiated.
2025-11-16 14:53:31,582 [DEBUG]: ✅ Element 383 (EulerBernoulliBeamElement3D) instantiated.
2025-11-16 14:53:31,582 [DEBUG]: ✅ Element 384 (EulerBernoulliBeamElement3D) instantiated.
2025-11-16 14:53:31,583 [DEBUG]: ✅ Element 385 (EulerBernoulliBeamElement3D) instantiated.
2025-11-16 14:53:31,584 [DEBUG]: ✅ Element 386 (EulerBernoulliBeamElement3D) instantiated.
2025-11-16 14:53:31,584 [DEBUG]: ✅ Element 387 (EulerBernoulliBeamElement3D) instantiated.
2025-11-16 14:53:31,585 [DEBUG]: ✅ Element 388 (EulerBernoulliBeamElement3D) instantiated.
2025-11-16 14:53:31,586 [DEBUG]: ✅ Element 389 (EulerBernoulliBeamElement3D) instantiated.
2025-11-16 14:53:31,586 [DEBUG]: ✅ Element 390 (EulerBernoulliBeamElement3D) instantiated.
2025-11-16 14:53:31,587 [DEBUG]: ✅ Element 391 (EulerBernoulliBeamElement3D) instantiated.
2025-11-16 14:53:31,587 [DEBUG]: ✅ Element 392 (EulerBernoulliBeamElement3D) instantiated.
2025-11-16 14:53:31,588 [DEBUG]: ✅ Element 393 (EulerBernoulliBeamElement3D) instantiated.
2025-11-16 14:53:31,588 [DEBUG]: ✅ Element 394 (EulerBernoulliBeamElement3D) instantiated.
2025-11-16 14:53:31,589 [DEBUG]: ✅ Element 395 (EulerBernoulliBeamElement3D) instantiated.
2025-11-16 14:53:31,589 [DEBUG]: ✅ Element 396 (EulerBernoulliBeamElement3D) instantiated.
2025-11-16 14:53:31,590 [DEBUG]: ✅ Element 397 (EulerBernoulliBeamElement3D) instantiated.
2025-11-16 14:53:31,590 [DEBUG]: ✅ Element 398 (EulerBernoulliBeamElement3D) instantiated.
2025-11-16 14:53:31,590 [DEBUG]: ✅ Element 399 (EulerBernoulliBeamElement3D) instantiated.
2025-11-16 14:53:31,591 [DEBUG]: ✅ Element 400 (EulerBernoulliBeamElement3D) instantiated.
2025-11-16 14:53:31,591 [DEBUG]: ✅ Element 401 (EulerBernoulliBeamElement3D) instantiated.
2025-11-16 14:53:31,592 [DEBUG]: ✅ Element 402 (EulerBernoulliBeamElement3D) instantiated.
2025-11-16 14:53:31,592 [DEBUG]: ✅ Element 403 (EulerBernoulliBeamElement3D) instantiated.
2025-11-16 14:53:31,593 [DEBUG]: ✅ Element 404 (EulerBernoulliBeamElement3D) instantiated.
2025-11-16 14:53:31,593 [DEBUG]: ✅ Element 405 (EulerBernoulliBeamElement3D) instantiated.
2025-11-16 14:53:31,595 [DEBUG]: ✅ Element 406 (EulerBernoulliBeamElement3D) instantiated.
2025-11-16 14:53:31,595 [DEBUG]: ✅ Element 407 (EulerBernoulliBeamElement3D) instantiated.
2025-11-16 14:53:31,595 [DEBUG]: ✅ Element 408 (EulerBernoulliBeamElement3D) instantiated.
2025-11-16 14:53:31,595 [DEBUG]: ✅ Element 409 (EulerBernoulliBeamElement3D) instantiated.
2025-11-16 14:53:31,595 [DEBUG]: ✅ Element 410 (EulerBernoulliBeamElement3D) instantiated.
2025-11-16 14:53:31,597 [DEBUG]: ✅ Element 411 (EulerBernoulliBeamElement3D) instantiated.
2025-11-16 14:53:31,597 [DEBUG]: ✅ Element 412 (EulerBernoulliBeamElement3D) instantiated.
2025-11-16 14:53:31,598 [DEBUG]: ✅ Element 413 (EulerBernoulliBeamElement3D) instantiated.
2025-11-16 14:53:31,598 [DEBUG]: ✅ Element 414 (EulerBernoulliBeamElement3D) instantiated.
2025-11-16 14:53:31,599 [DEBUG]: ✅ Element 415 (EulerBernoulliBeamElement3D) instantiated.
2025-11-16 14:53:31,599 [DEBUG]: ✅ Element 416 (EulerBernoulliBeamElement3D) instantiated.
2025-11-16 14:53:31,599 [DEBUG]: ✅ Element 417 (EulerBernoulliBeamElement3D) instantiated.
2025-11-16 14:53:31,600 [DEBUG]: ✅ Element 418 (EulerBernoulliBeamElement3D) instantiated.
2025-11-16 14:53:31,600 [DEBUG]: ✅ Element 419 (EulerBernoulliBeamElement3D) instantiated.
2025-11-16 14:53:31,601 [DEBUG]: ✅ Element 420 (EulerBernoulliBeamElement3D) instantiated.
2025-11-16 14:53:31,601 [DEBUG]: ✅ Element 421 (EulerBernoulliBeamElement3D) instantiated.
2025-11-16 14:53:31,602 [DEBUG]: ✅ Element 422 (EulerBernoulliBeamElement3D) instantiated.
2025-11-16 14:53:31,602 [DEBUG]: ✅ Element 423 (EulerBernoulliBeamElement3D) instantiated.
2025-11-16 14:53:31,603 [DEBUG]: ✅ Element 424 (EulerBernoulliBeamElement3D) instantiated.
2025-11-16 14:53:31,603 [DEBUG]: ✅ Element 425 (EulerBernoulliBeamElement3D) instantiated.
2025-11-16 14:53:31,604 [DEBUG]: ✅ Element 426 (EulerBernoulliBeamElement3D) instantiated.
2025-11-16 14:53:31,604 [DEBUG]: ✅ Element 427 (EulerBernoulliBeamElement3D) instantiated.
2025-11-16 14:53:31,605 [DEBUG]: ✅ Element 428 (EulerBernoulliBeamElement3D) instantiated.
2025-11-16 14:53:31,605 [DEBUG]: ✅ Element 429 (EulerBernoulliBeamElement3D) instantiated.
2025-11-16 14:53:31,605 [DEBUG]: ✅ Element 430 (EulerBernoulliBeamElement3D) instantiated.
2025-11-16 14:53:31,605 [DEBUG]: ✅ Element 431 (EulerBernoulliBeamElement3D) instantiated.
2025-11-16 14:53:31,605 [DEBUG]: ✅ Element 432 (EulerBernoulliBeamElement3D) instantiated.
2025-11-16 14:53:31,607 [DEBUG]: ✅ Element 433 (EulerBernoulliBeamElement3D) instantiated.
2025-11-16 14:53:31,607 [DEBUG]: ✅ Element 434 (EulerBernoulliBeamElement3D) instantiated.
2025-11-16 14:53:31,607 [DEBUG]: ✅ Element 435 (EulerBernoulliBeamElement3D) instantiated.
2025-11-16 14:53:31,607 [DEBUG]: ✅ Element 436 (EulerBernoulliBeamElement3D) instantiated.
2025-11-16 14:53:31,609 [DEBUG]: ✅ Element 437 (EulerBernoulliBeamElement3D) instantiated.
2025-11-16 14:53:31,609 [DEBUG]: ✅ Element 438 (EulerBernoulliBeamElement3D) instantiated.
2025-11-16 14:53:31,609 [DEBUG]: ✅ Element 439 (EulerBernoulliBeamElement3D) instantiated.
2025-11-16 14:53:31,609 [DEBUG]: ✅ Element 440 (EulerBernoulliBeamElement3D) instantiated.
2025-11-16 14:53:31,609 [DEBUG]: ✅ Element 441 (EulerBernoulliBeamElement3D) instantiated.
2025-11-16 14:53:31,612 [DEBUG]: ✅ Element 442 (EulerBernoulliBeamElement3D) instantiated.
2025-11-16 14:53:31,612 [DEBUG]: ✅ Element 443 (EulerBernoulliBeamElement3D) instantiated.
2025-11-16 14:53:31,612 [DEBUG]: ✅ Element 444 (EulerBernoulliBeamElement3D) instantiated.
2025-11-16 14:53:31,612 [DEBUG]: ✅ Element 445 (EulerBernoulliBeamElement3D) instantiated.
2025-11-16 14:53:31,614 [DEBUG]: ✅ Element 446 (EulerBernoulliBeamElement3D) instantiated.
2025-11-16 14:53:31,614 [DEBUG]: ✅ Element 447 (EulerBernoulliBeamElement3D) instantiated.
2025-11-16 14:53:31,614 [DEBUG]: ✅ Element 448 (EulerBernoulliBeamElement3D) instantiated.
2025-11-16 14:53:31,615 [DEBUG]: ✅ Element 449 (EulerBernoulliBeamElement3D) instantiated.
2025-11-16 14:53:31,616 [DEBUG]: ✅ Element 450 (EulerBernoulliBeamElement3D) instantiated.
2025-11-16 14:53:31,616 [DEBUG]: ✅ Element 451 (EulerBernoulliBeamElement3D) instantiated.
2025-11-16 14:53:31,617 [DEBUG]: ✅ Element 452 (EulerBernoulliBeamElement3D) instantiated.
2025-11-16 14:53:31,617 [DEBUG]: ✅ Element 453 (EulerBernoulliBeamElement3D) instantiated.
2025-11-16 14:53:31,618 [DEBUG]: ✅ Element 454 (EulerBernoulliBeamElement3D) instantiated.
2025-11-16 14:53:31,618 [DEBUG]: ✅ Element 455 (EulerBernoulliBeamElement3D) instantiated.
2025-11-16 14:53:31,619 [DEBUG]: ✅ Element 456 (EulerBernoulliBeamElement3D) instantiated.
2025-11-16 14:53:31,619 [DEBUG]: ✅ Element 457 (EulerBernoulliBeamElement3D) instantiated.
2025-11-16 14:53:31,620 [DEBUG]: ✅ Element 458 (EulerBernoulliBeamElement3D) instantiated.
2025-11-16 14:53:31,620 [DEBUG]: ✅ Element 459 (EulerBernoulliBeamElement3D) instantiated.
2025-11-16 14:53:31,621 [DEBUG]: ✅ Element 460 (EulerBernoulliBeamElement3D) instantiated.
2025-11-16 14:53:31,621 [DEBUG]: ✅ Element 461 (EulerBernoulliBeamElement3D) instantiated.
2025-11-16 14:53:31,622 [DEBUG]: ✅ Element 462 (EulerBernoulliBeamElement3D) instantiated.
2025-11-16 14:53:31,622 [DEBUG]: ✅ Element 463 (EulerBernoulliBeamElement3D) instantiated.
2025-11-16 14:53:31,622 [DEBUG]: ✅ Element 464 (EulerBernoulliBeamElement3D) instantiated.
2025-11-16 14:53:31,622 [DEBUG]: ✅ Element 465 (EulerBernoulliBeamElement3D) instantiated.
2025-11-16 14:53:31,622 [DEBUG]: ✅ Element 466 (EulerBernoulliBeamElement3D) instantiated.
2025-11-16 14:53:31,624 [DEBUG]: ✅ Element 467 (EulerBernoulliBeamElement3D) instantiated.
2025-11-16 14:53:31,624 [DEBUG]: ✅ Element 468 (EulerBernoulliBeamElement3D) instantiated.
2025-11-16 14:53:31,624 [DEBUG]: ✅ Element 469 (EulerBernoulliBeamElement3D) instantiated.
2025-11-16 14:53:31,625 [DEBUG]: ✅ Element 470 (EulerBernoulliBeamElement3D) instantiated.
2025-11-16 14:53:31,625 [DEBUG]: ✅ Element 471 (EulerBernoulliBeamElement3D) instantiated.
2025-11-16 14:53:31,626 [DEBUG]: ✅ Element 472 (EulerBernoulliBeamElement3D) instantiated.
2025-11-16 14:53:31,626 [DEBUG]: ✅ Element 473 (EulerBernoulliBeamElement3D) instantiated.
2025-11-16 14:53:31,627 [DEBUG]: ✅ Element 474 (EulerBernoulliBeamElement3D) instantiated.
2025-11-16 14:53:31,627 [DEBUG]: ✅ Element 475 (EulerBernoulliBeamElement3D) instantiated.
2025-11-16 14:53:31,628 [DEBUG]: ✅ Element 476 (EulerBernoulliBeamElement3D) instantiated.
2025-11-16 14:53:31,628 [DEBUG]: ✅ Element 477 (EulerBernoulliBeamElement3D) instantiated.
2025-11-16 14:53:31,629 [DEBUG]: ✅ Element 478 (EulerBernoulliBeamElement3D) instantiated.
2025-11-16 14:53:31,629 [DEBUG]: ✅ Element 479 (EulerBernoulliBeamElement3D) instantiated.
2025-11-16 14:53:31,630 [DEBUG]: ✅ Element 480 (EulerBernoulliBeamElement3D) instantiated.
2025-11-16 14:53:31,630 [DEBUG]: ✅ Element 481 (EulerBernoulliBeamElement3D) instantiated.
2025-11-16 14:53:31,631 [DEBUG]: ✅ Element 482 (EulerBernoulliBeamElement3D) instantiated.
2025-11-16 14:53:31,631 [DEBUG]: ✅ Element 483 (EulerBernoulliBeamElement3D) instantiated.
2025-11-16 14:53:31,632 [DEBUG]: ✅ Element 484 (EulerBernoulliBeamElement3D) instantiated.
2025-11-16 14:53:31,633 [DEBUG]: ✅ Element 485 (EulerBernoulliBeamElement3D) instantiated.
2025-11-16 14:53:31,633 [DEBUG]: ✅ Element 486 (EulerBernoulliBeamElement3D) instantiated.
2025-11-16 14:53:31,634 [DEBUG]: ✅ Element 487 (EulerBernoulliBeamElement3D) instantiated.
2025-11-16 14:53:31,635 [DEBUG]: ✅ Element 488 (EulerBernoulliBeamElement3D) instantiated.
2025-11-16 14:53:31,636 [DEBUG]: ✅ Element 489 (EulerBernoulliBeamElement3D) instantiated.
2025-11-16 14:53:31,636 [DEBUG]: ✅ Element 490 (EulerBernoulliBeamElement3D) instantiated.
2025-11-16 14:53:31,637 [DEBUG]: ✅ Element 491 (EulerBernoulliBeamElement3D) instantiated.
2025-11-16 14:53:31,637 [DEBUG]: ✅ Element 492 (EulerBernoulliBeamElement3D) instantiated.
2025-11-16 14:53:31,638 [DEBUG]: ✅ Element 493 (EulerBernoulliBeamElement3D) instantiated.
2025-11-16 14:53:31,638 [DEBUG]: ✅ Element 494 (EulerBernoulliBeamElement3D) instantiated.
2025-11-16 14:53:31,639 [DEBUG]: ✅ Element 495 (EulerBernoulliBeamElement3D) instantiated.
2025-11-16 14:53:31,639 [DEBUG]: ✅ Element 496 (EulerBernoulliBeamElement3D) instantiated.
2025-11-16 14:53:31,640 [DEBUG]: ✅ Element 497 (EulerBernoulliBeamElement3D) instantiated.
2025-11-16 14:53:31,640 [DEBUG]: ✅ Element 498 (EulerBernoulliBeamElement3D) instantiated.
2025-11-16 14:53:31,640 [DEBUG]: ✅ Element 499 (EulerBernoulliBeamElement3D) instantiated.
2025-11-16 14:53:31,641 [DEBUG]: Logging verified for element 0.
2025-11-16 14:53:31,642 [DEBUG]: Logging verified for element 1.
2025-11-16 14:53:31,642 [DEBUG]: Logging verified for element 2.
2025-11-16 14:53:31,643 [DEBUG]: Logging verified for element 3.
2025-11-16 14:53:31,643 [DEBUG]: Logging verified for element 4.
2025-11-16 14:53:31,644 [DEBUG]: Logging verified for element 5.
2025-11-16 14:53:31,644 [DEBUG]: Logging verified for element 6.
2025-11-16 14:53:31,645 [DEBUG]: Logging verified for element 7.
2025-11-16 14:53:31,645 [DEBUG]: Logging verified for element 8.
2025-11-16 14:53:31,645 [DEBUG]: Logging verified for element 9.
2025-11-16 14:53:31,646 [DEBUG]: Logging verified for element 10.
2025-11-16 14:53:31,646 [DEBUG]: Logging verified for element 11.
2025-11-16 14:53:31,647 [DEBUG]: Logging verified for element 12.
2025-11-16 14:53:31,647 [DEBUG]: Logging verified for element 13.
2025-11-16 14:53:31,647 [DEBUG]: Logging verified for element 14.
2025-11-16 14:53:31,648 [DEBUG]: Logging verified for element 15.
2025-11-16 14:53:31,649 [DEBUG]: Logging verified for element 16.
2025-11-16 14:53:31,649 [DEBUG]: Logging verified for element 17.
2025-11-16 14:53:31,650 [DEBUG]: Logging verified for element 18.
2025-11-16 14:53:31,650 [DEBUG]: Logging verified for element 19.
2025-11-16 14:53:31,651 [DEBUG]: Logging verified for element 20.
2025-11-16 14:53:31,651 [DEBUG]: Logging verified for element 21.
2025-11-16 14:53:31,652 [DEBUG]: Logging verified for element 22.
2025-11-16 14:53:31,652 [DEBUG]: Logging verified for element 23.
2025-11-16 14:53:31,653 [DEBUG]: Logging verified for element 24.
2025-11-16 14:53:31,653 [DEBUG]: Logging verified for element 25.
2025-11-16 14:53:31,654 [DEBUG]: Logging verified for element 26.
2025-11-16 14:53:31,654 [DEBUG]: Logging verified for element 27.
2025-11-16 14:53:31,655 [DEBUG]: Logging verified for element 28.
2025-11-16 14:53:31,655 [DEBUG]: Logging verified for element 29.
2025-11-16 14:53:31,655 [DEBUG]: Logging verified for element 30.
2025-11-16 14:53:31,656 [DEBUG]: Logging verified for element 31.
2025-11-16 14:53:31,657 [DEBUG]: Logging verified for element 32.
2025-11-16 14:53:31,657 [DEBUG]: Logging verified for element 33.
2025-11-16 14:53:31,657 [DEBUG]: Logging verified for element 34.
2025-11-16 14:53:31,658 [DEBUG]: Logging verified for element 35.
2025-11-16 14:53:31,659 [DEBUG]: Logging verified for element 36.
2025-11-16 14:53:31,659 [DEBUG]: Logging verified for element 37.
2025-11-16 14:53:31,660 [DEBUG]: Logging verified for element 38.
2025-11-16 14:53:31,660 [DEBUG]: Logging verified for element 39.
2025-11-16 14:53:31,660 [DEBUG]: Logging verified for element 40.
2025-11-16 14:53:31,661 [DEBUG]: Logging verified for element 41.
2025-11-16 14:53:31,661 [DEBUG]: Logging verified for element 42.
2025-11-16 14:53:31,662 [DEBUG]: Logging verified for element 43.
2025-11-16 14:53:31,662 [DEBUG]: Logging verified for element 44.
2025-11-16 14:53:31,663 [DEBUG]: Logging verified for element 45.
2025-11-16 14:53:31,664 [DEBUG]: Logging verified for element 46.
2025-11-16 14:53:31,664 [DEBUG]: Logging verified for element 47.
2025-11-16 14:53:31,664 [DEBUG]: Logging verified for element 48.
2025-11-16 14:53:31,665 [DEBUG]: Logging verified for element 49.
2025-11-16 14:53:31,665 [DEBUG]: Logging verified for element 50.
2025-11-16 14:53:31,666 [DEBUG]: Logging verified for element 51.
2025-11-16 14:53:31,667 [DEBUG]: Logging verified for element 52.
2025-11-16 14:53:31,667 [DEBUG]: Logging verified for element 53.
2025-11-16 14:53:31,668 [DEBUG]: Logging verified for element 54.
2025-11-16 14:53:31,668 [DEBUG]: Logging verified for element 55.
2025-11-16 14:53:31,669 [DEBUG]: Logging verified for element 56.
2025-11-16 14:53:31,669 [DEBUG]: Logging verified for element 57.
2025-11-16 14:53:31,670 [DEBUG]: Logging verified for element 58.
2025-11-16 14:53:31,670 [DEBUG]: Logging verified for element 59.
2025-11-16 14:53:31,670 [DEBUG]: Logging verified for element 60.
2025-11-16 14:53:31,671 [DEBUG]: Logging verified for element 61.
2025-11-16 14:53:31,671 [DEBUG]: Logging verified for element 62.
2025-11-16 14:53:31,672 [DEBUG]: Logging verified for element 63.
2025-11-16 14:53:31,672 [DEBUG]: Logging verified for element 64.
2025-11-16 14:53:31,673 [DEBUG]: Logging verified for element 65.
2025-11-16 14:53:31,673 [DEBUG]: Logging verified for element 66.
2025-11-16 14:53:31,674 [DEBUG]: Logging verified for element 67.
2025-11-16 14:53:31,674 [DEBUG]: Logging verified for element 68.
2025-11-16 14:53:31,675 [DEBUG]: Logging verified for element 69.
2025-11-16 14:53:31,675 [DEBUG]: Logging verified for element 70.
2025-11-16 14:53:31,675 [DEBUG]: Logging verified for element 71.
2025-11-16 14:53:31,677 [DEBUG]: Logging verified for element 72.
2025-11-16 14:53:31,677 [DEBUG]: Logging verified for element 73.
2025-11-16 14:53:31,678 [DEBUG]: Logging verified for element 74.
2025-11-16 14:53:31,678 [DEBUG]: Logging verified for element 75.
2025-11-16 14:53:31,679 [DEBUG]: Logging verified for element 76.
2025-11-16 14:53:31,679 [DEBUG]: Logging verified for element 77.
2025-11-16 14:53:31,680 [DEBUG]: Logging verified for element 78.
2025-11-16 14:53:31,680 [DEBUG]: Logging verified for element 79.
2025-11-16 14:53:31,680 [DEBUG]: Logging verified for element 80.
2025-11-16 14:53:31,681 [DEBUG]: Logging verified for element 81.
2025-11-16 14:53:31,681 [DEBUG]: Logging verified for element 82.
2025-11-16 14:53:31,682 [DEBUG]: Logging verified for element 83.
2025-11-16 14:53:31,682 [DEBUG]: Logging verified for element 84.
2025-11-16 14:53:31,683 [DEBUG]: Logging verified for element 85.
2025-11-16 14:53:31,683 [DEBUG]: Logging verified for element 86.
2025-11-16 14:53:31,684 [DEBUG]: Logging verified for element 87.
2025-11-16 14:53:31,684 [DEBUG]: Logging verified for element 88.
2025-11-16 14:53:31,685 [DEBUG]: Logging verified for element 89.
2025-11-16 14:53:31,686 [DEBUG]: Logging verified for element 90.
2025-11-16 14:53:31,686 [DEBUG]: Logging verified for element 91.
2025-11-16 14:53:31,687 [DEBUG]: Logging verified for element 92.
2025-11-16 14:53:31,687 [DEBUG]: Logging verified for element 93.
2025-11-16 14:53:31,688 [DEBUG]: Logging verified for element 94.
2025-11-16 14:53:31,688 [DEBUG]: Logging verified for element 95.
2025-11-16 14:53:31,688 [DEBUG]: Logging verified for element 96.
2025-11-16 14:53:31,689 [DEBUG]: Logging verified for element 97.
2025-11-16 14:53:31,689 [DEBUG]: Logging verified for element 98.
2025-11-16 14:53:31,690 [DEBUG]: Logging verified for element 99.
2025-11-16 14:53:31,690 [DEBUG]: Logging verified for element 100.
2025-11-16 14:53:31,691 [DEBUG]: Logging verified for element 101.
2025-11-16 14:53:31,691 [DEBUG]: Logging verified for element 102.
2025-11-16 14:53:31,691 [DEBUG]: Logging verified for element 103.
2025-11-16 14:53:31,692 [DEBUG]: Logging verified for element 104.
2025-11-16 14:53:31,693 [DEBUG]: Logging verified for element 105.
2025-11-16 14:53:31,693 [DEBUG]: Logging verified for element 106.
2025-11-16 14:53:31,694 [DEBUG]: Logging verified for element 107.
2025-11-16 14:53:31,694 [DEBUG]: Logging verified for element 108.
2025-11-16 14:53:31,695 [DEBUG]: Logging verified for element 109.
2025-11-16 14:53:31,695 [DEBUG]: Logging verified for element 110.
2025-11-16 14:53:31,696 [DEBUG]: Logging verified for element 111.
2025-11-16 14:53:31,696 [DEBUG]: Logging verified for element 112.
2025-11-16 14:53:31,696 [DEBUG]: Logging verified for element 113.
2025-11-16 14:53:31,697 [DEBUG]: Logging verified for element 114.
2025-11-16 14:53:31,697 [DEBUG]: Logging verified for element 115.
2025-11-16 14:53:31,698 [DEBUG]: Logging verified for element 116.
2025-11-16 14:53:31,698 [DEBUG]: Logging verified for element 117.
2025-11-16 14:53:31,699 [DEBUG]: Logging verified for element 118.
2025-11-16 14:53:31,699 [DEBUG]: Logging verified for element 119.
2025-11-16 14:53:31,699 [DEBUG]: Logging verified for element 120.
2025-11-16 14:53:31,700 [DEBUG]: Logging verified for element 121.
2025-11-16 14:53:31,701 [DEBUG]: Logging verified for element 122.
2025-11-16 14:53:31,701 [DEBUG]: Logging verified for element 123.
2025-11-16 14:53:31,702 [DEBUG]: Logging verified for element 124.
2025-11-16 14:53:31,702 [DEBUG]: Logging verified for element 125.
2025-11-16 14:53:31,703 [DEBUG]: Logging verified for element 126.
2025-11-16 14:53:31,703 [DEBUG]: Logging verified for element 127.
2025-11-16 14:53:31,704 [DEBUG]: Logging verified for element 128.
2025-11-16 14:53:31,704 [DEBUG]: Logging verified for element 129.
2025-11-16 14:53:31,705 [DEBUG]: Logging verified for element 130.
2025-11-16 14:53:31,705 [DEBUG]: Logging verified for element 131.
2025-11-16 14:53:31,705 [DEBUG]: Logging verified for element 132.
2025-11-16 14:53:31,706 [DEBUG]: Logging verified for element 133.
2025-11-16 14:53:31,707 [DEBUG]: Logging verified for element 134.
2025-11-16 14:53:31,707 [DEBUG]: Logging verified for element 135.
2025-11-16 14:53:31,708 [DEBUG]: Logging verified for element 136.
2025-11-16 14:53:31,708 [DEBUG]: Logging verified for element 137.
2025-11-16 14:53:31,708 [DEBUG]: Logging verified for element 138.
2025-11-16 14:53:31,709 [DEBUG]: Logging verified for element 139.
2025-11-16 14:53:31,709 [DEBUG]: Logging verified for element 140.
2025-11-16 14:53:31,710 [DEBUG]: Logging verified for element 141.
2025-11-16 14:53:31,710 [DEBUG]: Logging verified for element 142.
2025-11-16 14:53:31,711 [DEBUG]: Logging verified for element 143.
2025-11-16 14:53:31,711 [DEBUG]: Logging verified for element 144.
2025-11-16 14:53:31,712 [DEBUG]: Logging verified for element 145.
2025-11-16 14:53:31,712 [DEBUG]: Logging verified for element 146.
2025-11-16 14:53:31,713 [DEBUG]: Logging verified for element 147.
2025-11-16 14:53:31,713 [DEBUG]: Logging verified for element 148.
2025-11-16 14:53:31,713 [DEBUG]: Logging verified for element 149.
2025-11-16 14:53:31,714 [DEBUG]: Logging verified for element 150.
2025-11-16 14:53:31,714 [DEBUG]: Logging verified for element 151.
2025-11-16 14:53:31,715 [DEBUG]: Logging verified for element 152.
2025-11-16 14:53:31,715 [DEBUG]: Logging verified for element 153.
2025-11-16 14:53:31,716 [DEBUG]: Logging verified for element 154.
2025-11-16 14:53:31,716 [DEBUG]: Logging verified for element 155.
2025-11-16 14:53:31,717 [DEBUG]: Logging verified for element 156.
2025-11-16 14:53:31,717 [DEBUG]: Logging verified for element 157.
2025-11-16 14:53:31,718 [DEBUG]: Logging verified for element 158.
2025-11-16 14:53:31,718 [DEBUG]: Logging verified for element 159.
2025-11-16 14:53:31,719 [DEBUG]: Logging verified for element 160.
2025-11-16 14:53:31,719 [DEBUG]: Logging verified for element 161.
2025-11-16 14:53:31,720 [DEBUG]: Logging verified for element 162.
2025-11-16 14:53:31,720 [DEBUG]: Logging verified for element 163.
2025-11-16 14:53:31,721 [DEBUG]: Logging verified for element 164.
2025-11-16 14:53:31,721 [DEBUG]: Logging verified for element 165.
2025-11-16 14:53:31,722 [DEBUG]: Logging verified for element 166.
2025-11-16 14:53:31,722 [DEBUG]: Logging verified for element 167.
2025-11-16 14:53:31,722 [DEBUG]: Logging verified for element 168.
2025-11-16 14:53:31,723 [DEBUG]: Logging verified for element 169.
2025-11-16 14:53:31,723 [DEBUG]: Logging verified for element 170.
2025-11-16 14:53:31,723 [DEBUG]: Logging verified for element 171.
2025-11-16 14:53:31,724 [DEBUG]: Logging verified for element 172.
2025-11-16 14:53:31,724 [DEBUG]: Logging verified for element 173.
2025-11-16 14:53:31,724 [DEBUG]: Logging verified for element 174.
2025-11-16 14:53:31,726 [DEBUG]: Logging verified for element 175.
2025-11-16 14:53:31,726 [DEBUG]: Logging verified for element 176.
2025-11-16 14:53:31,726 [DEBUG]: Logging verified for element 177.
2025-11-16 14:53:31,727 [DEBUG]: Logging verified for element 178.
2025-11-16 14:53:31,727 [DEBUG]: Logging verified for element 179.
2025-11-16 14:53:31,728 [DEBUG]: Logging verified for element 180.
2025-11-16 14:53:31,728 [DEBUG]: Logging verified for element 181.
2025-11-16 14:53:31,729 [DEBUG]: Logging verified for element 182.
2025-11-16 14:53:31,729 [DEBUG]: Logging verified for element 183.
2025-11-16 14:53:31,729 [DEBUG]: Logging verified for element 184.
2025-11-16 14:53:31,730 [DEBUG]: Logging verified for element 185.
2025-11-16 14:53:31,730 [DEBUG]: Logging verified for element 186.
2025-11-16 14:53:31,731 [DEBUG]: Logging verified for element 187.
2025-11-16 14:53:31,731 [DEBUG]: Logging verified for element 188.
2025-11-16 14:53:31,731 [DEBUG]: Logging verified for element 189.
2025-11-16 14:53:31,732 [DEBUG]: Logging verified for element 190.
2025-11-16 14:53:31,732 [DEBUG]: Logging verified for element 191.
2025-11-16 14:53:31,732 [DEBUG]: Logging verified for element 192.
2025-11-16 14:53:31,732 [DEBUG]: Logging verified for element 193.
2025-11-16 14:53:31,733 [DEBUG]: Logging verified for element 194.
2025-11-16 14:53:31,734 [DEBUG]: Logging verified for element 195.
2025-11-16 14:53:31,735 [DEBUG]: Logging verified for element 196.
2025-11-16 14:53:31,735 [DEBUG]: Logging verified for element 197.
2025-11-16 14:53:31,736 [DEBUG]: Logging verified for element 198.
2025-11-16 14:53:31,736 [DEBUG]: Logging verified for element 199.
2025-11-16 14:53:31,737 [DEBUG]: Logging verified for element 200.
2025-11-16 14:53:31,737 [DEBUG]: Logging verified for element 201.
2025-11-16 14:53:31,738 [DEBUG]: Logging verified for element 202.
2025-11-16 14:53:31,738 [DEBUG]: Logging verified for element 203.
2025-11-16 14:53:31,738 [DEBUG]: Logging verified for element 204.
2025-11-16 14:53:31,739 [DEBUG]: Logging verified for element 205.
2025-11-16 14:53:31,739 [DEBUG]: Logging verified for element 206.
2025-11-16 14:53:31,740 [DEBUG]: Logging verified for element 207.
2025-11-16 14:53:31,740 [DEBUG]: Logging verified for element 208.
2025-11-16 14:53:31,741 [DEBUG]: Logging verified for element 209.
2025-11-16 14:53:31,741 [DEBUG]: Logging verified for element 210.
2025-11-16 14:53:31,742 [DEBUG]: Logging verified for element 211.
2025-11-16 14:53:31,742 [DEBUG]: Logging verified for element 212.
2025-11-16 14:53:31,742 [DEBUG]: Logging verified for element 213.
2025-11-16 14:53:31,743 [DEBUG]: Logging verified for element 214.
2025-11-16 14:53:31,743 [DEBUG]: Logging verified for element 215.
2025-11-16 14:53:31,744 [DEBUG]: Logging verified for element 216.
2025-11-16 14:53:31,744 [DEBUG]: Logging verified for element 217.
2025-11-16 14:53:31,745 [DEBUG]: Logging verified for element 218.
2025-11-16 14:53:31,746 [DEBUG]: Logging verified for element 219.
2025-11-16 14:53:31,746 [DEBUG]: Logging verified for element 220.
2025-11-16 14:53:31,747 [DEBUG]: Logging verified for element 221.
2025-11-16 14:53:31,747 [DEBUG]: Logging verified for element 222.
2025-11-16 14:53:31,748 [DEBUG]: Logging verified for element 223.
2025-11-16 14:53:31,748 [DEBUG]: Logging verified for element 224.
2025-11-16 14:53:31,749 [DEBUG]: Logging verified for element 225.
2025-11-16 14:53:31,749 [DEBUG]: Logging verified for element 226.
2025-11-16 14:53:31,749 [DEBUG]: Logging verified for element 227.
2025-11-16 14:53:31,750 [DEBUG]: Logging verified for element 228.
2025-11-16 14:53:31,750 [DEBUG]: Logging verified for element 229.
2025-11-16 14:53:31,751 [DEBUG]: Logging verified for element 230.
2025-11-16 14:53:31,752 [DEBUG]: Logging verified for element 231.
2025-11-16 14:53:31,752 [DEBUG]: Logging verified for element 232.
2025-11-16 14:53:31,753 [DEBUG]: Logging verified for element 233.
2025-11-16 14:53:31,753 [DEBUG]: Logging verified for element 234.
2025-11-16 14:53:31,754 [DEBUG]: Logging verified for element 235.
2025-11-16 14:53:31,754 [DEBUG]: Logging verified for element 236.
2025-11-16 14:53:31,754 [DEBUG]: Logging verified for element 237.
2025-11-16 14:53:31,755 [DEBUG]: Logging verified for element 238.
2025-11-16 14:53:31,755 [DEBUG]: Logging verified for element 239.
2025-11-16 14:53:31,755 [DEBUG]: Logging verified for element 240.
2025-11-16 14:53:31,757 [DEBUG]: Logging verified for element 241.
2025-11-16 14:53:31,757 [DEBUG]: Logging verified for element 242.
2025-11-16 14:53:31,757 [DEBUG]: Logging verified for element 243.
2025-11-16 14:53:31,757 [DEBUG]: Logging verified for element 244.
2025-11-16 14:53:31,757 [DEBUG]: Logging verified for element 245.
2025-11-16 14:53:31,759 [DEBUG]: Logging verified for element 246.
2025-11-16 14:53:31,759 [DEBUG]: Logging verified for element 247.
2025-11-16 14:53:31,759 [DEBUG]: Logging verified for element 248.
2025-11-16 14:53:31,759 [DEBUG]: Logging verified for element 249.
2025-11-16 14:53:31,761 [DEBUG]: Logging verified for element 250.
2025-11-16 14:53:31,761 [DEBUG]: Logging verified for element 251.
2025-11-16 14:53:31,761 [DEBUG]: Logging verified for element 252.
2025-11-16 14:53:31,761 [DEBUG]: Logging verified for element 253.
2025-11-16 14:53:31,761 [DEBUG]: Logging verified for element 254.
2025-11-16 14:53:31,763 [DEBUG]: Logging verified for element 255.
2025-11-16 14:53:31,764 [DEBUG]: Logging verified for element 256.
2025-11-16 14:53:31,764 [DEBUG]: Logging verified for element 257.
2025-11-16 14:53:31,764 [DEBUG]: Logging verified for element 258.
2025-11-16 14:53:31,765 [DEBUG]: Logging verified for element 259.
2025-11-16 14:53:31,765 [DEBUG]: Logging verified for element 260.
2025-11-16 14:53:31,766 [DEBUG]: Logging verified for element 261.
2025-11-16 14:53:31,766 [DEBUG]: Logging verified for element 262.
2025-11-16 14:53:31,767 [DEBUG]: Logging verified for element 263.
2025-11-16 14:53:31,767 [DEBUG]: Logging verified for element 264.
2025-11-16 14:53:31,768 [DEBUG]: Logging verified for element 265.
2025-11-16 14:53:31,768 [DEBUG]: Logging verified for element 266.
2025-11-16 14:53:31,769 [DEBUG]: Logging verified for element 267.
2025-11-16 14:53:31,769 [DEBUG]: Logging verified for element 268.
2025-11-16 14:53:31,770 [DEBUG]: Logging verified for element 269.
2025-11-16 14:53:31,770 [DEBUG]: Logging verified for element 270.
2025-11-16 14:53:31,771 [DEBUG]: Logging verified for element 271.
2025-11-16 14:53:31,771 [DEBUG]: Logging verified for element 272.
2025-11-16 14:53:31,772 [DEBUG]: Logging verified for element 273.
2025-11-16 14:53:31,772 [DEBUG]: Logging verified for element 274.
2025-11-16 14:53:31,773 [DEBUG]: Logging verified for element 275.
2025-11-16 14:53:31,773 [DEBUG]: Logging verified for element 276.
2025-11-16 14:53:31,773 [DEBUG]: Logging verified for element 277.
2025-11-16 14:53:31,773 [DEBUG]: Logging verified for element 278.
2025-11-16 14:53:31,774 [DEBUG]: Logging verified for element 279.
2025-11-16 14:53:31,774 [DEBUG]: Logging verified for element 280.
2025-11-16 14:53:31,775 [DEBUG]: Logging verified for element 281.
2025-11-16 14:53:31,775 [DEBUG]: Logging verified for element 282.
2025-11-16 14:53:31,775 [DEBUG]: Logging verified for element 283.
2025-11-16 14:53:31,777 [DEBUG]: Logging verified for element 284.
2025-11-16 14:53:31,777 [DEBUG]: Logging verified for element 285.
2025-11-16 14:53:31,778 [DEBUG]: Logging verified for element 286.
2025-11-16 14:53:31,778 [DEBUG]: Logging verified for element 287.
2025-11-16 14:53:31,779 [DEBUG]: Logging verified for element 288.
2025-11-16 14:53:31,779 [DEBUG]: Logging verified for element 289.
2025-11-16 14:53:31,780 [DEBUG]: Logging verified for element 290.
2025-11-16 14:53:31,780 [DEBUG]: Logging verified for element 291.
2025-11-16 14:53:31,781 [DEBUG]: Logging verified for element 292.
2025-11-16 14:53:31,781 [DEBUG]: Logging verified for element 293.
2025-11-16 14:53:31,781 [DEBUG]: Logging verified for element 294.
2025-11-16 14:53:31,782 [DEBUG]: Logging verified for element 295.
2025-11-16 14:53:31,782 [DEBUG]: Logging verified for element 296.
2025-11-16 14:53:31,782 [DEBUG]: Logging verified for element 297.
2025-11-16 14:53:31,782 [DEBUG]: Logging verified for element 298.
2025-11-16 14:53:31,783 [DEBUG]: Logging verified for element 299.
2025-11-16 14:53:31,783 [DEBUG]: Logging verified for element 300.
2025-11-16 14:53:31,784 [DEBUG]: Logging verified for element 301.
2025-11-16 14:53:31,785 [DEBUG]: Logging verified for element 302.
2025-11-16 14:53:31,785 [DEBUG]: Logging verified for element 303.
2025-11-16 14:53:31,786 [DEBUG]: Logging verified for element 304.
2025-11-16 14:53:31,786 [DEBUG]: Logging verified for element 305.
2025-11-16 14:53:31,787 [DEBUG]: Logging verified for element 306.
2025-11-16 14:53:31,787 [DEBUG]: Logging verified for element 307.
2025-11-16 14:53:31,787 [DEBUG]: Logging verified for element 308.
2025-11-16 14:53:31,788 [DEBUG]: Logging verified for element 309.
2025-11-16 14:53:31,788 [DEBUG]: Logging verified for element 310.
2025-11-16 14:53:31,789 [DEBUG]: Logging verified for element 311.
2025-11-16 14:53:31,789 [DEBUG]: Logging verified for element 312.
2025-11-16 14:53:31,790 [DEBUG]: Logging verified for element 313.
2025-11-16 14:53:31,790 [DEBUG]: Logging verified for element 314.
2025-11-16 14:53:31,790 [DEBUG]: Logging verified for element 315.
2025-11-16 14:53:31,791 [DEBUG]: Logging verified for element 316.
2025-11-16 14:53:31,791 [DEBUG]: Logging verified for element 317.
2025-11-16 14:53:31,792 [DEBUG]: Logging verified for element 318.
2025-11-16 14:53:31,792 [DEBUG]: Logging verified for element 319.
2025-11-16 14:53:31,792 [DEBUG]: Logging verified for element 320.
2025-11-16 14:53:31,793 [DEBUG]: Logging verified for element 321.
2025-11-16 14:53:31,793 [DEBUG]: Logging verified for element 322.
2025-11-16 14:53:31,794 [DEBUG]: Logging verified for element 323.
2025-11-16 14:53:31,794 [DEBUG]: Logging verified for element 324.
2025-11-16 14:53:31,795 [DEBUG]: Logging verified for element 325.
2025-11-16 14:53:31,795 [DEBUG]: Logging verified for element 326.
2025-11-16 14:53:31,796 [DEBUG]: Logging verified for element 327.
2025-11-16 14:53:31,796 [DEBUG]: Logging verified for element 328.
2025-11-16 14:53:31,797 [DEBUG]: Logging verified for element 329.
2025-11-16 14:53:31,797 [DEBUG]: Logging verified for element 330.
2025-11-16 14:53:31,798 [DEBUG]: Logging verified for element 331.
2025-11-16 14:53:31,798 [DEBUG]: Logging verified for element 332.
2025-11-16 14:53:31,799 [DEBUG]: Logging verified for element 333.
2025-11-16 14:53:31,799 [DEBUG]: Logging verified for element 334.
2025-11-16 14:53:31,800 [DEBUG]: Logging verified for element 335.
2025-11-16 14:53:31,800 [DEBUG]: Logging verified for element 336.
2025-11-16 14:53:31,801 [DEBUG]: Logging verified for element 337.
2025-11-16 14:53:31,801 [DEBUG]: Logging verified for element 338.
2025-11-16 14:53:31,802 [DEBUG]: Logging verified for element 339.
2025-11-16 14:53:31,802 [DEBUG]: Logging verified for element 340.
2025-11-16 14:53:31,803 [DEBUG]: Logging verified for element 341.
2025-11-16 14:53:31,803 [DEBUG]: Logging verified for element 342.
2025-11-16 14:53:31,804 [DEBUG]: Logging verified for element 343.
2025-11-16 14:53:31,804 [DEBUG]: Logging verified for element 344.
2025-11-16 14:53:31,805 [DEBUG]: Logging verified for element 345.
2025-11-16 14:53:31,805 [DEBUG]: Logging verified for element 346.
2025-11-16 14:53:31,805 [DEBUG]: Logging verified for element 347.
2025-11-16 14:53:31,806 [DEBUG]: Logging verified for element 348.
2025-11-16 14:53:31,806 [DEBUG]: Logging verified for element 349.
2025-11-16 14:53:31,807 [DEBUG]: Logging verified for element 350.
2025-11-16 14:53:31,807 [DEBUG]: Logging verified for element 351.
2025-11-16 14:53:31,808 [DEBUG]: Logging verified for element 352.
2025-11-16 14:53:31,808 [DEBUG]: Logging verified for element 353.
2025-11-16 14:53:31,809 [DEBUG]: Logging verified for element 354.
2025-11-16 14:53:31,809 [DEBUG]: Logging verified for element 355.
2025-11-16 14:53:31,810 [DEBUG]: Logging verified for element 356.
2025-11-16 14:53:31,810 [DEBUG]: Logging verified for element 357.
2025-11-16 14:53:31,811 [DEBUG]: Logging verified for element 358.
2025-11-16 14:53:31,811 [DEBUG]: Logging verified for element 359.
2025-11-16 14:53:31,811 [DEBUG]: Logging verified for element 360.
2025-11-16 14:53:31,812 [DEBUG]: Logging verified for element 361.
2025-11-16 14:53:31,812 [DEBUG]: Logging verified for element 362.
2025-11-16 14:53:31,813 [DEBUG]: Logging verified for element 363.
2025-11-16 14:53:31,813 [DEBUG]: Logging verified for element 364.
2025-11-16 14:53:31,814 [DEBUG]: Logging verified for element 365.
2025-11-16 14:53:31,814 [DEBUG]: Logging verified for element 366.
2025-11-16 14:53:31,814 [DEBUG]: Logging verified for element 367.
2025-11-16 14:53:31,815 [DEBUG]: Logging verified for element 368.
2025-11-16 14:53:31,816 [DEBUG]: Logging verified for element 369.
2025-11-16 14:53:31,816 [DEBUG]: Logging verified for element 370.
2025-11-16 14:53:31,817 [DEBUG]: Logging verified for element 371.
2025-11-16 14:53:31,817 [DEBUG]: Logging verified for element 372.
2025-11-16 14:53:31,818 [DEBUG]: Logging verified for element 373.
2025-11-16 14:53:31,819 [DEBUG]: Logging verified for element 374.
2025-11-16 14:53:31,819 [DEBUG]: Logging verified for element 375.
2025-11-16 14:53:31,820 [DEBUG]: Logging verified for element 376.
2025-11-16 14:53:31,820 [DEBUG]: Logging verified for element 377.
2025-11-16 14:53:31,821 [DEBUG]: Logging verified for element 378.
2025-11-16 14:53:31,821 [DEBUG]: Logging verified for element 379.
2025-11-16 14:53:31,822 [DEBUG]: Logging verified for element 380.
2025-11-16 14:53:31,822 [DEBUG]: Logging verified for element 381.
2025-11-16 14:53:31,822 [DEBUG]: Logging verified for element 382.
2025-11-16 14:53:31,822 [DEBUG]: Logging verified for element 383.
2025-11-16 14:53:31,824 [DEBUG]: Logging verified for element 384.
2025-11-16 14:53:31,824 [DEBUG]: Logging verified for element 385.
2025-11-16 14:53:31,825 [DEBUG]: Logging verified for element 386.
2025-11-16 14:53:31,825 [DEBUG]: Logging verified for element 387.
2025-11-16 14:53:31,826 [DEBUG]: Logging verified for element 388.
2025-11-16 14:53:31,826 [DEBUG]: Logging verified for element 389.
2025-11-16 14:53:31,826 [DEBUG]: Logging verified for element 390.
2025-11-16 14:53:31,827 [DEBUG]: Logging verified for element 391.
2025-11-16 14:53:31,827 [DEBUG]: Logging verified for element 392.
2025-11-16 14:53:31,828 [DEBUG]: Logging verified for element 393.
2025-11-16 14:53:31,828 [DEBUG]: Logging verified for element 394.
2025-11-16 14:53:31,828 [DEBUG]: Logging verified for element 395.
2025-11-16 14:53:31,828 [DEBUG]: Logging verified for element 396.
2025-11-16 14:53:31,830 [DEBUG]: Logging verified for element 397.
2025-11-16 14:53:31,830 [DEBUG]: Logging verified for element 398.
2025-11-16 14:53:31,830 [DEBUG]: Logging verified for element 399.
2025-11-16 14:53:31,830 [DEBUG]: Logging verified for element 400.
2025-11-16 14:53:31,832 [DEBUG]: Logging verified for element 401.
2025-11-16 14:53:31,832 [DEBUG]: Logging verified for element 402.
2025-11-16 14:53:31,832 [DEBUG]: Logging verified for element 403.
2025-11-16 14:53:31,832 [DEBUG]: Logging verified for element 404.
2025-11-16 14:53:31,833 [DEBUG]: Logging verified for element 405.
2025-11-16 14:53:31,834 [DEBUG]: Logging verified for element 406.
2025-11-16 14:53:31,835 [DEBUG]: Logging verified for element 407.
2025-11-16 14:53:31,835 [DEBUG]: Logging verified for element 408.
2025-11-16 14:53:31,836 [DEBUG]: Logging verified for element 409.
2025-11-16 14:53:31,836 [DEBUG]: Logging verified for element 410.
2025-11-16 14:53:31,837 [DEBUG]: Logging verified for element 411.
2025-11-16 14:53:31,837 [DEBUG]: Logging verified for element 412.
2025-11-16 14:53:31,838 [DEBUG]: Logging verified for element 413.
2025-11-16 14:53:31,838 [DEBUG]: Logging verified for element 414.
2025-11-16 14:53:31,838 [DEBUG]: Logging verified for element 415.
2025-11-16 14:53:31,838 [DEBUG]: Logging verified for element 416.
2025-11-16 14:53:31,838 [DEBUG]: Logging verified for element 417.
2025-11-16 14:53:31,840 [DEBUG]: Logging verified for element 418.
2025-11-16 14:53:31,840 [DEBUG]: Logging verified for element 419.
2025-11-16 14:53:31,840 [DEBUG]: Logging verified for element 420.
2025-11-16 14:53:31,840 [DEBUG]: Logging verified for element 421.
2025-11-16 14:53:31,842 [DEBUG]: Logging verified for element 422.
2025-11-16 14:53:31,842 [DEBUG]: Logging verified for element 423.
2025-11-16 14:53:31,842 [DEBUG]: Logging verified for element 424.
2025-11-16 14:53:31,843 [DEBUG]: Logging verified for element 425.
2025-11-16 14:53:31,843 [DEBUG]: Logging verified for element 426.
2025-11-16 14:53:31,844 [DEBUG]: Logging verified for element 427.
2025-11-16 14:53:31,845 [DEBUG]: Logging verified for element 428.
2025-11-16 14:53:31,845 [DEBUG]: Logging verified for element 429.
2025-11-16 14:53:31,846 [DEBUG]: Logging verified for element 430.
2025-11-16 14:53:31,846 [DEBUG]: Logging verified for element 431.
2025-11-16 14:53:31,847 [DEBUG]: Logging verified for element 432.
2025-11-16 14:53:31,847 [DEBUG]: Logging verified for element 433.
2025-11-16 14:53:31,848 [DEBUG]: Logging verified for element 434.
2025-11-16 14:53:31,848 [DEBUG]: Logging verified for element 435.
2025-11-16 14:53:31,849 [DEBUG]: Logging verified for element 436.
2025-11-16 14:53:31,849 [DEBUG]: Logging verified for element 437.
2025-11-16 14:53:31,850 [DEBUG]: Logging verified for element 438.
2025-11-16 14:53:31,850 [DEBUG]: Logging verified for element 439.
2025-11-16 14:53:31,851 [DEBUG]: Logging verified for element 440.
2025-11-16 14:53:31,851 [DEBUG]: Logging verified for element 441.
2025-11-16 14:53:31,852 [DEBUG]: Logging verified for element 442.
2025-11-16 14:53:31,852 [DEBUG]: Logging verified for element 443.
2025-11-16 14:53:31,853 [DEBUG]: Logging verified for element 444.
2025-11-16 14:53:31,854 [DEBUG]: Logging verified for element 445.
2025-11-16 14:53:31,854 [DEBUG]: Logging verified for element 446.
2025-11-16 14:53:31,854 [DEBUG]: Logging verified for element 447.
2025-11-16 14:53:31,855 [DEBUG]: Logging verified for element 448.
2025-11-16 14:53:31,855 [DEBUG]: Logging verified for element 449.
2025-11-16 14:53:31,856 [DEBUG]: Logging verified for element 450.
2025-11-16 14:53:31,856 [DEBUG]: Logging verified for element 451.
2025-11-16 14:53:31,857 [DEBUG]: Logging verified for element 452.
2025-11-16 14:53:31,857 [DEBUG]: Logging verified for element 453.
2025-11-16 14:53:31,857 [DEBUG]: Logging verified for element 454.
2025-11-16 14:53:31,859 [DEBUG]: Logging verified for element 455.
2025-11-16 14:53:31,859 [DEBUG]: Logging verified for element 456.
2025-11-16 14:53:31,860 [DEBUG]: Logging verified for element 457.
2025-11-16 14:53:31,860 [DEBUG]: Logging verified for element 458.
2025-11-16 14:53:31,860 [DEBUG]: Logging verified for element 459.
2025-11-16 14:53:31,861 [DEBUG]: Logging verified for element 460.
2025-11-16 14:53:31,862 [DEBUG]: Logging verified for element 461.
2025-11-16 14:53:31,862 [DEBUG]: Logging verified for element 462.
2025-11-16 14:53:31,863 [DEBUG]: Logging verified for element 463.
2025-11-16 14:53:31,863 [DEBUG]: Logging verified for element 464.
2025-11-16 14:53:31,864 [DEBUG]: Logging verified for element 465.
2025-11-16 14:53:31,864 [DEBUG]: Logging verified for element 466.
2025-11-16 14:53:31,864 [DEBUG]: Logging verified for element 467.
2025-11-16 14:53:31,865 [DEBUG]: Logging verified for element 468.
2025-11-16 14:53:31,866 [DEBUG]: Logging verified for element 469.
2025-11-16 14:53:31,866 [DEBUG]: Logging verified for element 470.
2025-11-16 14:53:31,867 [DEBUG]: Logging verified for element 471.
2025-11-16 14:53:31,867 [DEBUG]: Logging verified for element 472.
2025-11-16 14:53:31,868 [DEBUG]: Logging verified for element 473.
2025-11-16 14:53:31,869 [DEBUG]: Logging verified for element 474.
2025-11-16 14:53:31,869 [DEBUG]: Logging verified for element 475.
2025-11-16 14:53:31,869 [DEBUG]: Logging verified for element 476.
2025-11-16 14:53:31,870 [DEBUG]: Logging verified for element 477.
2025-11-16 14:53:31,870 [DEBUG]: Logging verified for element 478.
2025-11-16 14:53:31,871 [DEBUG]: Logging verified for element 479.
2025-11-16 14:53:31,872 [DEBUG]: Logging verified for element 480.
2025-11-16 14:53:31,872 [DEBUG]: Logging verified for element 481.
2025-11-16 14:53:31,872 [DEBUG]: Logging verified for element 482.
2025-11-16 14:53:31,872 [DEBUG]: Logging verified for element 483.
2025-11-16 14:53:31,872 [DEBUG]: Logging verified for element 484.
2025-11-16 14:53:31,874 [DEBUG]: Logging verified for element 485.
2025-11-16 14:53:31,874 [DEBUG]: Logging verified for element 486.
2025-11-16 14:53:31,875 [DEBUG]: Logging verified for element 487.
2025-11-16 14:53:31,875 [DEBUG]: Logging verified for element 488.
2025-11-16 14:53:31,876 [DEBUG]: Logging verified for element 489.
2025-11-16 14:53:31,876 [DEBUG]: Logging verified for element 490.
2025-11-16 14:53:31,876 [DEBUG]: Logging verified for element 491.
2025-11-16 14:53:31,877 [DEBUG]: Logging verified for element 492.
2025-11-16 14:53:31,878 [DEBUG]: Logging verified for element 493.
2025-11-16 14:53:31,878 [DEBUG]: Logging verified for element 494.
2025-11-16 14:53:31,879 [DEBUG]: Logging verified for element 495.
2025-11-16 14:53:31,879 [DEBUG]: Logging verified for element 496.
2025-11-16 14:53:31,880 [DEBUG]: Logging verified for element 497.
2025-11-16 14:53:31,880 [DEBUG]: Logging verified for element 498.
2025-11-16 14:53:31,880 [DEBUG]: Logging verified for element 499.
2025-11-16 14:53:31,880 [INFO]: ✅ Batch element creation complete.
