Machine Specifications:
   - OS: Windows 11 (10.0.26100)
       • Logical cores: 20
       • Physical cores: 12
   - RAM: 31.24 GB
   - Disk: 943.72 GB total, 503.97 GB free
   - Python Version: 3.12.5 (C:\Users\s1834431\AppData\Local\Programs\Python\Python312\python.exe)
   - GPU(s): Intel(R) UHD Graphics 770

Job: job_0001
Timestamp (job start): 2025-11-15_15-10-51-566226
Total Time: 36.24 sec

+-------------------------------+-------------+---------------+-------------+-----------+
| Step                          |    Time (s) |   Memory (MB) |   Disk (GB) |   CPU (%) |
+===============================+=============+===============+=============+===========+
| Parsing                       |  0.00153947 |       66.6797 |     439.628 |         0 |
+-------------------------------+-------------+---------------+-------------+-----------+
| Element Instantiation         |  0.867508   |       99.668  |     439.63  |         0 |
+-------------------------------+-------------+---------------+-------------+-----------+
| Element Stiffness Computation |  1.66478    |      100.008  |     439.643 |         0 |
+-------------------------------+-------------+---------------+-------------+-----------+
| Element Force Computation     |  0.152077   |      100.059  |     439.646 |         0 |
+-------------------------------+-------------+---------------+-------------+-----------+
| Full Simulation               | 32.935      |      128.703  |     439.744 |         0 |
+-------------------------------+-------------+---------------+-------------+-----------+

Parallel Jobs: None
Start Memory: 66.32 MB | End Memory: 128.70 MB
Start Disk Usage: 439.63 GB | End Disk Usage: 439.74 GB
Start CPU: 0.00% | End CPU: 0.00%
