--------------------------------------------------------------------------
Machine specifications – written 2026-02-26 16:18:03.562589
OS          : Windows 11 (10.0.26100)
CPU         : 12th Gen Intel(R) Core(TM) i7-12700
   logical  : 20
   physical : 12
RAM         : 31.24 GB
Disk        : 943.72 GB total  /  2.53 GB free
Python      : 3.12.5  (C:\Users\s1834431\AppData\Local\Programs\Python\Python312\python.exe)
GPU(s)      : Intel(R) UHD Graphics 770
--------------------------------------------------------------------------

Runtime telemetry header written → C:\Users\s1834431\Programs\fem_model\post_processing\results\job_0005_n4_2026-02-26_16-18-01-498609_pid18316_c7281563\diagnostics\RuntimeMonitorTelemetry.log
2026-02-26 16:18:03 │ PrepareLocalSystem BEGIN   │ Δt  0.00 s │ RAM   134.9 MB │ CPU  24.7 % │ Disk  941.2 GB
2026-02-26 16:18:04 │ PrepareLocalSystem END     │ Δt  0.20 s │ RAM   134.9 MB │ CPU  31.1 % │ Disk  941.2 GB
2026-02-26 16:18:04 │ AssembleGlobalSystem BEGIN │ Δt  0.20 s │ RAM   134.9 MB │ CPU  26.0 % │ Disk  941.2 GB
2026-02-26 16:18:04 │ AssembleGlobalSystem END   │ Δt  0.21 s │ RAM   134.9 MB │ CPU  12.8 % │ Disk  941.2 GB
2026-02-26 16:18:04 │ ModifyGlobalSystem BEGIN   │ Δt  0.20 s │ RAM   134.9 MB │ CPU  12.4 % │ Disk  941.2 GB
2026-02-26 16:18:04 │ ModifyGlobalSystem END     │ Δt  0.21 s │ RAM   134.9 MB │ CPU  17.7 % │ Disk  941.2 GB
2026-02-26 16:18:05 │ CondenseModifiedSystem BEGIN │ Δt  0.20 s │ RAM   134.9 MB │ CPU  12.7 % │ Disk  941.2 GB
2026-02-26 16:18:05 │ CondenseModifiedSystem END │ Δt  0.21 s │ RAM   135.0 MB │ CPU  13.8 % │ Disk  941.2 GB
2026-02-26 16:18:05 │ SolveCondensedSystem BEGIN │ Δt  0.20 s │ RAM   135.0 MB │ CPU  12.4 % │ Disk  941.2 GB
2026-02-26 16:18:05 │ SolveCondensedSystem END   │ Δt  0.20 s │ RAM   135.0 MB │ CPU  11.8 % │ Disk  941.2 GB
2026-02-26 16:18:05 │ ReconstructGlobalSystem BEGIN │ Δt  0.20 s │ RAM   135.0 MB │ CPU   9.7 % │ Disk  941.2 GB
2026-02-26 16:18:06 │ ReconstructGlobalSystem END │ Δt  0.20 s │ RAM   135.0 MB │ CPU   8.1 % │ Disk  941.2 GB
2026-02-26 16:18:06 │ ComputePrimaryResults BEGIN │ Δt  0.20 s │ RAM   135.0 MB │ CPU   4.7 % │ Disk  941.2 GB
2026-02-26 16:18:06 │ ComputePrimaryResults END  │ Δt  0.24 s │ RAM   135.0 MB │ CPU  11.5 % │ Disk  941.2 GB
2026-02-26 16:18:06 │ SaveFormulationCache BEGIN │ Δt  0.20 s │ RAM   135.0 MB │ CPU   6.8 % │ Disk  941.2 GB
2026-02-26 16:18:06 │ SaveFormulationCache END   │ Δt  0.23 s │ RAM   135.0 MB │ CPU  73.1 % │ Disk  941.2 GB
2026-02-26 16:18:07 │ ComputeSecondaryResults BEGIN │ Δt  0.20 s │ RAM   135.0 MB │ CPU  13.1 % │ Disk  941.2 GB
2026-02-26 16:18:07 │ ComputeSecondaryResults END │ Δt  0.22 s │ RAM   135.0 MB │ CPU  13.5 % │ Disk  941.2 GB
2026-02-26 16:18:07 │ ComputeTertiaryResults BEGIN │ Δt  0.20 s │ RAM   135.0 MB │ CPU  34.8 % │ Disk  941.2 GB
2026-02-26 16:18:07 │ ComputeTertiaryResults END │ Δt  0.22 s │ RAM   135.0 MB │ CPU  15.2 % │ Disk  941.2 GB
