Machine Specifications:
   - OS: Windows 11 (10.0.26100)
       • Logical cores: 20
       • Physical cores: 12
   - RAM: 31.24 GB
   - Disk: 943.72 GB total, 2.48 GB free
   - Python Version: 3.12.5 (C:\Users\s1834431\AppData\Local\Programs\Python\Python312\python.exe)
   - GPU(s): Intel(R) UHD Graphics 770

Job: job_0010_n128
Timestamp (job start): 2026-02-26_16-19-30-569524
Total Time: 11.71 sec

+-------------------------------+------------+---------------+-------------+-----------+
| Step                          |   Time (s) |   Memory (MB) |   Disk (GB) |   CPU (%) |
+===============================+============+===============+=============+===========+
| Parsing                       |   0        |       136.863 |     941.231 |         0 |
+-------------------------------+------------+---------------+-------------+-----------+
| Element Instantiation         |   0.700306 |       136.867 |     941.231 |         0 |
+-------------------------------+------------+---------------+-------------+-----------+
| Element Stiffness Computation |   0.789805 |       136.906 |     941.233 |         0 |
+-------------------------------+------------+---------------+-------------+-----------+
| Element Force Computation     |   0.686091 |       136.906 |     941.234 |         0 |
+-------------------------------+------------+---------------+-------------+-----------+
| Full Simulation               |   8.91548  |       136.574 |     941.238 |         0 |
+-------------------------------+------------+---------------+-------------+-----------+

Parallel Jobs: None
Start Memory: 136.86 MB | End Memory: 136.57 MB
Start Disk Usage: 941.23 GB | End Disk Usage: 941.24 GB
Start CPU: 0.00% | End CPU: 0.00%
