2026-02-26 16:19:26,904 [DEBUG] 📁 Log file: c:\Users\s1834431\Programs\fem_model\post_processing\results\job_0010_n128_2026-02-26_16-19-18-644170_pid18316_89a26e72\logs\SolveCondensedSystem.log (Module: solver, Line: 249)
2026-02-26 16:19:26,904 [DEBUG] Row/column scaling applied. (Module: solver, Line: 164)
2026-02-26 16:19:26,904 [DEBUG] Building ILU (drop_tol=1e-06, fill_factor=1.0) (Module: solver, Line: 77)
2026-02-26 16:19:26,908 [DEBUG] ILU fill-ratio = 1.07 (Module: solver, Line: 82)
2026-02-26 16:19:26,908 [INFO] Solver parameters • solver='cg', prec='auto', K nnz=3312, dofs=768 (Module: solver, Line: 181)
2026-02-26 16:19:26,908 [INFO] Condensed condition estimate: 1.01e+00 (Module: solver, Line: 187)
2026-02-26 16:19:26,908 [DEBUG] Iter   10 | residual 1.859e-02 (Module: solver, Line: 328)
2026-02-26 16:19:26,908 [DEBUG] Iter   20 | residual 1.842e-02 (Module: solver, Line: 328)
2026-02-26 16:19:26,908 [DEBUG] Iter   30 | residual 1.644e-02 (Module: solver, Line: 328)
2026-02-26 16:19:26,908 [DEBUG] Iter   40 | residual 1.522e-02 (Module: solver, Line: 328)
2026-02-26 16:19:26,908 [DEBUG] Iter   50 | residual 1.435e-02 (Module: solver, Line: 328)
2026-02-26 16:19:26,914 [DEBUG] Iter   60 | residual 1.369e-02 (Module: solver, Line: 328)
2026-02-26 16:19:26,914 [DEBUG] Iter   70 | residual 1.316e-02 (Module: solver, Line: 328)
2026-02-26 16:19:26,914 [DEBUG] Iter   80 | residual 1.273e-02 (Module: solver, Line: 328)
2026-02-26 16:19:26,914 [DEBUG] Iter   90 | residual 1.238e-02 (Module: solver, Line: 328)
2026-02-26 16:19:26,914 [DEBUG] Iter  100 | residual 1.210e-02 (Module: solver, Line: 328)
2026-02-26 16:19:26,914 [DEBUG] Iter  110 | residual 1.188e-02 (Module: solver, Line: 328)
2026-02-26 16:19:26,914 [DEBUG] Iter  120 | residual 1.172e-02 (Module: solver, Line: 328)
2026-02-26 16:19:26,914 [DEBUG] Iter  130 | residual 1.162e-02 (Module: solver, Line: 328)
2026-02-26 16:19:26,914 [DEBUG] Iter  140 | residual 1.156e-02 (Module: solver, Line: 328)
2026-02-26 16:19:26,914 [DEBUG] Iter  150 | residual 1.156e-02 (Module: solver, Line: 328)
2026-02-26 16:19:26,914 [DEBUG] Iter  160 | residual 1.160e-02 (Module: solver, Line: 328)
2026-02-26 16:19:26,914 [DEBUG] Iter  170 | residual 1.168e-02 (Module: solver, Line: 328)
2026-02-26 16:19:26,914 [DEBUG] Iter  180 | residual 1.181e-02 (Module: solver, Line: 328)
2026-02-26 16:19:26,914 [DEBUG] Iter  190 | residual 1.197e-02 (Module: solver, Line: 328)
2026-02-26 16:19:26,925 [DEBUG] Iter  200 | residual 1.216e-02 (Module: solver, Line: 328)
2026-02-26 16:19:26,925 [DEBUG] Iter  210 | residual 1.238e-02 (Module: solver, Line: 328)
2026-02-26 16:19:26,925 [DEBUG] Iter  220 | residual 1.263e-02 (Module: solver, Line: 328)
2026-02-26 16:19:26,925 [DEBUG] Iter  230 | residual 1.290e-02 (Module: solver, Line: 328)
2026-02-26 16:19:26,925 [DEBUG] Iter  240 | residual 1.319e-02 (Module: solver, Line: 328)
2026-02-26 16:19:26,925 [DEBUG] Iter  250 | residual 1.350e-02 (Module: solver, Line: 328)
2026-02-26 16:19:26,925 [DEBUG] Iter  260 | residual 1.382e-02 (Module: solver, Line: 328)
2026-02-26 16:19:26,925 [DEBUG] Iter  270 | residual 1.415e-02 (Module: solver, Line: 328)
2026-02-26 16:19:26,925 [DEBUG] Iter  280 | residual 1.449e-02 (Module: solver, Line: 328)
2026-02-26 16:19:26,925 [DEBUG] Iter  290 | residual 1.483e-02 (Module: solver, Line: 328)
2026-02-26 16:19:26,925 [DEBUG] Iter  300 | residual 1.518e-02 (Module: solver, Line: 328)
2026-02-26 16:19:26,925 [DEBUG] Iter  310 | residual 1.554e-02 (Module: solver, Line: 328)
2026-02-26 16:19:26,925 [DEBUG] Iter  320 | residual 1.589e-02 (Module: solver, Line: 328)
2026-02-26 16:19:26,925 [DEBUG] Iter  330 | residual 1.624e-02 (Module: solver, Line: 328)
2026-02-26 16:19:26,925 [DEBUG] Iter  340 | residual 1.659e-02 (Module: solver, Line: 328)
2026-02-26 16:19:26,925 [DEBUG] Iter  350 | residual 1.694e-02 (Module: solver, Line: 328)
2026-02-26 16:19:26,925 [DEBUG] Iter  360 | residual 1.728e-02 (Module: solver, Line: 328)
2026-02-26 16:19:26,925 [DEBUG] Iter  370 | residual 1.762e-02 (Module: solver, Line: 328)
2026-02-26 16:19:26,925 [DEBUG] Iter  380 | residual 1.795e-02 (Module: solver, Line: 328)
2026-02-26 16:19:26,925 [DEBUG] Iter  390 | residual 1.828e-02 (Module: solver, Line: 328)
2026-02-26 16:19:26,925 [DEBUG] Iter  400 | residual 1.860e-02 (Module: solver, Line: 328)
2026-02-26 16:19:26,925 [DEBUG] Iter  410 | residual 1.891e-02 (Module: solver, Line: 328)
2026-02-26 16:19:26,925 [DEBUG] Iter  420 | residual 1.922e-02 (Module: solver, Line: 328)
2026-02-26 16:19:26,941 [DEBUG] Iter  430 | residual 1.952e-02 (Module: solver, Line: 328)
2026-02-26 16:19:26,941 [DEBUG] Iter  440 | residual 1.981e-02 (Module: solver, Line: 328)
2026-02-26 16:19:26,942 [DEBUG] Iter  450 | residual 2.009e-02 (Module: solver, Line: 328)
2026-02-26 16:19:26,943 [DEBUG] Iter  460 | residual 2.037e-02 (Module: solver, Line: 328)
2026-02-26 16:19:26,943 [DEBUG] Iter  470 | residual 2.064e-02 (Module: solver, Line: 328)
2026-02-26 16:19:26,944 [DEBUG] Iter  480 | residual 2.089e-02 (Module: solver, Line: 328)
2026-02-26 16:19:26,945 [DEBUG] Iter  490 | residual 2.114e-02 (Module: solver, Line: 328)
2026-02-26 16:19:26,945 [DEBUG] Iter  500 | residual 2.139e-02 (Module: solver, Line: 328)
2026-02-26 16:19:26,946 [DEBUG] Iter  510 | residual 2.162e-02 (Module: solver, Line: 328)
2026-02-26 16:19:26,946 [DEBUG] Iter  520 | residual 2.185e-02 (Module: solver, Line: 328)
2026-02-26 16:19:26,948 [DEBUG] Iter  530 | residual 2.206e-02 (Module: solver, Line: 328)
2026-02-26 16:19:26,949 [DEBUG] Iter  540 | residual 2.228e-02 (Module: solver, Line: 328)
2026-02-26 16:19:26,949 [DEBUG] Iter  550 | residual 2.248e-02 (Module: solver, Line: 328)
2026-02-26 16:19:26,950 [DEBUG] Iter  560 | residual 2.267e-02 (Module: solver, Line: 328)
2026-02-26 16:19:26,951 [DEBUG] Iter  570 | residual 2.286e-02 (Module: solver, Line: 328)
2026-02-26 16:19:26,951 [DEBUG] Iter  580 | residual 2.304e-02 (Module: solver, Line: 328)
2026-02-26 16:19:26,952 [DEBUG] Iter  590 | residual 2.322e-02 (Module: solver, Line: 328)
2026-02-26 16:19:26,953 [DEBUG] Iter  600 | residual 2.339e-02 (Module: solver, Line: 328)
2026-02-26 16:19:26,953 [DEBUG] Iter  610 | residual 2.355e-02 (Module: solver, Line: 328)
2026-02-26 16:19:26,954 [DEBUG] Iter  620 | residual 2.370e-02 (Module: solver, Line: 328)
2026-02-26 16:19:26,955 [DEBUG] Iter  630 | residual 2.385e-02 (Module: solver, Line: 328)
2026-02-26 16:19:26,956 [DEBUG] Iter  640 | residual 2.400e-02 (Module: solver, Line: 328)
2026-02-26 16:19:26,956 [DEBUG] Iter  650 | residual 2.413e-02 (Module: solver, Line: 328)
2026-02-26 16:19:26,957 [DEBUG] Iter  660 | residual 2.427e-02 (Module: solver, Line: 328)
2026-02-26 16:19:26,957 [DEBUG] Iter  670 | residual 2.439e-02 (Module: solver, Line: 328)
2026-02-26 16:19:26,957 [DEBUG] Iter  680 | residual 2.451e-02 (Module: solver, Line: 328)
2026-02-26 16:19:26,957 [DEBUG] Iter  690 | residual 2.463e-02 (Module: solver, Line: 328)
2026-02-26 16:19:26,957 [DEBUG] Iter  700 | residual 2.474e-02 (Module: solver, Line: 328)
2026-02-26 16:19:26,957 [DEBUG] Iter  710 | residual 2.485e-02 (Module: solver, Line: 328)
2026-02-26 16:19:26,957 [DEBUG] Iter  720 | residual 2.495e-02 (Module: solver, Line: 328)
2026-02-26 16:19:26,957 [DEBUG] Iter  730 | residual 2.505e-02 (Module: solver, Line: 328)
2026-02-26 16:19:26,957 [DEBUG] Iter  740 | residual 2.515e-02 (Module: solver, Line: 328)
2026-02-26 16:19:26,957 [DEBUG] Iter  750 | residual 2.524e-02 (Module: solver, Line: 328)
2026-02-26 16:19:26,957 [DEBUG] Iter  760 | residual 2.532e-02 (Module: solver, Line: 328)
2026-02-26 16:19:26,957 [DEBUG] Iter  770 | residual 2.541e-02 (Module: solver, Line: 328)
2026-02-26 16:19:26,966 [DEBUG] Iter  780 | residual 2.549e-02 (Module: solver, Line: 328)
2026-02-26 16:19:26,966 [DEBUG] Iter  790 | residual 2.556e-02 (Module: solver, Line: 328)
2026-02-26 16:19:26,966 [DEBUG] Iter  800 | residual 2.564e-02 (Module: solver, Line: 328)
2026-02-26 16:19:26,966 [DEBUG] Iter  810 | residual 2.571e-02 (Module: solver, Line: 328)
2026-02-26 16:19:26,966 [DEBUG] Iter  820 | residual 2.577e-02 (Module: solver, Line: 328)
2026-02-26 16:19:26,966 [DEBUG] Iter  830 | residual 2.584e-02 (Module: solver, Line: 328)
2026-02-26 16:19:26,966 [DEBUG] Iter  840 | residual 2.590e-02 (Module: solver, Line: 328)
2026-02-26 16:19:26,966 [DEBUG] Iter  850 | residual 2.596e-02 (Module: solver, Line: 328)
2026-02-26 16:19:26,966 [DEBUG] Iter  860 | residual 2.602e-02 (Module: solver, Line: 328)
2026-02-26 16:19:26,971 [DEBUG] Iter  870 | residual 2.607e-02 (Module: solver, Line: 328)
2026-02-26 16:19:26,971 [DEBUG] Iter  880 | residual 2.612e-02 (Module: solver, Line: 328)
2026-02-26 16:19:26,971 [DEBUG] Iter  890 | residual 2.617e-02 (Module: solver, Line: 328)
2026-02-26 16:19:26,971 [DEBUG] Iter  900 | residual 2.622e-02 (Module: solver, Line: 328)
2026-02-26 16:19:26,974 [DEBUG] Iter  910 | residual 2.627e-02 (Module: solver, Line: 328)
2026-02-26 16:19:26,975 [DEBUG] Iter  920 | residual 2.631e-02 (Module: solver, Line: 328)
2026-02-26 16:19:26,975 [DEBUG] Iter  930 | residual 2.635e-02 (Module: solver, Line: 328)
2026-02-26 16:19:26,975 [DEBUG] Iter  940 | residual 2.639e-02 (Module: solver, Line: 328)
2026-02-26 16:19:26,975 [DEBUG] Iter  950 | residual 2.643e-02 (Module: solver, Line: 328)
2026-02-26 16:19:26,975 [DEBUG] Iter  960 | residual 2.647e-02 (Module: solver, Line: 328)
2026-02-26 16:19:26,975 [DEBUG] Iter  970 | residual 2.650e-02 (Module: solver, Line: 328)
2026-02-26 16:19:26,975 [DEBUG] Iter  980 | residual 2.654e-02 (Module: solver, Line: 328)
2026-02-26 16:19:26,975 [DEBUG] Iter  990 | residual 2.657e-02 (Module: solver, Line: 328)
2026-02-26 16:19:26,975 [DEBUG] Iter 1000 | residual 2.660e-02 (Module: solver, Line: 328)
2026-02-26 16:19:26,975 [WARNING] Solver info=1000 (not converged). (Module: solver, Line: 344)
2026-02-26 16:19:26,975 [INFO] Retrying with ILU preconditioner … (Module: solver, Line: 351)
2026-02-26 16:19:26,975 [DEBUG] Building ILU (drop_tol=1e-06, fill_factor=1.0) (Module: solver, Line: 77)
2026-02-26 16:19:26,975 [DEBUG] ILU fill-ratio = 1.07 (Module: solver, Line: 82)
2026-02-26 16:19:26,975 [DEBUG] Iter 1010 | residual 1.859e-02 (Module: solver, Line: 328)
2026-02-26 16:19:26,975 [DEBUG] Iter 1020 | residual 1.842e-02 (Module: solver, Line: 328)
2026-02-26 16:19:26,975 [DEBUG] Iter 1030 | residual 1.644e-02 (Module: solver, Line: 328)
2026-02-26 16:19:26,975 [DEBUG] Iter 1040 | residual 1.522e-02 (Module: solver, Line: 328)
2026-02-26 16:19:26,975 [DEBUG] Iter 1050 | residual 1.435e-02 (Module: solver, Line: 328)
2026-02-26 16:19:26,975 [DEBUG] Iter 1060 | residual 1.369e-02 (Module: solver, Line: 328)
2026-02-26 16:19:26,975 [DEBUG] Iter 1070 | residual 1.316e-02 (Module: solver, Line: 328)
2026-02-26 16:19:26,975 [DEBUG] Iter 1080 | residual 1.273e-02 (Module: solver, Line: 328)
2026-02-26 16:19:26,975 [DEBUG] Iter 1090 | residual 1.238e-02 (Module: solver, Line: 328)
2026-02-26 16:19:26,975 [DEBUG] Iter 1100 | residual 1.210e-02 (Module: solver, Line: 328)
2026-02-26 16:19:26,975 [DEBUG] Iter 1110 | residual 1.188e-02 (Module: solver, Line: 328)
2026-02-26 16:19:26,990 [DEBUG] Iter 1120 | residual 1.172e-02 (Module: solver, Line: 328)
2026-02-26 16:19:26,990 [DEBUG] Iter 1130 | residual 1.162e-02 (Module: solver, Line: 328)
2026-02-26 16:19:26,991 [DEBUG] Iter 1140 | residual 1.156e-02 (Module: solver, Line: 328)
2026-02-26 16:19:26,992 [DEBUG] Iter 1150 | residual 1.156e-02 (Module: solver, Line: 328)
2026-02-26 16:19:26,992 [DEBUG] Iter 1160 | residual 1.160e-02 (Module: solver, Line: 328)
2026-02-26 16:19:26,994 [DEBUG] Iter 1170 | residual 1.168e-02 (Module: solver, Line: 328)
2026-02-26 16:19:26,994 [DEBUG] Iter 1180 | residual 1.181e-02 (Module: solver, Line: 328)
2026-02-26 16:19:26,995 [DEBUG] Iter 1190 | residual 1.197e-02 (Module: solver, Line: 328)
2026-02-26 16:19:26,996 [DEBUG] Iter 1200 | residual 1.216e-02 (Module: solver, Line: 328)
2026-02-26 16:19:26,996 [DEBUG] Iter 1210 | residual 1.238e-02 (Module: solver, Line: 328)
2026-02-26 16:19:26,997 [DEBUG] Iter 1220 | residual 1.263e-02 (Module: solver, Line: 328)
2026-02-26 16:19:26,997 [DEBUG] Iter 1230 | residual 1.290e-02 (Module: solver, Line: 328)
2026-02-26 16:19:26,997 [DEBUG] Iter 1240 | residual 1.319e-02 (Module: solver, Line: 328)
2026-02-26 16:19:26,997 [DEBUG] Iter 1250 | residual 1.350e-02 (Module: solver, Line: 328)
2026-02-26 16:19:26,997 [DEBUG] Iter 1260 | residual 1.382e-02 (Module: solver, Line: 328)
2026-02-26 16:19:26,997 [DEBUG] Iter 1270 | residual 1.415e-02 (Module: solver, Line: 328)
2026-02-26 16:19:26,997 [DEBUG] Iter 1280 | residual 1.449e-02 (Module: solver, Line: 328)
2026-02-26 16:19:26,997 [DEBUG] Iter 1290 | residual 1.483e-02 (Module: solver, Line: 328)
2026-02-26 16:19:26,997 [DEBUG] Iter 1300 | residual 1.518e-02 (Module: solver, Line: 328)
2026-02-26 16:19:26,997 [DEBUG] Iter 1310 | residual 1.554e-02 (Module: solver, Line: 328)
2026-02-26 16:19:26,997 [DEBUG] Iter 1320 | residual 1.589e-02 (Module: solver, Line: 328)
2026-02-26 16:19:26,997 [DEBUG] Iter 1330 | residual 1.624e-02 (Module: solver, Line: 328)
2026-02-26 16:19:26,997 [DEBUG] Iter 1340 | residual 1.659e-02 (Module: solver, Line: 328)
2026-02-26 16:19:26,997 [DEBUG] Iter 1350 | residual 1.694e-02 (Module: solver, Line: 328)
2026-02-26 16:19:26,997 [DEBUG] Iter 1360 | residual 1.728e-02 (Module: solver, Line: 328)
2026-02-26 16:19:26,997 [DEBUG] Iter 1370 | residual 1.762e-02 (Module: solver, Line: 328)
2026-02-26 16:19:27,008 [DEBUG] Iter 1380 | residual 1.795e-02 (Module: solver, Line: 328)
2026-02-26 16:19:27,009 [DEBUG] Iter 1390 | residual 1.828e-02 (Module: solver, Line: 328)
2026-02-26 16:19:27,009 [DEBUG] Iter 1400 | residual 1.860e-02 (Module: solver, Line: 328)
2026-02-26 16:19:27,010 [DEBUG] Iter 1410 | residual 1.891e-02 (Module: solver, Line: 328)
2026-02-26 16:19:27,011 [DEBUG] Iter 1420 | residual 1.922e-02 (Module: solver, Line: 328)
2026-02-26 16:19:27,011 [DEBUG] Iter 1430 | residual 1.952e-02 (Module: solver, Line: 328)
2026-02-26 16:19:27,012 [DEBUG] Iter 1440 | residual 1.981e-02 (Module: solver, Line: 328)
2026-02-26 16:19:27,013 [DEBUG] Iter 1450 | residual 2.009e-02 (Module: solver, Line: 328)
2026-02-26 16:19:27,013 [DEBUG] Iter 1460 | residual 2.037e-02 (Module: solver, Line: 328)
2026-02-26 16:19:27,014 [DEBUG] Iter 1470 | residual 2.064e-02 (Module: solver, Line: 328)
2026-02-26 16:19:27,014 [DEBUG] Iter 1480 | residual 2.089e-02 (Module: solver, Line: 328)
2026-02-26 16:19:27,015 [DEBUG] Iter 1490 | residual 2.114e-02 (Module: solver, Line: 328)
2026-02-26 16:19:27,016 [DEBUG] Iter 1500 | residual 2.139e-02 (Module: solver, Line: 328)
2026-02-26 16:19:27,016 [DEBUG] Iter 1510 | residual 2.162e-02 (Module: solver, Line: 328)
2026-02-26 16:19:27,017 [DEBUG] Iter 1520 | residual 2.185e-02 (Module: solver, Line: 328)
2026-02-26 16:19:27,017 [DEBUG] Iter 1530 | residual 2.206e-02 (Module: solver, Line: 328)
2026-02-26 16:19:27,018 [DEBUG] Iter 1540 | residual 2.228e-02 (Module: solver, Line: 328)
2026-02-26 16:19:27,019 [DEBUG] Iter 1550 | residual 2.248e-02 (Module: solver, Line: 328)
2026-02-26 16:19:27,019 [DEBUG] Iter 1560 | residual 2.267e-02 (Module: solver, Line: 328)
2026-02-26 16:19:27,020 [DEBUG] Iter 1570 | residual 2.286e-02 (Module: solver, Line: 328)
2026-02-26 16:19:27,020 [DEBUG] Iter 1580 | residual 2.304e-02 (Module: solver, Line: 328)
2026-02-26 16:19:27,021 [DEBUG] Iter 1590 | residual 2.322e-02 (Module: solver, Line: 328)
2026-02-26 16:19:27,022 [DEBUG] Iter 1600 | residual 2.339e-02 (Module: solver, Line: 328)
2026-02-26 16:19:27,022 [DEBUG] Iter 1610 | residual 2.355e-02 (Module: solver, Line: 328)
2026-02-26 16:19:27,023 [DEBUG] Iter 1620 | residual 2.370e-02 (Module: solver, Line: 328)
2026-02-26 16:19:27,024 [DEBUG] Iter 1630 | residual 2.385e-02 (Module: solver, Line: 328)
2026-02-26 16:19:27,024 [DEBUG] Iter 1640 | residual 2.400e-02 (Module: solver, Line: 328)
2026-02-26 16:19:27,025 [DEBUG] Iter 1650 | residual 2.413e-02 (Module: solver, Line: 328)
2026-02-26 16:19:27,026 [DEBUG] Iter 1660 | residual 2.427e-02 (Module: solver, Line: 328)
2026-02-26 16:19:27,026 [DEBUG] Iter 1670 | residual 2.439e-02 (Module: solver, Line: 328)
2026-02-26 16:19:27,026 [DEBUG] Iter 1680 | residual 2.451e-02 (Module: solver, Line: 328)
2026-02-26 16:19:27,026 [DEBUG] Iter 1690 | residual 2.463e-02 (Module: solver, Line: 328)
2026-02-26 16:19:27,026 [DEBUG] Iter 1700 | residual 2.474e-02 (Module: solver, Line: 328)
2026-02-26 16:19:27,026 [DEBUG] Iter 1710 | residual 2.485e-02 (Module: solver, Line: 328)
2026-02-26 16:19:27,026 [DEBUG] Iter 1720 | residual 2.495e-02 (Module: solver, Line: 328)
2026-02-26 16:19:27,026 [DEBUG] Iter 1730 | residual 2.505e-02 (Module: solver, Line: 328)
2026-02-26 16:19:27,026 [DEBUG] Iter 1740 | residual 2.515e-02 (Module: solver, Line: 328)
2026-02-26 16:19:27,026 [DEBUG] Iter 1750 | residual 2.524e-02 (Module: solver, Line: 328)
2026-02-26 16:19:27,026 [DEBUG] Iter 1760 | residual 2.532e-02 (Module: solver, Line: 328)
2026-02-26 16:19:27,026 [DEBUG] Iter 1770 | residual 2.541e-02 (Module: solver, Line: 328)
2026-02-26 16:19:27,026 [DEBUG] Iter 1780 | residual 2.549e-02 (Module: solver, Line: 328)
2026-02-26 16:19:27,026 [DEBUG] Iter 1790 | residual 2.556e-02 (Module: solver, Line: 328)
2026-02-26 16:19:27,026 [DEBUG] Iter 1800 | residual 2.564e-02 (Module: solver, Line: 328)
2026-02-26 16:19:27,026 [DEBUG] Iter 1810 | residual 2.571e-02 (Module: solver, Line: 328)
2026-02-26 16:19:27,026 [DEBUG] Iter 1820 | residual 2.577e-02 (Module: solver, Line: 328)
2026-02-26 16:19:27,026 [DEBUG] Iter 1830 | residual 2.584e-02 (Module: solver, Line: 328)
2026-02-26 16:19:27,026 [DEBUG] Iter 1840 | residual 2.590e-02 (Module: solver, Line: 328)
2026-02-26 16:19:27,026 [DEBUG] Iter 1850 | residual 2.596e-02 (Module: solver, Line: 328)
2026-02-26 16:19:27,026 [DEBUG] Iter 1860 | residual 2.602e-02 (Module: solver, Line: 328)
2026-02-26 16:19:27,026 [DEBUG] Iter 1870 | residual 2.607e-02 (Module: solver, Line: 328)
2026-02-26 16:19:27,041 [DEBUG] Iter 1880 | residual 2.612e-02 (Module: solver, Line: 328)
2026-02-26 16:19:27,042 [DEBUG] Iter 1890 | residual 2.617e-02 (Module: solver, Line: 328)
2026-02-26 16:19:27,042 [DEBUG] Iter 1900 | residual 2.622e-02 (Module: solver, Line: 328)
2026-02-26 16:19:27,043 [DEBUG] Iter 1910 | residual 2.627e-02 (Module: solver, Line: 328)
2026-02-26 16:19:27,044 [DEBUG] Iter 1920 | residual 2.631e-02 (Module: solver, Line: 328)
2026-02-26 16:19:27,044 [DEBUG] Iter 1930 | residual 2.635e-02 (Module: solver, Line: 328)
2026-02-26 16:19:27,045 [DEBUG] Iter 1940 | residual 2.639e-02 (Module: solver, Line: 328)
2026-02-26 16:19:27,046 [DEBUG] Iter 1950 | residual 2.643e-02 (Module: solver, Line: 328)
2026-02-26 16:19:27,046 [DEBUG] Iter 1960 | residual 2.647e-02 (Module: solver, Line: 328)
2026-02-26 16:19:27,046 [DEBUG] Iter 1970 | residual 2.650e-02 (Module: solver, Line: 328)
2026-02-26 16:19:27,048 [DEBUG] Iter 1980 | residual 2.654e-02 (Module: solver, Line: 328)
2026-02-26 16:19:27,049 [DEBUG] Iter 1990 | residual 2.657e-02 (Module: solver, Line: 328)
2026-02-26 16:19:27,049 [DEBUG] Iter 2000 | residual 2.660e-02 (Module: solver, Line: 328)
2026-02-26 16:19:27,049 [WARNING] Solver info=1000 (not converged). (Module: solver, Line: 344)
2026-02-26 16:19:27,050 [INFO] Switching to direct SuperLU fall-back. (Module: solver, Line: 359)
2026-02-26 16:19:27,050 [DEBUG] Using SuperLU direct solver (Module: solver, Line: 306)
2026-02-26 16:19:27,050 [INFO] Condensed residual norm: 7.940e-04 (Module: solver, Line: 204)
2026-02-26 16:19:27,051 [WARNING] Residual is high – verify model! (Module: solver, Line: 207)
2026-02-26 16:19:27,051 [INFO] 📊 Condensed solver report: (Module: solver, Line: 384)
2026-02-26 16:19:27,051 [INFO]  • dofs: 768 (Module: solver, Line: 386)
2026-02-26 16:19:27,051 [INFO]  • nnz: 3312 (Module: solver, Line: 386)
2026-02-26 16:19:27,051 [INFO]  • density: 0.005615234375 (Module: solver, Line: 386)
2026-02-26 16:19:27,051 [INFO]  • condition_est: 1.0050333180686175 (Module: solver, Line: 386)
2026-02-26 16:19:27,051 [INFO]  • solve_phases: {'iterative': 0.06758189999982278, 'factorization': 0.0005904999998165295, 'solution': 0.0006580999997822801} (Module: solver, Line: 386)
2026-02-26 16:19:27,051 [INFO]  • iters: 2000 (Module: solver, Line: 386)
2026-02-26 16:19:27,052 [INFO]  • final_residual: 0.02660271169291501 (Module: solver, Line: 386)
