
=== Element 4 Force Vector Computation ===

=== Point Load @ x=5.000000e-01 ===
Natural ξ=-1.000000, Element Range: 5.000000e-01-6.250000e-01
=== Force Vector [6×1] ===
[[   0.]
 [-500.]
 [   0.]
 [   0.]
 [   0.]
 [   0.]]

=== Shape Functions (12, 6) ===
[[ 1.  0.  0.  0.  0.  0.]
 [ 0.  1.  0.  0.  0.  0.]
 [ 0.  0.  1.  0.  0.  0.]
 [ 0.  0.  0.  1.  0.  0.]
 [ 0.  0.  0.  0. -1.  0.]
 [ 0.  0.  0.  0.  0.  1.]
 [ 0.  0.  0.  0.  0.  0.]
 [ 0.  0.  0.  0.  0.  0.]
 [ 0.  0.  0.  0.  0.  0.]
 [ 0.  0.  0.  0.  0.  0.]
 [ 0.  0.  0.  0. -0.  0.]
 [ 0.  0.  0.  0.  0.  0.]]

=== Translations [6×1] ===
[[   0.]
 [-500.]
 [   0.]
 [   0.]
 [   0.]
 [   0.]]

=== Rotations [6×1] ===
[[0.]
 [0.]
 [0.]
 [0.]
 [0.]
 [0.]]

=== Final Force Vector ===
[[   0. -500.    0.    0.    0.    0.    0.    0.    0.    0.    0.    0.]]

