Machine Specifications:
   - OS: Windows 11 (10.0.26100)
       • Logical cores: 20
       • Physical cores: 12
   - RAM: 31.24 GB
   - Disk: 943.72 GB total, 2.47 GB free
   - Python Version: 3.12.5 (C:\Users\s1834431\AppData\Local\Programs\Python\Python312\python.exe)
   - GPU(s): Intel(R) UHD Graphics 770

Job: job_0011_n128
Timestamp (job start): 2026-02-26_16-19-42-584501
Total Time: 11.83 sec

+-------------------------------+------------+---------------+-------------+-----------+
| Step                          |   Time (s) |   Memory (MB) |   Disk (GB) |   CPU (%) |
+===============================+============+===============+=============+===========+
| Parsing                       |  0.0124009 |       136.336 |     941.238 |         0 |
+-------------------------------+------------+---------------+-------------+-----------+
| Element Instantiation         |  0.724352  |       136.348 |     941.24  |         0 |
+-------------------------------+------------+---------------+-------------+-----------+
| Element Stiffness Computation |  0.828529  |       136.406 |     941.242 |         0 |
+-------------------------------+------------+---------------+-------------+-----------+
| Element Force Computation     |  0.715978  |       136.629 |     941.243 |         0 |
+-------------------------------+------------+---------------+-------------+-----------+
| Full Simulation               |  8.94027   |       136.129 |     941.249 |         0 |
+-------------------------------+------------+---------------+-------------+-----------+

Parallel Jobs: None
Start Memory: 136.34 MB | End Memory: 136.13 MB
Start Disk Usage: 941.24 GB | End Disk Usage: 941.25 GB
Start CPU: 0.00% | End CPU: 0.00%
