2026-02-26 16:19:38,934 [DEBUG] 📁 Log file: c:\Users\s1834431\Programs\fem_model\post_processing\results\job_0011_n128_2026-02-26_16-19-30-575092_pid18316_2d41477b\logs\SolveCondensedSystem.log (Module: solver, Line: 249)
2026-02-26 16:19:38,934 [DEBUG] Row/column scaling applied. (Module: solver, Line: 164)
2026-02-26 16:19:38,934 [DEBUG] Building ILU (drop_tol=1e-06, fill_factor=1.0) (Module: solver, Line: 77)
2026-02-26 16:19:38,934 [DEBUG] ILU fill-ratio = 1.07 (Module: solver, Line: 82)
2026-02-26 16:19:38,934 [INFO] Solver parameters • solver='cg', prec='auto', K nnz=3312, dofs=768 (Module: solver, Line: 181)
2026-02-26 16:19:38,934 [INFO] Condensed condition estimate: 1.00e+00 (Module: solver, Line: 187)
2026-02-26 16:19:38,934 [DEBUG] Iter   10 | residual 1.313e-02 (Module: solver, Line: 328)
2026-02-26 16:19:38,934 [DEBUG] Iter   20 | residual 1.532e-02 (Module: solver, Line: 328)
2026-02-26 16:19:38,934 [DEBUG] Iter   30 | residual 2.064e-02 (Module: solver, Line: 328)
2026-02-26 16:19:38,934 [DEBUG] Iter   40 | residual 2.156e-02 (Module: solver, Line: 328)
2026-02-26 16:19:38,942 [DEBUG] Iter   50 | residual 2.100e-02 (Module: solver, Line: 328)
2026-02-26 16:19:38,942 [DEBUG] Iter   60 | residual 2.044e-02 (Module: solver, Line: 328)
2026-02-26 16:19:38,942 [DEBUG] Iter   70 | residual 2.006e-02 (Module: solver, Line: 328)
2026-02-26 16:19:38,942 [DEBUG] Iter   80 | residual 1.982e-02 (Module: solver, Line: 328)
2026-02-26 16:19:38,945 [DEBUG] Iter   90 | residual 1.966e-02 (Module: solver, Line: 328)
2026-02-26 16:19:38,945 [DEBUG] Iter  100 | residual 1.956e-02 (Module: solver, Line: 328)
2026-02-26 16:19:38,945 [DEBUG] Iter  110 | residual 1.949e-02 (Module: solver, Line: 328)
2026-02-26 16:19:38,945 [DEBUG] Iter  120 | residual 1.945e-02 (Module: solver, Line: 328)
2026-02-26 16:19:38,945 [DEBUG] Iter  130 | residual 1.941e-02 (Module: solver, Line: 328)
2026-02-26 16:19:38,949 [DEBUG] Iter  140 | residual 1.939e-02 (Module: solver, Line: 328)
2026-02-26 16:19:38,949 [DEBUG] Iter  150 | residual 1.937e-02 (Module: solver, Line: 328)
2026-02-26 16:19:38,950 [DEBUG] Iter  160 | residual 1.936e-02 (Module: solver, Line: 328)
2026-02-26 16:19:38,950 [DEBUG] Iter  170 | residual 1.935e-02 (Module: solver, Line: 328)
2026-02-26 16:19:38,950 [DEBUG] Iter  180 | residual 1.934e-02 (Module: solver, Line: 328)
2026-02-26 16:19:38,952 [DEBUG] Iter  190 | residual 1.934e-02 (Module: solver, Line: 328)
2026-02-26 16:19:38,952 [DEBUG] Iter  200 | residual 1.933e-02 (Module: solver, Line: 328)
2026-02-26 16:19:38,952 [DEBUG] Iter  210 | residual 1.933e-02 (Module: solver, Line: 328)
2026-02-26 16:19:38,954 [DEBUG] Iter  220 | residual 1.932e-02 (Module: solver, Line: 328)
2026-02-26 16:19:38,954 [DEBUG] Iter  230 | residual 1.932e-02 (Module: solver, Line: 328)
2026-02-26 16:19:38,956 [DEBUG] Iter  240 | residual 1.932e-02 (Module: solver, Line: 328)
2026-02-26 16:19:38,957 [DEBUG] Iter  250 | residual 1.932e-02 (Module: solver, Line: 328)
2026-02-26 16:19:38,957 [DEBUG] Iter  260 | residual 1.932e-02 (Module: solver, Line: 328)
2026-02-26 16:19:38,958 [DEBUG] Iter  270 | residual 1.931e-02 (Module: solver, Line: 328)
2026-02-26 16:19:38,959 [DEBUG] Iter  280 | residual 1.931e-02 (Module: solver, Line: 328)
2026-02-26 16:19:38,960 [DEBUG] Iter  290 | residual 1.931e-02 (Module: solver, Line: 328)
2026-02-26 16:19:38,961 [DEBUG] Iter  300 | residual 1.931e-02 (Module: solver, Line: 328)
2026-02-26 16:19:38,961 [DEBUG] Iter  310 | residual 1.931e-02 (Module: solver, Line: 328)
2026-02-26 16:19:38,962 [DEBUG] Iter  320 | residual 1.931e-02 (Module: solver, Line: 328)
2026-02-26 16:19:38,963 [DEBUG] Iter  330 | residual 1.931e-02 (Module: solver, Line: 328)
2026-02-26 16:19:38,964 [DEBUG] Iter  340 | residual 1.931e-02 (Module: solver, Line: 328)
2026-02-26 16:19:38,964 [DEBUG] Iter  350 | residual 1.931e-02 (Module: solver, Line: 328)
2026-02-26 16:19:38,965 [DEBUG] Iter  360 | residual 1.931e-02 (Module: solver, Line: 328)
2026-02-26 16:19:38,965 [DEBUG] Iter  370 | residual 1.931e-02 (Module: solver, Line: 328)
2026-02-26 16:19:38,966 [DEBUG] Iter  380 | residual 1.931e-02 (Module: solver, Line: 328)
2026-02-26 16:19:38,966 [DEBUG] Iter  390 | residual 1.931e-02 (Module: solver, Line: 328)
2026-02-26 16:19:38,966 [DEBUG] Iter  400 | residual 1.931e-02 (Module: solver, Line: 328)
2026-02-26 16:19:38,966 [DEBUG] Iter  410 | residual 1.931e-02 (Module: solver, Line: 328)
2026-02-26 16:19:38,966 [DEBUG] Iter  420 | residual 1.931e-02 (Module: solver, Line: 328)
2026-02-26 16:19:38,966 [DEBUG] Iter  430 | residual 1.931e-02 (Module: solver, Line: 328)
2026-02-26 16:19:38,966 [DEBUG] Iter  440 | residual 1.931e-02 (Module: solver, Line: 328)
2026-02-26 16:19:38,966 [DEBUG] Iter  450 | residual 1.931e-02 (Module: solver, Line: 328)
2026-02-26 16:19:38,966 [DEBUG] Iter  460 | residual 1.931e-02 (Module: solver, Line: 328)
2026-02-26 16:19:38,966 [DEBUG] Iter  470 | residual 1.931e-02 (Module: solver, Line: 328)
2026-02-26 16:19:38,973 [DEBUG] Iter  480 | residual 1.931e-02 (Module: solver, Line: 328)
2026-02-26 16:19:38,974 [DEBUG] Iter  490 | residual 1.931e-02 (Module: solver, Line: 328)
2026-02-26 16:19:38,974 [DEBUG] Iter  500 | residual 1.931e-02 (Module: solver, Line: 328)
2026-02-26 16:19:38,974 [DEBUG] Iter  510 | residual 1.931e-02 (Module: solver, Line: 328)
2026-02-26 16:19:38,974 [DEBUG] Iter  520 | residual 1.931e-02 (Module: solver, Line: 328)
2026-02-26 16:19:38,974 [DEBUG] Iter  530 | residual 1.931e-02 (Module: solver, Line: 328)
2026-02-26 16:19:38,974 [DEBUG] Iter  540 | residual 1.931e-02 (Module: solver, Line: 328)
2026-02-26 16:19:38,974 [DEBUG] Iter  550 | residual 1.931e-02 (Module: solver, Line: 328)
2026-02-26 16:19:38,974 [DEBUG] Iter  560 | residual 1.931e-02 (Module: solver, Line: 328)
2026-02-26 16:19:38,980 [DEBUG] Iter  570 | residual 1.931e-02 (Module: solver, Line: 328)
2026-02-26 16:19:38,980 [DEBUG] Iter  580 | residual 1.931e-02 (Module: solver, Line: 328)
2026-02-26 16:19:38,980 [DEBUG] Iter  590 | residual 1.931e-02 (Module: solver, Line: 328)
2026-02-26 16:19:38,982 [DEBUG] Iter  600 | residual 1.931e-02 (Module: solver, Line: 328)
2026-02-26 16:19:38,982 [DEBUG] Iter  610 | residual 1.931e-02 (Module: solver, Line: 328)
2026-02-26 16:19:38,984 [DEBUG] Iter  620 | residual 1.931e-02 (Module: solver, Line: 328)
2026-02-26 16:19:38,984 [DEBUG] Iter  630 | residual 1.931e-02 (Module: solver, Line: 328)
2026-02-26 16:19:38,984 [DEBUG] Iter  640 | residual 1.931e-02 (Module: solver, Line: 328)
2026-02-26 16:19:38,986 [DEBUG] Iter  650 | residual 1.931e-02 (Module: solver, Line: 328)
2026-02-26 16:19:38,986 [DEBUG] Iter  660 | residual 1.931e-02 (Module: solver, Line: 328)
2026-02-26 16:19:38,986 [DEBUG] Iter  670 | residual 1.931e-02 (Module: solver, Line: 328)
2026-02-26 16:19:38,988 [DEBUG] Iter  680 | residual 1.931e-02 (Module: solver, Line: 328)
2026-02-26 16:19:38,989 [DEBUG] Iter  690 | residual 1.931e-02 (Module: solver, Line: 328)
2026-02-26 16:19:38,990 [DEBUG] Iter  700 | residual 1.931e-02 (Module: solver, Line: 328)
2026-02-26 16:19:38,990 [DEBUG] Iter  710 | residual 1.931e-02 (Module: solver, Line: 328)
2026-02-26 16:19:38,991 [DEBUG] Iter  720 | residual 1.931e-02 (Module: solver, Line: 328)
2026-02-26 16:19:38,992 [DEBUG] Iter  730 | residual 1.931e-02 (Module: solver, Line: 328)
2026-02-26 16:19:38,992 [DEBUG] Iter  740 | residual 1.931e-02 (Module: solver, Line: 328)
2026-02-26 16:19:38,993 [DEBUG] Iter  750 | residual 1.931e-02 (Module: solver, Line: 328)
2026-02-26 16:19:38,994 [DEBUG] Iter  760 | residual 1.931e-02 (Module: solver, Line: 328)
2026-02-26 16:19:38,995 [DEBUG] Iter  770 | residual 1.931e-02 (Module: solver, Line: 328)
2026-02-26 16:19:38,995 [DEBUG] Iter  780 | residual 1.931e-02 (Module: solver, Line: 328)
2026-02-26 16:19:38,996 [DEBUG] Iter  790 | residual 1.931e-02 (Module: solver, Line: 328)
2026-02-26 16:19:38,997 [DEBUG] Iter  800 | residual 1.931e-02 (Module: solver, Line: 328)
2026-02-26 16:19:38,997 [DEBUG] Iter  810 | residual 1.931e-02 (Module: solver, Line: 328)
2026-02-26 16:19:38,998 [DEBUG] Iter  820 | residual 1.931e-02 (Module: solver, Line: 328)
2026-02-26 16:19:38,999 [DEBUG] Iter  830 | residual 1.931e-02 (Module: solver, Line: 328)
2026-02-26 16:19:38,999 [DEBUG] Iter  840 | residual 1.931e-02 (Module: solver, Line: 328)
2026-02-26 16:19:39,000 [DEBUG] Iter  850 | residual 1.931e-02 (Module: solver, Line: 328)
2026-02-26 16:19:39,001 [DEBUG] Iter  860 | residual 1.931e-02 (Module: solver, Line: 328)
2026-02-26 16:19:39,001 [DEBUG] Iter  870 | residual 1.931e-02 (Module: solver, Line: 328)
2026-02-26 16:19:39,002 [DEBUG] Iter  880 | residual 1.931e-02 (Module: solver, Line: 328)
2026-02-26 16:19:39,003 [DEBUG] Iter  890 | residual 1.931e-02 (Module: solver, Line: 328)
2026-02-26 16:19:39,003 [DEBUG] Iter  900 | residual 1.931e-02 (Module: solver, Line: 328)
2026-02-26 16:19:39,004 [DEBUG] Iter  910 | residual 1.931e-02 (Module: solver, Line: 328)
2026-02-26 16:19:39,005 [DEBUG] Iter  920 | residual 1.931e-02 (Module: solver, Line: 328)
2026-02-26 16:19:39,006 [DEBUG] Iter  930 | residual 1.931e-02 (Module: solver, Line: 328)
2026-02-26 16:19:39,006 [DEBUG] Iter  940 | residual 1.931e-02 (Module: solver, Line: 328)
2026-02-26 16:19:39,007 [DEBUG] Iter  950 | residual 1.931e-02 (Module: solver, Line: 328)
2026-02-26 16:19:39,008 [DEBUG] Iter  960 | residual 1.931e-02 (Module: solver, Line: 328)
2026-02-26 16:19:39,008 [DEBUG] Iter  970 | residual 1.931e-02 (Module: solver, Line: 328)
2026-02-26 16:19:39,009 [DEBUG] Iter  980 | residual 1.931e-02 (Module: solver, Line: 328)
2026-02-26 16:19:39,010 [DEBUG] Iter  990 | residual 1.931e-02 (Module: solver, Line: 328)
2026-02-26 16:19:39,010 [DEBUG] Iter 1000 | residual 1.931e-02 (Module: solver, Line: 328)
2026-02-26 16:19:39,010 [WARNING] Solver info=1000 (not converged). (Module: solver, Line: 344)
2026-02-26 16:19:39,011 [INFO] Retrying with ILU preconditioner … (Module: solver, Line: 351)
2026-02-26 16:19:39,011 [DEBUG] Building ILU (drop_tol=1e-06, fill_factor=1.0) (Module: solver, Line: 77)
2026-02-26 16:19:39,011 [DEBUG] ILU fill-ratio = 1.07 (Module: solver, Line: 82)
2026-02-26 16:19:39,013 [DEBUG] Iter 1010 | residual 1.313e-02 (Module: solver, Line: 328)
2026-02-26 16:19:39,013 [DEBUG] Iter 1020 | residual 1.532e-02 (Module: solver, Line: 328)
2026-02-26 16:19:39,014 [DEBUG] Iter 1030 | residual 2.064e-02 (Module: solver, Line: 328)
2026-02-26 16:19:39,014 [DEBUG] Iter 1040 | residual 2.156e-02 (Module: solver, Line: 328)
2026-02-26 16:19:39,015 [DEBUG] Iter 1050 | residual 2.100e-02 (Module: solver, Line: 328)
2026-02-26 16:19:39,016 [DEBUG] Iter 1060 | residual 2.044e-02 (Module: solver, Line: 328)
2026-02-26 16:19:39,017 [DEBUG] Iter 1070 | residual 2.006e-02 (Module: solver, Line: 328)
2026-02-26 16:19:39,017 [DEBUG] Iter 1080 | residual 1.982e-02 (Module: solver, Line: 328)
2026-02-26 16:19:39,018 [DEBUG] Iter 1090 | residual 1.966e-02 (Module: solver, Line: 328)
2026-02-26 16:19:39,019 [DEBUG] Iter 1100 | residual 1.956e-02 (Module: solver, Line: 328)
2026-02-26 16:19:39,019 [DEBUG] Iter 1110 | residual 1.949e-02 (Module: solver, Line: 328)
2026-02-26 16:19:39,020 [DEBUG] Iter 1120 | residual 1.945e-02 (Module: solver, Line: 328)
2026-02-26 16:19:39,021 [DEBUG] Iter 1130 | residual 1.941e-02 (Module: solver, Line: 328)
2026-02-26 16:19:39,022 [DEBUG] Iter 1140 | residual 1.939e-02 (Module: solver, Line: 328)
2026-02-26 16:19:39,023 [DEBUG] Iter 1150 | residual 1.937e-02 (Module: solver, Line: 328)
2026-02-26 16:19:39,024 [DEBUG] Iter 1160 | residual 1.936e-02 (Module: solver, Line: 328)
2026-02-26 16:19:39,024 [DEBUG] Iter 1170 | residual 1.935e-02 (Module: solver, Line: 328)
2026-02-26 16:19:39,025 [DEBUG] Iter 1180 | residual 1.934e-02 (Module: solver, Line: 328)
2026-02-26 16:19:39,026 [DEBUG] Iter 1190 | residual 1.934e-02 (Module: solver, Line: 328)
2026-02-26 16:19:39,027 [DEBUG] Iter 1200 | residual 1.933e-02 (Module: solver, Line: 328)
2026-02-26 16:19:39,027 [DEBUG] Iter 1210 | residual 1.933e-02 (Module: solver, Line: 328)
2026-02-26 16:19:39,027 [DEBUG] Iter 1220 | residual 1.932e-02 (Module: solver, Line: 328)
2026-02-26 16:19:39,027 [DEBUG] Iter 1230 | residual 1.932e-02 (Module: solver, Line: 328)
2026-02-26 16:19:39,027 [DEBUG] Iter 1240 | residual 1.932e-02 (Module: solver, Line: 328)
2026-02-26 16:19:39,027 [DEBUG] Iter 1250 | residual 1.932e-02 (Module: solver, Line: 328)
2026-02-26 16:19:39,027 [DEBUG] Iter 1260 | residual 1.932e-02 (Module: solver, Line: 328)
2026-02-26 16:19:39,027 [DEBUG] Iter 1270 | residual 1.931e-02 (Module: solver, Line: 328)
2026-02-26 16:19:39,027 [DEBUG] Iter 1280 | residual 1.931e-02 (Module: solver, Line: 328)
2026-02-26 16:19:39,027 [DEBUG] Iter 1290 | residual 1.931e-02 (Module: solver, Line: 328)
2026-02-26 16:19:39,027 [DEBUG] Iter 1300 | residual 1.931e-02 (Module: solver, Line: 328)
2026-02-26 16:19:39,027 [DEBUG] Iter 1310 | residual 1.931e-02 (Module: solver, Line: 328)
2026-02-26 16:19:39,027 [DEBUG] Iter 1320 | residual 1.931e-02 (Module: solver, Line: 328)
2026-02-26 16:19:39,027 [DEBUG] Iter 1330 | residual 1.931e-02 (Module: solver, Line: 328)
2026-02-26 16:19:39,027 [DEBUG] Iter 1340 | residual 1.931e-02 (Module: solver, Line: 328)
2026-02-26 16:19:39,027 [DEBUG] Iter 1350 | residual 1.931e-02 (Module: solver, Line: 328)
2026-02-26 16:19:39,027 [DEBUG] Iter 1360 | residual 1.931e-02 (Module: solver, Line: 328)
2026-02-26 16:19:39,027 [DEBUG] Iter 1370 | residual 1.931e-02 (Module: solver, Line: 328)
2026-02-26 16:19:39,027 [DEBUG] Iter 1380 | residual 1.931e-02 (Module: solver, Line: 328)
2026-02-26 16:19:39,039 [DEBUG] Iter 1390 | residual 1.931e-02 (Module: solver, Line: 328)
2026-02-26 16:19:39,040 [DEBUG] Iter 1400 | residual 1.931e-02 (Module: solver, Line: 328)
2026-02-26 16:19:39,041 [DEBUG] Iter 1410 | residual 1.931e-02 (Module: solver, Line: 328)
2026-02-26 16:19:39,042 [DEBUG] Iter 1420 | residual 1.931e-02 (Module: solver, Line: 328)
2026-02-26 16:19:39,042 [DEBUG] Iter 1430 | residual 1.931e-02 (Module: solver, Line: 328)
2026-02-26 16:19:39,043 [DEBUG] Iter 1440 | residual 1.931e-02 (Module: solver, Line: 328)
2026-02-26 16:19:39,044 [DEBUG] Iter 1450 | residual 1.931e-02 (Module: solver, Line: 328)
2026-02-26 16:19:39,044 [DEBUG] Iter 1460 | residual 1.931e-02 (Module: solver, Line: 328)
2026-02-26 16:19:39,045 [DEBUG] Iter 1470 | residual 1.931e-02 (Module: solver, Line: 328)
2026-02-26 16:19:39,046 [DEBUG] Iter 1480 | residual 1.931e-02 (Module: solver, Line: 328)
2026-02-26 16:19:39,046 [DEBUG] Iter 1490 | residual 1.931e-02 (Module: solver, Line: 328)
2026-02-26 16:19:39,047 [DEBUG] Iter 1500 | residual 1.931e-02 (Module: solver, Line: 328)
2026-02-26 16:19:39,048 [DEBUG] Iter 1510 | residual 1.931e-02 (Module: solver, Line: 328)
2026-02-26 16:19:39,048 [DEBUG] Iter 1520 | residual 1.931e-02 (Module: solver, Line: 328)
2026-02-26 16:19:39,049 [DEBUG] Iter 1530 | residual 1.931e-02 (Module: solver, Line: 328)
2026-02-26 16:19:39,050 [DEBUG] Iter 1540 | residual 1.931e-02 (Module: solver, Line: 328)
2026-02-26 16:19:39,050 [DEBUG] Iter 1550 | residual 1.931e-02 (Module: solver, Line: 328)
2026-02-26 16:19:39,051 [DEBUG] Iter 1560 | residual 1.931e-02 (Module: solver, Line: 328)
2026-02-26 16:19:39,051 [DEBUG] Iter 1570 | residual 1.931e-02 (Module: solver, Line: 328)
2026-02-26 16:19:39,052 [DEBUG] Iter 1580 | residual 1.931e-02 (Module: solver, Line: 328)
2026-02-26 16:19:39,053 [DEBUG] Iter 1590 | residual 1.931e-02 (Module: solver, Line: 328)
2026-02-26 16:19:39,053 [DEBUG] Iter 1600 | residual 1.931e-02 (Module: solver, Line: 328)
2026-02-26 16:19:39,054 [DEBUG] Iter 1610 | residual 1.931e-02 (Module: solver, Line: 328)
2026-02-26 16:19:39,056 [DEBUG] Iter 1620 | residual 1.931e-02 (Module: solver, Line: 328)
2026-02-26 16:19:39,056 [DEBUG] Iter 1630 | residual 1.931e-02 (Module: solver, Line: 328)
2026-02-26 16:19:39,058 [DEBUG] Iter 1640 | residual 1.931e-02 (Module: solver, Line: 328)
2026-02-26 16:19:39,058 [DEBUG] Iter 1650 | residual 1.931e-02 (Module: solver, Line: 328)
2026-02-26 16:19:39,058 [DEBUG] Iter 1660 | residual 1.931e-02 (Module: solver, Line: 328)
2026-02-26 16:19:39,058 [DEBUG] Iter 1670 | residual 1.931e-02 (Module: solver, Line: 328)
2026-02-26 16:19:39,060 [DEBUG] Iter 1680 | residual 1.931e-02 (Module: solver, Line: 328)
2026-02-26 16:19:39,060 [DEBUG] Iter 1690 | residual 1.931e-02 (Module: solver, Line: 328)
2026-02-26 16:19:39,060 [DEBUG] Iter 1700 | residual 1.931e-02 (Module: solver, Line: 328)
2026-02-26 16:19:39,062 [DEBUG] Iter 1710 | residual 1.931e-02 (Module: solver, Line: 328)
2026-02-26 16:19:39,062 [DEBUG] Iter 1720 | residual 1.931e-02 (Module: solver, Line: 328)
2026-02-26 16:19:39,062 [DEBUG] Iter 1730 | residual 1.931e-02 (Module: solver, Line: 328)
2026-02-26 16:19:39,062 [DEBUG] Iter 1740 | residual 1.931e-02 (Module: solver, Line: 328)
2026-02-26 16:19:39,065 [DEBUG] Iter 1750 | residual 1.931e-02 (Module: solver, Line: 328)
2026-02-26 16:19:39,065 [DEBUG] Iter 1760 | residual 1.931e-02 (Module: solver, Line: 328)
2026-02-26 16:19:39,067 [DEBUG] Iter 1770 | residual 1.931e-02 (Module: solver, Line: 328)
2026-02-26 16:19:39,067 [DEBUG] Iter 1780 | residual 1.931e-02 (Module: solver, Line: 328)
2026-02-26 16:19:39,067 [DEBUG] Iter 1790 | residual 1.931e-02 (Module: solver, Line: 328)
2026-02-26 16:19:39,067 [DEBUG] Iter 1800 | residual 1.931e-02 (Module: solver, Line: 328)
2026-02-26 16:19:39,067 [DEBUG] Iter 1810 | residual 1.931e-02 (Module: solver, Line: 328)
2026-02-26 16:19:39,067 [DEBUG] Iter 1820 | residual 1.931e-02 (Module: solver, Line: 328)
2026-02-26 16:19:39,067 [DEBUG] Iter 1830 | residual 1.931e-02 (Module: solver, Line: 328)
2026-02-26 16:19:39,067 [DEBUG] Iter 1840 | residual 1.931e-02 (Module: solver, Line: 328)
2026-02-26 16:19:39,067 [DEBUG] Iter 1850 | residual 1.931e-02 (Module: solver, Line: 328)
2026-02-26 16:19:39,067 [DEBUG] Iter 1860 | residual 1.931e-02 (Module: solver, Line: 328)
2026-02-26 16:19:39,073 [DEBUG] Iter 1870 | residual 1.931e-02 (Module: solver, Line: 328)
2026-02-26 16:19:39,074 [DEBUG] Iter 1880 | residual 1.931e-02 (Module: solver, Line: 328)
2026-02-26 16:19:39,075 [DEBUG] Iter 1890 | residual 1.931e-02 (Module: solver, Line: 328)
2026-02-26 16:19:39,075 [DEBUG] Iter 1900 | residual 1.931e-02 (Module: solver, Line: 328)
2026-02-26 16:19:39,076 [DEBUG] Iter 1910 | residual 1.931e-02 (Module: solver, Line: 328)
2026-02-26 16:19:39,077 [DEBUG] Iter 1920 | residual 1.931e-02 (Module: solver, Line: 328)
2026-02-26 16:19:39,077 [DEBUG] Iter 1930 | residual 1.931e-02 (Module: solver, Line: 328)
2026-02-26 16:19:39,078 [DEBUG] Iter 1940 | residual 1.931e-02 (Module: solver, Line: 328)
2026-02-26 16:19:39,079 [DEBUG] Iter 1950 | residual 1.931e-02 (Module: solver, Line: 328)
2026-02-26 16:19:39,079 [DEBUG] Iter 1960 | residual 1.931e-02 (Module: solver, Line: 328)
2026-02-26 16:19:39,080 [DEBUG] Iter 1970 | residual 1.931e-02 (Module: solver, Line: 328)
2026-02-26 16:19:39,081 [DEBUG] Iter 1980 | residual 1.931e-02 (Module: solver, Line: 328)
2026-02-26 16:19:39,081 [DEBUG] Iter 1990 | residual 1.931e-02 (Module: solver, Line: 328)
2026-02-26 16:19:39,082 [DEBUG] Iter 2000 | residual 1.931e-02 (Module: solver, Line: 328)
2026-02-26 16:19:39,082 [WARNING] Solver info=1000 (not converged). (Module: solver, Line: 344)
2026-02-26 16:19:39,082 [INFO] Switching to direct SuperLU fall-back. (Module: solver, Line: 359)
2026-02-26 16:19:39,083 [DEBUG] Using SuperLU direct solver (Module: solver, Line: 306)
2026-02-26 16:19:39,083 [INFO] Condensed residual norm: 6.264e-04 (Module: solver, Line: 204)
2026-02-26 16:19:39,083 [WARNING] Residual is high – verify model! (Module: solver, Line: 207)
2026-02-26 16:19:39,084 [INFO] 📊 Condensed solver report: (Module: solver, Line: 384)
2026-02-26 16:19:39,084 [INFO]  • dofs: 768 (Module: solver, Line: 386)
2026-02-26 16:19:39,084 [INFO]  • nnz: 3312 (Module: solver, Line: 386)
2026-02-26 16:19:39,084 [INFO]  • density: 0.005615234375 (Module: solver, Line: 386)
2026-02-26 16:19:39,084 [INFO]  • condition_est: 1.0038678266958097 (Module: solver, Line: 386)
2026-02-26 16:19:39,084 [INFO]  • solve_phases: {'iterative': 0.07006000000001222, 'factorization': 0.0005369000000428059, 'solution': 0.000607799999670533} (Module: solver, Line: 386)
2026-02-26 16:19:39,084 [INFO]  • iters: 2000 (Module: solver, Line: 386)
2026-02-26 16:19:39,085 [INFO]  • final_residual: 0.01930718494772274 (Module: solver, Line: 386)
