2025-11-15 15:04:14,839 [DEBUG]: 🟢 ElementFactory logger initialised.
2025-11-15 15:04:14,839 [INFO]: 🚩 Starting batch element creation.
2025-11-15 15:04:14,839 [DEBUG]: Element IDs sanitised: [0, 1, 2, 3, 4, 5, 6, 7, 8, 9, 10, 11, 12, 13, 14, 15, 16, 17, 18, 19, 20, 21, 22, 23, 24, 25, 26, 27, 28, 29, 30, 31, 32, 33, 34, 35, 36, 37, 38, 39, 40, 41, 42, 43, 44, 45, 46, 47, 48, 49, 50, 51, 52, 53, 54, 55, 56, 57, 58, 59, 60, 61, 62, 63, 64, 65, 66, 67, 68, 69, 70, 71, 72, 73, 74, 75, 76, 77, 78, 79, 80, 81, 82, 83, 84, 85, 86, 87, 88, 89, 90, 91, 92, 93, 94, 95, 96, 97, 98, 99]
2025-11-15 15:04:14,840 [DEBUG]: Module for EulerBernoulliBeamElement3D loaded.
2025-11-15 15:04:14,841 [DEBUG]: ✅ Element 0 (EulerBernoulliBeamElement3D) instantiated.
2025-11-15 15:04:14,841 [DEBUG]: ✅ Element 1 (EulerBernoulliBeamElement3D) instantiated.
2025-11-15 15:04:14,842 [DEBUG]: ✅ Element 2 (EulerBernoulliBeamElement3D) instantiated.
2025-11-15 15:04:14,842 [DEBUG]: ✅ Element 3 (EulerBernoulliBeamElement3D) instantiated.
2025-11-15 15:04:14,843 [DEBUG]: ✅ Element 4 (EulerBernoulliBeamElement3D) instantiated.
2025-11-15 15:04:14,844 [DEBUG]: ✅ Element 5 (EulerBernoulliBeamElement3D) instantiated.
2025-11-15 15:04:14,844 [DEBUG]: ✅ Element 6 (EulerBernoulliBeamElement3D) instantiated.
2025-11-15 15:04:14,845 [DEBUG]: ✅ Element 7 (EulerBernoulliBeamElement3D) instantiated.
2025-11-15 15:04:14,845 [DEBUG]: ✅ Element 8 (EulerBernoulliBeamElement3D) instantiated.
2025-11-15 15:04:14,846 [DEBUG]: ✅ Element 9 (EulerBernoulliBeamElement3D) instantiated.
2025-11-15 15:04:14,846 [DEBUG]: ✅ Element 10 (EulerBernoulliBeamElement3D) instantiated.
2025-11-15 15:04:14,847 [DEBUG]: ✅ Element 11 (EulerBernoulliBeamElement3D) instantiated.
2025-11-15 15:04:14,847 [DEBUG]: ✅ Element 12 (EulerBernoulliBeamElement3D) instantiated.
2025-11-15 15:04:14,848 [DEBUG]: ✅ Element 13 (EulerBernoulliBeamElement3D) instantiated.
2025-11-15 15:04:14,849 [DEBUG]: ✅ Element 14 (EulerBernoulliBeamElement3D) instantiated.
2025-11-15 15:04:14,850 [DEBUG]: ✅ Element 15 (EulerBernoulliBeamElement3D) instantiated.
2025-11-15 15:04:14,851 [DEBUG]: ✅ Element 16 (EulerBernoulliBeamElement3D) instantiated.
2025-11-15 15:04:14,852 [DEBUG]: ✅ Element 17 (EulerBernoulliBeamElement3D) instantiated.
2025-11-15 15:04:14,852 [DEBUG]: ✅ Element 18 (EulerBernoulliBeamElement3D) instantiated.
2025-11-15 15:04:14,853 [DEBUG]: ✅ Element 19 (EulerBernoulliBeamElement3D) instantiated.
2025-11-15 15:04:14,854 [DEBUG]: ✅ Element 20 (EulerBernoulliBeamElement3D) instantiated.
2025-11-15 15:04:14,855 [DEBUG]: ✅ Element 21 (EulerBernoulliBeamElement3D) instantiated.
2025-11-15 15:04:14,856 [DEBUG]: ✅ Element 22 (EulerBernoulliBeamElement3D) instantiated.
2025-11-15 15:04:14,857 [DEBUG]: ✅ Element 23 (EulerBernoulliBeamElement3D) instantiated.
2025-11-15 15:04:14,857 [DEBUG]: ✅ Element 24 (EulerBernoulliBeamElement3D) instantiated.
2025-11-15 15:04:14,857 [DEBUG]: ✅ Element 25 (EulerBernoulliBeamElement3D) instantiated.
2025-11-15 15:04:14,858 [DEBUG]: ✅ Element 26 (EulerBernoulliBeamElement3D) instantiated.
2025-11-15 15:04:14,858 [DEBUG]: ✅ Element 27 (EulerBernoulliBeamElement3D) instantiated.
2025-11-15 15:04:14,859 [DEBUG]: ✅ Element 28 (EulerBernoulliBeamElement3D) instantiated.
2025-11-15 15:04:14,859 [DEBUG]: ✅ Element 29 (EulerBernoulliBeamElement3D) instantiated.
2025-11-15 15:04:14,860 [DEBUG]: ✅ Element 30 (EulerBernoulliBeamElement3D) instantiated.
2025-11-15 15:04:14,860 [DEBUG]: ✅ Element 31 (EulerBernoulliBeamElement3D) instantiated.
2025-11-15 15:04:14,860 [DEBUG]: ✅ Element 32 (EulerBernoulliBeamElement3D) instantiated.
2025-11-15 15:04:14,861 [DEBUG]: ✅ Element 33 (EulerBernoulliBeamElement3D) instantiated.
2025-11-15 15:04:14,861 [DEBUG]: ✅ Element 34 (EulerBernoulliBeamElement3D) instantiated.
2025-11-15 15:04:14,862 [DEBUG]: ✅ Element 35 (EulerBernoulliBeamElement3D) instantiated.
2025-11-15 15:04:14,863 [DEBUG]: ✅ Element 36 (EulerBernoulliBeamElement3D) instantiated.
2025-11-15 15:04:14,863 [DEBUG]: ✅ Element 37 (EulerBernoulliBeamElement3D) instantiated.
2025-11-15 15:04:14,863 [DEBUG]: ✅ Element 38 (EulerBernoulliBeamElement3D) instantiated.
2025-11-15 15:04:14,864 [DEBUG]: ✅ Element 39 (EulerBernoulliBeamElement3D) instantiated.
2025-11-15 15:04:14,865 [DEBUG]: ✅ Element 40 (EulerBernoulliBeamElement3D) instantiated.
2025-11-15 15:04:14,865 [DEBUG]: ✅ Element 41 (EulerBernoulliBeamElement3D) instantiated.
2025-11-15 15:04:14,865 [DEBUG]: ✅ Element 42 (EulerBernoulliBeamElement3D) instantiated.
2025-11-15 15:04:14,866 [DEBUG]: ✅ Element 43 (EulerBernoulliBeamElement3D) instantiated.
2025-11-15 15:04:14,866 [DEBUG]: ✅ Element 44 (EulerBernoulliBeamElement3D) instantiated.
2025-11-15 15:04:14,867 [DEBUG]: ✅ Element 45 (EulerBernoulliBeamElement3D) instantiated.
2025-11-15 15:04:14,867 [DEBUG]: ✅ Element 46 (EulerBernoulliBeamElement3D) instantiated.
2025-11-15 15:04:14,868 [DEBUG]: ✅ Element 47 (EulerBernoulliBeamElement3D) instantiated.
2025-11-15 15:04:14,868 [DEBUG]: ✅ Element 48 (EulerBernoulliBeamElement3D) instantiated.
2025-11-15 15:04:14,869 [DEBUG]: ✅ Element 49 (EulerBernoulliBeamElement3D) instantiated.
2025-11-15 15:04:14,869 [DEBUG]: ✅ Element 50 (EulerBernoulliBeamElement3D) instantiated.
2025-11-15 15:04:14,869 [DEBUG]: ✅ Element 51 (EulerBernoulliBeamElement3D) instantiated.
2025-11-15 15:04:14,870 [DEBUG]: ✅ Element 52 (EulerBernoulliBeamElement3D) instantiated.
2025-11-15 15:04:14,870 [DEBUG]: ✅ Element 53 (EulerBernoulliBeamElement3D) instantiated.
2025-11-15 15:04:14,871 [DEBUG]: ✅ Element 54 (EulerBernoulliBeamElement3D) instantiated.
2025-11-15 15:04:14,871 [DEBUG]: ✅ Element 55 (EulerBernoulliBeamElement3D) instantiated.
2025-11-15 15:04:14,872 [DEBUG]: ✅ Element 56 (EulerBernoulliBeamElement3D) instantiated.
2025-11-15 15:04:14,873 [DEBUG]: ✅ Element 57 (EulerBernoulliBeamElement3D) instantiated.
2025-11-15 15:04:14,873 [DEBUG]: ✅ Element 58 (EulerBernoulliBeamElement3D) instantiated.
2025-11-15 15:04:14,874 [DEBUG]: ✅ Element 59 (EulerBernoulliBeamElement3D) instantiated.
2025-11-15 15:04:14,874 [DEBUG]: ✅ Element 60 (EulerBernoulliBeamElement3D) instantiated.
2025-11-15 15:04:14,875 [DEBUG]: ✅ Element 61 (EulerBernoulliBeamElement3D) instantiated.
2025-11-15 15:04:14,875 [DEBUG]: ✅ Element 62 (EulerBernoulliBeamElement3D) instantiated.
2025-11-15 15:04:14,876 [DEBUG]: ✅ Element 63 (EulerBernoulliBeamElement3D) instantiated.
2025-11-15 15:04:14,876 [DEBUG]: ✅ Element 64 (EulerBernoulliBeamElement3D) instantiated.
2025-11-15 15:04:14,876 [DEBUG]: ✅ Element 65 (EulerBernoulliBeamElement3D) instantiated.
2025-11-15 15:04:14,877 [DEBUG]: ✅ Element 66 (EulerBernoulliBeamElement3D) instantiated.
2025-11-15 15:04:14,877 [DEBUG]: ✅ Element 67 (EulerBernoulliBeamElement3D) instantiated.
2025-11-15 15:04:14,878 [DEBUG]: ✅ Element 68 (EulerBernoulliBeamElement3D) instantiated.
2025-11-15 15:04:14,878 [DEBUG]: ✅ Element 69 (EulerBernoulliBeamElement3D) instantiated.
2025-11-15 15:04:14,879 [DEBUG]: ✅ Element 70 (EulerBernoulliBeamElement3D) instantiated.
2025-11-15 15:04:14,879 [DEBUG]: ✅ Element 71 (EulerBernoulliBeamElement3D) instantiated.
2025-11-15 15:04:14,879 [DEBUG]: ✅ Element 72 (EulerBernoulliBeamElement3D) instantiated.
2025-11-15 15:04:14,880 [DEBUG]: ✅ Element 73 (EulerBernoulliBeamElement3D) instantiated.
2025-11-15 15:04:14,880 [DEBUG]: ✅ Element 74 (EulerBernoulliBeamElement3D) instantiated.
2025-11-15 15:04:14,881 [DEBUG]: ✅ Element 75 (EulerBernoulliBeamElement3D) instantiated.
2025-11-15 15:04:14,881 [DEBUG]: ✅ Element 76 (EulerBernoulliBeamElement3D) instantiated.
2025-11-15 15:04:14,881 [DEBUG]: ✅ Element 77 (EulerBernoulliBeamElement3D) instantiated.
2025-11-15 15:04:14,882 [DEBUG]: ✅ Element 78 (EulerBernoulliBeamElement3D) instantiated.
2025-11-15 15:04:14,883 [DEBUG]: ✅ Element 79 (EulerBernoulliBeamElement3D) instantiated.
2025-11-15 15:04:14,883 [DEBUG]: ✅ Element 80 (EulerBernoulliBeamElement3D) instantiated.
2025-11-15 15:04:14,884 [DEBUG]: ✅ Element 81 (EulerBernoulliBeamElement3D) instantiated.
2025-11-15 15:04:14,884 [DEBUG]: ✅ Element 82 (EulerBernoulliBeamElement3D) instantiated.
2025-11-15 15:04:14,884 [DEBUG]: ✅ Element 83 (EulerBernoulliBeamElement3D) instantiated.
2025-11-15 15:04:14,885 [DEBUG]: ✅ Element 84 (EulerBernoulliBeamElement3D) instantiated.
2025-11-15 15:04:14,885 [DEBUG]: ✅ Element 85 (EulerBernoulliBeamElement3D) instantiated.
2025-11-15 15:04:14,886 [DEBUG]: ✅ Element 86 (EulerBernoulliBeamElement3D) instantiated.
2025-11-15 15:04:14,886 [DEBUG]: ✅ Element 87 (EulerBernoulliBeamElement3D) instantiated.
2025-11-15 15:04:14,886 [DEBUG]: ✅ Element 88 (EulerBernoulliBeamElement3D) instantiated.
2025-11-15 15:04:14,887 [DEBUG]: ✅ Element 89 (EulerBernoulliBeamElement3D) instantiated.
2025-11-15 15:04:14,887 [DEBUG]: ✅ Element 90 (EulerBernoulliBeamElement3D) instantiated.
2025-11-15 15:04:14,888 [DEBUG]: ✅ Element 91 (EulerBernoulliBeamElement3D) instantiated.
2025-11-15 15:04:14,888 [DEBUG]: ✅ Element 92 (EulerBernoulliBeamElement3D) instantiated.
2025-11-15 15:04:14,889 [DEBUG]: ✅ Element 93 (EulerBernoulliBeamElement3D) instantiated.
2025-11-15 15:04:14,889 [DEBUG]: ✅ Element 94 (EulerBernoulliBeamElement3D) instantiated.
2025-11-15 15:04:14,890 [DEBUG]: ✅ Element 95 (EulerBernoulliBeamElement3D) instantiated.
2025-11-15 15:04:14,890 [DEBUG]: ✅ Element 96 (EulerBernoulliBeamElement3D) instantiated.
2025-11-15 15:04:14,890 [DEBUG]: ✅ Element 97 (EulerBernoulliBeamElement3D) instantiated.
2025-11-15 15:04:14,891 [DEBUG]: ✅ Element 98 (EulerBernoulliBeamElement3D) instantiated.
2025-11-15 15:04:14,891 [DEBUG]: ✅ Element 99 (EulerBernoulliBeamElement3D) instantiated.
2025-11-15 15:04:14,891 [DEBUG]: Logging verified for element 0.
2025-11-15 15:04:14,891 [DEBUG]: Logging verified for element 1.
2025-11-15 15:04:14,891 [DEBUG]: Logging verified for element 2.
2025-11-15 15:04:14,891 [DEBUG]: Logging verified for element 3.
2025-11-15 15:04:14,891 [DEBUG]: Logging verified for element 4.
2025-11-15 15:04:14,891 [DEBUG]: Logging verified for element 5.
2025-11-15 15:04:14,891 [DEBUG]: Logging verified for element 6.
2025-11-15 15:04:14,891 [DEBUG]: Logging verified for element 7.
2025-11-15 15:04:14,891 [DEBUG]: Logging verified for element 8.
2025-11-15 15:04:14,891 [DEBUG]: Logging verified for element 9.
2025-11-15 15:04:14,891 [DEBUG]: Logging verified for element 10.
2025-11-15 15:04:14,897 [DEBUG]: Logging verified for element 11.
2025-11-15 15:04:14,898 [DEBUG]: Logging verified for element 12.
2025-11-15 15:04:14,898 [DEBUG]: Logging verified for element 13.
2025-11-15 15:04:14,899 [DEBUG]: Logging verified for element 14.
2025-11-15 15:04:14,899 [DEBUG]: Logging verified for element 15.
2025-11-15 15:04:14,900 [DEBUG]: Logging verified for element 16.
2025-11-15 15:04:14,900 [DEBUG]: Logging verified for element 17.
2025-11-15 15:04:14,901 [DEBUG]: Logging verified for element 18.
2025-11-15 15:04:14,901 [DEBUG]: Logging verified for element 19.
2025-11-15 15:04:14,902 [DEBUG]: Logging verified for element 20.
2025-11-15 15:04:14,902 [DEBUG]: Logging verified for element 21.
2025-11-15 15:04:14,902 [DEBUG]: Logging verified for element 22.
2025-11-15 15:04:14,903 [DEBUG]: Logging verified for element 23.
2025-11-15 15:04:14,903 [DEBUG]: Logging verified for element 24.
2025-11-15 15:04:14,904 [DEBUG]: Logging verified for element 25.
2025-11-15 15:04:14,904 [DEBUG]: Logging verified for element 26.
2025-11-15 15:04:14,904 [DEBUG]: Logging verified for element 27.
2025-11-15 15:04:14,905 [DEBUG]: Logging verified for element 28.
2025-11-15 15:04:14,905 [DEBUG]: Logging verified for element 29.
2025-11-15 15:04:14,906 [DEBUG]: Logging verified for element 30.
2025-11-15 15:04:14,906 [DEBUG]: Logging verified for element 31.
2025-11-15 15:04:14,906 [DEBUG]: Logging verified for element 32.
2025-11-15 15:04:14,907 [DEBUG]: Logging verified for element 33.
2025-11-15 15:04:14,907 [DEBUG]: Logging verified for element 34.
2025-11-15 15:04:14,908 [DEBUG]: Logging verified for element 35.
2025-11-15 15:04:14,908 [DEBUG]: Logging verified for element 36.
2025-11-15 15:04:14,908 [DEBUG]: Logging verified for element 37.
2025-11-15 15:04:14,909 [DEBUG]: Logging verified for element 38.
2025-11-15 15:04:14,909 [DEBUG]: Logging verified for element 39.
2025-11-15 15:04:14,910 [DEBUG]: Logging verified for element 40.
2025-11-15 15:04:14,910 [DEBUG]: Logging verified for element 41.
2025-11-15 15:04:14,910 [DEBUG]: Logging verified for element 42.
2025-11-15 15:04:14,911 [DEBUG]: Logging verified for element 43.
2025-11-15 15:04:14,911 [DEBUG]: Logging verified for element 44.
2025-11-15 15:04:14,911 [DEBUG]: Logging verified for element 45.
2025-11-15 15:04:14,912 [DEBUG]: Logging verified for element 46.
2025-11-15 15:04:14,912 [DEBUG]: Logging verified for element 47.
2025-11-15 15:04:14,913 [DEBUG]: Logging verified for element 48.
2025-11-15 15:04:14,913 [DEBUG]: Logging verified for element 49.
2025-11-15 15:04:14,913 [DEBUG]: Logging verified for element 50.
2025-11-15 15:04:14,914 [DEBUG]: Logging verified for element 51.
2025-11-15 15:04:14,914 [DEBUG]: Logging verified for element 52.
2025-11-15 15:04:14,915 [DEBUG]: Logging verified for element 53.
2025-11-15 15:04:14,915 [DEBUG]: Logging verified for element 54.
2025-11-15 15:04:14,916 [DEBUG]: Logging verified for element 55.
2025-11-15 15:04:14,916 [DEBUG]: Logging verified for element 56.
2025-11-15 15:04:14,917 [DEBUG]: Logging verified for element 57.
2025-11-15 15:04:14,917 [DEBUG]: Logging verified for element 58.
2025-11-15 15:04:14,917 [DEBUG]: Logging verified for element 59.
2025-11-15 15:04:14,919 [DEBUG]: Logging verified for element 60.
2025-11-15 15:04:14,919 [DEBUG]: Logging verified for element 61.
2025-11-15 15:04:14,920 [DEBUG]: Logging verified for element 62.
2025-11-15 15:04:14,920 [DEBUG]: Logging verified for element 63.
2025-11-15 15:04:14,921 [DEBUG]: Logging verified for element 64.
2025-11-15 15:04:14,921 [DEBUG]: Logging verified for element 65.
2025-11-15 15:04:14,921 [DEBUG]: Logging verified for element 66.
2025-11-15 15:04:14,922 [DEBUG]: Logging verified for element 67.
2025-11-15 15:04:14,922 [DEBUG]: Logging verified for element 68.
2025-11-15 15:04:14,922 [DEBUG]: Logging verified for element 69.
2025-11-15 15:04:14,923 [DEBUG]: Logging verified for element 70.
2025-11-15 15:04:14,923 [DEBUG]: Logging verified for element 71.
2025-11-15 15:04:14,924 [DEBUG]: Logging verified for element 72.
2025-11-15 15:04:14,924 [DEBUG]: Logging verified for element 73.
2025-11-15 15:04:14,924 [DEBUG]: Logging verified for element 74.
2025-11-15 15:04:14,925 [DEBUG]: Logging verified for element 75.
2025-11-15 15:04:14,925 [DEBUG]: Logging verified for element 76.
2025-11-15 15:04:14,925 [DEBUG]: Logging verified for element 77.
2025-11-15 15:04:14,926 [DEBUG]: Logging verified for element 78.
2025-11-15 15:04:14,926 [DEBUG]: Logging verified for element 79.
2025-11-15 15:04:14,926 [DEBUG]: Logging verified for element 80.
2025-11-15 15:04:14,927 [DEBUG]: Logging verified for element 81.
2025-11-15 15:04:14,927 [DEBUG]: Logging verified for element 82.
2025-11-15 15:04:14,928 [DEBUG]: Logging verified for element 83.
2025-11-15 15:04:14,928 [DEBUG]: Logging verified for element 84.
2025-11-15 15:04:14,928 [DEBUG]: Logging verified for element 85.
2025-11-15 15:04:14,929 [DEBUG]: Logging verified for element 86.
2025-11-15 15:04:14,929 [DEBUG]: Logging verified for element 87.
2025-11-15 15:04:14,930 [DEBUG]: Logging verified for element 88.
2025-11-15 15:04:14,930 [DEBUG]: Logging verified for element 89.
2025-11-15 15:04:14,931 [DEBUG]: Logging verified for element 90.
2025-11-15 15:04:14,931 [DEBUG]: Logging verified for element 91.
2025-11-15 15:04:14,932 [DEBUG]: Logging verified for element 92.
2025-11-15 15:04:14,932 [DEBUG]: Logging verified for element 93.
2025-11-15 15:04:14,933 [DEBUG]: Logging verified for element 94.
2025-11-15 15:04:14,933 [DEBUG]: Logging verified for element 95.
2025-11-15 15:04:14,934 [DEBUG]: Logging verified for element 96.
2025-11-15 15:04:14,934 [DEBUG]: Logging verified for element 97.
2025-11-15 15:04:14,934 [DEBUG]: Logging verified for element 98.
2025-11-15 15:04:14,935 [DEBUG]: Logging verified for element 99.
2025-11-15 15:04:14,935 [INFO]: ✅ Batch element creation complete.
