Machine Specifications:
   - OS: Windows 11 (10.0.26100)
       • Logical cores: 20
       • Physical cores: 12
   - RAM: 31.24 GB
   - Disk: 943.72 GB total, 505.39 GB free
   - Python Version: 3.12.5 (C:\Users\s1834431\AppData\Local\Programs\Python\Python312\python.exe)
   - GPU(s): Intel(R) UHD Graphics 770

Job: job_0001
Timestamp (job start): 2025-11-15_15-04-26-495519
Total Time: 12.08 sec

+-------------------------------+-------------+---------------+-------------+-----------+
| Step                          |    Time (s) |   Memory (MB) |   Disk (GB) |   CPU (%) |
+===============================+=============+===============+=============+===========+
| Parsing                       |  0.00567627 |       66.9297 |     438.297 |       0   |
+-------------------------------+-------------+---------------+-------------+-----------+
| Element Instantiation         |  0.664071   |      100.195  |     438.297 |       0   |
+-------------------------------+-------------+---------------+-------------+-----------+
| Element Stiffness Computation |  0.472758   |      100.664  |     438.302 |      16.6 |
+-------------------------------+-------------+---------------+-------------+-----------+
| Element Force Computation     |  0.0493288  |      100.719  |     438.304 |       0   |
+-------------------------------+-------------+---------------+-------------+-----------+
| Full Simulation               | 10.2791     |      129.383  |     438.324 |       0   |
+-------------------------------+-------------+---------------+-------------+-----------+

Parallel Jobs: None
Start Memory: 66.67 MB | End Memory: 129.38 MB
Start Disk Usage: 438.30 GB | End Disk Usage: 438.32 GB
Start CPU: 0.00% | End CPU: 0.00%
