2025-11-16 14:18:29,237 [DEBUG] 📁 Log file: C:\Users\s1834431\.cursor\worktrees\fem_model\kXxtc\post_processing\results\job_0003_2025-11-16_14-17-02-945355_pid27564_7071248d\logs\SolveCondensedSystem.log (Module: solver, Line: 220)
2025-11-16 14:18:29,238 [DEBUG] Row/column scaling applied. (Module: solver, Line: 136)
2025-11-16 14:18:29,239 [DEBUG] Building ILU (drop_tol=1e-06, fill_factor=1.0) (Module: solver, Line: 72)
2025-11-16 14:18:29,240 [WARNING] Preconditioner 'ilu' failed (Factor is exactly singular); proceeding without it. (Module: solver, Line: 242)
2025-11-16 14:18:29,241 [INFO] Solver parameters • solver='cg', prec='None', K nnz=14980, dofs=3000 (Module: solver, Line: 153)
2025-11-16 14:18:29,241 [INFO] Condensed condition estimate: 1.04e+00 (Module: solver, Line: 159)
2025-11-16 14:18:29,242 [DEBUG] Iter   10 | residual 2.181e-05 (Module: solver, Line: 291)
2025-11-16 14:18:29,242 [DEBUG] Iter   20 | residual 6.683e-05 (Module: solver, Line: 291)
2025-11-16 14:18:29,243 [DEBUG] Iter   30 | residual 1.531e-05 (Module: solver, Line: 291)
2025-11-16 14:18:29,243 [DEBUG] Iter   40 | residual 1.596e-05 (Module: solver, Line: 291)
2025-11-16 14:18:29,244 [DEBUG] Iter   50 | residual 1.006e-04 (Module: solver, Line: 291)
2025-11-16 14:18:29,244 [DEBUG] Iter   60 | residual 4.315e-05 (Module: solver, Line: 291)
2025-11-16 14:18:29,244 [DEBUG] Iter   70 | residual 2.111e-05 (Module: solver, Line: 291)
2025-11-16 14:18:29,245 [DEBUG] Iter   80 | residual 4.197e-05 (Module: solver, Line: 291)
2025-11-16 14:18:29,245 [DEBUG] Iter   90 | residual 1.074e-04 (Module: solver, Line: 291)
2025-11-16 14:18:29,246 [DEBUG] Iter  100 | residual 2.928e-05 (Module: solver, Line: 291)
2025-11-16 14:18:29,246 [DEBUG] Iter  110 | residual 2.056e-05 (Module: solver, Line: 291)
2025-11-16 14:18:29,246 [DEBUG] Iter  120 | residual 2.849e-05 (Module: solver, Line: 291)
2025-11-16 14:18:29,247 [DEBUG] Iter  130 | residual 3.871e-05 (Module: solver, Line: 291)
2025-11-16 14:18:29,247 [DEBUG] Iter  140 | residual 2.188e-05 (Module: solver, Line: 291)
2025-11-16 14:18:29,248 [DEBUG] Iter  150 | residual 2.197e-05 (Module: solver, Line: 291)
2025-11-16 14:18:29,249 [DEBUG] Iter  160 | residual 1.246e-04 (Module: solver, Line: 291)
2025-11-16 14:18:29,249 [DEBUG] Iter  170 | residual 5.124e-05 (Module: solver, Line: 291)
2025-11-16 14:18:29,250 [DEBUG] Iter  180 | residual 2.664e-05 (Module: solver, Line: 291)
2025-11-16 14:18:29,250 [DEBUG] Iter  190 | residual 5.588e-05 (Module: solver, Line: 291)
2025-11-16 14:18:29,251 [DEBUG] Iter  200 | residual 1.351e-04 (Module: solver, Line: 291)
2025-11-16 14:18:29,251 [DEBUG] Iter  210 | residual 2.734e-05 (Module: solver, Line: 291)
2025-11-16 14:18:29,252 [DEBUG] Iter  220 | residual 2.450e-05 (Module: solver, Line: 291)
2025-11-16 14:18:29,253 [DEBUG] Iter  230 | residual 3.511e-05 (Module: solver, Line: 291)
2025-11-16 14:18:29,253 [DEBUG] Iter  240 | residual 4.642e-05 (Module: solver, Line: 291)
2025-11-16 14:18:29,253 [DEBUG] Iter  250 | residual 2.659e-05 (Module: solver, Line: 291)
2025-11-16 14:18:29,254 [DEBUG] Iter  260 | residual 2.550e-05 (Module: solver, Line: 291)
2025-11-16 14:18:29,254 [DEBUG] Iter  270 | residual 1.361e-04 (Module: solver, Line: 291)
2025-11-16 14:18:29,255 [DEBUG] Iter  280 | residual 5.366e-05 (Module: solver, Line: 291)
2025-11-16 14:18:29,255 [DEBUG] Iter  290 | residual 2.834e-05 (Module: solver, Line: 291)
2025-11-16 14:18:29,256 [DEBUG] Iter  300 | residual 6.763e-05 (Module: solver, Line: 291)
2025-11-16 14:18:29,256 [DEBUG] Iter  310 | residual 1.546e-04 (Module: solver, Line: 291)
2025-11-16 14:18:29,256 [DEBUG] Iter  320 | residual 9.943e-05 (Module: solver, Line: 291)
2025-11-16 14:18:29,256 [DEBUG] Iter  330 | residual 2.732e-05 (Module: solver, Line: 291)
2025-11-16 14:18:29,256 [DEBUG] Iter  340 | residual 4.089e-05 (Module: solver, Line: 291)
2025-11-16 14:18:29,257 [DEBUG] Iter  350 | residual 1.086e-04 (Module: solver, Line: 291)
2025-11-16 14:18:29,257 [DEBUG] Iter  360 | residual 3.113e-05 (Module: solver, Line: 291)
2025-11-16 14:18:29,258 [DEBUG] Iter  370 | residual 2.715e-05 (Module: solver, Line: 291)
2025-11-16 14:18:29,258 [DEBUG] Iter  380 | residual 3.129e-05 (Module: solver, Line: 291)
2025-11-16 14:18:29,258 [DEBUG] Iter  390 | residual 1.191e-04 (Module: solver, Line: 291)
2025-11-16 14:18:29,259 [DEBUG] Iter  400 | residual 3.009e-05 (Module: solver, Line: 291)
2025-11-16 14:18:29,259 [DEBUG] Iter  410 | residual 2.780e-05 (Module: solver, Line: 291)
2025-11-16 14:18:29,260 [DEBUG] Iter  420 | residual 9.189e-05 (Module: solver, Line: 291)
2025-11-16 14:18:29,260 [DEBUG] Iter  430 | residual 9.914e-05 (Module: solver, Line: 291)
2025-11-16 14:18:29,260 [DEBUG] Iter  440 | residual 3.932e-05 (Module: solver, Line: 291)
2025-11-16 14:18:29,261 [DEBUG] Iter  450 | residual 2.927e-05 (Module: solver, Line: 291)
2025-11-16 14:18:29,261 [DEBUG] Iter  460 | residual 1.246e-04 (Module: solver, Line: 291)
2025-11-16 14:18:29,261 [DEBUG] Iter  470 | residual 1.614e-04 (Module: solver, Line: 291)
2025-11-16 14:18:29,262 [DEBUG] Iter  480 | residual 6.543e-05 (Module: solver, Line: 291)
2025-11-16 14:18:29,262 [DEBUG] Iter  490 | residual 3.381e-05 (Module: solver, Line: 291)
2025-11-16 14:18:29,263 [DEBUG] Iter  500 | residual 7.218e-05 (Module: solver, Line: 291)
2025-11-16 14:18:29,263 [DEBUG] Iter  510 | residual 1.723e-04 (Module: solver, Line: 291)
2025-11-16 14:18:29,263 [DEBUG] Iter  520 | residual 2.993e-05 (Module: solver, Line: 291)
2025-11-16 14:18:29,264 [DEBUG] Iter  530 | residual 3.319e-05 (Module: solver, Line: 291)
2025-11-16 14:18:29,265 [DEBUG] Iter  540 | residual 6.514e-05 (Module: solver, Line: 291)
2025-11-16 14:18:29,265 [DEBUG] Iter  550 | residual 2.111e-04 (Module: solver, Line: 291)
2025-11-16 14:18:29,266 [DEBUG] Iter  560 | residual 3.047e-05 (Module: solver, Line: 291)
2025-11-16 14:18:29,267 [DEBUG] Iter  570 | residual 3.069e-05 (Module: solver, Line: 291)
2025-11-16 14:18:29,267 [DEBUG] Iter  580 | residual 4.233e-05 (Module: solver, Line: 291)
2025-11-16 14:18:29,268 [DEBUG] Iter  590 | residual 6.383e-05 (Module: solver, Line: 291)
2025-11-16 14:18:29,268 [DEBUG] Iter  600 | residual 3.381e-05 (Module: solver, Line: 291)
2025-11-16 14:18:29,268 [DEBUG] Iter  610 | residual 3.068e-05 (Module: solver, Line: 291)
2025-11-16 14:18:29,269 [DEBUG] Iter  620 | residual 1.841e-04 (Module: solver, Line: 291)
2025-11-16 14:18:29,269 [DEBUG] Iter  630 | residual 8.240e-05 (Module: solver, Line: 291)
2025-11-16 14:18:29,270 [DEBUG] Iter  640 | residual 3.559e-05 (Module: solver, Line: 291)
2025-11-16 14:18:29,270 [DEBUG] Iter  650 | residual 7.058e-05 (Module: solver, Line: 291)
2025-11-16 14:18:29,270 [DEBUG] Iter  660 | residual 1.793e-04 (Module: solver, Line: 291)
2025-11-16 14:18:29,270 [DEBUG] Iter  670 | residual 1.315e-04 (Module: solver, Line: 291)
2025-11-16 14:18:29,272 [DEBUG] Iter  680 | residual 4.950e-05 (Module: solver, Line: 291)
2025-11-16 14:18:29,272 [DEBUG] Iter  690 | residual 4.522e-05 (Module: solver, Line: 291)
2025-11-16 14:18:29,272 [DEBUG] Iter  700 | residual 1.167e-04 (Module: solver, Line: 291)
2025-11-16 14:18:29,273 [DEBUG] Iter  710 | residual 1.919e-04 (Module: solver, Line: 291)
2025-11-16 14:18:29,273 [DEBUG] Iter  720 | residual 3.197e-05 (Module: solver, Line: 291)
2025-11-16 14:18:29,274 [DEBUG] Iter  730 | residual 3.528e-05 (Module: solver, Line: 291)
2025-11-16 14:18:29,274 [DEBUG] Iter  740 | residual 6.662e-05 (Module: solver, Line: 291)
2025-11-16 14:18:29,274 [DEBUG] Iter  750 | residual 3.804e-05 (Module: solver, Line: 291)
2025-11-16 14:18:29,275 [DEBUG] Iter  760 | residual 3.241e-05 (Module: solver, Line: 291)
2025-11-16 14:18:29,275 [DEBUG] Iter  770 | residual 3.482e-05 (Module: solver, Line: 291)
2025-11-16 14:18:29,275 [DEBUG] Iter  780 | residual 1.547e-04 (Module: solver, Line: 291)
2025-11-16 14:18:29,275 [DEBUG] Iter  790 | residual 4.876e-05 (Module: solver, Line: 291)
2025-11-16 14:18:29,276 [DEBUG] Iter  800 | residual 3.380e-05 (Module: solver, Line: 291)
2025-11-16 14:18:29,276 [DEBUG] Iter  810 | residual 6.495e-05 (Module: solver, Line: 291)
2025-11-16 14:18:29,276 [DEBUG] Iter  820 | residual 3.326e-05 (Module: solver, Line: 291)
2025-11-16 14:18:29,277 [DEBUG] Iter  830 | residual 4.124e-05 (Module: solver, Line: 291)
2025-11-16 14:18:29,277 [DEBUG] Iter  840 | residual 4.151e-05 (Module: solver, Line: 291)
2025-11-16 14:18:29,278 [DEBUG] Iter  850 | residual 9.909e-05 (Module: solver, Line: 291)
2025-11-16 14:18:29,278 [DEBUG] Iter  860 | residual 3.451e-05 (Module: solver, Line: 291)
2025-11-16 14:18:29,278 [DEBUG] Iter  870 | residual 1.487e-04 (Module: solver, Line: 291)
2025-11-16 14:18:29,280 [DEBUG] Iter  880 | residual 2.054e-04 (Module: solver, Line: 291)
2025-11-16 14:18:29,280 [DEBUG] Iter  890 | residual 3.395e-05 (Module: solver, Line: 291)
2025-11-16 14:18:29,280 [DEBUG] Iter  900 | residual 8.217e-05 (Module: solver, Line: 291)
2025-11-16 14:18:29,280 [DEBUG] Iter  910 | residual 2.924e-05 (Module: solver, Line: 291)
2025-11-16 14:18:29,280 [DEBUG] Iter  920 | residual 1.745e-04 (Module: solver, Line: 291)
2025-11-16 14:18:29,282 [DEBUG] Iter  930 | residual 1.203e-04 (Module: solver, Line: 291)
2025-11-16 14:18:29,282 [DEBUG] Iter  940 | residual 4.617e-05 (Module: solver, Line: 291)
2025-11-16 14:18:29,283 [DEBUG] Iter  950 | residual 1.257e-04 (Module: solver, Line: 291)
2025-11-16 14:18:29,283 [DEBUG] Iter  960 | residual 2.760e-05 (Module: solver, Line: 291)
2025-11-16 14:18:29,283 [DEBUG] Iter  970 | residual 3.539e-05 (Module: solver, Line: 291)
2025-11-16 14:18:29,284 [DEBUG] Iter  980 | residual 3.104e-05 (Module: solver, Line: 291)
2025-11-16 14:18:29,285 [DEBUG] Iter  990 | residual 9.822e-05 (Module: solver, Line: 291)
2025-11-16 14:18:29,285 [DEBUG] Iter 1000 | residual 2.899e-05 (Module: solver, Line: 291)
2025-11-16 14:18:29,286 [DEBUG] Iter 1010 | residual 1.498e-04 (Module: solver, Line: 291)
2025-11-16 14:18:29,286 [DEBUG] Iter 1020 | residual 4.030e-05 (Module: solver, Line: 291)
2025-11-16 14:18:29,287 [DEBUG] Iter 1030 | residual 1.444e-04 (Module: solver, Line: 291)
2025-11-16 14:18:29,287 [DEBUG] Iter 1040 | residual 8.159e-05 (Module: solver, Line: 291)
2025-11-16 14:18:29,288 [DEBUG] Iter 1050 | residual 2.772e-04 (Module: solver, Line: 291)
2025-11-16 14:18:29,288 [DEBUG] Iter 1060 | residual 6.051e-05 (Module: solver, Line: 291)
2025-11-16 14:18:29,289 [DEBUG] Iter 1070 | residual 1.334e-04 (Module: solver, Line: 291)
2025-11-16 14:18:29,289 [DEBUG] Iter 1080 | residual 1.023e-04 (Module: solver, Line: 291)
2025-11-16 14:18:29,290 [DEBUG] Iter 1090 | residual 2.446e-04 (Module: solver, Line: 291)
2025-11-16 14:18:29,290 [DEBUG] Iter 1100 | residual 5.200e-05 (Module: solver, Line: 291)
2025-11-16 14:18:29,290 [DEBUG] Iter 1110 | residual 1.145e-04 (Module: solver, Line: 291)
2025-11-16 14:18:29,291 [DEBUG] Iter 1120 | residual 1.602e-04 (Module: solver, Line: 291)
2025-11-16 14:18:29,291 [DEBUG] Iter 1130 | residual 2.587e-04 (Module: solver, Line: 291)
2025-11-16 14:18:29,292 [DEBUG] Iter 1140 | residual 1.668e-04 (Module: solver, Line: 291)
2025-11-16 14:18:29,292 [DEBUG] Iter 1150 | residual 5.485e-05 (Module: solver, Line: 291)
2025-11-16 14:18:29,293 [DEBUG] Iter 1160 | residual 2.899e-04 (Module: solver, Line: 291)
2025-11-16 14:18:29,293 [DEBUG] Iter 1170 | residual 8.207e-05 (Module: solver, Line: 291)
2025-11-16 14:18:29,294 [DEBUG] Iter 1180 | residual 6.403e-05 (Module: solver, Line: 291)
2025-11-16 14:18:29,294 [DEBUG] Iter 1190 | residual 4.207e-05 (Module: solver, Line: 291)
2025-11-16 14:18:29,294 [DEBUG] Iter 1200 | residual 7.543e-05 (Module: solver, Line: 291)
2025-11-16 14:18:29,295 [DEBUG] Iter 1210 | residual 2.950e-05 (Module: solver, Line: 291)
2025-11-16 14:18:29,296 [DEBUG] Iter 1220 | residual 3.731e-05 (Module: solver, Line: 291)
2025-11-16 14:18:29,298 [DEBUG] Iter 1230 | residual 4.941e-05 (Module: solver, Line: 291)
2025-11-16 14:18:29,299 [DEBUG] Iter 1240 | residual 1.205e-04 (Module: solver, Line: 291)
2025-11-16 14:18:29,300 [DEBUG] Iter 1250 | residual 3.056e-05 (Module: solver, Line: 291)
2025-11-16 14:18:29,301 [DEBUG] Iter 1260 | residual 3.846e-05 (Module: solver, Line: 291)
2025-11-16 14:18:29,301 [DEBUG] Iter 1270 | residual 4.892e-05 (Module: solver, Line: 291)
2025-11-16 14:18:29,302 [DEBUG] Iter 1280 | residual 3.989e-05 (Module: solver, Line: 291)
2025-11-16 14:18:29,303 [DEBUG] Iter 1290 | residual 2.604e-05 (Module: solver, Line: 291)
2025-11-16 14:18:29,303 [DEBUG] Iter 1300 | residual 8.209e-05 (Module: solver, Line: 291)
2025-11-16 14:18:29,304 [DEBUG] Iter 1310 | residual 5.946e-05 (Module: solver, Line: 291)
2025-11-16 14:18:29,305 [DEBUG] Iter 1320 | residual 2.877e-05 (Module: solver, Line: 291)
2025-11-16 14:18:29,305 [DEBUG] Iter 1330 | residual 4.355e-05 (Module: solver, Line: 291)
2025-11-16 14:18:29,306 [DEBUG] Iter 1340 | residual 1.169e-04 (Module: solver, Line: 291)
2025-11-16 14:18:29,306 [DEBUG] Iter 1350 | residual 2.898e-05 (Module: solver, Line: 291)
2025-11-16 14:18:29,307 [DEBUG] Iter 1360 | residual 7.739e-05 (Module: solver, Line: 291)
2025-11-16 14:18:29,307 [DEBUG] Iter 1370 | residual 2.765e-05 (Module: solver, Line: 291)
2025-11-16 14:18:29,308 [DEBUG] Iter 1380 | residual 4.961e-05 (Module: solver, Line: 291)
2025-11-16 14:18:29,308 [DEBUG] Iter 1390 | residual 4.024e-05 (Module: solver, Line: 291)
2025-11-16 14:18:29,309 [DEBUG] Iter 1400 | residual 4.788e-05 (Module: solver, Line: 291)
2025-11-16 14:18:29,310 [DEBUG] Iter 1410 | residual 7.494e-05 (Module: solver, Line: 291)
2025-11-16 14:18:29,310 [DEBUG] Iter 1420 | residual 2.867e-05 (Module: solver, Line: 291)
2025-11-16 14:18:29,311 [DEBUG] Iter 1430 | residual 5.793e-05 (Module: solver, Line: 291)
2025-11-16 14:18:29,311 [DEBUG] Iter 1440 | residual 2.565e-05 (Module: solver, Line: 291)
2025-11-16 14:18:29,312 [DEBUG] Iter 1450 | residual 6.647e-05 (Module: solver, Line: 291)
2025-11-16 14:18:29,312 [DEBUG] Iter 1460 | residual 2.902e-05 (Module: solver, Line: 291)
2025-11-16 14:18:29,313 [DEBUG] Iter 1470 | residual 1.049e-04 (Module: solver, Line: 291)
2025-11-16 14:18:29,313 [DEBUG] Iter 1480 | residual 2.490e-05 (Module: solver, Line: 291)
2025-11-16 14:18:29,314 [DEBUG] Iter 1490 | residual 7.091e-05 (Module: solver, Line: 291)
2025-11-16 14:18:29,315 [DEBUG] Iter 1500 | residual 3.093e-05 (Module: solver, Line: 291)
2025-11-16 14:18:29,315 [DEBUG] Iter 1510 | residual 1.051e-04 (Module: solver, Line: 291)
2025-11-16 14:18:29,316 [DEBUG] Iter 1520 | residual 2.917e-05 (Module: solver, Line: 291)
2025-11-16 14:18:29,316 [DEBUG] Iter 1530 | residual 8.436e-05 (Module: solver, Line: 291)
2025-11-16 14:18:29,317 [DEBUG] Iter 1540 | residual 3.786e-05 (Module: solver, Line: 291)
2025-11-16 14:18:29,318 [DEBUG] Iter 1550 | residual 5.305e-05 (Module: solver, Line: 291)
2025-11-16 14:18:29,318 [DEBUG] Iter 1560 | residual 5.162e-05 (Module: solver, Line: 291)
2025-11-16 14:18:29,319 [DEBUG] Iter 1570 | residual 2.850e-05 (Module: solver, Line: 291)
2025-11-16 14:18:29,319 [DEBUG] Iter 1580 | residual 6.129e-05 (Module: solver, Line: 291)
2025-11-16 14:18:29,320 [DEBUG] Iter 1590 | residual 5.305e-05 (Module: solver, Line: 291)
2025-11-16 14:18:29,320 [DEBUG] Iter 1600 | residual 5.992e-05 (Module: solver, Line: 291)
2025-11-16 14:18:29,322 [DEBUG] Iter 1610 | residual 4.996e-05 (Module: solver, Line: 291)
2025-11-16 14:18:29,323 [DEBUG] Iter 1620 | residual 2.782e-05 (Module: solver, Line: 291)
2025-11-16 14:18:29,323 [DEBUG] Iter 1630 | residual 6.219e-05 (Module: solver, Line: 291)
2025-11-16 14:18:29,323 [DEBUG] Iter 1640 | residual 3.894e-05 (Module: solver, Line: 291)
2025-11-16 14:18:29,324 [DEBUG] Iter 1650 | residual 4.278e-05 (Module: solver, Line: 291)
2025-11-16 14:18:29,324 [DEBUG] Iter 1660 | residual 1.709e-04 (Module: solver, Line: 291)
2025-11-16 14:18:29,325 [DEBUG] Iter 1670 | residual 2.641e-05 (Module: solver, Line: 291)
2025-11-16 14:18:29,325 [DEBUG] Iter 1680 | residual 6.086e-05 (Module: solver, Line: 291)
2025-11-16 14:18:29,326 [DEBUG] Iter 1690 | residual 4.756e-05 (Module: solver, Line: 291)
2025-11-16 14:18:29,326 [DEBUG] Iter 1700 | residual 6.931e-05 (Module: solver, Line: 291)
2025-11-16 14:18:29,328 [DEBUG] Iter 1710 | residual 6.210e-05 (Module: solver, Line: 291)
2025-11-16 14:18:29,328 [DEBUG] Iter 1720 | residual 1.731e-04 (Module: solver, Line: 291)
2025-11-16 14:18:29,328 [DEBUG] Iter 1730 | residual 3.711e-05 (Module: solver, Line: 291)
2025-11-16 14:18:29,328 [DEBUG] Iter 1740 | residual 1.816e-04 (Module: solver, Line: 291)
2025-11-16 14:18:29,329 [DEBUG] Iter 1750 | residual 1.172e-04 (Module: solver, Line: 291)
2025-11-16 14:18:29,329 [DEBUG] Iter 1760 | residual 1.870e-04 (Module: solver, Line: 291)
2025-11-16 14:18:29,329 [DEBUG] Iter 1770 | residual 7.805e-05 (Module: solver, Line: 291)
2025-11-16 14:18:29,330 [DEBUG] Iter 1780 | residual 2.073e-04 (Module: solver, Line: 291)
2025-11-16 14:18:29,330 [DEBUG] Iter 1790 | residual 1.805e-04 (Module: solver, Line: 291)
2025-11-16 14:18:29,330 [DEBUG] Iter 1800 | residual 2.343e-04 (Module: solver, Line: 291)
2025-11-16 14:18:29,330 [DEBUG] Iter 1810 | residual 2.661e-04 (Module: solver, Line: 291)
2025-11-16 14:18:29,332 [DEBUG] Iter 1820 | residual 1.406e-04 (Module: solver, Line: 291)
2025-11-16 14:18:29,332 [DEBUG] Iter 1830 | residual 7.358e-05 (Module: solver, Line: 291)
2025-11-16 14:18:29,333 [DEBUG] Iter 1840 | residual 3.303e-04 (Module: solver, Line: 291)
2025-11-16 14:18:29,333 [DEBUG] Iter 1850 | residual 3.562e-05 (Module: solver, Line: 291)
2025-11-16 14:18:29,333 [DEBUG] Iter 1860 | residual 5.398e-05 (Module: solver, Line: 291)
2025-11-16 14:18:29,334 [DEBUG] Iter 1870 | residual 6.556e-05 (Module: solver, Line: 291)
2025-11-16 14:18:29,334 [DEBUG] Iter 1880 | residual 5.787e-05 (Module: solver, Line: 291)
2025-11-16 14:18:29,334 [DEBUG] Iter 1890 | residual 1.027e-04 (Module: solver, Line: 291)
2025-11-16 14:18:29,335 [DEBUG] Iter 1900 | residual 4.646e-05 (Module: solver, Line: 291)
2025-11-16 14:18:29,335 [DEBUG] Iter 1910 | residual 3.324e-05 (Module: solver, Line: 291)
2025-11-16 14:18:29,335 [DEBUG] Iter 1920 | residual 3.231e-05 (Module: solver, Line: 291)
2025-11-16 14:18:29,336 [DEBUG] Iter 1930 | residual 8.062e-05 (Module: solver, Line: 291)
2025-11-16 14:18:29,336 [DEBUG] Iter 1940 | residual 3.607e-05 (Module: solver, Line: 291)
2025-11-16 14:18:29,336 [DEBUG] Iter 1950 | residual 3.118e-05 (Module: solver, Line: 291)
2025-11-16 14:18:29,338 [DEBUG] Iter 1960 | residual 5.547e-05 (Module: solver, Line: 291)
2025-11-16 14:18:29,338 [DEBUG] Iter 1970 | residual 1.368e-04 (Module: solver, Line: 291)
2025-11-16 14:18:29,338 [DEBUG] Iter 1980 | residual 3.165e-05 (Module: solver, Line: 291)
2025-11-16 14:18:29,339 [DEBUG] Iter 1990 | residual 3.360e-05 (Module: solver, Line: 291)
2025-11-16 14:18:29,339 [DEBUG] Iter 2000 | residual 8.089e-05 (Module: solver, Line: 291)
2025-11-16 14:18:29,339 [DEBUG] Iter 2010 | residual 5.668e-05 (Module: solver, Line: 291)
2025-11-16 14:18:29,340 [DEBUG] Iter 2020 | residual 2.546e-05 (Module: solver, Line: 291)
2025-11-16 14:18:29,340 [DEBUG] Iter 2030 | residual 4.327e-05 (Module: solver, Line: 291)
2025-11-16 14:18:29,341 [DEBUG] Iter 2040 | residual 1.719e-04 (Module: solver, Line: 291)
2025-11-16 14:18:29,341 [DEBUG] Iter 2050 | residual 5.130e-05 (Module: solver, Line: 291)
2025-11-16 14:18:29,341 [DEBUG] Iter 2060 | residual 3.859e-05 (Module: solver, Line: 291)
2025-11-16 14:18:29,341 [DEBUG] Iter 2070 | residual 2.725e-05 (Module: solver, Line: 291)
2025-11-16 14:18:29,342 [DEBUG] Iter 2080 | residual 1.350e-04 (Module: solver, Line: 291)
2025-11-16 14:18:29,342 [DEBUG] Iter 2090 | residual 5.636e-05 (Module: solver, Line: 291)
2025-11-16 14:18:29,342 [DEBUG] Iter 2100 | residual 9.214e-05 (Module: solver, Line: 291)
2025-11-16 14:18:29,343 [DEBUG] Iter 2110 | residual 2.712e-05 (Module: solver, Line: 291)
2025-11-16 14:18:29,344 [DEBUG] Iter 2120 | residual 5.440e-05 (Module: solver, Line: 291)
2025-11-16 14:18:29,344 [DEBUG] Iter 2130 | residual 9.000e-05 (Module: solver, Line: 291)
2025-11-16 14:18:29,344 [DEBUG] Iter 2140 | residual 9.205e-05 (Module: solver, Line: 291)
2025-11-16 14:18:29,344 [DEBUG] Iter 2150 | residual 2.446e-05 (Module: solver, Line: 291)
2025-11-16 14:18:29,344 [DEBUG] Iter 2160 | residual 5.248e-05 (Module: solver, Line: 291)
2025-11-16 14:18:29,345 [DEBUG] Iter 2170 | residual 6.013e-05 (Module: solver, Line: 291)
2025-11-16 14:18:29,346 [DEBUG] Iter 2180 | residual 6.866e-05 (Module: solver, Line: 291)
2025-11-16 14:18:29,346 [DEBUG] Iter 2190 | residual 3.889e-05 (Module: solver, Line: 291)
2025-11-16 14:18:29,346 [DEBUG] Iter 2200 | residual 3.867e-05 (Module: solver, Line: 291)
2025-11-16 14:18:29,347 [DEBUG] Iter 2210 | residual 6.507e-05 (Module: solver, Line: 291)
2025-11-16 14:18:29,347 [DEBUG] Iter 2220 | residual 6.409e-05 (Module: solver, Line: 291)
2025-11-16 14:18:29,348 [DEBUG] Iter 2230 | residual 6.746e-05 (Module: solver, Line: 291)
2025-11-16 14:18:29,348 [DEBUG] Iter 2240 | residual 6.801e-05 (Module: solver, Line: 291)
2025-11-16 14:18:29,348 [DEBUG] Iter 2250 | residual 2.902e-05 (Module: solver, Line: 291)
2025-11-16 14:18:29,349 [DEBUG] Iter 2260 | residual 3.521e-05 (Module: solver, Line: 291)
2025-11-16 14:18:29,350 [DEBUG] Iter 2270 | residual 4.125e-05 (Module: solver, Line: 291)
2025-11-16 14:18:29,350 [DEBUG] Iter 2280 | residual 2.361e-04 (Module: solver, Line: 291)
2025-11-16 14:18:29,351 [DEBUG] Iter 2290 | residual 1.072e-04 (Module: solver, Line: 291)
2025-11-16 14:18:29,351 [DEBUG] Iter 2300 | residual 6.729e-05 (Module: solver, Line: 291)
2025-11-16 14:18:29,351 [DEBUG] Iter 2310 | residual 2.628e-05 (Module: solver, Line: 291)
2025-11-16 14:18:29,352 [DEBUG] Iter 2320 | residual 6.106e-05 (Module: solver, Line: 291)
2025-11-16 14:18:29,352 [DEBUG] Iter 2330 | residual 1.066e-04 (Module: solver, Line: 291)
2025-11-16 14:18:29,352 [DEBUG] Iter 2340 | residual 8.363e-05 (Module: solver, Line: 291)
2025-11-16 14:18:29,353 [DEBUG] Iter 2350 | residual 2.460e-04 (Module: solver, Line: 291)
2025-11-16 14:18:29,353 [DEBUG] Iter 2360 | residual 4.346e-05 (Module: solver, Line: 291)
2025-11-16 14:18:29,354 [DEBUG] Iter 2370 | residual 4.127e-05 (Module: solver, Line: 291)
2025-11-16 14:18:29,354 [DEBUG] Iter 2380 | residual 4.136e-05 (Module: solver, Line: 291)
2025-11-16 14:18:29,354 [DEBUG] Iter 2390 | residual 3.126e-04 (Module: solver, Line: 291)
2025-11-16 14:18:29,355 [DEBUG] Iter 2400 | residual 7.126e-05 (Module: solver, Line: 291)
2025-11-16 14:18:29,355 [DEBUG] Iter 2410 | residual 1.194e-04 (Module: solver, Line: 291)
2025-11-16 14:18:29,356 [DEBUG] Iter 2420 | residual 1.142e-04 (Module: solver, Line: 291)
2025-11-16 14:18:29,356 [DEBUG] Iter 2430 | residual 1.468e-04 (Module: solver, Line: 291)
2025-11-16 14:18:29,356 [DEBUG] Iter 2440 | residual 1.398e-04 (Module: solver, Line: 291)
2025-11-16 14:18:29,357 [DEBUG] Iter 2450 | residual 1.296e-04 (Module: solver, Line: 291)
2025-11-16 14:18:29,357 [DEBUG] Iter 2460 | residual 1.589e-04 (Module: solver, Line: 291)
2025-11-16 14:18:29,357 [DEBUG] Iter 2470 | residual 3.196e-04 (Module: solver, Line: 291)
2025-11-16 14:18:29,358 [DEBUG] Iter 2480 | residual 3.985e-05 (Module: solver, Line: 291)
2025-11-16 14:18:29,358 [DEBUG] Iter 2490 | residual 3.081e-05 (Module: solver, Line: 291)
2025-11-16 14:18:29,358 [DEBUG] Iter 2500 | residual 4.052e-05 (Module: solver, Line: 291)
2025-11-16 14:18:29,358 [DEBUG] Iter 2510 | residual 6.620e-05 (Module: solver, Line: 291)
2025-11-16 14:18:29,359 [DEBUG] Iter 2520 | residual 9.598e-05 (Module: solver, Line: 291)
2025-11-16 14:18:29,359 [DEBUG] Iter 2530 | residual 8.571e-05 (Module: solver, Line: 291)
2025-11-16 14:18:29,359 [DEBUG] Iter 2540 | residual 5.088e-05 (Module: solver, Line: 291)
2025-11-16 14:18:29,360 [DEBUG] Iter 2550 | residual 3.515e-05 (Module: solver, Line: 291)
2025-11-16 14:18:29,360 [DEBUG] Iter 2560 | residual 3.653e-05 (Module: solver, Line: 291)
2025-11-16 14:18:29,361 [DEBUG] Iter 2570 | residual 3.297e-05 (Module: solver, Line: 291)
2025-11-16 14:18:29,361 [DEBUG] Iter 2580 | residual 5.748e-05 (Module: solver, Line: 291)
2025-11-16 14:18:29,361 [DEBUG] Iter 2590 | residual 1.286e-04 (Module: solver, Line: 291)
2025-11-16 14:18:29,362 [DEBUG] Iter 2600 | residual 1.244e-04 (Module: solver, Line: 291)
2025-11-16 14:18:29,362 [DEBUG] Iter 2610 | residual 3.590e-05 (Module: solver, Line: 291)
2025-11-16 14:18:29,362 [DEBUG] Iter 2620 | residual 4.261e-05 (Module: solver, Line: 291)
2025-11-16 14:18:29,363 [DEBUG] Iter 2630 | residual 3.517e-05 (Module: solver, Line: 291)
2025-11-16 14:18:29,363 [DEBUG] Iter 2640 | residual 6.354e-05 (Module: solver, Line: 291)
2025-11-16 14:18:29,364 [DEBUG] Iter 2650 | residual 6.695e-05 (Module: solver, Line: 291)
2025-11-16 14:18:29,364 [DEBUG] Iter 2660 | residual 1.000e-04 (Module: solver, Line: 291)
2025-11-16 14:18:29,365 [DEBUG] Iter 2670 | residual 6.174e-05 (Module: solver, Line: 291)
2025-11-16 14:18:29,365 [DEBUG] Iter 2680 | residual 8.258e-05 (Module: solver, Line: 291)
2025-11-16 14:18:29,366 [DEBUG] Iter 2690 | residual 3.141e-05 (Module: solver, Line: 291)
2025-11-16 14:18:29,367 [DEBUG] Iter 2700 | residual 3.660e-05 (Module: solver, Line: 291)
2025-11-16 14:18:29,367 [DEBUG] Iter 2710 | residual 4.835e-05 (Module: solver, Line: 291)
2025-11-16 14:18:29,368 [DEBUG] Iter 2720 | residual 4.390e-05 (Module: solver, Line: 291)
2025-11-16 14:18:29,368 [DEBUG] Iter 2730 | residual 9.388e-05 (Module: solver, Line: 291)
2025-11-16 14:18:29,369 [DEBUG] Iter 2740 | residual 1.039e-04 (Module: solver, Line: 291)
2025-11-16 14:18:29,369 [DEBUG] Iter 2750 | residual 3.667e-04 (Module: solver, Line: 291)
2025-11-16 14:18:29,370 [DEBUG] Iter 2760 | residual 5.444e-05 (Module: solver, Line: 291)
2025-11-16 14:18:29,370 [DEBUG] Iter 2770 | residual 1.478e-04 (Module: solver, Line: 291)
2025-11-16 14:18:29,372 [DEBUG] Iter 2780 | residual 4.902e-05 (Module: solver, Line: 291)
2025-11-16 14:18:29,372 [DEBUG] Iter 2790 | residual 1.438e-04 (Module: solver, Line: 291)
2025-11-16 14:18:29,373 [DEBUG] Iter 2800 | residual 9.607e-05 (Module: solver, Line: 291)
2025-11-16 14:18:29,373 [DEBUG] Iter 2810 | residual 2.292e-04 (Module: solver, Line: 291)
2025-11-16 14:18:29,374 [DEBUG] Iter 2820 | residual 5.046e-04 (Module: solver, Line: 291)
2025-11-16 14:18:29,374 [DEBUG] Iter 2830 | residual 4.346e-04 (Module: solver, Line: 291)
2025-11-16 14:18:29,374 [DEBUG] Iter 2840 | residual 6.361e-05 (Module: solver, Line: 291)
2025-11-16 14:18:29,375 [DEBUG] Iter 2850 | residual 4.232e-05 (Module: solver, Line: 291)
2025-11-16 14:18:29,375 [DEBUG] Iter 2860 | residual 6.406e-05 (Module: solver, Line: 291)
2025-11-16 14:18:29,376 [DEBUG] Iter 2870 | residual 1.866e-04 (Module: solver, Line: 291)
2025-11-16 14:18:29,376 [DEBUG] Iter 2880 | residual 4.066e-04 (Module: solver, Line: 291)
2025-11-16 14:18:29,376 [DEBUG] Iter 2890 | residual 6.371e-05 (Module: solver, Line: 291)
2025-11-16 14:18:29,377 [DEBUG] Iter 2900 | residual 5.519e-04 (Module: solver, Line: 291)
2025-11-16 14:18:29,377 [DEBUG] Iter 2910 | residual 1.320e-04 (Module: solver, Line: 291)
2025-11-16 14:18:29,378 [DEBUG] Iter 2920 | residual 2.003e-04 (Module: solver, Line: 291)
2025-11-16 14:18:29,378 [DEBUG] Iter 2930 | residual 3.302e-05 (Module: solver, Line: 291)
2025-11-16 14:18:29,378 [DEBUG] Iter 2940 | residual 1.476e-04 (Module: solver, Line: 291)
2025-11-16 14:18:29,379 [DEBUG] Iter 2950 | residual 3.598e-05 (Module: solver, Line: 291)
2025-11-16 14:18:29,379 [DEBUG] Iter 2960 | residual 1.111e-04 (Module: solver, Line: 291)
2025-11-16 14:18:29,379 [DEBUG] Iter 2970 | residual 5.727e-05 (Module: solver, Line: 291)
2025-11-16 14:18:29,380 [DEBUG] Iter 2980 | residual 2.929e-04 (Module: solver, Line: 291)
2025-11-16 14:18:29,380 [DEBUG] Iter 2990 | residual 1.324e-04 (Module: solver, Line: 291)
2025-11-16 14:18:29,380 [WARNING] Iterative solver aborted: Divergence detected (Module: solver, Line: 304)
2025-11-16 14:18:29,380 [INFO] Switching to direct SuperLU fall-back. (Module: solver, Line: 317)
2025-11-16 14:18:29,380 [DEBUG] Using SuperLU direct solver (Module: solver, Line: 269)
2025-11-16 14:18:29,383 [INFO] Condensed residual norm: 1.670e-04 (Module: solver, Line: 176)
2025-11-16 14:18:29,383 [WARNING] Residual is high – verify model! (Module: solver, Line: 178)
2025-11-16 14:18:29,383 [INFO] 📊 Condensed solver report: (Module: solver, Line: 342)
2025-11-16 14:18:29,383 [INFO]  • dofs: 3000 (Module: solver, Line: 344)
2025-11-16 14:18:29,383 [INFO]  • nnz: 14980 (Module: solver, Line: 344)
2025-11-16 14:18:29,383 [INFO]  • density: 0.0016644444444444445 (Module: solver, Line: 344)
2025-11-16 14:18:29,383 [INFO]  • condition_est: 1.0428006104237286 (Module: solver, Line: 344)
2025-11-16 14:18:29,383 [INFO]  • solve_phases: {'factorization': 0.002270400000270456, 'solution': 0.002578500017989427} (Module: solver, Line: 344)
2025-11-16 14:18:29,383 [INFO]  • iters: 2993 (Module: solver, Line: 344)
2025-11-16 14:18:29,383 [INFO]  • final_residual: 0.0008345859224008721 (Module: solver, Line: 344)
