2025-11-16 14:58:43,711 [DEBUG]: 🟢 ElementFactory logger initialised.
2025-11-16 14:58:43,711 [INFO]: 🚩 Starting batch element creation.
2025-11-16 14:58:43,711 [DEBUG]: Element IDs sanitised: [0, 1, 2, 3, 4, 5, 6, 7, 8, 9, 10, 11, 12, 13, 14, 15, 16, 17, 18, 19, 20, 21, 22, 23, 24, 25, 26, 27, 28, 29, 30, 31, 32, 33, 34, 35, 36, 37, 38, 39, 40, 41, 42, 43, 44, 45, 46, 47, 48, 49, 50, 51, 52, 53, 54, 55, 56, 57, 58, 59, 60, 61, 62, 63, 64, 65, 66, 67, 68, 69, 70, 71, 72, 73, 74, 75, 76, 77, 78, 79, 80, 81, 82, 83, 84, 85, 86, 87, 88, 89, 90, 91, 92, 93, 94, 95, 96, 97, 98, 99, 100, 101, 102, 103, 104, 105, 106, 107, 108, 109, 110, 111, 112, 113, 114, 115, 116, 117, 118, 119, 120, 121, 122, 123, 124, 125, 126, 127, 128, 129, 130, 131, 132, 133, 134, 135, 136, 137, 138, 139, 140, 141, 142, 143, 144, 145, 146, 147, 148, 149, 150, 151, 152, 153, 154, 155, 156, 157, 158, 159, 160, 161, 162, 163, 164, 165, 166, 167, 168, 169, 170, 171, 172, 173, 174, 175, 176, 177, 178, 179, 180, 181, 182, 183, 184, 185, 186, 187, 188, 189, 190, 191, 192, 193, 194, 195, 196, 197, 198, 199, 200, 201, 202, 203, 204, 205, 206, 207, 208, 209, 210, 211, 212, 213, 214, 215, 216, 217, 218, 219, 220, 221, 222, 223, 224, 225, 226, 227, 228, 229, 230, 231, 232, 233, 234, 235, 236, 237, 238, 239, 240, 241, 242, 243, 244, 245, 246, 247, 248, 249, 250, 251, 252, 253, 254, 255, 256, 257, 258, 259, 260, 261, 262, 263, 264, 265, 266, 267, 268, 269, 270, 271, 272, 273, 274, 275, 276, 277, 278, 279, 280, 281, 282, 283, 284, 285, 286, 287, 288, 289, 290, 291, 292, 293, 294, 295, 296, 297, 298, 299, 300, 301, 302, 303, 304, 305, 306, 307, 308, 309, 310, 311, 312, 313, 314, 315, 316, 317, 318, 319, 320, 321, 322, 323, 324, 325, 326, 327, 328, 329, 330, 331, 332, 333, 334, 335, 336, 337, 338, 339, 340, 341, 342, 343, 344, 345, 346, 347, 348, 349, 350, 351, 352, 353, 354, 355, 356, 357, 358, 359, 360, 361, 362, 363, 364, 365, 366, 367, 368, 369, 370, 371, 372, 373, 374, 375, 376, 377, 378, 379, 380, 381, 382, 383, 384, 385, 386, 387, 388, 389, 390, 391, 392, 393, 394, 395, 396, 397, 398, 399, 400, 401, 402, 403, 404, 405, 406, 407, 408, 409, 410, 411, 412, 413, 414, 415, 416, 417, 418, 419, 420, 421, 422, 423, 424, 425, 426, 427, 428, 429, 430, 431, 432, 433, 434, 435, 436, 437, 438, 439, 440, 441, 442, 443, 444, 445, 446, 447, 448, 449, 450, 451, 452, 453, 454, 455, 456, 457, 458, 459, 460, 461, 462, 463, 464, 465, 466, 467, 468, 469, 470, 471, 472, 473, 474, 475, 476, 477, 478, 479, 480, 481, 482, 483, 484, 485, 486, 487, 488, 489, 490, 491, 492, 493, 494, 495, 496, 497, 498, 499]
2025-11-16 14:58:43,712 [DEBUG]: Module for EulerBernoulliBeamElement3D loaded.
2025-11-16 14:58:43,713 [DEBUG]: ✅ Element 0 (EulerBernoulliBeamElement3D) instantiated.
2025-11-16 14:58:43,714 [DEBUG]: ✅ Element 1 (EulerBernoulliBeamElement3D) instantiated.
2025-11-16 14:58:43,714 [DEBUG]: ✅ Element 2 (EulerBernoulliBeamElement3D) instantiated.
2025-11-16 14:58:43,714 [DEBUG]: ✅ Element 3 (EulerBernoulliBeamElement3D) instantiated.
2025-11-16 14:58:43,715 [DEBUG]: ✅ Element 4 (EulerBernoulliBeamElement3D) instantiated.
2025-11-16 14:58:43,715 [DEBUG]: ✅ Element 5 (EulerBernoulliBeamElement3D) instantiated.
2025-11-16 14:58:43,716 [DEBUG]: ✅ Element 6 (EulerBernoulliBeamElement3D) instantiated.
2025-11-16 14:58:43,716 [DEBUG]: ✅ Element 7 (EulerBernoulliBeamElement3D) instantiated.
2025-11-16 14:58:43,717 [DEBUG]: ✅ Element 8 (EulerBernoulliBeamElement3D) instantiated.
2025-11-16 14:58:43,717 [DEBUG]: ✅ Element 9 (EulerBernoulliBeamElement3D) instantiated.
2025-11-16 14:58:43,718 [DEBUG]: ✅ Element 10 (EulerBernoulliBeamElement3D) instantiated.
2025-11-16 14:58:43,718 [DEBUG]: ✅ Element 11 (EulerBernoulliBeamElement3D) instantiated.
2025-11-16 14:58:43,719 [DEBUG]: ✅ Element 12 (EulerBernoulliBeamElement3D) instantiated.
2025-11-16 14:58:43,719 [DEBUG]: ✅ Element 13 (EulerBernoulliBeamElement3D) instantiated.
2025-11-16 14:58:43,720 [DEBUG]: ✅ Element 14 (EulerBernoulliBeamElement3D) instantiated.
2025-11-16 14:58:43,720 [DEBUG]: ✅ Element 15 (EulerBernoulliBeamElement3D) instantiated.
2025-11-16 14:58:43,720 [DEBUG]: ✅ Element 16 (EulerBernoulliBeamElement3D) instantiated.
2025-11-16 14:58:43,721 [DEBUG]: ✅ Element 17 (EulerBernoulliBeamElement3D) instantiated.
2025-11-16 14:58:43,721 [DEBUG]: ✅ Element 18 (EulerBernoulliBeamElement3D) instantiated.
2025-11-16 14:58:43,721 [DEBUG]: ✅ Element 19 (EulerBernoulliBeamElement3D) instantiated.
2025-11-16 14:58:43,722 [DEBUG]: ✅ Element 20 (EulerBernoulliBeamElement3D) instantiated.
2025-11-16 14:58:43,722 [DEBUG]: ✅ Element 21 (EulerBernoulliBeamElement3D) instantiated.
2025-11-16 14:58:43,723 [DEBUG]: ✅ Element 22 (EulerBernoulliBeamElement3D) instantiated.
2025-11-16 14:58:43,723 [DEBUG]: ✅ Element 23 (EulerBernoulliBeamElement3D) instantiated.
2025-11-16 14:58:43,723 [DEBUG]: ✅ Element 24 (EulerBernoulliBeamElement3D) instantiated.
2025-11-16 14:58:43,724 [DEBUG]: ✅ Element 25 (EulerBernoulliBeamElement3D) instantiated.
2025-11-16 14:58:43,724 [DEBUG]: ✅ Element 26 (EulerBernoulliBeamElement3D) instantiated.
2025-11-16 14:58:43,725 [DEBUG]: ✅ Element 27 (EulerBernoulliBeamElement3D) instantiated.
2025-11-16 14:58:43,725 [DEBUG]: ✅ Element 28 (EulerBernoulliBeamElement3D) instantiated.
2025-11-16 14:58:43,726 [DEBUG]: ✅ Element 29 (EulerBernoulliBeamElement3D) instantiated.
2025-11-16 14:58:43,726 [DEBUG]: ✅ Element 30 (EulerBernoulliBeamElement3D) instantiated.
2025-11-16 14:58:43,727 [DEBUG]: ✅ Element 31 (EulerBernoulliBeamElement3D) instantiated.
2025-11-16 14:58:43,727 [DEBUG]: ✅ Element 32 (EulerBernoulliBeamElement3D) instantiated.
2025-11-16 14:58:43,728 [DEBUG]: ✅ Element 33 (EulerBernoulliBeamElement3D) instantiated.
2025-11-16 14:58:43,729 [DEBUG]: ✅ Element 34 (EulerBernoulliBeamElement3D) instantiated.
2025-11-16 14:58:43,729 [DEBUG]: ✅ Element 35 (EulerBernoulliBeamElement3D) instantiated.
2025-11-16 14:58:43,729 [DEBUG]: ✅ Element 36 (EulerBernoulliBeamElement3D) instantiated.
2025-11-16 14:58:43,730 [DEBUG]: ✅ Element 37 (EulerBernoulliBeamElement3D) instantiated.
2025-11-16 14:58:43,730 [DEBUG]: ✅ Element 38 (EulerBernoulliBeamElement3D) instantiated.
2025-11-16 14:58:43,731 [DEBUG]: ✅ Element 39 (EulerBernoulliBeamElement3D) instantiated.
2025-11-16 14:58:43,731 [DEBUG]: ✅ Element 40 (EulerBernoulliBeamElement3D) instantiated.
2025-11-16 14:58:43,731 [DEBUG]: ✅ Element 41 (EulerBernoulliBeamElement3D) instantiated.
2025-11-16 14:58:43,732 [DEBUG]: ✅ Element 42 (EulerBernoulliBeamElement3D) instantiated.
2025-11-16 14:58:43,732 [DEBUG]: ✅ Element 43 (EulerBernoulliBeamElement3D) instantiated.
2025-11-16 14:58:43,732 [DEBUG]: ✅ Element 44 (EulerBernoulliBeamElement3D) instantiated.
2025-11-16 14:58:43,734 [DEBUG]: ✅ Element 45 (EulerBernoulliBeamElement3D) instantiated.
2025-11-16 14:58:43,734 [DEBUG]: ✅ Element 46 (EulerBernoulliBeamElement3D) instantiated.
2025-11-16 14:58:43,734 [DEBUG]: ✅ Element 47 (EulerBernoulliBeamElement3D) instantiated.
2025-11-16 14:58:43,735 [DEBUG]: ✅ Element 48 (EulerBernoulliBeamElement3D) instantiated.
2025-11-16 14:58:43,735 [DEBUG]: ✅ Element 49 (EulerBernoulliBeamElement3D) instantiated.
2025-11-16 14:58:43,736 [DEBUG]: ✅ Element 50 (EulerBernoulliBeamElement3D) instantiated.
2025-11-16 14:58:43,736 [DEBUG]: ✅ Element 51 (EulerBernoulliBeamElement3D) instantiated.
2025-11-16 14:58:43,737 [DEBUG]: ✅ Element 52 (EulerBernoulliBeamElement3D) instantiated.
2025-11-16 14:58:43,737 [DEBUG]: ✅ Element 53 (EulerBernoulliBeamElement3D) instantiated.
2025-11-16 14:58:43,738 [DEBUG]: ✅ Element 54 (EulerBernoulliBeamElement3D) instantiated.
2025-11-16 14:58:43,738 [DEBUG]: ✅ Element 55 (EulerBernoulliBeamElement3D) instantiated.
2025-11-16 14:58:43,738 [DEBUG]: ✅ Element 56 (EulerBernoulliBeamElement3D) instantiated.
2025-11-16 14:58:43,739 [DEBUG]: ✅ Element 57 (EulerBernoulliBeamElement3D) instantiated.
2025-11-16 14:58:43,739 [DEBUG]: ✅ Element 58 (EulerBernoulliBeamElement3D) instantiated.
2025-11-16 14:58:43,740 [DEBUG]: ✅ Element 59 (EulerBernoulliBeamElement3D) instantiated.
2025-11-16 14:58:43,740 [DEBUG]: ✅ Element 60 (EulerBernoulliBeamElement3D) instantiated.
2025-11-16 14:58:43,740 [DEBUG]: ✅ Element 61 (EulerBernoulliBeamElement3D) instantiated.
2025-11-16 14:58:43,741 [DEBUG]: ✅ Element 62 (EulerBernoulliBeamElement3D) instantiated.
2025-11-16 14:58:43,741 [DEBUG]: ✅ Element 63 (EulerBernoulliBeamElement3D) instantiated.
2025-11-16 14:58:43,742 [DEBUG]: ✅ Element 64 (EulerBernoulliBeamElement3D) instantiated.
2025-11-16 14:58:43,742 [DEBUG]: ✅ Element 65 (EulerBernoulliBeamElement3D) instantiated.
2025-11-16 14:58:43,743 [DEBUG]: ✅ Element 66 (EulerBernoulliBeamElement3D) instantiated.
2025-11-16 14:58:43,743 [DEBUG]: ✅ Element 67 (EulerBernoulliBeamElement3D) instantiated.
2025-11-16 14:58:43,744 [DEBUG]: ✅ Element 68 (EulerBernoulliBeamElement3D) instantiated.
2025-11-16 14:58:43,744 [DEBUG]: ✅ Element 69 (EulerBernoulliBeamElement3D) instantiated.
2025-11-16 14:58:43,745 [DEBUG]: ✅ Element 70 (EulerBernoulliBeamElement3D) instantiated.
2025-11-16 14:58:43,745 [DEBUG]: ✅ Element 71 (EulerBernoulliBeamElement3D) instantiated.
2025-11-16 14:58:43,746 [DEBUG]: ✅ Element 72 (EulerBernoulliBeamElement3D) instantiated.
2025-11-16 14:58:43,746 [DEBUG]: ✅ Element 73 (EulerBernoulliBeamElement3D) instantiated.
2025-11-16 14:58:43,746 [DEBUG]: ✅ Element 74 (EulerBernoulliBeamElement3D) instantiated.
2025-11-16 14:58:43,747 [DEBUG]: ✅ Element 75 (EulerBernoulliBeamElement3D) instantiated.
2025-11-16 14:58:43,747 [DEBUG]: ✅ Element 76 (EulerBernoulliBeamElement3D) instantiated.
2025-11-16 14:58:43,747 [DEBUG]: ✅ Element 77 (EulerBernoulliBeamElement3D) instantiated.
2025-11-16 14:58:43,748 [DEBUG]: ✅ Element 78 (EulerBernoulliBeamElement3D) instantiated.
2025-11-16 14:58:43,748 [DEBUG]: ✅ Element 79 (EulerBernoulliBeamElement3D) instantiated.
2025-11-16 14:58:43,749 [DEBUG]: ✅ Element 80 (EulerBernoulliBeamElement3D) instantiated.
2025-11-16 14:58:43,749 [DEBUG]: ✅ Element 81 (EulerBernoulliBeamElement3D) instantiated.
2025-11-16 14:58:43,750 [DEBUG]: ✅ Element 82 (EulerBernoulliBeamElement3D) instantiated.
2025-11-16 14:58:43,750 [DEBUG]: ✅ Element 83 (EulerBernoulliBeamElement3D) instantiated.
2025-11-16 14:58:43,751 [DEBUG]: ✅ Element 84 (EulerBernoulliBeamElement3D) instantiated.
2025-11-16 14:58:43,751 [DEBUG]: ✅ Element 85 (EulerBernoulliBeamElement3D) instantiated.
2025-11-16 14:58:43,751 [DEBUG]: ✅ Element 86 (EulerBernoulliBeamElement3D) instantiated.
2025-11-16 14:58:43,753 [DEBUG]: ✅ Element 87 (EulerBernoulliBeamElement3D) instantiated.
2025-11-16 14:58:43,753 [DEBUG]: ✅ Element 88 (EulerBernoulliBeamElement3D) instantiated.
2025-11-16 14:58:43,754 [DEBUG]: ✅ Element 89 (EulerBernoulliBeamElement3D) instantiated.
2025-11-16 14:58:43,754 [DEBUG]: ✅ Element 90 (EulerBernoulliBeamElement3D) instantiated.
2025-11-16 14:58:43,754 [DEBUG]: ✅ Element 91 (EulerBernoulliBeamElement3D) instantiated.
2025-11-16 14:58:43,755 [DEBUG]: ✅ Element 92 (EulerBernoulliBeamElement3D) instantiated.
2025-11-16 14:58:43,755 [DEBUG]: ✅ Element 93 (EulerBernoulliBeamElement3D) instantiated.
2025-11-16 14:58:43,756 [DEBUG]: ✅ Element 94 (EulerBernoulliBeamElement3D) instantiated.
2025-11-16 14:58:43,756 [DEBUG]: ✅ Element 95 (EulerBernoulliBeamElement3D) instantiated.
2025-11-16 14:58:43,757 [DEBUG]: ✅ Element 96 (EulerBernoulliBeamElement3D) instantiated.
2025-11-16 14:58:43,757 [DEBUG]: ✅ Element 97 (EulerBernoulliBeamElement3D) instantiated.
2025-11-16 14:58:43,757 [DEBUG]: ✅ Element 98 (EulerBernoulliBeamElement3D) instantiated.
2025-11-16 14:58:43,758 [DEBUG]: ✅ Element 99 (EulerBernoulliBeamElement3D) instantiated.
2025-11-16 14:58:43,758 [DEBUG]: ✅ Element 100 (EulerBernoulliBeamElement3D) instantiated.
2025-11-16 14:58:43,759 [DEBUG]: ✅ Element 101 (EulerBernoulliBeamElement3D) instantiated.
2025-11-16 14:58:43,759 [DEBUG]: ✅ Element 102 (EulerBernoulliBeamElement3D) instantiated.
2025-11-16 14:58:43,760 [DEBUG]: ✅ Element 103 (EulerBernoulliBeamElement3D) instantiated.
2025-11-16 14:58:43,760 [DEBUG]: ✅ Element 104 (EulerBernoulliBeamElement3D) instantiated.
2025-11-16 14:58:43,761 [DEBUG]: ✅ Element 105 (EulerBernoulliBeamElement3D) instantiated.
2025-11-16 14:58:43,761 [DEBUG]: ✅ Element 106 (EulerBernoulliBeamElement3D) instantiated.
2025-11-16 14:58:43,762 [DEBUG]: ✅ Element 107 (EulerBernoulliBeamElement3D) instantiated.
2025-11-16 14:58:43,763 [DEBUG]: ✅ Element 108 (EulerBernoulliBeamElement3D) instantiated.
2025-11-16 14:58:43,763 [DEBUG]: ✅ Element 109 (EulerBernoulliBeamElement3D) instantiated.
2025-11-16 14:58:43,764 [DEBUG]: ✅ Element 110 (EulerBernoulliBeamElement3D) instantiated.
2025-11-16 14:58:43,764 [DEBUG]: ✅ Element 111 (EulerBernoulliBeamElement3D) instantiated.
2025-11-16 14:58:43,765 [DEBUG]: ✅ Element 112 (EulerBernoulliBeamElement3D) instantiated.
2025-11-16 14:58:43,765 [DEBUG]: ✅ Element 113 (EulerBernoulliBeamElement3D) instantiated.
2025-11-16 14:58:43,766 [DEBUG]: ✅ Element 114 (EulerBernoulliBeamElement3D) instantiated.
2025-11-16 14:58:43,766 [DEBUG]: ✅ Element 115 (EulerBernoulliBeamElement3D) instantiated.
2025-11-16 14:58:43,766 [DEBUG]: ✅ Element 116 (EulerBernoulliBeamElement3D) instantiated.
2025-11-16 14:58:43,767 [DEBUG]: ✅ Element 117 (EulerBernoulliBeamElement3D) instantiated.
2025-11-16 14:58:43,767 [DEBUG]: ✅ Element 118 (EulerBernoulliBeamElement3D) instantiated.
2025-11-16 14:58:43,768 [DEBUG]: ✅ Element 119 (EulerBernoulliBeamElement3D) instantiated.
2025-11-16 14:58:43,768 [DEBUG]: ✅ Element 120 (EulerBernoulliBeamElement3D) instantiated.
2025-11-16 14:58:43,769 [DEBUG]: ✅ Element 121 (EulerBernoulliBeamElement3D) instantiated.
2025-11-16 14:58:43,769 [DEBUG]: ✅ Element 122 (EulerBernoulliBeamElement3D) instantiated.
2025-11-16 14:58:43,770 [DEBUG]: ✅ Element 123 (EulerBernoulliBeamElement3D) instantiated.
2025-11-16 14:58:43,770 [DEBUG]: ✅ Element 124 (EulerBernoulliBeamElement3D) instantiated.
2025-11-16 14:58:43,770 [DEBUG]: ✅ Element 125 (EulerBernoulliBeamElement3D) instantiated.
2025-11-16 14:58:43,771 [DEBUG]: ✅ Element 126 (EulerBernoulliBeamElement3D) instantiated.
2025-11-16 14:58:43,771 [DEBUG]: ✅ Element 127 (EulerBernoulliBeamElement3D) instantiated.
2025-11-16 14:58:43,772 [DEBUG]: ✅ Element 128 (EulerBernoulliBeamElement3D) instantiated.
2025-11-16 14:58:43,772 [DEBUG]: ✅ Element 129 (EulerBernoulliBeamElement3D) instantiated.
2025-11-16 14:58:43,773 [DEBUG]: ✅ Element 130 (EulerBernoulliBeamElement3D) instantiated.
2025-11-16 14:58:43,773 [DEBUG]: ✅ Element 131 (EulerBernoulliBeamElement3D) instantiated.
2025-11-16 14:58:43,774 [DEBUG]: ✅ Element 132 (EulerBernoulliBeamElement3D) instantiated.
2025-11-16 14:58:43,774 [DEBUG]: ✅ Element 133 (EulerBernoulliBeamElement3D) instantiated.
2025-11-16 14:58:43,774 [DEBUG]: ✅ Element 134 (EulerBernoulliBeamElement3D) instantiated.
2025-11-16 14:58:43,775 [DEBUG]: ✅ Element 135 (EulerBernoulliBeamElement3D) instantiated.
2025-11-16 14:58:43,775 [DEBUG]: ✅ Element 136 (EulerBernoulliBeamElement3D) instantiated.
2025-11-16 14:58:43,776 [DEBUG]: ✅ Element 137 (EulerBernoulliBeamElement3D) instantiated.
2025-11-16 14:58:43,776 [DEBUG]: ✅ Element 138 (EulerBernoulliBeamElement3D) instantiated.
2025-11-16 14:58:43,778 [DEBUG]: ✅ Element 139 (EulerBernoulliBeamElement3D) instantiated.
2025-11-16 14:58:43,778 [DEBUG]: ✅ Element 140 (EulerBernoulliBeamElement3D) instantiated.
2025-11-16 14:58:43,778 [DEBUG]: ✅ Element 141 (EulerBernoulliBeamElement3D) instantiated.
2025-11-16 14:58:43,779 [DEBUG]: ✅ Element 142 (EulerBernoulliBeamElement3D) instantiated.
2025-11-16 14:58:43,779 [DEBUG]: ✅ Element 143 (EulerBernoulliBeamElement3D) instantiated.
2025-11-16 14:58:43,780 [DEBUG]: ✅ Element 144 (EulerBernoulliBeamElement3D) instantiated.
2025-11-16 14:58:43,780 [DEBUG]: ✅ Element 145 (EulerBernoulliBeamElement3D) instantiated.
2025-11-16 14:58:43,781 [DEBUG]: ✅ Element 146 (EulerBernoulliBeamElement3D) instantiated.
2025-11-16 14:58:43,781 [DEBUG]: ✅ Element 147 (EulerBernoulliBeamElement3D) instantiated.
2025-11-16 14:58:43,782 [DEBUG]: ✅ Element 148 (EulerBernoulliBeamElement3D) instantiated.
2025-11-16 14:58:43,782 [DEBUG]: ✅ Element 149 (EulerBernoulliBeamElement3D) instantiated.
2025-11-16 14:58:43,783 [DEBUG]: ✅ Element 150 (EulerBernoulliBeamElement3D) instantiated.
2025-11-16 14:58:43,784 [DEBUG]: ✅ Element 151 (EulerBernoulliBeamElement3D) instantiated.
2025-11-16 14:58:43,784 [DEBUG]: ✅ Element 152 (EulerBernoulliBeamElement3D) instantiated.
2025-11-16 14:58:43,785 [DEBUG]: ✅ Element 153 (EulerBernoulliBeamElement3D) instantiated.
2025-11-16 14:58:43,785 [DEBUG]: ✅ Element 154 (EulerBernoulliBeamElement3D) instantiated.
2025-11-16 14:58:43,786 [DEBUG]: ✅ Element 155 (EulerBernoulliBeamElement3D) instantiated.
2025-11-16 14:58:43,786 [DEBUG]: ✅ Element 156 (EulerBernoulliBeamElement3D) instantiated.
2025-11-16 14:58:43,787 [DEBUG]: ✅ Element 157 (EulerBernoulliBeamElement3D) instantiated.
2025-11-16 14:58:43,787 [DEBUG]: ✅ Element 158 (EulerBernoulliBeamElement3D) instantiated.
2025-11-16 14:58:43,788 [DEBUG]: ✅ Element 159 (EulerBernoulliBeamElement3D) instantiated.
2025-11-16 14:58:43,788 [DEBUG]: ✅ Element 160 (EulerBernoulliBeamElement3D) instantiated.
2025-11-16 14:58:43,789 [DEBUG]: ✅ Element 161 (EulerBernoulliBeamElement3D) instantiated.
2025-11-16 14:58:43,789 [DEBUG]: ✅ Element 162 (EulerBernoulliBeamElement3D) instantiated.
2025-11-16 14:58:43,790 [DEBUG]: ✅ Element 163 (EulerBernoulliBeamElement3D) instantiated.
2025-11-16 14:58:43,790 [DEBUG]: ✅ Element 164 (EulerBernoulliBeamElement3D) instantiated.
2025-11-16 14:58:43,790 [DEBUG]: ✅ Element 165 (EulerBernoulliBeamElement3D) instantiated.
2025-11-16 14:58:43,791 [DEBUG]: ✅ Element 166 (EulerBernoulliBeamElement3D) instantiated.
2025-11-16 14:58:43,791 [DEBUG]: ✅ Element 167 (EulerBernoulliBeamElement3D) instantiated.
2025-11-16 14:58:43,791 [DEBUG]: ✅ Element 168 (EulerBernoulliBeamElement3D) instantiated.
2025-11-16 14:58:43,793 [DEBUG]: ✅ Element 169 (EulerBernoulliBeamElement3D) instantiated.
2025-11-16 14:58:43,793 [DEBUG]: ✅ Element 170 (EulerBernoulliBeamElement3D) instantiated.
2025-11-16 14:58:43,794 [DEBUG]: ✅ Element 171 (EulerBernoulliBeamElement3D) instantiated.
2025-11-16 14:58:43,794 [DEBUG]: ✅ Element 172 (EulerBernoulliBeamElement3D) instantiated.
2025-11-16 14:58:43,795 [DEBUG]: ✅ Element 173 (EulerBernoulliBeamElement3D) instantiated.
2025-11-16 14:58:43,795 [DEBUG]: ✅ Element 174 (EulerBernoulliBeamElement3D) instantiated.
2025-11-16 14:58:43,796 [DEBUG]: ✅ Element 175 (EulerBernoulliBeamElement3D) instantiated.
2025-11-16 14:58:43,797 [DEBUG]: ✅ Element 176 (EulerBernoulliBeamElement3D) instantiated.
2025-11-16 14:58:43,797 [DEBUG]: ✅ Element 177 (EulerBernoulliBeamElement3D) instantiated.
2025-11-16 14:58:43,798 [DEBUG]: ✅ Element 178 (EulerBernoulliBeamElement3D) instantiated.
2025-11-16 14:58:43,798 [DEBUG]: ✅ Element 179 (EulerBernoulliBeamElement3D) instantiated.
2025-11-16 14:58:43,799 [DEBUG]: ✅ Element 180 (EulerBernoulliBeamElement3D) instantiated.
2025-11-16 14:58:43,799 [DEBUG]: ✅ Element 181 (EulerBernoulliBeamElement3D) instantiated.
2025-11-16 14:58:43,800 [DEBUG]: ✅ Element 182 (EulerBernoulliBeamElement3D) instantiated.
2025-11-16 14:58:43,800 [DEBUG]: ✅ Element 183 (EulerBernoulliBeamElement3D) instantiated.
2025-11-16 14:58:43,801 [DEBUG]: ✅ Element 184 (EulerBernoulliBeamElement3D) instantiated.
2025-11-16 14:58:43,802 [DEBUG]: ✅ Element 185 (EulerBernoulliBeamElement3D) instantiated.
2025-11-16 14:58:43,802 [DEBUG]: ✅ Element 186 (EulerBernoulliBeamElement3D) instantiated.
2025-11-16 14:58:43,803 [DEBUG]: ✅ Element 187 (EulerBernoulliBeamElement3D) instantiated.
2025-11-16 14:58:43,803 [DEBUG]: ✅ Element 188 (EulerBernoulliBeamElement3D) instantiated.
2025-11-16 14:58:43,804 [DEBUG]: ✅ Element 189 (EulerBernoulliBeamElement3D) instantiated.
2025-11-16 14:58:43,804 [DEBUG]: ✅ Element 190 (EulerBernoulliBeamElement3D) instantiated.
2025-11-16 14:58:43,804 [DEBUG]: ✅ Element 191 (EulerBernoulliBeamElement3D) instantiated.
2025-11-16 14:58:43,805 [DEBUG]: ✅ Element 192 (EulerBernoulliBeamElement3D) instantiated.
2025-11-16 14:58:43,805 [DEBUG]: ✅ Element 193 (EulerBernoulliBeamElement3D) instantiated.
2025-11-16 14:58:43,806 [DEBUG]: ✅ Element 194 (EulerBernoulliBeamElement3D) instantiated.
2025-11-16 14:58:43,806 [DEBUG]: ✅ Element 195 (EulerBernoulliBeamElement3D) instantiated.
2025-11-16 14:58:43,807 [DEBUG]: ✅ Element 196 (EulerBernoulliBeamElement3D) instantiated.
2025-11-16 14:58:43,807 [DEBUG]: ✅ Element 197 (EulerBernoulliBeamElement3D) instantiated.
2025-11-16 14:58:43,808 [DEBUG]: ✅ Element 198 (EulerBernoulliBeamElement3D) instantiated.
2025-11-16 14:58:43,808 [DEBUG]: ✅ Element 199 (EulerBernoulliBeamElement3D) instantiated.
2025-11-16 14:58:43,809 [DEBUG]: ✅ Element 200 (EulerBernoulliBeamElement3D) instantiated.
2025-11-16 14:58:43,810 [DEBUG]: ✅ Element 201 (EulerBernoulliBeamElement3D) instantiated.
2025-11-16 14:58:43,810 [DEBUG]: ✅ Element 202 (EulerBernoulliBeamElement3D) instantiated.
2025-11-16 14:58:43,811 [DEBUG]: ✅ Element 203 (EulerBernoulliBeamElement3D) instantiated.
2025-11-16 14:58:43,811 [DEBUG]: ✅ Element 204 (EulerBernoulliBeamElement3D) instantiated.
2025-11-16 14:58:43,812 [DEBUG]: ✅ Element 205 (EulerBernoulliBeamElement3D) instantiated.
2025-11-16 14:58:43,812 [DEBUG]: ✅ Element 206 (EulerBernoulliBeamElement3D) instantiated.
2025-11-16 14:58:43,813 [DEBUG]: ✅ Element 207 (EulerBernoulliBeamElement3D) instantiated.
2025-11-16 14:58:43,813 [DEBUG]: ✅ Element 208 (EulerBernoulliBeamElement3D) instantiated.
2025-11-16 14:58:43,814 [DEBUG]: ✅ Element 209 (EulerBernoulliBeamElement3D) instantiated.
2025-11-16 14:58:43,814 [DEBUG]: ✅ Element 210 (EulerBernoulliBeamElement3D) instantiated.
2025-11-16 14:58:43,815 [DEBUG]: ✅ Element 211 (EulerBernoulliBeamElement3D) instantiated.
2025-11-16 14:58:43,815 [DEBUG]: ✅ Element 212 (EulerBernoulliBeamElement3D) instantiated.
2025-11-16 14:58:43,816 [DEBUG]: ✅ Element 213 (EulerBernoulliBeamElement3D) instantiated.
2025-11-16 14:58:43,816 [DEBUG]: ✅ Element 214 (EulerBernoulliBeamElement3D) instantiated.
2025-11-16 14:58:43,816 [DEBUG]: ✅ Element 215 (EulerBernoulliBeamElement3D) instantiated.
2025-11-16 14:58:43,817 [DEBUG]: ✅ Element 216 (EulerBernoulliBeamElement3D) instantiated.
2025-11-16 14:58:43,817 [DEBUG]: ✅ Element 217 (EulerBernoulliBeamElement3D) instantiated.
2025-11-16 14:58:43,818 [DEBUG]: ✅ Element 218 (EulerBernoulliBeamElement3D) instantiated.
2025-11-16 14:58:43,818 [DEBUG]: ✅ Element 219 (EulerBernoulliBeamElement3D) instantiated.
2025-11-16 14:58:43,818 [DEBUG]: ✅ Element 220 (EulerBernoulliBeamElement3D) instantiated.
2025-11-16 14:58:43,819 [DEBUG]: ✅ Element 221 (EulerBernoulliBeamElement3D) instantiated.
2025-11-16 14:58:43,819 [DEBUG]: ✅ Element 222 (EulerBernoulliBeamElement3D) instantiated.
2025-11-16 14:58:43,820 [DEBUG]: ✅ Element 223 (EulerBernoulliBeamElement3D) instantiated.
2025-11-16 14:58:43,820 [DEBUG]: ✅ Element 224 (EulerBernoulliBeamElement3D) instantiated.
2025-11-16 14:58:43,820 [DEBUG]: ✅ Element 225 (EulerBernoulliBeamElement3D) instantiated.
2025-11-16 14:58:43,820 [DEBUG]: ✅ Element 226 (EulerBernoulliBeamElement3D) instantiated.
2025-11-16 14:58:43,821 [DEBUG]: ✅ Element 227 (EulerBernoulliBeamElement3D) instantiated.
2025-11-16 14:58:43,821 [DEBUG]: ✅ Element 228 (EulerBernoulliBeamElement3D) instantiated.
2025-11-16 14:58:43,822 [DEBUG]: ✅ Element 229 (EulerBernoulliBeamElement3D) instantiated.
2025-11-16 14:58:43,822 [DEBUG]: ✅ Element 230 (EulerBernoulliBeamElement3D) instantiated.
2025-11-16 14:58:43,822 [DEBUG]: ✅ Element 231 (EulerBernoulliBeamElement3D) instantiated.
2025-11-16 14:58:43,823 [DEBUG]: ✅ Element 232 (EulerBernoulliBeamElement3D) instantiated.
2025-11-16 14:58:43,823 [DEBUG]: ✅ Element 233 (EulerBernoulliBeamElement3D) instantiated.
2025-11-16 14:58:43,824 [DEBUG]: ✅ Element 234 (EulerBernoulliBeamElement3D) instantiated.
2025-11-16 14:58:43,824 [DEBUG]: ✅ Element 235 (EulerBernoulliBeamElement3D) instantiated.
2025-11-16 14:58:43,824 [DEBUG]: ✅ Element 236 (EulerBernoulliBeamElement3D) instantiated.
2025-11-16 14:58:43,825 [DEBUG]: ✅ Element 237 (EulerBernoulliBeamElement3D) instantiated.
2025-11-16 14:58:43,825 [DEBUG]: ✅ Element 238 (EulerBernoulliBeamElement3D) instantiated.
2025-11-16 14:58:43,826 [DEBUG]: ✅ Element 239 (EulerBernoulliBeamElement3D) instantiated.
2025-11-16 14:58:43,827 [DEBUG]: ✅ Element 240 (EulerBernoulliBeamElement3D) instantiated.
2025-11-16 14:58:43,827 [DEBUG]: ✅ Element 241 (EulerBernoulliBeamElement3D) instantiated.
2025-11-16 14:58:43,828 [DEBUG]: ✅ Element 242 (EulerBernoulliBeamElement3D) instantiated.
2025-11-16 14:58:43,828 [DEBUG]: ✅ Element 243 (EulerBernoulliBeamElement3D) instantiated.
2025-11-16 14:58:43,828 [DEBUG]: ✅ Element 244 (EulerBernoulliBeamElement3D) instantiated.
2025-11-16 14:58:43,829 [DEBUG]: ✅ Element 245 (EulerBernoulliBeamElement3D) instantiated.
2025-11-16 14:58:43,829 [DEBUG]: ✅ Element 246 (EulerBernoulliBeamElement3D) instantiated.
2025-11-16 14:58:43,830 [DEBUG]: ✅ Element 247 (EulerBernoulliBeamElement3D) instantiated.
2025-11-16 14:58:43,830 [DEBUG]: ✅ Element 248 (EulerBernoulliBeamElement3D) instantiated.
2025-11-16 14:58:43,831 [DEBUG]: ✅ Element 249 (EulerBernoulliBeamElement3D) instantiated.
2025-11-16 14:58:43,831 [DEBUG]: ✅ Element 250 (EulerBernoulliBeamElement3D) instantiated.
2025-11-16 14:58:43,831 [DEBUG]: ✅ Element 251 (EulerBernoulliBeamElement3D) instantiated.
2025-11-16 14:58:43,832 [DEBUG]: ✅ Element 252 (EulerBernoulliBeamElement3D) instantiated.
2025-11-16 14:58:43,832 [DEBUG]: ✅ Element 253 (EulerBernoulliBeamElement3D) instantiated.
2025-11-16 14:58:43,833 [DEBUG]: ✅ Element 254 (EulerBernoulliBeamElement3D) instantiated.
2025-11-16 14:58:43,833 [DEBUG]: ✅ Element 255 (EulerBernoulliBeamElement3D) instantiated.
2025-11-16 14:58:43,833 [DEBUG]: ✅ Element 256 (EulerBernoulliBeamElement3D) instantiated.
2025-11-16 14:58:43,834 [DEBUG]: ✅ Element 257 (EulerBernoulliBeamElement3D) instantiated.
2025-11-16 14:58:43,834 [DEBUG]: ✅ Element 258 (EulerBernoulliBeamElement3D) instantiated.
2025-11-16 14:58:43,835 [DEBUG]: ✅ Element 259 (EulerBernoulliBeamElement3D) instantiated.
2025-11-16 14:58:43,835 [DEBUG]: ✅ Element 260 (EulerBernoulliBeamElement3D) instantiated.
2025-11-16 14:58:43,835 [DEBUG]: ✅ Element 261 (EulerBernoulliBeamElement3D) instantiated.
2025-11-16 14:58:43,836 [DEBUG]: ✅ Element 262 (EulerBernoulliBeamElement3D) instantiated.
2025-11-16 14:58:43,836 [DEBUG]: ✅ Element 263 (EulerBernoulliBeamElement3D) instantiated.
2025-11-16 14:58:43,837 [DEBUG]: ✅ Element 264 (EulerBernoulliBeamElement3D) instantiated.
2025-11-16 14:58:43,837 [DEBUG]: ✅ Element 265 (EulerBernoulliBeamElement3D) instantiated.
2025-11-16 14:58:43,838 [DEBUG]: ✅ Element 266 (EulerBernoulliBeamElement3D) instantiated.
2025-11-16 14:58:43,838 [DEBUG]: ✅ Element 267 (EulerBernoulliBeamElement3D) instantiated.
2025-11-16 14:58:43,839 [DEBUG]: ✅ Element 268 (EulerBernoulliBeamElement3D) instantiated.
2025-11-16 14:58:43,839 [DEBUG]: ✅ Element 269 (EulerBernoulliBeamElement3D) instantiated.
2025-11-16 14:58:43,839 [DEBUG]: ✅ Element 270 (EulerBernoulliBeamElement3D) instantiated.
2025-11-16 14:58:43,840 [DEBUG]: ✅ Element 271 (EulerBernoulliBeamElement3D) instantiated.
2025-11-16 14:58:43,840 [DEBUG]: ✅ Element 272 (EulerBernoulliBeamElement3D) instantiated.
2025-11-16 14:58:43,841 [DEBUG]: ✅ Element 273 (EulerBernoulliBeamElement3D) instantiated.
2025-11-16 14:58:43,841 [DEBUG]: ✅ Element 274 (EulerBernoulliBeamElement3D) instantiated.
2025-11-16 14:58:43,842 [DEBUG]: ✅ Element 275 (EulerBernoulliBeamElement3D) instantiated.
2025-11-16 14:58:43,842 [DEBUG]: ✅ Element 276 (EulerBernoulliBeamElement3D) instantiated.
2025-11-16 14:58:43,843 [DEBUG]: ✅ Element 277 (EulerBernoulliBeamElement3D) instantiated.
2025-11-16 14:58:43,844 [DEBUG]: ✅ Element 278 (EulerBernoulliBeamElement3D) instantiated.
2025-11-16 14:58:43,844 [DEBUG]: ✅ Element 279 (EulerBernoulliBeamElement3D) instantiated.
2025-11-16 14:58:43,845 [DEBUG]: ✅ Element 280 (EulerBernoulliBeamElement3D) instantiated.
2025-11-16 14:58:43,845 [DEBUG]: ✅ Element 281 (EulerBernoulliBeamElement3D) instantiated.
2025-11-16 14:58:43,846 [DEBUG]: ✅ Element 282 (EulerBernoulliBeamElement3D) instantiated.
2025-11-16 14:58:43,847 [DEBUG]: ✅ Element 283 (EulerBernoulliBeamElement3D) instantiated.
2025-11-16 14:58:43,847 [DEBUG]: ✅ Element 284 (EulerBernoulliBeamElement3D) instantiated.
2025-11-16 14:58:43,847 [DEBUG]: ✅ Element 285 (EulerBernoulliBeamElement3D) instantiated.
2025-11-16 14:58:43,849 [DEBUG]: ✅ Element 286 (EulerBernoulliBeamElement3D) instantiated.
2025-11-16 14:58:43,849 [DEBUG]: ✅ Element 287 (EulerBernoulliBeamElement3D) instantiated.
2025-11-16 14:58:43,850 [DEBUG]: ✅ Element 288 (EulerBernoulliBeamElement3D) instantiated.
2025-11-16 14:58:43,850 [DEBUG]: ✅ Element 289 (EulerBernoulliBeamElement3D) instantiated.
2025-11-16 14:58:43,850 [DEBUG]: ✅ Element 290 (EulerBernoulliBeamElement3D) instantiated.
2025-11-16 14:58:43,851 [DEBUG]: ✅ Element 291 (EulerBernoulliBeamElement3D) instantiated.
2025-11-16 14:58:43,851 [DEBUG]: ✅ Element 292 (EulerBernoulliBeamElement3D) instantiated.
2025-11-16 14:58:43,852 [DEBUG]: ✅ Element 293 (EulerBernoulliBeamElement3D) instantiated.
2025-11-16 14:58:43,852 [DEBUG]: ✅ Element 294 (EulerBernoulliBeamElement3D) instantiated.
2025-11-16 14:58:43,853 [DEBUG]: ✅ Element 295 (EulerBernoulliBeamElement3D) instantiated.
2025-11-16 14:58:43,854 [DEBUG]: ✅ Element 296 (EulerBernoulliBeamElement3D) instantiated.
2025-11-16 14:58:43,854 [DEBUG]: ✅ Element 297 (EulerBernoulliBeamElement3D) instantiated.
2025-11-16 14:58:43,854 [DEBUG]: ✅ Element 298 (EulerBernoulliBeamElement3D) instantiated.
2025-11-16 14:58:43,855 [DEBUG]: ✅ Element 299 (EulerBernoulliBeamElement3D) instantiated.
2025-11-16 14:58:43,855 [DEBUG]: ✅ Element 300 (EulerBernoulliBeamElement3D) instantiated.
2025-11-16 14:58:43,856 [DEBUG]: ✅ Element 301 (EulerBernoulliBeamElement3D) instantiated.
2025-11-16 14:58:43,856 [DEBUG]: ✅ Element 302 (EulerBernoulliBeamElement3D) instantiated.
2025-11-16 14:58:43,857 [DEBUG]: ✅ Element 303 (EulerBernoulliBeamElement3D) instantiated.
2025-11-16 14:58:43,857 [DEBUG]: ✅ Element 304 (EulerBernoulliBeamElement3D) instantiated.
2025-11-16 14:58:43,858 [DEBUG]: ✅ Element 305 (EulerBernoulliBeamElement3D) instantiated.
2025-11-16 14:58:43,858 [DEBUG]: ✅ Element 306 (EulerBernoulliBeamElement3D) instantiated.
2025-11-16 14:58:43,858 [DEBUG]: ✅ Element 307 (EulerBernoulliBeamElement3D) instantiated.
2025-11-16 14:58:43,859 [DEBUG]: ✅ Element 308 (EulerBernoulliBeamElement3D) instantiated.
2025-11-16 14:58:43,860 [DEBUG]: ✅ Element 309 (EulerBernoulliBeamElement3D) instantiated.
2025-11-16 14:58:43,860 [DEBUG]: ✅ Element 310 (EulerBernoulliBeamElement3D) instantiated.
2025-11-16 14:58:43,861 [DEBUG]: ✅ Element 311 (EulerBernoulliBeamElement3D) instantiated.
2025-11-16 14:58:43,861 [DEBUG]: ✅ Element 312 (EulerBernoulliBeamElement3D) instantiated.
2025-11-16 14:58:43,862 [DEBUG]: ✅ Element 313 (EulerBernoulliBeamElement3D) instantiated.
2025-11-16 14:58:43,862 [DEBUG]: ✅ Element 314 (EulerBernoulliBeamElement3D) instantiated.
2025-11-16 14:58:43,863 [DEBUG]: ✅ Element 315 (EulerBernoulliBeamElement3D) instantiated.
2025-11-16 14:58:43,864 [DEBUG]: ✅ Element 316 (EulerBernoulliBeamElement3D) instantiated.
2025-11-16 14:58:43,864 [DEBUG]: ✅ Element 317 (EulerBernoulliBeamElement3D) instantiated.
2025-11-16 14:58:43,864 [DEBUG]: ✅ Element 318 (EulerBernoulliBeamElement3D) instantiated.
2025-11-16 14:58:43,865 [DEBUG]: ✅ Element 319 (EulerBernoulliBeamElement3D) instantiated.
2025-11-16 14:58:43,865 [DEBUG]: ✅ Element 320 (EulerBernoulliBeamElement3D) instantiated.
2025-11-16 14:58:43,866 [DEBUG]: ✅ Element 321 (EulerBernoulliBeamElement3D) instantiated.
2025-11-16 14:58:43,866 [DEBUG]: ✅ Element 322 (EulerBernoulliBeamElement3D) instantiated.
2025-11-16 14:58:43,867 [DEBUG]: ✅ Element 323 (EulerBernoulliBeamElement3D) instantiated.
2025-11-16 14:58:43,867 [DEBUG]: ✅ Element 324 (EulerBernoulliBeamElement3D) instantiated.
2025-11-16 14:58:43,868 [DEBUG]: ✅ Element 325 (EulerBernoulliBeamElement3D) instantiated.
2025-11-16 14:58:43,868 [DEBUG]: ✅ Element 326 (EulerBernoulliBeamElement3D) instantiated.
2025-11-16 14:58:43,869 [DEBUG]: ✅ Element 327 (EulerBernoulliBeamElement3D) instantiated.
2025-11-16 14:58:43,869 [DEBUG]: ✅ Element 328 (EulerBernoulliBeamElement3D) instantiated.
2025-11-16 14:58:43,869 [DEBUG]: ✅ Element 329 (EulerBernoulliBeamElement3D) instantiated.
2025-11-16 14:58:43,870 [DEBUG]: ✅ Element 330 (EulerBernoulliBeamElement3D) instantiated.
2025-11-16 14:58:43,870 [DEBUG]: ✅ Element 331 (EulerBernoulliBeamElement3D) instantiated.
2025-11-16 14:58:43,871 [DEBUG]: ✅ Element 332 (EulerBernoulliBeamElement3D) instantiated.
2025-11-16 14:58:43,871 [DEBUG]: ✅ Element 333 (EulerBernoulliBeamElement3D) instantiated.
2025-11-16 14:58:43,871 [DEBUG]: ✅ Element 334 (EulerBernoulliBeamElement3D) instantiated.
2025-11-16 14:58:43,872 [DEBUG]: ✅ Element 335 (EulerBernoulliBeamElement3D) instantiated.
2025-11-16 14:58:43,872 [DEBUG]: ✅ Element 336 (EulerBernoulliBeamElement3D) instantiated.
2025-11-16 14:58:43,873 [DEBUG]: ✅ Element 337 (EulerBernoulliBeamElement3D) instantiated.
2025-11-16 14:58:43,873 [DEBUG]: ✅ Element 338 (EulerBernoulliBeamElement3D) instantiated.
2025-11-16 14:58:43,874 [DEBUG]: ✅ Element 339 (EulerBernoulliBeamElement3D) instantiated.
2025-11-16 14:58:43,874 [DEBUG]: ✅ Element 340 (EulerBernoulliBeamElement3D) instantiated.
2025-11-16 14:58:43,874 [DEBUG]: ✅ Element 341 (EulerBernoulliBeamElement3D) instantiated.
2025-11-16 14:58:43,875 [DEBUG]: ✅ Element 342 (EulerBernoulliBeamElement3D) instantiated.
2025-11-16 14:58:43,876 [DEBUG]: ✅ Element 343 (EulerBernoulliBeamElement3D) instantiated.
2025-11-16 14:58:43,876 [DEBUG]: ✅ Element 344 (EulerBernoulliBeamElement3D) instantiated.
2025-11-16 14:58:43,877 [DEBUG]: ✅ Element 345 (EulerBernoulliBeamElement3D) instantiated.
2025-11-16 14:58:43,878 [DEBUG]: ✅ Element 346 (EulerBernoulliBeamElement3D) instantiated.
2025-11-16 14:58:43,879 [DEBUG]: ✅ Element 347 (EulerBernoulliBeamElement3D) instantiated.
2025-11-16 14:58:43,879 [DEBUG]: ✅ Element 348 (EulerBernoulliBeamElement3D) instantiated.
2025-11-16 14:58:43,880 [DEBUG]: ✅ Element 349 (EulerBernoulliBeamElement3D) instantiated.
2025-11-16 14:58:43,880 [DEBUG]: ✅ Element 350 (EulerBernoulliBeamElement3D) instantiated.
2025-11-16 14:58:43,880 [DEBUG]: ✅ Element 351 (EulerBernoulliBeamElement3D) instantiated.
2025-11-16 14:58:43,881 [DEBUG]: ✅ Element 352 (EulerBernoulliBeamElement3D) instantiated.
2025-11-16 14:58:43,881 [DEBUG]: ✅ Element 353 (EulerBernoulliBeamElement3D) instantiated.
2025-11-16 14:58:43,882 [DEBUG]: ✅ Element 354 (EulerBernoulliBeamElement3D) instantiated.
2025-11-16 14:58:43,882 [DEBUG]: ✅ Element 355 (EulerBernoulliBeamElement3D) instantiated.
2025-11-16 14:58:43,883 [DEBUG]: ✅ Element 356 (EulerBernoulliBeamElement3D) instantiated.
2025-11-16 14:58:43,883 [DEBUG]: ✅ Element 357 (EulerBernoulliBeamElement3D) instantiated.
2025-11-16 14:58:43,884 [DEBUG]: ✅ Element 358 (EulerBernoulliBeamElement3D) instantiated.
2025-11-16 14:58:43,884 [DEBUG]: ✅ Element 359 (EulerBernoulliBeamElement3D) instantiated.
2025-11-16 14:58:43,884 [DEBUG]: ✅ Element 360 (EulerBernoulliBeamElement3D) instantiated.
2025-11-16 14:58:43,885 [DEBUG]: ✅ Element 361 (EulerBernoulliBeamElement3D) instantiated.
2025-11-16 14:58:43,885 [DEBUG]: ✅ Element 362 (EulerBernoulliBeamElement3D) instantiated.
2025-11-16 14:58:43,886 [DEBUG]: ✅ Element 363 (EulerBernoulliBeamElement3D) instantiated.
2025-11-16 14:58:43,886 [DEBUG]: ✅ Element 364 (EulerBernoulliBeamElement3D) instantiated.
2025-11-16 14:58:43,887 [DEBUG]: ✅ Element 365 (EulerBernoulliBeamElement3D) instantiated.
2025-11-16 14:58:43,887 [DEBUG]: ✅ Element 366 (EulerBernoulliBeamElement3D) instantiated.
2025-11-16 14:58:43,887 [DEBUG]: ✅ Element 367 (EulerBernoulliBeamElement3D) instantiated.
2025-11-16 14:58:43,888 [DEBUG]: ✅ Element 368 (EulerBernoulliBeamElement3D) instantiated.
2025-11-16 14:58:43,888 [DEBUG]: ✅ Element 369 (EulerBernoulliBeamElement3D) instantiated.
2025-11-16 14:58:43,889 [DEBUG]: ✅ Element 370 (EulerBernoulliBeamElement3D) instantiated.
2025-11-16 14:58:43,889 [DEBUG]: ✅ Element 371 (EulerBernoulliBeamElement3D) instantiated.
2025-11-16 14:58:43,890 [DEBUG]: ✅ Element 372 (EulerBernoulliBeamElement3D) instantiated.
2025-11-16 14:58:43,890 [DEBUG]: ✅ Element 373 (EulerBernoulliBeamElement3D) instantiated.
2025-11-16 14:58:43,891 [DEBUG]: ✅ Element 374 (EulerBernoulliBeamElement3D) instantiated.
2025-11-16 14:58:43,891 [DEBUG]: ✅ Element 375 (EulerBernoulliBeamElement3D) instantiated.
2025-11-16 14:58:43,892 [DEBUG]: ✅ Element 376 (EulerBernoulliBeamElement3D) instantiated.
2025-11-16 14:58:43,892 [DEBUG]: ✅ Element 377 (EulerBernoulliBeamElement3D) instantiated.
2025-11-16 14:58:43,893 [DEBUG]: ✅ Element 378 (EulerBernoulliBeamElement3D) instantiated.
2025-11-16 14:58:43,893 [DEBUG]: ✅ Element 379 (EulerBernoulliBeamElement3D) instantiated.
2025-11-16 14:58:43,894 [DEBUG]: ✅ Element 380 (EulerBernoulliBeamElement3D) instantiated.
2025-11-16 14:58:43,894 [DEBUG]: ✅ Element 381 (EulerBernoulliBeamElement3D) instantiated.
2025-11-16 14:58:43,895 [DEBUG]: ✅ Element 382 (EulerBernoulliBeamElement3D) instantiated.
2025-11-16 14:58:43,895 [DEBUG]: ✅ Element 383 (EulerBernoulliBeamElement3D) instantiated.
2025-11-16 14:58:43,896 [DEBUG]: ✅ Element 384 (EulerBernoulliBeamElement3D) instantiated.
2025-11-16 14:58:43,897 [DEBUG]: ✅ Element 385 (EulerBernoulliBeamElement3D) instantiated.
2025-11-16 14:58:43,897 [DEBUG]: ✅ Element 386 (EulerBernoulliBeamElement3D) instantiated.
2025-11-16 14:58:43,897 [DEBUG]: ✅ Element 387 (EulerBernoulliBeamElement3D) instantiated.
2025-11-16 14:58:43,898 [DEBUG]: ✅ Element 388 (EulerBernoulliBeamElement3D) instantiated.
2025-11-16 14:58:43,898 [DEBUG]: ✅ Element 389 (EulerBernoulliBeamElement3D) instantiated.
2025-11-16 14:58:43,899 [DEBUG]: ✅ Element 390 (EulerBernoulliBeamElement3D) instantiated.
2025-11-16 14:58:43,901 [DEBUG]: ✅ Element 391 (EulerBernoulliBeamElement3D) instantiated.
2025-11-16 14:58:43,902 [DEBUG]: ✅ Element 392 (EulerBernoulliBeamElement3D) instantiated.
2025-11-16 14:58:43,903 [DEBUG]: ✅ Element 393 (EulerBernoulliBeamElement3D) instantiated.
2025-11-16 14:58:43,904 [DEBUG]: ✅ Element 394 (EulerBernoulliBeamElement3D) instantiated.
2025-11-16 14:58:43,904 [DEBUG]: ✅ Element 395 (EulerBernoulliBeamElement3D) instantiated.
2025-11-16 14:58:43,905 [DEBUG]: ✅ Element 396 (EulerBernoulliBeamElement3D) instantiated.
2025-11-16 14:58:43,905 [DEBUG]: ✅ Element 397 (EulerBernoulliBeamElement3D) instantiated.
2025-11-16 14:58:43,906 [DEBUG]: ✅ Element 398 (EulerBernoulliBeamElement3D) instantiated.
2025-11-16 14:58:43,906 [DEBUG]: ✅ Element 399 (EulerBernoulliBeamElement3D) instantiated.
2025-11-16 14:58:43,906 [DEBUG]: ✅ Element 400 (EulerBernoulliBeamElement3D) instantiated.
2025-11-16 14:58:43,907 [DEBUG]: ✅ Element 401 (EulerBernoulliBeamElement3D) instantiated.
2025-11-16 14:58:43,907 [DEBUG]: ✅ Element 402 (EulerBernoulliBeamElement3D) instantiated.
2025-11-16 14:58:43,908 [DEBUG]: ✅ Element 403 (EulerBernoulliBeamElement3D) instantiated.
2025-11-16 14:58:43,908 [DEBUG]: ✅ Element 404 (EulerBernoulliBeamElement3D) instantiated.
2025-11-16 14:58:43,909 [DEBUG]: ✅ Element 405 (EulerBernoulliBeamElement3D) instantiated.
2025-11-16 14:58:43,910 [DEBUG]: ✅ Element 406 (EulerBernoulliBeamElement3D) instantiated.
2025-11-16 14:58:43,910 [DEBUG]: ✅ Element 407 (EulerBernoulliBeamElement3D) instantiated.
2025-11-16 14:58:43,911 [DEBUG]: ✅ Element 408 (EulerBernoulliBeamElement3D) instantiated.
2025-11-16 14:58:43,911 [DEBUG]: ✅ Element 409 (EulerBernoulliBeamElement3D) instantiated.
2025-11-16 14:58:43,913 [DEBUG]: ✅ Element 410 (EulerBernoulliBeamElement3D) instantiated.
2025-11-16 14:58:43,913 [DEBUG]: ✅ Element 411 (EulerBernoulliBeamElement3D) instantiated.
2025-11-16 14:58:43,914 [DEBUG]: ✅ Element 412 (EulerBernoulliBeamElement3D) instantiated.
2025-11-16 14:58:43,914 [DEBUG]: ✅ Element 413 (EulerBernoulliBeamElement3D) instantiated.
2025-11-16 14:58:43,914 [DEBUG]: ✅ Element 414 (EulerBernoulliBeamElement3D) instantiated.
2025-11-16 14:58:43,915 [DEBUG]: ✅ Element 415 (EulerBernoulliBeamElement3D) instantiated.
2025-11-16 14:58:43,915 [DEBUG]: ✅ Element 416 (EulerBernoulliBeamElement3D) instantiated.
2025-11-16 14:58:43,916 [DEBUG]: ✅ Element 417 (EulerBernoulliBeamElement3D) instantiated.
2025-11-16 14:58:43,916 [DEBUG]: ✅ Element 418 (EulerBernoulliBeamElement3D) instantiated.
2025-11-16 14:58:43,917 [DEBUG]: ✅ Element 419 (EulerBernoulliBeamElement3D) instantiated.
2025-11-16 14:58:43,917 [DEBUG]: ✅ Element 420 (EulerBernoulliBeamElement3D) instantiated.
2025-11-16 14:58:43,918 [DEBUG]: ✅ Element 421 (EulerBernoulliBeamElement3D) instantiated.
2025-11-16 14:58:43,918 [DEBUG]: ✅ Element 422 (EulerBernoulliBeamElement3D) instantiated.
2025-11-16 14:58:43,919 [DEBUG]: ✅ Element 423 (EulerBernoulliBeamElement3D) instantiated.
2025-11-16 14:58:43,919 [DEBUG]: ✅ Element 424 (EulerBernoulliBeamElement3D) instantiated.
2025-11-16 14:58:43,920 [DEBUG]: ✅ Element 425 (EulerBernoulliBeamElement3D) instantiated.
2025-11-16 14:58:43,920 [DEBUG]: ✅ Element 426 (EulerBernoulliBeamElement3D) instantiated.
2025-11-16 14:58:43,920 [DEBUG]: ✅ Element 427 (EulerBernoulliBeamElement3D) instantiated.
2025-11-16 14:58:43,921 [DEBUG]: ✅ Element 428 (EulerBernoulliBeamElement3D) instantiated.
2025-11-16 14:58:43,921 [DEBUG]: ✅ Element 429 (EulerBernoulliBeamElement3D) instantiated.
2025-11-16 14:58:43,922 [DEBUG]: ✅ Element 430 (EulerBernoulliBeamElement3D) instantiated.
2025-11-16 14:58:43,922 [DEBUG]: ✅ Element 431 (EulerBernoulliBeamElement3D) instantiated.
2025-11-16 14:58:43,923 [DEBUG]: ✅ Element 432 (EulerBernoulliBeamElement3D) instantiated.
2025-11-16 14:58:43,924 [DEBUG]: ✅ Element 433 (EulerBernoulliBeamElement3D) instantiated.
2025-11-16 14:58:43,924 [DEBUG]: ✅ Element 434 (EulerBernoulliBeamElement3D) instantiated.
2025-11-16 14:58:43,925 [DEBUG]: ✅ Element 435 (EulerBernoulliBeamElement3D) instantiated.
2025-11-16 14:58:43,925 [DEBUG]: ✅ Element 436 (EulerBernoulliBeamElement3D) instantiated.
2025-11-16 14:58:43,926 [DEBUG]: ✅ Element 437 (EulerBernoulliBeamElement3D) instantiated.
2025-11-16 14:58:43,926 [DEBUG]: ✅ Element 438 (EulerBernoulliBeamElement3D) instantiated.
2025-11-16 14:58:43,926 [DEBUG]: ✅ Element 439 (EulerBernoulliBeamElement3D) instantiated.
2025-11-16 14:58:43,927 [DEBUG]: ✅ Element 440 (EulerBernoulliBeamElement3D) instantiated.
2025-11-16 14:58:43,928 [DEBUG]: ✅ Element 441 (EulerBernoulliBeamElement3D) instantiated.
2025-11-16 14:58:43,928 [DEBUG]: ✅ Element 442 (EulerBernoulliBeamElement3D) instantiated.
2025-11-16 14:58:43,928 [DEBUG]: ✅ Element 443 (EulerBernoulliBeamElement3D) instantiated.
2025-11-16 14:58:43,930 [DEBUG]: ✅ Element 444 (EulerBernoulliBeamElement3D) instantiated.
2025-11-16 14:58:43,930 [DEBUG]: ✅ Element 445 (EulerBernoulliBeamElement3D) instantiated.
2025-11-16 14:58:43,931 [DEBUG]: ✅ Element 446 (EulerBernoulliBeamElement3D) instantiated.
2025-11-16 14:58:43,931 [DEBUG]: ✅ Element 447 (EulerBernoulliBeamElement3D) instantiated.
2025-11-16 14:58:43,932 [DEBUG]: ✅ Element 448 (EulerBernoulliBeamElement3D) instantiated.
2025-11-16 14:58:43,932 [DEBUG]: ✅ Element 449 (EulerBernoulliBeamElement3D) instantiated.
2025-11-16 14:58:43,932 [DEBUG]: ✅ Element 450 (EulerBernoulliBeamElement3D) instantiated.
2025-11-16 14:58:43,933 [DEBUG]: ✅ Element 451 (EulerBernoulliBeamElement3D) instantiated.
2025-11-16 14:58:43,933 [DEBUG]: ✅ Element 452 (EulerBernoulliBeamElement3D) instantiated.
2025-11-16 14:58:43,934 [DEBUG]: ✅ Element 453 (EulerBernoulliBeamElement3D) instantiated.
2025-11-16 14:58:43,934 [DEBUG]: ✅ Element 454 (EulerBernoulliBeamElement3D) instantiated.
2025-11-16 14:58:43,934 [DEBUG]: ✅ Element 455 (EulerBernoulliBeamElement3D) instantiated.
2025-11-16 14:58:43,935 [DEBUG]: ✅ Element 456 (EulerBernoulliBeamElement3D) instantiated.
2025-11-16 14:58:43,935 [DEBUG]: ✅ Element 457 (EulerBernoulliBeamElement3D) instantiated.
2025-11-16 14:58:43,935 [DEBUG]: ✅ Element 458 (EulerBernoulliBeamElement3D) instantiated.
2025-11-16 14:58:43,936 [DEBUG]: ✅ Element 459 (EulerBernoulliBeamElement3D) instantiated.
2025-11-16 14:58:43,937 [DEBUG]: ✅ Element 460 (EulerBernoulliBeamElement3D) instantiated.
2025-11-16 14:58:43,937 [DEBUG]: ✅ Element 461 (EulerBernoulliBeamElement3D) instantiated.
2025-11-16 14:58:43,937 [DEBUG]: ✅ Element 462 (EulerBernoulliBeamElement3D) instantiated.
2025-11-16 14:58:43,938 [DEBUG]: ✅ Element 463 (EulerBernoulliBeamElement3D) instantiated.
2025-11-16 14:58:43,938 [DEBUG]: ✅ Element 464 (EulerBernoulliBeamElement3D) instantiated.
2025-11-16 14:58:43,939 [DEBUG]: ✅ Element 465 (EulerBernoulliBeamElement3D) instantiated.
2025-11-16 14:58:43,939 [DEBUG]: ✅ Element 466 (EulerBernoulliBeamElement3D) instantiated.
2025-11-16 14:58:43,940 [DEBUG]: ✅ Element 467 (EulerBernoulliBeamElement3D) instantiated.
2025-11-16 14:58:43,940 [DEBUG]: ✅ Element 468 (EulerBernoulliBeamElement3D) instantiated.
2025-11-16 14:58:43,941 [DEBUG]: ✅ Element 469 (EulerBernoulliBeamElement3D) instantiated.
2025-11-16 14:58:43,941 [DEBUG]: ✅ Element 470 (EulerBernoulliBeamElement3D) instantiated.
2025-11-16 14:58:43,942 [DEBUG]: ✅ Element 471 (EulerBernoulliBeamElement3D) instantiated.
2025-11-16 14:58:43,942 [DEBUG]: ✅ Element 472 (EulerBernoulliBeamElement3D) instantiated.
2025-11-16 14:58:43,943 [DEBUG]: ✅ Element 473 (EulerBernoulliBeamElement3D) instantiated.
2025-11-16 14:58:43,943 [DEBUG]: ✅ Element 474 (EulerBernoulliBeamElement3D) instantiated.
2025-11-16 14:58:43,944 [DEBUG]: ✅ Element 475 (EulerBernoulliBeamElement3D) instantiated.
2025-11-16 14:58:43,944 [DEBUG]: ✅ Element 476 (EulerBernoulliBeamElement3D) instantiated.
2025-11-16 14:58:43,945 [DEBUG]: ✅ Element 477 (EulerBernoulliBeamElement3D) instantiated.
2025-11-16 14:58:43,945 [DEBUG]: ✅ Element 478 (EulerBernoulliBeamElement3D) instantiated.
2025-11-16 14:58:43,946 [DEBUG]: ✅ Element 479 (EulerBernoulliBeamElement3D) instantiated.
2025-11-16 14:58:43,946 [DEBUG]: ✅ Element 480 (EulerBernoulliBeamElement3D) instantiated.
2025-11-16 14:58:43,947 [DEBUG]: ✅ Element 481 (EulerBernoulliBeamElement3D) instantiated.
2025-11-16 14:58:43,947 [DEBUG]: ✅ Element 482 (EulerBernoulliBeamElement3D) instantiated.
2025-11-16 14:58:43,948 [DEBUG]: ✅ Element 483 (EulerBernoulliBeamElement3D) instantiated.
2025-11-16 14:58:43,948 [DEBUG]: ✅ Element 484 (EulerBernoulliBeamElement3D) instantiated.
2025-11-16 14:58:43,949 [DEBUG]: ✅ Element 485 (EulerBernoulliBeamElement3D) instantiated.
2025-11-16 14:58:43,949 [DEBUG]: ✅ Element 486 (EulerBernoulliBeamElement3D) instantiated.
2025-11-16 14:58:43,950 [DEBUG]: ✅ Element 487 (EulerBernoulliBeamElement3D) instantiated.
2025-11-16 14:58:43,950 [DEBUG]: ✅ Element 488 (EulerBernoulliBeamElement3D) instantiated.
2025-11-16 14:58:43,951 [DEBUG]: ✅ Element 489 (EulerBernoulliBeamElement3D) instantiated.
2025-11-16 14:58:43,951 [DEBUG]: ✅ Element 490 (EulerBernoulliBeamElement3D) instantiated.
2025-11-16 14:58:43,951 [DEBUG]: ✅ Element 491 (EulerBernoulliBeamElement3D) instantiated.
2025-11-16 14:58:43,952 [DEBUG]: ✅ Element 492 (EulerBernoulliBeamElement3D) instantiated.
2025-11-16 14:58:43,952 [DEBUG]: ✅ Element 493 (EulerBernoulliBeamElement3D) instantiated.
2025-11-16 14:58:43,953 [DEBUG]: ✅ Element 494 (EulerBernoulliBeamElement3D) instantiated.
2025-11-16 14:58:43,953 [DEBUG]: ✅ Element 495 (EulerBernoulliBeamElement3D) instantiated.
2025-11-16 14:58:43,954 [DEBUG]: ✅ Element 496 (EulerBernoulliBeamElement3D) instantiated.
2025-11-16 14:58:43,954 [DEBUG]: ✅ Element 497 (EulerBernoulliBeamElement3D) instantiated.
2025-11-16 14:58:43,955 [DEBUG]: ✅ Element 498 (EulerBernoulliBeamElement3D) instantiated.
2025-11-16 14:58:43,955 [DEBUG]: ✅ Element 499 (EulerBernoulliBeamElement3D) instantiated.
2025-11-16 14:58:43,956 [DEBUG]: Logging verified for element 0.
2025-11-16 14:58:43,957 [DEBUG]: Logging verified for element 1.
2025-11-16 14:58:43,957 [DEBUG]: Logging verified for element 2.
2025-11-16 14:58:43,958 [DEBUG]: Logging verified for element 3.
2025-11-16 14:58:43,958 [DEBUG]: Logging verified for element 4.
2025-11-16 14:58:43,959 [DEBUG]: Logging verified for element 5.
2025-11-16 14:58:43,960 [DEBUG]: Logging verified for element 6.
2025-11-16 14:58:43,960 [DEBUG]: Logging verified for element 7.
2025-11-16 14:58:43,961 [DEBUG]: Logging verified for element 8.
2025-11-16 14:58:43,961 [DEBUG]: Logging verified for element 9.
2025-11-16 14:58:43,962 [DEBUG]: Logging verified for element 10.
2025-11-16 14:58:43,962 [DEBUG]: Logging verified for element 11.
2025-11-16 14:58:43,963 [DEBUG]: Logging verified for element 12.
2025-11-16 14:58:43,963 [DEBUG]: Logging verified for element 13.
2025-11-16 14:58:43,964 [DEBUG]: Logging verified for element 14.
2025-11-16 14:58:43,964 [DEBUG]: Logging verified for element 15.
2025-11-16 14:58:43,965 [DEBUG]: Logging verified for element 16.
2025-11-16 14:58:43,965 [DEBUG]: Logging verified for element 17.
2025-11-16 14:58:43,966 [DEBUG]: Logging verified for element 18.
2025-11-16 14:58:43,966 [DEBUG]: Logging verified for element 19.
2025-11-16 14:58:43,967 [DEBUG]: Logging verified for element 20.
2025-11-16 14:58:43,967 [DEBUG]: Logging verified for element 21.
2025-11-16 14:58:43,967 [DEBUG]: Logging verified for element 22.
2025-11-16 14:58:43,968 [DEBUG]: Logging verified for element 23.
2025-11-16 14:58:43,968 [DEBUG]: Logging verified for element 24.
2025-11-16 14:58:43,969 [DEBUG]: Logging verified for element 25.
2025-11-16 14:58:43,969 [DEBUG]: Logging verified for element 26.
2025-11-16 14:58:43,970 [DEBUG]: Logging verified for element 27.
2025-11-16 14:58:43,970 [DEBUG]: Logging verified for element 28.
2025-11-16 14:58:43,970 [DEBUG]: Logging verified for element 29.
2025-11-16 14:58:43,970 [DEBUG]: Logging verified for element 30.
2025-11-16 14:58:43,971 [DEBUG]: Logging verified for element 31.
2025-11-16 14:58:43,972 [DEBUG]: Logging verified for element 32.
2025-11-16 14:58:43,972 [DEBUG]: Logging verified for element 33.
2025-11-16 14:58:43,972 [DEBUG]: Logging verified for element 34.
2025-11-16 14:58:43,973 [DEBUG]: Logging verified for element 35.
2025-11-16 14:58:43,974 [DEBUG]: Logging verified for element 36.
2025-11-16 14:58:43,974 [DEBUG]: Logging verified for element 37.
2025-11-16 14:58:43,975 [DEBUG]: Logging verified for element 38.
2025-11-16 14:58:43,975 [DEBUG]: Logging verified for element 39.
2025-11-16 14:58:43,976 [DEBUG]: Logging verified for element 40.
2025-11-16 14:58:43,976 [DEBUG]: Logging verified for element 41.
2025-11-16 14:58:43,977 [DEBUG]: Logging verified for element 42.
2025-11-16 14:58:43,977 [DEBUG]: Logging verified for element 43.
2025-11-16 14:58:43,978 [DEBUG]: Logging verified for element 44.
2025-11-16 14:58:43,978 [DEBUG]: Logging verified for element 45.
2025-11-16 14:58:43,979 [DEBUG]: Logging verified for element 46.
2025-11-16 14:58:43,980 [DEBUG]: Logging verified for element 47.
2025-11-16 14:58:43,980 [DEBUG]: Logging verified for element 48.
2025-11-16 14:58:43,981 [DEBUG]: Logging verified for element 49.
2025-11-16 14:58:43,981 [DEBUG]: Logging verified for element 50.
2025-11-16 14:58:43,981 [DEBUG]: Logging verified for element 51.
2025-11-16 14:58:43,981 [DEBUG]: Logging verified for element 52.
2025-11-16 14:58:43,981 [DEBUG]: Logging verified for element 53.
2025-11-16 14:58:43,981 [DEBUG]: Logging verified for element 54.
2025-11-16 14:58:43,981 [DEBUG]: Logging verified for element 55.
2025-11-16 14:58:43,981 [DEBUG]: Logging verified for element 56.
2025-11-16 14:58:43,981 [DEBUG]: Logging verified for element 57.
2025-11-16 14:58:43,981 [DEBUG]: Logging verified for element 58.
2025-11-16 14:58:43,981 [DEBUG]: Logging verified for element 59.
2025-11-16 14:58:43,981 [DEBUG]: Logging verified for element 60.
2025-11-16 14:58:43,981 [DEBUG]: Logging verified for element 61.
2025-11-16 14:58:43,981 [DEBUG]: Logging verified for element 62.
2025-11-16 14:58:43,981 [DEBUG]: Logging verified for element 63.
2025-11-16 14:58:43,981 [DEBUG]: Logging verified for element 64.
2025-11-16 14:58:43,981 [DEBUG]: Logging verified for element 65.
2025-11-16 14:58:43,981 [DEBUG]: Logging verified for element 66.
2025-11-16 14:58:43,981 [DEBUG]: Logging verified for element 67.
2025-11-16 14:58:43,981 [DEBUG]: Logging verified for element 68.
2025-11-16 14:58:43,981 [DEBUG]: Logging verified for element 69.
2025-11-16 14:58:43,981 [DEBUG]: Logging verified for element 70.
2025-11-16 14:58:43,981 [DEBUG]: Logging verified for element 71.
2025-11-16 14:58:43,981 [DEBUG]: Logging verified for element 72.
2025-11-16 14:58:43,981 [DEBUG]: Logging verified for element 73.
2025-11-16 14:58:43,993 [DEBUG]: Logging verified for element 74.
2025-11-16 14:58:43,993 [DEBUG]: Logging verified for element 75.
2025-11-16 14:58:43,994 [DEBUG]: Logging verified for element 76.
2025-11-16 14:58:43,995 [DEBUG]: Logging verified for element 77.
2025-11-16 14:58:43,995 [DEBUG]: Logging verified for element 78.
2025-11-16 14:58:43,996 [DEBUG]: Logging verified for element 79.
2025-11-16 14:58:43,997 [DEBUG]: Logging verified for element 80.
2025-11-16 14:58:43,997 [DEBUG]: Logging verified for element 81.
2025-11-16 14:58:43,998 [DEBUG]: Logging verified for element 82.
2025-11-16 14:58:43,998 [DEBUG]: Logging verified for element 83.
2025-11-16 14:58:43,999 [DEBUG]: Logging verified for element 84.
2025-11-16 14:58:43,999 [DEBUG]: Logging verified for element 85.
2025-11-16 14:58:44,000 [DEBUG]: Logging verified for element 86.
2025-11-16 14:58:44,000 [DEBUG]: Logging verified for element 87.
2025-11-16 14:58:44,001 [DEBUG]: Logging verified for element 88.
2025-11-16 14:58:44,001 [DEBUG]: Logging verified for element 89.
2025-11-16 14:58:44,001 [DEBUG]: Logging verified for element 90.
2025-11-16 14:58:44,002 [DEBUG]: Logging verified for element 91.
2025-11-16 14:58:44,002 [DEBUG]: Logging verified for element 92.
2025-11-16 14:58:44,003 [DEBUG]: Logging verified for element 93.
2025-11-16 14:58:44,003 [DEBUG]: Logging verified for element 94.
2025-11-16 14:58:44,004 [DEBUG]: Logging verified for element 95.
2025-11-16 14:58:44,004 [DEBUG]: Logging verified for element 96.
2025-11-16 14:58:44,005 [DEBUG]: Logging verified for element 97.
2025-11-16 14:58:44,005 [DEBUG]: Logging verified for element 98.
2025-11-16 14:58:44,006 [DEBUG]: Logging verified for element 99.
2025-11-16 14:58:44,006 [DEBUG]: Logging verified for element 100.
2025-11-16 14:58:44,006 [DEBUG]: Logging verified for element 101.
2025-11-16 14:58:44,007 [DEBUG]: Logging verified for element 102.
2025-11-16 14:58:44,007 [DEBUG]: Logging verified for element 103.
2025-11-16 14:58:44,008 [DEBUG]: Logging verified for element 104.
2025-11-16 14:58:44,008 [DEBUG]: Logging verified for element 105.
2025-11-16 14:58:44,008 [DEBUG]: Logging verified for element 106.
2025-11-16 14:58:44,009 [DEBUG]: Logging verified for element 107.
2025-11-16 14:58:44,009 [DEBUG]: Logging verified for element 108.
2025-11-16 14:58:44,010 [DEBUG]: Logging verified for element 109.
2025-11-16 14:58:44,010 [DEBUG]: Logging verified for element 110.
2025-11-16 14:58:44,011 [DEBUG]: Logging verified for element 111.
2025-11-16 14:58:44,011 [DEBUG]: Logging verified for element 112.
2025-11-16 14:58:44,012 [DEBUG]: Logging verified for element 113.
2025-11-16 14:58:44,012 [DEBUG]: Logging verified for element 114.
2025-11-16 14:58:44,013 [DEBUG]: Logging verified for element 115.
2025-11-16 14:58:44,013 [DEBUG]: Logging verified for element 116.
2025-11-16 14:58:44,014 [DEBUG]: Logging verified for element 117.
2025-11-16 14:58:44,014 [DEBUG]: Logging verified for element 118.
2025-11-16 14:58:44,015 [DEBUG]: Logging verified for element 119.
2025-11-16 14:58:44,015 [DEBUG]: Logging verified for element 120.
2025-11-16 14:58:44,016 [DEBUG]: Logging verified for element 121.
2025-11-16 14:58:44,016 [DEBUG]: Logging verified for element 122.
2025-11-16 14:58:44,016 [DEBUG]: Logging verified for element 123.
2025-11-16 14:58:44,017 [DEBUG]: Logging verified for element 124.
2025-11-16 14:58:44,017 [DEBUG]: Logging verified for element 125.
2025-11-16 14:58:44,018 [DEBUG]: Logging verified for element 126.
2025-11-16 14:58:44,018 [DEBUG]: Logging verified for element 127.
2025-11-16 14:58:44,019 [DEBUG]: Logging verified for element 128.
2025-11-16 14:58:44,019 [DEBUG]: Logging verified for element 129.
2025-11-16 14:58:44,019 [DEBUG]: Logging verified for element 130.
2025-11-16 14:58:44,019 [DEBUG]: Logging verified for element 131.
2025-11-16 14:58:44,020 [DEBUG]: Logging verified for element 132.
2025-11-16 14:58:44,020 [DEBUG]: Logging verified for element 133.
2025-11-16 14:58:44,021 [DEBUG]: Logging verified for element 134.
2025-11-16 14:58:44,021 [DEBUG]: Logging verified for element 135.
2025-11-16 14:58:44,022 [DEBUG]: Logging verified for element 136.
2025-11-16 14:58:44,022 [DEBUG]: Logging verified for element 137.
2025-11-16 14:58:44,022 [DEBUG]: Logging verified for element 138.
2025-11-16 14:58:44,023 [DEBUG]: Logging verified for element 139.
2025-11-16 14:58:44,023 [DEBUG]: Logging verified for element 140.
2025-11-16 14:58:44,024 [DEBUG]: Logging verified for element 141.
2025-11-16 14:58:44,024 [DEBUG]: Logging verified for element 142.
2025-11-16 14:58:44,024 [DEBUG]: Logging verified for element 143.
2025-11-16 14:58:44,025 [DEBUG]: Logging verified for element 144.
2025-11-16 14:58:44,025 [DEBUG]: Logging verified for element 145.
2025-11-16 14:58:44,026 [DEBUG]: Logging verified for element 146.
2025-11-16 14:58:44,026 [DEBUG]: Logging verified for element 147.
2025-11-16 14:58:44,027 [DEBUG]: Logging verified for element 148.
2025-11-16 14:58:44,027 [DEBUG]: Logging verified for element 149.
2025-11-16 14:58:44,028 [DEBUG]: Logging verified for element 150.
2025-11-16 14:58:44,028 [DEBUG]: Logging verified for element 151.
2025-11-16 14:58:44,029 [DEBUG]: Logging verified for element 152.
2025-11-16 14:58:44,029 [DEBUG]: Logging verified for element 153.
2025-11-16 14:58:44,030 [DEBUG]: Logging verified for element 154.
2025-11-16 14:58:44,030 [DEBUG]: Logging verified for element 155.
2025-11-16 14:58:44,031 [DEBUG]: Logging verified for element 156.
2025-11-16 14:58:44,031 [DEBUG]: Logging verified for element 157.
2025-11-16 14:58:44,032 [DEBUG]: Logging verified for element 158.
2025-11-16 14:58:44,032 [DEBUG]: Logging verified for element 159.
2025-11-16 14:58:44,032 [DEBUG]: Logging verified for element 160.
2025-11-16 14:58:44,033 [DEBUG]: Logging verified for element 161.
2025-11-16 14:58:44,033 [DEBUG]: Logging verified for element 162.
2025-11-16 14:58:44,034 [DEBUG]: Logging verified for element 163.
2025-11-16 14:58:44,034 [DEBUG]: Logging verified for element 164.
2025-11-16 14:58:44,035 [DEBUG]: Logging verified for element 165.
2025-11-16 14:58:44,035 [DEBUG]: Logging verified for element 166.
2025-11-16 14:58:44,036 [DEBUG]: Logging verified for element 167.
2025-11-16 14:58:44,036 [DEBUG]: Logging verified for element 168.
2025-11-16 14:58:44,036 [DEBUG]: Logging verified for element 169.
2025-11-16 14:58:44,037 [DEBUG]: Logging verified for element 170.
2025-11-16 14:58:44,037 [DEBUG]: Logging verified for element 171.
2025-11-16 14:58:44,038 [DEBUG]: Logging verified for element 172.
2025-11-16 14:58:44,038 [DEBUG]: Logging verified for element 173.
2025-11-16 14:58:44,039 [DEBUG]: Logging verified for element 174.
2025-11-16 14:58:44,039 [DEBUG]: Logging verified for element 175.
2025-11-16 14:58:44,039 [DEBUG]: Logging verified for element 176.
2025-11-16 14:58:44,040 [DEBUG]: Logging verified for element 177.
2025-11-16 14:58:44,040 [DEBUG]: Logging verified for element 178.
2025-11-16 14:58:44,041 [DEBUG]: Logging verified for element 179.
2025-11-16 14:58:44,041 [DEBUG]: Logging verified for element 180.
2025-11-16 14:58:44,042 [DEBUG]: Logging verified for element 181.
2025-11-16 14:58:44,043 [DEBUG]: Logging verified for element 182.
2025-11-16 14:58:44,043 [DEBUG]: Logging verified for element 183.
2025-11-16 14:58:44,044 [DEBUG]: Logging verified for element 184.
2025-11-16 14:58:44,044 [DEBUG]: Logging verified for element 185.
2025-11-16 14:58:44,045 [DEBUG]: Logging verified for element 186.
2025-11-16 14:58:44,045 [DEBUG]: Logging verified for element 187.
2025-11-16 14:58:44,046 [DEBUG]: Logging verified for element 188.
2025-11-16 14:58:44,046 [DEBUG]: Logging verified for element 189.
2025-11-16 14:58:44,047 [DEBUG]: Logging verified for element 190.
2025-11-16 14:58:44,047 [DEBUG]: Logging verified for element 191.
2025-11-16 14:58:44,048 [DEBUG]: Logging verified for element 192.
2025-11-16 14:58:44,048 [DEBUG]: Logging verified for element 193.
2025-11-16 14:58:44,049 [DEBUG]: Logging verified for element 194.
2025-11-16 14:58:44,049 [DEBUG]: Logging verified for element 195.
2025-11-16 14:58:44,050 [DEBUG]: Logging verified for element 196.
2025-11-16 14:58:44,050 [DEBUG]: Logging verified for element 197.
2025-11-16 14:58:44,050 [DEBUG]: Logging verified for element 198.
2025-11-16 14:58:44,051 [DEBUG]: Logging verified for element 199.
2025-11-16 14:58:44,051 [DEBUG]: Logging verified for element 200.
2025-11-16 14:58:44,052 [DEBUG]: Logging verified for element 201.
2025-11-16 14:58:44,052 [DEBUG]: Logging verified for element 202.
2025-11-16 14:58:44,053 [DEBUG]: Logging verified for element 203.
2025-11-16 14:58:44,053 [DEBUG]: Logging verified for element 204.
2025-11-16 14:58:44,054 [DEBUG]: Logging verified for element 205.
2025-11-16 14:58:44,054 [DEBUG]: Logging verified for element 206.
2025-11-16 14:58:44,054 [DEBUG]: Logging verified for element 207.
2025-11-16 14:58:44,055 [DEBUG]: Logging verified for element 208.
2025-11-16 14:58:44,055 [DEBUG]: Logging verified for element 209.
2025-11-16 14:58:44,056 [DEBUG]: Logging verified for element 210.
2025-11-16 14:58:44,056 [DEBUG]: Logging verified for element 211.
2025-11-16 14:58:44,056 [DEBUG]: Logging verified for element 212.
2025-11-16 14:58:44,057 [DEBUG]: Logging verified for element 213.
2025-11-16 14:58:44,057 [DEBUG]: Logging verified for element 214.
2025-11-16 14:58:44,058 [DEBUG]: Logging verified for element 215.
2025-11-16 14:58:44,058 [DEBUG]: Logging verified for element 216.
2025-11-16 14:58:44,058 [DEBUG]: Logging verified for element 217.
2025-11-16 14:58:44,060 [DEBUG]: Logging verified for element 218.
2025-11-16 14:58:44,060 [DEBUG]: Logging verified for element 219.
2025-11-16 14:58:44,061 [DEBUG]: Logging verified for element 220.
2025-11-16 14:58:44,061 [DEBUG]: Logging verified for element 221.
2025-11-16 14:58:44,062 [DEBUG]: Logging verified for element 222.
2025-11-16 14:58:44,062 [DEBUG]: Logging verified for element 223.
2025-11-16 14:58:44,063 [DEBUG]: Logging verified for element 224.
2025-11-16 14:58:44,063 [DEBUG]: Logging verified for element 225.
2025-11-16 14:58:44,063 [DEBUG]: Logging verified for element 226.
2025-11-16 14:58:44,064 [DEBUG]: Logging verified for element 227.
2025-11-16 14:58:44,064 [DEBUG]: Logging verified for element 228.
2025-11-16 14:58:44,065 [DEBUG]: Logging verified for element 229.
2025-11-16 14:58:44,065 [DEBUG]: Logging verified for element 230.
2025-11-16 14:58:44,065 [DEBUG]: Logging verified for element 231.
2025-11-16 14:58:44,066 [DEBUG]: Logging verified for element 232.
2025-11-16 14:58:44,066 [DEBUG]: Logging verified for element 233.
2025-11-16 14:58:44,067 [DEBUG]: Logging verified for element 234.
2025-11-16 14:58:44,067 [DEBUG]: Logging verified for element 235.
2025-11-16 14:58:44,067 [DEBUG]: Logging verified for element 236.
2025-11-16 14:58:44,067 [DEBUG]: Logging verified for element 237.
2025-11-16 14:58:44,069 [DEBUG]: Logging verified for element 238.
2025-11-16 14:58:44,069 [DEBUG]: Logging verified for element 239.
2025-11-16 14:58:44,070 [DEBUG]: Logging verified for element 240.
2025-11-16 14:58:44,071 [DEBUG]: Logging verified for element 241.
2025-11-16 14:58:44,072 [DEBUG]: Logging verified for element 242.
2025-11-16 14:58:44,072 [DEBUG]: Logging verified for element 243.
2025-11-16 14:58:44,072 [DEBUG]: Logging verified for element 244.
2025-11-16 14:58:44,073 [DEBUG]: Logging verified for element 245.
2025-11-16 14:58:44,073 [DEBUG]: Logging verified for element 246.
2025-11-16 14:58:44,074 [DEBUG]: Logging verified for element 247.
2025-11-16 14:58:44,074 [DEBUG]: Logging verified for element 248.
2025-11-16 14:58:44,075 [DEBUG]: Logging verified for element 249.
2025-11-16 14:58:44,075 [DEBUG]: Logging verified for element 250.
2025-11-16 14:58:44,075 [DEBUG]: Logging verified for element 251.
2025-11-16 14:58:44,076 [DEBUG]: Logging verified for element 252.
2025-11-16 14:58:44,076 [DEBUG]: Logging verified for element 253.
2025-11-16 14:58:44,076 [DEBUG]: Logging verified for element 254.
2025-11-16 14:58:44,077 [DEBUG]: Logging verified for element 255.
2025-11-16 14:58:44,077 [DEBUG]: Logging verified for element 256.
2025-11-16 14:58:44,078 [DEBUG]: Logging verified for element 257.
2025-11-16 14:58:44,079 [DEBUG]: Logging verified for element 258.
2025-11-16 14:58:44,079 [DEBUG]: Logging verified for element 259.
2025-11-16 14:58:44,080 [DEBUG]: Logging verified for element 260.
2025-11-16 14:58:44,080 [DEBUG]: Logging verified for element 261.
2025-11-16 14:58:44,081 [DEBUG]: Logging verified for element 262.
2025-11-16 14:58:44,081 [DEBUG]: Logging verified for element 263.
2025-11-16 14:58:44,081 [DEBUG]: Logging verified for element 264.
2025-11-16 14:58:44,082 [DEBUG]: Logging verified for element 265.
2025-11-16 14:58:44,082 [DEBUG]: Logging verified for element 266.
2025-11-16 14:58:44,083 [DEBUG]: Logging verified for element 267.
2025-11-16 14:58:44,083 [DEBUG]: Logging verified for element 268.
2025-11-16 14:58:44,083 [DEBUG]: Logging verified for element 269.
2025-11-16 14:58:44,085 [DEBUG]: Logging verified for element 270.
2025-11-16 14:58:44,085 [DEBUG]: Logging verified for element 271.
2025-11-16 14:58:44,086 [DEBUG]: Logging verified for element 272.
2025-11-16 14:58:44,086 [DEBUG]: Logging verified for element 273.
2025-11-16 14:58:44,087 [DEBUG]: Logging verified for element 274.
2025-11-16 14:58:44,087 [DEBUG]: Logging verified for element 275.
2025-11-16 14:58:44,087 [DEBUG]: Logging verified for element 276.
2025-11-16 14:58:44,088 [DEBUG]: Logging verified for element 277.
2025-11-16 14:58:44,088 [DEBUG]: Logging verified for element 278.
2025-11-16 14:58:44,089 [DEBUG]: Logging verified for element 279.
2025-11-16 14:58:44,089 [DEBUG]: Logging verified for element 280.
2025-11-16 14:58:44,089 [DEBUG]: Logging verified for element 281.
2025-11-16 14:58:44,090 [DEBUG]: Logging verified for element 282.
2025-11-16 14:58:44,090 [DEBUG]: Logging verified for element 283.
2025-11-16 14:58:44,091 [DEBUG]: Logging verified for element 284.
2025-11-16 14:58:44,091 [DEBUG]: Logging verified for element 285.
2025-11-16 14:58:44,092 [DEBUG]: Logging verified for element 286.
2025-11-16 14:58:44,092 [DEBUG]: Logging verified for element 287.
2025-11-16 14:58:44,093 [DEBUG]: Logging verified for element 288.
2025-11-16 14:58:44,093 [DEBUG]: Logging verified for element 289.
2025-11-16 14:58:44,093 [DEBUG]: Logging verified for element 290.
2025-11-16 14:58:44,094 [DEBUG]: Logging verified for element 291.
2025-11-16 14:58:44,094 [DEBUG]: Logging verified for element 292.
2025-11-16 14:58:44,095 [DEBUG]: Logging verified for element 293.
2025-11-16 14:58:44,095 [DEBUG]: Logging verified for element 294.
2025-11-16 14:58:44,096 [DEBUG]: Logging verified for element 295.
2025-11-16 14:58:44,097 [DEBUG]: Logging verified for element 296.
2025-11-16 14:58:44,097 [DEBUG]: Logging verified for element 297.
2025-11-16 14:58:44,097 [DEBUG]: Logging verified for element 298.
2025-11-16 14:58:44,098 [DEBUG]: Logging verified for element 299.
2025-11-16 14:58:44,098 [DEBUG]: Logging verified for element 300.
2025-11-16 14:58:44,099 [DEBUG]: Logging verified for element 301.
2025-11-16 14:58:44,099 [DEBUG]: Logging verified for element 302.
2025-11-16 14:58:44,100 [DEBUG]: Logging verified for element 303.
2025-11-16 14:58:44,100 [DEBUG]: Logging verified for element 304.
2025-11-16 14:58:44,101 [DEBUG]: Logging verified for element 305.
2025-11-16 14:58:44,101 [DEBUG]: Logging verified for element 306.
2025-11-16 14:58:44,101 [DEBUG]: Logging verified for element 307.
2025-11-16 14:58:44,102 [DEBUG]: Logging verified for element 308.
2025-11-16 14:58:44,102 [DEBUG]: Logging verified for element 309.
2025-11-16 14:58:44,103 [DEBUG]: Logging verified for element 310.
2025-11-16 14:58:44,103 [DEBUG]: Logging verified for element 311.
2025-11-16 14:58:44,104 [DEBUG]: Logging verified for element 312.
2025-11-16 14:58:44,104 [DEBUG]: Logging verified for element 313.
2025-11-16 14:58:44,105 [DEBUG]: Logging verified for element 314.
2025-11-16 14:58:44,105 [DEBUG]: Logging verified for element 315.
2025-11-16 14:58:44,105 [DEBUG]: Logging verified for element 316.
2025-11-16 14:58:44,106 [DEBUG]: Logging verified for element 317.
2025-11-16 14:58:44,106 [DEBUG]: Logging verified for element 318.
2025-11-16 14:58:44,107 [DEBUG]: Logging verified for element 319.
2025-11-16 14:58:44,107 [DEBUG]: Logging verified for element 320.
2025-11-16 14:58:44,107 [DEBUG]: Logging verified for element 321.
2025-11-16 14:58:44,108 [DEBUG]: Logging verified for element 322.
2025-11-16 14:58:44,109 [DEBUG]: Logging verified for element 323.
2025-11-16 14:58:44,109 [DEBUG]: Logging verified for element 324.
2025-11-16 14:58:44,110 [DEBUG]: Logging verified for element 325.
2025-11-16 14:58:44,110 [DEBUG]: Logging verified for element 326.
2025-11-16 14:58:44,111 [DEBUG]: Logging verified for element 327.
2025-11-16 14:58:44,111 [DEBUG]: Logging verified for element 328.
2025-11-16 14:58:44,112 [DEBUG]: Logging verified for element 329.
2025-11-16 14:58:44,113 [DEBUG]: Logging verified for element 330.
2025-11-16 14:58:44,113 [DEBUG]: Logging verified for element 331.
2025-11-16 14:58:44,114 [DEBUG]: Logging verified for element 332.
2025-11-16 14:58:44,114 [DEBUG]: Logging verified for element 333.
2025-11-16 14:58:44,115 [DEBUG]: Logging verified for element 334.
2025-11-16 14:58:44,115 [DEBUG]: Logging verified for element 335.
2025-11-16 14:58:44,116 [DEBUG]: Logging verified for element 336.
2025-11-16 14:58:44,116 [DEBUG]: Logging verified for element 337.
2025-11-16 14:58:44,117 [DEBUG]: Logging verified for element 338.
2025-11-16 14:58:44,117 [DEBUG]: Logging verified for element 339.
2025-11-16 14:58:44,117 [DEBUG]: Logging verified for element 340.
2025-11-16 14:58:44,118 [DEBUG]: Logging verified for element 341.
2025-11-16 14:58:44,118 [DEBUG]: Logging verified for element 342.
2025-11-16 14:58:44,118 [DEBUG]: Logging verified for element 343.
2025-11-16 14:58:44,119 [DEBUG]: Logging verified for element 344.
2025-11-16 14:58:44,119 [DEBUG]: Logging verified for element 345.
2025-11-16 14:58:44,120 [DEBUG]: Logging verified for element 346.
2025-11-16 14:58:44,120 [DEBUG]: Logging verified for element 347.
2025-11-16 14:58:44,121 [DEBUG]: Logging verified for element 348.
2025-11-16 14:58:44,121 [DEBUG]: Logging verified for element 349.
2025-11-16 14:58:44,122 [DEBUG]: Logging verified for element 350.
2025-11-16 14:58:44,122 [DEBUG]: Logging verified for element 351.
2025-11-16 14:58:44,123 [DEBUG]: Logging verified for element 352.
2025-11-16 14:58:44,123 [DEBUG]: Logging verified for element 353.
2025-11-16 14:58:44,124 [DEBUG]: Logging verified for element 354.
2025-11-16 14:58:44,124 [DEBUG]: Logging verified for element 355.
2025-11-16 14:58:44,124 [DEBUG]: Logging verified for element 356.
2025-11-16 14:58:44,125 [DEBUG]: Logging verified for element 357.
2025-11-16 14:58:44,125 [DEBUG]: Logging verified for element 358.
2025-11-16 14:58:44,126 [DEBUG]: Logging verified for element 359.
2025-11-16 14:58:44,126 [DEBUG]: Logging verified for element 360.
2025-11-16 14:58:44,127 [DEBUG]: Logging verified for element 361.
2025-11-16 14:58:44,127 [DEBUG]: Logging verified for element 362.
2025-11-16 14:58:44,128 [DEBUG]: Logging verified for element 363.
2025-11-16 14:58:44,128 [DEBUG]: Logging verified for element 364.
2025-11-16 14:58:44,129 [DEBUG]: Logging verified for element 365.
2025-11-16 14:58:44,129 [DEBUG]: Logging verified for element 366.
2025-11-16 14:58:44,130 [DEBUG]: Logging verified for element 367.
2025-11-16 14:58:44,130 [DEBUG]: Logging verified for element 368.
2025-11-16 14:58:44,131 [DEBUG]: Logging verified for element 369.
2025-11-16 14:58:44,131 [DEBUG]: Logging verified for element 370.
2025-11-16 14:58:44,132 [DEBUG]: Logging verified for element 371.
2025-11-16 14:58:44,132 [DEBUG]: Logging verified for element 372.
2025-11-16 14:58:44,133 [DEBUG]: Logging verified for element 373.
2025-11-16 14:58:44,133 [DEBUG]: Logging verified for element 374.
2025-11-16 14:58:44,133 [DEBUG]: Logging verified for element 375.
2025-11-16 14:58:44,134 [DEBUG]: Logging verified for element 376.
2025-11-16 14:58:44,134 [DEBUG]: Logging verified for element 377.
2025-11-16 14:58:44,136 [DEBUG]: Logging verified for element 378.
2025-11-16 14:58:44,136 [DEBUG]: Logging verified for element 379.
2025-11-16 14:58:44,137 [DEBUG]: Logging verified for element 380.
2025-11-16 14:58:44,137 [DEBUG]: Logging verified for element 381.
2025-11-16 14:58:44,138 [DEBUG]: Logging verified for element 382.
2025-11-16 14:58:44,138 [DEBUG]: Logging verified for element 383.
2025-11-16 14:58:44,139 [DEBUG]: Logging verified for element 384.
2025-11-16 14:58:44,139 [DEBUG]: Logging verified for element 385.
2025-11-16 14:58:44,139 [DEBUG]: Logging verified for element 386.
2025-11-16 14:58:44,140 [DEBUG]: Logging verified for element 387.
2025-11-16 14:58:44,140 [DEBUG]: Logging verified for element 388.
2025-11-16 14:58:44,141 [DEBUG]: Logging verified for element 389.
2025-11-16 14:58:44,141 [DEBUG]: Logging verified for element 390.
2025-11-16 14:58:44,142 [DEBUG]: Logging verified for element 391.
2025-11-16 14:58:44,142 [DEBUG]: Logging verified for element 392.
2025-11-16 14:58:44,142 [DEBUG]: Logging verified for element 393.
2025-11-16 14:58:44,143 [DEBUG]: Logging verified for element 394.
2025-11-16 14:58:44,143 [DEBUG]: Logging verified for element 395.
2025-11-16 14:58:44,144 [DEBUG]: Logging verified for element 396.
2025-11-16 14:58:44,144 [DEBUG]: Logging verified for element 397.
2025-11-16 14:58:44,145 [DEBUG]: Logging verified for element 398.
2025-11-16 14:58:44,146 [DEBUG]: Logging verified for element 399.
2025-11-16 14:58:44,146 [DEBUG]: Logging verified for element 400.
2025-11-16 14:58:44,147 [DEBUG]: Logging verified for element 401.
2025-11-16 14:58:44,147 [DEBUG]: Logging verified for element 402.
2025-11-16 14:58:44,148 [DEBUG]: Logging verified for element 403.
2025-11-16 14:58:44,148 [DEBUG]: Logging verified for element 404.
2025-11-16 14:58:44,149 [DEBUG]: Logging verified for element 405.
2025-11-16 14:58:44,149 [DEBUG]: Logging verified for element 406.
2025-11-16 14:58:44,150 [DEBUG]: Logging verified for element 407.
2025-11-16 14:58:44,150 [DEBUG]: Logging verified for element 408.
2025-11-16 14:58:44,150 [DEBUG]: Logging verified for element 409.
2025-11-16 14:58:44,151 [DEBUG]: Logging verified for element 410.
2025-11-16 14:58:44,151 [DEBUG]: Logging verified for element 411.
2025-11-16 14:58:44,152 [DEBUG]: Logging verified for element 412.
2025-11-16 14:58:44,152 [DEBUG]: Logging verified for element 413.
2025-11-16 14:58:44,153 [DEBUG]: Logging verified for element 414.
2025-11-16 14:58:44,153 [DEBUG]: Logging verified for element 415.
2025-11-16 14:58:44,154 [DEBUG]: Logging verified for element 416.
2025-11-16 14:58:44,154 [DEBUG]: Logging verified for element 417.
2025-11-16 14:58:44,155 [DEBUG]: Logging verified for element 418.
2025-11-16 14:58:44,155 [DEBUG]: Logging verified for element 419.
2025-11-16 14:58:44,155 [DEBUG]: Logging verified for element 420.
2025-11-16 14:58:44,156 [DEBUG]: Logging verified for element 421.
2025-11-16 14:58:44,156 [DEBUG]: Logging verified for element 422.
2025-11-16 14:58:44,157 [DEBUG]: Logging verified for element 423.
2025-11-16 14:58:44,157 [DEBUG]: Logging verified for element 424.
2025-11-16 14:58:44,158 [DEBUG]: Logging verified for element 425.
2025-11-16 14:58:44,158 [DEBUG]: Logging verified for element 426.
2025-11-16 14:58:44,158 [DEBUG]: Logging verified for element 427.
2025-11-16 14:58:44,160 [DEBUG]: Logging verified for element 428.
2025-11-16 14:58:44,160 [DEBUG]: Logging verified for element 429.
2025-11-16 14:58:44,160 [DEBUG]: Logging verified for element 430.
2025-11-16 14:58:44,161 [DEBUG]: Logging verified for element 431.
2025-11-16 14:58:44,162 [DEBUG]: Logging verified for element 432.
2025-11-16 14:58:44,162 [DEBUG]: Logging verified for element 433.
2025-11-16 14:58:44,162 [DEBUG]: Logging verified for element 434.
2025-11-16 14:58:44,163 [DEBUG]: Logging verified for element 435.
2025-11-16 14:58:44,163 [DEBUG]: Logging verified for element 436.
2025-11-16 14:58:44,164 [DEBUG]: Logging verified for element 437.
2025-11-16 14:58:44,164 [DEBUG]: Logging verified for element 438.
2025-11-16 14:58:44,165 [DEBUG]: Logging verified for element 439.
2025-11-16 14:58:44,165 [DEBUG]: Logging verified for element 440.
2025-11-16 14:58:44,165 [DEBUG]: Logging verified for element 441.
2025-11-16 14:58:44,166 [DEBUG]: Logging verified for element 442.
2025-11-16 14:58:44,166 [DEBUG]: Logging verified for element 443.
2025-11-16 14:58:44,167 [DEBUG]: Logging verified for element 444.
2025-11-16 14:58:44,167 [DEBUG]: Logging verified for element 445.
2025-11-16 14:58:44,167 [DEBUG]: Logging verified for element 446.
2025-11-16 14:58:44,169 [DEBUG]: Logging verified for element 447.
2025-11-16 14:58:44,169 [DEBUG]: Logging verified for element 448.
2025-11-16 14:58:44,169 [DEBUG]: Logging verified for element 449.
2025-11-16 14:58:44,170 [DEBUG]: Logging verified for element 450.
2025-11-16 14:58:44,170 [DEBUG]: Logging verified for element 451.
2025-11-16 14:58:44,171 [DEBUG]: Logging verified for element 452.
2025-11-16 14:58:44,171 [DEBUG]: Logging verified for element 453.
2025-11-16 14:58:44,172 [DEBUG]: Logging verified for element 454.
2025-11-16 14:58:44,172 [DEBUG]: Logging verified for element 455.
2025-11-16 14:58:44,173 [DEBUG]: Logging verified for element 456.
2025-11-16 14:58:44,173 [DEBUG]: Logging verified for element 457.
2025-11-16 14:58:44,174 [DEBUG]: Logging verified for element 458.
2025-11-16 14:58:44,174 [DEBUG]: Logging verified for element 459.
2025-11-16 14:58:44,175 [DEBUG]: Logging verified for element 460.
2025-11-16 14:58:44,175 [DEBUG]: Logging verified for element 461.
2025-11-16 14:58:44,175 [DEBUG]: Logging verified for element 462.
2025-11-16 14:58:44,176 [DEBUG]: Logging verified for element 463.
2025-11-16 14:58:44,176 [DEBUG]: Logging verified for element 464.
2025-11-16 14:58:44,176 [DEBUG]: Logging verified for element 465.
2025-11-16 14:58:44,177 [DEBUG]: Logging verified for element 466.
2025-11-16 14:58:44,178 [DEBUG]: Logging verified for element 467.
2025-11-16 14:58:44,178 [DEBUG]: Logging verified for element 468.
2025-11-16 14:58:44,179 [DEBUG]: Logging verified for element 469.
2025-11-16 14:58:44,179 [DEBUG]: Logging verified for element 470.
2025-11-16 14:58:44,180 [DEBUG]: Logging verified for element 471.
2025-11-16 14:58:44,180 [DEBUG]: Logging verified for element 472.
2025-11-16 14:58:44,181 [DEBUG]: Logging verified for element 473.
2025-11-16 14:58:44,181 [DEBUG]: Logging verified for element 474.
2025-11-16 14:58:44,182 [DEBUG]: Logging verified for element 475.
2025-11-16 14:58:44,182 [DEBUG]: Logging verified for element 476.
2025-11-16 14:58:44,183 [DEBUG]: Logging verified for element 477.
2025-11-16 14:58:44,183 [DEBUG]: Logging verified for element 478.
2025-11-16 14:58:44,184 [DEBUG]: Logging verified for element 479.
2025-11-16 14:58:44,184 [DEBUG]: Logging verified for element 480.
2025-11-16 14:58:44,184 [DEBUG]: Logging verified for element 481.
2025-11-16 14:58:44,185 [DEBUG]: Logging verified for element 482.
2025-11-16 14:58:44,185 [DEBUG]: Logging verified for element 483.
2025-11-16 14:58:44,186 [DEBUG]: Logging verified for element 484.
2025-11-16 14:58:44,186 [DEBUG]: Logging verified for element 485.
2025-11-16 14:58:44,186 [DEBUG]: Logging verified for element 486.
2025-11-16 14:58:44,187 [DEBUG]: Logging verified for element 487.
2025-11-16 14:58:44,187 [DEBUG]: Logging verified for element 488.
2025-11-16 14:58:44,188 [DEBUG]: Logging verified for element 489.
2025-11-16 14:58:44,188 [DEBUG]: Logging verified for element 490.
2025-11-16 14:58:44,189 [DEBUG]: Logging verified for element 491.
2025-11-16 14:58:44,189 [DEBUG]: Logging verified for element 492.
2025-11-16 14:58:44,189 [DEBUG]: Logging verified for element 493.
2025-11-16 14:58:44,190 [DEBUG]: Logging verified for element 494.
2025-11-16 14:58:44,190 [DEBUG]: Logging verified for element 495.
2025-11-16 14:58:44,190 [DEBUG]: Logging verified for element 496.
2025-11-16 14:58:44,191 [DEBUG]: Logging verified for element 497.
2025-11-16 14:58:44,191 [DEBUG]: Logging verified for element 498.
2025-11-16 14:58:44,192 [DEBUG]: Logging verified for element 499.
2025-11-16 14:58:44,192 [INFO]: ✅ Batch element creation complete.
