Machine Specifications:
   - OS: Windows 11 (10.0.26100)
       • Logical cores: 20
       • Physical cores: 12
   - RAM: 31.24 GB
   - Disk: 943.72 GB total, 2.49 GB free
   - Python Version: 3.12.5 (C:\Users\s1834431\AppData\Local\Programs\Python\Python312\python.exe)
   - GPU(s): Intel(R) UHD Graphics 770

Job: job_0009_n64
Timestamp (job start): 2026-02-26_16-19-18-644170
Total Time: 9.35 sec

+-------------------------------+------------+---------------+-------------+-----------+
| Step                          |   Time (s) |   Memory (MB) |   Disk (GB) |   CPU (%) |
+===============================+============+===============+=============+===========+
| Parsing                       | 0.00974417 |       137.391 |     941.226 |         0 |
+-------------------------------+------------+---------------+-------------+-----------+
| Element Instantiation         | 0.665066   |       137.387 |     941.227 |         0 |
+-------------------------------+------------+---------------+-------------+-----------+
| Element Stiffness Computation | 0.699409   |       137.391 |     941.227 |         0 |
+-------------------------------+------------+---------------+-------------+-----------+
| Element Force Computation     | 0.630239   |       137.391 |     941.227 |         0 |
+-------------------------------+------------+---------------+-------------+-----------+
| Full Simulation               | 6.7396     |       137.457 |     941.231 |         0 |
+-------------------------------+------------+---------------+-------------+-----------+

Parallel Jobs: None
Start Memory: 137.39 MB | End Memory: 137.46 MB
Start Disk Usage: 941.23 GB | End Disk Usage: 941.23 GB
Start CPU: 0.00% | End CPU: 0.00%
