2026-02-26 16:19:15,515 [DEBUG] 📁 Log file: c:\Users\s1834431\Programs\fem_model\post_processing\results\job_0009_n64_2026-02-26_16-19-09-108462_pid18316_1905cc9d\logs\SolveCondensedSystem.log (Module: solver, Line: 249)
2026-02-26 16:19:15,516 [DEBUG] Row/column scaling applied. (Module: solver, Line: 164)
2026-02-26 16:19:15,516 [DEBUG] Building ILU (drop_tol=1e-06, fill_factor=1.0) (Module: solver, Line: 77)
2026-02-26 16:19:15,516 [DEBUG] ILU fill-ratio = 1.01 (Module: solver, Line: 82)
2026-02-26 16:19:15,516 [INFO] Solver parameters • solver='cg', prec='auto', K nnz=1648, dofs=384 (Module: solver, Line: 181)
2026-02-26 16:19:15,517 [INFO] Condensed condition estimate: 1.01e+00 (Module: solver, Line: 187)
2026-02-26 16:19:15,517 [DEBUG] Iter   10 | residual 2.740e-02 (Module: solver, Line: 328)
2026-02-26 16:19:15,517 [DEBUG] Iter   20 | residual 2.740e-02 (Module: solver, Line: 328)
2026-02-26 16:19:15,519 [DEBUG] Iter   30 | residual 2.740e-02 (Module: solver, Line: 328)
2026-02-26 16:19:15,519 [DEBUG] Iter   40 | residual 2.740e-02 (Module: solver, Line: 328)
2026-02-26 16:19:15,520 [DEBUG] Iter   50 | residual 2.740e-02 (Module: solver, Line: 328)
2026-02-26 16:19:15,520 [DEBUG] Iter   60 | residual 2.740e-02 (Module: solver, Line: 328)
2026-02-26 16:19:15,521 [DEBUG] Iter   70 | residual 2.740e-02 (Module: solver, Line: 328)
2026-02-26 16:19:15,521 [DEBUG] Iter   80 | residual 2.740e-02 (Module: solver, Line: 328)
2026-02-26 16:19:15,521 [DEBUG] Iter   90 | residual 2.740e-02 (Module: solver, Line: 328)
2026-02-26 16:19:15,522 [DEBUG] Iter  100 | residual 2.740e-02 (Module: solver, Line: 328)
2026-02-26 16:19:15,522 [DEBUG] Iter  110 | residual 2.740e-02 (Module: solver, Line: 328)
2026-02-26 16:19:15,523 [DEBUG] Iter  120 | residual 2.740e-02 (Module: solver, Line: 328)
2026-02-26 16:19:15,523 [DEBUG] Iter  130 | residual 2.740e-02 (Module: solver, Line: 328)
2026-02-26 16:19:15,523 [DEBUG] Iter  140 | residual 2.740e-02 (Module: solver, Line: 328)
2026-02-26 16:19:15,524 [DEBUG] Iter  150 | residual 2.740e-02 (Module: solver, Line: 328)
2026-02-26 16:19:15,524 [DEBUG] Iter  160 | residual 2.740e-02 (Module: solver, Line: 328)
2026-02-26 16:19:15,525 [DEBUG] Iter  170 | residual 2.740e-02 (Module: solver, Line: 328)
2026-02-26 16:19:15,525 [DEBUG] Iter  180 | residual 2.740e-02 (Module: solver, Line: 328)
2026-02-26 16:19:15,526 [DEBUG] Iter  190 | residual 2.740e-02 (Module: solver, Line: 328)
2026-02-26 16:19:15,526 [DEBUG] Iter  200 | residual 2.740e-02 (Module: solver, Line: 328)
2026-02-26 16:19:15,527 [DEBUG] Iter  210 | residual 2.740e-02 (Module: solver, Line: 328)
2026-02-26 16:19:15,527 [DEBUG] Iter  220 | residual 2.740e-02 (Module: solver, Line: 328)
2026-02-26 16:19:15,527 [DEBUG] Iter  230 | residual 2.740e-02 (Module: solver, Line: 328)
2026-02-26 16:19:15,528 [DEBUG] Iter  240 | residual 2.740e-02 (Module: solver, Line: 328)
2026-02-26 16:19:15,528 [DEBUG] Iter  250 | residual 2.740e-02 (Module: solver, Line: 328)
2026-02-26 16:19:15,529 [DEBUG] Iter  260 | residual 2.740e-02 (Module: solver, Line: 328)
2026-02-26 16:19:15,529 [DEBUG] Iter  270 | residual 2.740e-02 (Module: solver, Line: 328)
2026-02-26 16:19:15,530 [DEBUG] Iter  280 | residual 2.740e-02 (Module: solver, Line: 328)
2026-02-26 16:19:15,530 [DEBUG] Iter  290 | residual 2.740e-02 (Module: solver, Line: 328)
2026-02-26 16:19:15,531 [DEBUG] Iter  300 | residual 2.740e-02 (Module: solver, Line: 328)
2026-02-26 16:19:15,531 [DEBUG] Iter  310 | residual 2.740e-02 (Module: solver, Line: 328)
2026-02-26 16:19:15,532 [DEBUG] Iter  320 | residual 2.740e-02 (Module: solver, Line: 328)
2026-02-26 16:19:15,532 [DEBUG] Iter  330 | residual 2.740e-02 (Module: solver, Line: 328)
2026-02-26 16:19:15,533 [DEBUG] Iter  340 | residual 2.740e-02 (Module: solver, Line: 328)
2026-02-26 16:19:15,533 [DEBUG] Iter  350 | residual 2.740e-02 (Module: solver, Line: 328)
2026-02-26 16:19:15,534 [DEBUG] Iter  360 | residual 2.740e-02 (Module: solver, Line: 328)
2026-02-26 16:19:15,534 [DEBUG] Iter  370 | residual 2.740e-02 (Module: solver, Line: 328)
2026-02-26 16:19:15,535 [DEBUG] Iter  380 | residual 2.740e-02 (Module: solver, Line: 328)
2026-02-26 16:19:15,535 [DEBUG] Iter  390 | residual 2.740e-02 (Module: solver, Line: 328)
2026-02-26 16:19:15,535 [DEBUG] Iter  400 | residual 2.740e-02 (Module: solver, Line: 328)
2026-02-26 16:19:15,536 [DEBUG] Iter  410 | residual 2.740e-02 (Module: solver, Line: 328)
2026-02-26 16:19:15,536 [DEBUG] Iter  420 | residual 2.740e-02 (Module: solver, Line: 328)
2026-02-26 16:19:15,537 [DEBUG] Iter  430 | residual 2.740e-02 (Module: solver, Line: 328)
2026-02-26 16:19:15,537 [DEBUG] Iter  440 | residual 2.740e-02 (Module: solver, Line: 328)
2026-02-26 16:19:15,537 [DEBUG] Iter  450 | residual 2.740e-02 (Module: solver, Line: 328)
2026-02-26 16:19:15,538 [DEBUG] Iter  460 | residual 2.740e-02 (Module: solver, Line: 328)
2026-02-26 16:19:15,538 [DEBUG] Iter  470 | residual 2.740e-02 (Module: solver, Line: 328)
2026-02-26 16:19:15,539 [DEBUG] Iter  480 | residual 2.740e-02 (Module: solver, Line: 328)
2026-02-26 16:19:15,539 [DEBUG] Iter  490 | residual 2.740e-02 (Module: solver, Line: 328)
2026-02-26 16:19:15,540 [DEBUG] Iter  500 | residual 2.740e-02 (Module: solver, Line: 328)
2026-02-26 16:19:15,540 [DEBUG] Iter  510 | residual 2.740e-02 (Module: solver, Line: 328)
2026-02-26 16:19:15,540 [DEBUG] Iter  520 | residual 2.740e-02 (Module: solver, Line: 328)
2026-02-26 16:19:15,541 [DEBUG] Iter  530 | residual 2.740e-02 (Module: solver, Line: 328)
2026-02-26 16:19:15,541 [DEBUG] Iter  540 | residual 2.740e-02 (Module: solver, Line: 328)
2026-02-26 16:19:15,542 [DEBUG] Iter  550 | residual 2.740e-02 (Module: solver, Line: 328)
2026-02-26 16:19:15,542 [DEBUG] Iter  560 | residual 2.740e-02 (Module: solver, Line: 328)
2026-02-26 16:19:15,543 [DEBUG] Iter  570 | residual 2.740e-02 (Module: solver, Line: 328)
2026-02-26 16:19:15,544 [DEBUG] Iter  580 | residual 2.740e-02 (Module: solver, Line: 328)
2026-02-26 16:19:15,544 [DEBUG] Iter  590 | residual 2.740e-02 (Module: solver, Line: 328)
2026-02-26 16:19:15,544 [DEBUG] Iter  600 | residual 2.740e-02 (Module: solver, Line: 328)
2026-02-26 16:19:15,544 [DEBUG] Iter  610 | residual 2.740e-02 (Module: solver, Line: 328)
2026-02-26 16:19:15,544 [DEBUG] Iter  620 | residual 2.740e-02 (Module: solver, Line: 328)
2026-02-26 16:19:15,544 [DEBUG] Iter  630 | residual 2.740e-02 (Module: solver, Line: 328)
2026-02-26 16:19:15,544 [DEBUG] Iter  640 | residual 2.740e-02 (Module: solver, Line: 328)
2026-02-26 16:19:15,544 [DEBUG] Iter  650 | residual 2.740e-02 (Module: solver, Line: 328)
2026-02-26 16:19:15,544 [DEBUG] Iter  660 | residual 2.740e-02 (Module: solver, Line: 328)
2026-02-26 16:19:15,544 [DEBUG] Iter  670 | residual 2.740e-02 (Module: solver, Line: 328)
2026-02-26 16:19:15,548 [DEBUG] Iter  680 | residual 2.740e-02 (Module: solver, Line: 328)
2026-02-26 16:19:15,548 [DEBUG] Iter  690 | residual 2.740e-02 (Module: solver, Line: 328)
2026-02-26 16:19:15,548 [DEBUG] Iter  700 | residual 2.740e-02 (Module: solver, Line: 328)
2026-02-26 16:19:15,548 [DEBUG] Iter  710 | residual 2.740e-02 (Module: solver, Line: 328)
2026-02-26 16:19:15,548 [DEBUG] Iter  720 | residual 2.740e-02 (Module: solver, Line: 328)
2026-02-26 16:19:15,548 [DEBUG] Iter  730 | residual 2.740e-02 (Module: solver, Line: 328)
2026-02-26 16:19:15,548 [DEBUG] Iter  740 | residual 2.740e-02 (Module: solver, Line: 328)
2026-02-26 16:19:15,548 [DEBUG] Iter  750 | residual 2.740e-02 (Module: solver, Line: 328)
2026-02-26 16:19:15,548 [DEBUG] Iter  760 | residual 2.740e-02 (Module: solver, Line: 328)
2026-02-26 16:19:15,548 [DEBUG] Iter  770 | residual 2.740e-02 (Module: solver, Line: 328)
2026-02-26 16:19:15,548 [DEBUG] Iter  780 | residual 2.740e-02 (Module: solver, Line: 328)
2026-02-26 16:19:15,548 [DEBUG] Iter  790 | residual 2.740e-02 (Module: solver, Line: 328)
2026-02-26 16:19:15,548 [DEBUG] Iter  800 | residual 2.740e-02 (Module: solver, Line: 328)
2026-02-26 16:19:15,548 [DEBUG] Iter  810 | residual 2.740e-02 (Module: solver, Line: 328)
2026-02-26 16:19:15,548 [DEBUG] Iter  820 | residual 2.740e-02 (Module: solver, Line: 328)
2026-02-26 16:19:15,548 [DEBUG] Iter  830 | residual 2.740e-02 (Module: solver, Line: 328)
2026-02-26 16:19:15,548 [DEBUG] Iter  840 | residual 2.740e-02 (Module: solver, Line: 328)
2026-02-26 16:19:15,548 [DEBUG] Iter  850 | residual 2.740e-02 (Module: solver, Line: 328)
2026-02-26 16:19:15,548 [DEBUG] Iter  860 | residual 2.740e-02 (Module: solver, Line: 328)
2026-02-26 16:19:15,548 [DEBUG] Iter  870 | residual 2.740e-02 (Module: solver, Line: 328)
2026-02-26 16:19:15,548 [DEBUG] Iter  880 | residual 2.740e-02 (Module: solver, Line: 328)
2026-02-26 16:19:15,548 [DEBUG] Iter  890 | residual 2.740e-02 (Module: solver, Line: 328)
2026-02-26 16:19:15,548 [DEBUG] Iter  900 | residual 2.740e-02 (Module: solver, Line: 328)
2026-02-26 16:19:15,559 [DEBUG] Iter  910 | residual 2.740e-02 (Module: solver, Line: 328)
2026-02-26 16:19:15,559 [DEBUG] Iter  920 | residual 2.740e-02 (Module: solver, Line: 328)
2026-02-26 16:19:15,559 [DEBUG] Iter  930 | residual 2.740e-02 (Module: solver, Line: 328)
2026-02-26 16:19:15,560 [DEBUG] Iter  940 | residual 2.740e-02 (Module: solver, Line: 328)
2026-02-26 16:19:15,560 [DEBUG] Iter  950 | residual 2.740e-02 (Module: solver, Line: 328)
2026-02-26 16:19:15,561 [DEBUG] Iter  960 | residual 2.740e-02 (Module: solver, Line: 328)
2026-02-26 16:19:15,561 [DEBUG] Iter  970 | residual 2.740e-02 (Module: solver, Line: 328)
2026-02-26 16:19:15,562 [DEBUG] Iter  980 | residual 2.740e-02 (Module: solver, Line: 328)
2026-02-26 16:19:15,562 [DEBUG] Iter  990 | residual 2.740e-02 (Module: solver, Line: 328)
2026-02-26 16:19:15,563 [DEBUG] Iter 1000 | residual 2.740e-02 (Module: solver, Line: 328)
2026-02-26 16:19:15,563 [WARNING] Solver info=1000 (not converged). (Module: solver, Line: 344)
2026-02-26 16:19:15,563 [INFO] Retrying with ILU preconditioner … (Module: solver, Line: 351)
2026-02-26 16:19:15,563 [DEBUG] Building ILU (drop_tol=1e-06, fill_factor=1.0) (Module: solver, Line: 77)
2026-02-26 16:19:15,563 [DEBUG] ILU fill-ratio = 1.01 (Module: solver, Line: 82)
2026-02-26 16:19:15,564 [DEBUG] Iter 1010 | residual 2.740e-02 (Module: solver, Line: 328)
2026-02-26 16:19:15,564 [DEBUG] Iter 1020 | residual 2.740e-02 (Module: solver, Line: 328)
2026-02-26 16:19:15,565 [DEBUG] Iter 1030 | residual 2.740e-02 (Module: solver, Line: 328)
2026-02-26 16:19:15,565 [DEBUG] Iter 1040 | residual 2.740e-02 (Module: solver, Line: 328)
2026-02-26 16:19:15,566 [DEBUG] Iter 1050 | residual 2.740e-02 (Module: solver, Line: 328)
2026-02-26 16:19:15,566 [DEBUG] Iter 1060 | residual 2.740e-02 (Module: solver, Line: 328)
2026-02-26 16:19:15,567 [DEBUG] Iter 1070 | residual 2.740e-02 (Module: solver, Line: 328)
2026-02-26 16:19:15,567 [DEBUG] Iter 1080 | residual 2.740e-02 (Module: solver, Line: 328)
2026-02-26 16:19:15,568 [DEBUG] Iter 1090 | residual 2.740e-02 (Module: solver, Line: 328)
2026-02-26 16:19:15,568 [DEBUG] Iter 1100 | residual 2.740e-02 (Module: solver, Line: 328)
2026-02-26 16:19:15,568 [DEBUG] Iter 1110 | residual 2.740e-02 (Module: solver, Line: 328)
2026-02-26 16:19:15,569 [DEBUG] Iter 1120 | residual 2.740e-02 (Module: solver, Line: 328)
2026-02-26 16:19:15,569 [DEBUG] Iter 1130 | residual 2.740e-02 (Module: solver, Line: 328)
2026-02-26 16:19:15,569 [DEBUG] Iter 1140 | residual 2.740e-02 (Module: solver, Line: 328)
2026-02-26 16:19:15,570 [DEBUG] Iter 1150 | residual 2.740e-02 (Module: solver, Line: 328)
2026-02-26 16:19:15,570 [DEBUG] Iter 1160 | residual 2.740e-02 (Module: solver, Line: 328)
2026-02-26 16:19:15,571 [DEBUG] Iter 1170 | residual 2.740e-02 (Module: solver, Line: 328)
2026-02-26 16:19:15,571 [DEBUG] Iter 1180 | residual 2.740e-02 (Module: solver, Line: 328)
2026-02-26 16:19:15,571 [DEBUG] Iter 1190 | residual 2.740e-02 (Module: solver, Line: 328)
2026-02-26 16:19:15,572 [DEBUG] Iter 1200 | residual 2.740e-02 (Module: solver, Line: 328)
2026-02-26 16:19:15,572 [DEBUG] Iter 1210 | residual 2.740e-02 (Module: solver, Line: 328)
2026-02-26 16:19:15,573 [DEBUG] Iter 1220 | residual 2.740e-02 (Module: solver, Line: 328)
2026-02-26 16:19:15,573 [DEBUG] Iter 1230 | residual 2.740e-02 (Module: solver, Line: 328)
2026-02-26 16:19:15,574 [DEBUG] Iter 1240 | residual 2.740e-02 (Module: solver, Line: 328)
2026-02-26 16:19:15,574 [DEBUG] Iter 1250 | residual 2.740e-02 (Module: solver, Line: 328)
2026-02-26 16:19:15,575 [DEBUG] Iter 1260 | residual 2.740e-02 (Module: solver, Line: 328)
2026-02-26 16:19:15,575 [DEBUG] Iter 1270 | residual 2.740e-02 (Module: solver, Line: 328)
2026-02-26 16:19:15,576 [DEBUG] Iter 1280 | residual 2.740e-02 (Module: solver, Line: 328)
2026-02-26 16:19:15,577 [DEBUG] Iter 1290 | residual 2.740e-02 (Module: solver, Line: 328)
2026-02-26 16:19:15,577 [DEBUG] Iter 1300 | residual 2.740e-02 (Module: solver, Line: 328)
2026-02-26 16:19:15,578 [DEBUG] Iter 1310 | residual 2.740e-02 (Module: solver, Line: 328)
2026-02-26 16:19:15,578 [DEBUG] Iter 1320 | residual 2.740e-02 (Module: solver, Line: 328)
2026-02-26 16:19:15,579 [DEBUG] Iter 1330 | residual 2.740e-02 (Module: solver, Line: 328)
2026-02-26 16:19:15,579 [DEBUG] Iter 1340 | residual 2.740e-02 (Module: solver, Line: 328)
2026-02-26 16:19:15,580 [DEBUG] Iter 1350 | residual 2.740e-02 (Module: solver, Line: 328)
2026-02-26 16:19:15,580 [DEBUG] Iter 1360 | residual 2.740e-02 (Module: solver, Line: 328)
2026-02-26 16:19:15,580 [DEBUG] Iter 1370 | residual 2.740e-02 (Module: solver, Line: 328)
2026-02-26 16:19:15,580 [DEBUG] Iter 1380 | residual 2.740e-02 (Module: solver, Line: 328)
2026-02-26 16:19:15,580 [DEBUG] Iter 1390 | residual 2.740e-02 (Module: solver, Line: 328)
2026-02-26 16:19:15,580 [DEBUG] Iter 1400 | residual 2.740e-02 (Module: solver, Line: 328)
2026-02-26 16:19:15,580 [DEBUG] Iter 1410 | residual 2.740e-02 (Module: solver, Line: 328)
2026-02-26 16:19:15,580 [DEBUG] Iter 1420 | residual 2.740e-02 (Module: solver, Line: 328)
2026-02-26 16:19:15,580 [DEBUG] Iter 1430 | residual 2.740e-02 (Module: solver, Line: 328)
2026-02-26 16:19:15,584 [DEBUG] Iter 1440 | residual 2.740e-02 (Module: solver, Line: 328)
2026-02-26 16:19:15,584 [DEBUG] Iter 1450 | residual 2.740e-02 (Module: solver, Line: 328)
2026-02-26 16:19:15,584 [DEBUG] Iter 1460 | residual 2.740e-02 (Module: solver, Line: 328)
2026-02-26 16:19:15,584 [DEBUG] Iter 1470 | residual 2.740e-02 (Module: solver, Line: 328)
2026-02-26 16:19:15,584 [DEBUG] Iter 1480 | residual 2.740e-02 (Module: solver, Line: 328)
2026-02-26 16:19:15,584 [DEBUG] Iter 1490 | residual 2.740e-02 (Module: solver, Line: 328)
2026-02-26 16:19:15,584 [DEBUG] Iter 1500 | residual 2.740e-02 (Module: solver, Line: 328)
2026-02-26 16:19:15,584 [DEBUG] Iter 1510 | residual 2.740e-02 (Module: solver, Line: 328)
2026-02-26 16:19:15,584 [DEBUG] Iter 1520 | residual 2.740e-02 (Module: solver, Line: 328)
2026-02-26 16:19:15,584 [DEBUG] Iter 1530 | residual 2.740e-02 (Module: solver, Line: 328)
2026-02-26 16:19:15,584 [DEBUG] Iter 1540 | residual 2.740e-02 (Module: solver, Line: 328)
2026-02-26 16:19:15,589 [DEBUG] Iter 1550 | residual 2.740e-02 (Module: solver, Line: 328)
2026-02-26 16:19:15,589 [DEBUG] Iter 1560 | residual 2.740e-02 (Module: solver, Line: 328)
2026-02-26 16:19:15,589 [DEBUG] Iter 1570 | residual 2.740e-02 (Module: solver, Line: 328)
2026-02-26 16:19:15,589 [DEBUG] Iter 1580 | residual 2.740e-02 (Module: solver, Line: 328)
2026-02-26 16:19:15,589 [DEBUG] Iter 1590 | residual 2.740e-02 (Module: solver, Line: 328)
2026-02-26 16:19:15,589 [DEBUG] Iter 1600 | residual 2.740e-02 (Module: solver, Line: 328)
2026-02-26 16:19:15,589 [DEBUG] Iter 1610 | residual 2.740e-02 (Module: solver, Line: 328)
2026-02-26 16:19:15,589 [DEBUG] Iter 1620 | residual 2.740e-02 (Module: solver, Line: 328)
2026-02-26 16:19:15,589 [DEBUG] Iter 1630 | residual 2.740e-02 (Module: solver, Line: 328)
2026-02-26 16:19:15,592 [DEBUG] Iter 1640 | residual 2.740e-02 (Module: solver, Line: 328)
2026-02-26 16:19:15,592 [DEBUG] Iter 1650 | residual 2.740e-02 (Module: solver, Line: 328)
2026-02-26 16:19:15,592 [DEBUG] Iter 1660 | residual 2.740e-02 (Module: solver, Line: 328)
2026-02-26 16:19:15,594 [DEBUG] Iter 1670 | residual 2.740e-02 (Module: solver, Line: 328)
2026-02-26 16:19:15,594 [DEBUG] Iter 1680 | residual 2.740e-02 (Module: solver, Line: 328)
2026-02-26 16:19:15,595 [DEBUG] Iter 1690 | residual 2.740e-02 (Module: solver, Line: 328)
2026-02-26 16:19:15,595 [DEBUG] Iter 1700 | residual 2.740e-02 (Module: solver, Line: 328)
2026-02-26 16:19:15,596 [DEBUG] Iter 1710 | residual 2.740e-02 (Module: solver, Line: 328)
2026-02-26 16:19:15,596 [DEBUG] Iter 1720 | residual 2.740e-02 (Module: solver, Line: 328)
2026-02-26 16:19:15,597 [DEBUG] Iter 1730 | residual 2.740e-02 (Module: solver, Line: 328)
2026-02-26 16:19:15,597 [DEBUG] Iter 1740 | residual 2.740e-02 (Module: solver, Line: 328)
2026-02-26 16:19:15,597 [DEBUG] Iter 1750 | residual 2.740e-02 (Module: solver, Line: 328)
2026-02-26 16:19:15,598 [DEBUG] Iter 1760 | residual 2.740e-02 (Module: solver, Line: 328)
2026-02-26 16:19:15,598 [DEBUG] Iter 1770 | residual 2.740e-02 (Module: solver, Line: 328)
2026-02-26 16:19:15,598 [DEBUG] Iter 1780 | residual 2.740e-02 (Module: solver, Line: 328)
2026-02-26 16:19:15,599 [DEBUG] Iter 1790 | residual 2.740e-02 (Module: solver, Line: 328)
2026-02-26 16:19:15,599 [DEBUG] Iter 1800 | residual 2.740e-02 (Module: solver, Line: 328)
2026-02-26 16:19:15,600 [DEBUG] Iter 1810 | residual 2.740e-02 (Module: solver, Line: 328)
2026-02-26 16:19:15,600 [DEBUG] Iter 1820 | residual 2.740e-02 (Module: solver, Line: 328)
2026-02-26 16:19:15,600 [DEBUG] Iter 1830 | residual 2.740e-02 (Module: solver, Line: 328)
2026-02-26 16:19:15,601 [DEBUG] Iter 1840 | residual 2.740e-02 (Module: solver, Line: 328)
2026-02-26 16:19:15,601 [DEBUG] Iter 1850 | residual 2.740e-02 (Module: solver, Line: 328)
2026-02-26 16:19:15,602 [DEBUG] Iter 1860 | residual 2.740e-02 (Module: solver, Line: 328)
2026-02-26 16:19:15,602 [DEBUG] Iter 1870 | residual 2.740e-02 (Module: solver, Line: 328)
2026-02-26 16:19:15,603 [DEBUG] Iter 1880 | residual 2.740e-02 (Module: solver, Line: 328)
2026-02-26 16:19:15,603 [DEBUG] Iter 1890 | residual 2.740e-02 (Module: solver, Line: 328)
2026-02-26 16:19:15,604 [DEBUG] Iter 1900 | residual 2.740e-02 (Module: solver, Line: 328)
2026-02-26 16:19:15,604 [DEBUG] Iter 1910 | residual 2.740e-02 (Module: solver, Line: 328)
2026-02-26 16:19:15,605 [DEBUG] Iter 1920 | residual 2.740e-02 (Module: solver, Line: 328)
2026-02-26 16:19:15,605 [DEBUG] Iter 1930 | residual 2.740e-02 (Module: solver, Line: 328)
2026-02-26 16:19:15,605 [DEBUG] Iter 1940 | residual 2.740e-02 (Module: solver, Line: 328)
2026-02-26 16:19:15,606 [DEBUG] Iter 1950 | residual 2.740e-02 (Module: solver, Line: 328)
2026-02-26 16:19:15,606 [DEBUG] Iter 1960 | residual 2.740e-02 (Module: solver, Line: 328)
2026-02-26 16:19:15,607 [DEBUG] Iter 1970 | residual 2.740e-02 (Module: solver, Line: 328)
2026-02-26 16:19:15,607 [DEBUG] Iter 1980 | residual 2.740e-02 (Module: solver, Line: 328)
2026-02-26 16:19:15,608 [DEBUG] Iter 1990 | residual 2.740e-02 (Module: solver, Line: 328)
2026-02-26 16:19:15,608 [DEBUG] Iter 2000 | residual 2.740e-02 (Module: solver, Line: 328)
2026-02-26 16:19:15,608 [WARNING] Solver info=1000 (not converged). (Module: solver, Line: 344)
2026-02-26 16:19:15,608 [INFO] Switching to direct SuperLU fall-back. (Module: solver, Line: 359)
2026-02-26 16:19:15,608 [DEBUG] Using SuperLU direct solver (Module: solver, Line: 306)
2026-02-26 16:19:15,609 [INFO] Condensed residual norm: 1.962e-03 (Module: solver, Line: 204)
2026-02-26 16:19:15,609 [WARNING] Residual is high – verify model! (Module: solver, Line: 207)
2026-02-26 16:19:15,609 [INFO] 📊 Condensed solver report: (Module: solver, Line: 384)
2026-02-26 16:19:15,609 [INFO]  • dofs: 384 (Module: solver, Line: 386)
2026-02-26 16:19:15,609 [INFO]  • nnz: 1648 (Module: solver, Line: 386)
2026-02-26 16:19:15,610 [INFO]  • density: 0.011176215277777778 (Module: solver, Line: 386)
2026-02-26 16:19:15,610 [INFO]  • condition_est: 1.0059308959574296 (Module: solver, Line: 386)
2026-02-26 16:19:15,610 [INFO]  • solve_phases: {'iterative': 0.04522570000062842, 'factorization': 0.0004428000002008048, 'solution': 0.0004939999998896383} (Module: solver, Line: 386)
2026-02-26 16:19:15,610 [INFO]  • iters: 2000 (Module: solver, Line: 386)
2026-02-26 16:19:15,610 [INFO]  • final_residual: 0.02739701796117594 (Module: solver, Line: 386)
