2025-11-15 15:11:03,472 [DEBUG] 📁 Log file created at: C:\Users\s1834431\.cursor\worktrees\fem_model\CRudA\post_processing\results\job_0002_2025-11-15_15-10-13-634150_pid24568_0c80c54a\logs\CondenseModifiedSystem.log (Module: condensation, Line: 68)
2025-11-15 15:11:03,473 [DEBUG] Adaptive tolerance: 1.00e+24 (Module: condensation, Line: 122)
2025-11-15 15:11:03,473 [DEBUG] System Validation Summary:
  - Fixed DOFs Valid: 6/1506
  - Matrix Shape: (1506, 1506)
  - Adaptive Tolerance: 1.00e+24 (Module: condensation, Line: 78)
2025-11-15 15:11:03,473 [DEBUG] Active DOFs: [6, 7, 8, 9, 10, 11, 12, 13, 14, 15...] (Module: condensation, Line: 159)
2025-11-15 15:11:03,475 [DEBUG] Intermediate system created | Shape: (1500, 1500) (Module: condensation, Line: 165)
2025-11-15 15:11:03,476 [DEBUG] 🔧 Building condensed system from intermediate matrix (Module: condensation, Line: 185)
2025-11-15 15:11:03,520 [DEBUG] 📐 Condensed system built: K_cond shape = (1500, 1500), F_cond length = 1500 (Module: condensation, Line: 199)
2025-11-15 15:11:03,521 [DEBUG] Bi-directional mapping validated (Module: condensation, Line: 236)
2025-11-15 15:11:03,614 [DEBUG] 
======================================== SYSTEM DETAILS ======================================== (Module: condensation, Line: 328)
2025-11-15 15:11:03,614 [DEBUG] 📊 Statistics:
Total DOFs: 1506
Fixed DOFs: 6 (0.4%)
Active DOFs: 1500 (99.6%)
Condensed DOFs: 1500 (99.6%)
Inactive DOFs: 0 (0.0%) (Module: condensation, Line: 339)
2025-11-15 15:11:03,615 [DEBUG] 🗺️ Mapping Samples:
Condensed → Original: 0 → 6
1 → 7
2 → 8
3 → 9
4 → 10
... → ...
1495 → 1501
1496 → 1502
1497 → 1503
1498 → 1504
1499 → 1505
Original → Condensed: 6 → 0
7 → 1
8 → 2
9 → 3
10 → 4
... → ...
1501 → 1495
1502 → 1496
1503 → 1497
1504 → 1498
1505 → 1499 (Module: condensation, Line: 342)
2025-11-15 15:11:03,621 [DEBUG] 🔍 Sparse Matrix Pattern Sample:
 Row  Col     Value
1429 1423 -1.15e+15
1273 1279 -1.15e+15
1002 1002  6.88e+10
1315 1315  2.30e+15
 922  928  4.24e+13
 872  874 -2.55e+13
1363 1373  4.93e+14
  95   97 -6.58e+14
1045 1043 -6.58e+14
 261  255 -2.64e+05
 984  990 -3.44e+10
 198  204 -3.44e+10
  28   32  1.02e+14
 211  217 -1.15e+15
  48   42 -3.44e+10
 385  395  4.93e+14
 380  380  3.57e+14
 890  890  3.57e+14
 209  199  4.93e+14
 595  589 -1.15e+15
1224 1230 -3.44e+10
 758  766 -7.64e+13
 334  338  1.02e+14
1084 1082 -2.55e+13
 386  388 -2.55e+13
 370  368 -2.55e+13
1044 1050 -3.44e+10
 269  263  2.74e+14
 851  845  2.74e+14
1169 1175  2.74e+14
 261  267 -2.64e+05
1389 1389  5.28e+05
 649  659  4.93e+14
 884  892 -7.64e+13
 595  599  1.64e+14
 523  523  2.30e+15
 546  552 -3.44e+10
 509  499  4.93e+14
 878  872 -1.78e+14
 724  728  1.02e+14
 341  331  4.93e+14
 227  229 -6.58e+14
 858  852 -3.44e+10
 856  850  4.24e+13
 666  672 -3.44e+10
 965  961  1.64e+14
 433  433  2.30e+15
1405 1399 -1.15e+15
 211  215  1.64e+14
1477 1471 -1.15e+15
 508  508  9.34e+13
 332  326 -1.78e+14
1131 1131  5.28e+05
 808  812  1.02e+14
 618  612 -3.44e+10
 845  839  2.74e+14
 603  603  5.28e+05
 332  328  1.02e+14
1136 1138 -2.55e+13
 952  958  4.24e+13
 305  295  4.93e+14
 331  325 -1.15e+15
1130 1130  3.57e+14
 482  490 -7.64e+13
 803  793  4.93e+14
 668  670 -2.55e+13
 584  590 -1.78e+14
 631  625 -1.15e+15
 643  653  4.93e+14
1202 1198  1.02e+14
 587  581  2.74e+14
 923  919  1.64e+14
1463 1457  2.74e+14
 923  913  4.93e+14
 736  728 -7.64e+13
  22   22  9.34e+13
1362 1356 -3.44e+10
 217  227  4.93e+14
1372 1372  9.34e+13
1405 1405  2.30e+15
 910  902 -7.64e+13
 517  523 -1.15e+15
 219  225 -2.64e+05
 328  332  1.02e+14
1104 1098 -3.44e+10
 625  623 -6.58e+14
 600  606 -3.44e+10
1022 1018  1.02e+14
 907  917  4.93e+14
 440  440  3.57e+14
 759  753 -2.64e+05
1268 1274 -1.78e+14
1246 1240  4.24e+13
 748  748  9.34e+13
 626  632 -1.78e+14
 421  431  4.93e+14
1263 1269 -2.64e+05
 130  134  1.02e+14
1441 1441  2.30e+15
1278 1272 -3.44e+10
 617  613  1.64e+14
 489  489  5.28e+05
1133 1123  4.93e+14
 157  151 -1.15e+15
 812  808  1.02e+14
 162  156 -3.44e+10
 251  241  4.93e+14
1090 1088 -2.55e+13
 407  397  4.93e+14
  35   41  2.74e+14
1305 1299 -2.64e+05
1404 1398 -3.44e+10
  83   85 -6.58e+14
1366 1364 -2.55e+13
1166 1174 -7.64e+13
 266  268 -2.55e+13
   9   15 -2.64e+05
  14   14  3.57e+14
 104   98 -1.78e+14
 139  133 -1.15e+15
 623  617  2.74e+14
1365 1359 -2.64e+05
1120 1120  9.34e+13
 827  821  2.74e+14
 348  354 -3.44e+10
 739  737 -6.58e+14
1421 1415  2.74e+14
1406 1402  1.02e+14
1474 1468  4.24e+13
 630  636 -3.44e+10
  21   15 -2.64e+05
 314  316 -2.55e+13
 289  299  4.93e+14
 482  484 -2.55e+13
 440  434 -1.78e+14
1264 1256 -7.64e+13
1121 1121  6.03e+14
 203  197  2.74e+14
 766  764 -2.55e+13
1421 1421  6.03e+14
1208 1210 -2.55e+13
1455 1449 -2.64e+05
 587  587  6.03e+14
 358  362  1.02e+14
 361  361  2.30e+15
1496 1490 -1.78e+14
1440 1434 -3.44e+10
 585  591 -2.64e+05
1265 1271  2.74e+14
 329  319  4.93e+14
 664  658  4.24e+13
 159  159  5.28e+05
 568  574  4.24e+13
1105 1099 -1.15e+15
 543  549 -2.64e+05
 943  943  2.30e+15
 207  201 -2.64e+05
 287  281  2.74e+14
1033 1031 -6.58e+14
1424 1420  1.02e+14
 302  304 -2.55e+13
 806  800 -1.78e+14
1460 1456  1.02e+14
 488  488  3.57e+14
 127  127  2.30e+15
 627  627  5.28e+05
 970  974  1.02e+14
1022 1028 -1.78e+14
 377  373  1.64e+14
1040 1048 -7.64e+13
1165 1159 -1.15e+15
1408 1402  4.24e+13
1004 1010 -1.78e+14
 148  154  4.24e+13
 806  814 -7.64e+13
  88   82  4.24e+13
 652  644 -7.64e+13
1109 1109  6.03e+14
1391 1393 -6.58e+14
1203 1203  5.28e+05
 462  468 -3.44e+10
1076 1084 -7.64e+13
1256 1258 -2.55e+13
 232  238  4.24e+13
  55   49 -1.15e+15
 335  329  2.74e+14
 464  466 -2.55e+13
1318 1324  4.24e+13
 177  183 -2.64e+05
1168 1160 -7.64e+13
1443 1443  5.28e+05
 419  419  6.03e+14
1181 1171  4.93e+14
 523  517 -1.15e+15
 311  301  4.93e+14
1334 1336 -2.55e+13
1459 1459  2.30e+15
1490 1492 -2.55e+13
  17   23  2.74e+14
1263 1257 -2.64e+05
 792  792  6.88e+10
1431 1437 -2.64e+05
1274 1274  3.57e+14
1425 1419 -2.64e+05
 862  868  4.24e+13
 643  641 -6.58e+14
 308  314 -1.78e+14
  68   70 -2.55e+13
 173  175 -6.58e+14
 213  213  5.28e+05
1351 1355  1.64e+14
1246 1246  9.34e+13
 202  206  1.02e+14
 865  869  1.64e+14
1020 1014 -3.44e+10
1122 1128 -3.44e+10
1189 1183 -1.15e+15
 748  740 -7.64e+13
 625  619 -1.15e+15
 385  389  1.64e+14
 777  771 -2.64e+05
 223  217 -1.15e+15
1223 1223  6.03e+14
 299  299  6.03e+14
  52   52  9.34e+13
  80   86 -1.78e+14
1415 1405  4.93e+14
  37   43 -1.15e+15
 712  710 -2.55e+13
1205 1205  6.03e+14
1486 1480  4.24e+13
 810  810  6.88e+10
 485  479  2.74e+14
 622  626  1.02e+14
1019 1019  6.03e+14
 613  607 -1.15e+15
1060 1060  9.34e+13
 580  578 -2.55e+13
 651  651  5.28e+05
 427  425 -6.58e+14
 217  215 -6.58e+14
 917  907  4.93e+14
1059 1053 -2.64e+05
1472 1478 -1.78e+14
1460 1460  3.57e+14
 637  641  1.64e+14
 402  408 -3.44e+10
1319 1309  4.93e+14
1448 1456 -7.64e+13
 532  532  9.34e+13
 323  319  1.64e+14
1247 1243  1.64e+14
 788  794 -1.78e+14
1061 1051  4.93e+14
1016 1012  1.02e+14
 949  947 -6.58e+14
 526  524 -2.55e+13
1301 1303 -6.58e+14
1381 1391  4.93e+14
 250  254  1.02e+14
 423  429 -2.64e+05
 276  270 -3.44e+10
 628  632  1.02e+14
1033 1027 -1.15e+15
 961  965  1.64e+14
1364 1364  3.57e+14
 913  917  1.64e+14
  96  102 -3.44e+10
1094 1094  3.57e+14
1393 1403  4.93e+14
1084 1088  1.02e+14
 851  851  6.03e+14
1060 1064  1.02e+14
 704  710 -1.78e+14
 169  169  2.30e+15
1498 1492  4.24e+13
1078 1078  9.34e+13
1187 1183  1.64e+14
 632  626 -1.78e+14
 452  454 -2.55e+13
  10   10  9.34e+13
1413 1407 -2.64e+05
 750  756 -3.44e+10
1313 1315 -6.58e+14
 326  332 -1.78e+14
1422 1416 -3.44e+10
  39   33 -2.64e+05
 390  390  6.88e+10
 419  421 -6.58e+14
 695  701  2.74e+14
1342 1334 -7.64e+13
 342  342  6.88e+10
 517  521  1.64e+14
  19   25 -1.15e+15
1219 1217 -6.58e+14
  65   71  2.74e+14
 280  286  4.24e+13
1486 1492  4.24e+13
 560  568 -7.64e+13
1257 1263 -2.64e+05
1221 1215 -2.64e+05
 634  628  4.24e+13
1173 1179 -2.64e+05
 455  451  1.64e+14
1309 1315 -1.15e+15
 463  457 -1.15e+15
 820  824  1.02e+14
 238  238  9.34e+13
 884  884  3.57e+14
1459 1465 -1.15e+15
  65   67 -6.58e+14
 206  208 -2.55e+13
 780  786 -3.44e+10
1326 1320 -3.44e+10
1089 1095 -2.64e+05
 580  584  1.02e+14
 660  654 -3.44e+10
1283 1273  4.93e+14
  93   99 -2.64e+05
1373 1367  2.74e+14
 808  800 -7.64e+13
1338 1332 -3.44e+10
 230  232 -2.55e+13
 853  847 -1.15e+15
 287  293  2.74e+14
 613  613  2.30e+15
1252 1252  9.34e+13
1472 1468  1.02e+14
 570  564 -3.44e+10
 491  487  1.64e+14
1367 1361  2.74e+14
  16   10  4.24e+13
 374  382 -7.64e+13
 581  587  2.74e+14
 511  505 -1.15e+15
 499  505 -1.15e+15
 206  214 -7.64e+13
 262  266  1.02e+14
 817  817  2.30e+15
 746  746  3.57e+14
 193  199 -1.15e+15
 990  996 -3.44e+10
 268  266 -2.55e+13
 789  789  5.28e+05
1138 1136 -2.55e+13
 109  119  4.93e+14
1436 1430 -1.78e+14
 154  160  4.24e+13
 433  439 -1.15e+15
 381  387 -2.64e+05
1352 1352  3.57e+14
 605  607 -6.58e+14
   5   11  2.74e+14
 784  776 -7.64e+13
 796  788 -7.64e+13
 834  840 -3.44e+10
 616  616  9.34e+13
1015 1013 -6.58e+14
 817  815 -6.58e+14
  50   44 -1.78e+14
 788  796 -7.64e+13
1082 1084 -2.55e+13
1096 1096  9.34e+13
 457  451 -1.15e+15
 246  246  6.88e+10
1078 1082  1.02e+14
 151  161  4.93e+14
 706  704 -2.55e+13
1237 1231 -1.15e+15
  64   56 -7.64e+13
 896  898 -2.55e+13
 689  691 -6.58e+14
 994  992 -2.55e+13
1352 1348  1.02e+14
 574  566 -7.64e+13
 912  918 -3.44e+10
 101   97  1.64e+14
 278  284 -1.78e+14
 853  863  4.93e+14
1412 1414 -2.55e+13
1334 1342 -7.64e+13
 583  577 -1.15e+15
 286  284 -2.55e+13
 767  763  1.64e+14
1316 1310 -1.78e+14
 358  364  4.24e+13
1371 1371  5.28e+05
 607  605 -6.58e+14
 749  755  2.74e+14
 689  695  2.74e+14
 491  485  2.74e+14
 239  241 -6.58e+14
 861  855 -2.64e+05
 241  235 -1.15e+15
 822  822  6.88e+10
 568  562  4.24e+13
 385  385  2.30e+15
 671  671  6.03e+14
 947  949 -6.58e+14
1068 1074 -3.44e+10
  46   50  1.02e+14
 932  938 -1.78e+14
1169 1159  4.93e+14
 149  149  6.03e+14
1459 1453 -1.15e+15
 286  280  4.24e+13
 362  368 -1.78e+14
  95   89  2.74e+14
1131 1137 -2.64e+05
1079 1085  2.74e+14
 201  207 -2.64e+05
 796  796  9.34e+13
 893  883  4.93e+14
 788  790 -2.55e+13
1457 1457  6.03e+14
 734  730  1.02e+14
 421  419 -6.58e+14
1466 1462  1.02e+14
 434  442 -7.64e+13
 697  707  4.93e+14
1295 1295  6.03e+14
 622  622  9.34e+13
 590  596 -1.78e+14
 375  381 -2.64e+05
 455  457 -6.58e+14
1106 1112 -1.78e+14
 373  383  4.93e+14
1473 1473  5.28e+05
 778  776 -2.55e+13
 150  156 -3.44e+10
1006 1010  1.02e+14
 452  446 -1.78e+14
 666  660 -3.44e+10
1498 1496  7.64e+13
 354  348 -3.44e+10
 409  407 -6.58e+14
1457 1453  1.64e+14
 929  923  2.74e+14
 230  238 -7.64e+13
1231 1235  1.64e+14
 930  924 -3.44e+10
 355  365  4.93e+14
 446  446  3.57e+14
 213  219 -2.64e+05
 943  953  4.93e+14
1430 1436 -1.78e+14
 494  502 -7.64e+13
1412 1420 -7.64e+13
 379  383  1.64e+14
1054 1060  4.24e+13
1072 1072  9.34e+13
 221  221  6.03e+14
  12    6 -3.44e+10
1027 1037  4.93e+14
 470  478 -7.64e+13
  51   45 -2.64e+05
 779  779  6.03e+14
 380  386 -1.78e+14
 314  320 -1.78e+14
 590  590  3.57e+14
1176 1176  6.88e+10
 833  823  4.93e+14
 683  677  2.74e+14
 472  464 -7.64e+13
 859  869  4.93e+14
1064 1070 -1.78e+14
1437 1431 -2.64e+05
 237  231 -2.64e+05
 518  512 -1.78e+14
 835  839  1.64e+14
 103   97 -1.15e+15
 702  702  6.88e+10
  66   66  6.88e+10
 769  779  4.93e+14
 277  275 -6.58e+14
 791  791  6.03e+14
1332 1326 -3.44e+10
 236  238 -2.55e+13
1136 1142 -1.78e+14
 309  303 -2.64e+05
 674  670  1.02e+14
 160  154  4.24e+13
1475 1471  1.64e+14
 117  117  5.28e+05
1298 1294  1.02e+14
 119  115  1.64e+14
 137  133  1.64e+14
 839  845  2.74e+14
 502  496  4.24e+13
 496  494 -2.55e+13
 832  824 -7.64e+13
  49   43 -1.15e+15
  15    9 -2.64e+05
 283  289 -1.15e+15
1073 1063  4.93e+14
1457 1459 -6.58e+14
 897  903 -2.64e+05
 442  436  4.24e+13
1316 1312  1.02e+14
1225 1223 -6.58e+14
1132 1130 -2.55e+13
  78   78  6.88e+10
 167  169 -6.58e+14
 841  851  4.93e+14
 552  552  6.88e+10
 462  462  6.88e+10
 913  911 -6.58e+14
  45   51 -2.64e+05
 727  731  1.64e+14
 110  118 -7.64e+13
 303  309 -2.64e+05
1294 1286 -7.64e+13
 972  972  6.88e+10
 618  624 -3.44e+10
 395  391  1.64e+14
  89   83  2.74e+14
 989  979  4.93e+14
1210 1210  9.34e+13
 284  292 -7.64e+13
1165 1171 -1.15e+15
 483  477 -2.64e+05
 971  965  2.74e+14
1058 1060 -2.55e+13
 868  874  4.24e+13
 967  973 -1.15e+15
 337  343 -1.15e+15
 840  834 -3.44e+10
1034 1040 -1.78e+14
  99   99  5.28e+05
 865  875  4.93e+14
1214 1208 -1.78e+14
1336 1336  9.34e+13
 452  452  3.57e+14
 698  698  3.57e+14
1450 1456  4.24e+13
 425  431  2.74e+14
 761  751  4.93e+14
 282  276 -3.44e+10
 368  370 -2.55e+13
1116 1116  6.88e+10
1420 1418 -2.55e+13
 762  762  6.88e+10
 797  791  2.74e+14
  73   71 -6.58e+14
  11   13 -6.58e+14
  37   41  1.64e+14
 144  144  6.88e+10
 571  577 -1.15e+15
1350 1350  6.88e+10
 332  334 -2.55e+13
1163 1157  2.74e+14
1407 1407  5.28e+05
  20   20  3.57e+14
 113  103  4.93e+14
 425  415  4.93e+14
 809  815  2.74e+14
 430  422 -7.64e+13
1039 1045 -1.15e+15
1331 1321  4.93e+14
1166 1168 -2.55e+13
 673  683  4.93e+14
 778  778  9.34e+13
  23   19  1.64e+14
 596  592  1.02e+14
 934  934  9.34e+13
1075 1069 -1.15e+15
 597  603 -2.64e+05
1234 1238  1.02e+14
1079 1075  1.64e+14
1339 1343  1.64e+14
 827  829 -6.58e+14
1268 1276 -7.64e+13
 439  437 -6.58e+14
 955  959  1.64e+14
 726  726  6.88e+10
 203  209  2.74e+14
 819  813 -2.64e+05
 151  145 -1.15e+15
 752  752  3.57e+14
 612  606 -3.44e+10
 349  355 -1.15e+15
  35   35  6.03e+14
 458  464 -1.78e+14
 210  216 -3.44e+10
 173  169  1.64e+14
1106 1108 -2.55e+13
 469  475 -1.15e+15
 164  164  3.57e+14
 957  957  5.28e+05
 237  237  5.28e+05
 317  311  2.74e+14
1390 1396  4.24e+13
 295  295  2.30e+15
1065 1071 -2.64e+05
 374  370  1.02e+14
1325 1319  2.74e+14
 870  864 -3.44e+10
 554  550  1.02e+14
1099 1105 -1.15e+15
 283  287  1.64e+14
 754  746 -7.64e+13
1345 1351 -1.15e+15
 446  452 -1.78e+14
 844  838  4.24e+13
1202 1208 -1.78e+14
 104  104  3.57e+14
 286  286  9.34e+13
 975  975  5.28e+05
 736  736  9.34e+13
 846  846  6.88e+10
 505  509  1.64e+14
 217  217  2.30e+15
 997 1003 -1.15e+15
 994  988  4.24e+13
 477  471 -2.64e+05
 175  179  1.64e+14
 884  880  1.02e+14
1307 1301  2.74e+14
 823  823  2.30e+15
1398 1392 -3.44e+10
 184  176 -7.64e+13
 928  920 -7.64e+13
 254  254  3.57e+14
 196  194 -2.55e+13
1150 1142 -7.64e+13
 739  743  1.64e+14
1100 1100  3.57e+14
  16   22  4.24e+13
 579  579  5.28e+05
 245  239  2.74e+14
 588  594 -3.44e+10
 257  257  6.03e+14
 372  366 -3.44e+10
 235  229 -1.15e+15
 942  936 -3.44e+10
1238 1244 -1.78e+14
1466 1466  3.57e+14
  38   32 -1.78e+14
 721  715 -1.15e+15
 436  428 -7.64e+13
 769  773  1.64e+14
 172  176  1.02e+14
1001  997  1.64e+14
 878  884 -1.78e+14
 524  518 -1.78e+14
   8    8  3.57e+14
1207 1211  1.64e+14
 668  674 -1.78e+14
 589  587 -6.58e+14
  35   37 -6.58e+14
1343 1339  1.64e+14
 495  489 -2.64e+05
 298  296 -2.55e+13
 794  794  3.57e+14
1496 1496  1.78e+14
 791  781  4.93e+14
1301 1295  2.74e+14
 710  704 -1.78e+14
1295 1297 -6.58e+14
 398  392 -1.78e+14
 346  346  9.34e+13
1132 1126  4.24e+13
 292  296  1.02e+14
 388  380 -7.64e+13
 365  365  6.03e+14
 919  929  4.93e+14
 578  578  3.57e+14
1030 1022 -7.64e+13
 359  349  4.93e+14
1225 1229  1.64e+14
1486 1478 -7.64e+13
1312 1306  4.24e+13
 627  633 -2.64e+05
 635  637 -6.58e+14
 933  927 -2.64e+05
 143  139  1.64e+14
1238 1234  1.02e+14
 959  955  1.64e+14
 968  970 -2.55e+13
1028 1024  1.02e+14
1442 1448 -1.78e+14
1178 1174  1.02e+14
 102   96 -3.44e+10
  89   89  6.03e+14
 322  320 -2.55e+13
1163 1169  2.74e+14
 554  562 -7.64e+13
1004 1006 -2.55e+13
 439  433 -1.15e+15
  18   12 -3.44e+10
1438 1432  4.24e+13
 443  445 -6.58e+14
 655  649 -1.15e+15
1067 1073  2.74e+14
 922  926  1.02e+14
 891  891  5.28e+05
1448 1454 -1.78e+14
 351  357 -2.64e+05
 424  422 -2.55e+13
 841  839 -6.58e+14
 628  634  4.24e+13
 425  419  2.74e+14
 277  277  2.30e+15
 607  601 -1.15e+15
1326 1332 -3.44e+10
1137 1143 -2.64e+05
 109  107 -6.58e+14
 194  190  1.02e+14
 149  145  1.64e+14
 572  568  1.02e+14
 650  658 -7.64e+13
 119  113  2.74e+14
1174 1172 -2.55e+13
 973  979 -1.15e+15
1481 1481  6.03e+14
 913  907 -1.15e+15
 933  939 -2.64e+05
1035 1041 -2.64e+05
 100  100  9.34e+13
1400 1406 -1.78e+14
 756  750 -3.44e+10
 950  950  3.57e+14
1383 1389 -2.64e+05
 323  325 -6.58e+14
1156 1162  4.24e+13
1445 1435  4.93e+14
 778  782  1.02e+14
1430 1432 -2.55e+13
 787  793 -1.15e+15
1011 1005 -2.64e+05
 304  308  1.02e+14
 493  487 -1.15e+15
 507  507  5.28e+05
1009 1013  1.64e+14
1406 1406  3.57e+14
 242  236 -1.78e+14
 659  665  2.74e+14
 799  799  2.30e+15
  82   82  9.34e+13
 469  463 -1.15e+15
  33   39 -2.64e+05
 986  982  1.02e+14
 310  304  4.24e+13
 995  991  1.64e+14
 626  626  3.57e+14
1432 1426  4.24e+13
 613  623  4.93e+14
 799  797 -6.58e+14
 309  309  5.28e+05
1084 1090  4.24e+13
1094 1090  1.02e+14
 871  881  4.93e+14
 116  122 -1.78e+14
 490  488 -2.55e+13
 319  323  1.64e+14
 374  368 -1.78e+14
 348  342 -3.44e+10
1487 1487  6.03e+14
 109  109  2.30e+15
 602  602  3.57e+14
 380  388 -7.64e+13
 682  676  4.24e+13
1462 1468  4.24e+13
1166 1166  3.57e+14
 506  508 -2.55e+13
1433 1427  2.74e+14
 873  879 -2.64e+05
1081 1087 -1.15e+15
 982  982  9.34e+13
1274 1276 -2.55e+13
1028 1034 -1.78e+14
 378  384 -3.44e+10
 395  385  4.93e+14
 218  226 -7.64e+13
  97   91 -1.15e+15
 785  775  4.93e+14
1291 1289 -6.58e+14
 733  737  1.64e+14
 517  527  4.93e+14
 313  311 -6.58e+14
 940  946  4.24e+13
  95  101  2.74e+14
 236  244 -7.64e+13
 235  245  4.93e+14
1203 1209 -2.64e+05
 659  655  1.64e+14
 811  805 -1.15e+15
  51   57 -2.64e+05
 282  288 -3.44e+10
 873  867 -2.64e+05
 154  154  9.34e+13
1087 1091  1.64e+14
 343  347  1.64e+14
1494 1494  3.44e+10
 463  467  1.64e+14
1460 1462 -2.55e+13
 964  968  1.02e+14
 561  561  5.28e+05
1081 1081  2.30e+15
  47   49 -6.58e+14
1290 1296 -3.44e+10
 342  348 -3.44e+10
   5    5  6.03e+14
 304  298  4.24e+13
 868  868  9.34e+13
 210  210  6.88e+10
1289 1289  6.03e+14
 448  442  4.24e+13
 917  917  6.03e+14
 599  595  1.64e+14
 874  868  4.24e+13
1133 1129  1.64e+14
 187  193 -1.15e+15
 665  665  6.03e+14
 480  486 -3.44e+10
1220 1214 -1.78e+14
 444  438 -3.44e+10
1027 1021 -1.15e+15
 258  258  6.88e+10
 529  539  4.93e+14
 110  116 -1.78e+14
1478 1486 -7.64e+13
1168 1174  4.24e+13
 279  273 -2.64e+05
1220 1222 -2.55e+13
1327 1321 -1.15e+15
1475 1465  4.93e+14
 812  818 -1.78e+14
 305  299  2.74e+14
 284  286 -2.55e+13
  21   21  5.28e+05
 200  208 -7.64e+13
 437  439 -6.58e+14
 980  988 -7.64e+13
 473  463  4.93e+14
 343  337 -1.15e+15
  33   33  5.28e+05
 786  786  6.88e+10
1296 1290 -3.44e+10
 357  351 -2.64e+05
 201  201  5.28e+05
1286 1288 -2.55e+13
 457  457  2.30e+15
 124  124  9.34e+13
 265  265  2.30e+15
 872  878 -1.78e+14
 141  141  5.28e+05
  87   81 -2.64e+05
1139 1139  6.03e+14
 144  150 -3.44e+10
1186 1178 -7.64e+13
 538  536 -2.55e+13
1024 1028  1.02e+14
 859  865 -1.15e+15
 611  601  4.93e+14
  91   97 -1.15e+15
 773  779  2.74e+14
1254 1260 -3.44e+10
 213  207 -2.64e+05
 120  126 -3.44e+10
 575  569  2.74e+14
1260 1266 -3.44e+10
 178  172  4.24e+13
  28   28  9.34e+13
1418 1426 -7.64e+13
1455 1455  5.28e+05
 487  481 -1.15e+15
1098 1098  6.88e+10
 291  291  5.28e+05
 127  125 -6.58e+14
 627  621 -2.64e+05
1026 1026  6.88e+10
1244 1240  1.02e+14
1147 1141 -1.15e+15
1341 1347 -2.64e+05
 459  465 -2.64e+05
 268  260 -7.64e+13
 153  153  5.28e+05
 590  584 -1.78e+14
1147 1145 -6.58e+14
1399 1403  1.64e+14
 508  514  4.24e+13
  20   26 -1.78e+14
 590  592 -2.55e+13
1213 1213  2.30e+15
1094 1102 -7.64e+13
1214 1222 -7.64e+13
1225 1225  2.30e+15
 241  247 -1.15e+15
 679  673 -1.15e+15
1330 1330  9.34e+13
1468 1460 -7.64e+13
 991  991  2.30e+15
 155  145  4.93e+14
 809  811 -6.58e+14
  97  101  1.64e+14
 188  190 -2.55e+13
1324 1330  4.24e+13
 905  907 -6.58e+14
 707  713  2.74e+14
1488 1494 -3.44e+10
1453 1459 -1.15e+15
 607  607  2.30e+15
 195  189 -2.64e+05
 363  369 -2.64e+05
 838  836 -2.55e+13
1097 1087  4.93e+14
 520  524  1.02e+14
 152  154 -2.55e+13
 665  661  1.64e+14
1190 1196 -1.78e+14
 586  590  1.02e+14
 641  635  2.74e+14
  72   72  6.88e+10
  99  105 -2.64e+05
 175  175  2.30e+15
 797  797  6.03e+14
 773  773  6.03e+14
 473  473  6.03e+14
 454  460  4.24e+13
 376  370  4.24e+13
1009 1009  2.30e+15
 316  310  4.24e+13
1392 1398 -3.44e+10
 114  114  6.88e+10
 336  342 -3.44e+10
 887  889 -6.58e+14
1474 1474  9.34e+13
 527  529 -6.58e+14
  68   76 -7.64e+13
1190 1192 -2.55e+13
 909  915 -2.64e+05
1364 1372 -7.64e+13
1085 1085  6.03e+14
 791  797  2.74e+14
 739  749  4.93e+14
 617  617  6.03e+14
   7    1 -1.15e+15
1026 1020 -3.44e+10
1321 1331  4.93e+14
 989  985  1.64e+14
 353  355 -6.58e+14
 932  928  1.02e+14
1150 1150  9.34e+13
 951  945 -2.64e+05
1463 1459  1.64e+14
1049 1055  2.74e+14
1385 1375  4.93e+14
1364 1370 -1.78e+14
  91   91  2.30e+15
1117 1111 -1.15e+15
1000 1006  4.24e+13
 992  998 -1.78e+14
 461  467  2.74e+14
 611  617  2.74e+14
1310 1318 -7.64e+13
1227 1233 -2.64e+05
1222 1222  9.34e+13
1344 1344  6.88e+10
 369  363 -2.64e+05
 284  280  1.02e+14
 582  588 -3.44e+10
 881  883 -6.58e+14
1243 1241 -6.58e+14
 527  527  6.03e+14
 755  757 -6.58e+14
 653  655 -6.58e+14
 743  743  6.03e+14
 170  172 -2.55e+13
1047 1053 -2.64e+05
1088 1094 -1.78e+14
1413 1419 -2.64e+05
 287  283  1.64e+14
1219 1229  4.93e+14
 526  520  4.24e+13
 905  899  2.74e+14
 315  309 -2.64e+05
 587  583  1.64e+14
 376  374 -2.55e+13
 106   98 -7.64e+13
 834  828 -3.44e+10
1001  991  4.93e+14
1193 1189  1.64e+14
1159 1157 -6.58e+14
  77   79 -6.58e+14
 999  993 -2.64e+05
1009 1015 -1.15e+15
1078 1070 -7.64e+13
  41   47  2.74e+14
1122 1122  6.88e+10
1427 1427  6.03e+14
 428  434 -1.78e+14
 497  499 -6.58e+14
 272  274 -2.55e+13
1279 1283  1.64e+14
  13   23  4.93e+14
 773  769  1.64e+14
1036 1036  9.34e+13
 812  812  3.57e+14
 490  490  9.34e+13 (Module: condensation, Line: 386)
