Machine Specifications:
   - OS: Windows 11 (10.0.26100)
       Ľ Logical cores: 20
       Ľ Physical cores: 12
   - RAM: 31.24 GB
   - Disk: 943.72 GB total, 503.83 GB free
   - Python Version: 3.12.5 (C:\Users\s1834431\AppData\Local\Programs\Python\Python312\python.exe)
   - GPU(s): Intel(R) UHD Graphics 770

Job: job_0002
Timestamp (job start): 2025-11-15_15-11-19-506412
Total Time: 64.66 sec

+-------------------------------+-------------+---------------+-------------+-----------+
| Step                          |    Time (s) |   Memory (MB) |   Disk (GB) |   CPU (%) |
+===============================+=============+===============+=============+===========+
| Parsing                       |  0.00764251 |       67.1914 |     439.63  |         0 |
+-------------------------------+-------------+---------------+-------------+-----------+
| Element Instantiation         |  1.29643    |      100.57   |     439.634 |         0 |
+-------------------------------+-------------+---------------+-------------+-----------+
| Element Stiffness Computation |  3.87247    |      101.219  |     439.664 |         0 |
+-------------------------------+-------------+---------------+-------------+-----------+
| Element Force Computation     |  0.386535   |      101.297  |     439.667 |         0 |
+-------------------------------+-------------+---------------+-------------+-----------+
| Full Simulation               | 58.4682     |      133.066  |     439.887 |         0 |
+-------------------------------+-------------+---------------+-------------+-----------+

Parallel Jobs: job_0001
Start Memory: 66.72 MB | End Memory: 133.07 MB
Start Disk Usage: 439.63 GB | End Disk Usage: 439.89 GB
Start CPU: 0.00% | End CPU: 0.00%
