2026-02-26 16:19:34,625 [DEBUG] 📁 Log file: c:\Users\s1834431\Programs\fem_model\post_processing\results\job_0011_n16_2026-02-26_16-19-30-579225_pid18316_8b7cafa3\logs\SolveCondensedSystem.log (Module: solver, Line: 249)
2026-02-26 16:19:34,626 [DEBUG] Row/column scaling applied. (Module: solver, Line: 164)
2026-02-26 16:19:34,626 [DEBUG] Building ILU (drop_tol=1e-06, fill_factor=1.0) (Module: solver, Line: 77)
2026-02-26 16:19:34,626 [DEBUG] ILU fill-ratio = 1.12 (Module: solver, Line: 82)
2026-02-26 16:19:34,626 [INFO] Solver parameters • solver='cg', prec='auto', K nnz=400, dofs=96 (Module: solver, Line: 181)
2026-02-26 16:19:34,627 [INFO] Condensed condition estimate: 1.02e+00 (Module: solver, Line: 187)
2026-02-26 16:19:34,628 [DEBUG] Iter   10 | residual nan (Module: solver, Line: 328)
2026-02-26 16:19:34,628 [DEBUG] Iter   20 | residual nan (Module: solver, Line: 328)
2026-02-26 16:19:34,628 [DEBUG] Iter   30 | residual nan (Module: solver, Line: 328)
2026-02-26 16:19:34,628 [DEBUG] Iter   40 | residual nan (Module: solver, Line: 328)
2026-02-26 16:19:34,628 [DEBUG] Iter   50 | residual nan (Module: solver, Line: 328)
2026-02-26 16:19:34,628 [DEBUG] Iter   60 | residual nan (Module: solver, Line: 328)
2026-02-26 16:19:34,628 [DEBUG] Iter   70 | residual nan (Module: solver, Line: 328)
2026-02-26 16:19:34,628 [DEBUG] Iter   80 | residual nan (Module: solver, Line: 328)
2026-02-26 16:19:34,628 [DEBUG] Iter   90 | residual nan (Module: solver, Line: 328)
2026-02-26 16:19:34,628 [DEBUG] Iter  100 | residual nan (Module: solver, Line: 328)
2026-02-26 16:19:34,628 [DEBUG] Iter  110 | residual nan (Module: solver, Line: 328)
2026-02-26 16:19:34,628 [DEBUG] Iter  120 | residual nan (Module: solver, Line: 328)
2026-02-26 16:19:34,632 [DEBUG] Iter  130 | residual nan (Module: solver, Line: 328)
2026-02-26 16:19:34,632 [DEBUG] Iter  140 | residual nan (Module: solver, Line: 328)
2026-02-26 16:19:34,632 [DEBUG] Iter  150 | residual nan (Module: solver, Line: 328)
2026-02-26 16:19:34,632 [DEBUG] Iter  160 | residual nan (Module: solver, Line: 328)
2026-02-26 16:19:34,632 [DEBUG] Iter  170 | residual nan (Module: solver, Line: 328)
2026-02-26 16:19:34,632 [DEBUG] Iter  180 | residual nan (Module: solver, Line: 328)
2026-02-26 16:19:34,632 [DEBUG] Iter  190 | residual nan (Module: solver, Line: 328)
2026-02-26 16:19:34,634 [DEBUG] Iter  200 | residual nan (Module: solver, Line: 328)
2026-02-26 16:19:34,634 [DEBUG] Iter  210 | residual nan (Module: solver, Line: 328)
2026-02-26 16:19:34,634 [DEBUG] Iter  220 | residual nan (Module: solver, Line: 328)
2026-02-26 16:19:34,634 [DEBUG] Iter  230 | residual nan (Module: solver, Line: 328)
2026-02-26 16:19:34,634 [DEBUG] Iter  240 | residual nan (Module: solver, Line: 328)
2026-02-26 16:19:34,634 [DEBUG] Iter  250 | residual nan (Module: solver, Line: 328)
2026-02-26 16:19:34,634 [DEBUG] Iter  260 | residual nan (Module: solver, Line: 328)
2026-02-26 16:19:34,634 [DEBUG] Iter  270 | residual nan (Module: solver, Line: 328)
2026-02-26 16:19:34,636 [DEBUG] Iter  280 | residual nan (Module: solver, Line: 328)
2026-02-26 16:19:34,636 [DEBUG] Iter  290 | residual nan (Module: solver, Line: 328)
2026-02-26 16:19:34,636 [DEBUG] Iter  300 | residual nan (Module: solver, Line: 328)
2026-02-26 16:19:34,636 [DEBUG] Iter  310 | residual nan (Module: solver, Line: 328)
2026-02-26 16:19:34,636 [DEBUG] Iter  320 | residual nan (Module: solver, Line: 328)
2026-02-26 16:19:34,636 [DEBUG] Iter  330 | residual nan (Module: solver, Line: 328)
2026-02-26 16:19:34,636 [DEBUG] Iter  340 | residual nan (Module: solver, Line: 328)
2026-02-26 16:19:34,636 [DEBUG] Iter  350 | residual nan (Module: solver, Line: 328)
2026-02-26 16:19:34,638 [DEBUG] Iter  360 | residual nan (Module: solver, Line: 328)
2026-02-26 16:19:34,638 [DEBUG] Iter  370 | residual nan (Module: solver, Line: 328)
2026-02-26 16:19:34,638 [DEBUG] Iter  380 | residual nan (Module: solver, Line: 328)
2026-02-26 16:19:34,638 [DEBUG] Iter  390 | residual nan (Module: solver, Line: 328)
2026-02-26 16:19:34,638 [DEBUG] Iter  400 | residual nan (Module: solver, Line: 328)
2026-02-26 16:19:34,640 [DEBUG] Iter  410 | residual nan (Module: solver, Line: 328)
2026-02-26 16:19:34,640 [DEBUG] Iter  420 | residual nan (Module: solver, Line: 328)
2026-02-26 16:19:34,640 [DEBUG] Iter  430 | residual nan (Module: solver, Line: 328)
2026-02-26 16:19:34,641 [DEBUG] Iter  440 | residual nan (Module: solver, Line: 328)
2026-02-26 16:19:34,641 [DEBUG] Iter  450 | residual nan (Module: solver, Line: 328)
2026-02-26 16:19:34,641 [DEBUG] Iter  460 | residual nan (Module: solver, Line: 328)
2026-02-26 16:19:34,641 [DEBUG] Iter  470 | residual nan (Module: solver, Line: 328)
2026-02-26 16:19:34,642 [DEBUG] Iter  480 | residual nan (Module: solver, Line: 328)
2026-02-26 16:19:34,642 [DEBUG] Iter  490 | residual nan (Module: solver, Line: 328)
2026-02-26 16:19:34,642 [DEBUG] Iter  500 | residual nan (Module: solver, Line: 328)
2026-02-26 16:19:34,643 [DEBUG] Iter  510 | residual nan (Module: solver, Line: 328)
2026-02-26 16:19:34,643 [DEBUG] Iter  520 | residual nan (Module: solver, Line: 328)
2026-02-26 16:19:34,643 [DEBUG] Iter  530 | residual nan (Module: solver, Line: 328)
2026-02-26 16:19:34,643 [DEBUG] Iter  540 | residual nan (Module: solver, Line: 328)
2026-02-26 16:19:34,644 [DEBUG] Iter  550 | residual nan (Module: solver, Line: 328)
2026-02-26 16:19:34,644 [DEBUG] Iter  560 | residual nan (Module: solver, Line: 328)
2026-02-26 16:19:34,644 [DEBUG] Iter  570 | residual nan (Module: solver, Line: 328)
2026-02-26 16:19:34,644 [DEBUG] Iter  580 | residual nan (Module: solver, Line: 328)
2026-02-26 16:19:34,645 [DEBUG] Iter  590 | residual nan (Module: solver, Line: 328)
2026-02-26 16:19:34,645 [DEBUG] Iter  600 | residual nan (Module: solver, Line: 328)
2026-02-26 16:19:34,645 [DEBUG] Iter  610 | residual nan (Module: solver, Line: 328)
2026-02-26 16:19:34,645 [DEBUG] Iter  620 | residual nan (Module: solver, Line: 328)
2026-02-26 16:19:34,646 [DEBUG] Iter  630 | residual nan (Module: solver, Line: 328)
2026-02-26 16:19:34,646 [DEBUG] Iter  640 | residual nan (Module: solver, Line: 328)
2026-02-26 16:19:34,646 [DEBUG] Iter  650 | residual nan (Module: solver, Line: 328)
2026-02-26 16:19:34,647 [DEBUG] Iter  660 | residual nan (Module: solver, Line: 328)
2026-02-26 16:19:34,647 [DEBUG] Iter  670 | residual nan (Module: solver, Line: 328)
2026-02-26 16:19:34,647 [DEBUG] Iter  680 | residual nan (Module: solver, Line: 328)
2026-02-26 16:19:34,647 [DEBUG] Iter  690 | residual nan (Module: solver, Line: 328)
2026-02-26 16:19:34,648 [DEBUG] Iter  700 | residual nan (Module: solver, Line: 328)
2026-02-26 16:19:34,648 [DEBUG] Iter  710 | residual nan (Module: solver, Line: 328)
2026-02-26 16:19:34,648 [DEBUG] Iter  720 | residual nan (Module: solver, Line: 328)
2026-02-26 16:19:34,648 [DEBUG] Iter  730 | residual nan (Module: solver, Line: 328)
2026-02-26 16:19:34,649 [DEBUG] Iter  740 | residual nan (Module: solver, Line: 328)
2026-02-26 16:19:34,649 [DEBUG] Iter  750 | residual nan (Module: solver, Line: 328)
2026-02-26 16:19:34,649 [DEBUG] Iter  760 | residual nan (Module: solver, Line: 328)
2026-02-26 16:19:34,649 [DEBUG] Iter  770 | residual nan (Module: solver, Line: 328)
2026-02-26 16:19:34,650 [DEBUG] Iter  780 | residual nan (Module: solver, Line: 328)
2026-02-26 16:19:34,650 [DEBUG] Iter  790 | residual nan (Module: solver, Line: 328)
2026-02-26 16:19:34,650 [DEBUG] Iter  800 | residual nan (Module: solver, Line: 328)
2026-02-26 16:19:34,651 [DEBUG] Iter  810 | residual nan (Module: solver, Line: 328)
2026-02-26 16:19:34,651 [DEBUG] Iter  820 | residual nan (Module: solver, Line: 328)
2026-02-26 16:19:34,651 [DEBUG] Iter  830 | residual nan (Module: solver, Line: 328)
2026-02-26 16:19:34,651 [DEBUG] Iter  840 | residual nan (Module: solver, Line: 328)
2026-02-26 16:19:34,652 [DEBUG] Iter  850 | residual nan (Module: solver, Line: 328)
2026-02-26 16:19:34,652 [DEBUG] Iter  860 | residual nan (Module: solver, Line: 328)
2026-02-26 16:19:34,652 [DEBUG] Iter  870 | residual nan (Module: solver, Line: 328)
2026-02-26 16:19:34,652 [DEBUG] Iter  880 | residual nan (Module: solver, Line: 328)
2026-02-26 16:19:34,653 [DEBUG] Iter  890 | residual nan (Module: solver, Line: 328)
2026-02-26 16:19:34,653 [DEBUG] Iter  900 | residual nan (Module: solver, Line: 328)
2026-02-26 16:19:34,653 [DEBUG] Iter  910 | residual nan (Module: solver, Line: 328)
2026-02-26 16:19:34,654 [DEBUG] Iter  920 | residual nan (Module: solver, Line: 328)
2026-02-26 16:19:34,654 [DEBUG] Iter  930 | residual nan (Module: solver, Line: 328)
2026-02-26 16:19:34,654 [DEBUG] Iter  940 | residual nan (Module: solver, Line: 328)
2026-02-26 16:19:34,654 [DEBUG] Iter  950 | residual nan (Module: solver, Line: 328)
2026-02-26 16:19:34,655 [DEBUG] Iter  960 | residual nan (Module: solver, Line: 328)
2026-02-26 16:19:34,655 [DEBUG] Iter  970 | residual nan (Module: solver, Line: 328)
2026-02-26 16:19:34,655 [DEBUG] Iter  980 | residual nan (Module: solver, Line: 328)
2026-02-26 16:19:34,655 [DEBUG] Iter  990 | residual nan (Module: solver, Line: 328)
2026-02-26 16:19:34,655 [DEBUG] Iter 1000 | residual nan (Module: solver, Line: 328)
2026-02-26 16:19:34,655 [WARNING] Solver info=1000 (not converged). (Module: solver, Line: 344)
2026-02-26 16:19:34,655 [INFO] Retrying with ILU preconditioner … (Module: solver, Line: 351)
2026-02-26 16:19:34,655 [DEBUG] Building ILU (drop_tol=1e-06, fill_factor=1.0) (Module: solver, Line: 77)
2026-02-26 16:19:34,656 [DEBUG] ILU fill-ratio = 1.12 (Module: solver, Line: 82)
2026-02-26 16:19:34,656 [DEBUG] Iter 1010 | residual nan (Module: solver, Line: 328)
2026-02-26 16:19:34,656 [DEBUG] Iter 1020 | residual nan (Module: solver, Line: 328)
2026-02-26 16:19:34,658 [DEBUG] Iter 1030 | residual nan (Module: solver, Line: 328)
2026-02-26 16:19:34,658 [DEBUG] Iter 1040 | residual nan (Module: solver, Line: 328)
2026-02-26 16:19:34,658 [DEBUG] Iter 1050 | residual nan (Module: solver, Line: 328)
2026-02-26 16:19:34,658 [DEBUG] Iter 1060 | residual nan (Module: solver, Line: 328)
2026-02-26 16:19:34,659 [DEBUG] Iter 1070 | residual nan (Module: solver, Line: 328)
2026-02-26 16:19:34,659 [DEBUG] Iter 1080 | residual nan (Module: solver, Line: 328)
2026-02-26 16:19:34,659 [DEBUG] Iter 1090 | residual nan (Module: solver, Line: 328)
2026-02-26 16:19:34,660 [DEBUG] Iter 1100 | residual nan (Module: solver, Line: 328)
2026-02-26 16:19:34,660 [DEBUG] Iter 1110 | residual nan (Module: solver, Line: 328)
2026-02-26 16:19:34,660 [DEBUG] Iter 1120 | residual nan (Module: solver, Line: 328)
2026-02-26 16:19:34,660 [DEBUG] Iter 1130 | residual nan (Module: solver, Line: 328)
2026-02-26 16:19:34,661 [DEBUG] Iter 1140 | residual nan (Module: solver, Line: 328)
2026-02-26 16:19:34,661 [DEBUG] Iter 1150 | residual nan (Module: solver, Line: 328)
2026-02-26 16:19:34,661 [DEBUG] Iter 1160 | residual nan (Module: solver, Line: 328)
2026-02-26 16:19:34,662 [DEBUG] Iter 1170 | residual nan (Module: solver, Line: 328)
2026-02-26 16:19:34,662 [DEBUG] Iter 1180 | residual nan (Module: solver, Line: 328)
2026-02-26 16:19:34,663 [DEBUG] Iter 1190 | residual nan (Module: solver, Line: 328)
2026-02-26 16:19:34,663 [DEBUG] Iter 1200 | residual nan (Module: solver, Line: 328)
2026-02-26 16:19:34,663 [DEBUG] Iter 1210 | residual nan (Module: solver, Line: 328)
2026-02-26 16:19:34,663 [DEBUG] Iter 1220 | residual nan (Module: solver, Line: 328)
2026-02-26 16:19:34,664 [DEBUG] Iter 1230 | residual nan (Module: solver, Line: 328)
2026-02-26 16:19:34,664 [DEBUG] Iter 1240 | residual nan (Module: solver, Line: 328)
2026-02-26 16:19:34,664 [DEBUG] Iter 1250 | residual nan (Module: solver, Line: 328)
2026-02-26 16:19:34,664 [DEBUG] Iter 1260 | residual nan (Module: solver, Line: 328)
2026-02-26 16:19:34,664 [DEBUG] Iter 1270 | residual nan (Module: solver, Line: 328)
2026-02-26 16:19:34,664 [DEBUG] Iter 1280 | residual nan (Module: solver, Line: 328)
2026-02-26 16:19:34,664 [DEBUG] Iter 1290 | residual nan (Module: solver, Line: 328)
2026-02-26 16:19:34,664 [DEBUG] Iter 1300 | residual nan (Module: solver, Line: 328)
2026-02-26 16:19:34,666 [DEBUG] Iter 1310 | residual nan (Module: solver, Line: 328)
2026-02-26 16:19:34,666 [DEBUG] Iter 1320 | residual nan (Module: solver, Line: 328)
2026-02-26 16:19:34,666 [DEBUG] Iter 1330 | residual nan (Module: solver, Line: 328)
2026-02-26 16:19:34,666 [DEBUG] Iter 1340 | residual nan (Module: solver, Line: 328)
2026-02-26 16:19:34,667 [DEBUG] Iter 1350 | residual nan (Module: solver, Line: 328)
2026-02-26 16:19:34,667 [DEBUG] Iter 1360 | residual nan (Module: solver, Line: 328)
2026-02-26 16:19:34,667 [DEBUG] Iter 1370 | residual nan (Module: solver, Line: 328)
2026-02-26 16:19:34,667 [DEBUG] Iter 1380 | residual nan (Module: solver, Line: 328)
2026-02-26 16:19:34,667 [DEBUG] Iter 1390 | residual nan (Module: solver, Line: 328)
2026-02-26 16:19:34,667 [DEBUG] Iter 1400 | residual nan (Module: solver, Line: 328)
2026-02-26 16:19:34,667 [DEBUG] Iter 1410 | residual nan (Module: solver, Line: 328)
2026-02-26 16:19:34,669 [DEBUG] Iter 1420 | residual nan (Module: solver, Line: 328)
2026-02-26 16:19:34,669 [DEBUG] Iter 1430 | residual nan (Module: solver, Line: 328)
2026-02-26 16:19:34,669 [DEBUG] Iter 1440 | residual nan (Module: solver, Line: 328)
2026-02-26 16:19:34,669 [DEBUG] Iter 1450 | residual nan (Module: solver, Line: 328)
2026-02-26 16:19:34,669 [DEBUG] Iter 1460 | residual nan (Module: solver, Line: 328)
2026-02-26 16:19:34,669 [DEBUG] Iter 1470 | residual nan (Module: solver, Line: 328)
2026-02-26 16:19:34,669 [DEBUG] Iter 1480 | residual nan (Module: solver, Line: 328)
2026-02-26 16:19:34,669 [DEBUG] Iter 1490 | residual nan (Module: solver, Line: 328)
2026-02-26 16:19:34,671 [DEBUG] Iter 1500 | residual nan (Module: solver, Line: 328)
2026-02-26 16:19:34,671 [DEBUG] Iter 1510 | residual nan (Module: solver, Line: 328)
2026-02-26 16:19:34,671 [DEBUG] Iter 1520 | residual nan (Module: solver, Line: 328)
2026-02-26 16:19:34,671 [DEBUG] Iter 1530 | residual nan (Module: solver, Line: 328)
2026-02-26 16:19:34,671 [DEBUG] Iter 1540 | residual nan (Module: solver, Line: 328)
2026-02-26 16:19:34,671 [DEBUG] Iter 1550 | residual nan (Module: solver, Line: 328)
2026-02-26 16:19:34,671 [DEBUG] Iter 1560 | residual nan (Module: solver, Line: 328)
2026-02-26 16:19:34,673 [DEBUG] Iter 1570 | residual nan (Module: solver, Line: 328)
2026-02-26 16:19:34,673 [DEBUG] Iter 1580 | residual nan (Module: solver, Line: 328)
2026-02-26 16:19:34,673 [DEBUG] Iter 1590 | residual nan (Module: solver, Line: 328)
2026-02-26 16:19:34,673 [DEBUG] Iter 1600 | residual nan (Module: solver, Line: 328)
2026-02-26 16:19:34,674 [DEBUG] Iter 1610 | residual nan (Module: solver, Line: 328)
2026-02-26 16:19:34,674 [DEBUG] Iter 1620 | residual nan (Module: solver, Line: 328)
2026-02-26 16:19:34,674 [DEBUG] Iter 1630 | residual nan (Module: solver, Line: 328)
2026-02-26 16:19:34,675 [DEBUG] Iter 1640 | residual nan (Module: solver, Line: 328)
2026-02-26 16:19:34,675 [DEBUG] Iter 1650 | residual nan (Module: solver, Line: 328)
2026-02-26 16:19:34,675 [DEBUG] Iter 1660 | residual nan (Module: solver, Line: 328)
2026-02-26 16:19:34,675 [DEBUG] Iter 1670 | residual nan (Module: solver, Line: 328)
2026-02-26 16:19:34,675 [DEBUG] Iter 1680 | residual nan (Module: solver, Line: 328)
2026-02-26 16:19:34,676 [DEBUG] Iter 1690 | residual nan (Module: solver, Line: 328)
2026-02-26 16:19:34,676 [DEBUG] Iter 1700 | residual nan (Module: solver, Line: 328)
2026-02-26 16:19:34,677 [DEBUG] Iter 1710 | residual nan (Module: solver, Line: 328)
2026-02-26 16:19:34,677 [DEBUG] Iter 1720 | residual nan (Module: solver, Line: 328)
2026-02-26 16:19:34,677 [DEBUG] Iter 1730 | residual nan (Module: solver, Line: 328)
2026-02-26 16:19:34,678 [DEBUG] Iter 1740 | residual nan (Module: solver, Line: 328)
2026-02-26 16:19:34,678 [DEBUG] Iter 1750 | residual nan (Module: solver, Line: 328)
2026-02-26 16:19:34,678 [DEBUG] Iter 1760 | residual nan (Module: solver, Line: 328)
2026-02-26 16:19:34,678 [DEBUG] Iter 1770 | residual nan (Module: solver, Line: 328)
2026-02-26 16:19:34,679 [DEBUG] Iter 1780 | residual nan (Module: solver, Line: 328)
2026-02-26 16:19:34,679 [DEBUG] Iter 1790 | residual nan (Module: solver, Line: 328)
2026-02-26 16:19:34,679 [DEBUG] Iter 1800 | residual nan (Module: solver, Line: 328)
2026-02-26 16:19:34,679 [DEBUG] Iter 1810 | residual nan (Module: solver, Line: 328)
2026-02-26 16:19:34,680 [DEBUG] Iter 1820 | residual nan (Module: solver, Line: 328)
2026-02-26 16:19:34,680 [DEBUG] Iter 1830 | residual nan (Module: solver, Line: 328)
2026-02-26 16:19:34,680 [DEBUG] Iter 1840 | residual nan (Module: solver, Line: 328)
2026-02-26 16:19:34,680 [DEBUG] Iter 1850 | residual nan (Module: solver, Line: 328)
2026-02-26 16:19:34,680 [DEBUG] Iter 1860 | residual nan (Module: solver, Line: 328)
2026-02-26 16:19:34,680 [DEBUG] Iter 1870 | residual nan (Module: solver, Line: 328)
2026-02-26 16:19:34,680 [DEBUG] Iter 1880 | residual nan (Module: solver, Line: 328)
2026-02-26 16:19:34,680 [DEBUG] Iter 1890 | residual nan (Module: solver, Line: 328)
2026-02-26 16:19:34,680 [DEBUG] Iter 1900 | residual nan (Module: solver, Line: 328)
2026-02-26 16:19:34,680 [DEBUG] Iter 1910 | residual nan (Module: solver, Line: 328)
2026-02-26 16:19:34,680 [DEBUG] Iter 1920 | residual nan (Module: solver, Line: 328)
2026-02-26 16:19:34,680 [DEBUG] Iter 1930 | residual nan (Module: solver, Line: 328)
2026-02-26 16:19:34,680 [DEBUG] Iter 1940 | residual nan (Module: solver, Line: 328)
2026-02-26 16:19:34,684 [DEBUG] Iter 1950 | residual nan (Module: solver, Line: 328)
2026-02-26 16:19:34,684 [DEBUG] Iter 1960 | residual nan (Module: solver, Line: 328)
2026-02-26 16:19:34,684 [DEBUG] Iter 1970 | residual nan (Module: solver, Line: 328)
2026-02-26 16:19:34,684 [DEBUG] Iter 1980 | residual nan (Module: solver, Line: 328)
2026-02-26 16:19:34,684 [DEBUG] Iter 1990 | residual nan (Module: solver, Line: 328)
2026-02-26 16:19:34,684 [DEBUG] Iter 2000 | residual nan (Module: solver, Line: 328)
2026-02-26 16:19:34,684 [WARNING] Solver info=1000 (not converged). (Module: solver, Line: 344)
2026-02-26 16:19:34,684 [INFO] Switching to direct SuperLU fall-back. (Module: solver, Line: 359)
2026-02-26 16:19:34,684 [DEBUG] Using SuperLU direct solver (Module: solver, Line: 306)
2026-02-26 16:19:34,684 [INFO] Condensed residual norm: 3.948e-03 (Module: solver, Line: 204)
2026-02-26 16:19:34,684 [WARNING] Residual is high – verify model! (Module: solver, Line: 207)
2026-02-26 16:19:34,684 [INFO] 📊 Condensed solver report: (Module: solver, Line: 384)
2026-02-26 16:19:34,684 [INFO]  • dofs: 96 (Module: solver, Line: 386)
2026-02-26 16:19:34,684 [INFO]  • nnz: 400 (Module: solver, Line: 386)
2026-02-26 16:19:34,684 [INFO]  • density: 0.043402777777777776 (Module: solver, Line: 386)
2026-02-26 16:19:34,684 [INFO]  • condition_est: 1.022363285061085 (Module: solver, Line: 386)
2026-02-26 16:19:34,684 [INFO]  • solve_phases: {'iterative': 0.02864999999928841, 'factorization': 0.0003175000001647277, 'solution': 0.0003380999996807077} (Module: solver, Line: 386)
2026-02-26 16:19:34,684 [INFO]  • iters: 2000 (Module: solver, Line: 386)
2026-02-26 16:19:34,684 [INFO]  • final_residual: nan (Module: solver, Line: 386)
