--------------------------------------------------------------------------
Machine specifications – written 2026-02-26 16:19:13.024579
OS          : Windows 11 (10.0.26100)
CPU         : 12th Gen Intel(R) Core(TM) i7-12700
   logical  : 20
   physical : 12
RAM         : 31.24 GB
Disk        : 943.72 GB total  /  2.49 GB free
Python      : 3.12.5  (C:\Users\s1834431\AppData\Local\Programs\Python\Python312\python.exe)
GPU(s)      : Intel(R) UHD Graphics 770
--------------------------------------------------------------------------

Runtime telemetry header written → C:\Users\s1834431\Programs\fem_model\post_processing\results\job_0009_n64_2026-02-26_16-19-09-108462_pid18316_1905cc9d\diagnostics\RuntimeMonitorTelemetry.log
2026-02-26 16:19:13 │ PrepareLocalSystem BEGIN   │ Δt  0.00 s │ RAM   137.4 MB │ CPU   3.6 % │ Disk  941.2 GB
2026-02-26 16:19:13 │ PrepareLocalSystem END     │ Δt  0.21 s │ RAM   137.4 MB │ CPU   5.5 % │ Disk  941.2 GB
2026-02-26 16:19:13 │ AssembleGlobalSystem BEGIN │ Δt  0.20 s │ RAM   137.4 MB │ CPU   4.7 % │ Disk  941.2 GB
2026-02-26 16:19:13 │ AssembleGlobalSystem END   │ Δt  0.23 s │ RAM   137.4 MB │ CPU  18.7 % │ Disk  941.2 GB
2026-02-26 16:19:14 │ ModifyGlobalSystem BEGIN   │ Δt  0.35 s │ RAM   137.4 MB │ CPU  18.0 % │ Disk  941.2 GB
2026-02-26 16:19:14 │ ModifyGlobalSystem END     │ Δt  0.22 s │ RAM   137.4 MB │ CPU  13.5 % │ Disk  941.2 GB
2026-02-26 16:19:14 │ CondenseModifiedSystem BEGIN │ Δt  0.37 s │ RAM   137.4 MB │ CPU  16.8 % │ Disk  941.2 GB
2026-02-26 16:19:15 │ CondenseModifiedSystem END │ Δt  0.23 s │ RAM   137.4 MB │ CPU  11.1 % │ Disk  941.2 GB
2026-02-26 16:19:15 │ SolveCondensedSystem BEGIN │ Δt  0.36 s │ RAM   137.4 MB │ CPU   4.5 % │ Disk  941.2 GB
2026-02-26 16:19:15 │ SolveCondensedSystem END   │ Δt  0.30 s │ RAM   137.4 MB │ CPU  22.4 % │ Disk  941.2 GB
2026-02-26 16:19:16 │ ReconstructGlobalSystem BEGIN │ Δt  0.20 s │ RAM   137.4 MB │ CPU   9.1 % │ Disk  941.2 GB
2026-02-26 16:19:16 │ ReconstructGlobalSystem END │ Δt  0.22 s │ RAM   137.4 MB │ CPU   9.1 % │ Disk  941.2 GB
2026-02-26 16:19:16 │ ComputePrimaryResults BEGIN │ Δt  0.20 s │ RAM   137.4 MB │ CPU   3.4 % │ Disk  941.2 GB
2026-02-26 16:19:16 │ ComputePrimaryResults END  │ Δt  0.47 s │ RAM   137.5 MB │ CPU  17.1 % │ Disk  941.2 GB
2026-02-26 16:19:17 │ SaveFormulationCache BEGIN │ Δt  0.20 s │ RAM   137.5 MB │ CPU   3.9 % │ Disk  941.2 GB
2026-02-26 16:19:17 │ SaveFormulationCache END   │ Δt  0.29 s │ RAM   137.5 MB │ CPU   9.9 % │ Disk  941.2 GB
2026-02-26 16:19:17 │ ComputeSecondaryResults BEGIN │ Δt  0.20 s │ RAM   137.5 MB │ CPU  12.4 % │ Disk  941.2 GB
2026-02-26 16:19:17 │ ComputeSecondaryResults END │ Δt  0.28 s │ RAM   137.5 MB │ CPU   7.3 % │ Disk  941.2 GB
2026-02-26 16:19:18 │ ComputeTertiaryResults BEGIN │ Δt  0.20 s │ RAM   137.5 MB │ CPU   2.2 % │ Disk  941.2 GB
2026-02-26 16:19:18 │ ComputeTertiaryResults END │ Δt  0.29 s │ RAM   137.5 MB │ CPU  19.4 % │ Disk  941.2 GB
