2026-02-26 16:18:47,883 [DEBUG] 📁 Log file created at: c:\Users\s1834431\Programs\fem_model\post_processing\results\job_0008_n32_2026-02-26_16-18-45-012791_pid18316_cf7bef75\logs\AssembleGlobalSystem.log (Module: assembly, Line: 91)
2026-02-26 16:18:47,884 [INFO] 🔧 Starting global matrix assembly... (Module: assembly, Line: 109)
2026-02-26 16:18:47,884 [DEBUG] Element 0 DOF mapping validated (Module: assembly, Line: 184)
2026-02-26 16:18:47,884 [DEBUG] Element 1 DOF mapping validated (Module: assembly, Line: 184)
2026-02-26 16:18:47,884 [DEBUG] Element 2 DOF mapping validated (Module: assembly, Line: 184)
2026-02-26 16:18:47,884 [DEBUG] Element 3 DOF mapping validated (Module: assembly, Line: 184)
2026-02-26 16:18:47,884 [DEBUG] Element 4 DOF mapping validated (Module: assembly, Line: 184)
2026-02-26 16:18:47,884 [DEBUG] Element 5 DOF mapping validated (Module: assembly, Line: 184)
2026-02-26 16:18:47,884 [DEBUG] Element 6 DOF mapping validated (Module: assembly, Line: 184)
2026-02-26 16:18:47,884 [DEBUG] Element 7 DOF mapping validated (Module: assembly, Line: 184)
2026-02-26 16:18:47,884 [DEBUG] Element 8 DOF mapping validated (Module: assembly, Line: 184)
2026-02-26 16:18:47,884 [DEBUG] Element 9 DOF mapping validated (Module: assembly, Line: 184)
2026-02-26 16:18:47,884 [DEBUG] Element 10 DOF mapping validated (Module: assembly, Line: 184)
2026-02-26 16:18:47,884 [DEBUG] Element 11 DOF mapping validated (Module: assembly, Line: 184)
2026-02-26 16:18:47,884 [DEBUG] Element 12 DOF mapping validated (Module: assembly, Line: 184)
2026-02-26 16:18:47,884 [DEBUG] Element 13 DOF mapping validated (Module: assembly, Line: 184)
2026-02-26 16:18:47,884 [DEBUG] Element 14 DOF mapping validated (Module: assembly, Line: 184)
2026-02-26 16:18:47,884 [DEBUG] Element 15 DOF mapping validated (Module: assembly, Line: 184)
2026-02-26 16:18:47,884 [DEBUG] Element 16 DOF mapping validated (Module: assembly, Line: 184)
2026-02-26 16:18:47,884 [DEBUG] Element 17 DOF mapping validated (Module: assembly, Line: 184)
2026-02-26 16:18:47,884 [DEBUG] Element 18 DOF mapping validated (Module: assembly, Line: 184)
2026-02-26 16:18:47,884 [DEBUG] Element 19 DOF mapping validated (Module: assembly, Line: 184)
2026-02-26 16:18:47,884 [DEBUG] Element 20 DOF mapping validated (Module: assembly, Line: 184)
2026-02-26 16:18:47,884 [DEBUG] Element 21 DOF mapping validated (Module: assembly, Line: 184)
2026-02-26 16:18:47,884 [DEBUG] Element 22 DOF mapping validated (Module: assembly, Line: 184)
2026-02-26 16:18:47,886 [DEBUG] Element 23 DOF mapping validated (Module: assembly, Line: 184)
2026-02-26 16:18:47,886 [DEBUG] Element 24 DOF mapping validated (Module: assembly, Line: 184)
2026-02-26 16:18:47,886 [DEBUG] Element 25 DOF mapping validated (Module: assembly, Line: 184)
2026-02-26 16:18:47,886 [DEBUG] Element 26 DOF mapping validated (Module: assembly, Line: 184)
2026-02-26 16:18:47,886 [DEBUG] Element 27 DOF mapping validated (Module: assembly, Line: 184)
2026-02-26 16:18:47,886 [DEBUG] Element 28 DOF mapping validated (Module: assembly, Line: 184)
2026-02-26 16:18:47,886 [DEBUG] Element 29 DOF mapping validated (Module: assembly, Line: 184)
2026-02-26 16:18:47,886 [DEBUG] Element 30 DOF mapping validated (Module: assembly, Line: 184)
2026-02-26 16:18:47,886 [DEBUG] Element 31 DOF mapping validated (Module: assembly, Line: 184)
2026-02-26 16:18:47,889 [DEBUG] 
✅ DOF Mappings Summary:
 Element ID                              Local DOF                                                   Global DOF
          0 [0, 1, 2, 3, 4, 5, 6, 7, 8, 9, 10, 11]                       [0, 1, 2, 3, 4, 5, 6, 7, 8, 9, 10, 11]
          1 [0, 1, 2, 3, 4, 5, 6, 7, 8, 9, 10, 11]                 [6, 7, 8, 9, 10, 11, 12, 13, 14, 15, 16, 17]
          2 [0, 1, 2, 3, 4, 5, 6, 7, 8, 9, 10, 11]             [12, 13, 14, 15, 16, 17, 18, 19, 20, 21, 22, 23]
          3 [0, 1, 2, 3, 4, 5, 6, 7, 8, 9, 10, 11]             [18, 19, 20, 21, 22, 23, 24, 25, 26, 27, 28, 29]
          4 [0, 1, 2, 3, 4, 5, 6, 7, 8, 9, 10, 11]             [24, 25, 26, 27, 28, 29, 30, 31, 32, 33, 34, 35]
          5 [0, 1, 2, 3, 4, 5, 6, 7, 8, 9, 10, 11]             [30, 31, 32, 33, 34, 35, 36, 37, 38, 39, 40, 41]
          6 [0, 1, 2, 3, 4, 5, 6, 7, 8, 9, 10, 11]             [36, 37, 38, 39, 40, 41, 42, 43, 44, 45, 46, 47]
          7 [0, 1, 2, 3, 4, 5, 6, 7, 8, 9, 10, 11]             [42, 43, 44, 45, 46, 47, 48, 49, 50, 51, 52, 53]
          8 [0, 1, 2, 3, 4, 5, 6, 7, 8, 9, 10, 11]             [48, 49, 50, 51, 52, 53, 54, 55, 56, 57, 58, 59]
          9 [0, 1, 2, 3, 4, 5, 6, 7, 8, 9, 10, 11]             [54, 55, 56, 57, 58, 59, 60, 61, 62, 63, 64, 65]
         10 [0, 1, 2, 3, 4, 5, 6, 7, 8, 9, 10, 11]             [60, 61, 62, 63, 64, 65, 66, 67, 68, 69, 70, 71]
         11 [0, 1, 2, 3, 4, 5, 6, 7, 8, 9, 10, 11]             [66, 67, 68, 69, 70, 71, 72, 73, 74, 75, 76, 77]
         12 [0, 1, 2, 3, 4, 5, 6, 7, 8, 9, 10, 11]             [72, 73, 74, 75, 76, 77, 78, 79, 80, 81, 82, 83]
         13 [0, 1, 2, 3, 4, 5, 6, 7, 8, 9, 10, 11]             [78, 79, 80, 81, 82, 83, 84, 85, 86, 87, 88, 89]
         14 [0, 1, 2, 3, 4, 5, 6, 7, 8, 9, 10, 11]             [84, 85, 86, 87, 88, 89, 90, 91, 92, 93, 94, 95]
         15 [0, 1, 2, 3, 4, 5, 6, 7, 8, 9, 10, 11]           [90, 91, 92, 93, 94, 95, 96, 97, 98, 99, 100, 101]
         16 [0, 1, 2, 3, 4, 5, 6, 7, 8, 9, 10, 11]     [96, 97, 98, 99, 100, 101, 102, 103, 104, 105, 106, 107]
         17 [0, 1, 2, 3, 4, 5, 6, 7, 8, 9, 10, 11] [102, 103, 104, 105, 106, 107, 108, 109, 110, 111, 112, 113]
         18 [0, 1, 2, 3, 4, 5, 6, 7, 8, 9, 10, 11] [108, 109, 110, 111, 112, 113, 114, 115, 116, 117, 118, 119]
         19 [0, 1, 2, 3, 4, 5, 6, 7, 8, 9, 10, 11] [114, 115, 116, 117, 118, 119, 120, 121, 122, 123, 124, 125]
         20 [0, 1, 2, 3, 4, 5, 6, 7, 8, 9, 10, 11] [120, 121, 122, 123, 124, 125, 126, 127, 128, 129, 130, 131]
         21 [0, 1, 2, 3, 4, 5, 6, 7, 8, 9, 10, 11] [126, 127, 128, 129, 130, 131, 132, 133, 134, 135, 136, 137]
         22 [0, 1, 2, 3, 4, 5, 6, 7, 8, 9, 10, 11] [132, 133, 134, 135, 136, 137, 138, 139, 140, 141, 142, 143]
         23 [0, 1, 2, 3, 4, 5, 6, 7, 8, 9, 10, 11] [138, 139, 140, 141, 142, 143, 144, 145, 146, 147, 148, 149]
         24 [0, 1, 2, 3, 4, 5, 6, 7, 8, 9, 10, 11] [144, 145, 146, 147, 148, 149, 150, 151, 152, 153, 154, 155]
         25 [0, 1, 2, 3, 4, 5, 6, 7, 8, 9, 10, 11] [150, 151, 152, 153, 154, 155, 156, 157, 158, 159, 160, 161]
         26 [0, 1, 2, 3, 4, 5, 6, 7, 8, 9, 10, 11] [156, 157, 158, 159, 160, 161, 162, 163, 164, 165, 166, 167]
         27 [0, 1, 2, 3, 4, 5, 6, 7, 8, 9, 10, 11] [162, 163, 164, 165, 166, 167, 168, 169, 170, 171, 172, 173]
         28 [0, 1, 2, 3, 4, 5, 6, 7, 8, 9, 10, 11] [168, 169, 170, 171, 172, 173, 174, 175, 176, 177, 178, 179]
         29 [0, 1, 2, 3, 4, 5, 6, 7, 8, 9, 10, 11] [174, 175, 176, 177, 178, 179, 180, 181, 182, 183, 184, 185]
         30 [0, 1, 2, 3, 4, 5, 6, 7, 8, 9, 10, 11] [180, 181, 182, 183, 184, 185, 186, 187, 188, 189, 190, 191]
         31 [0, 1, 2, 3, 4, 5, 6, 7, 8, 9, 10, 11] [186, 187, 188, 189, 190, 191, 192, 193, 194, 195, 196, 197] (Module: assembly, Line: 204)
2026-02-26 16:18:47,890 [INFO] 🧾 System Info:
  Total DOFs: 198
  Number of elements: 32
  Symmetry tolerance: 1.0e-08 (Module: assembly, Line: 344)
2026-02-26 16:18:47,890 [INFO] ✅ Stiffness matrix assembled (Module: assembly, Line: 248)
2026-02-26 16:18:47,890 [INFO] ✅ Force vector assembled (Module: assembly, Line: 277)
2026-02-26 16:18:47,891 [INFO] Global Stiffness Matrix:
  Non-zero entries: 970
  Symmetry: True
  Norm: 6.665e+10 (Module: assembly, Line: 364)
2026-02-26 16:18:47,903 [DEBUG] 
Stiffness Matrix Sample (COO):
 Row  Col       K Value
 188  194 -1.414800e+09
  58   52  2.950166e+05
   4    8  4.421250e+07
 138  138  8.803200e+09
  94   86 -4.421250e+07
 155  149 -5.632998e+06
 139  139  2.829600e+09
 169  167 -4.421250e+07
  77   83 -5.632998e+06
 113  115 -4.421250e+07
   8    8  2.829600e+09
 178  178  4.936529e+06
 107  103  0.000000e+00
 144  150 -4.401600e+09
 161  157  0.000000e+00
 149  149  1.679256e+07
 149  145  0.000000e+00
  64   56 -4.421250e+07
 128  124  4.421250e+07
 142  146  4.421250e+07
  13   13  2.829600e+09
 118  110 -4.421250e+07
  70   62 -4.421250e+07
  73   83  4.421250e+07
 138  144 -4.401600e+09
  43   41 -4.421250e+07
 115  125  4.421250e+07
 122  122  2.829600e+09
 179  185 -5.632998e+06
 176  178  0.000000e+00
 147  141 -3.378322e+04
  73   77  0.000000e+00
  48   42 -4.401600e+09
 109  103 -1.414800e+09
  64   62  0.000000e+00
 197  187  4.421250e+07
 106  112  2.950166e+05
  61   71  4.421250e+07
 151  149 -4.421250e+07
  95   91  0.000000e+00
  56   52  4.421250e+07
  55   59  0.000000e+00
  56   58  0.000000e+00
 117  123 -3.378322e+04
  76   80  4.421250e+07
  55   53 -4.421250e+07
 129  129  6.756644e+04
 185  179 -5.632998e+06
 101  101  1.679256e+07
  50   44 -1.414800e+09
  23   25 -4.421250e+07
  30   30  8.803200e+09
 112  118  2.950166e+05
  97  103 -1.414800e+09
  49   53  0.000000e+00
  61   59 -4.421250e+07
  54   54  8.803200e+09
  53   47 -5.632998e+06
 179  169  4.421250e+07
 161  155 -5.632998e+06
 106  106  4.936529e+06
 160  158  0.000000e+00
  21   27 -3.378322e+04
  66   60 -4.401600e+09
  72   72  8.803200e+09
  75   75  6.756644e+04
  44   52 -4.421250e+07
  85   79 -1.414800e+09
 140  140  2.829600e+09
 111  111  6.756644e+04
  17   17  1.679256e+07
  89   85  0.000000e+00
 100  104  4.421250e+07
  15    9 -3.378322e+04
 154  158  4.421250e+07
 136  130  2.950166e+05
 130  134  4.421250e+07
 135  135  6.756644e+04
 139  149  4.421250e+07
 159  159  6.756644e+04
  31   31  2.829600e+09
  55   61 -1.414800e+09
 191  185 -5.632998e+06
  26   28  0.000000e+00
  37   37  2.829600e+09
 194  194  1.414800e+09
  14   10  4.421250e+07
 165  171 -3.378322e+04
  77   79 -4.421250e+07
 125  115  4.421250e+07
  50   46  4.421250e+07
  93   93  6.756644e+04
  70   74  4.421250e+07
 181  179 -4.421250e+07
 196  196  2.468265e+06
 184  178  2.950166e+05
  74   76  0.000000e+00
  92   98 -1.414800e+09
 174  168 -4.401600e+09
 167  173 -5.632998e+06
  51   57 -3.378322e+04
 146  154 -4.421250e+07
 117  117  6.756644e+04
  86   88  0.000000e+00
   2    8 -1.414800e+09
 160  154  2.950166e+05
  22   22  4.936529e+06
 140  134 -1.414800e+09
 120  114 -4.401600e+09
 131  121  4.421250e+07
 196  194  4.421250e+07
 120  126 -4.401600e+09
  80   76  4.421250e+07
 124  118  2.950166e+05
  74   80 -1.414800e+09
  74   82 -4.421250e+07
 196  188 -4.421250e+07
   8   16 -4.421250e+07
  82   86  4.421250e+07
   8    4  4.421250e+07
  22   28  2.950166e+05
 151  157 -1.414800e+09
  64   64  4.936529e+06
 148  148  4.936529e+06
 148  142  2.950166e+05
 151  161  4.421250e+07
  52   52  4.936529e+06
   7   13 -1.414800e+09
 108  108  8.803200e+09
 169  163 -1.414800e+09
 107  107  1.679256e+07
 102   96 -4.401600e+09
 128  136 -4.421250e+07
 175  169 -1.414800e+09
 169  175 -1.414800e+09
  30   36 -4.401600e+09
 175  179  0.000000e+00
 125  131 -5.632998e+06
 159  165 -3.378322e+04
  82   76  2.950166e+05
 155  157 -4.421250e+07
 101   97  0.000000e+00
 180  180  8.803200e+09
 116  116  2.829600e+09
  42   48 -4.401600e+09
 127  125 -4.421250e+07
  81   75 -3.378322e+04
  31   29 -4.421250e+07
 150  150  8.803200e+09
 106  104  0.000000e+00
  71   65 -5.632998e+06
 173  169  0.000000e+00
  52   58  2.950166e+05
 140  142  0.000000e+00
  94   92  0.000000e+00
 134  136  0.000000e+00
 173  175 -4.421250e+07
  75   81 -3.378322e+04
  79   79  2.829600e+09
   1   11  4.421250e+07
  65   71 -5.632998e+06
 136  134  0.000000e+00
 186  180 -4.401600e+09
  58   64  2.950166e+05
  87   93 -3.378322e+04
  32   28  4.421250e+07
 194  196  4.421250e+07
  91   85 -1.414800e+09
  63   63  6.756644e+04
 132  132  8.803200e+09
  92   92  2.829600e+09
  52   56  4.421250e+07
  68   70  0.000000e+00
 131  133 -4.421250e+07
  98  106 -4.421250e+07
 173  163  4.421250e+07
  25   19 -1.414800e+09
 119  121 -4.421250e+07
   9   15 -3.378322e+04
 175  181 -1.414800e+09
 177  177  6.756644e+04
  34   26 -4.421250e+07
  32   40 -4.421250e+07
  10    8  0.000000e+00
 175  173 -4.421250e+07
  58   50 -4.421250e+07
  52   46  2.950166e+05
  54   60 -4.401600e+09
 155  155  1.679256e+07
 118  116  0.000000e+00
 100   94  2.950166e+05
   5    7 -4.421250e+07
  86   82  4.421250e+07
 101  107 -5.632998e+06
  41   37  0.000000e+00
  92   94  0.000000e+00
 161  167 -5.632998e+06
  14   16  0.000000e+00
  17   23 -5.632998e+06
 133  137  0.000000e+00
  40   46  2.950166e+05
  38   38  2.829600e+09
 144  138 -4.401600e+09
 142  134 -4.421250e+07
  42   36 -4.401600e+09
  64   68  4.421250e+07
 195  195  3.378322e+04
 126  120 -4.401600e+09
  62   56 -1.414800e+09
   1    1  1.414800e+09
  90   84 -4.401600e+09
 167  161 -5.632998e+06
  45   39 -3.378322e+04
 152  154  0.000000e+00
  19   19  2.829600e+09
 160  152 -4.421250e+07
  17   11 -5.632998e+06
 122  130 -4.421250e+07
 104  110 -1.414800e+09
  83   85 -4.421250e+07
  69   75 -3.378322e+04
  94   98  4.421250e+07
 131  127  0.000000e+00
   0    6 -4.401600e+09
 187  197  4.421250e+07
  78   72 -4.401600e+09
  48   48  8.803200e+09
 185  175  4.421250e+07
 142  140  0.000000e+00
  79   77 -4.421250e+07
  87   81 -3.378322e+04
  30   24 -4.401600e+09
  56   56  2.829600e+09
 155  161 -5.632998e+06
 163  169 -1.414800e+09
  61   61  2.829600e+09
 130  122 -4.421250e+07
  89   79  4.421250e+07
  65   61  0.000000e+00
  78   84 -4.401600e+09
 154  148  2.950166e+05
  98  100  0.000000e+00
  98  104 -1.414800e+09
  12    6 -4.401600e+09
  34   38  4.421250e+07
 197  191 -5.632998e+06
  72   78 -4.401600e+09
 190  184  2.950166e+05
 160  164  4.421250e+07
 114  114  8.803200e+09
 108  102 -4.401600e+09
 119  113 -5.632998e+06
 104  104  2.829600e+09
 100  106  2.950166e+05
  13   11 -4.421250e+07
  11    5 -5.632998e+06
 151  145 -1.414800e+09
  36   42 -4.401600e+09
 129  123 -3.378322e+04
  62   70 -4.421250e+07
 109  109  2.829600e+09
 191  197 -5.632998e+06
 150  144 -4.401600e+09
  10    4  2.950166e+05
 102  102  8.803200e+09
  33   33  6.756644e+04
  46   50  4.421250e+07
  44   40  4.421250e+07
 146  142  4.421250e+07
 188  184  4.421250e+07
  35   35  1.679256e+07
 138  132 -4.401600e+09
  89   83 -5.632998e+06
  65   65  1.679256e+07
   3    3  3.378322e+04
  23   17 -5.632998e+06
  16    8 -4.421250e+07
 154  152  0.000000e+00
 139  143  0.000000e+00
 124  128  4.421250e+07
  53   55 -4.421250e+07
 185  187 -4.421250e+07
 166  158 -4.421250e+07
 158  166 -4.421250e+07
 184  176 -4.421250e+07
 181  181  2.829600e+09
 152  152  2.829600e+09
   6    0 -4.401600e+09
 177  183 -3.378322e+04
  72   66 -4.401600e+09
  79   83  0.000000e+00
  59   53 -5.632998e+06
  16   16  4.936529e+06
  11   17 -5.632998e+06
 100  100  4.936529e+06
 170  166  4.421250e+07
 118  122  4.421250e+07
  25   29  0.000000e+00
  61   55 -1.414800e+09
  17   13  0.000000e+00
  11   13 -4.421250e+07
  68   64  4.421250e+07
  55   49 -1.414800e+09
 158  158  2.829600e+09
 137  127  4.421250e+07
 134  142 -4.421250e+07
  14   22 -4.421250e+07
 156  156  8.803200e+09
  12   18 -4.401600e+09
  83   79  0.000000e+00
  26   34 -4.421250e+07
 127  131  0.000000e+00
 148  154  2.950166e+05
 188  196 -4.421250e+07
 186  192 -4.401600e+09
  91   97 -1.414800e+09
  25   35  4.421250e+07
   4    2 -4.421250e+07
  33   39 -3.378322e+04
  27   33 -3.378322e+04
 101   91  4.421250e+07
  49   49  2.829600e+09
 105  105  6.756644e+04
  50   50  2.829600e+09
  82   88  2.950166e+05
  68   68  2.829600e+09
 188  182 -1.414800e+09
 166  166  4.936529e+06
 153  159 -3.378322e+04
  67   67  2.829600e+09
 176  176  2.829600e+09
 182  178  4.421250e+07
 181  191  4.421250e+07
   5    5  8.396279e+06
  39   39  6.756644e+04
 197  193 -4.421250e+07
  98   98  2.829600e+09
  88   92  4.421250e+07
  97   95 -4.421250e+07
  50   52  0.000000e+00
 193  187 -1.414800e+09
  36   30 -4.401600e+09
  39   45 -3.378322e+04
 176  182 -1.414800e+09
 103  107  0.000000e+00
  62   62  2.829600e+09
 143  139  0.000000e+00
 106   98 -4.421250e+07
  65   67 -4.421250e+07
  17   19 -4.421250e+07
 146  148  0.000000e+00
  71   67  0.000000e+00
  41   43 -4.421250e+07
 169  179  4.421250e+07
 179  175  0.000000e+00
 178  172  2.950166e+05
  84   90 -4.401600e+09
   6    6  8.803200e+09
 157  161  0.000000e+00
 140  146 -1.414800e+09
  52   50  0.000000e+00
  50   56 -1.414800e+09
 112  104 -4.421250e+07
   9    3 -3.378322e+04
  18   18  8.803200e+09
  34   28  2.950166e+05
  68   74 -1.414800e+09
 164  160  4.421250e+07
  83   89 -5.632998e+06
 131  131  1.679256e+07
  23   29 -5.632998e+06
  80   74 -1.414800e+09
 121  125  0.000000e+00
 170  170  2.829600e+09
  20   22  0.000000e+00
  85   89  0.000000e+00
  98   92 -1.414800e+09
 154  146 -4.421250e+07
 163  163  2.829600e+09
 193  197 -4.421250e+07
 181  187 -1.414800e+09
  44   44  2.829600e+09
 101   95 -5.632998e+06
  35   29 -5.632998e+06
  49   59  4.421250e+07
  40   32 -4.421250e+07
 107  113 -5.632998e+06
 121  127 -1.414800e+09
  71   61  4.421250e+07
 106  100  2.950166e+05
  85   95  4.421250e+07
 126  132 -4.401600e+09
 163  157 -1.414800e+09
  33   27 -3.378322e+04
 173  167 -5.632998e+06
 112  106  2.950166e+05
 148  140 -4.421250e+07
  27   21 -3.378322e+04
  15   15  6.756644e+04
 119  119  1.679256e+07
  96   96  8.803200e+09
  47   37  4.421250e+07
  55   65  4.421250e+07
  34   34  4.936529e+06
  85   85  2.829600e+09
 130  136  2.950166e+05
 132  138 -4.401600e+09
 168  174 -4.401600e+09
 136  140  4.421250e+07
  22   20  0.000000e+00
 178  176  0.000000e+00
 194  188 -1.414800e+09
  47   53 -5.632998e+06
  68   76 -4.421250e+07
 122  128 -1.414800e+09
 190  196  2.950166e+05
 135  129 -3.378322e+04
  86   94 -4.421250e+07
 180  174 -4.401600e+09
  46   44  0.000000e+00
  80   80  2.829600e+09
 178  184  2.950166e+05
  64   58  2.950166e+05
 158  154  4.421250e+07
 173  173  1.679256e+07
   4   10  2.950166e+05
  97  107  4.421250e+07
  51   45 -3.378322e+04
 193  193  1.414800e+09
   2    2  1.414800e+09
 162  156 -4.401600e+09
 184  188  4.421250e+07
  81   87 -3.378322e+04
 151  151  2.829600e+09
 190  182 -4.421250e+07
  23   13  4.421250e+07
  62   68 -1.414800e+09
 143  133  4.421250e+07
  43   53  4.421250e+07
  62   64  0.000000e+00
  12   12  8.803200e+09
  20   16  4.421250e+07
  73   71 -4.421250e+07
 124  116 -4.421250e+07
   6   12 -4.401600e+09
  77   67  4.421250e+07
 107   97  4.421250e+07
  89   95 -5.632998e+06
  46   38 -4.421250e+07
 144  144  8.803200e+09
  95   89 -5.632998e+06
  99  105 -3.378322e+04
 131  137 -5.632998e+06
 106  110  4.421250e+07
 103   97 -1.414800e+09
  43   43  2.829600e+09
 116  110 -1.414800e+09
  40   38  0.000000e+00
  74   74  2.829600e+09
 130  128  0.000000e+00
  77   71 -5.632998e+06
  39   33 -3.378322e+04
 196  190  2.950166e+05
  83   73  4.421250e+07
  41   31  4.421250e+07
 115  119  0.000000e+00
  82   82  4.936529e+06
 103  103  2.829600e+09
 128  130  0.000000e+00
  90   90  8.803200e+09
  28   32  4.421250e+07
  49   43 -1.414800e+09
  37   31 -1.414800e+09
  37   47  4.421250e+07
  64   70  2.950166e+05
  65   59 -5.632998e+06
  88   80 -4.421250e+07
 115  113 -4.421250e+07
 111  105 -3.378322e+04
 189  195 -3.378322e+04
 148  152  4.421250e+07
  43   47  0.000000e+00
 122  124  0.000000e+00
 145  145  2.829600e+09
  21   21  6.756644e+04
 115  121 -1.414800e+09
 168  162 -4.401600e+09
 176  184 -4.421250e+07
  17    7  4.421250e+07
  20   14 -1.414800e+09
  10    2 -4.421250e+07
  38   32 -1.414800e+09
 145  139 -1.414800e+09
   0    0  4.401600e+09
  11    7  0.000000e+00
  36   36  8.803200e+09
  80   82  0.000000e+00
  97  101  0.000000e+00
  99   93 -3.378322e+04
 156  162 -4.401600e+09
 113  113  1.679256e+07
  95   95  1.679256e+07
  93   99 -3.378322e+04
 187  191  0.000000e+00
  23   23  1.679256e+07
 139  133 -1.414800e+09
  28   34  2.950166e+05
 179  179  1.679256e+07
  46   52  2.950166e+05
 133  133  2.829600e+09
  67   73 -1.414800e+09
 136  136  4.936529e+06
  22   26  4.421250e+07
 137  143 -5.632998e+06
  97   97  2.829600e+09
  44   50 -1.414800e+09
  29   23 -5.632998e+06
  51   51  6.756644e+04
 190  188  0.000000e+00
 168  168  8.803200e+09
 124  130  2.950166e+05
 118  124  2.950166e+05
  75   69 -3.378322e+04
 159  153 -3.378322e+04
   7   11  0.000000e+00
 125  127 -4.421250e+07
  85   91 -1.414800e+09
 181  175 -1.414800e+09
 109  119  4.421250e+07
   1    5  4.421250e+07
  29   19  4.421250e+07
  73   73  2.829600e+09
 191  181  4.421250e+07
 150  156 -4.401600e+09
 164  158 -1.414800e+09
 143  145 -4.421250e+07
 155  145  4.421250e+07
  47   41 -5.632998e+06
 160  166  2.950166e+05
  76   70  2.950166e+05
 133  143  4.421250e+07
  70   64  2.950166e+05
  86   80 -1.414800e+09
 183  189 -3.378322e+04
 186  186  8.803200e+09
  92  100 -4.421250e+07
  14   20 -1.414800e+09
  74   70  4.421250e+07
  49   55 -1.414800e+09
  24   30 -4.401600e+09
 148  146  0.000000e+00
 108  114 -4.401600e+09
  27   27  6.756644e+04
  53   59 -5.632998e+06
 167  169 -4.421250e+07
 197  197  8.396279e+06
  29   29  1.679256e+07
   2    4 -4.421250e+07
 102  108 -4.401600e+09
 194  190  4.421250e+07
 137  133  0.000000e+00
 167  157  4.421250e+07
  83   83  1.679256e+07
 135  141 -3.378322e+04
  73   67 -1.414800e+09
  32   38 -1.414800e+09
 110  112  0.000000e+00
  70   76  2.950166e+05
 173  179 -5.632998e+06
 123  117 -3.378322e+04
 161  163 -4.421250e+07
  13   17  0.000000e+00
  82   80  0.000000e+00
 116  118  0.000000e+00
  97   91 -1.414800e+09
  95   97 -4.421250e+07
 127  133 -1.414800e+09
 169  173  0.000000e+00
 103  101 -4.421250e+07
 125  119 -5.632998e+06
 127  127  2.829600e+09
 182  184  0.000000e+00
  62   58  4.421250e+07
 132  126 -4.401600e+09
 130  130  4.936529e+06
 116  112  4.421250e+07
  34   40  2.950166e+05
  69   69  6.756644e+04
  14    8 -1.414800e+09
 161  151  4.421250e+07
 182  190 -4.421250e+07
 100   98  0.000000e+00
 154  154  4.936529e+06
  92   86 -1.414800e+09
 137  139 -4.421250e+07
  89   89  1.679256e+07
 115  109 -1.414800e+09
 141  135 -3.378322e+04
 174  180 -4.401600e+09
  46   40  2.950166e+05
 133  131 -4.421250e+07
 119  115  0.000000e+00
  58   62  4.421250e+07
  71   73 -4.421250e+07
 134  134  2.829600e+09
   1    7 -1.414800e+09
 179  173 -5.632998e+06
  94  100  2.950166e+05
 152  148  4.421250e+07
 178  170 -4.421250e+07
 172  172  4.936529e+06
 105  111 -3.378322e+04
 116  122 -1.414800e+09
 155  151  0.000000e+00
 175  175  2.829600e+09
 109  107 -4.421250e+07
 177  171 -3.378322e+04
  57   57  6.756644e+04
  59   49  4.421250e+07
  96   90 -4.401600e+09
  87   87  6.756644e+04
  58   58  4.936529e+06
  26   22  4.421250e+07
 121  115 -1.414800e+09
 192  192  4.401600e+09
   4    4  2.468265e+06
 128  128  2.829600e+09
  93   87 -3.378322e+04
 119  109  4.421250e+07
 187  187  2.829600e+09
  34   32  0.000000e+00
 191  191  1.679256e+07
 133  127 -1.414800e+09
 188  188  2.829600e+09
 145  155  4.421250e+07
  41   35 -5.632998e+06
  40   40  4.936529e+06
 127  137  4.421250e+07
 109  113  0.000000e+00
 172  176  4.421250e+07
  35   25  4.421250e+07
  23   19  0.000000e+00
   5    1  4.421250e+07
 117  111 -3.378322e+04
 181  185  0.000000e+00
 139  145 -1.414800e+09
 110  106  4.421250e+07
  68   62 -1.414800e+09
  98   94  4.421250e+07
 101  103 -4.421250e+07
 170  176 -1.414800e+09
  83   77 -5.632998e+06
 145  151 -1.414800e+09
  20   26 -1.414800e+09
  88   94  2.950166e+05
  19   13 -1.414800e+09
 172  164 -4.421250e+07
 152  158 -1.414800e+09
 133  139 -1.414800e+09
  85   83 -4.421250e+07
 191  193 -4.421250e+07
 166  164  0.000000e+00
 142  148  2.950166e+05
 187  185 -4.421250e+07
 195  189 -3.378322e+04
  66   72 -4.401600e+09
 113  109  0.000000e+00
  73   79 -1.414800e+09
  16   10  2.950166e+05
 104  112 -4.421250e+07
 104   98 -1.414800e+09
  70   68  0.000000e+00
  46   46  4.936529e+06
 182  176 -1.414800e+09
  31   35  0.000000e+00
  59   65 -5.632998e+06
   8    2 -1.414800e+09
  25   23 -4.421250e+07
 103  113  4.421250e+07
 158  164 -1.414800e+09
 190  194  4.421250e+07
  37   41  0.000000e+00
  35   37 -4.421250e+07
  71   71  1.679256e+07
  77   73  0.000000e+00
 149  151 -4.421250e+07
 170  178 -4.421250e+07
 167  163  0.000000e+00
 151  155  0.000000e+00
  40   34  2.950166e+05
  29   25  0.000000e+00
  91   95  0.000000e+00
 164  166  0.000000e+00
  53   43  4.421250e+07
 174  174  8.803200e+09
  60   54 -4.401600e+09
 184  184  4.936529e+06
 166  160  2.950166e+05
  48   54 -4.401600e+09
 131  125 -5.632998e+06
   8   14 -1.414800e+09
  19   29  4.421250e+07
  11    1  4.421250e+07
  70   70  4.936529e+06
  14   14  2.829600e+09
 187  181 -1.414800e+09
  41   47 -5.632998e+06
  88   82  2.950166e+05
 146  146  2.829600e+09
  80   88 -4.421250e+07
  61   67 -1.414800e+09
  16   22  2.950166e+05
  80   86 -1.414800e+09
 111  117 -3.378322e+04
 118  112  2.950166e+05
 110  110  2.829600e+09
 167  167  1.679256e+07
 163  173  4.421250e+07
 164  170 -1.414800e+09
 134  140 -1.414800e+09
  45   51 -3.378322e+04
 110  104 -1.414800e+09
 162  162  8.803200e+09
 127  121 -1.414800e+09
 136  128 -4.421250e+07
 187  193 -1.414800e+09
  86   86  2.829600e+09
 140  148 -4.421250e+07
  29   31 -4.421250e+07
  44   46  0.000000e+00
 125  121  0.000000e+00
 165  159 -3.378322e+04
 164  164  2.829600e+09
 170  164 -1.414800e+09
 147  153 -3.378322e+04
 189  183 -3.378322e+04
 142  142  4.936529e+06
 147  147  6.756644e+04
 180  186 -4.401600e+09
 145  149  0.000000e+00
  49   47 -4.421250e+07
  15   21 -3.378322e+04
   7    5 -4.421250e+07
  78   78  8.803200e+09
  45   45  6.756644e+04
 149  143 -5.632998e+06
  28   22  2.950166e+05
  71   77 -5.632998e+06
  24   24  8.803200e+09
  35   31  0.000000e+00
  43   49 -1.414800e+09
  89   91 -4.421250e+07
 112  116  4.421250e+07
  56   64 -4.421250e+07
 166  170  4.421250e+07
 120  120  8.803200e+09
 157  151 -1.414800e+09
 157  157  2.829600e+09
 107  101 -5.632998e+06
  59   59  1.679256e+07
  95  101 -5.632998e+06
  67   71  0.000000e+00
  26   26  2.829600e+09
 103  109 -1.414800e+09
  47   49 -4.421250e+07
 136  142  2.950166e+05
 121  121  2.829600e+09
  91   91  2.829600e+09
  25   31 -1.414800e+09
  95   85  4.421250e+07
   7    7  2.829600e+09
  24   18 -4.401600e+09
  32   26 -1.414800e+09
  32   34  0.000000e+00
 107  109 -4.421250e+07
 141  141  6.756644e+04
 126  126  8.803200e+09
  94   94  4.936529e+06
 121  131  4.421250e+07
  29   35 -5.632998e+06
 152  146 -1.414800e+09
  54   48 -4.401600e+09
 166  172  2.950166e+05
  67   61 -1.414800e+09
 176  170 -1.414800e+09
  52   44 -4.421250e+07
  92   88  4.421250e+07
  84   78 -4.401600e+09
 123  129 -3.378322e+04
   5   11 -5.632998e+06
  67   77  4.421250e+07
  61   65  0.000000e+00
  56   50 -1.414800e+09
  47   43  0.000000e+00
  20   28 -4.421250e+07
 105   99 -3.378322e+04
 164  172 -4.421250e+07
 129  135 -3.378322e+04
  58   56  0.000000e+00
  59   55  0.000000e+00
 119  125 -5.632998e+06
 182  188 -1.414800e+09
  91   89 -4.421250e+07
  38   46 -4.421250e+07
  76   76  4.936529e+06
 190  190  4.936529e+06
 191  187  0.000000e+00
  57   51 -3.378322e+04
 163  167  0.000000e+00
 183  177 -3.378322e+04
  38   40  0.000000e+00
   8   10  0.000000e+00
  18   12 -4.401600e+09
  63   69 -3.378322e+04
 156  150 -4.401600e+09
   3    9 -3.378322e+04
  10   16  2.950166e+05
  19   23  0.000000e+00
 157  167  4.421250e+07
   9    9  6.756644e+04
 192  186 -4.401600e+09
  13   23  4.421250e+07
  10   10  4.936529e+06
 158  160  0.000000e+00
  84   84  8.803200e+09
 114  120 -4.401600e+09
  44   38 -1.414800e+09
  31   41  4.421250e+07
 149  155 -5.632998e+06
 121  119 -4.421250e+07
  26   32 -1.414800e+09
 149  139  4.421250e+07
 116  124 -4.421250e+07
  22   14 -4.421250e+07
  77   77  1.679256e+07
  28   26  0.000000e+00
 142  136  2.950166e+05
   7    1 -1.414800e+09
 170  172  0.000000e+00
 113  107 -5.632998e+06
  76   74  0.000000e+00
 104  106  0.000000e+00
  79   73 -1.414800e+09
  42   42  8.803200e+09
  76   68 -4.421250e+07
 113  103  4.421250e+07
 124  122  0.000000e+00
  79   85 -1.414800e+09
 165  165  6.756644e+04
  60   66 -4.401600e+09
 140  136  4.421250e+07
  53   49  0.000000e+00
 123  123  6.756644e+04
  41   41  1.679256e+07
  21   15 -3.378322e+04
 188  190  0.000000e+00
 184  190  2.950166e+05
  35   41 -5.632998e+06
 118  118  4.936529e+06
  63   57 -3.378322e+04
 114  108 -4.401600e+09
 172  178  2.950166e+05
  76   82  2.950166e+05
 146  140 -1.414800e+09
 160  160  4.936529e+06
  47   47  1.679256e+07
 134  130  4.421250e+07
  31   25 -1.414800e+09
 171  171  6.756644e+04
  38   34  4.421250e+07
 175  185  4.421250e+07
  28   28  4.936529e+06
 185  191 -5.632998e+06
  11   11  1.679256e+07
 157  155 -4.421250e+07
  67   65 -4.421250e+07
  43   37 -1.414800e+09
  19   17 -4.421250e+07
 128  134 -1.414800e+09
 115  115  2.829600e+09
 124  124  4.936529e+06
  82   74 -4.421250e+07
  20   20  2.829600e+09
  18   24 -4.401600e+09
  88   86  0.000000e+00
 158  152 -1.414800e+09
  26   20 -1.414800e+09
 176  172  4.421250e+07
  60   60  8.803200e+09
  13   19 -1.414800e+09
  66   66  8.803200e+09
  53   53  1.679256e+07
 179  181 -4.421250e+07
 185  185  1.679256e+07
  90   96 -4.401600e+09
  10   14  4.421250e+07
 125  125  1.679256e+07
  79   89  4.421250e+07
  69   63 -3.378322e+04
  56   62 -1.414800e+09
 153  153  6.756644e+04
 100   92 -4.421250e+07
 112  110  0.000000e+00
 182  182  2.829600e+09
  13    7 -1.414800e+09
 183  183  6.756644e+04
  28   20 -4.421250e+07
 162  168 -4.401600e+09
   7   17  4.421250e+07
  38   44 -1.414800e+09
 178  182  4.421250e+07
  94   88  2.950166e+05
 104  100  4.421250e+07
 137  131 -5.632998e+06
  32   32  2.829600e+09
  50   58 -4.421250e+07
 145  143 -4.421250e+07
 110  116 -1.414800e+09
 110  118 -4.421250e+07
 130  124  2.950166e+05
 141  147 -3.378322e+04
  55   55  2.829600e+09
  59   61 -4.421250e+07
  86   92 -1.414800e+09
 184  182  0.000000e+00
  31   37 -1.414800e+09
 134  128 -1.414800e+09
 161  161  1.679256e+07
 189  189  6.756644e+04
  37   43 -1.414800e+09
  22   16  2.950166e+05
 172  170  0.000000e+00
  91  101  4.421250e+07
  88   88  4.936529e+06
 171  177 -3.378322e+04
 143  149 -5.632998e+06
 153  147 -3.378322e+04
  25   25  2.829600e+09
 185  181  0.000000e+00
 157  163 -1.414800e+09
  16   20  4.421250e+07
 171  165 -3.378322e+04
 109  115 -1.414800e+09
 137  137  1.679256e+07
 172  166  2.950166e+05
 193  191 -4.421250e+07
  37   35 -4.421250e+07
  19   25 -1.414800e+09
 112  112  4.936529e+06
  99   99  6.756644e+04
 143  137 -5.632998e+06
  65   55  4.421250e+07
  81   81  6.756644e+04
 122  118  4.421250e+07
  96  102 -4.401600e+09
  16   14  0.000000e+00
 122  116 -1.414800e+09
 163  161 -4.421250e+07
 152  160 -4.421250e+07
  57   63 -3.378322e+04
 146  152 -1.414800e+09
   2   10 -4.421250e+07
  74   68 -1.414800e+09
 143  143  1.679256e+07
 154  160  2.950166e+05
 169  169  2.829600e+09
  40   44  4.421250e+07
 128  122 -1.414800e+09
 113  119 -5.632998e+06
 139  137 -4.421250e+07 (Module: assembly, Line: 384)
2026-02-26 16:18:47,903 [INFO] 📊 Performance Metrics:
  Assembly Time: 0.02s
  Elements Processed: 32
  Matrix Density: 2.47e-02
  Memory Usage: 0.01MB
  Processing Rate: 1585.2 elements/s (Module: assembly, Line: 360)
2026-02-26 16:18:47,903 [INFO] ✅ Assembly complete. (Module: assembly, Line: 127)
