Machine Specifications:
   - OS: Windows 11 (10.0.26100)
       • Logical cores: 20
       • Physical cores: 12
   - RAM: 31.24 GB
   - Disk: 943.72 GB total, 2.51 GB free
   - Python Version: 3.12.5 (C:\Users\s1834431\AppData\Local\Programs\Python\Python312\python.exe)
   - GPU(s): Intel(R) UHD Graphics 770

Job: job_0008_n32
Timestamp (job start): 2026-02-26_16-18-52-116717
Total Time: 6.91 sec

+-------------------------------+------------+---------------+-------------+-----------+
| Step                          |   Time (s) |   Memory (MB) |   Disk (GB) |   CPU (%) |
+===============================+============+===============+=============+===========+
| Parsing                       |  0         |       136.188 |     941.207 |         0 |
+-------------------------------+------------+---------------+-------------+-----------+
| Element Instantiation         |  0.0250642 |       136.188 |     941.207 |         0 |
+-------------------------------+------------+---------------+-------------+-----------+
| Element Stiffness Computation |  0.100845  |       136.188 |     941.208 |         0 |
+-------------------------------+------------+---------------+-------------+-----------+
| Element Force Computation     |  0.017319  |       136.188 |     941.208 |         0 |
+-------------------------------+------------+---------------+-------------+-----------+
| Full Simulation               |  6.14278   |       136.234 |     941.212 |         0 |
+-------------------------------+------------+---------------+-------------+-----------+

Parallel Jobs: None
Start Memory: 136.19 MB | End Memory: 136.23 MB
Start Disk Usage: 941.21 GB | End Disk Usage: 941.21 GB
Start CPU: 0.00% | End CPU: 0.00%
