2026-02-26 16:18:49,225 [DEBUG] 📁 Log file: c:\Users\s1834431\Programs\fem_model\post_processing\results\job_0008_n32_2026-02-26_16-18-45-012791_pid18316_cf7bef75\logs\SolveCondensedSystem.log (Module: solver, Line: 249)
2026-02-26 16:18:49,226 [DEBUG] Row/column scaling applied. (Module: solver, Line: 164)
2026-02-26 16:18:49,226 [DEBUG] Building ILU (drop_tol=1e-06, fill_factor=1.0) (Module: solver, Line: 77)
2026-02-26 16:18:49,226 [DEBUG] ILU fill-ratio = 1.03 (Module: solver, Line: 82)
2026-02-26 16:18:49,226 [INFO] Solver parameters • solver='cg', prec='auto', K nnz=816, dofs=192 (Module: solver, Line: 181)
2026-02-26 16:18:49,227 [INFO] Condensed condition estimate: 1.02e+00 (Module: solver, Line: 187)
2026-02-26 16:18:49,227 [DEBUG] Iter   10 | residual 2.362e-02 (Module: solver, Line: 328)
2026-02-26 16:18:49,228 [DEBUG] Iter   20 | residual 2.728e-02 (Module: solver, Line: 328)
2026-02-26 16:18:49,228 [DEBUG] Iter   30 | residual 2.928e-02 (Module: solver, Line: 328)
2026-02-26 16:18:49,228 [DEBUG] Iter   40 | residual 3.077e-02 (Module: solver, Line: 328)
2026-02-26 16:18:49,229 [DEBUG] Iter   50 | residual 3.196e-02 (Module: solver, Line: 328)
2026-02-26 16:18:49,229 [DEBUG] Iter   60 | residual 3.292e-02 (Module: solver, Line: 328)
2026-02-26 16:18:49,229 [DEBUG] Iter   70 | residual 3.373e-02 (Module: solver, Line: 328)
2026-02-26 16:18:49,229 [DEBUG] Iter   80 | residual 3.443e-02 (Module: solver, Line: 328)
2026-02-26 16:18:49,229 [DEBUG] Iter   90 | residual 3.505e-02 (Module: solver, Line: 328)
2026-02-26 16:18:49,229 [DEBUG] Iter  100 | residual 3.560e-02 (Module: solver, Line: 328)
2026-02-26 16:18:49,229 [DEBUG] Iter  110 | residual 3.611e-02 (Module: solver, Line: 328)
2026-02-26 16:18:49,229 [DEBUG] Iter  120 | residual 3.658e-02 (Module: solver, Line: 328)
2026-02-26 16:18:49,229 [DEBUG] Iter  130 | residual 3.702e-02 (Module: solver, Line: 328)
2026-02-26 16:18:49,229 [DEBUG] Iter  140 | residual 3.744e-02 (Module: solver, Line: 328)
2026-02-26 16:18:49,229 [DEBUG] Iter  150 | residual 3.783e-02 (Module: solver, Line: 328)
2026-02-26 16:18:49,232 [DEBUG] Iter  160 | residual 3.820e-02 (Module: solver, Line: 328)
2026-02-26 16:18:49,232 [DEBUG] Iter  170 | residual 3.855e-02 (Module: solver, Line: 328)
2026-02-26 16:18:49,232 [DEBUG] Iter  180 | residual 3.889e-02 (Module: solver, Line: 328)
2026-02-26 16:18:49,232 [DEBUG] Iter  190 | residual 3.921e-02 (Module: solver, Line: 328)
2026-02-26 16:18:49,232 [DEBUG] Iter  200 | residual 3.952e-02 (Module: solver, Line: 328)
2026-02-26 16:18:49,232 [DEBUG] Iter  210 | residual 3.982e-02 (Module: solver, Line: 328)
2026-02-26 16:18:49,234 [DEBUG] Iter  220 | residual 4.010e-02 (Module: solver, Line: 328)
2026-02-26 16:18:49,234 [DEBUG] Iter  230 | residual 4.038e-02 (Module: solver, Line: 328)
2026-02-26 16:18:49,234 [DEBUG] Iter  240 | residual 4.064e-02 (Module: solver, Line: 328)
2026-02-26 16:18:49,234 [DEBUG] Iter  250 | residual 4.089e-02 (Module: solver, Line: 328)
2026-02-26 16:18:49,234 [DEBUG] Iter  260 | residual 4.114e-02 (Module: solver, Line: 328)
2026-02-26 16:18:49,234 [DEBUG] Iter  270 | residual 4.138e-02 (Module: solver, Line: 328)
2026-02-26 16:18:49,236 [DEBUG] Iter  280 | residual 4.161e-02 (Module: solver, Line: 328)
2026-02-26 16:18:49,236 [DEBUG] Iter  290 | residual 4.183e-02 (Module: solver, Line: 328)
2026-02-26 16:18:49,236 [DEBUG] Iter  300 | residual 4.204e-02 (Module: solver, Line: 328)
2026-02-26 16:18:49,236 [DEBUG] Iter  310 | residual 4.225e-02 (Module: solver, Line: 328)
2026-02-26 16:18:49,236 [DEBUG] Iter  320 | residual 4.246e-02 (Module: solver, Line: 328)
2026-02-26 16:18:49,236 [DEBUG] Iter  330 | residual 4.265e-02 (Module: solver, Line: 328)
2026-02-26 16:18:49,238 [DEBUG] Iter  340 | residual 4.285e-02 (Module: solver, Line: 328)
2026-02-26 16:18:49,239 [DEBUG] Iter  350 | residual 4.303e-02 (Module: solver, Line: 328)
2026-02-26 16:18:49,239 [DEBUG] Iter  360 | residual 4.322e-02 (Module: solver, Line: 328)
2026-02-26 16:18:49,239 [DEBUG] Iter  370 | residual 4.340e-02 (Module: solver, Line: 328)
2026-02-26 16:18:49,240 [DEBUG] Iter  380 | residual 4.357e-02 (Module: solver, Line: 328)
2026-02-26 16:18:49,240 [DEBUG] Iter  390 | residual 4.374e-02 (Module: solver, Line: 328)
2026-02-26 16:18:49,241 [DEBUG] Iter  400 | residual 4.390e-02 (Module: solver, Line: 328)
2026-02-26 16:18:49,241 [DEBUG] Iter  410 | residual 4.407e-02 (Module: solver, Line: 328)
2026-02-26 16:18:49,241 [DEBUG] Iter  420 | residual 4.423e-02 (Module: solver, Line: 328)
2026-02-26 16:18:49,242 [DEBUG] Iter  430 | residual 4.438e-02 (Module: solver, Line: 328)
2026-02-26 16:18:49,242 [DEBUG] Iter  440 | residual 4.453e-02 (Module: solver, Line: 328)
2026-02-26 16:18:49,242 [DEBUG] Iter  450 | residual 4.468e-02 (Module: solver, Line: 328)
2026-02-26 16:18:49,242 [DEBUG] Iter  460 | residual 4.483e-02 (Module: solver, Line: 328)
2026-02-26 16:18:49,243 [DEBUG] Iter  470 | residual 4.497e-02 (Module: solver, Line: 328)
2026-02-26 16:18:49,243 [DEBUG] Iter  480 | residual 4.511e-02 (Module: solver, Line: 328)
2026-02-26 16:18:49,243 [DEBUG] Iter  490 | residual 4.525e-02 (Module: solver, Line: 328)
2026-02-26 16:18:49,244 [DEBUG] Iter  500 | residual 4.539e-02 (Module: solver, Line: 328)
2026-02-26 16:18:49,244 [DEBUG] Iter  510 | residual 4.552e-02 (Module: solver, Line: 328)
2026-02-26 16:18:49,244 [DEBUG] Iter  520 | residual 4.565e-02 (Module: solver, Line: 328)
2026-02-26 16:18:49,244 [DEBUG] Iter  530 | residual 4.578e-02 (Module: solver, Line: 328)
2026-02-26 16:18:49,244 [DEBUG] Iter  540 | residual 4.591e-02 (Module: solver, Line: 328)
2026-02-26 16:18:49,244 [DEBUG] Iter  550 | residual 4.603e-02 (Module: solver, Line: 328)
2026-02-26 16:18:49,244 [DEBUG] Iter  560 | residual 4.615e-02 (Module: solver, Line: 328)
2026-02-26 16:18:49,246 [DEBUG] Iter  570 | residual 4.627e-02 (Module: solver, Line: 328)
2026-02-26 16:18:49,246 [DEBUG] Iter  580 | residual 4.639e-02 (Module: solver, Line: 328)
2026-02-26 16:18:49,247 [DEBUG] Iter  590 | residual 4.651e-02 (Module: solver, Line: 328)
2026-02-26 16:18:49,247 [DEBUG] Iter  600 | residual 4.662e-02 (Module: solver, Line: 328)
2026-02-26 16:18:49,247 [DEBUG] Iter  610 | residual 4.674e-02 (Module: solver, Line: 328)
2026-02-26 16:18:49,247 [DEBUG] Iter  620 | residual 4.685e-02 (Module: solver, Line: 328)
2026-02-26 16:18:49,248 [DEBUG] Iter  630 | residual 4.696e-02 (Module: solver, Line: 328)
2026-02-26 16:18:49,248 [DEBUG] Iter  640 | residual 4.706e-02 (Module: solver, Line: 328)
2026-02-26 16:18:49,249 [DEBUG] Iter  650 | residual 4.717e-02 (Module: solver, Line: 328)
2026-02-26 16:18:49,249 [DEBUG] Iter  660 | residual 4.728e-02 (Module: solver, Line: 328)
2026-02-26 16:18:49,249 [DEBUG] Iter  670 | residual 4.738e-02 (Module: solver, Line: 328)
2026-02-26 16:18:49,250 [DEBUG] Iter  680 | residual 4.748e-02 (Module: solver, Line: 328)
2026-02-26 16:18:49,250 [DEBUG] Iter  690 | residual 4.758e-02 (Module: solver, Line: 328)
2026-02-26 16:18:49,250 [DEBUG] Iter  700 | residual 4.768e-02 (Module: solver, Line: 328)
2026-02-26 16:18:49,251 [DEBUG] Iter  710 | residual 4.778e-02 (Module: solver, Line: 328)
2026-02-26 16:18:49,251 [DEBUG] Iter  720 | residual 4.788e-02 (Module: solver, Line: 328)
2026-02-26 16:18:49,251 [DEBUG] Iter  730 | residual 4.797e-02 (Module: solver, Line: 328)
2026-02-26 16:18:49,252 [DEBUG] Iter  740 | residual 4.807e-02 (Module: solver, Line: 328)
2026-02-26 16:18:49,252 [DEBUG] Iter  750 | residual 4.816e-02 (Module: solver, Line: 328)
2026-02-26 16:18:49,252 [DEBUG] Iter  760 | residual 4.825e-02 (Module: solver, Line: 328)
2026-02-26 16:18:49,252 [DEBUG] Iter  770 | residual 4.834e-02 (Module: solver, Line: 328)
2026-02-26 16:18:49,252 [DEBUG] Iter  780 | residual 4.843e-02 (Module: solver, Line: 328)
2026-02-26 16:18:49,252 [DEBUG] Iter  790 | residual 4.852e-02 (Module: solver, Line: 328)
2026-02-26 16:18:49,252 [DEBUG] Iter  800 | residual 4.860e-02 (Module: solver, Line: 328)
2026-02-26 16:18:49,252 [DEBUG] Iter  810 | residual 4.869e-02 (Module: solver, Line: 328)
2026-02-26 16:18:49,252 [DEBUG] Iter  820 | residual 4.877e-02 (Module: solver, Line: 328)
2026-02-26 16:18:49,252 [DEBUG] Iter  830 | residual 4.886e-02 (Module: solver, Line: 328)
2026-02-26 16:18:49,252 [DEBUG] Iter  840 | residual 4.894e-02 (Module: solver, Line: 328)
2026-02-26 16:18:49,252 [DEBUG] Iter  850 | residual 4.902e-02 (Module: solver, Line: 328)
2026-02-26 16:18:49,252 [DEBUG] Iter  860 | residual 4.910e-02 (Module: solver, Line: 328)
2026-02-26 16:18:49,252 [DEBUG] Iter  870 | residual 4.918e-02 (Module: solver, Line: 328)
2026-02-26 16:18:49,252 [DEBUG] Iter  880 | residual 4.926e-02 (Module: solver, Line: 328)
2026-02-26 16:18:49,252 [DEBUG] Iter  890 | residual 4.934e-02 (Module: solver, Line: 328)
2026-02-26 16:18:49,252 [DEBUG] Iter  900 | residual 4.941e-02 (Module: solver, Line: 328)
2026-02-26 16:18:49,252 [DEBUG] Iter  910 | residual 4.949e-02 (Module: solver, Line: 328)
2026-02-26 16:18:49,252 [DEBUG] Iter  920 | residual 4.956e-02 (Module: solver, Line: 328)
2026-02-26 16:18:49,252 [DEBUG] Iter  930 | residual 4.963e-02 (Module: solver, Line: 328)
2026-02-26 16:18:49,252 [DEBUG] Iter  940 | residual 4.971e-02 (Module: solver, Line: 328)
2026-02-26 16:18:49,252 [DEBUG] Iter  950 | residual 4.978e-02 (Module: solver, Line: 328)
2026-02-26 16:18:49,252 [DEBUG] Iter  960 | residual 4.985e-02 (Module: solver, Line: 328)
2026-02-26 16:18:49,252 [DEBUG] Iter  970 | residual 4.992e-02 (Module: solver, Line: 328)
2026-02-26 16:18:49,252 [DEBUG] Iter  980 | residual 4.999e-02 (Module: solver, Line: 328)
2026-02-26 16:18:49,252 [DEBUG] Iter  990 | residual 5.006e-02 (Module: solver, Line: 328)
2026-02-26 16:18:49,252 [DEBUG] Iter 1000 | residual 5.012e-02 (Module: solver, Line: 328)
2026-02-26 16:18:49,252 [WARNING] Solver info=1000 (not converged). (Module: solver, Line: 344)
2026-02-26 16:18:49,252 [INFO] Retrying with ILU preconditioner … (Module: solver, Line: 351)
2026-02-26 16:18:49,252 [DEBUG] Building ILU (drop_tol=1e-06, fill_factor=1.0) (Module: solver, Line: 77)
2026-02-26 16:18:49,252 [DEBUG] ILU fill-ratio = 1.03 (Module: solver, Line: 82)
2026-02-26 16:18:49,252 [DEBUG] Iter 1010 | residual 2.362e-02 (Module: solver, Line: 328)
2026-02-26 16:18:49,252 [DEBUG] Iter 1020 | residual 2.728e-02 (Module: solver, Line: 328)
2026-02-26 16:18:49,262 [DEBUG] Iter 1030 | residual 2.928e-02 (Module: solver, Line: 328)
2026-02-26 16:18:49,262 [DEBUG] Iter 1040 | residual 3.077e-02 (Module: solver, Line: 328)
2026-02-26 16:18:49,263 [DEBUG] Iter 1050 | residual 3.196e-02 (Module: solver, Line: 328)
2026-02-26 16:18:49,264 [DEBUG] Iter 1060 | residual 3.292e-02 (Module: solver, Line: 328)
2026-02-26 16:18:49,264 [DEBUG] Iter 1070 | residual 3.373e-02 (Module: solver, Line: 328)
2026-02-26 16:18:49,264 [DEBUG] Iter 1080 | residual 3.443e-02 (Module: solver, Line: 328)
2026-02-26 16:18:49,264 [DEBUG] Iter 1090 | residual 3.505e-02 (Module: solver, Line: 328)
2026-02-26 16:18:49,264 [DEBUG] Iter 1100 | residual 3.560e-02 (Module: solver, Line: 328)
2026-02-26 16:18:49,264 [DEBUG] Iter 1110 | residual 3.611e-02 (Module: solver, Line: 328)
2026-02-26 16:18:49,264 [DEBUG] Iter 1120 | residual 3.658e-02 (Module: solver, Line: 328)
2026-02-26 16:18:49,264 [DEBUG] Iter 1130 | residual 3.702e-02 (Module: solver, Line: 328)
2026-02-26 16:18:49,264 [DEBUG] Iter 1140 | residual 3.744e-02 (Module: solver, Line: 328)
2026-02-26 16:18:49,264 [DEBUG] Iter 1150 | residual 3.783e-02 (Module: solver, Line: 328)
2026-02-26 16:18:49,264 [DEBUG] Iter 1160 | residual 3.820e-02 (Module: solver, Line: 328)
2026-02-26 16:18:49,264 [DEBUG] Iter 1170 | residual 3.855e-02 (Module: solver, Line: 328)
2026-02-26 16:18:49,264 [DEBUG] Iter 1180 | residual 3.889e-02 (Module: solver, Line: 328)
2026-02-26 16:18:49,264 [DEBUG] Iter 1190 | residual 3.921e-02 (Module: solver, Line: 328)
2026-02-26 16:18:49,264 [DEBUG] Iter 1200 | residual 3.952e-02 (Module: solver, Line: 328)
2026-02-26 16:18:49,264 [DEBUG] Iter 1210 | residual 3.982e-02 (Module: solver, Line: 328)
2026-02-26 16:18:49,264 [DEBUG] Iter 1220 | residual 4.010e-02 (Module: solver, Line: 328)
2026-02-26 16:18:49,264 [DEBUG] Iter 1230 | residual 4.038e-02 (Module: solver, Line: 328)
2026-02-26 16:18:49,264 [DEBUG] Iter 1240 | residual 4.064e-02 (Module: solver, Line: 328)
2026-02-26 16:18:49,264 [DEBUG] Iter 1250 | residual 4.089e-02 (Module: solver, Line: 328)
2026-02-26 16:18:49,264 [DEBUG] Iter 1260 | residual 4.114e-02 (Module: solver, Line: 328)
2026-02-26 16:18:49,264 [DEBUG] Iter 1270 | residual 4.138e-02 (Module: solver, Line: 328)
2026-02-26 16:18:49,264 [DEBUG] Iter 1280 | residual 4.161e-02 (Module: solver, Line: 328)
2026-02-26 16:18:49,264 [DEBUG] Iter 1290 | residual 4.183e-02 (Module: solver, Line: 328)
2026-02-26 16:18:49,264 [DEBUG] Iter 1300 | residual 4.204e-02 (Module: solver, Line: 328)
2026-02-26 16:18:49,264 [DEBUG] Iter 1310 | residual 4.225e-02 (Module: solver, Line: 328)
2026-02-26 16:18:49,264 [DEBUG] Iter 1320 | residual 4.246e-02 (Module: solver, Line: 328)
2026-02-26 16:18:49,273 [DEBUG] Iter 1330 | residual 4.265e-02 (Module: solver, Line: 328)
2026-02-26 16:18:49,273 [DEBUG] Iter 1340 | residual 4.285e-02 (Module: solver, Line: 328)
2026-02-26 16:18:49,273 [DEBUG] Iter 1350 | residual 4.303e-02 (Module: solver, Line: 328)
2026-02-26 16:18:49,273 [DEBUG] Iter 1360 | residual 4.322e-02 (Module: solver, Line: 328)
2026-02-26 16:18:49,273 [DEBUG] Iter 1370 | residual 4.340e-02 (Module: solver, Line: 328)
2026-02-26 16:18:49,273 [DEBUG] Iter 1380 | residual 4.357e-02 (Module: solver, Line: 328)
2026-02-26 16:18:49,273 [DEBUG] Iter 1390 | residual 4.374e-02 (Module: solver, Line: 328)
2026-02-26 16:18:49,275 [DEBUG] Iter 1400 | residual 4.390e-02 (Module: solver, Line: 328)
2026-02-26 16:18:49,275 [DEBUG] Iter 1410 | residual 4.407e-02 (Module: solver, Line: 328)
2026-02-26 16:18:49,275 [DEBUG] Iter 1420 | residual 4.423e-02 (Module: solver, Line: 328)
2026-02-26 16:18:49,275 [DEBUG] Iter 1430 | residual 4.438e-02 (Module: solver, Line: 328)
2026-02-26 16:18:49,275 [DEBUG] Iter 1440 | residual 4.453e-02 (Module: solver, Line: 328)
2026-02-26 16:18:49,275 [DEBUG] Iter 1450 | residual 4.468e-02 (Module: solver, Line: 328)
2026-02-26 16:18:49,275 [DEBUG] Iter 1460 | residual 4.483e-02 (Module: solver, Line: 328)
2026-02-26 16:18:49,275 [DEBUG] Iter 1470 | residual 4.497e-02 (Module: solver, Line: 328)
2026-02-26 16:18:49,275 [DEBUG] Iter 1480 | residual 4.511e-02 (Module: solver, Line: 328)
2026-02-26 16:18:49,275 [DEBUG] Iter 1490 | residual 4.525e-02 (Module: solver, Line: 328)
2026-02-26 16:18:49,275 [DEBUG] Iter 1500 | residual 4.539e-02 (Module: solver, Line: 328)
2026-02-26 16:18:49,275 [DEBUG] Iter 1510 | residual 4.552e-02 (Module: solver, Line: 328)
2026-02-26 16:18:49,275 [DEBUG] Iter 1520 | residual 4.565e-02 (Module: solver, Line: 328)
2026-02-26 16:18:49,275 [DEBUG] Iter 1530 | residual 4.578e-02 (Module: solver, Line: 328)
2026-02-26 16:18:49,279 [DEBUG] Iter 1540 | residual 4.591e-02 (Module: solver, Line: 328)
2026-02-26 16:18:49,279 [DEBUG] Iter 1550 | residual 4.603e-02 (Module: solver, Line: 328)
2026-02-26 16:18:49,280 [DEBUG] Iter 1560 | residual 4.615e-02 (Module: solver, Line: 328)
2026-02-26 16:18:49,280 [DEBUG] Iter 1570 | residual 4.627e-02 (Module: solver, Line: 328)
2026-02-26 16:18:49,280 [DEBUG] Iter 1580 | residual 4.639e-02 (Module: solver, Line: 328)
2026-02-26 16:18:49,281 [DEBUG] Iter 1590 | residual 4.651e-02 (Module: solver, Line: 328)
2026-02-26 16:18:49,281 [DEBUG] Iter 1600 | residual 4.662e-02 (Module: solver, Line: 328)
2026-02-26 16:18:49,281 [DEBUG] Iter 1610 | residual 4.674e-02 (Module: solver, Line: 328)
2026-02-26 16:18:49,281 [DEBUG] Iter 1620 | residual 4.685e-02 (Module: solver, Line: 328)
2026-02-26 16:18:49,282 [DEBUG] Iter 1630 | residual 4.696e-02 (Module: solver, Line: 328)
2026-02-26 16:18:49,282 [DEBUG] Iter 1640 | residual 4.706e-02 (Module: solver, Line: 328)
2026-02-26 16:18:49,282 [DEBUG] Iter 1650 | residual 4.717e-02 (Module: solver, Line: 328)
2026-02-26 16:18:49,283 [DEBUG] Iter 1660 | residual 4.728e-02 (Module: solver, Line: 328)
2026-02-26 16:18:49,283 [DEBUG] Iter 1670 | residual 4.738e-02 (Module: solver, Line: 328)
2026-02-26 16:18:49,283 [DEBUG] Iter 1680 | residual 4.748e-02 (Module: solver, Line: 328)
2026-02-26 16:18:49,284 [DEBUG] Iter 1690 | residual 4.758e-02 (Module: solver, Line: 328)
2026-02-26 16:18:49,284 [DEBUG] Iter 1700 | residual 4.768e-02 (Module: solver, Line: 328)
2026-02-26 16:18:49,284 [DEBUG] Iter 1710 | residual 4.778e-02 (Module: solver, Line: 328)
2026-02-26 16:18:49,285 [DEBUG] Iter 1720 | residual 4.788e-02 (Module: solver, Line: 328)
2026-02-26 16:18:49,285 [DEBUG] Iter 1730 | residual 4.797e-02 (Module: solver, Line: 328)
2026-02-26 16:18:49,285 [DEBUG] Iter 1740 | residual 4.807e-02 (Module: solver, Line: 328)
2026-02-26 16:18:49,286 [DEBUG] Iter 1750 | residual 4.816e-02 (Module: solver, Line: 328)
2026-02-26 16:18:49,286 [DEBUG] Iter 1760 | residual 4.825e-02 (Module: solver, Line: 328)
2026-02-26 16:18:49,286 [DEBUG] Iter 1770 | residual 4.834e-02 (Module: solver, Line: 328)
2026-02-26 16:18:49,286 [DEBUG] Iter 1780 | residual 4.843e-02 (Module: solver, Line: 328)
2026-02-26 16:18:49,287 [DEBUG] Iter 1790 | residual 4.852e-02 (Module: solver, Line: 328)
2026-02-26 16:18:49,287 [DEBUG] Iter 1800 | residual 4.860e-02 (Module: solver, Line: 328)
2026-02-26 16:18:49,287 [DEBUG] Iter 1810 | residual 4.869e-02 (Module: solver, Line: 328)
2026-02-26 16:18:49,288 [DEBUG] Iter 1820 | residual 4.877e-02 (Module: solver, Line: 328)
2026-02-26 16:18:49,288 [DEBUG] Iter 1830 | residual 4.886e-02 (Module: solver, Line: 328)
2026-02-26 16:18:49,288 [DEBUG] Iter 1840 | residual 4.894e-02 (Module: solver, Line: 328)
2026-02-26 16:18:49,289 [DEBUG] Iter 1850 | residual 4.902e-02 (Module: solver, Line: 328)
2026-02-26 16:18:49,289 [DEBUG] Iter 1860 | residual 4.910e-02 (Module: solver, Line: 328)
2026-02-26 16:18:49,289 [DEBUG] Iter 1870 | residual 4.918e-02 (Module: solver, Line: 328)
2026-02-26 16:18:49,289 [DEBUG] Iter 1880 | residual 4.926e-02 (Module: solver, Line: 328)
2026-02-26 16:18:49,290 [DEBUG] Iter 1890 | residual 4.934e-02 (Module: solver, Line: 328)
2026-02-26 16:18:49,290 [DEBUG] Iter 1900 | residual 4.941e-02 (Module: solver, Line: 328)
2026-02-26 16:18:49,290 [DEBUG] Iter 1910 | residual 4.949e-02 (Module: solver, Line: 328)
2026-02-26 16:18:49,291 [DEBUG] Iter 1920 | residual 4.956e-02 (Module: solver, Line: 328)
2026-02-26 16:18:49,291 [DEBUG] Iter 1930 | residual 4.963e-02 (Module: solver, Line: 328)
2026-02-26 16:18:49,291 [DEBUG] Iter 1940 | residual 4.971e-02 (Module: solver, Line: 328)
2026-02-26 16:18:49,292 [DEBUG] Iter 1950 | residual 4.978e-02 (Module: solver, Line: 328)
2026-02-26 16:18:49,292 [DEBUG] Iter 1960 | residual 4.985e-02 (Module: solver, Line: 328)
2026-02-26 16:18:49,292 [DEBUG] Iter 1970 | residual 4.992e-02 (Module: solver, Line: 328)
2026-02-26 16:18:49,293 [DEBUG] Iter 1980 | residual 4.999e-02 (Module: solver, Line: 328)
2026-02-26 16:18:49,293 [DEBUG] Iter 1990 | residual 5.006e-02 (Module: solver, Line: 328)
2026-02-26 16:18:49,293 [DEBUG] Iter 2000 | residual 5.012e-02 (Module: solver, Line: 328)
2026-02-26 16:18:49,293 [WARNING] Solver info=1000 (not converged). (Module: solver, Line: 344)
2026-02-26 16:18:49,293 [INFO] Switching to direct SuperLU fall-back. (Module: solver, Line: 359)
2026-02-26 16:18:49,293 [DEBUG] Using SuperLU direct solver (Module: solver, Line: 306)
2026-02-26 16:18:49,294 [INFO] Condensed residual norm: 9.402e-03 (Module: solver, Line: 204)
2026-02-26 16:18:49,294 [WARNING] Residual is high – verify model! (Module: solver, Line: 207)
2026-02-26 16:18:49,294 [INFO] 📊 Condensed solver report: (Module: solver, Line: 384)
2026-02-26 16:18:49,294 [INFO]  • dofs: 192 (Module: solver, Line: 386)
2026-02-26 16:18:49,294 [INFO]  • nnz: 816 (Module: solver, Line: 386)
2026-02-26 16:18:49,294 [INFO]  • density: 0.022135416666666668 (Module: solver, Line: 386)
2026-02-26 16:18:49,294 [INFO]  • condition_est: 1.0174965732635104 (Module: solver, Line: 386)
2026-02-26 16:18:49,295 [INFO]  • solve_phases: {'iterative': 0.03216270000029908, 'factorization': 0.0002715999999054475, 'solution': 0.00030080000033194665} (Module: solver, Line: 386)
2026-02-26 16:18:49,295 [INFO]  • iters: 2000 (Module: solver, Line: 386)
2026-02-26 16:18:49,295 [INFO]  • final_residual: 0.05012438857106017 (Module: solver, Line: 386)
