--------------------------------------------------------------------------
### Global System

                   │ CURRENT            │ EVOLUTION         
Equations          │ 198                │ 198               
Dirichlet          │ 0                  │ 0                 
Eliminated         │ 0                  │ 0                 
Unknowns           │ 198                │ 198               
nnz                │ 970                │ 970               
Density            │ 2.47e-02           │ 2.47e-02          
Zero rows          │ 0                  │ 0                 
Zero cols          │ 0                  │ 0                 
Bandwidth          │ 10                 │ 10                
Symmetric          │ yes                │ yes               
Rank               │ 192                │ 192               
Cond-no            │ 2.6e+18            │ 2.6e+18           
λmin/λmax          │ -2.5e-07/1.8e+10   │ -2.5e-07/1.8e+10  
Inertia            │ 195/3/0            │ 195/3/0           
b-min/max          │ -5.0e+02/0.0e+00   │ -5.0e+02/0.0e+00  
Σb                 │ -5.0e+02           │ -5.0e+02          
Top|b|             │ 193:-5.0e+02, 0:0.0e+00, 2:0.0e+00 │ 193:-5.0e+02, 0:0.0e+00, 2:0.0e+00

2026-02-26 16:18:14,735 [INFO] 🩺  Global System diagnostics appended → C:\Users\s1834431\Programs\fem_model\post_processing\results\job_0006_n32_2026-02-26_16-18-11-602921_pid18316_098a30fe\diagnostics\DiagnoseLinearStaticSystem.log
--------------------------------------------------------------------------
### Modified System

                   │ CURRENT            │ EVOLUTION         
Equations          │ 198                │ 198               
Dirichlet          │ 0                  │ 6                 
Eliminated         │ 0                  │ 0                 
Unknowns           │ 198                │ 192               
nnz                │ 946                │ 970               
Density            │ 2.41e-02           │ 2.47e-02          
Zero rows          │ 0                  │ 0                 
Zero cols          │ 0                  │ 0                 
Bandwidth          │ 10                 │ 10                
Symmetric          │ yes                │ yes               
Rank               │ 6                  │ 192               
Cond-no            │ 1.3e+34            │ 2.6e+18           
λmin/λmax          │ 7.9e+01/1.0e+36    │ -2.5e-07/1.8e+10  
Inertia            │ 198/0/0            │ 195/3/0           
b-min/max          │ -5.0e+02/0.0e+00   │ -5.0e+02/0.0e+00  
Σb                 │ -5.0e+02           │ -5.0e+02          
Top|b|             │ 193:-5.0e+02, 0:0.0e+00, 2:0.0e+00 │ 193:-5.0e+02, 0:0.0e+00, 2:0.0e+00

2026-02-26 16:18:15,175 [INFO] 🩺  Modified System diagnostics appended → C:\Users\s1834431\Programs\fem_model\post_processing\results\job_0006_n32_2026-02-26_16-18-11-602921_pid18316_098a30fe\diagnostics\DiagnoseLinearStaticSystem.log
--------------------------------------------------------------------------
### Condensed System

                   │ CURRENT            │ EVOLUTION         
Equations          │ 192                │ 198               
Dirichlet          │ 0                  │ 6                 
Eliminated         │ 0                  │ 6                 
Unknowns           │ 192                │ 186               
nnz                │ 940                │ 970               
Density            │ 2.55e-02           │ 2.47e-02          
Zero rows          │ 0                  │ 0                 
Zero cols          │ 0                  │ 0                 
Bandwidth          │ 10                 │ 10                
Symmetric          │ yes                │ yes               
Rank               │ 192                │ 192               
Cond-no            │ 2.2e+08            │ 2.6e+18           
λmin/λmax          │ 7.9e+01/1.8e+10    │ -2.5e-07/1.8e+10  
Inertia            │ 192/0/0            │ 195/3/0           
b-min/max          │ -5.0e+02/0.0e+00   │ -5.0e+02/0.0e+00  
Σb                 │ -5.0e+02           │ -5.0e+02          
Top|b|             │ 187:-5.0e+02, 0:0.0e+00, 2:0.0e+00 │ 193:-5.0e+02, 0:0.0e+00, 2:0.0e+00

2026-02-26 16:18:15,624 [INFO] 🩺  Condensed System diagnostics appended → C:\Users\s1834431\Programs\fem_model\post_processing\results\job_0006_n32_2026-02-26_16-18-11-602921_pid18316_098a30fe\diagnostics\DiagnoseLinearStaticSystem.log
