--------------------------------------------------------------------------
Machine specifications – written 2026-02-26 16:18:13.792979
OS          : Windows 11 (10.0.26100)
CPU         : 12th Gen Intel(R) Core(TM) i7-12700
   logical  : 20
   physical : 12
RAM         : 31.24 GB
Disk        : 943.72 GB total  /  2.52 GB free
Python      : 3.12.5  (C:\Users\s1834431\AppData\Local\Programs\Python\Python312\python.exe)
GPU(s)      : Intel(R) UHD Graphics 770
--------------------------------------------------------------------------

Runtime telemetry header written → C:\Users\s1834431\Programs\fem_model\post_processing\results\job_0006_n32_2026-02-26_16-18-11-602921_pid18316_098a30fe\diagnostics\RuntimeMonitorTelemetry.log
2026-02-26 16:18:14 │ PrepareLocalSystem BEGIN   │ Δt  0.00 s │ RAM   134.9 MB │ CPU  23.3 % │ Disk  941.2 GB
2026-02-26 16:18:14 │ PrepareLocalSystem END     │ Δt  0.20 s │ RAM   134.9 MB │ CPU  22.2 % │ Disk  941.2 GB
2026-02-26 16:18:14 │ AssembleGlobalSystem BEGIN │ Δt  0.20 s │ RAM   134.9 MB │ CPU  16.7 % │ Disk  941.2 GB
2026-02-26 16:18:14 │ AssembleGlobalSystem END   │ Δt  0.22 s │ RAM   134.9 MB │ CPU  18.5 % │ Disk  941.2 GB
2026-02-26 16:18:14 │ ModifyGlobalSystem BEGIN   │ Δt  0.23 s │ RAM   134.9 MB │ CPU  11.1 % │ Disk  941.2 GB
2026-02-26 16:18:15 │ ModifyGlobalSystem END     │ Δt  0.22 s │ RAM   134.9 MB │ CPU  11.3 % │ Disk  941.2 GB
2026-02-26 16:18:15 │ CondenseModifiedSystem BEGIN │ Δt  0.22 s │ RAM   134.9 MB │ CPU   9.3 % │ Disk  941.2 GB
2026-02-26 16:18:15 │ CondenseModifiedSystem END │ Δt  0.22 s │ RAM   134.9 MB │ CPU  10.3 % │ Disk  941.2 GB
2026-02-26 16:18:15 │ SolveCondensedSystem BEGIN │ Δt  0.23 s │ RAM   134.9 MB │ CPU  14.5 % │ Disk  941.2 GB
2026-02-26 16:18:16 │ SolveCondensedSystem END   │ Δt  0.27 s │ RAM   134.9 MB │ CPU  13.0 % │ Disk  941.2 GB
2026-02-26 16:18:16 │ ReconstructGlobalSystem BEGIN │ Δt  0.20 s │ RAM   134.9 MB │ CPU   2.1 % │ Disk  941.2 GB
2026-02-26 16:18:16 │ ReconstructGlobalSystem END │ Δt  0.22 s │ RAM   134.9 MB │ CPU   7.1 % │ Disk  941.2 GB
2026-02-26 16:18:16 │ ComputePrimaryResults BEGIN │ Δt  0.20 s │ RAM   134.9 MB │ CPU  16.3 % │ Disk  941.2 GB
2026-02-26 16:18:17 │ ComputePrimaryResults END  │ Δt  0.40 s │ RAM   134.9 MB │ CPU  28.4 % │ Disk  941.2 GB
2026-02-26 16:18:17 │ SaveFormulationCache BEGIN │ Δt  0.20 s │ RAM   134.9 MB │ CPU  23.4 % │ Disk  941.2 GB
2026-02-26 16:18:17 │ SaveFormulationCache END   │ Δt  0.25 s │ RAM   134.9 MB │ CPU  20.5 % │ Disk  941.2 GB
2026-02-26 16:18:17 │ ComputeSecondaryResults BEGIN │ Δt  0.20 s │ RAM   134.9 MB │ CPU  13.8 % │ Disk  941.2 GB
2026-02-26 16:18:18 │ ComputeSecondaryResults END │ Δt  0.24 s │ RAM   134.9 MB │ CPU  29.3 % │ Disk  941.2 GB
2026-02-26 16:18:18 │ ComputeTertiaryResults BEGIN │ Δt  0.20 s │ RAM   134.9 MB │ CPU  22.8 % │ Disk  941.2 GB
2026-02-26 16:18:18 │ ComputeTertiaryResults END │ Δt  0.25 s │ RAM   134.9 MB │ CPU  29.4 % │ Disk  941.2 GB
