--------------------------------------------------------------------------
Machine specifications – written 2026-02-26 16:18:47.184754
OS          : Windows 11 (10.0.26100)
CPU         : 12th Gen Intel(R) Core(TM) i7-12700
   logical  : 20
   physical : 12
RAM         : 31.24 GB
Disk        : 943.72 GB total  /  2.51 GB free
Python      : 3.12.5  (C:\Users\s1834431\AppData\Local\Programs\Python\Python312\python.exe)
GPU(s)      : Intel(R) UHD Graphics 770
--------------------------------------------------------------------------

Runtime telemetry header written → C:\Users\s1834431\Programs\fem_model\post_processing\results\job_0008_n32_2026-02-26_16-18-45-012791_pid18316_cf7bef75\diagnostics\RuntimeMonitorTelemetry.log
2026-02-26 16:18:47 │ PrepareLocalSystem BEGIN   │ Δt  0.00 s │ RAM   136.2 MB │ CPU  16.0 % │ Disk  941.2 GB
2026-02-26 16:18:47 │ PrepareLocalSystem END     │ Δt  0.21 s │ RAM   136.2 MB │ CPU  22.4 % │ Disk  941.2 GB
2026-02-26 16:18:47 │ AssembleGlobalSystem BEGIN │ Δt  0.20 s │ RAM   136.2 MB │ CPU  10.0 % │ Disk  941.2 GB
2026-02-26 16:18:48 │ AssembleGlobalSystem END   │ Δt  0.22 s │ RAM   136.2 MB │ CPU  20.8 % │ Disk  941.2 GB
2026-02-26 16:18:48 │ ModifyGlobalSystem BEGIN   │ Δt  0.22 s │ RAM   136.2 MB │ CPU   9.7 % │ Disk  941.2 GB
2026-02-26 16:18:48 │ ModifyGlobalSystem END     │ Δt  0.22 s │ RAM   136.2 MB │ CPU   7.9 % │ Disk  941.2 GB
2026-02-26 16:18:48 │ CondenseModifiedSystem BEGIN │ Δt  0.23 s │ RAM   136.2 MB │ CPU  10.4 % │ Disk  941.2 GB
2026-02-26 16:18:48 │ CondenseModifiedSystem END │ Δt  0.22 s │ RAM   136.2 MB │ CPU   8.4 % │ Disk  941.2 GB
2026-02-26 16:18:49 │ SolveCondensedSystem BEGIN │ Δt  0.23 s │ RAM   136.2 MB │ CPU  10.3 % │ Disk  941.2 GB
2026-02-26 16:18:49 │ SolveCondensedSystem END   │ Δt  0.27 s │ RAM   136.2 MB │ CPU   2.7 % │ Disk  941.2 GB
2026-02-26 16:18:49 │ ReconstructGlobalSystem BEGIN │ Δt  0.20 s │ RAM   136.2 MB │ CPU   2.9 % │ Disk  941.2 GB
2026-02-26 16:18:49 │ ReconstructGlobalSystem END │ Δt  0.21 s │ RAM   136.2 MB │ CPU   6.0 % │ Disk  941.2 GB
2026-02-26 16:18:50 │ ComputePrimaryResults BEGIN │ Δt  0.20 s │ RAM   136.2 MB │ CPU  19.7 % │ Disk  941.2 GB
2026-02-26 16:18:50 │ ComputePrimaryResults END  │ Δt  0.36 s │ RAM   136.2 MB │ CPU  23.3 % │ Disk  941.2 GB
2026-02-26 16:18:50 │ SaveFormulationCache BEGIN │ Δt  0.20 s │ RAM   136.2 MB │ CPU  32.2 % │ Disk  941.2 GB
2026-02-26 16:18:50 │ SaveFormulationCache END   │ Δt  0.25 s │ RAM   136.2 MB │ CPU  17.9 % │ Disk  941.2 GB
2026-02-26 16:18:51 │ ComputeSecondaryResults BEGIN │ Δt  0.20 s │ RAM   136.2 MB │ CPU  10.8 % │ Disk  941.2 GB
2026-02-26 16:18:51 │ ComputeSecondaryResults END │ Δt  0.24 s │ RAM   136.2 MB │ CPU  24.9 % │ Disk  941.2 GB
2026-02-26 16:18:51 │ ComputeTertiaryResults BEGIN │ Δt  0.20 s │ RAM   136.2 MB │ CPU  31.0 % │ Disk  941.2 GB
2026-02-26 16:18:51 │ ComputeTertiaryResults END │ Δt  0.26 s │ RAM   136.2 MB │ CPU  21.4 % │ Disk  941.2 GB
