--------------------------------------------------------------------------
Machine specifications – written 2026-02-26 16:17:26.441653
OS          : Windows 11 (10.0.26100)
CPU         : 12th Gen Intel(R) Core(TM) i7-12700
   logical  : 20
   physical : 12
RAM         : 31.24 GB
Disk        : 943.72 GB total  /  2.58 GB free
Python      : 3.12.5  (C:\Users\s1834431\AppData\Local\Programs\Python\Python312\python.exe)
GPU(s)      : Intel(R) UHD Graphics 770
--------------------------------------------------------------------------

Runtime telemetry header written → C:\Users\s1834431\Programs\fem_model\post_processing\results\job_0003_n32_2026-02-26_16-17-24-233500_pid18316_1d7b3738\diagnostics\RuntimeMonitorTelemetry.log
2026-02-26 16:17:26 │ PrepareLocalSystem BEGIN   │ Δt  0.00 s │ RAM   132.7 MB │ CPU  19.2 % │ Disk  941.1 GB
2026-02-26 16:17:26 │ PrepareLocalSystem END     │ Δt  0.21 s │ RAM   132.7 MB │ CPU  31.2 % │ Disk  941.1 GB
2026-02-26 16:17:27 │ AssembleGlobalSystem BEGIN │ Δt  0.20 s │ RAM   132.7 MB │ CPU  23.3 % │ Disk  941.1 GB
2026-02-26 16:17:27 │ AssembleGlobalSystem END   │ Δt  0.22 s │ RAM   132.7 MB │ CPU  16.0 % │ Disk  941.1 GB
2026-02-26 16:17:27 │ ModifyGlobalSystem BEGIN   │ Δt  0.23 s │ RAM   133.2 MB │ CPU  17.0 % │ Disk  941.1 GB
2026-02-26 16:17:27 │ ModifyGlobalSystem END     │ Δt  0.22 s │ RAM   133.2 MB │ CPU   9.7 % │ Disk  941.1 GB
2026-02-26 16:17:28 │ CondenseModifiedSystem BEGIN │ Δt  0.22 s │ RAM   133.2 MB │ CPU  10.2 % │ Disk  941.1 GB
2026-02-26 16:17:28 │ CondenseModifiedSystem END │ Δt  0.22 s │ RAM   133.2 MB │ CPU  10.5 % │ Disk  941.1 GB
2026-02-26 16:17:28 │ SolveCondensedSystem BEGIN │ Δt  0.24 s │ RAM   133.2 MB │ CPU   9.2 % │ Disk  941.1 GB
2026-02-26 16:17:28 │ SolveCondensedSystem END   │ Δt  0.27 s │ RAM   133.2 MB │ CPU   9.1 % │ Disk  941.1 GB
2026-02-26 16:17:28 │ ReconstructGlobalSystem BEGIN │ Δt  0.20 s │ RAM   133.2 MB │ CPU  11.8 % │ Disk  941.1 GB
2026-02-26 16:17:29 │ ReconstructGlobalSystem END │ Δt  0.21 s │ RAM   133.2 MB │ CPU  16.2 % │ Disk  941.1 GB
2026-02-26 16:17:29 │ ComputePrimaryResults BEGIN │ Δt  0.20 s │ RAM   133.2 MB │ CPU   6.3 % │ Disk  941.1 GB
2026-02-26 16:17:29 │ ComputePrimaryResults END  │ Δt  0.35 s │ RAM   133.2 MB │ CPU  20.9 % │ Disk  941.1 GB
2026-02-26 16:17:29 │ SaveFormulationCache BEGIN │ Δt  0.20 s │ RAM   133.2 MB │ CPU  26.7 % │ Disk  941.1 GB
2026-02-26 16:17:30 │ SaveFormulationCache END   │ Δt  0.31 s │ RAM   133.2 MB │ CPU  22.2 % │ Disk  941.1 GB
2026-02-26 16:17:30 │ ComputeSecondaryResults BEGIN │ Δt  0.20 s │ RAM   133.2 MB │ CPU  12.1 % │ Disk  941.1 GB
2026-02-26 16:17:30 │ ComputeSecondaryResults END │ Δt  0.24 s │ RAM   133.2 MB │ CPU  12.2 % │ Disk  941.1 GB
2026-02-26 16:17:30 │ ComputeTertiaryResults BEGIN │ Δt  0.20 s │ RAM   133.2 MB │ CPU  24.8 % │ Disk  941.1 GB
2026-02-26 16:17:31 │ ComputeTertiaryResults END │ Δt  0.25 s │ RAM   133.2 MB │ CPU  13.1 % │ Disk  941.1 GB
