
=== Element 0 Force Vector Computation ===

=== Distributed Loads ===
=== N (12, 6) ===
[[ 0.887298  0.        0.        0.        0.        0.      ]
 [ 0.        0.964758  0.        0.        0.        0.      ]
 [ 0.        0.        0.964758  0.        0.        0.      ]
 [ 0.        0.        0.        0.887298  0.        0.      ]
 [ 0.        0.        0.        0.       -0.005546  0.      ]
 [ 0.        0.        0.        0.        0.        0.005546]
 [ 0.112702  0.        0.        0.        0.        0.      ]
 [ 0.        0.035242  0.        0.        0.        0.      ]
 [ 0.        0.        0.035242  0.        0.        0.      ]
 [ 0.        0.        0.        0.112702  0.        0.      ]
 [ 0.        0.        0.        0.        0.000704  0.      ]
 [ 0.        0.        0.        0.        0.       -0.000704]]

=== q (6,) ===
[ 0.       -1.760964  0.        0.        0.        0.      ]

=== N (12, 6) ===
[[ 0.5       0.        0.        0.        0.        0.      ]
 [ 0.        0.5       0.        0.        0.        0.      ]
 [ 0.        0.        0.5       0.        0.        0.      ]
 [ 0.        0.        0.        0.5       0.        0.      ]
 [ 0.        0.        0.        0.       -0.007812  0.      ]
 [ 0.        0.        0.        0.        0.        0.007812]
 [ 0.5       0.        0.        0.        0.        0.      ]
 [ 0.        0.5       0.        0.        0.        0.      ]
 [ 0.        0.        0.5       0.        0.        0.      ]
 [ 0.        0.        0.        0.5       0.        0.      ]
 [ 0.        0.        0.        0.        0.007812  0.      ]
 [ 0.        0.        0.        0.        0.       -0.007812]]

=== q (6,) ===
[ 0.     -7.8125  0.      0.      0.      0.    ]

=== N (12, 6) ===
[[ 0.112702  0.        0.        0.        0.        0.      ]
 [ 0.        0.035242  0.        0.        0.        0.      ]
 [ 0.        0.        0.035242  0.        0.        0.      ]
 [ 0.        0.        0.        0.112702  0.        0.      ]
 [ 0.        0.        0.        0.       -0.000704  0.      ]
 [ 0.        0.        0.        0.        0.        0.000704]
 [ 0.887298  0.        0.        0.        0.        0.      ]
 [ 0.        0.964758  0.        0.        0.        0.      ]
 [ 0.        0.        0.964758  0.        0.        0.      ]
 [ 0.        0.        0.        0.887298  0.        0.      ]
 [ 0.        0.        0.        0.        0.005546  0.      ]
 [ 0.        0.        0.        0.        0.       -0.005546]]

=== q (6,) ===
[  0.       -13.864036   0.         0.         0.         0.      ]

=== Total Fe (12,) ===
[[ 0.       -0.146484  0.        0.        0.        0.        0.       -0.341797  0.
   0.        0.        0.      ]]

=== Final Force Vector ===
[[ 0.       -0.146484  0.        0.        0.        0.        0.       -0.341797  0.        0.        0.
   0.      ]]

