=== Unnamed Matrix ===
[[0. 0.]
 [0. 0.]]


=== Element 24 Stiffness Matrix Computation (Selective Integration) ===
Integration orders: axial=3, bending_y=3, bending_z=3, shear_y=2, shear_z=2, torsion=3 (shear block uses 1-point reduced integration)
=== Element length  L  (1, 1) ===
[[0.03125]]

=== Material stiffness matrix  D  (6, 6) ===
[[2.751000e+08 0.000000e+00 0.000000e+00 0.000000e+00 0.000000e+00 0.000000e+00]
 [0.000000e+00 6.791400e+04 0.000000e+00 0.000000e+00 0.000000e+00 0.000000e+00]
 [0.000000e+00 0.000000e+00 4.384149e+05 0.000000e+00 0.000000e+00 0.000000e+00]
 [0.000000e+00 0.000000e+00 0.000000e+00 8.842500e+07 0.000000e+00 0.000000e+00]
 [0.000000e+00 0.000000e+00 0.000000e+00 0.000000e+00 8.842500e+07 0.000000e+00]
 [0.000000e+00 0.000000e+00 0.000000e+00 0.000000e+00 0.000000e+00 2.111451e+03]]

=== Bending contribution (selective) ===
[[        0.          0.          0.          0.          0.          0.          0.          0.          0.
          0.          0.          0. ]
 [        0.          0.          0.          0.          0.          0.          0.          0.          0.
          0.          0.          0. ]
 [        0.          0.          0.          0.          0.          0.          0.          0.          0.
          0.          0.          0. ]
 [        0.          0.          0.          0.          0.          0.          0.          0.          0.
          0.          0.          0. ]
 [        0.          0.          0.          0.    2173248.          0.          0.          0.          0.
          0.   -2173248.          0. ]
 [        0.          0.          0.          0.          0.   14029276.8         0.          0.          0.
          0.          0.  -14029276.8]
 [        0.          0.          0.          0.          0.          0.          0.          0.          0.
          0.          0.          0. ]
 [        0.          0.          0.          0.          0.          0.          0.          0.          0.
          0.          0.          0. ]
 [        0.          0.          0.          0.          0.          0.          0.          0.          0.
          0.          0.          0. ]
 [        0.          0.          0.          0.          0.          0.          0.          0.          0.
          0.          0.          0. ]
 [        0.          0.          0.          0.   -2173248.          0.          0.          0.          0.
          0.    2173248.          0. ]
 [        0.          0.          0.          0.          0.  -14029276.8         0.          0.          0.
          0.          0.   14029276.8]]

=== Shear contribution (selective) ===
[[ 0.000000e+00  0.000000e+00  0.000000e+00  0.000000e+00  0.000000e+00  0.000000e+00  0.000000e+00  0.000000e+00
   0.000000e+00  0.000000e+00  0.000000e+00  0.000000e+00]
 [ 0.000000e+00  2.829600e+09  0.000000e+00  0.000000e+00  0.000000e+00  4.421250e+07  0.000000e+00 -2.829600e+09
   0.000000e+00  0.000000e+00  0.000000e+00  4.421250e+07]
 [ 0.000000e+00  0.000000e+00  2.829600e+09  0.000000e+00 -4.421250e+07  0.000000e+00  0.000000e+00  0.000000e+00
  -2.829600e+09  0.000000e+00 -4.421250e+07  0.000000e+00]
 [ 0.000000e+00  0.000000e+00  0.000000e+00  0.000000e+00  0.000000e+00  0.000000e+00  0.000000e+00  0.000000e+00
   0.000000e+00  0.000000e+00  0.000000e+00  0.000000e+00]
 [ 0.000000e+00  0.000000e+00 -4.421250e+07  0.000000e+00  6.908203e+05  0.000000e+00  0.000000e+00  0.000000e+00
   4.421250e+07  0.000000e+00  6.908203e+05  0.000000e+00]
 [ 0.000000e+00  4.421250e+07  0.000000e+00  0.000000e+00  0.000000e+00  6.908203e+05  0.000000e+00 -4.421250e+07
   0.000000e+00  0.000000e+00  0.000000e+00  6.908203e+05]
 [ 0.000000e+00  0.000000e+00  0.000000e+00  0.000000e+00  0.000000e+00  0.000000e+00  0.000000e+00  0.000000e+00
   0.000000e+00  0.000000e+00  0.000000e+00  0.000000e+00]
 [ 0.000000e+00 -2.829600e+09  0.000000e+00  0.000000e+00  0.000000e+00 -4.421250e+07  0.000000e+00  2.829600e+09
   0.000000e+00  0.000000e+00  0.000000e+00 -4.421250e+07]
 [ 0.000000e+00  0.000000e+00 -2.829600e+09  0.000000e+00  4.421250e+07  0.000000e+00  0.000000e+00  0.000000e+00
   2.829600e+09  0.000000e+00  4.421250e+07  0.000000e+00]
 [ 0.000000e+00  0.000000e+00  0.000000e+00  0.000000e+00  0.000000e+00  0.000000e+00  0.000000e+00  0.000000e+00
   0.000000e+00  0.000000e+00  0.000000e+00  0.000000e+00]
 [ 0.000000e+00  0.000000e+00 -4.421250e+07  0.000000e+00  6.908203e+05  0.000000e+00  0.000000e+00  0.000000e+00
   4.421250e+07  0.000000e+00  6.908203e+05  0.000000e+00]
 [ 0.000000e+00  4.421250e+07  0.000000e+00  0.000000e+00  0.000000e+00  6.908203e+05  0.000000e+00 -4.421250e+07
   0.000000e+00  0.000000e+00  0.000000e+00  6.908203e+05]]

=== Other terms contribution ===
[[ 8.803200e+09  0.000000e+00  0.000000e+00  0.000000e+00  0.000000e+00  0.000000e+00 -8.803200e+09  0.000000e+00
   0.000000e+00  0.000000e+00  0.000000e+00  0.000000e+00]
 [ 0.000000e+00  0.000000e+00  0.000000e+00  0.000000e+00  0.000000e+00  0.000000e+00  0.000000e+00  0.000000e+00
   0.000000e+00  0.000000e+00  0.000000e+00  0.000000e+00]
 [ 0.000000e+00  0.000000e+00  0.000000e+00  0.000000e+00  0.000000e+00  0.000000e+00  0.000000e+00  0.000000e+00
   0.000000e+00  0.000000e+00  0.000000e+00  0.000000e+00]
 [ 0.000000e+00  0.000000e+00  0.000000e+00  6.756644e+04  0.000000e+00  0.000000e+00  0.000000e+00  0.000000e+00
   0.000000e+00 -6.756644e+04  0.000000e+00  0.000000e+00]
 [ 0.000000e+00  0.000000e+00  0.000000e+00  0.000000e+00  2.328306e-10  0.000000e+00  0.000000e+00  0.000000e+00
   0.000000e+00  0.000000e+00  0.000000e+00  0.000000e+00]
 [ 0.000000e+00  0.000000e+00  0.000000e+00  0.000000e+00  0.000000e+00 -2.328306e-10  0.000000e+00  0.000000e+00
   0.000000e+00  0.000000e+00  0.000000e+00  0.000000e+00]
 [-8.803200e+09  0.000000e+00  0.000000e+00  0.000000e+00  0.000000e+00  0.000000e+00  8.803200e+09  0.000000e+00
   0.000000e+00  0.000000e+00  0.000000e+00  0.000000e+00]
 [ 0.000000e+00  0.000000e+00  0.000000e+00  0.000000e+00  0.000000e+00  0.000000e+00  0.000000e+00  0.000000e+00
   0.000000e+00  0.000000e+00  0.000000e+00  0.000000e+00]
 [ 0.000000e+00  0.000000e+00  0.000000e+00  0.000000e+00  0.000000e+00  0.000000e+00  0.000000e+00  0.000000e+00
   0.000000e+00  0.000000e+00  0.000000e+00  0.000000e+00]
 [ 0.000000e+00  0.000000e+00  0.000000e+00 -6.756644e+04  0.000000e+00  0.000000e+00  0.000000e+00  0.000000e+00
   0.000000e+00  6.756644e+04  0.000000e+00  0.000000e+00]
 [ 0.000000e+00  0.000000e+00  0.000000e+00  0.000000e+00  0.000000e+00  0.000000e+00  0.000000e+00  0.000000e+00
   0.000000e+00  0.000000e+00  2.328306e-10  0.000000e+00]
 [ 0.000000e+00  0.000000e+00  0.000000e+00  0.000000e+00  0.000000e+00  0.000000e+00  0.000000e+00  0.000000e+00
   0.000000e+00  0.000000e+00  0.000000e+00 -2.328306e-10]]

=== Final Element Stiffness Matrix ===
[[ 8.803200e+09  0.000000e+00  0.000000e+00  0.000000e+00  0.000000e+00  0.000000e+00 -8.803200e+09  0.000000e+00
   0.000000e+00  0.000000e+00  0.000000e+00  0.000000e+00]
 [ 0.000000e+00  2.829600e+09  0.000000e+00  0.000000e+00  0.000000e+00  4.421250e+07  0.000000e+00 -2.829600e+09
   0.000000e+00  0.000000e+00  0.000000e+00  4.421250e+07]
 [ 0.000000e+00  0.000000e+00  2.829600e+09  0.000000e+00 -4.421250e+07  0.000000e+00  0.000000e+00  0.000000e+00
  -2.829600e+09  0.000000e+00 -4.421250e+07  0.000000e+00]
 [ 0.000000e+00  0.000000e+00  0.000000e+00  6.756644e+04  0.000000e+00  0.000000e+00  0.000000e+00  0.000000e+00
   0.000000e+00 -6.756644e+04  0.000000e+00  0.000000e+00]
 [ 0.000000e+00  0.000000e+00 -4.421250e+07  0.000000e+00  2.864068e+06  0.000000e+00  0.000000e+00  0.000000e+00
   4.421250e+07  0.000000e+00 -1.482428e+06  0.000000e+00]
 [ 0.000000e+00  4.421250e+07  0.000000e+00  0.000000e+00  0.000000e+00  1.472010e+07  0.000000e+00 -4.421250e+07
   0.000000e+00  0.000000e+00  0.000000e+00 -1.333846e+07]
 [-8.803200e+09  0.000000e+00  0.000000e+00  0.000000e+00  0.000000e+00  0.000000e+00  8.803200e+09  0.000000e+00
   0.000000e+00  0.000000e+00  0.000000e+00  0.000000e+00]
 [ 0.000000e+00 -2.829600e+09  0.000000e+00  0.000000e+00  0.000000e+00 -4.421250e+07  0.000000e+00  2.829600e+09
   0.000000e+00  0.000000e+00  0.000000e+00 -4.421250e+07]
 [ 0.000000e+00  0.000000e+00 -2.829600e+09  0.000000e+00  4.421250e+07  0.000000e+00  0.000000e+00  0.000000e+00
   2.829600e+09  0.000000e+00  4.421250e+07  0.000000e+00]
 [ 0.000000e+00  0.000000e+00  0.000000e+00 -6.756644e+04  0.000000e+00  0.000000e+00  0.000000e+00  0.000000e+00
   0.000000e+00  6.756644e+04  0.000000e+00  0.000000e+00]
 [ 0.000000e+00  0.000000e+00 -4.421250e+07  0.000000e+00 -1.482428e+06  0.000000e+00  0.000000e+00  0.000000e+00
   4.421250e+07  0.000000e+00  2.864068e+06  0.000000e+00]
 [ 0.000000e+00  4.421250e+07  0.000000e+00  0.000000e+00  0.000000e+00 -1.333846e+07  0.000000e+00 -4.421250e+07
   0.000000e+00  0.000000e+00  0.000000e+00  1.472010e+07]]

