Machine Specifications:
   - OS: Windows 11 (10.0.26100)
       Ľ Logical cores: 20
       Ľ Physical cores: 12
   - RAM: 31.24 GB
   - Disk: 943.72 GB total, 505.21 GB free
   - Python Version: 3.12.5 (C:\Users\s1834431\AppData\Local\Programs\Python\Python312\python.exe)
   - GPU(s): Intel(R) UHD Graphics 770

Job: job_0003
Timestamp (job start): 2025-11-15_15-07-41-284254
Total Time: 206.96 sec

+-------------------------------+--------------+---------------+-------------+-----------+
| Step                          |     Time (s) |   Memory (MB) |   Disk (GB) |   CPU (%) |
+===============================+==============+===============+=============+===========+
| Parsing                       |   0.00868225 |       67.4062 |     438.297 |       0   |
+-------------------------------+--------------+---------------+-------------+-----------+
| Element Instantiation         |   1.03613    |      102.699  |     438.3   |       0   |
+-------------------------------+--------------+---------------+-------------+-----------+
| Element Stiffness Computation |   2.44031    |      103.805  |     438.321 |      16.6 |
+-------------------------------+--------------+---------------+-------------+-----------+
| Element Force Computation     |   0.220094   |      103.918  |     438.321 |       0   |
+-------------------------------+--------------+---------------+-------------+-----------+
| Full Simulation               | 202.647      |      140.879  |     438.505 |       0   |
+-------------------------------+--------------+---------------+-------------+-----------+

Parallel Jobs: job_0001, job_0002
Start Memory: 66.52 MB | End Memory: 140.88 MB
Start Disk Usage: 438.30 GB | End Disk Usage: 438.51 GB
Start CPU: 0.00% | End CPU: 0.00%
