
=== Element 499 Force Vector Computation ===

=== Point Load @ x=2.000000e+00 ===
Natural ξ=1.000000, Element Range: 1.996000e+00-2.000000e+00
=== Force Vector [6×1] ===
[[   0.]
 [-500.]
 [   0.]
 [   0.]
 [   0.]
 [   0.]]

=== Shape Functions (12, 6) ===
[[ 0.  0.  0.  0.  0.  0.]
 [ 0.  0.  0.  0.  0.  0.]
 [ 0.  0.  0.  0.  0.  0.]
 [ 0.  0.  0.  0.  0.  0.]
 [ 0.  0.  0.  0. -0.  0.]
 [ 0.  0.  0.  0.  0.  0.]
 [ 1.  0.  0.  0.  0.  0.]
 [ 0.  1.  0.  0.  0.  0.]
 [ 0.  0.  1.  0.  0.  0.]
 [ 0.  0.  0.  1.  0.  0.]
 [ 0.  0.  0.  0. -0.  0.]
 [ 0.  0.  0.  0.  0.  0.]]

=== Translations [6×1] ===
[[   0.]
 [   0.]
 [   0.]
 [   0.]
 [-500.]
 [   0.]]

=== Rotations [6×1] ===
[[0.]
 [0.]
 [0.]
 [0.]
 [0.]
 [0.]]

=== Final Force Vector ===
[[   0.    0.    0.    0.    0.    0.    0. -500.    0.    0.    0.    0.]]

