--------------------------------------------------------------------------
Machine specifications – written 2026-02-26 16:17:16.279903
OS          : Windows 11 (10.0.26100)
CPU         : 12th Gen Intel(R) Core(TM) i7-12700
   logical  : 20
   physical : 12
RAM         : 31.24 GB
Disk        : 943.72 GB total  /  2.59 GB free
Python      : 3.12.5  (C:\Users\s1834431\AppData\Local\Programs\Python\Python312\python.exe)
GPU(s)      : Intel(R) UHD Graphics 770
--------------------------------------------------------------------------

Runtime telemetry header written → C:\Users\s1834431\Programs\fem_model\post_processing\results\job_0003_n128_2026-02-26_16-17-11-252587_pid18316_6ef00e8c\diagnostics\RuntimeMonitorTelemetry.log
2026-02-26 16:17:16 │ PrepareLocalSystem BEGIN   │ Δt  0.00 s │ RAM   134.2 MB │ CPU   8.8 % │ Disk  941.1 GB
2026-02-26 16:17:16 │ PrepareLocalSystem END     │ Δt  0.21 s │ RAM   134.2 MB │ CPU  21.5 % │ Disk  941.1 GB
2026-02-26 16:17:16 │ AssembleGlobalSystem BEGIN │ Δt  0.20 s │ RAM   134.2 MB │ CPU   6.6 % │ Disk  941.1 GB
2026-02-26 16:17:17 │ AssembleGlobalSystem END   │ Δt  0.23 s │ RAM   134.3 MB │ CPU  18.3 % │ Disk  941.1 GB
2026-02-26 16:17:18 │ ModifyGlobalSystem BEGIN   │ Δt  0.85 s │ RAM   134.5 MB │ CPU  14.2 % │ Disk  941.1 GB
2026-02-26 16:17:18 │ ModifyGlobalSystem END     │ Δt  0.22 s │ RAM   134.6 MB │ CPU   3.9 % │ Disk  941.1 GB
2026-02-26 16:17:19 │ CondenseModifiedSystem BEGIN │ Δt  0.91 s │ RAM   135.0 MB │ CPU  29.3 % │ Disk  941.1 GB
2026-02-26 16:17:19 │ CondenseModifiedSystem END │ Δt  0.25 s │ RAM   135.2 MB │ CPU   3.8 % │ Disk  941.1 GB
2026-02-26 16:17:20 │ SolveCondensedSystem BEGIN │ Δt  0.89 s │ RAM   135.2 MB │ CPU  22.6 % │ Disk  941.1 GB
2026-02-26 16:17:20 │ SolveCondensedSystem END   │ Δt  0.35 s │ RAM   135.2 MB │ CPU   5.4 % │ Disk  941.1 GB
2026-02-26 16:17:20 │ ReconstructGlobalSystem BEGIN │ Δt  0.20 s │ RAM   135.2 MB │ CPU  24.3 % │ Disk  941.1 GB
2026-02-26 16:17:21 │ ReconstructGlobalSystem END │ Δt  0.23 s │ RAM   135.2 MB │ CPU   4.4 % │ Disk  941.1 GB
2026-02-26 16:17:21 │ ComputePrimaryResults BEGIN │ Δt  0.20 s │ RAM   135.2 MB │ CPU   9.5 % │ Disk  941.1 GB
2026-02-26 16:17:22 │ ComputePrimaryResults END  │ Δt  0.69 s │ RAM   135.1 MB │ CPU   6.0 % │ Disk  941.1 GB
2026-02-26 16:17:22 │ SaveFormulationCache BEGIN │ Δt  0.20 s │ RAM   135.1 MB │ CPU   3.5 % │ Disk  941.1 GB
2026-02-26 16:17:22 │ SaveFormulationCache END   │ Δt  0.60 s │ RAM   135.1 MB │ CPU  23.2 % │ Disk  941.1 GB
2026-02-26 16:17:23 │ ComputeSecondaryResults BEGIN │ Δt  0.20 s │ RAM   135.1 MB │ CPU  10.2 % │ Disk  941.1 GB
2026-02-26 16:17:23 │ ComputeSecondaryResults END │ Δt  0.34 s │ RAM   135.1 MB │ CPU  19.5 % │ Disk  941.1 GB
2026-02-26 16:17:23 │ ComputeTertiaryResults BEGIN │ Δt  0.20 s │ RAM   135.1 MB │ CPU   4.8 % │ Disk  941.1 GB
2026-02-26 16:17:23 │ ComputeTertiaryResults END │ Δt  0.36 s │ RAM   135.2 MB │ CPU  10.4 % │ Disk  941.1 GB
