2026-02-26 16:18:16,450 [DEBUG] 📁 Log file created at: c:\Users\s1834431\Programs\fem_model\post_processing\results\job_0006_n128_2026-02-26_16-18-11-602921_pid18316_771c81b0\logs\AssembleGlobalSystem.log (Module: assembly, Line: 91)
2026-02-26 16:18:16,450 [INFO] 🔧 Starting global matrix assembly... (Module: assembly, Line: 109)
2026-02-26 16:18:16,451 [DEBUG] Element 0 DOF mapping validated (Module: assembly, Line: 184)
2026-02-26 16:18:16,451 [DEBUG] Element 1 DOF mapping validated (Module: assembly, Line: 184)
2026-02-26 16:18:16,451 [DEBUG] Element 2 DOF mapping validated (Module: assembly, Line: 184)
2026-02-26 16:18:16,451 [DEBUG] Element 3 DOF mapping validated (Module: assembly, Line: 184)
2026-02-26 16:18:16,451 [DEBUG] Element 4 DOF mapping validated (Module: assembly, Line: 184)
2026-02-26 16:18:16,451 [DEBUG] Element 5 DOF mapping validated (Module: assembly, Line: 184)
2026-02-26 16:18:16,451 [DEBUG] Element 6 DOF mapping validated (Module: assembly, Line: 184)
2026-02-26 16:18:16,451 [DEBUG] Element 7 DOF mapping validated (Module: assembly, Line: 184)
2026-02-26 16:18:16,451 [DEBUG] Element 8 DOF mapping validated (Module: assembly, Line: 184)
2026-02-26 16:18:16,451 [DEBUG] Element 9 DOF mapping validated (Module: assembly, Line: 184)
2026-02-26 16:18:16,451 [DEBUG] Element 10 DOF mapping validated (Module: assembly, Line: 184)
2026-02-26 16:18:16,451 [DEBUG] Element 11 DOF mapping validated (Module: assembly, Line: 184)
2026-02-26 16:18:16,451 [DEBUG] Element 12 DOF mapping validated (Module: assembly, Line: 184)
2026-02-26 16:18:16,451 [DEBUG] Element 13 DOF mapping validated (Module: assembly, Line: 184)
2026-02-26 16:18:16,451 [DEBUG] Element 14 DOF mapping validated (Module: assembly, Line: 184)
2026-02-26 16:18:16,451 [DEBUG] Element 15 DOF mapping validated (Module: assembly, Line: 184)
2026-02-26 16:18:16,452 [DEBUG] Element 16 DOF mapping validated (Module: assembly, Line: 184)
2026-02-26 16:18:16,452 [DEBUG] Element 17 DOF mapping validated (Module: assembly, Line: 184)
2026-02-26 16:18:16,452 [DEBUG] Element 18 DOF mapping validated (Module: assembly, Line: 184)
2026-02-26 16:18:16,452 [DEBUG] Element 19 DOF mapping validated (Module: assembly, Line: 184)
2026-02-26 16:18:16,452 [DEBUG] Element 20 DOF mapping validated (Module: assembly, Line: 184)
2026-02-26 16:18:16,452 [DEBUG] Element 21 DOF mapping validated (Module: assembly, Line: 184)
2026-02-26 16:18:16,452 [DEBUG] Element 22 DOF mapping validated (Module: assembly, Line: 184)
2026-02-26 16:18:16,452 [DEBUG] Element 23 DOF mapping validated (Module: assembly, Line: 184)
2026-02-26 16:18:16,452 [DEBUG] Element 24 DOF mapping validated (Module: assembly, Line: 184)
2026-02-26 16:18:16,452 [DEBUG] Element 25 DOF mapping validated (Module: assembly, Line: 184)
2026-02-26 16:18:16,452 [DEBUG] Element 26 DOF mapping validated (Module: assembly, Line: 184)
2026-02-26 16:18:16,452 [DEBUG] Element 27 DOF mapping validated (Module: assembly, Line: 184)
2026-02-26 16:18:16,452 [DEBUG] Element 28 DOF mapping validated (Module: assembly, Line: 184)
2026-02-26 16:18:16,452 [DEBUG] Element 29 DOF mapping validated (Module: assembly, Line: 184)
2026-02-26 16:18:16,452 [DEBUG] Element 30 DOF mapping validated (Module: assembly, Line: 184)
2026-02-26 16:18:16,452 [DEBUG] Element 31 DOF mapping validated (Module: assembly, Line: 184)
2026-02-26 16:18:16,452 [DEBUG] Element 32 DOF mapping validated (Module: assembly, Line: 184)
2026-02-26 16:18:16,452 [DEBUG] Element 33 DOF mapping validated (Module: assembly, Line: 184)
2026-02-26 16:18:16,452 [DEBUG] Element 34 DOF mapping validated (Module: assembly, Line: 184)
2026-02-26 16:18:16,452 [DEBUG] Element 35 DOF mapping validated (Module: assembly, Line: 184)
2026-02-26 16:18:16,452 [DEBUG] Element 36 DOF mapping validated (Module: assembly, Line: 184)
2026-02-26 16:18:16,452 [DEBUG] Element 37 DOF mapping validated (Module: assembly, Line: 184)
2026-02-26 16:18:16,452 [DEBUG] Element 38 DOF mapping validated (Module: assembly, Line: 184)
2026-02-26 16:18:16,452 [DEBUG] Element 39 DOF mapping validated (Module: assembly, Line: 184)
2026-02-26 16:18:16,452 [DEBUG] Element 40 DOF mapping validated (Module: assembly, Line: 184)
2026-02-26 16:18:16,452 [DEBUG] Element 41 DOF mapping validated (Module: assembly, Line: 184)
2026-02-26 16:18:16,452 [DEBUG] Element 42 DOF mapping validated (Module: assembly, Line: 184)
2026-02-26 16:18:16,452 [DEBUG] Element 43 DOF mapping validated (Module: assembly, Line: 184)
2026-02-26 16:18:16,452 [DEBUG] Element 44 DOF mapping validated (Module: assembly, Line: 184)
2026-02-26 16:18:16,452 [DEBUG] Element 45 DOF mapping validated (Module: assembly, Line: 184)
2026-02-26 16:18:16,452 [DEBUG] Element 46 DOF mapping validated (Module: assembly, Line: 184)
2026-02-26 16:18:16,452 [DEBUG] Element 47 DOF mapping validated (Module: assembly, Line: 184)
2026-02-26 16:18:16,452 [DEBUG] Element 48 DOF mapping validated (Module: assembly, Line: 184)
2026-02-26 16:18:16,452 [DEBUG] Element 49 DOF mapping validated (Module: assembly, Line: 184)
2026-02-26 16:18:16,452 [DEBUG] Element 50 DOF mapping validated (Module: assembly, Line: 184)
2026-02-26 16:18:16,452 [DEBUG] Element 51 DOF mapping validated (Module: assembly, Line: 184)
2026-02-26 16:18:16,452 [DEBUG] Element 52 DOF mapping validated (Module: assembly, Line: 184)
2026-02-26 16:18:16,452 [DEBUG] Element 53 DOF mapping validated (Module: assembly, Line: 184)
2026-02-26 16:18:16,453 [DEBUG] Element 54 DOF mapping validated (Module: assembly, Line: 184)
2026-02-26 16:18:16,453 [DEBUG] Element 55 DOF mapping validated (Module: assembly, Line: 184)
2026-02-26 16:18:16,453 [DEBUG] Element 56 DOF mapping validated (Module: assembly, Line: 184)
2026-02-26 16:18:16,453 [DEBUG] Element 57 DOF mapping validated (Module: assembly, Line: 184)
2026-02-26 16:18:16,453 [DEBUG] Element 58 DOF mapping validated (Module: assembly, Line: 184)
2026-02-26 16:18:16,453 [DEBUG] Element 59 DOF mapping validated (Module: assembly, Line: 184)
2026-02-26 16:18:16,453 [DEBUG] Element 60 DOF mapping validated (Module: assembly, Line: 184)
2026-02-26 16:18:16,453 [DEBUG] Element 61 DOF mapping validated (Module: assembly, Line: 184)
2026-02-26 16:18:16,453 [DEBUG] Element 62 DOF mapping validated (Module: assembly, Line: 184)
2026-02-26 16:18:16,453 [DEBUG] Element 63 DOF mapping validated (Module: assembly, Line: 184)
2026-02-26 16:18:16,453 [DEBUG] Element 64 DOF mapping validated (Module: assembly, Line: 184)
2026-02-26 16:18:16,453 [DEBUG] Element 65 DOF mapping validated (Module: assembly, Line: 184)
2026-02-26 16:18:16,453 [DEBUG] Element 66 DOF mapping validated (Module: assembly, Line: 184)
2026-02-26 16:18:16,453 [DEBUG] Element 67 DOF mapping validated (Module: assembly, Line: 184)
2026-02-26 16:18:16,453 [DEBUG] Element 68 DOF mapping validated (Module: assembly, Line: 184)
2026-02-26 16:18:16,453 [DEBUG] Element 69 DOF mapping validated (Module: assembly, Line: 184)
2026-02-26 16:18:16,453 [DEBUG] Element 70 DOF mapping validated (Module: assembly, Line: 184)
2026-02-26 16:18:16,453 [DEBUG] Element 71 DOF mapping validated (Module: assembly, Line: 184)
2026-02-26 16:18:16,453 [DEBUG] Element 72 DOF mapping validated (Module: assembly, Line: 184)
2026-02-26 16:18:16,453 [DEBUG] Element 73 DOF mapping validated (Module: assembly, Line: 184)
2026-02-26 16:18:16,453 [DEBUG] Element 74 DOF mapping validated (Module: assembly, Line: 184)
2026-02-26 16:18:16,453 [DEBUG] Element 75 DOF mapping validated (Module: assembly, Line: 184)
2026-02-26 16:18:16,453 [DEBUG] Element 76 DOF mapping validated (Module: assembly, Line: 184)
2026-02-26 16:18:16,453 [DEBUG] Element 77 DOF mapping validated (Module: assembly, Line: 184)
2026-02-26 16:18:16,453 [DEBUG] Element 78 DOF mapping validated (Module: assembly, Line: 184)
2026-02-26 16:18:16,453 [DEBUG] Element 79 DOF mapping validated (Module: assembly, Line: 184)
2026-02-26 16:18:16,453 [DEBUG] Element 80 DOF mapping validated (Module: assembly, Line: 184)
2026-02-26 16:18:16,453 [DEBUG] Element 81 DOF mapping validated (Module: assembly, Line: 184)
2026-02-26 16:18:16,453 [DEBUG] Element 82 DOF mapping validated (Module: assembly, Line: 184)
2026-02-26 16:18:16,453 [DEBUG] Element 83 DOF mapping validated (Module: assembly, Line: 184)
2026-02-26 16:18:16,453 [DEBUG] Element 84 DOF mapping validated (Module: assembly, Line: 184)
2026-02-26 16:18:16,453 [DEBUG] Element 85 DOF mapping validated (Module: assembly, Line: 184)
2026-02-26 16:18:16,453 [DEBUG] Element 86 DOF mapping validated (Module: assembly, Line: 184)
2026-02-26 16:18:16,453 [DEBUG] Element 87 DOF mapping validated (Module: assembly, Line: 184)
2026-02-26 16:18:16,453 [DEBUG] Element 88 DOF mapping validated (Module: assembly, Line: 184)
2026-02-26 16:18:16,453 [DEBUG] Element 89 DOF mapping validated (Module: assembly, Line: 184)
2026-02-26 16:18:16,453 [DEBUG] Element 90 DOF mapping validated (Module: assembly, Line: 184)
2026-02-26 16:18:16,453 [DEBUG] Element 91 DOF mapping validated (Module: assembly, Line: 184)
2026-02-26 16:18:16,453 [DEBUG] Element 92 DOF mapping validated (Module: assembly, Line: 184)
2026-02-26 16:18:16,454 [DEBUG] Element 93 DOF mapping validated (Module: assembly, Line: 184)
2026-02-26 16:18:16,454 [DEBUG] Element 94 DOF mapping validated (Module: assembly, Line: 184)
2026-02-26 16:18:16,454 [DEBUG] Element 95 DOF mapping validated (Module: assembly, Line: 184)
2026-02-26 16:18:16,454 [DEBUG] Element 96 DOF mapping validated (Module: assembly, Line: 184)
2026-02-26 16:18:16,454 [DEBUG] Element 97 DOF mapping validated (Module: assembly, Line: 184)
2026-02-26 16:18:16,454 [DEBUG] Element 98 DOF mapping validated (Module: assembly, Line: 184)
2026-02-26 16:18:16,454 [DEBUG] Element 99 DOF mapping validated (Module: assembly, Line: 184)
2026-02-26 16:18:16,454 [DEBUG] Element 100 DOF mapping validated (Module: assembly, Line: 184)
2026-02-26 16:18:16,454 [DEBUG] Element 101 DOF mapping validated (Module: assembly, Line: 184)
2026-02-26 16:18:16,454 [DEBUG] Element 102 DOF mapping validated (Module: assembly, Line: 184)
2026-02-26 16:18:16,454 [DEBUG] Element 103 DOF mapping validated (Module: assembly, Line: 184)
2026-02-26 16:18:16,454 [DEBUG] Element 104 DOF mapping validated (Module: assembly, Line: 184)
2026-02-26 16:18:16,454 [DEBUG] Element 105 DOF mapping validated (Module: assembly, Line: 184)
2026-02-26 16:18:16,454 [DEBUG] Element 106 DOF mapping validated (Module: assembly, Line: 184)
2026-02-26 16:18:16,454 [DEBUG] Element 107 DOF mapping validated (Module: assembly, Line: 184)
2026-02-26 16:18:16,454 [DEBUG] Element 108 DOF mapping validated (Module: assembly, Line: 184)
2026-02-26 16:18:16,454 [DEBUG] Element 109 DOF mapping validated (Module: assembly, Line: 184)
2026-02-26 16:18:16,454 [DEBUG] Element 110 DOF mapping validated (Module: assembly, Line: 184)
2026-02-26 16:18:16,454 [DEBUG] Element 111 DOF mapping validated (Module: assembly, Line: 184)
2026-02-26 16:18:16,454 [DEBUG] Element 112 DOF mapping validated (Module: assembly, Line: 184)
2026-02-26 16:18:16,454 [DEBUG] Element 113 DOF mapping validated (Module: assembly, Line: 184)
2026-02-26 16:18:16,454 [DEBUG] Element 114 DOF mapping validated (Module: assembly, Line: 184)
2026-02-26 16:18:16,454 [DEBUG] Element 115 DOF mapping validated (Module: assembly, Line: 184)
2026-02-26 16:18:16,454 [DEBUG] Element 116 DOF mapping validated (Module: assembly, Line: 184)
2026-02-26 16:18:16,454 [DEBUG] Element 117 DOF mapping validated (Module: assembly, Line: 184)
2026-02-26 16:18:16,454 [DEBUG] Element 118 DOF mapping validated (Module: assembly, Line: 184)
2026-02-26 16:18:16,454 [DEBUG] Element 119 DOF mapping validated (Module: assembly, Line: 184)
2026-02-26 16:18:16,454 [DEBUG] Element 120 DOF mapping validated (Module: assembly, Line: 184)
2026-02-26 16:18:16,454 [DEBUG] Element 121 DOF mapping validated (Module: assembly, Line: 184)
2026-02-26 16:18:16,454 [DEBUG] Element 122 DOF mapping validated (Module: assembly, Line: 184)
2026-02-26 16:18:16,454 [DEBUG] Element 123 DOF mapping validated (Module: assembly, Line: 184)
2026-02-26 16:18:16,454 [DEBUG] Element 124 DOF mapping validated (Module: assembly, Line: 184)
2026-02-26 16:18:16,454 [DEBUG] Element 125 DOF mapping validated (Module: assembly, Line: 184)
2026-02-26 16:18:16,454 [DEBUG] Element 126 DOF mapping validated (Module: assembly, Line: 184)
2026-02-26 16:18:16,454 [DEBUG] Element 127 DOF mapping validated (Module: assembly, Line: 184)
2026-02-26 16:18:16,469 [DEBUG] 
✅ DOF Mappings Summary:
 Element ID                              Local DOF                                                   Global DOF
          0 [0, 1, 2, 3, 4, 5, 6, 7, 8, 9, 10, 11]                       [0, 1, 2, 3, 4, 5, 6, 7, 8, 9, 10, 11]
          1 [0, 1, 2, 3, 4, 5, 6, 7, 8, 9, 10, 11]                 [6, 7, 8, 9, 10, 11, 12, 13, 14, 15, 16, 17]
          2 [0, 1, 2, 3, 4, 5, 6, 7, 8, 9, 10, 11]             [12, 13, 14, 15, 16, 17, 18, 19, 20, 21, 22, 23]
          3 [0, 1, 2, 3, 4, 5, 6, 7, 8, 9, 10, 11]             [18, 19, 20, 21, 22, 23, 24, 25, 26, 27, 28, 29]
          4 [0, 1, 2, 3, 4, 5, 6, 7, 8, 9, 10, 11]             [24, 25, 26, 27, 28, 29, 30, 31, 32, 33, 34, 35]
          5 [0, 1, 2, 3, 4, 5, 6, 7, 8, 9, 10, 11]             [30, 31, 32, 33, 34, 35, 36, 37, 38, 39, 40, 41]
          6 [0, 1, 2, 3, 4, 5, 6, 7, 8, 9, 10, 11]             [36, 37, 38, 39, 40, 41, 42, 43, 44, 45, 46, 47]
          7 [0, 1, 2, 3, 4, 5, 6, 7, 8, 9, 10, 11]             [42, 43, 44, 45, 46, 47, 48, 49, 50, 51, 52, 53]
          8 [0, 1, 2, 3, 4, 5, 6, 7, 8, 9, 10, 11]             [48, 49, 50, 51, 52, 53, 54, 55, 56, 57, 58, 59]
          9 [0, 1, 2, 3, 4, 5, 6, 7, 8, 9, 10, 11]             [54, 55, 56, 57, 58, 59, 60, 61, 62, 63, 64, 65]
         10 [0, 1, 2, 3, 4, 5, 6, 7, 8, 9, 10, 11]             [60, 61, 62, 63, 64, 65, 66, 67, 68, 69, 70, 71]
         11 [0, 1, 2, 3, 4, 5, 6, 7, 8, 9, 10, 11]             [66, 67, 68, 69, 70, 71, 72, 73, 74, 75, 76, 77]
         12 [0, 1, 2, 3, 4, 5, 6, 7, 8, 9, 10, 11]             [72, 73, 74, 75, 76, 77, 78, 79, 80, 81, 82, 83]
         13 [0, 1, 2, 3, 4, 5, 6, 7, 8, 9, 10, 11]             [78, 79, 80, 81, 82, 83, 84, 85, 86, 87, 88, 89]
         14 [0, 1, 2, 3, 4, 5, 6, 7, 8, 9, 10, 11]             [84, 85, 86, 87, 88, 89, 90, 91, 92, 93, 94, 95]
         15 [0, 1, 2, 3, 4, 5, 6, 7, 8, 9, 10, 11]           [90, 91, 92, 93, 94, 95, 96, 97, 98, 99, 100, 101]
         16 [0, 1, 2, 3, 4, 5, 6, 7, 8, 9, 10, 11]     [96, 97, 98, 99, 100, 101, 102, 103, 104, 105, 106, 107]
         17 [0, 1, 2, 3, 4, 5, 6, 7, 8, 9, 10, 11] [102, 103, 104, 105, 106, 107, 108, 109, 110, 111, 112, 113]
         18 [0, 1, 2, 3, 4, 5, 6, 7, 8, 9, 10, 11] [108, 109, 110, 111, 112, 113, 114, 115, 116, 117, 118, 119]
         19 [0, 1, 2, 3, 4, 5, 6, 7, 8, 9, 10, 11] [114, 115, 116, 117, 118, 119, 120, 121, 122, 123, 124, 125]
         20 [0, 1, 2, 3, 4, 5, 6, 7, 8, 9, 10, 11] [120, 121, 122, 123, 124, 125, 126, 127, 128, 129, 130, 131]
         21 [0, 1, 2, 3, 4, 5, 6, 7, 8, 9, 10, 11] [126, 127, 128, 129, 130, 131, 132, 133, 134, 135, 136, 137]
         22 [0, 1, 2, 3, 4, 5, 6, 7, 8, 9, 10, 11] [132, 133, 134, 135, 136, 137, 138, 139, 140, 141, 142, 143]
         23 [0, 1, 2, 3, 4, 5, 6, 7, 8, 9, 10, 11] [138, 139, 140, 141, 142, 143, 144, 145, 146, 147, 148, 149]
         24 [0, 1, 2, 3, 4, 5, 6, 7, 8, 9, 10, 11] [144, 145, 146, 147, 148, 149, 150, 151, 152, 153, 154, 155]
         25 [0, 1, 2, 3, 4, 5, 6, 7, 8, 9, 10, 11] [150, 151, 152, 153, 154, 155, 156, 157, 158, 159, 160, 161]
         26 [0, 1, 2, 3, 4, 5, 6, 7, 8, 9, 10, 11] [156, 157, 158, 159, 160, 161, 162, 163, 164, 165, 166, 167]
         27 [0, 1, 2, 3, 4, 5, 6, 7, 8, 9, 10, 11] [162, 163, 164, 165, 166, 167, 168, 169, 170, 171, 172, 173]
         28 [0, 1, 2, 3, 4, 5, 6, 7, 8, 9, 10, 11] [168, 169, 170, 171, 172, 173, 174, 175, 176, 177, 178, 179]
         29 [0, 1, 2, 3, 4, 5, 6, 7, 8, 9, 10, 11] [174, 175, 176, 177, 178, 179, 180, 181, 182, 183, 184, 185]
         30 [0, 1, 2, 3, 4, 5, 6, 7, 8, 9, 10, 11] [180, 181, 182, 183, 184, 185, 186, 187, 188, 189, 190, 191]
         31 [0, 1, 2, 3, 4, 5, 6, 7, 8, 9, 10, 11] [186, 187, 188, 189, 190, 191, 192, 193, 194, 195, 196, 197]
         32 [0, 1, 2, 3, 4, 5, 6, 7, 8, 9, 10, 11] [192, 193, 194, 195, 196, 197, 198, 199, 200, 201, 202, 203]
         33 [0, 1, 2, 3, 4, 5, 6, 7, 8, 9, 10, 11] [198, 199, 200, 201, 202, 203, 204, 205, 206, 207, 208, 209]
         34 [0, 1, 2, 3, 4, 5, 6, 7, 8, 9, 10, 11] [204, 205, 206, 207, 208, 209, 210, 211, 212, 213, 214, 215]
         35 [0, 1, 2, 3, 4, 5, 6, 7, 8, 9, 10, 11] [210, 211, 212, 213, 214, 215, 216, 217, 218, 219, 220, 221]
         36 [0, 1, 2, 3, 4, 5, 6, 7, 8, 9, 10, 11] [216, 217, 218, 219, 220, 221, 222, 223, 224, 225, 226, 227]
         37 [0, 1, 2, 3, 4, 5, 6, 7, 8, 9, 10, 11] [222, 223, 224, 225, 226, 227, 228, 229, 230, 231, 232, 233]
         38 [0, 1, 2, 3, 4, 5, 6, 7, 8, 9, 10, 11] [228, 229, 230, 231, 232, 233, 234, 235, 236, 237, 238, 239]
         39 [0, 1, 2, 3, 4, 5, 6, 7, 8, 9, 10, 11] [234, 235, 236, 237, 238, 239, 240, 241, 242, 243, 244, 245]
         40 [0, 1, 2, 3, 4, 5, 6, 7, 8, 9, 10, 11] [240, 241, 242, 243, 244, 245, 246, 247, 248, 249, 250, 251]
         41 [0, 1, 2, 3, 4, 5, 6, 7, 8, 9, 10, 11] [246, 247, 248, 249, 250, 251, 252, 253, 254, 255, 256, 257]
         42 [0, 1, 2, 3, 4, 5, 6, 7, 8, 9, 10, 11] [252, 253, 254, 255, 256, 257, 258, 259, 260, 261, 262, 263]
         43 [0, 1, 2, 3, 4, 5, 6, 7, 8, 9, 10, 11] [258, 259, 260, 261, 262, 263, 264, 265, 266, 267, 268, 269]
         44 [0, 1, 2, 3, 4, 5, 6, 7, 8, 9, 10, 11] [264, 265, 266, 267, 268, 269, 270, 271, 272, 273, 274, 275]
         45 [0, 1, 2, 3, 4, 5, 6, 7, 8, 9, 10, 11] [270, 271, 272, 273, 274, 275, 276, 277, 278, 279, 280, 281]
         46 [0, 1, 2, 3, 4, 5, 6, 7, 8, 9, 10, 11] [276, 277, 278, 279, 280, 281, 282, 283, 284, 285, 286, 287]
         47 [0, 1, 2, 3, 4, 5, 6, 7, 8, 9, 10, 11] [282, 283, 284, 285, 286, 287, 288, 289, 290, 291, 292, 293]
         48 [0, 1, 2, 3, 4, 5, 6, 7, 8, 9, 10, 11] [288, 289, 290, 291, 292, 293, 294, 295, 296, 297, 298, 299]
         49 [0, 1, 2, 3, 4, 5, 6, 7, 8, 9, 10, 11] [294, 295, 296, 297, 298, 299, 300, 301, 302, 303, 304, 305]
         50 [0, 1, 2, 3, 4, 5, 6, 7, 8, 9, 10, 11] [300, 301, 302, 303, 304, 305, 306, 307, 308, 309, 310, 311]
         51 [0, 1, 2, 3, 4, 5, 6, 7, 8, 9, 10, 11] [306, 307, 308, 309, 310, 311, 312, 313, 314, 315, 316, 317]
         52 [0, 1, 2, 3, 4, 5, 6, 7, 8, 9, 10, 11] [312, 313, 314, 315, 316, 317, 318, 319, 320, 321, 322, 323]
         53 [0, 1, 2, 3, 4, 5, 6, 7, 8, 9, 10, 11] [318, 319, 320, 321, 322, 323, 324, 325, 326, 327, 328, 329]
         54 [0, 1, 2, 3, 4, 5, 6, 7, 8, 9, 10, 11] [324, 325, 326, 327, 328, 329, 330, 331, 332, 333, 334, 335]
         55 [0, 1, 2, 3, 4, 5, 6, 7, 8, 9, 10, 11] [330, 331, 332, 333, 334, 335, 336, 337, 338, 339, 340, 341]
         56 [0, 1, 2, 3, 4, 5, 6, 7, 8, 9, 10, 11] [336, 337, 338, 339, 340, 341, 342, 343, 344, 345, 346, 347]
         57 [0, 1, 2, 3, 4, 5, 6, 7, 8, 9, 10, 11] [342, 343, 344, 345, 346, 347, 348, 349, 350, 351, 352, 353]
         58 [0, 1, 2, 3, 4, 5, 6, 7, 8, 9, 10, 11] [348, 349, 350, 351, 352, 353, 354, 355, 356, 357, 358, 359]
         59 [0, 1, 2, 3, 4, 5, 6, 7, 8, 9, 10, 11] [354, 355, 356, 357, 358, 359, 360, 361, 362, 363, 364, 365]
         60 [0, 1, 2, 3, 4, 5, 6, 7, 8, 9, 10, 11] [360, 361, 362, 363, 364, 365, 366, 367, 368, 369, 370, 371]
         61 [0, 1, 2, 3, 4, 5, 6, 7, 8, 9, 10, 11] [366, 367, 368, 369, 370, 371, 372, 373, 374, 375, 376, 377]
         62 [0, 1, 2, 3, 4, 5, 6, 7, 8, 9, 10, 11] [372, 373, 374, 375, 376, 377, 378, 379, 380, 381, 382, 383]
         63 [0, 1, 2, 3, 4, 5, 6, 7, 8, 9, 10, 11] [378, 379, 380, 381, 382, 383, 384, 385, 386, 387, 388, 389]
         64 [0, 1, 2, 3, 4, 5, 6, 7, 8, 9, 10, 11] [384, 385, 386, 387, 388, 389, 390, 391, 392, 393, 394, 395]
         65 [0, 1, 2, 3, 4, 5, 6, 7, 8, 9, 10, 11] [390, 391, 392, 393, 394, 395, 396, 397, 398, 399, 400, 401]
         66 [0, 1, 2, 3, 4, 5, 6, 7, 8, 9, 10, 11] [396, 397, 398, 399, 400, 401, 402, 403, 404, 405, 406, 407]
         67 [0, 1, 2, 3, 4, 5, 6, 7, 8, 9, 10, 11] [402, 403, 404, 405, 406, 407, 408, 409, 410, 411, 412, 413]
         68 [0, 1, 2, 3, 4, 5, 6, 7, 8, 9, 10, 11] [408, 409, 410, 411, 412, 413, 414, 415, 416, 417, 418, 419]
         69 [0, 1, 2, 3, 4, 5, 6, 7, 8, 9, 10, 11] [414, 415, 416, 417, 418, 419, 420, 421, 422, 423, 424, 425]
         70 [0, 1, 2, 3, 4, 5, 6, 7, 8, 9, 10, 11] [420, 421, 422, 423, 424, 425, 426, 427, 428, 429, 430, 431]
         71 [0, 1, 2, 3, 4, 5, 6, 7, 8, 9, 10, 11] [426, 427, 428, 429, 430, 431, 432, 433, 434, 435, 436, 437]
         72 [0, 1, 2, 3, 4, 5, 6, 7, 8, 9, 10, 11] [432, 433, 434, 435, 436, 437, 438, 439, 440, 441, 442, 443]
         73 [0, 1, 2, 3, 4, 5, 6, 7, 8, 9, 10, 11] [438, 439, 440, 441, 442, 443, 444, 445, 446, 447, 448, 449]
         74 [0, 1, 2, 3, 4, 5, 6, 7, 8, 9, 10, 11] [444, 445, 446, 447, 448, 449, 450, 451, 452, 453, 454, 455]
         75 [0, 1, 2, 3, 4, 5, 6, 7, 8, 9, 10, 11] [450, 451, 452, 453, 454, 455, 456, 457, 458, 459, 460, 461]
         76 [0, 1, 2, 3, 4, 5, 6, 7, 8, 9, 10, 11] [456, 457, 458, 459, 460, 461, 462, 463, 464, 465, 466, 467]
         77 [0, 1, 2, 3, 4, 5, 6, 7, 8, 9, 10, 11] [462, 463, 464, 465, 466, 467, 468, 469, 470, 471, 472, 473]
         78 [0, 1, 2, 3, 4, 5, 6, 7, 8, 9, 10, 11] [468, 469, 470, 471, 472, 473, 474, 475, 476, 477, 478, 479]
         79 [0, 1, 2, 3, 4, 5, 6, 7, 8, 9, 10, 11] [474, 475, 476, 477, 478, 479, 480, 481, 482, 483, 484, 485]
         80 [0, 1, 2, 3, 4, 5, 6, 7, 8, 9, 10, 11] [480, 481, 482, 483, 484, 485, 486, 487, 488, 489, 490, 491]
         81 [0, 1, 2, 3, 4, 5, 6, 7, 8, 9, 10, 11] [486, 487, 488, 489, 490, 491, 492, 493, 494, 495, 496, 497]
         82 [0, 1, 2, 3, 4, 5, 6, 7, 8, 9, 10, 11] [492, 493, 494, 495, 496, 497, 498, 499, 500, 501, 502, 503]
         83 [0, 1, 2, 3, 4, 5, 6, 7, 8, 9, 10, 11] [498, 499, 500, 501, 502, 503, 504, 505, 506, 507, 508, 509]
         84 [0, 1, 2, 3, 4, 5, 6, 7, 8, 9, 10, 11] [504, 505, 506, 507, 508, 509, 510, 511, 512, 513, 514, 515]
         85 [0, 1, 2, 3, 4, 5, 6, 7, 8, 9, 10, 11] [510, 511, 512, 513, 514, 515, 516, 517, 518, 519, 520, 521]
         86 [0, 1, 2, 3, 4, 5, 6, 7, 8, 9, 10, 11] [516, 517, 518, 519, 520, 521, 522, 523, 524, 525, 526, 527]
         87 [0, 1, 2, 3, 4, 5, 6, 7, 8, 9, 10, 11] [522, 523, 524, 525, 526, 527, 528, 529, 530, 531, 532, 533]
         88 [0, 1, 2, 3, 4, 5, 6, 7, 8, 9, 10, 11] [528, 529, 530, 531, 532, 533, 534, 535, 536, 537, 538, 539]
         89 [0, 1, 2, 3, 4, 5, 6, 7, 8, 9, 10, 11] [534, 535, 536, 537, 538, 539, 540, 541, 542, 543, 544, 545]
         90 [0, 1, 2, 3, 4, 5, 6, 7, 8, 9, 10, 11] [540, 541, 542, 543, 544, 545, 546, 547, 548, 549, 550, 551]
         91 [0, 1, 2, 3, 4, 5, 6, 7, 8, 9, 10, 11] [546, 547, 548, 549, 550, 551, 552, 553, 554, 555, 556, 557]
         92 [0, 1, 2, 3, 4, 5, 6, 7, 8, 9, 10, 11] [552, 553, 554, 555, 556, 557, 558, 559, 560, 561, 562, 563]
         93 [0, 1, 2, 3, 4, 5, 6, 7, 8, 9, 10, 11] [558, 559, 560, 561, 562, 563, 564, 565, 566, 567, 568, 569]
         94 [0, 1, 2, 3, 4, 5, 6, 7, 8, 9, 10, 11] [564, 565, 566, 567, 568, 569, 570, 571, 572, 573, 574, 575]
         95 [0, 1, 2, 3, 4, 5, 6, 7, 8, 9, 10, 11] [570, 571, 572, 573, 574, 575, 576, 577, 578, 579, 580, 581]
         96 [0, 1, 2, 3, 4, 5, 6, 7, 8, 9, 10, 11] [576, 577, 578, 579, 580, 581, 582, 583, 584, 585, 586, 587]
         97 [0, 1, 2, 3, 4, 5, 6, 7, 8, 9, 10, 11] [582, 583, 584, 585, 586, 587, 588, 589, 590, 591, 592, 593]
         98 [0, 1, 2, 3, 4, 5, 6, 7, 8, 9, 10, 11] [588, 589, 590, 591, 592, 593, 594, 595, 596, 597, 598, 599]
         99 [0, 1, 2, 3, 4, 5, 6, 7, 8, 9, 10, 11] [594, 595, 596, 597, 598, 599, 600, 601, 602, 603, 604, 605]
        100 [0, 1, 2, 3, 4, 5, 6, 7, 8, 9, 10, 11] [600, 601, 602, 603, 604, 605, 606, 607, 608, 609, 610, 611]
        101 [0, 1, 2, 3, 4, 5, 6, 7, 8, 9, 10, 11] [606, 607, 608, 609, 610, 611, 612, 613, 614, 615, 616, 617]
        102 [0, 1, 2, 3, 4, 5, 6, 7, 8, 9, 10, 11] [612, 613, 614, 615, 616, 617, 618, 619, 620, 621, 622, 623]
        103 [0, 1, 2, 3, 4, 5, 6, 7, 8, 9, 10, 11] [618, 619, 620, 621, 622, 623, 624, 625, 626, 627, 628, 629]
        104 [0, 1, 2, 3, 4, 5, 6, 7, 8, 9, 10, 11] [624, 625, 626, 627, 628, 629, 630, 631, 632, 633, 634, 635]
        105 [0, 1, 2, 3, 4, 5, 6, 7, 8, 9, 10, 11] [630, 631, 632, 633, 634, 635, 636, 637, 638, 639, 640, 641]
        106 [0, 1, 2, 3, 4, 5, 6, 7, 8, 9, 10, 11] [636, 637, 638, 639, 640, 641, 642, 643, 644, 645, 646, 647]
        107 [0, 1, 2, 3, 4, 5, 6, 7, 8, 9, 10, 11] [642, 643, 644, 645, 646, 647, 648, 649, 650, 651, 652, 653]
        108 [0, 1, 2, 3, 4, 5, 6, 7, 8, 9, 10, 11] [648, 649, 650, 651, 652, 653, 654, 655, 656, 657, 658, 659]
        109 [0, 1, 2, 3, 4, 5, 6, 7, 8, 9, 10, 11] [654, 655, 656, 657, 658, 659, 660, 661, 662, 663, 664, 665]
        110 [0, 1, 2, 3, 4, 5, 6, 7, 8, 9, 10, 11] [660, 661, 662, 663, 664, 665, 666, 667, 668, 669, 670, 671]
        111 [0, 1, 2, 3, 4, 5, 6, 7, 8, 9, 10, 11] [666, 667, 668, 669, 670, 671, 672, 673, 674, 675, 676, 677]
        112 [0, 1, 2, 3, 4, 5, 6, 7, 8, 9, 10, 11] [672, 673, 674, 675, 676, 677, 678, 679, 680, 681, 682, 683]
        113 [0, 1, 2, 3, 4, 5, 6, 7, 8, 9, 10, 11] [678, 679, 680, 681, 682, 683, 684, 685, 686, 687, 688, 689]
        114 [0, 1, 2, 3, 4, 5, 6, 7, 8, 9, 10, 11] [684, 685, 686, 687, 688, 689, 690, 691, 692, 693, 694, 695]
        115 [0, 1, 2, 3, 4, 5, 6, 7, 8, 9, 10, 11] [690, 691, 692, 693, 694, 695, 696, 697, 698, 699, 700, 701]
        116 [0, 1, 2, 3, 4, 5, 6, 7, 8, 9, 10, 11] [696, 697, 698, 699, 700, 701, 702, 703, 704, 705, 706, 707]
        117 [0, 1, 2, 3, 4, 5, 6, 7, 8, 9, 10, 11] [702, 703, 704, 705, 706, 707, 708, 709, 710, 711, 712, 713]
        118 [0, 1, 2, 3, 4, 5, 6, 7, 8, 9, 10, 11] [708, 709, 710, 711, 712, 713, 714, 715, 716, 717, 718, 719]
        119 [0, 1, 2, 3, 4, 5, 6, 7, 8, 9, 10, 11] [714, 715, 716, 717, 718, 719, 720, 721, 722, 723, 724, 725]
        120 [0, 1, 2, 3, 4, 5, 6, 7, 8, 9, 10, 11] [720, 721, 722, 723, 724, 725, 726, 727, 728, 729, 730, 731]
        121 [0, 1, 2, 3, 4, 5, 6, 7, 8, 9, 10, 11] [726, 727, 728, 729, 730, 731, 732, 733, 734, 735, 736, 737]
        122 [0, 1, 2, 3, 4, 5, 6, 7, 8, 9, 10, 11] [732, 733, 734, 735, 736, 737, 738, 739, 740, 741, 742, 743]
        123 [0, 1, 2, 3, 4, 5, 6, 7, 8, 9, 10, 11] [738, 739, 740, 741, 742, 743, 744, 745, 746, 747, 748, 749]
        124 [0, 1, 2, 3, 4, 5, 6, 7, 8, 9, 10, 11] [744, 745, 746, 747, 748, 749, 750, 751, 752, 753, 754, 755]
        125 [0, 1, 2, 3, 4, 5, 6, 7, 8, 9, 10, 11] [750, 751, 752, 753, 754, 755, 756, 757, 758, 759, 760, 761]
        126 [0, 1, 2, 3, 4, 5, 6, 7, 8, 9, 10, 11] [756, 757, 758, 759, 760, 761, 762, 763, 764, 765, 766, 767]
        127 [0, 1, 2, 3, 4, 5, 6, 7, 8, 9, 10, 11] [762, 763, 764, 765, 766, 767, 768, 769, 770, 771, 772, 773] (Module: assembly, Line: 204)
2026-02-26 16:18:16,470 [INFO] 🧾 System Info:
  Total DOFs: 774
  Number of elements: 128
  Symmetry tolerance: 1.0e-08 (Module: assembly, Line: 344)
2026-02-26 16:18:16,471 [INFO] ✅ Stiffness matrix assembled (Module: assembly, Line: 248)
2026-02-26 16:18:16,472 [INFO] ✅ Force vector assembled (Module: assembly, Line: 277)
2026-02-26 16:18:16,472 [INFO] Global Stiffness Matrix:
  Non-zero entries: 3850
  Symmetry: True
  Norm: 5.353e+11 (Module: assembly, Line: 364)
2026-02-26 16:18:16,484 [DEBUG] 
Stiffness Matrix Sample (COO):
 Row  Col       K Value
 638  640  0.000000e+00
 731  721  4.421250e+07
 343  337 -5.659200e+09
 616  610 -4.001086e+06
 212  212  1.131840e+10
 149  143 -2.771314e+07
 301  301  1.131840e+10
  92   94  0.000000e+00
 189  183 -1.351329e+05
 470  476 -5.659200e+09
 770  770  5.659200e+09
 427  437  4.421250e+07
 125  119 -2.771314e+07
 110  116 -5.659200e+09
 109  107 -4.421250e+07
 520  512 -4.421250e+07
 276  270 -1.760640e+10
 566  572 -5.659200e+09
 109  103 -5.659200e+09
 520  518  0.000000e+00
 581  577  0.000000e+00
 535  545  4.421250e+07
 187  185 -4.421250e+07
 599  595  0.000000e+00
 193  187 -5.659200e+09
 211  217 -5.659200e+09
 115  119  0.000000e+00
 614  614  1.131840e+10
 234  228 -1.760640e+10
 494  490  4.421250e+07
 537  543 -1.351329e+05
 608  614 -5.659200e+09
 751  757 -5.659200e+09
 337  331 -5.659200e+09
 133  131 -4.421250e+07
 773  773  2.840396e+07
 294  300 -1.760640e+10
 590  592  0.000000e+00
 725  731 -2.771314e+07
 227  233 -2.771314e+07
 583  589 -5.659200e+09
 571  565 -5.659200e+09
 259  253 -5.659200e+09
 256  250 -4.001086e+06
  78   78  3.521280e+10
 604  598 -4.001086e+06
 561  567 -1.351329e+05
  93   99 -1.351329e+05
 753  747 -1.351329e+05
 221  211  4.421250e+07
 412  406 -4.001086e+06
 603  609 -1.351329e+05
 722  716 -5.659200e+09
 683  677 -2.771314e+07
  11    5 -2.771314e+07
  19   29  4.421250e+07
 718  712 -4.001086e+06
 548  544  4.421250e+07
 198  198  3.521280e+10
 106  104  0.000000e+00
 200  200  1.131840e+10
 643  649 -5.659200e+09
 584  586  0.000000e+00
 601  605  0.000000e+00
 256  248 -4.421250e+07
 218  220  0.000000e+00
 467  463  0.000000e+00
 415  413 -4.421250e+07
 157  161  0.000000e+00
 478  482  4.421250e+07
 672  666 -1.760640e+10
 347  349 -4.421250e+07
 720  720  3.521280e+10
 457  457  1.131840e+10
 170  170  1.131840e+10
 560  568 -4.421250e+07
 424  422  0.000000e+00
 155  157 -4.421250e+07
  39   33 -1.351329e+05
  85   95  4.421250e+07
 463  469 -5.659200e+09
 286  292 -4.001086e+06
 692  692  1.131840e+10
 584  578 -5.659200e+09
 700  704  4.421250e+07
 349  355 -5.659200e+09
 695  695  5.680793e+07
 296  302 -5.659200e+09
 656  664 -4.421250e+07
 404  400  4.421250e+07
 766  770  4.421250e+07
 491  485 -2.771314e+07
 197  203 -2.771314e+07
 525  525  2.702658e+05
 258  264 -1.760640e+10
 423  423  2.702658e+05
 203  209 -2.771314e+07
 256  262 -4.001086e+06
  61   71  4.421250e+07
 491  493 -4.421250e+07
 583  583  1.131840e+10
 190  182 -4.421250e+07
 718  718  9.383812e+06
 637  641  0.000000e+00
 754  760 -4.001086e+06
 161  167 -2.771314e+07
 731  733 -4.421250e+07
 202  196 -4.001086e+06
 269  265  0.000000e+00
  52   58 -4.001086e+06
 514  514  9.383812e+06
 447  447  2.702658e+05
  47   37  4.421250e+07
 629  629  5.680793e+07
 140  136  4.421250e+07
   8   14 -5.659200e+09
 298  290 -4.421250e+07
 400  400  9.383812e+06
 238  236  0.000000e+00
 345  351 -1.351329e+05
 295  293 -4.421250e+07
 129  123 -1.351329e+05
 715  715  1.131840e+10
 375  369 -1.351329e+05
 594  588 -1.760640e+10
 346  346  9.383812e+06
 296  304 -4.421250e+07
 378  378  3.521280e+10
 430  436 -4.001086e+06
 697  697  1.131840e+10
 662  662  1.131840e+10
 506  500 -5.659200e+09
 216  210 -1.760640e+10
 388  380 -4.421250e+07
 354  360 -1.760640e+10
 587  593 -2.771314e+07
 554  548 -5.659200e+09
 443  433  4.421250e+07
 144  150 -1.760640e+10
 357  351 -1.351329e+05
 308  304  4.421250e+07
 377  371 -2.771314e+07
 343  353  4.421250e+07
 115  121 -5.659200e+09
 740  746 -5.659200e+09
  64   64  9.383812e+06
  99   93 -1.351329e+05
 499  509  4.421250e+07
 267  273 -1.351329e+05
 143  133  4.421250e+07
 248  250  0.000000e+00
 763  757 -5.659200e+09
 271  265 -5.659200e+09
 193  203  4.421250e+07
 151  161  4.421250e+07
 108  102 -1.760640e+10
 208  212  4.421250e+07
 338  334  4.421250e+07
 556  548 -4.421250e+07
 611  605 -2.771314e+07
  10    4 -4.001086e+06
 193  193  1.131840e+10
 608  604  4.421250e+07
 620  616  4.421250e+07
 202  194 -4.421250e+07
  30   36 -1.760640e+10
 532  530  0.000000e+00
 422  424  0.000000e+00
 586  578 -4.421250e+07
 251  253 -4.421250e+07
 473  467 -2.771314e+07
 226  230  4.421250e+07
 211  205 -5.659200e+09
 730  730  9.383812e+06
 134  140 -5.659200e+09
 485  481  0.000000e+00
 484  488  4.421250e+07
 264  258 -1.760640e+10
 693  699 -1.351329e+05
 485  479 -2.771314e+07
  83   85 -4.421250e+07
 300  294 -1.760640e+10
 622  614 -4.421250e+07
  25   31 -5.659200e+09
 365  359 -2.771314e+07
 274  280 -4.001086e+06
 536  538  0.000000e+00
 415  409 -5.659200e+09
 110  110  1.131840e+10
 116  110 -5.659200e+09
 161  157  0.000000e+00
 178  184 -4.001086e+06
 714  720 -1.760640e+10
 353  343  4.421250e+07
 392  388  4.421250e+07
  44   52 -4.421250e+07
 130  122 -4.421250e+07
 184  182  0.000000e+00
 367  367  1.131840e+10
 687  681 -1.351329e+05
 500  496  4.421250e+07
 327  321 -1.351329e+05
 226  218 -4.421250e+07
 104  112 -4.421250e+07
 279  273 -1.351329e+05
 232  232  9.383812e+06
 509  509  5.680793e+07
 641  641  5.680793e+07
  98   98  1.131840e+10
 170  166  4.421250e+07
 101   97  0.000000e+00
 401  391  4.421250e+07
 217  211 -5.659200e+09
  36   30 -1.760640e+10
 265  275  4.421250e+07
 380  388 -4.421250e+07
 754  746 -4.421250e+07
  61   61  1.131840e+10
 579  573 -1.351329e+05
   0    6 -1.760640e+10
 675  681 -1.351329e+05
 239  229  4.421250e+07
 535  541 -5.659200e+09
 353  349  0.000000e+00
   8   16 -4.421250e+07
 100  100  9.383812e+06
 222  222  3.521280e+10
 657  651 -1.351329e+05
 580  572 -4.421250e+07
  68   74 -5.659200e+09
 511  505 -5.659200e+09
 412  416  4.421250e+07
 427  421 -5.659200e+09
  40   44  4.421250e+07
 770  766  4.421250e+07
 628  622 -4.001086e+06
 139  149  4.421250e+07
 586  590  4.421250e+07
 736  730 -4.001086e+06
 227  227  5.680793e+07
 181  185  0.000000e+00
 583  587  0.000000e+00
 632  628  4.421250e+07
 670  668  0.000000e+00
 568  568  9.383812e+06
 734  740 -5.659200e+09
 540  546 -1.760640e+10
 724  724  9.383812e+06
 169  173  0.000000e+00
  52   44 -4.421250e+07
  94  100 -4.001086e+06
 105  111 -1.351329e+05
 385  383 -4.421250e+07
 616  614  0.000000e+00
 661  661  1.131840e+10
 232  224 -4.421250e+07
 702  696 -1.760640e+10
 575  577 -4.421250e+07
 653  653  5.680793e+07
 408  402 -1.760640e+10
 340  344  4.421250e+07
 211  209 -4.421250e+07
 135  135  2.702658e+05
 482  476 -5.659200e+09
 737  727  4.421250e+07
 650  656 -5.659200e+09
 549  543 -1.351329e+05
 102  102  3.521280e+10
 740  742  0.000000e+00
 232  230  0.000000e+00
 395  389 -2.771314e+07
 116  118  0.000000e+00
 440  434 -5.659200e+09
  71   71  5.680793e+07
 647  649 -4.421250e+07
 764  758 -5.659200e+09
  77   79 -4.421250e+07
 757  761  0.000000e+00
 277  281  0.000000e+00
 649  659  4.421250e+07
 542  544  0.000000e+00
 182  178  4.421250e+07
 767  761 -2.771314e+07
 730  736 -4.001086e+06
 655  655  1.131840e+10
 280  272 -4.421250e+07
 580  580  9.383812e+06
 446  454 -4.421250e+07
 751  751  1.131840e+10
 254  256  0.000000e+00
 421  425  0.000000e+00
 111  105 -1.351329e+05
  31   41  4.421250e+07
  29   19  4.421250e+07
 311  311  5.680793e+07
 192  192  3.521280e+10
 394  394  9.383812e+06
 655  659  0.000000e+00
 463  473  4.421250e+07
 603  597 -1.351329e+05
 266  274 -4.421250e+07
 273  267 -1.351329e+05
 443  437 -2.771314e+07
 218  226 -4.421250e+07
 332  326 -5.659200e+09
 769  769  5.659200e+09
 550  548  0.000000e+00
 716  710 -5.659200e+09
 600  594 -1.760640e+10
 226  224  0.000000e+00
 464  470 -5.659200e+09
 109  119  4.421250e+07
 742  736 -4.001086e+06
 289  293  0.000000e+00
 107  103  0.000000e+00
 199  193 -5.659200e+09
 274  278  4.421250e+07
 349  349  1.131840e+10
 542  550 -4.421250e+07
  92   98 -5.659200e+09
 439  449  4.421250e+07
 332  334  0.000000e+00
 518  524 -5.659200e+09
 146  142  4.421250e+07
 689  685  0.000000e+00
 722  728 -5.659200e+09
  41   37  0.000000e+00
 499  499  1.131840e+10
 707  697  4.421250e+07
 615  615  2.702658e+05
  40   34 -4.001086e+06
 634  634  9.383812e+06
  25   35  4.421250e+07
 481  481  1.131840e+10
  95   95  5.680793e+07
 405  411 -1.351329e+05
 255  255  2.702658e+05
 278  274  4.421250e+07
 102  108 -1.760640e+10
  47   47  5.680793e+07
 705  699 -1.351329e+05
 571  575  0.000000e+00
 716  712  4.421250e+07
 402  396 -1.760640e+10
 324  318 -1.760640e+10
 101  107 -2.771314e+07
 772  772  4.691906e+06
 535  529 -5.659200e+09
 506  512 -5.659200e+09
 236  232  4.421250e+07
 305  311 -2.771314e+07
 541  547 -5.659200e+09
 371  367  0.000000e+00
 507  513 -1.351329e+05
 368  368  1.131840e+10
 637  635 -4.421250e+07
  82   74 -4.421250e+07
 544  538 -4.001086e+06
 220  226 -4.001086e+06
 271  277 -5.659200e+09
 585  591 -1.351329e+05
 471  477 -1.351329e+05
 757  755 -4.421250e+07
 553  551 -4.421250e+07
  47   43  0.000000e+00
 517  511 -5.659200e+09
 621  627 -1.351329e+05
 760  752 -4.421250e+07
 623  617 -2.771314e+07
 427  425 -4.421250e+07
  84   78 -1.760640e+10
 574  566 -4.421250e+07
 682  688 -4.001086e+06
 302  302  1.131840e+10
  38   40  0.000000e+00
 494  502 -4.421250e+07
 246  240 -1.760640e+10
 725  725  5.680793e+07
 637  643 -5.659200e+09
 449  439  4.421250e+07
 619  617 -4.421250e+07
 497  491 -2.771314e+07
  47   53 -2.771314e+07
 746  748  0.000000e+00
   6   12 -1.760640e+10
  98   94  4.421250e+07
 373  371 -4.421250e+07
  62   64  0.000000e+00
  57   57  2.702658e+05
 613  607 -5.659200e+09
 176  176  1.131840e+10
 202  206  4.421250e+07
 620  628 -4.421250e+07
 751  755  0.000000e+00
  62   70 -4.421250e+07
 511  521  4.421250e+07
 134  134  1.131840e+10
 392  394  0.000000e+00
 684  690 -1.760640e+10
 157  157  1.131840e+10
 577  583 -5.659200e+09
 111  111  2.702658e+05
 181  181  1.131840e+10
 212  214  0.000000e+00
 136  128 -4.421250e+07
 454  460 -4.001086e+06
 635  641 -2.771314e+07
 121  125  0.000000e+00
 514  508 -4.001086e+06
 331  329 -4.421250e+07
 679  679  1.131840e+10
 682  674 -4.421250e+07
 456  456  3.521280e+10
 477  483 -1.351329e+05
 128  136 -4.421250e+07
 106  106  9.383812e+06
 748  748  9.383812e+06
  67   71  0.000000e+00
 474  468 -1.760640e+10
 559  569  4.421250e+07
 755  755  5.680793e+07
 217  227  4.421250e+07
 629  619  4.421250e+07
  26   34 -4.421250e+07
 215  221 -2.771314e+07
 100   94 -4.001086e+06
  71   67  0.000000e+00
  42   48 -1.760640e+10
 490  490  9.383812e+06
 113  115 -4.421250e+07
 736  734  0.000000e+00
 609  603 -1.351329e+05
 191  181  4.421250e+07
  98  100  0.000000e+00
 180  174 -1.760640e+10
 731  731  5.680793e+07
 255  261 -1.351329e+05
 325  325  1.131840e+10
 302  310 -4.421250e+07
 675  675  2.702658e+05
 205  205  1.131840e+10
 461  451  4.421250e+07
 759  759  2.702658e+05
 676  682 -4.001086e+06
 572  566 -5.659200e+09
 118  122  4.421250e+07
 411  417 -1.351329e+05
 265  259 -5.659200e+09
  95   89 -2.771314e+07
 332  340 -4.421250e+07
  20   22  0.000000e+00
 769  763 -5.659200e+09
 182  176 -5.659200e+09
 530  536 -5.659200e+09
 425  427 -4.421250e+07
 268  272  4.421250e+07
 194  194  1.131840e+10
 297  291 -1.351329e+05
   8    4  4.421250e+07
 466  472 -4.001086e+06
 393  387 -1.351329e+05
 629  635 -2.771314e+07
 647  647  5.680793e+07
 185  187 -4.421250e+07
 575  565  4.421250e+07
  19   19  1.131840e+10
 356  364 -4.421250e+07
 409  403 -5.659200e+09
 374  374  1.131840e+10
 710  716 -5.659200e+09
 361  355 -5.659200e+09
 152  152  1.131840e+10
 520  524  4.421250e+07
 196  196  9.383812e+06
 680  674 -5.659200e+09
 667  665 -4.421250e+07
  72   78 -1.760640e+10
 704  712 -4.421250e+07
 700  694 -4.001086e+06
 689  695 -2.771314e+07
  64   56 -4.421250e+07
 340  346 -4.001086e+06
  11   17 -2.771314e+07
 361  371  4.421250e+07
 197  197  5.680793e+07
 318  312 -1.760640e+10
 526  532 -4.001086e+06
 670  676 -4.001086e+06
 198  204 -1.760640e+10
 381  387 -1.351329e+05
 215  217 -4.421250e+07
 560  562  0.000000e+00
 167  161 -2.771314e+07
 688  682 -4.001086e+06
 254  248 -5.659200e+09
 569  571 -4.421250e+07
 260  256  4.421250e+07
 653  659 -2.771314e+07
 328  332  4.421250e+07
 326  326  1.131840e+10
 659  653 -2.771314e+07
 126  126  3.521280e+10
  89   85  0.000000e+00
 259  259  1.131840e+10
  61   65  0.000000e+00
 102   96 -1.760640e+10
 632  632  1.131840e+10
 496  488 -4.421250e+07
 487  491  0.000000e+00
 434  442 -4.421250e+07
 284  280  4.421250e+07
 195  189 -1.351329e+05
 107  109 -4.421250e+07
 139  139  1.131840e+10
 681  687 -1.351329e+05
 300  300  3.521280e+10
  91   85 -5.659200e+09
 114  120 -1.760640e+10
 527  523  0.000000e+00
 756  756  3.521280e+10
 383  383  5.680793e+07
 145  149  0.000000e+00
 138  144 -1.760640e+10
 183  177 -1.351329e+05
 407  407  5.680793e+07
 746  754 -4.421250e+07
 728  728  1.131840e+10
  63   63  2.702658e+05
   3    3  1.351329e+05
   4    8  4.421250e+07
  82   86  4.421250e+07
 539  541 -4.421250e+07
   1    7 -5.659200e+09
 415  421 -5.659200e+09
 368  370  0.000000e+00
 118  118  9.383812e+06
 122  116 -5.659200e+09
 574  574  9.383812e+06
 506  508  0.000000e+00
 431  433 -4.421250e+07
  97   91 -5.659200e+09
 499  503  0.000000e+00
 294  288 -1.760640e+10
 117  111 -1.351329e+05
 341  337  0.000000e+00
 257  251 -2.771314e+07
 524  524  1.131840e+10
 607  601 -5.659200e+09
 397  395 -4.421250e+07
 250  254  4.421250e+07
 658  662  4.421250e+07
 185  185  5.680793e+07
 716  718  0.000000e+00
  60   54 -1.760640e+10
 225  219 -1.351329e+05
 596  590 -5.659200e+09
 341  335 -2.771314e+07
 398  394  4.421250e+07
 382  380  0.000000e+00
 291  291  2.702658e+05
 301  295 -5.659200e+09
 701  691  4.421250e+07
  15   15  2.702658e+05
  40   32 -4.421250e+07
  46   40 -4.001086e+06
  78   72 -1.760640e+10
  46   38 -4.421250e+07
 605  607 -4.421250e+07
 483  489 -1.351329e+05
  52   56  4.421250e+07
 119  119  5.680793e+07
 605  595  4.421250e+07
 189  189  2.702658e+05
  96  102 -1.760640e+10
   4   10 -4.001086e+06
 413  407 -2.771314e+07
 571  581  4.421250e+07
 427  427  1.131840e+10
 145  139 -5.659200e+09
 642  648 -1.760640e+10
 757  751 -5.659200e+09
 319  313 -5.659200e+09
 210  216 -1.760640e+10
  49   47 -4.421250e+07
 219  225 -1.351329e+05
   9    9  2.702658e+05
 703  701 -4.421250e+07
 264  264  3.521280e+10
 286  290  4.421250e+07
 481  485  0.000000e+00
 747  741 -1.351329e+05
 293  293  5.680793e+07
 745  739 -5.659200e+09
 674  682 -4.421250e+07
 121  131  4.421250e+07
 385  389  0.000000e+00
 468  474 -1.760640e+10
  37   43 -5.659200e+09
 158  152 -5.659200e+09
  14   22 -4.421250e+07
 625  631 -5.659200e+09
 247  241 -5.659200e+09
 733  727 -5.659200e+09
 608  602 -5.659200e+09
 505  499 -5.659200e+09
  82   76 -4.001086e+06
 502  500  0.000000e+00
 391  389 -4.421250e+07
 476  470 -5.659200e+09
 584  580  4.421250e+07
 713  719 -2.771314e+07
 270  270  3.521280e+10
 178  182  4.421250e+07
 312  306 -1.760640e+10
 690  684 -1.760640e+10
 594  600 -1.760640e+10
 430  428  0.000000e+00
 637  631 -5.659200e+09
 249  249  2.702658e+05
 368  364  4.421250e+07
 617  611 -2.771314e+07
 143  139  0.000000e+00
  40   40  9.383812e+06
 769  773 -4.421250e+07
 262  260  0.000000e+00
 221  223 -4.421250e+07
 677  683 -2.771314e+07
 509  499  4.421250e+07
  79   73 -5.659200e+09
 610  604 -4.001086e+06
 115  115  1.131840e+10
 434  436  0.000000e+00
 489  489  2.702658e+05
 718  724 -4.001086e+06
 181  191  4.421250e+07
 137  131 -2.771314e+07
 714  714  3.521280e+10
 720  714 -1.760640e+10
 224  232 -4.421250e+07
  55   49 -5.659200e+09
 349  359  4.421250e+07
 364  356 -4.421250e+07
  16   16  9.383812e+06
 400  404  4.421250e+07
 284  286  0.000000e+00
 421  419 -4.421250e+07
  35   41 -2.771314e+07
 265  271 -5.659200e+09
 165  171 -1.351329e+05
 352  344 -4.421250e+07
 131  133 -4.421250e+07
 727  733 -5.659200e+09
 592  598 -4.001086e+06
 180  180  3.521280e+10
 742  740  0.000000e+00
 410  404 -5.659200e+09
  34   28 -4.001086e+06
 744  750 -1.760640e+10
 493  499 -5.659200e+09
 379  379  1.131840e+10
 112  118 -4.001086e+06
 342  348 -1.760640e+10
 224  218 -5.659200e+09
 330  336 -1.760640e+10
 185  175  4.421250e+07
 631  625 -5.659200e+09
 545  547 -4.421250e+07
 305  299 -2.771314e+07
  65   61  0.000000e+00
 742  742  9.383812e+06
 693  693  2.702658e+05
 320  326 -5.659200e+09
 772  764 -4.421250e+07
 230  224 -5.659200e+09
 130  136 -4.001086e+06
  62   56 -5.659200e+09
 713  709  0.000000e+00
 627  633 -1.351329e+05
  33   33  2.702658e+05
  41   35 -2.771314e+07
 125  121  0.000000e+00
 205  199 -5.659200e+09
 446  452 -5.659200e+09
   1   11  4.421250e+07
 685  695  4.421250e+07
 445  439 -5.659200e+09
 750  750  3.521280e+10
 226  220 -4.001086e+06
 685  685  1.131840e+10
 740  734 -5.659200e+09
 578  584 -5.659200e+09
 262  256 -4.001086e+06
  76   70 -4.001086e+06
  23   13  4.421250e+07
 404  410 -5.659200e+09
 341  331  4.421250e+07
 732  726 -1.760640e+10
 311  317 -2.771314e+07
 575  571  0.000000e+00
 256  254  0.000000e+00
 478  472 -4.001086e+06
 613  613  1.131840e+10
 620  626 -5.659200e+09
 297  297  2.702658e+05
 492  486 -1.760640e+10
 616  622 -4.001086e+06
 666  672 -1.760640e+10
 443  449 -2.771314e+07
 745  749  0.000000e+00
 652  656  4.421250e+07
 322  322  9.383812e+06
 278  272 -5.659200e+09
 706  698 -4.421250e+07
 621  615 -1.351329e+05
 568  572  4.421250e+07
  74   74  1.131840e+10
 421  421  1.131840e+10
 749  743 -2.771314e+07
 249  255 -1.351329e+05
 656  652  4.421250e+07
 738  732 -1.760640e+10
 147  153 -1.351329e+05
 670  674  4.421250e+07
 106  100 -4.001086e+06
 692  700 -4.421250e+07
 281  277  0.000000e+00
  72   72  3.521280e+10
 622  626  4.421250e+07
 658  656  0.000000e+00
 307  307  1.131840e+10
 734  734  1.131840e+10
 768  762 -1.760640e+10
 452  460 -4.421250e+07
 564  570 -1.760640e+10
  13   19 -5.659200e+09
 389  395 -2.771314e+07
 154  146 -4.421250e+07
 139  143  0.000000e+00
 137  137  5.680793e+07
 498  504 -1.760640e+10
 314  308 -5.659200e+09
 147  141 -1.351329e+05
 746  752 -5.659200e+09
 175  181 -5.659200e+09
 299  299  5.680793e+07
 634  628 -4.001086e+06
 577  587  4.421250e+07
  44   44  1.131840e+10
 556  550 -4.001086e+06
 488  482 -5.659200e+09
 565  571 -5.659200e+09
 519  513 -1.351329e+05
 686  692 -5.659200e+09
 517  517  1.131840e+10
 342  336 -1.760640e+10
  66   72 -1.760640e+10
 425  419 -2.771314e+07
 500  506 -5.659200e+09
 250  244 -4.001086e+06
 650  650  1.131840e+10
 737  733  0.000000e+00
  83   77 -2.771314e+07
 721  715 -5.659200e+09
 345  339 -1.351329e+05
 663  663  2.702658e+05
 490  484 -4.001086e+06
 190  188  0.000000e+00
 486  480 -1.760640e+10
 561  555 -1.351329e+05
 392  392  1.131840e+10
 275  271  0.000000e+00
 281  281  5.680793e+07
  70   62 -4.421250e+07
  98  104 -5.659200e+09
 577  577  1.131840e+10
 365  371 -2.771314e+07
 146  140 -5.659200e+09
 628  634 -4.001086e+06
  29   31 -4.421250e+07
  12    6 -1.760640e+10
  63   57 -1.351329e+05
 535  533 -4.421250e+07
 721  731  4.421250e+07
 480  474 -1.760640e+10
 605  605  5.680793e+07
 743  733  4.421250e+07
 292  284 -4.421250e+07
 424  416 -4.421250e+07
 468  462 -1.760640e+10
 225  225  2.702658e+05
 749  755 -2.771314e+07
  77   73  0.000000e+00
 379  383  0.000000e+00
  94   94  9.383812e+06
 470  472  0.000000e+00
 309  303 -1.351329e+05
 200  194 -5.659200e+09
 444  438 -1.760640e+10
 318  318  3.521280e+10
 442  434 -4.421250e+07
 160  166 -4.001086e+06
 320  316  4.421250e+07
 112  104 -4.421250e+07
 493  493  1.131840e+10
  51   45 -1.351329e+05
 127  137  4.421250e+07
 190  184 -4.001086e+06
  68   64  4.421250e+07
 674  676  0.000000e+00
 527  529 -4.421250e+07
 203  197 -2.771314e+07
   5    5  2.840396e+07
 259  269  4.421250e+07
 755  757 -4.421250e+07
 435  435  2.702658e+05
 288  288  3.521280e+10
 449  443 -2.771314e+07
 215  209 -2.771314e+07
 337  337  1.131840e+10
 562  566  4.421250e+07
 144  138 -1.760640e+10
 582  582  3.521280e+10
 491  491  5.680793e+07
 316  320  4.421250e+07
 260  262  0.000000e+00
 566  560 -5.659200e+09
 645  639 -1.351329e+05
 100  106 -4.001086e+06
 450  444 -1.760640e+10
 578  572 -5.659200e+09
 701  697  0.000000e+00
 759  753 -1.351329e+05
 746  742  4.421250e+07
  59   65 -2.771314e+07
 139  133 -5.659200e+09
 233  233  5.680793e+07
 587  589 -4.421250e+07
 557  553  0.000000e+00
 476  484 -4.421250e+07
 187  181 -5.659200e+09
 116  112  4.421250e+07
 140  142  0.000000e+00
 304  310 -4.001086e+06
  37   37  1.131840e+10
 544  550 -4.001086e+06
 167  163  0.000000e+00
 728  722 -5.659200e+09
 302  308 -5.659200e+09
 484  482  0.000000e+00
 576  576  3.521280e+10
 353  353  5.680793e+07
 568  560 -4.421250e+07
 556  556  9.383812e+06
 418  410 -4.421250e+07
 586  586  9.383812e+06
 117  117  2.702658e+05
 682  676 -4.001086e+06
 137  139 -4.421250e+07
 187  193 -5.659200e+09
 688  692  4.421250e+07
 209  209  5.680793e+07
 175  185  4.421250e+07
 619  623  0.000000e+00
   7    1 -5.659200e+09
 404  406  0.000000e+00
 137  127  4.421250e+07
 598  592 -4.001086e+06
 369  369  2.702658e+05
 726  720 -1.760640e+10
 674  668 -5.659200e+09
 251  247  0.000000e+00
 533  523  4.421250e+07
 262  268 -4.001086e+06
 493  487 -5.659200e+09
 728  724  4.421250e+07
  87   93 -1.351329e+05
 155  145  4.421250e+07
 749  749  5.680793e+07
 304  304  9.383812e+06
 287  289 -4.421250e+07
  50   46  4.421250e+07
 554  554  1.131840e+10
 414  408 -1.760640e+10
  45   51 -1.351329e+05
 136  134  0.000000e+00
 236  244 -4.421250e+07
 452  448  4.421250e+07
 513  513  2.702658e+05
 428  430  0.000000e+00
 695  701 -2.771314e+07
 586  580 -4.001086e+06
 631  631  1.131840e+10
 708  714 -1.760640e+10
 148  140 -4.421250e+07
 438  432 -1.760640e+10
 395  401 -2.771314e+07
 334  340 -4.001086e+06
 372  378 -1.760640e+10
 292  286 -4.001086e+06
 621  621  2.702658e+05
 496  494  0.000000e+00
 649  649  1.131840e+10
 701  695 -2.771314e+07
  53   59 -2.771314e+07
 174  174  3.521280e+10
 130  130  9.383812e+06
 376  380  4.421250e+07
 440  448 -4.421250e+07
 178  172 -4.001086e+06
 565  569  0.000000e+00
 518  526 -4.421250e+07
 679  677 -4.421250e+07
 242  248 -5.659200e+09
 256  256  9.383812e+06
 113  119 -2.771314e+07
 528  534 -1.760640e+10
 610  610  9.383812e+06
 661  659 -4.421250e+07
  79   79  1.131840e+10
 301  305  0.000000e+00
 275  275  5.680793e+07
 542  548 -5.659200e+09
 617  623 -2.771314e+07
 667  673 -5.659200e+09
 637  637  1.131840e+10
 142  142  9.383812e+06
 331  325 -5.659200e+09
 428  428  1.131840e+10
 273  279 -1.351329e+05
 633  639 -1.351329e+05
 445  449  0.000000e+00
 258  258  3.521280e+10
 742  734 -4.421250e+07
 206  212 -5.659200e+09
 711  705 -1.351329e+05
 503  497 -2.771314e+07
 194  196  0.000000e+00
 763  769 -5.659200e+09
 314  310  4.421250e+07
  86   88  0.000000e+00
 600  600  3.521280e+10
 496  502 -4.001086e+06
 472  470  0.000000e+00
  50   52  0.000000e+00
 323  319  0.000000e+00
 728  734 -5.659200e+09
   1    1  5.659200e+09
 592  596  4.421250e+07
 524  526  0.000000e+00
  16   14  0.000000e+00
 439  433 -5.659200e+09
 287  287  5.680793e+07
 549  549  2.702658e+05
 319  323  0.000000e+00
 206  206  1.131840e+10
 107  107  5.680793e+07
 161  151  4.421250e+07
 529  535 -5.659200e+09
  38   32 -5.659200e+09
 361  359 -4.421250e+07
 490  482 -4.421250e+07
 448  448  9.383812e+06
 545  541  0.000000e+00
 492  498 -1.760640e+10
 362  370 -4.421250e+07
  23   29 -2.771314e+07
 139  145 -5.659200e+09
 600  606 -1.760640e+10
 611  617 -2.771314e+07
 258  252 -1.760640e+10
 710  704 -5.659200e+09
  32   40 -4.421250e+07
 100   92 -4.421250e+07
  65   65  5.680793e+07
 311  313 -4.421250e+07
 381  375 -1.351329e+05
 214  208 -4.001086e+06
 556  560  4.421250e+07
 573  573  2.702658e+05
 266  260 -5.659200e+09
 458  458  1.131840e+10
 279  285 -1.351329e+05
 119  125 -2.771314e+07
 360  360  3.521280e+10
 385  391 -5.659200e+09
 221  215 -2.771314e+07
 118  110 -4.421250e+07
 738  738  3.521280e+10
 450  450  3.521280e+10
 632  626 -5.659200e+09
 412  404 -4.421250e+07
 372  366 -1.760640e+10
 732  738 -1.760640e+10
 471  471  2.702658e+05
 322  326  4.421250e+07
 743  743  5.680793e+07
 644  652 -4.421250e+07
 379  389  4.421250e+07
 575  581 -2.771314e+07
 771  771  1.351329e+05 (Module: assembly, Line: 384)
2026-02-26 16:18:16,484 [INFO] 📊 Performance Metrics:
  Assembly Time: 0.03s
  Elements Processed: 128
  Matrix Density: 6.43e-03
  Memory Usage: 0.03MB
  Processing Rate: 3759.1 elements/s (Module: assembly, Line: 360)
2026-02-26 16:18:16,484 [INFO] ✅ Assembly complete. (Module: assembly, Line: 127)
