
=== Element 7 Force Vector Computation ===

=== Distributed Loads ===
=== N (12, 6) ===
[[ 0.887298  0.        0.        0.        0.        0.      ]
 [ 0.        0.964758  0.        0.        0.        0.      ]
 [ 0.        0.        0.964758  0.        0.        0.      ]
 [ 0.        0.        0.        0.887298  0.        0.      ]
 [ 0.        0.        0.        0.       -0.001386  0.      ]
 [ 0.        0.        0.        0.        0.        0.001386]
 [ 0.112702  0.        0.        0.        0.        0.      ]
 [ 0.        0.035242  0.        0.        0.        0.      ]
 [ 0.        0.        0.035242  0.        0.        0.      ]
 [ 0.        0.        0.        0.112702  0.        0.      ]
 [ 0.        0.        0.        0.        0.000176  0.      ]
 [ 0.        0.        0.        0.        0.       -0.000176]]

=== q (6,) ===
[ 0.     -1.5439  0.      0.      0.      0.    ]

=== N (12, 6) ===
[[ 0.5       0.        0.        0.        0.        0.      ]
 [ 0.        0.5       0.        0.        0.        0.      ]
 [ 0.        0.        0.5       0.        0.        0.      ]
 [ 0.        0.        0.        0.5       0.        0.      ]
 [ 0.        0.        0.        0.       -0.001953  0.      ]
 [ 0.        0.        0.        0.        0.        0.001953]
 [ 0.5       0.        0.        0.        0.        0.      ]
 [ 0.        0.5       0.        0.        0.        0.      ]
 [ 0.        0.        0.5       0.        0.        0.      ]
 [ 0.        0.        0.        0.5       0.        0.      ]
 [ 0.        0.        0.        0.        0.001953  0.      ]
 [ 0.        0.        0.        0.        0.       -0.001953]]

=== q (6,) ===
[ 0.       -1.716614  0.        0.        0.        0.      ]

=== N (12, 6) ===
[[ 0.112702  0.        0.        0.        0.        0.      ]
 [ 0.        0.035242  0.        0.        0.        0.      ]
 [ 0.        0.        0.035242  0.        0.        0.      ]
 [ 0.        0.        0.        0.112702  0.        0.      ]
 [ 0.        0.        0.        0.       -0.000176  0.      ]
 [ 0.        0.        0.        0.        0.        0.000176]
 [ 0.887298  0.        0.        0.        0.        0.      ]
 [ 0.        0.964758  0.        0.        0.        0.      ]
 [ 0.        0.        0.964758  0.        0.        0.      ]
 [ 0.        0.        0.        0.887298  0.        0.      ]
 [ 0.        0.        0.        0.        0.001386  0.      ]
 [ 0.        0.        0.        0.        0.       -0.001386]]

=== q (6,) ===
[ 0.       -1.898482  0.        0.        0.        0.      ]

=== Total Fe (12,) ===
[[ 0.       -0.012716  0.        0.        0.        0.        0.       -0.014146  0.
   0.        0.        0.      ]]

=== Final Force Vector ===
[[ 0.       -0.012716  0.        0.        0.        0.        0.       -0.014146  0.        0.        0.
   0.      ]]

