
=== Element 104 Force Vector Computation ===

=== Distributed Loads ===
=== N (12, 6) ===
[[ 0.887298  0.        0.        0.        0.        0.      ]
 [ 0.        0.964758  0.        0.        0.        0.      ]
 [ 0.        0.        0.964758  0.        0.        0.      ]
 [ 0.        0.        0.        0.887298  0.        0.      ]
 [ 0.        0.        0.        0.       -0.001386  0.      ]
 [ 0.        0.        0.        0.        0.        0.001386]
 [ 0.112702  0.        0.        0.        0.        0.      ]
 [ 0.        0.035242  0.        0.        0.        0.      ]
 [ 0.        0.        0.035242  0.        0.        0.      ]
 [ 0.        0.        0.        0.112702  0.        0.      ]
 [ 0.        0.        0.        0.        0.000176  0.      ]
 [ 0.        0.        0.        0.        0.       -0.000176]]

=== q (6,) ===
[   0.       -330.793904    0.          0.          0.          0.      ]

=== N (12, 6) ===
[[ 0.5       0.        0.        0.        0.        0.      ]
 [ 0.        0.5       0.        0.        0.        0.      ]
 [ 0.        0.        0.5       0.        0.        0.      ]
 [ 0.        0.        0.        0.5       0.        0.      ]
 [ 0.        0.        0.        0.       -0.001953  0.      ]
 [ 0.        0.        0.        0.        0.        0.001953]
 [ 0.5       0.        0.        0.        0.        0.      ]
 [ 0.        0.5       0.        0.        0.        0.      ]
 [ 0.        0.        0.5       0.        0.        0.      ]
 [ 0.        0.        0.        0.5       0.        0.      ]
 [ 0.        0.        0.        0.        0.001953  0.      ]
 [ 0.        0.        0.        0.        0.       -0.001953]]

=== q (6,) ===
[   0.       -333.259583    0.          0.          0.          0.      ]

=== N (12, 6) ===
[[ 0.112702  0.        0.        0.        0.        0.      ]
 [ 0.        0.035242  0.        0.        0.        0.      ]
 [ 0.        0.        0.035242  0.        0.        0.      ]
 [ 0.        0.        0.        0.112702  0.        0.      ]
 [ 0.        0.        0.        0.       -0.000176  0.      ]
 [ 0.        0.        0.        0.        0.        0.000176]
 [ 0.887298  0.        0.        0.        0.        0.      ]
 [ 0.        0.964758  0.        0.        0.        0.      ]
 [ 0.        0.        0.964758  0.        0.        0.      ]
 [ 0.        0.        0.        0.887298  0.        0.      ]
 [ 0.        0.        0.        0.        0.001386  0.      ]
 [ 0.        0.        0.        0.        0.       -0.001386]]

=== q (6,) ===
[   0.       -335.734416    0.          0.          0.          0.      ]

=== Total Fe (12,) ===
[[ 0.       -2.593644  0.        0.        0.        0.        0.       -2.613576  0.
   0.        0.        0.      ]]

=== Final Force Vector ===
[[ 0.       -2.593644  0.        0.        0.        0.        0.       -2.613576  0.        0.        0.
   0.      ]]

