--------------------------------------------------------------------------
Machine specifications – written 2026-02-26 16:18:05.833708
OS          : Windows 11 (10.0.26100)
CPU         : 12th Gen Intel(R) Core(TM) i7-12700
   logical  : 20
   physical : 12
RAM         : 31.24 GB
Disk        : 943.72 GB total  /  2.53 GB free
Python      : 3.12.5  (C:\Users\s1834431\AppData\Local\Programs\Python\Python312\python.exe)
GPU(s)      : Intel(R) UHD Graphics 770
--------------------------------------------------------------------------

Runtime telemetry header written → C:\Users\s1834431\Programs\fem_model\post_processing\results\job_0005_n64_2026-02-26_16-18-01-501243_pid18316_546490a0\diagnostics\RuntimeMonitorTelemetry.log
2026-02-26 16:18:06 │ PrepareLocalSystem BEGIN   │ Δt  0.00 s │ RAM   136.5 MB │ CPU   8.3 % │ Disk  941.2 GB
2026-02-26 16:18:06 │ PrepareLocalSystem END     │ Δt  0.21 s │ RAM   136.5 MB │ CPU   6.9 % │ Disk  941.2 GB
2026-02-26 16:18:06 │ AssembleGlobalSystem BEGIN │ Δt  0.20 s │ RAM   136.5 MB │ CPU  13.9 % │ Disk  941.2 GB
2026-02-26 16:18:06 │ AssembleGlobalSystem END   │ Δt  0.23 s │ RAM   136.6 MB │ CPU   7.3 % │ Disk  941.2 GB
2026-02-26 16:18:07 │ ModifyGlobalSystem BEGIN   │ Δt  0.42 s │ RAM   136.8 MB │ CPU  12.9 % │ Disk  941.2 GB
2026-02-26 16:18:07 │ ModifyGlobalSystem END     │ Δt  0.22 s │ RAM   136.8 MB │ CPU  13.7 % │ Disk  941.2 GB
2026-02-26 16:18:07 │ CondenseModifiedSystem BEGIN │ Δt  0.37 s │ RAM   136.8 MB │ CPU  17.6 % │ Disk  941.2 GB
2026-02-26 16:18:07 │ CondenseModifiedSystem END │ Δt  0.23 s │ RAM   136.8 MB │ CPU  14.4 % │ Disk  941.2 GB
2026-02-26 16:18:08 │ SolveCondensedSystem BEGIN │ Δt  0.38 s │ RAM   136.9 MB │ CPU  14.1 % │ Disk  941.2 GB
2026-02-26 16:18:08 │ SolveCondensedSystem END   │ Δt  0.21 s │ RAM   136.9 MB │ CPU   7.8 % │ Disk  941.2 GB
2026-02-26 16:18:08 │ ReconstructGlobalSystem BEGIN │ Δt  0.20 s │ RAM   136.9 MB │ CPU   7.2 % │ Disk  941.2 GB
2026-02-26 16:18:09 │ ReconstructGlobalSystem END │ Δt  0.22 s │ RAM   136.9 MB │ CPU  14.9 % │ Disk  941.2 GB
2026-02-26 16:18:09 │ ComputePrimaryResults BEGIN │ Δt  0.20 s │ RAM   136.9 MB │ CPU   5.2 % │ Disk  941.2 GB
2026-02-26 16:18:09 │ ComputePrimaryResults END  │ Δt  0.49 s │ RAM   136.9 MB │ CPU   6.9 % │ Disk  941.2 GB
2026-02-26 16:18:09 │ SaveFormulationCache BEGIN │ Δt  0.20 s │ RAM   136.9 MB │ CPU   4.8 % │ Disk  941.2 GB
2026-02-26 16:18:10 │ SaveFormulationCache END   │ Δt  0.42 s │ RAM   136.9 MB │ CPU  12.0 % │ Disk  941.2 GB
2026-02-26 16:18:10 │ ComputeSecondaryResults BEGIN │ Δt  0.20 s │ RAM   136.9 MB │ CPU   8.0 % │ Disk  941.2 GB
2026-02-26 16:18:10 │ ComputeSecondaryResults END │ Δt  0.28 s │ RAM   136.9 MB │ CPU  17.8 % │ Disk  941.2 GB
2026-02-26 16:18:11 │ ComputeTertiaryResults BEGIN │ Δt  0.20 s │ RAM   136.9 MB │ CPU  10.3 % │ Disk  941.2 GB
2026-02-26 16:18:11 │ ComputeTertiaryResults END │ Δt  0.29 s │ RAM   136.9 MB │ CPU  18.5 % │ Disk  941.2 GB
