Machine Specifications:
   - OS: Windows 11 (10.0.26100)
       • Logical cores: 20
       • Physical cores: 12
   - RAM: 31.24 GB
   - Disk: 943.72 GB total, 2.46 GB free
   - Python Version: 3.12.5 (C:\Users\s1834431\AppData\Local\Programs\Python\Python312\python.exe)
   - GPU(s): Intel(R) UHD Graphics 770

Job: job_0011_n64
Timestamp (job start): 2026-02-26_16-19-52-150090
Total Time: 9.35 sec

+-------------------------------+------------+---------------+-------------+-----------+
| Step                          |   Time (s) |   Memory (MB) |   Disk (GB) |   CPU (%) |
+===============================+============+===============+=============+===========+
| Parsing                       | 0.00830173 |       137.742 |     941.249 |         0 |
+-------------------------------+------------+---------------+-------------+-----------+
| Element Instantiation         | 0.645875   |       137.742 |     941.25  |         0 |
+-------------------------------+------------+---------------+-------------+-----------+
| Element Stiffness Computation | 0.70732    |       137.801 |     941.251 |         0 |
+-------------------------------+------------+---------------+-------------+-----------+
| Element Force Computation     | 0.633149   |       137.801 |     941.252 |         0 |
+-------------------------------+------------+---------------+-------------+-----------+
| Full Simulation               | 6.74099    |       138.227 |     941.255 |         0 |
+-------------------------------+------------+---------------+-------------+-----------+

Parallel Jobs: None
Start Memory: 137.74 MB | End Memory: 138.23 MB
Start Disk Usage: 941.25 GB | End Disk Usage: 941.26 GB
Start CPU: 0.00% | End CPU: 0.00%
