
=== Element 2 Force Vector Computation ===

=== Distributed Loads ===
=== N (12, 6) ===
[[ 0.887298  0.        0.        0.        0.        0.      ]
 [ 0.        0.964758  0.        0.        0.        0.      ]
 [ 0.        0.        0.964758  0.        0.        0.      ]
 [ 0.        0.        0.        0.887298  0.        0.      ]
 [ 0.        0.        0.        0.       -0.022182  0.      ]
 [ 0.        0.        0.        0.        0.        0.022182]
 [ 0.112702  0.        0.        0.        0.        0.      ]
 [ 0.        0.035242  0.        0.        0.        0.      ]
 [ 0.        0.        0.035242  0.        0.        0.      ]
 [ 0.        0.        0.        0.112702  0.        0.      ]
 [ 0.        0.        0.        0.        0.002818  0.      ]
 [ 0.        0.        0.        0.        0.       -0.002818]]

=== q (6,) ===
[   0.       -132.043854    0.          0.          0.          0.      ]

=== N (12, 6) ===
[[ 0.5      0.       0.       0.       0.       0.     ]
 [ 0.       0.5      0.       0.       0.       0.     ]
 [ 0.       0.       0.5      0.       0.       0.     ]
 [ 0.       0.       0.       0.5      0.       0.     ]
 [ 0.       0.       0.       0.      -0.03125  0.     ]
 [ 0.       0.       0.       0.       0.       0.03125]
 [ 0.5      0.       0.       0.       0.       0.     ]
 [ 0.       0.5      0.       0.       0.       0.     ]
 [ 0.       0.       0.5      0.       0.       0.     ]
 [ 0.       0.       0.       0.5      0.       0.     ]
 [ 0.       0.       0.       0.       0.03125  0.     ]
 [ 0.       0.       0.       0.       0.      -0.03125]]

=== q (6,) ===
[   0.   -156.25    0.      0.      0.      0.  ]

=== N (12, 6) ===
[[ 0.112702  0.        0.        0.        0.        0.      ]
 [ 0.        0.035242  0.        0.        0.        0.      ]
 [ 0.        0.        0.035242  0.        0.        0.      ]
 [ 0.        0.        0.        0.112702  0.        0.      ]
 [ 0.        0.        0.        0.       -0.002818  0.      ]
 [ 0.        0.        0.        0.        0.        0.002818]
 [ 0.887298  0.        0.        0.        0.        0.      ]
 [ 0.        0.964758  0.        0.        0.        0.      ]
 [ 0.        0.        0.964758  0.        0.        0.      ]
 [ 0.        0.        0.        0.887298  0.        0.      ]
 [ 0.        0.        0.        0.        0.022182  0.      ]
 [ 0.        0.        0.        0.        0.       -0.022182]]

=== q (6,) ===
[   0.       -180.456146    0.          0.          0.          0.      ]

=== Total Fe (12,) ===
[[  0.      -17.96875   0.        0.        0.        0.        0.      -21.09375   0.
    0.        0.        0.     ]]

=== Final Force Vector ===
[[  0.      -17.96875   0.        0.        0.        0.        0.      -21.09375   0.        0.        0.
    0.     ]]

