2025-11-15 15:04:14,839 [DEBUG]: 🟢 ElementFactory logger initialised.
2025-11-15 15:04:14,839 [INFO]: 🚩 Starting batch element creation.
2025-11-15 15:04:14,839 [DEBUG]: Element IDs sanitised: [0, 1, 2, 3, 4, 5, 6, 7, 8, 9, 10, 11, 12, 13, 14, 15, 16, 17, 18, 19, 20, 21, 22, 23, 24, 25, 26, 27, 28, 29, 30, 31, 32, 33, 34, 35, 36, 37, 38, 39, 40, 41, 42, 43, 44, 45, 46, 47, 48, 49, 50, 51, 52, 53, 54, 55, 56, 57, 58, 59, 60, 61, 62, 63, 64, 65, 66, 67, 68, 69, 70, 71, 72, 73, 74, 75, 76, 77, 78, 79, 80, 81, 82, 83, 84, 85, 86, 87, 88, 89, 90, 91, 92, 93, 94, 95, 96, 97, 98, 99, 100, 101, 102, 103, 104, 105, 106, 107, 108, 109, 110, 111, 112, 113, 114, 115, 116, 117, 118, 119, 120, 121, 122, 123, 124, 125, 126, 127, 128, 129, 130, 131, 132, 133, 134, 135, 136, 137, 138, 139, 140, 141, 142, 143, 144, 145, 146, 147, 148, 149, 150, 151, 152, 153, 154, 155, 156, 157, 158, 159, 160, 161, 162, 163, 164, 165, 166, 167, 168, 169, 170, 171, 172, 173, 174, 175, 176, 177, 178, 179, 180, 181, 182, 183, 184, 185, 186, 187, 188, 189, 190, 191, 192, 193, 194, 195, 196, 197, 198, 199, 200, 201, 202, 203, 204, 205, 206, 207, 208, 209, 210, 211, 212, 213, 214, 215, 216, 217, 218, 219, 220, 221, 222, 223, 224, 225, 226, 227, 228, 229, 230, 231, 232, 233, 234, 235, 236, 237, 238, 239, 240, 241, 242, 243, 244, 245, 246, 247, 248, 249]
2025-11-15 15:04:14,840 [DEBUG]: Module for EulerBernoulliBeamElement3D loaded.
2025-11-15 15:04:14,841 [DEBUG]: ✅ Element 0 (EulerBernoulliBeamElement3D) instantiated.
2025-11-15 15:04:14,841 [DEBUG]: ✅ Element 1 (EulerBernoulliBeamElement3D) instantiated.
2025-11-15 15:04:14,842 [DEBUG]: ✅ Element 2 (EulerBernoulliBeamElement3D) instantiated.
2025-11-15 15:04:14,842 [DEBUG]: ✅ Element 3 (EulerBernoulliBeamElement3D) instantiated.
2025-11-15 15:04:14,843 [DEBUG]: ✅ Element 4 (EulerBernoulliBeamElement3D) instantiated.
2025-11-15 15:04:14,844 [DEBUG]: ✅ Element 5 (EulerBernoulliBeamElement3D) instantiated.
2025-11-15 15:04:14,844 [DEBUG]: ✅ Element 6 (EulerBernoulliBeamElement3D) instantiated.
2025-11-15 15:04:14,845 [DEBUG]: ✅ Element 7 (EulerBernoulliBeamElement3D) instantiated.
2025-11-15 15:04:14,845 [DEBUG]: ✅ Element 8 (EulerBernoulliBeamElement3D) instantiated.
2025-11-15 15:04:14,846 [DEBUG]: ✅ Element 9 (EulerBernoulliBeamElement3D) instantiated.
2025-11-15 15:04:14,846 [DEBUG]: ✅ Element 10 (EulerBernoulliBeamElement3D) instantiated.
2025-11-15 15:04:14,847 [DEBUG]: ✅ Element 11 (EulerBernoulliBeamElement3D) instantiated.
2025-11-15 15:04:14,847 [DEBUG]: ✅ Element 12 (EulerBernoulliBeamElement3D) instantiated.
2025-11-15 15:04:14,848 [DEBUG]: ✅ Element 13 (EulerBernoulliBeamElement3D) instantiated.
2025-11-15 15:04:14,848 [DEBUG]: ✅ Element 14 (EulerBernoulliBeamElement3D) instantiated.
2025-11-15 15:04:14,849 [DEBUG]: ✅ Element 15 (EulerBernoulliBeamElement3D) instantiated.
2025-11-15 15:04:14,849 [DEBUG]: ✅ Element 16 (EulerBernoulliBeamElement3D) instantiated.
2025-11-15 15:04:14,850 [DEBUG]: ✅ Element 17 (EulerBernoulliBeamElement3D) instantiated.
2025-11-15 15:04:14,850 [DEBUG]: ✅ Element 18 (EulerBernoulliBeamElement3D) instantiated.
2025-11-15 15:04:14,851 [DEBUG]: ✅ Element 19 (EulerBernoulliBeamElement3D) instantiated.
2025-11-15 15:04:14,851 [DEBUG]: ✅ Element 20 (EulerBernoulliBeamElement3D) instantiated.
2025-11-15 15:04:14,852 [DEBUG]: ✅ Element 21 (EulerBernoulliBeamElement3D) instantiated.
2025-11-15 15:04:14,852 [DEBUG]: ✅ Element 22 (EulerBernoulliBeamElement3D) instantiated.
2025-11-15 15:04:14,852 [DEBUG]: ✅ Element 23 (EulerBernoulliBeamElement3D) instantiated.
2025-11-15 15:04:14,853 [DEBUG]: ✅ Element 24 (EulerBernoulliBeamElement3D) instantiated.
2025-11-15 15:04:14,853 [DEBUG]: ✅ Element 25 (EulerBernoulliBeamElement3D) instantiated.
2025-11-15 15:04:14,853 [DEBUG]: ✅ Element 26 (EulerBernoulliBeamElement3D) instantiated.
2025-11-15 15:04:14,854 [DEBUG]: ✅ Element 27 (EulerBernoulliBeamElement3D) instantiated.
2025-11-15 15:04:14,854 [DEBUG]: ✅ Element 28 (EulerBernoulliBeamElement3D) instantiated.
2025-11-15 15:04:14,855 [DEBUG]: ✅ Element 29 (EulerBernoulliBeamElement3D) instantiated.
2025-11-15 15:04:14,855 [DEBUG]: ✅ Element 30 (EulerBernoulliBeamElement3D) instantiated.
2025-11-15 15:04:14,856 [DEBUG]: ✅ Element 31 (EulerBernoulliBeamElement3D) instantiated.
2025-11-15 15:04:14,856 [DEBUG]: ✅ Element 32 (EulerBernoulliBeamElement3D) instantiated.
2025-11-15 15:04:14,857 [DEBUG]: ✅ Element 33 (EulerBernoulliBeamElement3D) instantiated.
2025-11-15 15:04:14,857 [DEBUG]: ✅ Element 34 (EulerBernoulliBeamElement3D) instantiated.
2025-11-15 15:04:14,857 [DEBUG]: ✅ Element 35 (EulerBernoulliBeamElement3D) instantiated.
2025-11-15 15:04:14,858 [DEBUG]: ✅ Element 36 (EulerBernoulliBeamElement3D) instantiated.
2025-11-15 15:04:14,858 [DEBUG]: ✅ Element 37 (EulerBernoulliBeamElement3D) instantiated.
2025-11-15 15:04:14,859 [DEBUG]: ✅ Element 38 (EulerBernoulliBeamElement3D) instantiated.
2025-11-15 15:04:14,859 [DEBUG]: ✅ Element 39 (EulerBernoulliBeamElement3D) instantiated.
2025-11-15 15:04:14,859 [DEBUG]: ✅ Element 40 (EulerBernoulliBeamElement3D) instantiated.
2025-11-15 15:04:14,860 [DEBUG]: ✅ Element 41 (EulerBernoulliBeamElement3D) instantiated.
2025-11-15 15:04:14,860 [DEBUG]: ✅ Element 42 (EulerBernoulliBeamElement3D) instantiated.
2025-11-15 15:04:14,861 [DEBUG]: ✅ Element 43 (EulerBernoulliBeamElement3D) instantiated.
2025-11-15 15:04:14,861 [DEBUG]: ✅ Element 44 (EulerBernoulliBeamElement3D) instantiated.
2025-11-15 15:04:14,862 [DEBUG]: ✅ Element 45 (EulerBernoulliBeamElement3D) instantiated.
2025-11-15 15:04:14,862 [DEBUG]: ✅ Element 46 (EulerBernoulliBeamElement3D) instantiated.
2025-11-15 15:04:14,863 [DEBUG]: ✅ Element 47 (EulerBernoulliBeamElement3D) instantiated.
2025-11-15 15:04:14,863 [DEBUG]: ✅ Element 48 (EulerBernoulliBeamElement3D) instantiated.
2025-11-15 15:04:14,864 [DEBUG]: ✅ Element 49 (EulerBernoulliBeamElement3D) instantiated.
2025-11-15 15:04:14,864 [DEBUG]: ✅ Element 50 (EulerBernoulliBeamElement3D) instantiated.
2025-11-15 15:04:14,865 [DEBUG]: ✅ Element 51 (EulerBernoulliBeamElement3D) instantiated.
2025-11-15 15:04:14,865 [DEBUG]: ✅ Element 52 (EulerBernoulliBeamElement3D) instantiated.
2025-11-15 15:04:14,865 [DEBUG]: ✅ Element 53 (EulerBernoulliBeamElement3D) instantiated.
2025-11-15 15:04:14,866 [DEBUG]: ✅ Element 54 (EulerBernoulliBeamElement3D) instantiated.
2025-11-15 15:04:14,866 [DEBUG]: ✅ Element 55 (EulerBernoulliBeamElement3D) instantiated.
2025-11-15 15:04:14,867 [DEBUG]: ✅ Element 56 (EulerBernoulliBeamElement3D) instantiated.
2025-11-15 15:04:14,867 [DEBUG]: ✅ Element 57 (EulerBernoulliBeamElement3D) instantiated.
2025-11-15 15:04:14,868 [DEBUG]: ✅ Element 58 (EulerBernoulliBeamElement3D) instantiated.
2025-11-15 15:04:14,868 [DEBUG]: ✅ Element 59 (EulerBernoulliBeamElement3D) instantiated.
2025-11-15 15:04:14,869 [DEBUG]: ✅ Element 60 (EulerBernoulliBeamElement3D) instantiated.
2025-11-15 15:04:14,869 [DEBUG]: ✅ Element 61 (EulerBernoulliBeamElement3D) instantiated.
2025-11-15 15:04:14,870 [DEBUG]: ✅ Element 62 (EulerBernoulliBeamElement3D) instantiated.
2025-11-15 15:04:14,870 [DEBUG]: ✅ Element 63 (EulerBernoulliBeamElement3D) instantiated.
2025-11-15 15:04:14,870 [DEBUG]: ✅ Element 64 (EulerBernoulliBeamElement3D) instantiated.
2025-11-15 15:04:14,871 [DEBUG]: ✅ Element 65 (EulerBernoulliBeamElement3D) instantiated.
2025-11-15 15:04:14,871 [DEBUG]: ✅ Element 66 (EulerBernoulliBeamElement3D) instantiated.
2025-11-15 15:04:14,872 [DEBUG]: ✅ Element 67 (EulerBernoulliBeamElement3D) instantiated.
2025-11-15 15:04:14,873 [DEBUG]: ✅ Element 68 (EulerBernoulliBeamElement3D) instantiated.
2025-11-15 15:04:14,873 [DEBUG]: ✅ Element 69 (EulerBernoulliBeamElement3D) instantiated.
2025-11-15 15:04:14,874 [DEBUG]: ✅ Element 70 (EulerBernoulliBeamElement3D) instantiated.
2025-11-15 15:04:14,874 [DEBUG]: ✅ Element 71 (EulerBernoulliBeamElement3D) instantiated.
2025-11-15 15:04:14,875 [DEBUG]: ✅ Element 72 (EulerBernoulliBeamElement3D) instantiated.
2025-11-15 15:04:14,875 [DEBUG]: ✅ Element 73 (EulerBernoulliBeamElement3D) instantiated.
2025-11-15 15:04:14,876 [DEBUG]: ✅ Element 74 (EulerBernoulliBeamElement3D) instantiated.
2025-11-15 15:04:14,876 [DEBUG]: ✅ Element 75 (EulerBernoulliBeamElement3D) instantiated.
2025-11-15 15:04:14,876 [DEBUG]: ✅ Element 76 (EulerBernoulliBeamElement3D) instantiated.
2025-11-15 15:04:14,877 [DEBUG]: ✅ Element 77 (EulerBernoulliBeamElement3D) instantiated.
2025-11-15 15:04:14,877 [DEBUG]: ✅ Element 78 (EulerBernoulliBeamElement3D) instantiated.
2025-11-15 15:04:14,877 [DEBUG]: ✅ Element 79 (EulerBernoulliBeamElement3D) instantiated.
2025-11-15 15:04:14,878 [DEBUG]: ✅ Element 80 (EulerBernoulliBeamElement3D) instantiated.
2025-11-15 15:04:14,879 [DEBUG]: ✅ Element 81 (EulerBernoulliBeamElement3D) instantiated.
2025-11-15 15:04:14,879 [DEBUG]: ✅ Element 82 (EulerBernoulliBeamElement3D) instantiated.
2025-11-15 15:04:14,880 [DEBUG]: ✅ Element 83 (EulerBernoulliBeamElement3D) instantiated.
2025-11-15 15:04:14,880 [DEBUG]: ✅ Element 84 (EulerBernoulliBeamElement3D) instantiated.
2025-11-15 15:04:14,881 [DEBUG]: ✅ Element 85 (EulerBernoulliBeamElement3D) instantiated.
2025-11-15 15:04:14,881 [DEBUG]: ✅ Element 86 (EulerBernoulliBeamElement3D) instantiated.
2025-11-15 15:04:14,881 [DEBUG]: ✅ Element 87 (EulerBernoulliBeamElement3D) instantiated.
2025-11-15 15:04:14,882 [DEBUG]: ✅ Element 88 (EulerBernoulliBeamElement3D) instantiated.
2025-11-15 15:04:14,882 [DEBUG]: ✅ Element 89 (EulerBernoulliBeamElement3D) instantiated.
2025-11-15 15:04:14,883 [DEBUG]: ✅ Element 90 (EulerBernoulliBeamElement3D) instantiated.
2025-11-15 15:04:14,883 [DEBUG]: ✅ Element 91 (EulerBernoulliBeamElement3D) instantiated.
2025-11-15 15:04:14,884 [DEBUG]: ✅ Element 92 (EulerBernoulliBeamElement3D) instantiated.
2025-11-15 15:04:14,884 [DEBUG]: ✅ Element 93 (EulerBernoulliBeamElement3D) instantiated.
2025-11-15 15:04:14,885 [DEBUG]: ✅ Element 94 (EulerBernoulliBeamElement3D) instantiated.
2025-11-15 15:04:14,885 [DEBUG]: ✅ Element 95 (EulerBernoulliBeamElement3D) instantiated.
2025-11-15 15:04:14,886 [DEBUG]: ✅ Element 96 (EulerBernoulliBeamElement3D) instantiated.
2025-11-15 15:04:14,886 [DEBUG]: ✅ Element 97 (EulerBernoulliBeamElement3D) instantiated.
2025-11-15 15:04:14,887 [DEBUG]: ✅ Element 98 (EulerBernoulliBeamElement3D) instantiated.
2025-11-15 15:04:14,887 [DEBUG]: ✅ Element 99 (EulerBernoulliBeamElement3D) instantiated.
2025-11-15 15:04:14,888 [DEBUG]: ✅ Element 100 (EulerBernoulliBeamElement3D) instantiated.
2025-11-15 15:04:14,888 [DEBUG]: ✅ Element 101 (EulerBernoulliBeamElement3D) instantiated.
2025-11-15 15:04:14,889 [DEBUG]: ✅ Element 102 (EulerBernoulliBeamElement3D) instantiated.
2025-11-15 15:04:14,889 [DEBUG]: ✅ Element 103 (EulerBernoulliBeamElement3D) instantiated.
2025-11-15 15:04:14,889 [DEBUG]: ✅ Element 104 (EulerBernoulliBeamElement3D) instantiated.
2025-11-15 15:04:14,890 [DEBUG]: ✅ Element 105 (EulerBernoulliBeamElement3D) instantiated.
2025-11-15 15:04:14,890 [DEBUG]: ✅ Element 106 (EulerBernoulliBeamElement3D) instantiated.
2025-11-15 15:04:14,891 [DEBUG]: ✅ Element 107 (EulerBernoulliBeamElement3D) instantiated.
2025-11-15 15:04:14,891 [DEBUG]: ✅ Element 108 (EulerBernoulliBeamElement3D) instantiated.
2025-11-15 15:04:14,891 [DEBUG]: ✅ Element 109 (EulerBernoulliBeamElement3D) instantiated.
2025-11-15 15:04:14,891 [DEBUG]: ✅ Element 110 (EulerBernoulliBeamElement3D) instantiated.
2025-11-15 15:04:14,891 [DEBUG]: ✅ Element 111 (EulerBernoulliBeamElement3D) instantiated.
2025-11-15 15:04:14,891 [DEBUG]: ✅ Element 112 (EulerBernoulliBeamElement3D) instantiated.
2025-11-15 15:04:14,891 [DEBUG]: ✅ Element 113 (EulerBernoulliBeamElement3D) instantiated.
2025-11-15 15:04:14,891 [DEBUG]: ✅ Element 114 (EulerBernoulliBeamElement3D) instantiated.
2025-11-15 15:04:14,897 [DEBUG]: ✅ Element 115 (EulerBernoulliBeamElement3D) instantiated.
2025-11-15 15:04:14,898 [DEBUG]: ✅ Element 116 (EulerBernoulliBeamElement3D) instantiated.
2025-11-15 15:04:14,898 [DEBUG]: ✅ Element 117 (EulerBernoulliBeamElement3D) instantiated.
2025-11-15 15:04:14,899 [DEBUG]: ✅ Element 118 (EulerBernoulliBeamElement3D) instantiated.
2025-11-15 15:04:14,900 [DEBUG]: ✅ Element 119 (EulerBernoulliBeamElement3D) instantiated.
2025-11-15 15:04:14,900 [DEBUG]: ✅ Element 120 (EulerBernoulliBeamElement3D) instantiated.
2025-11-15 15:04:14,901 [DEBUG]: ✅ Element 121 (EulerBernoulliBeamElement3D) instantiated.
2025-11-15 15:04:14,901 [DEBUG]: ✅ Element 122 (EulerBernoulliBeamElement3D) instantiated.
2025-11-15 15:04:14,902 [DEBUG]: ✅ Element 123 (EulerBernoulliBeamElement3D) instantiated.
2025-11-15 15:04:14,902 [DEBUG]: ✅ Element 124 (EulerBernoulliBeamElement3D) instantiated.
2025-11-15 15:04:14,903 [DEBUG]: ✅ Element 125 (EulerBernoulliBeamElement3D) instantiated.
2025-11-15 15:04:14,903 [DEBUG]: ✅ Element 126 (EulerBernoulliBeamElement3D) instantiated.
2025-11-15 15:04:14,904 [DEBUG]: ✅ Element 127 (EulerBernoulliBeamElement3D) instantiated.
2025-11-15 15:04:14,904 [DEBUG]: ✅ Element 128 (EulerBernoulliBeamElement3D) instantiated.
2025-11-15 15:04:14,905 [DEBUG]: ✅ Element 129 (EulerBernoulliBeamElement3D) instantiated.
2025-11-15 15:04:14,905 [DEBUG]: ✅ Element 130 (EulerBernoulliBeamElement3D) instantiated.
2025-11-15 15:04:14,906 [DEBUG]: ✅ Element 131 (EulerBernoulliBeamElement3D) instantiated.
2025-11-15 15:04:14,906 [DEBUG]: ✅ Element 132 (EulerBernoulliBeamElement3D) instantiated.
2025-11-15 15:04:14,906 [DEBUG]: ✅ Element 133 (EulerBernoulliBeamElement3D) instantiated.
2025-11-15 15:04:14,907 [DEBUG]: ✅ Element 134 (EulerBernoulliBeamElement3D) instantiated.
2025-11-15 15:04:14,907 [DEBUG]: ✅ Element 135 (EulerBernoulliBeamElement3D) instantiated.
2025-11-15 15:04:14,908 [DEBUG]: ✅ Element 136 (EulerBernoulliBeamElement3D) instantiated.
2025-11-15 15:04:14,908 [DEBUG]: ✅ Element 137 (EulerBernoulliBeamElement3D) instantiated.
2025-11-15 15:04:14,909 [DEBUG]: ✅ Element 138 (EulerBernoulliBeamElement3D) instantiated.
2025-11-15 15:04:14,909 [DEBUG]: ✅ Element 139 (EulerBernoulliBeamElement3D) instantiated.
2025-11-15 15:04:14,910 [DEBUG]: ✅ Element 140 (EulerBernoulliBeamElement3D) instantiated.
2025-11-15 15:04:14,910 [DEBUG]: ✅ Element 141 (EulerBernoulliBeamElement3D) instantiated.
2025-11-15 15:04:14,911 [DEBUG]: ✅ Element 142 (EulerBernoulliBeamElement3D) instantiated.
2025-11-15 15:04:14,911 [DEBUG]: ✅ Element 143 (EulerBernoulliBeamElement3D) instantiated.
2025-11-15 15:04:14,912 [DEBUG]: ✅ Element 144 (EulerBernoulliBeamElement3D) instantiated.
2025-11-15 15:04:14,912 [DEBUG]: ✅ Element 145 (EulerBernoulliBeamElement3D) instantiated.
2025-11-15 15:04:14,913 [DEBUG]: ✅ Element 146 (EulerBernoulliBeamElement3D) instantiated.
2025-11-15 15:04:14,913 [DEBUG]: ✅ Element 147 (EulerBernoulliBeamElement3D) instantiated.
2025-11-15 15:04:14,914 [DEBUG]: ✅ Element 148 (EulerBernoulliBeamElement3D) instantiated.
2025-11-15 15:04:14,915 [DEBUG]: ✅ Element 149 (EulerBernoulliBeamElement3D) instantiated.
2025-11-15 15:04:14,915 [DEBUG]: ✅ Element 150 (EulerBernoulliBeamElement3D) instantiated.
2025-11-15 15:04:14,916 [DEBUG]: ✅ Element 151 (EulerBernoulliBeamElement3D) instantiated.
2025-11-15 15:04:14,916 [DEBUG]: ✅ Element 152 (EulerBernoulliBeamElement3D) instantiated.
2025-11-15 15:04:14,917 [DEBUG]: ✅ Element 153 (EulerBernoulliBeamElement3D) instantiated.
2025-11-15 15:04:14,917 [DEBUG]: ✅ Element 154 (EulerBernoulliBeamElement3D) instantiated.
2025-11-15 15:04:14,919 [DEBUG]: ✅ Element 155 (EulerBernoulliBeamElement3D) instantiated.
2025-11-15 15:04:14,919 [DEBUG]: ✅ Element 156 (EulerBernoulliBeamElement3D) instantiated.
2025-11-15 15:04:14,920 [DEBUG]: ✅ Element 157 (EulerBernoulliBeamElement3D) instantiated.
2025-11-15 15:04:14,920 [DEBUG]: ✅ Element 158 (EulerBernoulliBeamElement3D) instantiated.
2025-11-15 15:04:14,921 [DEBUG]: ✅ Element 159 (EulerBernoulliBeamElement3D) instantiated.
2025-11-15 15:04:14,921 [DEBUG]: ✅ Element 160 (EulerBernoulliBeamElement3D) instantiated.
2025-11-15 15:04:14,922 [DEBUG]: ✅ Element 161 (EulerBernoulliBeamElement3D) instantiated.
2025-11-15 15:04:14,922 [DEBUG]: ✅ Element 162 (EulerBernoulliBeamElement3D) instantiated.
2025-11-15 15:04:14,923 [DEBUG]: ✅ Element 163 (EulerBernoulliBeamElement3D) instantiated.
2025-11-15 15:04:14,923 [DEBUG]: ✅ Element 164 (EulerBernoulliBeamElement3D) instantiated.
2025-11-15 15:04:14,924 [DEBUG]: ✅ Element 165 (EulerBernoulliBeamElement3D) instantiated.
2025-11-15 15:04:14,924 [DEBUG]: ✅ Element 166 (EulerBernoulliBeamElement3D) instantiated.
2025-11-15 15:04:14,924 [DEBUG]: ✅ Element 167 (EulerBernoulliBeamElement3D) instantiated.
2025-11-15 15:04:14,925 [DEBUG]: ✅ Element 168 (EulerBernoulliBeamElement3D) instantiated.
2025-11-15 15:04:14,925 [DEBUG]: ✅ Element 169 (EulerBernoulliBeamElement3D) instantiated.
2025-11-15 15:04:14,926 [DEBUG]: ✅ Element 170 (EulerBernoulliBeamElement3D) instantiated.
2025-11-15 15:04:14,926 [DEBUG]: ✅ Element 171 (EulerBernoulliBeamElement3D) instantiated.
2025-11-15 15:04:14,926 [DEBUG]: ✅ Element 172 (EulerBernoulliBeamElement3D) instantiated.
2025-11-15 15:04:14,927 [DEBUG]: ✅ Element 173 (EulerBernoulliBeamElement3D) instantiated.
2025-11-15 15:04:14,927 [DEBUG]: ✅ Element 174 (EulerBernoulliBeamElement3D) instantiated.
2025-11-15 15:04:14,928 [DEBUG]: ✅ Element 175 (EulerBernoulliBeamElement3D) instantiated.
2025-11-15 15:04:14,928 [DEBUG]: ✅ Element 176 (EulerBernoulliBeamElement3D) instantiated.
2025-11-15 15:04:14,929 [DEBUG]: ✅ Element 177 (EulerBernoulliBeamElement3D) instantiated.
2025-11-15 15:04:14,930 [DEBUG]: ✅ Element 178 (EulerBernoulliBeamElement3D) instantiated.
2025-11-15 15:04:14,931 [DEBUG]: ✅ Element 179 (EulerBernoulliBeamElement3D) instantiated.
2025-11-15 15:04:14,931 [DEBUG]: ✅ Element 180 (EulerBernoulliBeamElement3D) instantiated.
2025-11-15 15:04:14,932 [DEBUG]: ✅ Element 181 (EulerBernoulliBeamElement3D) instantiated.
2025-11-15 15:04:14,932 [DEBUG]: ✅ Element 182 (EulerBernoulliBeamElement3D) instantiated.
2025-11-15 15:04:14,933 [DEBUG]: ✅ Element 183 (EulerBernoulliBeamElement3D) instantiated.
2025-11-15 15:04:14,933 [DEBUG]: ✅ Element 184 (EulerBernoulliBeamElement3D) instantiated.
2025-11-15 15:04:14,934 [DEBUG]: ✅ Element 185 (EulerBernoulliBeamElement3D) instantiated.
2025-11-15 15:04:14,934 [DEBUG]: ✅ Element 186 (EulerBernoulliBeamElement3D) instantiated.
2025-11-15 15:04:14,935 [DEBUG]: ✅ Element 187 (EulerBernoulliBeamElement3D) instantiated.
2025-11-15 15:04:14,935 [DEBUG]: ✅ Element 188 (EulerBernoulliBeamElement3D) instantiated.
2025-11-15 15:04:14,936 [DEBUG]: ✅ Element 189 (EulerBernoulliBeamElement3D) instantiated.
2025-11-15 15:04:14,936 [DEBUG]: ✅ Element 190 (EulerBernoulliBeamElement3D) instantiated.
2025-11-15 15:04:14,937 [DEBUG]: ✅ Element 191 (EulerBernoulliBeamElement3D) instantiated.
2025-11-15 15:04:14,937 [DEBUG]: ✅ Element 192 (EulerBernoulliBeamElement3D) instantiated.
2025-11-15 15:04:14,938 [DEBUG]: ✅ Element 193 (EulerBernoulliBeamElement3D) instantiated.
2025-11-15 15:04:14,938 [DEBUG]: ✅ Element 194 (EulerBernoulliBeamElement3D) instantiated.
2025-11-15 15:04:14,938 [DEBUG]: ✅ Element 195 (EulerBernoulliBeamElement3D) instantiated.
2025-11-15 15:04:14,939 [DEBUG]: ✅ Element 196 (EulerBernoulliBeamElement3D) instantiated.
2025-11-15 15:04:14,939 [DEBUG]: ✅ Element 197 (EulerBernoulliBeamElement3D) instantiated.
2025-11-15 15:04:14,940 [DEBUG]: ✅ Element 198 (EulerBernoulliBeamElement3D) instantiated.
2025-11-15 15:04:14,940 [DEBUG]: ✅ Element 199 (EulerBernoulliBeamElement3D) instantiated.
2025-11-15 15:04:14,941 [DEBUG]: ✅ Element 200 (EulerBernoulliBeamElement3D) instantiated.
2025-11-15 15:04:14,941 [DEBUG]: ✅ Element 201 (EulerBernoulliBeamElement3D) instantiated.
2025-11-15 15:04:14,941 [DEBUG]: ✅ Element 202 (EulerBernoulliBeamElement3D) instantiated.
2025-11-15 15:04:14,942 [DEBUG]: ✅ Element 203 (EulerBernoulliBeamElement3D) instantiated.
2025-11-15 15:04:14,942 [DEBUG]: ✅ Element 204 (EulerBernoulliBeamElement3D) instantiated.
2025-11-15 15:04:14,943 [DEBUG]: ✅ Element 205 (EulerBernoulliBeamElement3D) instantiated.
2025-11-15 15:04:14,943 [DEBUG]: ✅ Element 206 (EulerBernoulliBeamElement3D) instantiated.
2025-11-15 15:04:14,944 [DEBUG]: ✅ Element 207 (EulerBernoulliBeamElement3D) instantiated.
2025-11-15 15:04:14,944 [DEBUG]: ✅ Element 208 (EulerBernoulliBeamElement3D) instantiated.
2025-11-15 15:04:14,945 [DEBUG]: ✅ Element 209 (EulerBernoulliBeamElement3D) instantiated.
2025-11-15 15:04:14,945 [DEBUG]: ✅ Element 210 (EulerBernoulliBeamElement3D) instantiated.
2025-11-15 15:04:14,945 [DEBUG]: ✅ Element 211 (EulerBernoulliBeamElement3D) instantiated.
2025-11-15 15:04:14,946 [DEBUG]: ✅ Element 212 (EulerBernoulliBeamElement3D) instantiated.
2025-11-15 15:04:14,947 [DEBUG]: ✅ Element 213 (EulerBernoulliBeamElement3D) instantiated.
2025-11-15 15:04:14,947 [DEBUG]: ✅ Element 214 (EulerBernoulliBeamElement3D) instantiated.
2025-11-15 15:04:14,948 [DEBUG]: ✅ Element 215 (EulerBernoulliBeamElement3D) instantiated.
2025-11-15 15:04:14,948 [DEBUG]: ✅ Element 216 (EulerBernoulliBeamElement3D) instantiated.
2025-11-15 15:04:14,949 [DEBUG]: ✅ Element 217 (EulerBernoulliBeamElement3D) instantiated.
2025-11-15 15:04:14,949 [DEBUG]: ✅ Element 218 (EulerBernoulliBeamElement3D) instantiated.
2025-11-15 15:04:14,950 [DEBUG]: ✅ Element 219 (EulerBernoulliBeamElement3D) instantiated.
2025-11-15 15:04:14,950 [DEBUG]: ✅ Element 220 (EulerBernoulliBeamElement3D) instantiated.
2025-11-15 15:04:14,951 [DEBUG]: ✅ Element 221 (EulerBernoulliBeamElement3D) instantiated.
2025-11-15 15:04:14,951 [DEBUG]: ✅ Element 222 (EulerBernoulliBeamElement3D) instantiated.
2025-11-15 15:04:14,952 [DEBUG]: ✅ Element 223 (EulerBernoulliBeamElement3D) instantiated.
2025-11-15 15:04:14,952 [DEBUG]: ✅ Element 224 (EulerBernoulliBeamElement3D) instantiated.
2025-11-15 15:04:14,952 [DEBUG]: ✅ Element 225 (EulerBernoulliBeamElement3D) instantiated.
2025-11-15 15:04:14,953 [DEBUG]: ✅ Element 226 (EulerBernoulliBeamElement3D) instantiated.
2025-11-15 15:04:14,953 [DEBUG]: ✅ Element 227 (EulerBernoulliBeamElement3D) instantiated.
2025-11-15 15:04:14,953 [DEBUG]: ✅ Element 228 (EulerBernoulliBeamElement3D) instantiated.
2025-11-15 15:04:14,954 [DEBUG]: ✅ Element 229 (EulerBernoulliBeamElement3D) instantiated.
2025-11-15 15:04:14,954 [DEBUG]: ✅ Element 230 (EulerBernoulliBeamElement3D) instantiated.
2025-11-15 15:04:14,955 [DEBUG]: ✅ Element 231 (EulerBernoulliBeamElement3D) instantiated.
2025-11-15 15:04:14,955 [DEBUG]: ✅ Element 232 (EulerBernoulliBeamElement3D) instantiated.
2025-11-15 15:04:14,956 [DEBUG]: ✅ Element 233 (EulerBernoulliBeamElement3D) instantiated.
2025-11-15 15:04:14,956 [DEBUG]: ✅ Element 234 (EulerBernoulliBeamElement3D) instantiated.
2025-11-15 15:04:14,957 [DEBUG]: ✅ Element 235 (EulerBernoulliBeamElement3D) instantiated.
2025-11-15 15:04:14,957 [DEBUG]: ✅ Element 236 (EulerBernoulliBeamElement3D) instantiated.
2025-11-15 15:04:14,957 [DEBUG]: ✅ Element 237 (EulerBernoulliBeamElement3D) instantiated.
2025-11-15 15:04:14,958 [DEBUG]: ✅ Element 238 (EulerBernoulliBeamElement3D) instantiated.
2025-11-15 15:04:14,958 [DEBUG]: ✅ Element 239 (EulerBernoulliBeamElement3D) instantiated.
2025-11-15 15:04:14,959 [DEBUG]: ✅ Element 240 (EulerBernoulliBeamElement3D) instantiated.
2025-11-15 15:04:14,959 [DEBUG]: ✅ Element 241 (EulerBernoulliBeamElement3D) instantiated.
2025-11-15 15:04:14,960 [DEBUG]: ✅ Element 242 (EulerBernoulliBeamElement3D) instantiated.
2025-11-15 15:04:14,960 [DEBUG]: ✅ Element 243 (EulerBernoulliBeamElement3D) instantiated.
2025-11-15 15:04:14,960 [DEBUG]: ✅ Element 244 (EulerBernoulliBeamElement3D) instantiated.
2025-11-15 15:04:14,961 [DEBUG]: ✅ Element 245 (EulerBernoulliBeamElement3D) instantiated.
2025-11-15 15:04:14,961 [DEBUG]: ✅ Element 246 (EulerBernoulliBeamElement3D) instantiated.
2025-11-15 15:04:14,962 [DEBUG]: ✅ Element 247 (EulerBernoulliBeamElement3D) instantiated.
2025-11-15 15:04:14,962 [DEBUG]: ✅ Element 248 (EulerBernoulliBeamElement3D) instantiated.
2025-11-15 15:04:14,963 [DEBUG]: ✅ Element 249 (EulerBernoulliBeamElement3D) instantiated.
2025-11-15 15:04:14,963 [DEBUG]: Logging verified for element 0.
2025-11-15 15:04:14,964 [DEBUG]: Logging verified for element 1.
2025-11-15 15:04:14,965 [DEBUG]: Logging verified for element 2.
2025-11-15 15:04:14,965 [DEBUG]: Logging verified for element 3.
2025-11-15 15:04:14,966 [DEBUG]: Logging verified for element 4.
2025-11-15 15:04:14,966 [DEBUG]: Logging verified for element 5.
2025-11-15 15:04:14,967 [DEBUG]: Logging verified for element 6.
2025-11-15 15:04:14,967 [DEBUG]: Logging verified for element 7.
2025-11-15 15:04:14,968 [DEBUG]: Logging verified for element 8.
2025-11-15 15:04:14,968 [DEBUG]: Logging verified for element 9.
2025-11-15 15:04:14,968 [DEBUG]: Logging verified for element 10.
2025-11-15 15:04:14,970 [DEBUG]: Logging verified for element 11.
2025-11-15 15:04:14,970 [DEBUG]: Logging verified for element 12.
2025-11-15 15:04:14,970 [DEBUG]: Logging verified for element 13.
2025-11-15 15:04:14,971 [DEBUG]: Logging verified for element 14.
2025-11-15 15:04:14,971 [DEBUG]: Logging verified for element 15.
2025-11-15 15:04:14,972 [DEBUG]: Logging verified for element 16.
2025-11-15 15:04:14,972 [DEBUG]: Logging verified for element 17.
2025-11-15 15:04:14,972 [DEBUG]: Logging verified for element 18.
2025-11-15 15:04:14,973 [DEBUG]: Logging verified for element 19.
2025-11-15 15:04:14,973 [DEBUG]: Logging verified for element 20.
2025-11-15 15:04:14,973 [DEBUG]: Logging verified for element 21.
2025-11-15 15:04:14,974 [DEBUG]: Logging verified for element 22.
2025-11-15 15:04:14,974 [DEBUG]: Logging verified for element 23.
2025-11-15 15:04:14,975 [DEBUG]: Logging verified for element 24.
2025-11-15 15:04:14,975 [DEBUG]: Logging verified for element 25.
2025-11-15 15:04:14,975 [DEBUG]: Logging verified for element 26.
2025-11-15 15:04:14,976 [DEBUG]: Logging verified for element 27.
2025-11-15 15:04:14,976 [DEBUG]: Logging verified for element 28.
2025-11-15 15:04:14,976 [DEBUG]: Logging verified for element 29.
2025-11-15 15:04:14,977 [DEBUG]: Logging verified for element 30.
2025-11-15 15:04:14,977 [DEBUG]: Logging verified for element 31.
2025-11-15 15:04:14,978 [DEBUG]: Logging verified for element 32.
2025-11-15 15:04:14,978 [DEBUG]: Logging verified for element 33.
2025-11-15 15:04:14,978 [DEBUG]: Logging verified for element 34.
2025-11-15 15:04:14,979 [DEBUG]: Logging verified for element 35.
2025-11-15 15:04:14,979 [DEBUG]: Logging verified for element 36.
2025-11-15 15:04:14,980 [DEBUG]: Logging verified for element 37.
2025-11-15 15:04:14,980 [DEBUG]: Logging verified for element 38.
2025-11-15 15:04:14,980 [DEBUG]: Logging verified for element 39.
2025-11-15 15:04:14,981 [DEBUG]: Logging verified for element 40.
2025-11-15 15:04:14,981 [DEBUG]: Logging verified for element 41.
2025-11-15 15:04:14,981 [DEBUG]: Logging verified for element 42.
2025-11-15 15:04:14,982 [DEBUG]: Logging verified for element 43.
2025-11-15 15:04:14,982 [DEBUG]: Logging verified for element 44.
2025-11-15 15:04:14,983 [DEBUG]: Logging verified for element 45.
2025-11-15 15:04:14,983 [DEBUG]: Logging verified for element 46.
2025-11-15 15:04:14,984 [DEBUG]: Logging verified for element 47.
2025-11-15 15:04:14,984 [DEBUG]: Logging verified for element 48.
2025-11-15 15:04:14,985 [DEBUG]: Logging verified for element 49.
2025-11-15 15:04:14,985 [DEBUG]: Logging verified for element 50.
2025-11-15 15:04:14,985 [DEBUG]: Logging verified for element 51.
2025-11-15 15:04:14,986 [DEBUG]: Logging verified for element 52.
2025-11-15 15:04:14,986 [DEBUG]: Logging verified for element 53.
2025-11-15 15:04:14,987 [DEBUG]: Logging verified for element 54.
2025-11-15 15:04:14,987 [DEBUG]: Logging verified for element 55.
2025-11-15 15:04:14,987 [DEBUG]: Logging verified for element 56.
2025-11-15 15:04:14,988 [DEBUG]: Logging verified for element 57.
2025-11-15 15:04:14,988 [DEBUG]: Logging verified for element 58.
2025-11-15 15:04:14,989 [DEBUG]: Logging verified for element 59.
2025-11-15 15:04:14,989 [DEBUG]: Logging verified for element 60.
2025-11-15 15:04:14,989 [DEBUG]: Logging verified for element 61.
2025-11-15 15:04:14,990 [DEBUG]: Logging verified for element 62.
2025-11-15 15:04:14,990 [DEBUG]: Logging verified for element 63.
2025-11-15 15:04:14,991 [DEBUG]: Logging verified for element 64.
2025-11-15 15:04:14,991 [DEBUG]: Logging verified for element 65.
2025-11-15 15:04:14,991 [DEBUG]: Logging verified for element 66.
2025-11-15 15:04:14,992 [DEBUG]: Logging verified for element 67.
2025-11-15 15:04:14,992 [DEBUG]: Logging verified for element 68.
2025-11-15 15:04:14,993 [DEBUG]: Logging verified for element 69.
2025-11-15 15:04:14,993 [DEBUG]: Logging verified for element 70.
2025-11-15 15:04:14,993 [DEBUG]: Logging verified for element 71.
2025-11-15 15:04:14,994 [DEBUG]: Logging verified for element 72.
2025-11-15 15:04:14,995 [DEBUG]: Logging verified for element 73.
2025-11-15 15:04:14,995 [DEBUG]: Logging verified for element 74.
2025-11-15 15:04:14,996 [DEBUG]: Logging verified for element 75.
2025-11-15 15:04:14,996 [DEBUG]: Logging verified for element 76.
2025-11-15 15:04:14,996 [DEBUG]: Logging verified for element 77.
2025-11-15 15:04:14,997 [DEBUG]: Logging verified for element 78.
2025-11-15 15:04:14,997 [DEBUG]: Logging verified for element 79.
2025-11-15 15:04:14,998 [DEBUG]: Logging verified for element 80.
2025-11-15 15:04:14,998 [DEBUG]: Logging verified for element 81.
2025-11-15 15:04:14,999 [DEBUG]: Logging verified for element 82.
2025-11-15 15:04:14,999 [DEBUG]: Logging verified for element 83.
2025-11-15 15:04:14,999 [DEBUG]: Logging verified for element 84.
2025-11-15 15:04:15,000 [DEBUG]: Logging verified for element 85.
2025-11-15 15:04:15,000 [DEBUG]: Logging verified for element 86.
2025-11-15 15:04:15,001 [DEBUG]: Logging verified for element 87.
2025-11-15 15:04:15,001 [DEBUG]: Logging verified for element 88.
2025-11-15 15:04:15,002 [DEBUG]: Logging verified for element 89.
2025-11-15 15:04:15,002 [DEBUG]: Logging verified for element 90.
2025-11-15 15:04:15,002 [DEBUG]: Logging verified for element 91.
2025-11-15 15:04:15,003 [DEBUG]: Logging verified for element 92.
2025-11-15 15:04:15,003 [DEBUG]: Logging verified for element 93.
2025-11-15 15:04:15,004 [DEBUG]: Logging verified for element 94.
2025-11-15 15:04:15,004 [DEBUG]: Logging verified for element 95.
2025-11-15 15:04:15,004 [DEBUG]: Logging verified for element 96.
2025-11-15 15:04:15,005 [DEBUG]: Logging verified for element 97.
2025-11-15 15:04:15,005 [DEBUG]: Logging verified for element 98.
2025-11-15 15:04:15,005 [DEBUG]: Logging verified for element 99.
2025-11-15 15:04:15,006 [DEBUG]: Logging verified for element 100.
2025-11-15 15:04:15,006 [DEBUG]: Logging verified for element 101.
2025-11-15 15:04:15,007 [DEBUG]: Logging verified for element 102.
2025-11-15 15:04:15,007 [DEBUG]: Logging verified for element 103.
2025-11-15 15:04:15,007 [DEBUG]: Logging verified for element 104.
2025-11-15 15:04:15,008 [DEBUG]: Logging verified for element 105.
2025-11-15 15:04:15,008 [DEBUG]: Logging verified for element 106.
2025-11-15 15:04:15,008 [DEBUG]: Logging verified for element 107.
2025-11-15 15:04:15,009 [DEBUG]: Logging verified for element 108.
2025-11-15 15:04:15,009 [DEBUG]: Logging verified for element 109.
2025-11-15 15:04:15,010 [DEBUG]: Logging verified for element 110.
2025-11-15 15:04:15,010 [DEBUG]: Logging verified for element 111.
2025-11-15 15:04:15,010 [DEBUG]: Logging verified for element 112.
2025-11-15 15:04:15,011 [DEBUG]: Logging verified for element 113.
2025-11-15 15:04:15,011 [DEBUG]: Logging verified for element 114.
2025-11-15 15:04:15,011 [DEBUG]: Logging verified for element 115.
2025-11-15 15:04:15,012 [DEBUG]: Logging verified for element 116.
2025-11-15 15:04:15,012 [DEBUG]: Logging verified for element 117.
2025-11-15 15:04:15,013 [DEBUG]: Logging verified for element 118.
2025-11-15 15:04:15,013 [DEBUG]: Logging verified for element 119.
2025-11-15 15:04:15,013 [DEBUG]: Logging verified for element 120.
2025-11-15 15:04:15,014 [DEBUG]: Logging verified for element 121.
2025-11-15 15:04:15,014 [DEBUG]: Logging verified for element 122.
2025-11-15 15:04:15,014 [DEBUG]: Logging verified for element 123.
2025-11-15 15:04:15,015 [DEBUG]: Logging verified for element 124.
2025-11-15 15:04:15,015 [DEBUG]: Logging verified for element 125.
2025-11-15 15:04:15,016 [DEBUG]: Logging verified for element 126.
2025-11-15 15:04:15,016 [DEBUG]: Logging verified for element 127.
2025-11-15 15:04:15,017 [DEBUG]: Logging verified for element 128.
2025-11-15 15:04:15,017 [DEBUG]: Logging verified for element 129.
2025-11-15 15:04:15,017 [DEBUG]: Logging verified for element 130.
2025-11-15 15:04:15,018 [DEBUG]: Logging verified for element 131.
2025-11-15 15:04:15,018 [DEBUG]: Logging verified for element 132.
2025-11-15 15:04:15,019 [DEBUG]: Logging verified for element 133.
2025-11-15 15:04:15,019 [DEBUG]: Logging verified for element 134.
2025-11-15 15:04:15,020 [DEBUG]: Logging verified for element 135.
2025-11-15 15:04:15,020 [DEBUG]: Logging verified for element 136.
2025-11-15 15:04:15,020 [DEBUG]: Logging verified for element 137.
2025-11-15 15:04:15,022 [DEBUG]: Logging verified for element 138.
2025-11-15 15:04:15,022 [DEBUG]: Logging verified for element 139.
2025-11-15 15:04:15,022 [DEBUG]: Logging verified for element 140.
2025-11-15 15:04:15,023 [DEBUG]: Logging verified for element 141.
2025-11-15 15:04:15,023 [DEBUG]: Logging verified for element 142.
2025-11-15 15:04:15,023 [DEBUG]: Logging verified for element 143.
2025-11-15 15:04:15,024 [DEBUG]: Logging verified for element 144.
2025-11-15 15:04:15,024 [DEBUG]: Logging verified for element 145.
2025-11-15 15:04:15,024 [DEBUG]: Logging verified for element 146.
2025-11-15 15:04:15,025 [DEBUG]: Logging verified for element 147.
2025-11-15 15:04:15,025 [DEBUG]: Logging verified for element 148.
2025-11-15 15:04:15,026 [DEBUG]: Logging verified for element 149.
2025-11-15 15:04:15,026 [DEBUG]: Logging verified for element 150.
2025-11-15 15:04:15,026 [DEBUG]: Logging verified for element 151.
2025-11-15 15:04:15,027 [DEBUG]: Logging verified for element 152.
2025-11-15 15:04:15,027 [DEBUG]: Logging verified for element 153.
2025-11-15 15:04:15,028 [DEBUG]: Logging verified for element 154.
2025-11-15 15:04:15,028 [DEBUG]: Logging verified for element 155.
2025-11-15 15:04:15,028 [DEBUG]: Logging verified for element 156.
2025-11-15 15:04:15,029 [DEBUG]: Logging verified for element 157.
2025-11-15 15:04:15,029 [DEBUG]: Logging verified for element 158.
2025-11-15 15:04:15,030 [DEBUG]: Logging verified for element 159.
2025-11-15 15:04:15,030 [DEBUG]: Logging verified for element 160.
2025-11-15 15:04:15,030 [DEBUG]: Logging verified for element 161.
2025-11-15 15:04:15,031 [DEBUG]: Logging verified for element 162.
2025-11-15 15:04:15,031 [DEBUG]: Logging verified for element 163.
2025-11-15 15:04:15,032 [DEBUG]: Logging verified for element 164.
2025-11-15 15:04:15,032 [DEBUG]: Logging verified for element 165.
2025-11-15 15:04:15,033 [DEBUG]: Logging verified for element 166.
2025-11-15 15:04:15,033 [DEBUG]: Logging verified for element 167.
2025-11-15 15:04:15,034 [DEBUG]: Logging verified for element 168.
2025-11-15 15:04:15,034 [DEBUG]: Logging verified for element 169.
2025-11-15 15:04:15,034 [DEBUG]: Logging verified for element 170.
2025-11-15 15:04:15,035 [DEBUG]: Logging verified for element 171.
2025-11-15 15:04:15,035 [DEBUG]: Logging verified for element 172.
2025-11-15 15:04:15,036 [DEBUG]: Logging verified for element 173.
2025-11-15 15:04:15,036 [DEBUG]: Logging verified for element 174.
2025-11-15 15:04:15,036 [DEBUG]: Logging verified for element 175.
2025-11-15 15:04:15,037 [DEBUG]: Logging verified for element 176.
2025-11-15 15:04:15,037 [DEBUG]: Logging verified for element 177.
2025-11-15 15:04:15,038 [DEBUG]: Logging verified for element 178.
2025-11-15 15:04:15,038 [DEBUG]: Logging verified for element 179.
2025-11-15 15:04:15,038 [DEBUG]: Logging verified for element 180.
2025-11-15 15:04:15,039 [DEBUG]: Logging verified for element 181.
2025-11-15 15:04:15,039 [DEBUG]: Logging verified for element 182.
2025-11-15 15:04:15,040 [DEBUG]: Logging verified for element 183.
2025-11-15 15:04:15,040 [DEBUG]: Logging verified for element 184.
2025-11-15 15:04:15,040 [DEBUG]: Logging verified for element 185.
2025-11-15 15:04:15,041 [DEBUG]: Logging verified for element 186.
2025-11-15 15:04:15,041 [DEBUG]: Logging verified for element 187.
2025-11-15 15:04:15,042 [DEBUG]: Logging verified for element 188.
2025-11-15 15:04:15,042 [DEBUG]: Logging verified for element 189.
2025-11-15 15:04:15,042 [DEBUG]: Logging verified for element 190.
2025-11-15 15:04:15,043 [DEBUG]: Logging verified for element 191.
2025-11-15 15:04:15,043 [DEBUG]: Logging verified for element 192.
2025-11-15 15:04:15,044 [DEBUG]: Logging verified for element 193.
2025-11-15 15:04:15,044 [DEBUG]: Logging verified for element 194.
2025-11-15 15:04:15,045 [DEBUG]: Logging verified for element 195.
2025-11-15 15:04:15,047 [DEBUG]: Logging verified for element 196.
2025-11-15 15:04:15,048 [DEBUG]: Logging verified for element 197.
2025-11-15 15:04:15,049 [DEBUG]: Logging verified for element 198.
2025-11-15 15:04:15,049 [DEBUG]: Logging verified for element 199.
2025-11-15 15:04:15,050 [DEBUG]: Logging verified for element 200.
2025-11-15 15:04:15,051 [DEBUG]: Logging verified for element 201.
2025-11-15 15:04:15,051 [DEBUG]: Logging verified for element 202.
2025-11-15 15:04:15,052 [DEBUG]: Logging verified for element 203.
2025-11-15 15:04:15,052 [DEBUG]: Logging verified for element 204.
2025-11-15 15:04:15,052 [DEBUG]: Logging verified for element 205.
2025-11-15 15:04:15,053 [DEBUG]: Logging verified for element 206.
2025-11-15 15:04:15,053 [DEBUG]: Logging verified for element 207.
2025-11-15 15:04:15,054 [DEBUG]: Logging verified for element 208.
2025-11-15 15:04:15,055 [DEBUG]: Logging verified for element 209.
2025-11-15 15:04:15,055 [DEBUG]: Logging verified for element 210.
2025-11-15 15:04:15,056 [DEBUG]: Logging verified for element 211.
2025-11-15 15:04:15,056 [DEBUG]: Logging verified for element 212.
2025-11-15 15:04:15,057 [DEBUG]: Logging verified for element 213.
2025-11-15 15:04:15,057 [DEBUG]: Logging verified for element 214.
2025-11-15 15:04:15,058 [DEBUG]: Logging verified for element 215.
2025-11-15 15:04:15,058 [DEBUG]: Logging verified for element 216.
2025-11-15 15:04:15,059 [DEBUG]: Logging verified for element 217.
2025-11-15 15:04:15,059 [DEBUG]: Logging verified for element 218.
2025-11-15 15:04:15,060 [DEBUG]: Logging verified for element 219.
2025-11-15 15:04:15,060 [DEBUG]: Logging verified for element 220.
2025-11-15 15:04:15,061 [DEBUG]: Logging verified for element 221.
2025-11-15 15:04:15,062 [DEBUG]: Logging verified for element 222.
2025-11-15 15:04:15,062 [DEBUG]: Logging verified for element 223.
2025-11-15 15:04:15,062 [DEBUG]: Logging verified for element 224.
2025-11-15 15:04:15,063 [DEBUG]: Logging verified for element 225.
2025-11-15 15:04:15,063 [DEBUG]: Logging verified for element 226.
2025-11-15 15:04:15,064 [DEBUG]: Logging verified for element 227.
2025-11-15 15:04:15,064 [DEBUG]: Logging verified for element 228.
2025-11-15 15:04:15,064 [DEBUG]: Logging verified for element 229.
2025-11-15 15:04:15,065 [DEBUG]: Logging verified for element 230.
2025-11-15 15:04:15,065 [DEBUG]: Logging verified for element 231.
2025-11-15 15:04:15,066 [DEBUG]: Logging verified for element 232.
2025-11-15 15:04:15,066 [DEBUG]: Logging verified for element 233.
2025-11-15 15:04:15,067 [DEBUG]: Logging verified for element 234.
2025-11-15 15:04:15,067 [DEBUG]: Logging verified for element 235.
2025-11-15 15:04:15,067 [DEBUG]: Logging verified for element 236.
2025-11-15 15:04:15,068 [DEBUG]: Logging verified for element 237.
2025-11-15 15:04:15,068 [DEBUG]: Logging verified for element 238.
2025-11-15 15:04:15,069 [DEBUG]: Logging verified for element 239.
2025-11-15 15:04:15,069 [DEBUG]: Logging verified for element 240.
2025-11-15 15:04:15,069 [DEBUG]: Logging verified for element 241.
2025-11-15 15:04:15,070 [DEBUG]: Logging verified for element 242.
2025-11-15 15:04:15,070 [DEBUG]: Logging verified for element 243.
2025-11-15 15:04:15,071 [DEBUG]: Logging verified for element 244.
2025-11-15 15:04:15,071 [DEBUG]: Logging verified for element 245.
2025-11-15 15:04:15,073 [DEBUG]: Logging verified for element 246.
2025-11-15 15:04:15,073 [DEBUG]: Logging verified for element 247.
2025-11-15 15:04:15,074 [DEBUG]: Logging verified for element 248.
2025-11-15 15:04:15,074 [DEBUG]: Logging verified for element 249.
2025-11-15 15:04:15,074 [INFO]: ✅ Batch element creation complete.
