Machine Specifications:
   - OS: Windows 11 (10.0.26100)
       Ľ Logical cores: 20
       Ľ Physical cores: 12
   - RAM: 31.24 GB
   - Disk: 943.72 GB total, 505.40 GB free
   - Python Version: 3.12.5 (C:\Users\s1834431\AppData\Local\Programs\Python\Python312\python.exe)
   - GPU(s): Intel(R) UHD Graphics 770

Job: job_0002
Timestamp (job start): 2025-11-15_15-04-51-146587
Total Time: 36.72 sec

+-------------------------------+-------------+---------------+-------------+-----------+
| Step                          |    Time (s) |   Memory (MB) |   Disk (GB) |   CPU (%) |
+===============================+=============+===============+=============+===========+
| Parsing                       |  0.00667667 |       66.8672 |     438.297 |         0 |
+-------------------------------+-------------+---------------+-------------+-----------+
| Element Instantiation         |  0.802115   |      100.996  |     438.298 |         0 |
+-------------------------------+-------------+---------------+-------------+-----------+
| Element Stiffness Computation |  1.17078    |      101.734  |     438.311 |         0 |
+-------------------------------+-------------+---------------+-------------+-----------+
| Element Force Computation     |  0.115402   |      101.797  |     438.312 |         0 |
+-------------------------------+-------------+---------------+-------------+-----------+
| Full Simulation               | 34.015      |      133.117  |     438.321 |         0 |
+-------------------------------+-------------+---------------+-------------+-----------+

Parallel Jobs: job_0001
Start Memory: 66.48 MB | End Memory: 133.12 MB
Start Disk Usage: 438.30 GB | End Disk Usage: 438.32 GB
Start CPU: 0.00% | End CPU: 0.00%
