=== Unnamed Matrix ===
[[0. 0.]
 [0. 0.]]


=== Element 336 Stiffness Matrix Computation ===
=== Element length  L  (1, 1) ===
[[0.004]]

=== Material stiffness matrix  D  (6, 6) ===
[[2.751000e+08 0.000000e+00 0.000000e+00 0.000000e+00 0.000000e+00 0.000000e+00]
 [0.000000e+00 6.791400e+04 0.000000e+00 0.000000e+00 0.000000e+00 0.000000e+00]
 [0.000000e+00 0.000000e+00 4.384149e+05 0.000000e+00 0.000000e+00 0.000000e+00]
 [0.000000e+00 0.000000e+00 0.000000e+00 0.000000e+00 0.000000e+00 0.000000e+00]
 [0.000000e+00 0.000000e+00 0.000000e+00 0.000000e+00 0.000000e+00 0.000000e+00]
 [0.000000e+00 0.000000e+00 0.000000e+00 0.000000e+00 0.000000e+00 2.111451e+03]]


GP 1/3: ξ = -0.774597,  x = 1.344451e+00,  w = 5.555556e-01
=== Shape-function derivative  dN/dξ  (1, 12, 6) ===
[[[-0.5       0.        0.        0.        0.        0.      ]
  [ 0.        8.24758   0.        0.        0.        0.      ]
  [ 0.        0.        8.24758   0.        0.        0.      ]
  [ 0.        0.        0.       -0.5       0.        0.      ]
  [ 0.        0.        0.        0.       -5.898387  0.      ]
  [ 0.        0.        0.        0.        0.        5.898387]
  [ 0.5       0.        0.        0.        0.        0.      ]
  [ 0.       -8.24758   0.        0.        0.        0.      ]
  [ 0.        0.       -8.24758   0.        0.        0.      ]
  [ 0.        0.        0.        0.5       0.        0.      ]
  [ 0.        0.        0.        0.       -3.349193  0.      ]
  [ 0.        0.        0.        0.        0.        3.349193]]]

=== Second derivative  d²N/dξ²  (1, 12, 6) ===
[[[  0.        0.        0.        0.        0.        0.     ]
  [  0.      -15.29516   0.        0.        0.        0.     ]
  [  0.        0.      -15.29516   0.        0.        0.     ]
  [  0.        0.        0.        0.        0.        0.     ]
  [  0.        0.        0.        0.        8.64758   0.     ]
  [  0.        0.        0.        0.        0.       -8.64758]
  [  0.        0.        0.        0.        0.        0.     ]
  [  0.       15.29516   0.        0.        0.        0.     ]
  [  0.        0.       15.29516   0.        0.        0.     ]
  [  0.        0.        0.        0.        0.        0.     ]
  [  0.        0.        0.        0.        6.64758   0.     ]
  [  0.        0.        0.        0.        0.       -6.64758]]]

=== Strain-displacement matrix  B  (6, 12) ===
[[    -250.              0.              0.              0.              0.              0.            250.
         0.              0.              0.              0.              0.      ]
 [       0.              0.       -3823790.007724        0.        2161895.003862        0.              0.
         0.        3823790.007724        0.        1661895.003862        0.      ]
 [       0.       -3823790.007724        0.              0.              0.       -2161895.003862        0.
   3823790.007724        0.              0.              0.       -1661895.003862]
 [       0.              0.              0.              0.              0.              0.              0.
         0.              0.              0.              0.              0.      ]
 [       0.              0.              0.              0.              0.              0.              0.
         0.              0.              0.              0.              0.      ]
 [       0.              0.              0.           -250.              0.              0.              0.
         0.              0.            250.              0.              0.      ]]

=== Gauss-point contribution  BᵀDB  (12, 12) ===
[[ 1.910417e+10  0.000000e+00  0.000000e+00  0.000000e+00  0.000000e+00  0.000000e+00 -1.910417e+10  0.000000e+00
   0.000000e+00  0.000000e+00  0.000000e+00  0.000000e+00]
 [ 0.000000e+00  7.122474e+15  0.000000e+00  0.000000e+00  0.000000e+00  4.026905e+15  0.000000e+00 -7.122474e+15
   0.000000e+00  0.000000e+00  0.000000e+00  3.095568e+15]
 [ 0.000000e+00  0.000000e+00  1.103329e+15  0.000000e+00 -6.238001e+14  0.000000e+00  0.000000e+00  0.000000e+00
  -1.103329e+15  0.000000e+00 -4.795285e+14  0.000000e+00]
 [ 0.000000e+00  0.000000e+00  0.000000e+00  1.466286e+05  0.000000e+00  0.000000e+00  0.000000e+00  0.000000e+00
   0.000000e+00 -1.466286e+05  0.000000e+00  0.000000e+00]
 [ 0.000000e+00  0.000000e+00 -6.238001e+14  0.000000e+00  3.526842e+14  0.000000e+00  0.000000e+00  0.000000e+00
   6.238001e+14  0.000000e+00  2.711159e+14  0.000000e+00]
 [ 0.000000e+00  4.026905e+15  0.000000e+00  0.000000e+00  0.000000e+00  2.276732e+15  0.000000e+00 -4.026905e+15
   0.000000e+00  0.000000e+00  0.000000e+00  1.750173e+15]
 [-1.910417e+10  0.000000e+00  0.000000e+00  0.000000e+00  0.000000e+00  0.000000e+00  1.910417e+10  0.000000e+00
   0.000000e+00  0.000000e+00  0.000000e+00  0.000000e+00]
 [ 0.000000e+00 -7.122474e+15  0.000000e+00  0.000000e+00  0.000000e+00 -4.026905e+15  0.000000e+00  7.122474e+15
   0.000000e+00  0.000000e+00  0.000000e+00 -3.095568e+15]
 [ 0.000000e+00  0.000000e+00 -1.103329e+15  0.000000e+00  6.238001e+14  0.000000e+00  0.000000e+00  0.000000e+00
   1.103329e+15  0.000000e+00  4.795285e+14  0.000000e+00]
 [ 0.000000e+00  0.000000e+00  0.000000e+00 -1.466286e+05  0.000000e+00  0.000000e+00  0.000000e+00  0.000000e+00
   0.000000e+00  1.466286e+05  0.000000e+00  0.000000e+00]
 [ 0.000000e+00  0.000000e+00 -4.795285e+14  0.000000e+00  2.711159e+14  0.000000e+00  0.000000e+00  0.000000e+00
   4.795285e+14  0.000000e+00  2.084126e+14  0.000000e+00]
 [ 0.000000e+00  3.095568e+15  0.000000e+00  0.000000e+00  0.000000e+00  1.750173e+15  0.000000e+00 -3.095568e+15
   0.000000e+00  0.000000e+00  0.000000e+00  1.345395e+15]]


GP 2/3: ξ = 0.000000,  x = 1.346000e+00,  w = 8.888889e-01
=== Shape-function derivative  dN/dξ  (1, 12, 6) ===
[[[-0.5  0.   0.   0.   0.   0. ]
  [ 0.   0.   0.   0.   0.   0. ]
  [ 0.   0.   0.   0.   0.   0. ]
  [ 0.   0.   0.  -0.5  0.   0. ]
  [ 0.   0.   0.   0.  -1.   0. ]
  [ 0.   0.   0.   0.   0.   1. ]
  [ 0.5  0.   0.   0.   0.   0. ]
  [ 0.   0.   0.   0.   0.   0. ]
  [ 0.   0.   0.   0.   0.   0. ]
  [ 0.   0.   0.   0.5  0.   0. ]
  [ 0.   0.   0.   0.  -0.   0. ]
  [ 0.   0.   0.   0.   0.   0. ]]]

=== Second derivative  d²N/dξ²  (1, 12, 6) ===
[[[ 0.  0.  0.  0.  0.  0.]
  [ 0. -6.  0.  0.  0.  0.]
  [ 0.  0. -6.  0.  0.  0.]
  [ 0.  0.  0.  0.  0.  0.]
  [ 0.  0.  0.  0.  4.  0.]
  [ 0.  0.  0.  0.  0. -4.]
  [ 0.  0.  0.  0.  0.  0.]
  [ 0.  6.  0.  0.  0.  0.]
  [ 0.  0.  6.  0.  0.  0.]
  [ 0.  0.  0.  0.  0.  0.]
  [ 0.  0.  0.  0.  2.  0.]
  [ 0.  0.  0.  0.  0. -2.]]]

=== Strain-displacement matrix  B  (6, 12) ===
[[    -250.        0.        0.        0.        0.        0.      250.        0.        0.        0.        0.
         0.]
 [       0.        0. -1500000.        0.  1000000.        0.        0.        0.  1500000.        0.   500000.
         0.]
 [       0. -1500000.        0.        0.        0. -1000000.        0.  1500000.        0.        0.        0.
   -500000.]
 [       0.        0.        0.        0.        0.        0.        0.        0.        0.        0.        0.
         0.]
 [       0.        0.        0.        0.        0.        0.        0.        0.        0.        0.        0.
         0.]
 [       0.        0.        0.     -250.        0.        0.        0.        0.        0.      250.        0.
         0.]]

=== Gauss-point contribution  BᵀDB  (12, 12) ===
[[ 3.056667e+10  0.000000e+00  0.000000e+00  0.000000e+00  0.000000e+00  0.000000e+00 -3.056667e+10  0.000000e+00
   0.000000e+00  0.000000e+00  0.000000e+00  0.000000e+00]
 [ 0.000000e+00  1.753660e+15  0.000000e+00  0.000000e+00  0.000000e+00  1.169106e+15  0.000000e+00 -1.753660e+15
   0.000000e+00  0.000000e+00  0.000000e+00  5.845532e+14]
 [ 0.000000e+00  0.000000e+00  2.716560e+14  0.000000e+00 -1.811040e+14  0.000000e+00  0.000000e+00  0.000000e+00
  -2.716560e+14  0.000000e+00 -9.055200e+13  0.000000e+00]
 [ 0.000000e+00  0.000000e+00  0.000000e+00  2.346057e+05  0.000000e+00  0.000000e+00  0.000000e+00  0.000000e+00
   0.000000e+00 -2.346057e+05  0.000000e+00  0.000000e+00]
 [ 0.000000e+00  0.000000e+00 -1.811040e+14  0.000000e+00  1.207360e+14  0.000000e+00  0.000000e+00  0.000000e+00
   1.811040e+14  0.000000e+00  6.036800e+13  0.000000e+00]
 [ 0.000000e+00  1.169106e+15  0.000000e+00  0.000000e+00  0.000000e+00  7.794043e+14  0.000000e+00 -1.169106e+15
   0.000000e+00  0.000000e+00  0.000000e+00  3.897021e+14]
 [-3.056667e+10  0.000000e+00  0.000000e+00  0.000000e+00  0.000000e+00  0.000000e+00  3.056667e+10  0.000000e+00
   0.000000e+00  0.000000e+00  0.000000e+00  0.000000e+00]
 [ 0.000000e+00 -1.753660e+15  0.000000e+00  0.000000e+00  0.000000e+00 -1.169106e+15  0.000000e+00  1.753660e+15
   0.000000e+00  0.000000e+00  0.000000e+00 -5.845532e+14]
 [ 0.000000e+00  0.000000e+00 -2.716560e+14  0.000000e+00  1.811040e+14  0.000000e+00  0.000000e+00  0.000000e+00
   2.716560e+14  0.000000e+00  9.055200e+13  0.000000e+00]
 [ 0.000000e+00  0.000000e+00  0.000000e+00 -2.346057e+05  0.000000e+00  0.000000e+00  0.000000e+00  0.000000e+00
   0.000000e+00  2.346057e+05  0.000000e+00  0.000000e+00]
 [ 0.000000e+00  0.000000e+00 -9.055200e+13  0.000000e+00  6.036800e+13  0.000000e+00  0.000000e+00  0.000000e+00
   9.055200e+13  0.000000e+00  3.018400e+13  0.000000e+00]
 [ 0.000000e+00  5.845532e+14  0.000000e+00  0.000000e+00  0.000000e+00  3.897021e+14  0.000000e+00 -5.845532e+14
   0.000000e+00  0.000000e+00  0.000000e+00  1.948511e+14]]


GP 3/3: ξ = 0.774597,  x = 1.347549e+00,  w = 5.555556e-01
=== Shape-function derivative  dN/dξ  (1, 12, 6) ===
[[[-0.5       0.        0.        0.        0.        0.      ]
  [ 0.       -1.04758   0.        0.        0.        0.      ]
  [ 0.        0.       -1.04758   0.        0.        0.      ]
  [ 0.        0.        0.       -0.5       0.        0.      ]
  [ 0.        0.        0.        0.        0.298387  0.      ]
  [ 0.        0.        0.        0.        0.       -0.298387]
  [ 0.5       0.        0.        0.        0.        0.      ]
  [ 0.        1.04758   0.        0.        0.        0.      ]
  [ 0.        0.        1.04758   0.        0.        0.      ]
  [ 0.        0.        0.        0.5       0.        0.      ]
  [ 0.        0.        0.        0.       -0.250807  0.      ]
  [ 0.        0.        0.        0.        0.        0.250807]]]

=== Second derivative  d²N/dξ²  (1, 12, 6) ===
[[[ 0.       0.       0.       0.       0.       0.     ]
  [ 0.       3.29516  0.       0.       0.       0.     ]
  [ 0.       0.       3.29516  0.       0.       0.     ]
  [ 0.       0.       0.       0.       0.       0.     ]
  [ 0.       0.       0.       0.      -0.64758  0.     ]
  [ 0.       0.       0.       0.       0.       0.64758]
  [ 0.       0.       0.       0.       0.       0.     ]
  [ 0.      -3.29516  0.       0.       0.       0.     ]
  [ 0.       0.      -3.29516  0.       0.       0.     ]
  [ 0.       0.       0.       0.       0.       0.     ]
  [ 0.       0.       0.       0.      -2.64758  0.     ]
  [ 0.       0.       0.       0.       0.       2.64758]]]

=== Strain-displacement matrix  B  (6, 12) ===
[[   -250.             0.             0.             0.             0.             0.           250.
        0.             0.             0.             0.             0.      ]
 [      0.             0.        823790.007724       0.       -161895.003862       0.             0.
        0.       -823790.007724       0.       -661895.003862       0.      ]
 [      0.        823790.007724       0.             0.             0.        161895.003862       0.
  -823790.007724       0.             0.             0.        661895.003862]
 [      0.             0.             0.             0.             0.             0.             0.
        0.             0.             0.             0.             0.      ]
 [      0.             0.             0.             0.             0.             0.             0.
        0.             0.             0.             0.             0.      ]
 [      0.             0.             0.          -250.             0.             0.             0.
        0.             0.           250.             0.             0.      ]]

=== Gauss-point contribution  BᵀDB  (12, 12) ===
[[ 1.910417e+10  0.000000e+00  0.000000e+00  0.000000e+00  0.000000e+00  0.000000e+00 -1.910417e+10  0.000000e+00
   0.000000e+00  0.000000e+00  0.000000e+00  0.000000e+00]
 [ 0.000000e+00  3.305794e+14  0.000000e+00  0.000000e+00  0.000000e+00  6.496699e+13  0.000000e+00 -3.305794e+14
   0.000000e+00  0.000000e+00  0.000000e+00  2.656124e+14]
 [ 0.000000e+00  0.000000e+00  5.120942e+13  0.000000e+00 -1.006391e+13  0.000000e+00  0.000000e+00  0.000000e+00
  -5.120942e+13  0.000000e+00 -4.114551e+13  0.000000e+00]
 [ 0.000000e+00  0.000000e+00  0.000000e+00  1.466286e+05  0.000000e+00  0.000000e+00  0.000000e+00  0.000000e+00
   0.000000e+00 -1.466286e+05  0.000000e+00  0.000000e+00]
 [ 0.000000e+00  0.000000e+00 -1.006391e+13  0.000000e+00  1.977806e+12  0.000000e+00  0.000000e+00  0.000000e+00
   1.006391e+13  0.000000e+00  8.086105e+12  0.000000e+00]
 [ 0.000000e+00  6.496699e+13  0.000000e+00  0.000000e+00  0.000000e+00  1.276761e+13  0.000000e+00 -6.496699e+13
   0.000000e+00  0.000000e+00  0.000000e+00  5.219938e+13]
 [-1.910417e+10  0.000000e+00  0.000000e+00  0.000000e+00  0.000000e+00  0.000000e+00  1.910417e+10  0.000000e+00
   0.000000e+00  0.000000e+00  0.000000e+00  0.000000e+00]
 [ 0.000000e+00 -3.305794e+14  0.000000e+00  0.000000e+00  0.000000e+00 -6.496699e+13  0.000000e+00  3.305794e+14
   0.000000e+00  0.000000e+00  0.000000e+00 -2.656124e+14]
 [ 0.000000e+00  0.000000e+00 -5.120942e+13  0.000000e+00  1.006391e+13  0.000000e+00  0.000000e+00  0.000000e+00
   5.120942e+13  0.000000e+00  4.114551e+13  0.000000e+00]
 [ 0.000000e+00  0.000000e+00  0.000000e+00 -1.466286e+05  0.000000e+00  0.000000e+00  0.000000e+00  0.000000e+00
   0.000000e+00  1.466286e+05  0.000000e+00  0.000000e+00]
 [ 0.000000e+00  0.000000e+00 -4.114551e+13  0.000000e+00  8.086105e+12  0.000000e+00  0.000000e+00  0.000000e+00
   4.114551e+13  0.000000e+00  3.305940e+13  0.000000e+00]
 [ 0.000000e+00  2.656124e+14  0.000000e+00  0.000000e+00  0.000000e+00  5.219938e+13  0.000000e+00 -2.656124e+14
   0.000000e+00  0.000000e+00  0.000000e+00  2.134131e+14]]

=== Final Element Stiffness Matrix ===
[[ 6.877500e+10  0.000000e+00  0.000000e+00  0.000000e+00  0.000000e+00  0.000000e+00 -6.877500e+10  0.000000e+00
   0.000000e+00  0.000000e+00  0.000000e+00  0.000000e+00]
 [ 0.000000e+00  9.206713e+15  0.000000e+00  0.000000e+00  0.000000e+00  5.260979e+15  0.000000e+00 -9.206713e+15
   0.000000e+00  0.000000e+00  0.000000e+00  3.945734e+15]
 [ 0.000000e+00  0.000000e+00  1.426194e+15  0.000000e+00 -8.149680e+14  0.000000e+00  0.000000e+00  0.000000e+00
  -1.426194e+15  0.000000e+00 -6.112260e+14  0.000000e+00]
 [ 0.000000e+00  0.000000e+00  0.000000e+00  5.278628e+05  0.000000e+00  0.000000e+00  0.000000e+00  0.000000e+00
   0.000000e+00 -5.278628e+05  0.000000e+00  0.000000e+00]
 [ 0.000000e+00  0.000000e+00 -8.149680e+14  0.000000e+00  4.753980e+14  0.000000e+00  0.000000e+00  0.000000e+00
   8.149680e+14  0.000000e+00  3.395700e+14  0.000000e+00]
 [ 0.000000e+00  5.260979e+15  0.000000e+00  0.000000e+00  0.000000e+00  3.068904e+15  0.000000e+00 -5.260979e+15
   0.000000e+00  0.000000e+00  0.000000e+00  2.192074e+15]
 [-6.877500e+10  0.000000e+00  0.000000e+00  0.000000e+00  0.000000e+00  0.000000e+00  6.877500e+10  0.000000e+00
   0.000000e+00  0.000000e+00  0.000000e+00  0.000000e+00]
 [ 0.000000e+00 -9.206713e+15  0.000000e+00  0.000000e+00  0.000000e+00 -5.260979e+15  0.000000e+00  9.206713e+15
   0.000000e+00  0.000000e+00  0.000000e+00 -3.945734e+15]
 [ 0.000000e+00  0.000000e+00 -1.426194e+15  0.000000e+00  8.149680e+14  0.000000e+00  0.000000e+00  0.000000e+00
   1.426194e+15  0.000000e+00  6.112260e+14  0.000000e+00]
 [ 0.000000e+00  0.000000e+00  0.000000e+00 -5.278628e+05  0.000000e+00  0.000000e+00  0.000000e+00  0.000000e+00
   0.000000e+00  5.278628e+05  0.000000e+00  0.000000e+00]
 [ 0.000000e+00  0.000000e+00 -6.112260e+14  0.000000e+00  3.395700e+14  0.000000e+00  0.000000e+00  0.000000e+00
   6.112260e+14  0.000000e+00  2.716560e+14  0.000000e+00]
 [ 0.000000e+00  3.945734e+15  0.000000e+00  0.000000e+00  0.000000e+00  2.192074e+15  0.000000e+00 -3.945734e+15
   0.000000e+00  0.000000e+00  0.000000e+00  1.753660e+15]]

