--------------------------------------------------------------------------
Machine specifications – written 2025-11-16 14:07:37.246391
OS          : Windows 11 (10.0.26100)
CPU         : 12th Gen Intel(R) Core(TM) i7-12700
   logical  : 20
   physical : 12
RAM         : 31.24 GB
Disk        : 943.72 GB total  /  504.80 GB free
Python      : 3.12.5  (C:\Users\s1834431\AppData\Local\Programs\Python\Python312\python.exe)
GPU(s)      : Intel(R) UHD Graphics 770
--------------------------------------------------------------------------

Runtime telemetry header written → C:\Users\s1834431\.cursor\worktrees\fem_model\kXxtc\post_processing\results\job_0003_2025-11-16_14-07-31-154956_pid26192_4b6f76be\diagnostics\RuntimeMonitorTelemetry.log
2025-11-16 14:07:37 │ PrepareLocalSystem BEGIN   │ Δt  0.00 s │ RAM   134.4 MB │ CPU  53.2 % │ Disk  438.9 GB
2025-11-16 14:07:37 │ PrepareLocalSystem END     │ Δt  0.24 s │ RAM   135.2 MB │ CPU  50.2 % │ Disk  438.9 GB
2025-11-16 14:07:38 │ AssembleGlobalSystem BEGIN │ Δt  0.20 s │ RAM   135.2 MB │ CPU  47.2 % │ Disk  438.9 GB
2025-11-16 14:07:38 │ AssembleGlobalSystem END   │ Δt  0.36 s │ RAM   137.6 MB │ CPU  64.5 % │ Disk  438.9 GB
2025-11-16 14:08:42 │ ModifyGlobalSystem BEGIN   │ Δt 63.84 s │ RAM   140.6 MB │ CPU  31.2 % │ Disk  438.9 GB
2025-11-16 14:08:42 │ ModifyGlobalSystem END     │ Δt  0.25 s │ RAM   141.9 MB │ CPU  10.5 % │ Disk  438.9 GB
2025-11-16 14:09:07 │ CondenseModifiedSystem BEGIN │ Δt 24.64 s │ RAM   141.9 MB │ CPU  18.7 % │ Disk  439.1 GB
2025-11-16 14:09:07 │ CondenseModifiedSystem END │ Δt  0.49 s │ RAM   143.2 MB │ CPU  15.0 % │ Disk  439.1 GB
2025-11-16 14:09:30 │ SolveCondensedSystem BEGIN │ Δt 23.33 s │ RAM   143.2 MB │ CPU   6.9 % │ Disk  439.1 GB
2025-11-16 14:09:31 │ SolveCondensedSystem END   │ Δt  0.32 s │ RAM   144.6 MB │ CPU  17.7 % │ Disk  439.1 GB
2025-11-16 14:09:31 │ ReconstructGlobalSystem BEGIN │ Δt  0.20 s │ RAM   144.6 MB │ CPU  10.5 % │ Disk  439.1 GB
2025-11-16 14:09:31 │ ReconstructGlobalSystem END │ Δt  0.32 s │ RAM   144.8 MB │ CPU   7.4 % │ Disk  439.1 GB
2025-11-16 14:09:32 │ ComputePrimaryResults BEGIN │ Δt  0.20 s │ RAM   144.8 MB │ CPU  14.6 % │ Disk  439.1 GB
2025-11-16 14:09:34 │ ComputePrimaryResults END  │ Δt  2.26 s │ RAM   145.7 MB │ CPU  15.3 % │ Disk  439.1 GB
2025-11-16 14:09:34 │ SaveFormulationCache BEGIN │ Δt  0.20 s │ RAM   145.7 MB │ CPU  16.3 % │ Disk  439.1 GB
2025-11-16 14:09:35 │ SaveFormulationCache END   │ Δt  0.78 s │ RAM   145.7 MB │ CPU  11.6 % │ Disk  439.1 GB
2025-11-16 14:09:35 │ ComputeSecondaryResults BEGIN │ Δt  0.20 s │ RAM   145.7 MB │ CPU  18.8 % │ Disk  439.1 GB
2025-11-16 14:09:35 │ ComputeSecondaryResults END │ Δt  0.20 s │ RAM   145.7 MB │ CPU   8.4 % │ Disk  439.1 GB
