2025-11-16 14:43:22,930 [DEBUG] 📁 Log file created at: C:\Users\s1834431\.cursor\worktrees\fem_model\kXxtc\post_processing\results\job_0002_2025-11-16_14-43-17-705354_pid16164_60053488\logs\AssembleGlobalSystem.log (Module: assembly, Line: 91)
2025-11-16 14:43:22,930 [INFO] 🔧 Starting global matrix assembly... (Module: assembly, Line: 109)
2025-11-16 14:43:22,931 [DEBUG] Element 0 DOF mapping validated (Module: assembly, Line: 184)
2025-11-16 14:43:22,931 [DEBUG] Element 1 DOF mapping validated (Module: assembly, Line: 184)
2025-11-16 14:43:22,931 [DEBUG] Element 2 DOF mapping validated (Module: assembly, Line: 184)
2025-11-16 14:43:22,931 [DEBUG] Element 3 DOF mapping validated (Module: assembly, Line: 184)
2025-11-16 14:43:22,931 [DEBUG] Element 4 DOF mapping validated (Module: assembly, Line: 184)
2025-11-16 14:43:22,931 [DEBUG] Element 5 DOF mapping validated (Module: assembly, Line: 184)
2025-11-16 14:43:22,932 [DEBUG] Element 6 DOF mapping validated (Module: assembly, Line: 184)
2025-11-16 14:43:22,932 [DEBUG] Element 7 DOF mapping validated (Module: assembly, Line: 184)
2025-11-16 14:43:22,932 [DEBUG] Element 8 DOF mapping validated (Module: assembly, Line: 184)
2025-11-16 14:43:22,932 [DEBUG] Element 9 DOF mapping validated (Module: assembly, Line: 184)
2025-11-16 14:43:22,932 [DEBUG] Element 10 DOF mapping validated (Module: assembly, Line: 184)
2025-11-16 14:43:22,932 [DEBUG] Element 11 DOF mapping validated (Module: assembly, Line: 184)
2025-11-16 14:43:22,932 [DEBUG] Element 12 DOF mapping validated (Module: assembly, Line: 184)
2025-11-16 14:43:22,932 [DEBUG] Element 13 DOF mapping validated (Module: assembly, Line: 184)
2025-11-16 14:43:22,932 [DEBUG] Element 14 DOF mapping validated (Module: assembly, Line: 184)
2025-11-16 14:43:22,932 [DEBUG] Element 15 DOF mapping validated (Module: assembly, Line: 184)
2025-11-16 14:43:22,932 [DEBUG] Element 16 DOF mapping validated (Module: assembly, Line: 184)
2025-11-16 14:43:22,932 [DEBUG] Element 17 DOF mapping validated (Module: assembly, Line: 184)
2025-11-16 14:43:22,932 [DEBUG] Element 18 DOF mapping validated (Module: assembly, Line: 184)
2025-11-16 14:43:22,932 [DEBUG] Element 19 DOF mapping validated (Module: assembly, Line: 184)
2025-11-16 14:43:22,932 [DEBUG] Element 20 DOF mapping validated (Module: assembly, Line: 184)
2025-11-16 14:43:22,932 [DEBUG] Element 21 DOF mapping validated (Module: assembly, Line: 184)
2025-11-16 14:43:22,932 [DEBUG] Element 22 DOF mapping validated (Module: assembly, Line: 184)
2025-11-16 14:43:22,932 [DEBUG] Element 23 DOF mapping validated (Module: assembly, Line: 184)
2025-11-16 14:43:22,932 [DEBUG] Element 24 DOF mapping validated (Module: assembly, Line: 184)
2025-11-16 14:43:22,932 [DEBUG] Element 25 DOF mapping validated (Module: assembly, Line: 184)
2025-11-16 14:43:22,932 [DEBUG] Element 26 DOF mapping validated (Module: assembly, Line: 184)
2025-11-16 14:43:22,932 [DEBUG] Element 27 DOF mapping validated (Module: assembly, Line: 184)
2025-11-16 14:43:22,932 [DEBUG] Element 28 DOF mapping validated (Module: assembly, Line: 184)
2025-11-16 14:43:22,932 [DEBUG] Element 29 DOF mapping validated (Module: assembly, Line: 184)
2025-11-16 14:43:22,932 [DEBUG] Element 30 DOF mapping validated (Module: assembly, Line: 184)
2025-11-16 14:43:22,932 [DEBUG] Element 31 DOF mapping validated (Module: assembly, Line: 184)
2025-11-16 14:43:22,932 [DEBUG] Element 32 DOF mapping validated (Module: assembly, Line: 184)
2025-11-16 14:43:22,932 [DEBUG] Element 33 DOF mapping validated (Module: assembly, Line: 184)
2025-11-16 14:43:22,932 [DEBUG] Element 34 DOF mapping validated (Module: assembly, Line: 184)
2025-11-16 14:43:22,932 [DEBUG] Element 35 DOF mapping validated (Module: assembly, Line: 184)
2025-11-16 14:43:22,932 [DEBUG] Element 36 DOF mapping validated (Module: assembly, Line: 184)
2025-11-16 14:43:22,932 [DEBUG] Element 37 DOF mapping validated (Module: assembly, Line: 184)
2025-11-16 14:43:22,932 [DEBUG] Element 38 DOF mapping validated (Module: assembly, Line: 184)
2025-11-16 14:43:22,932 [DEBUG] Element 39 DOF mapping validated (Module: assembly, Line: 184)
2025-11-16 14:43:22,932 [DEBUG] Element 40 DOF mapping validated (Module: assembly, Line: 184)
2025-11-16 14:43:22,932 [DEBUG] Element 41 DOF mapping validated (Module: assembly, Line: 184)
2025-11-16 14:43:22,932 [DEBUG] Element 42 DOF mapping validated (Module: assembly, Line: 184)
2025-11-16 14:43:22,932 [DEBUG] Element 43 DOF mapping validated (Module: assembly, Line: 184)
2025-11-16 14:43:22,932 [DEBUG] Element 44 DOF mapping validated (Module: assembly, Line: 184)
2025-11-16 14:43:22,932 [DEBUG] Element 45 DOF mapping validated (Module: assembly, Line: 184)
2025-11-16 14:43:22,933 [DEBUG] Element 46 DOF mapping validated (Module: assembly, Line: 184)
2025-11-16 14:43:22,933 [DEBUG] Element 47 DOF mapping validated (Module: assembly, Line: 184)
2025-11-16 14:43:22,933 [DEBUG] Element 48 DOF mapping validated (Module: assembly, Line: 184)
2025-11-16 14:43:22,933 [DEBUG] Element 49 DOF mapping validated (Module: assembly, Line: 184)
2025-11-16 14:43:22,933 [DEBUG] Element 50 DOF mapping validated (Module: assembly, Line: 184)
2025-11-16 14:43:22,933 [DEBUG] Element 51 DOF mapping validated (Module: assembly, Line: 184)
2025-11-16 14:43:22,933 [DEBUG] Element 52 DOF mapping validated (Module: assembly, Line: 184)
2025-11-16 14:43:22,933 [DEBUG] Element 53 DOF mapping validated (Module: assembly, Line: 184)
2025-11-16 14:43:22,933 [DEBUG] Element 54 DOF mapping validated (Module: assembly, Line: 184)
2025-11-16 14:43:22,933 [DEBUG] Element 55 DOF mapping validated (Module: assembly, Line: 184)
2025-11-16 14:43:22,933 [DEBUG] Element 56 DOF mapping validated (Module: assembly, Line: 184)
2025-11-16 14:43:22,933 [DEBUG] Element 57 DOF mapping validated (Module: assembly, Line: 184)
2025-11-16 14:43:22,933 [DEBUG] Element 58 DOF mapping validated (Module: assembly, Line: 184)
2025-11-16 14:43:22,933 [DEBUG] Element 59 DOF mapping validated (Module: assembly, Line: 184)
2025-11-16 14:43:22,933 [DEBUG] Element 60 DOF mapping validated (Module: assembly, Line: 184)
2025-11-16 14:43:22,933 [DEBUG] Element 61 DOF mapping validated (Module: assembly, Line: 184)
2025-11-16 14:43:22,933 [DEBUG] Element 62 DOF mapping validated (Module: assembly, Line: 184)
2025-11-16 14:43:22,933 [DEBUG] Element 63 DOF mapping validated (Module: assembly, Line: 184)
2025-11-16 14:43:22,933 [DEBUG] Element 64 DOF mapping validated (Module: assembly, Line: 184)
2025-11-16 14:43:22,933 [DEBUG] Element 65 DOF mapping validated (Module: assembly, Line: 184)
2025-11-16 14:43:22,933 [DEBUG] Element 66 DOF mapping validated (Module: assembly, Line: 184)
2025-11-16 14:43:22,933 [DEBUG] Element 67 DOF mapping validated (Module: assembly, Line: 184)
2025-11-16 14:43:22,933 [DEBUG] Element 68 DOF mapping validated (Module: assembly, Line: 184)
2025-11-16 14:43:22,933 [DEBUG] Element 69 DOF mapping validated (Module: assembly, Line: 184)
2025-11-16 14:43:22,933 [DEBUG] Element 70 DOF mapping validated (Module: assembly, Line: 184)
2025-11-16 14:43:22,933 [DEBUG] Element 71 DOF mapping validated (Module: assembly, Line: 184)
2025-11-16 14:43:22,933 [DEBUG] Element 72 DOF mapping validated (Module: assembly, Line: 184)
2025-11-16 14:43:22,933 [DEBUG] Element 73 DOF mapping validated (Module: assembly, Line: 184)
2025-11-16 14:43:22,933 [DEBUG] Element 74 DOF mapping validated (Module: assembly, Line: 184)
2025-11-16 14:43:22,933 [DEBUG] Element 75 DOF mapping validated (Module: assembly, Line: 184)
2025-11-16 14:43:22,933 [DEBUG] Element 76 DOF mapping validated (Module: assembly, Line: 184)
2025-11-16 14:43:22,933 [DEBUG] Element 77 DOF mapping validated (Module: assembly, Line: 184)
2025-11-16 14:43:22,933 [DEBUG] Element 78 DOF mapping validated (Module: assembly, Line: 184)
2025-11-16 14:43:22,933 [DEBUG] Element 79 DOF mapping validated (Module: assembly, Line: 184)
2025-11-16 14:43:22,933 [DEBUG] Element 80 DOF mapping validated (Module: assembly, Line: 184)
2025-11-16 14:43:22,933 [DEBUG] Element 81 DOF mapping validated (Module: assembly, Line: 184)
2025-11-16 14:43:22,933 [DEBUG] Element 82 DOF mapping validated (Module: assembly, Line: 184)
2025-11-16 14:43:22,933 [DEBUG] Element 83 DOF mapping validated (Module: assembly, Line: 184)
2025-11-16 14:43:22,933 [DEBUG] Element 84 DOF mapping validated (Module: assembly, Line: 184)
2025-11-16 14:43:22,933 [DEBUG] Element 85 DOF mapping validated (Module: assembly, Line: 184)
2025-11-16 14:43:22,933 [DEBUG] Element 86 DOF mapping validated (Module: assembly, Line: 184)
2025-11-16 14:43:22,933 [DEBUG] Element 87 DOF mapping validated (Module: assembly, Line: 184)
2025-11-16 14:43:22,933 [DEBUG] Element 88 DOF mapping validated (Module: assembly, Line: 184)
2025-11-16 14:43:22,933 [DEBUG] Element 89 DOF mapping validated (Module: assembly, Line: 184)
2025-11-16 14:43:22,933 [DEBUG] Element 90 DOF mapping validated (Module: assembly, Line: 184)
2025-11-16 14:43:22,933 [DEBUG] Element 91 DOF mapping validated (Module: assembly, Line: 184)
2025-11-16 14:43:22,933 [DEBUG] Element 92 DOF mapping validated (Module: assembly, Line: 184)
2025-11-16 14:43:22,933 [DEBUG] Element 93 DOF mapping validated (Module: assembly, Line: 184)
2025-11-16 14:43:22,933 [DEBUG] Element 94 DOF mapping validated (Module: assembly, Line: 184)
2025-11-16 14:43:22,933 [DEBUG] Element 95 DOF mapping validated (Module: assembly, Line: 184)
2025-11-16 14:43:22,933 [DEBUG] Element 96 DOF mapping validated (Module: assembly, Line: 184)
2025-11-16 14:43:22,933 [DEBUG] Element 97 DOF mapping validated (Module: assembly, Line: 184)
2025-11-16 14:43:22,933 [DEBUG] Element 98 DOF mapping validated (Module: assembly, Line: 184)
2025-11-16 14:43:22,933 [DEBUG] Element 99 DOF mapping validated (Module: assembly, Line: 184)
2025-11-16 14:43:22,933 [DEBUG] Element 100 DOF mapping validated (Module: assembly, Line: 184)
2025-11-16 14:43:22,933 [DEBUG] Element 101 DOF mapping validated (Module: assembly, Line: 184)
2025-11-16 14:43:22,933 [DEBUG] Element 102 DOF mapping validated (Module: assembly, Line: 184)
2025-11-16 14:43:22,933 [DEBUG] Element 103 DOF mapping validated (Module: assembly, Line: 184)
2025-11-16 14:43:22,933 [DEBUG] Element 104 DOF mapping validated (Module: assembly, Line: 184)
2025-11-16 14:43:22,933 [DEBUG] Element 105 DOF mapping validated (Module: assembly, Line: 184)
2025-11-16 14:43:22,933 [DEBUG] Element 106 DOF mapping validated (Module: assembly, Line: 184)
2025-11-16 14:43:22,933 [DEBUG] Element 107 DOF mapping validated (Module: assembly, Line: 184)
2025-11-16 14:43:22,935 [DEBUG] Element 108 DOF mapping validated (Module: assembly, Line: 184)
2025-11-16 14:43:22,935 [DEBUG] Element 109 DOF mapping validated (Module: assembly, Line: 184)
2025-11-16 14:43:22,935 [DEBUG] Element 110 DOF mapping validated (Module: assembly, Line: 184)
2025-11-16 14:43:22,935 [DEBUG] Element 111 DOF mapping validated (Module: assembly, Line: 184)
2025-11-16 14:43:22,935 [DEBUG] Element 112 DOF mapping validated (Module: assembly, Line: 184)
2025-11-16 14:43:22,935 [DEBUG] Element 113 DOF mapping validated (Module: assembly, Line: 184)
2025-11-16 14:43:22,935 [DEBUG] Element 114 DOF mapping validated (Module: assembly, Line: 184)
2025-11-16 14:43:22,935 [DEBUG] Element 115 DOF mapping validated (Module: assembly, Line: 184)
2025-11-16 14:43:22,935 [DEBUG] Element 116 DOF mapping validated (Module: assembly, Line: 184)
2025-11-16 14:43:22,935 [DEBUG] Element 117 DOF mapping validated (Module: assembly, Line: 184)
2025-11-16 14:43:22,935 [DEBUG] Element 118 DOF mapping validated (Module: assembly, Line: 184)
2025-11-16 14:43:22,935 [DEBUG] Element 119 DOF mapping validated (Module: assembly, Line: 184)
2025-11-16 14:43:22,935 [DEBUG] Element 120 DOF mapping validated (Module: assembly, Line: 184)
2025-11-16 14:43:22,935 [DEBUG] Element 121 DOF mapping validated (Module: assembly, Line: 184)
2025-11-16 14:43:22,935 [DEBUG] Element 122 DOF mapping validated (Module: assembly, Line: 184)
2025-11-16 14:43:22,935 [DEBUG] Element 123 DOF mapping validated (Module: assembly, Line: 184)
2025-11-16 14:43:22,935 [DEBUG] Element 124 DOF mapping validated (Module: assembly, Line: 184)
2025-11-16 14:43:22,935 [DEBUG] Element 125 DOF mapping validated (Module: assembly, Line: 184)
2025-11-16 14:43:22,935 [DEBUG] Element 126 DOF mapping validated (Module: assembly, Line: 184)
2025-11-16 14:43:22,935 [DEBUG] Element 127 DOF mapping validated (Module: assembly, Line: 184)
2025-11-16 14:43:22,935 [DEBUG] Element 128 DOF mapping validated (Module: assembly, Line: 184)
2025-11-16 14:43:22,935 [DEBUG] Element 129 DOF mapping validated (Module: assembly, Line: 184)
2025-11-16 14:43:22,935 [DEBUG] Element 130 DOF mapping validated (Module: assembly, Line: 184)
2025-11-16 14:43:22,935 [DEBUG] Element 131 DOF mapping validated (Module: assembly, Line: 184)
2025-11-16 14:43:22,935 [DEBUG] Element 132 DOF mapping validated (Module: assembly, Line: 184)
2025-11-16 14:43:22,935 [DEBUG] Element 133 DOF mapping validated (Module: assembly, Line: 184)
2025-11-16 14:43:22,935 [DEBUG] Element 134 DOF mapping validated (Module: assembly, Line: 184)
2025-11-16 14:43:22,935 [DEBUG] Element 135 DOF mapping validated (Module: assembly, Line: 184)
2025-11-16 14:43:22,935 [DEBUG] Element 136 DOF mapping validated (Module: assembly, Line: 184)
2025-11-16 14:43:22,935 [DEBUG] Element 137 DOF mapping validated (Module: assembly, Line: 184)
2025-11-16 14:43:22,935 [DEBUG] Element 138 DOF mapping validated (Module: assembly, Line: 184)
2025-11-16 14:43:22,935 [DEBUG] Element 139 DOF mapping validated (Module: assembly, Line: 184)
2025-11-16 14:43:22,935 [DEBUG] Element 140 DOF mapping validated (Module: assembly, Line: 184)
2025-11-16 14:43:22,935 [DEBUG] Element 141 DOF mapping validated (Module: assembly, Line: 184)
2025-11-16 14:43:22,935 [DEBUG] Element 142 DOF mapping validated (Module: assembly, Line: 184)
2025-11-16 14:43:22,935 [DEBUG] Element 143 DOF mapping validated (Module: assembly, Line: 184)
2025-11-16 14:43:22,935 [DEBUG] Element 144 DOF mapping validated (Module: assembly, Line: 184)
2025-11-16 14:43:22,935 [DEBUG] Element 145 DOF mapping validated (Module: assembly, Line: 184)
2025-11-16 14:43:22,935 [DEBUG] Element 146 DOF mapping validated (Module: assembly, Line: 184)
2025-11-16 14:43:22,935 [DEBUG] Element 147 DOF mapping validated (Module: assembly, Line: 184)
2025-11-16 14:43:22,935 [DEBUG] Element 148 DOF mapping validated (Module: assembly, Line: 184)
2025-11-16 14:43:22,935 [DEBUG] Element 149 DOF mapping validated (Module: assembly, Line: 184)
2025-11-16 14:43:22,935 [DEBUG] Element 150 DOF mapping validated (Module: assembly, Line: 184)
2025-11-16 14:43:22,936 [DEBUG] Element 151 DOF mapping validated (Module: assembly, Line: 184)
2025-11-16 14:43:22,936 [DEBUG] Element 152 DOF mapping validated (Module: assembly, Line: 184)
2025-11-16 14:43:22,936 [DEBUG] Element 153 DOF mapping validated (Module: assembly, Line: 184)
2025-11-16 14:43:22,936 [DEBUG] Element 154 DOF mapping validated (Module: assembly, Line: 184)
2025-11-16 14:43:22,936 [DEBUG] Element 155 DOF mapping validated (Module: assembly, Line: 184)
2025-11-16 14:43:22,936 [DEBUG] Element 156 DOF mapping validated (Module: assembly, Line: 184)
2025-11-16 14:43:22,936 [DEBUG] Element 157 DOF mapping validated (Module: assembly, Line: 184)
2025-11-16 14:43:22,936 [DEBUG] Element 158 DOF mapping validated (Module: assembly, Line: 184)
2025-11-16 14:43:22,936 [DEBUG] Element 159 DOF mapping validated (Module: assembly, Line: 184)
2025-11-16 14:43:22,936 [DEBUG] Element 160 DOF mapping validated (Module: assembly, Line: 184)
2025-11-16 14:43:22,936 [DEBUG] Element 161 DOF mapping validated (Module: assembly, Line: 184)
2025-11-16 14:43:22,936 [DEBUG] Element 162 DOF mapping validated (Module: assembly, Line: 184)
2025-11-16 14:43:22,936 [DEBUG] Element 163 DOF mapping validated (Module: assembly, Line: 184)
2025-11-16 14:43:22,936 [DEBUG] Element 164 DOF mapping validated (Module: assembly, Line: 184)
2025-11-16 14:43:22,936 [DEBUG] Element 165 DOF mapping validated (Module: assembly, Line: 184)
2025-11-16 14:43:22,936 [DEBUG] Element 166 DOF mapping validated (Module: assembly, Line: 184)
2025-11-16 14:43:22,936 [DEBUG] Element 167 DOF mapping validated (Module: assembly, Line: 184)
2025-11-16 14:43:22,936 [DEBUG] Element 168 DOF mapping validated (Module: assembly, Line: 184)
2025-11-16 14:43:22,936 [DEBUG] Element 169 DOF mapping validated (Module: assembly, Line: 184)
2025-11-16 14:43:22,936 [DEBUG] Element 170 DOF mapping validated (Module: assembly, Line: 184)
2025-11-16 14:43:22,936 [DEBUG] Element 171 DOF mapping validated (Module: assembly, Line: 184)
2025-11-16 14:43:22,936 [DEBUG] Element 172 DOF mapping validated (Module: assembly, Line: 184)
2025-11-16 14:43:22,936 [DEBUG] Element 173 DOF mapping validated (Module: assembly, Line: 184)
2025-11-16 14:43:22,936 [DEBUG] Element 174 DOF mapping validated (Module: assembly, Line: 184)
2025-11-16 14:43:22,936 [DEBUG] Element 175 DOF mapping validated (Module: assembly, Line: 184)
2025-11-16 14:43:22,936 [DEBUG] Element 176 DOF mapping validated (Module: assembly, Line: 184)
2025-11-16 14:43:22,936 [DEBUG] Element 177 DOF mapping validated (Module: assembly, Line: 184)
2025-11-16 14:43:22,936 [DEBUG] Element 178 DOF mapping validated (Module: assembly, Line: 184)
2025-11-16 14:43:22,936 [DEBUG] Element 179 DOF mapping validated (Module: assembly, Line: 184)
2025-11-16 14:43:22,936 [DEBUG] Element 180 DOF mapping validated (Module: assembly, Line: 184)
2025-11-16 14:43:22,936 [DEBUG] Element 181 DOF mapping validated (Module: assembly, Line: 184)
2025-11-16 14:43:22,936 [DEBUG] Element 182 DOF mapping validated (Module: assembly, Line: 184)
2025-11-16 14:43:22,936 [DEBUG] Element 183 DOF mapping validated (Module: assembly, Line: 184)
2025-11-16 14:43:22,936 [DEBUG] Element 184 DOF mapping validated (Module: assembly, Line: 184)
2025-11-16 14:43:22,936 [DEBUG] Element 185 DOF mapping validated (Module: assembly, Line: 184)
2025-11-16 14:43:22,936 [DEBUG] Element 186 DOF mapping validated (Module: assembly, Line: 184)
2025-11-16 14:43:22,936 [DEBUG] Element 187 DOF mapping validated (Module: assembly, Line: 184)
2025-11-16 14:43:22,936 [DEBUG] Element 188 DOF mapping validated (Module: assembly, Line: 184)
2025-11-16 14:43:22,936 [DEBUG] Element 189 DOF mapping validated (Module: assembly, Line: 184)
2025-11-16 14:43:22,936 [DEBUG] Element 190 DOF mapping validated (Module: assembly, Line: 184)
2025-11-16 14:43:22,937 [DEBUG] Element 191 DOF mapping validated (Module: assembly, Line: 184)
2025-11-16 14:43:22,937 [DEBUG] Element 192 DOF mapping validated (Module: assembly, Line: 184)
2025-11-16 14:43:22,937 [DEBUG] Element 193 DOF mapping validated (Module: assembly, Line: 184)
2025-11-16 14:43:22,937 [DEBUG] Element 194 DOF mapping validated (Module: assembly, Line: 184)
2025-11-16 14:43:22,937 [DEBUG] Element 195 DOF mapping validated (Module: assembly, Line: 184)
2025-11-16 14:43:22,937 [DEBUG] Element 196 DOF mapping validated (Module: assembly, Line: 184)
2025-11-16 14:43:22,937 [DEBUG] Element 197 DOF mapping validated (Module: assembly, Line: 184)
2025-11-16 14:43:22,937 [DEBUG] Element 198 DOF mapping validated (Module: assembly, Line: 184)
2025-11-16 14:43:22,937 [DEBUG] Element 199 DOF mapping validated (Module: assembly, Line: 184)
2025-11-16 14:43:22,937 [DEBUG] Element 200 DOF mapping validated (Module: assembly, Line: 184)
2025-11-16 14:43:22,937 [DEBUG] Element 201 DOF mapping validated (Module: assembly, Line: 184)
2025-11-16 14:43:22,937 [DEBUG] Element 202 DOF mapping validated (Module: assembly, Line: 184)
2025-11-16 14:43:22,937 [DEBUG] Element 203 DOF mapping validated (Module: assembly, Line: 184)
2025-11-16 14:43:22,937 [DEBUG] Element 204 DOF mapping validated (Module: assembly, Line: 184)
2025-11-16 14:43:22,937 [DEBUG] Element 205 DOF mapping validated (Module: assembly, Line: 184)
2025-11-16 14:43:22,937 [DEBUG] Element 206 DOF mapping validated (Module: assembly, Line: 184)
2025-11-16 14:43:22,937 [DEBUG] Element 207 DOF mapping validated (Module: assembly, Line: 184)
2025-11-16 14:43:22,937 [DEBUG] Element 208 DOF mapping validated (Module: assembly, Line: 184)
2025-11-16 14:43:22,937 [DEBUG] Element 209 DOF mapping validated (Module: assembly, Line: 184)
2025-11-16 14:43:22,937 [DEBUG] Element 210 DOF mapping validated (Module: assembly, Line: 184)
2025-11-16 14:43:22,937 [DEBUG] Element 211 DOF mapping validated (Module: assembly, Line: 184)
2025-11-16 14:43:22,937 [DEBUG] Element 212 DOF mapping validated (Module: assembly, Line: 184)
2025-11-16 14:43:22,937 [DEBUG] Element 213 DOF mapping validated (Module: assembly, Line: 184)
2025-11-16 14:43:22,937 [DEBUG] Element 214 DOF mapping validated (Module: assembly, Line: 184)
2025-11-16 14:43:22,937 [DEBUG] Element 215 DOF mapping validated (Module: assembly, Line: 184)
2025-11-16 14:43:22,937 [DEBUG] Element 216 DOF mapping validated (Module: assembly, Line: 184)
2025-11-16 14:43:22,937 [DEBUG] Element 217 DOF mapping validated (Module: assembly, Line: 184)
2025-11-16 14:43:22,937 [DEBUG] Element 218 DOF mapping validated (Module: assembly, Line: 184)
2025-11-16 14:43:22,937 [DEBUG] Element 219 DOF mapping validated (Module: assembly, Line: 184)
2025-11-16 14:43:22,937 [DEBUG] Element 220 DOF mapping validated (Module: assembly, Line: 184)
2025-11-16 14:43:22,937 [DEBUG] Element 221 DOF mapping validated (Module: assembly, Line: 184)
2025-11-16 14:43:22,937 [DEBUG] Element 222 DOF mapping validated (Module: assembly, Line: 184)
2025-11-16 14:43:22,937 [DEBUG] Element 223 DOF mapping validated (Module: assembly, Line: 184)
2025-11-16 14:43:22,937 [DEBUG] Element 224 DOF mapping validated (Module: assembly, Line: 184)
2025-11-16 14:43:22,937 [DEBUG] Element 225 DOF mapping validated (Module: assembly, Line: 184)
2025-11-16 14:43:22,937 [DEBUG] Element 226 DOF mapping validated (Module: assembly, Line: 184)
2025-11-16 14:43:22,937 [DEBUG] Element 227 DOF mapping validated (Module: assembly, Line: 184)
2025-11-16 14:43:22,937 [DEBUG] Element 228 DOF mapping validated (Module: assembly, Line: 184)
2025-11-16 14:43:22,937 [DEBUG] Element 229 DOF mapping validated (Module: assembly, Line: 184)
2025-11-16 14:43:22,937 [DEBUG] Element 230 DOF mapping validated (Module: assembly, Line: 184)
2025-11-16 14:43:22,937 [DEBUG] Element 231 DOF mapping validated (Module: assembly, Line: 184)
2025-11-16 14:43:22,937 [DEBUG] Element 232 DOF mapping validated (Module: assembly, Line: 184)
2025-11-16 14:43:22,938 [DEBUG] Element 233 DOF mapping validated (Module: assembly, Line: 184)
2025-11-16 14:43:22,938 [DEBUG] Element 234 DOF mapping validated (Module: assembly, Line: 184)
2025-11-16 14:43:22,938 [DEBUG] Element 235 DOF mapping validated (Module: assembly, Line: 184)
2025-11-16 14:43:22,938 [DEBUG] Element 236 DOF mapping validated (Module: assembly, Line: 184)
2025-11-16 14:43:22,938 [DEBUG] Element 237 DOF mapping validated (Module: assembly, Line: 184)
2025-11-16 14:43:22,938 [DEBUG] Element 238 DOF mapping validated (Module: assembly, Line: 184)
2025-11-16 14:43:22,938 [DEBUG] Element 239 DOF mapping validated (Module: assembly, Line: 184)
2025-11-16 14:43:22,938 [DEBUG] Element 240 DOF mapping validated (Module: assembly, Line: 184)
2025-11-16 14:43:22,938 [DEBUG] Element 241 DOF mapping validated (Module: assembly, Line: 184)
2025-11-16 14:43:22,938 [DEBUG] Element 242 DOF mapping validated (Module: assembly, Line: 184)
2025-11-16 14:43:22,938 [DEBUG] Element 243 DOF mapping validated (Module: assembly, Line: 184)
2025-11-16 14:43:22,938 [DEBUG] Element 244 DOF mapping validated (Module: assembly, Line: 184)
2025-11-16 14:43:22,938 [DEBUG] Element 245 DOF mapping validated (Module: assembly, Line: 184)
2025-11-16 14:43:22,938 [DEBUG] Element 246 DOF mapping validated (Module: assembly, Line: 184)
2025-11-16 14:43:22,938 [DEBUG] Element 247 DOF mapping validated (Module: assembly, Line: 184)
2025-11-16 14:43:22,938 [DEBUG] Element 248 DOF mapping validated (Module: assembly, Line: 184)
2025-11-16 14:43:22,938 [DEBUG] Element 249 DOF mapping validated (Module: assembly, Line: 184)
2025-11-16 14:43:22,964 [DEBUG] 
✅ DOF Mappings Summary:
 Element ID                              Local DOF                                                               Global DOF
          0 [0, 1, 2, 3, 4, 5, 6, 7, 8, 9, 10, 11]                                   [0, 1, 2, 3, 4, 5, 6, 7, 8, 9, 10, 11]
          1 [0, 1, 2, 3, 4, 5, 6, 7, 8, 9, 10, 11]                             [6, 7, 8, 9, 10, 11, 12, 13, 14, 15, 16, 17]
          2 [0, 1, 2, 3, 4, 5, 6, 7, 8, 9, 10, 11]                         [12, 13, 14, 15, 16, 17, 18, 19, 20, 21, 22, 23]
          3 [0, 1, 2, 3, 4, 5, 6, 7, 8, 9, 10, 11]                         [18, 19, 20, 21, 22, 23, 24, 25, 26, 27, 28, 29]
          4 [0, 1, 2, 3, 4, 5, 6, 7, 8, 9, 10, 11]                         [24, 25, 26, 27, 28, 29, 30, 31, 32, 33, 34, 35]
          5 [0, 1, 2, 3, 4, 5, 6, 7, 8, 9, 10, 11]                         [30, 31, 32, 33, 34, 35, 36, 37, 38, 39, 40, 41]
          6 [0, 1, 2, 3, 4, 5, 6, 7, 8, 9, 10, 11]                         [36, 37, 38, 39, 40, 41, 42, 43, 44, 45, 46, 47]
          7 [0, 1, 2, 3, 4, 5, 6, 7, 8, 9, 10, 11]                         [42, 43, 44, 45, 46, 47, 48, 49, 50, 51, 52, 53]
          8 [0, 1, 2, 3, 4, 5, 6, 7, 8, 9, 10, 11]                         [48, 49, 50, 51, 52, 53, 54, 55, 56, 57, 58, 59]
          9 [0, 1, 2, 3, 4, 5, 6, 7, 8, 9, 10, 11]                         [54, 55, 56, 57, 58, 59, 60, 61, 62, 63, 64, 65]
         10 [0, 1, 2, 3, 4, 5, 6, 7, 8, 9, 10, 11]                         [60, 61, 62, 63, 64, 65, 66, 67, 68, 69, 70, 71]
         11 [0, 1, 2, 3, 4, 5, 6, 7, 8, 9, 10, 11]                         [66, 67, 68, 69, 70, 71, 72, 73, 74, 75, 76, 77]
         12 [0, 1, 2, 3, 4, 5, 6, 7, 8, 9, 10, 11]                         [72, 73, 74, 75, 76, 77, 78, 79, 80, 81, 82, 83]
         13 [0, 1, 2, 3, 4, 5, 6, 7, 8, 9, 10, 11]                         [78, 79, 80, 81, 82, 83, 84, 85, 86, 87, 88, 89]
         14 [0, 1, 2, 3, 4, 5, 6, 7, 8, 9, 10, 11]                         [84, 85, 86, 87, 88, 89, 90, 91, 92, 93, 94, 95]
         15 [0, 1, 2, 3, 4, 5, 6, 7, 8, 9, 10, 11]                       [90, 91, 92, 93, 94, 95, 96, 97, 98, 99, 100, 101]
         16 [0, 1, 2, 3, 4, 5, 6, 7, 8, 9, 10, 11]                 [96, 97, 98, 99, 100, 101, 102, 103, 104, 105, 106, 107]
         17 [0, 1, 2, 3, 4, 5, 6, 7, 8, 9, 10, 11]             [102, 103, 104, 105, 106, 107, 108, 109, 110, 111, 112, 113]
         18 [0, 1, 2, 3, 4, 5, 6, 7, 8, 9, 10, 11]             [108, 109, 110, 111, 112, 113, 114, 115, 116, 117, 118, 119]
         19 [0, 1, 2, 3, 4, 5, 6, 7, 8, 9, 10, 11]             [114, 115, 116, 117, 118, 119, 120, 121, 122, 123, 124, 125]
         20 [0, 1, 2, 3, 4, 5, 6, 7, 8, 9, 10, 11]             [120, 121, 122, 123, 124, 125, 126, 127, 128, 129, 130, 131]
         21 [0, 1, 2, 3, 4, 5, 6, 7, 8, 9, 10, 11]             [126, 127, 128, 129, 130, 131, 132, 133, 134, 135, 136, 137]
         22 [0, 1, 2, 3, 4, 5, 6, 7, 8, 9, 10, 11]             [132, 133, 134, 135, 136, 137, 138, 139, 140, 141, 142, 143]
         23 [0, 1, 2, 3, 4, 5, 6, 7, 8, 9, 10, 11]             [138, 139, 140, 141, 142, 143, 144, 145, 146, 147, 148, 149]
         24 [0, 1, 2, 3, 4, 5, 6, 7, 8, 9, 10, 11]             [144, 145, 146, 147, 148, 149, 150, 151, 152, 153, 154, 155]
         25 [0, 1, 2, 3, 4, 5, 6, 7, 8, 9, 10, 11]             [150, 151, 152, 153, 154, 155, 156, 157, 158, 159, 160, 161]
         26 [0, 1, 2, 3, 4, 5, 6, 7, 8, 9, 10, 11]             [156, 157, 158, 159, 160, 161, 162, 163, 164, 165, 166, 167]
         27 [0, 1, 2, 3, 4, 5, 6, 7, 8, 9, 10, 11]             [162, 163, 164, 165, 166, 167, 168, 169, 170, 171, 172, 173]
         28 [0, 1, 2, 3, 4, 5, 6, 7, 8, 9, 10, 11]             [168, 169, 170, 171, 172, 173, 174, 175, 176, 177, 178, 179]
         29 [0, 1, 2, 3, 4, 5, 6, 7, 8, 9, 10, 11]             [174, 175, 176, 177, 178, 179, 180, 181, 182, 183, 184, 185]
         30 [0, 1, 2, 3, 4, 5, 6, 7, 8, 9, 10, 11]             [180, 181, 182, 183, 184, 185, 186, 187, 188, 189, 190, 191]
         31 [0, 1, 2, 3, 4, 5, 6, 7, 8, 9, 10, 11]             [186, 187, 188, 189, 190, 191, 192, 193, 194, 195, 196, 197]
         32 [0, 1, 2, 3, 4, 5, 6, 7, 8, 9, 10, 11]             [192, 193, 194, 195, 196, 197, 198, 199, 200, 201, 202, 203]
         33 [0, 1, 2, 3, 4, 5, 6, 7, 8, 9, 10, 11]             [198, 199, 200, 201, 202, 203, 204, 205, 206, 207, 208, 209]
         34 [0, 1, 2, 3, 4, 5, 6, 7, 8, 9, 10, 11]             [204, 205, 206, 207, 208, 209, 210, 211, 212, 213, 214, 215]
         35 [0, 1, 2, 3, 4, 5, 6, 7, 8, 9, 10, 11]             [210, 211, 212, 213, 214, 215, 216, 217, 218, 219, 220, 221]
         36 [0, 1, 2, 3, 4, 5, 6, 7, 8, 9, 10, 11]             [216, 217, 218, 219, 220, 221, 222, 223, 224, 225, 226, 227]
         37 [0, 1, 2, 3, 4, 5, 6, 7, 8, 9, 10, 11]             [222, 223, 224, 225, 226, 227, 228, 229, 230, 231, 232, 233]
         38 [0, 1, 2, 3, 4, 5, 6, 7, 8, 9, 10, 11]             [228, 229, 230, 231, 232, 233, 234, 235, 236, 237, 238, 239]
         39 [0, 1, 2, 3, 4, 5, 6, 7, 8, 9, 10, 11]             [234, 235, 236, 237, 238, 239, 240, 241, 242, 243, 244, 245]
         40 [0, 1, 2, 3, 4, 5, 6, 7, 8, 9, 10, 11]             [240, 241, 242, 243, 244, 245, 246, 247, 248, 249, 250, 251]
         41 [0, 1, 2, 3, 4, 5, 6, 7, 8, 9, 10, 11]             [246, 247, 248, 249, 250, 251, 252, 253, 254, 255, 256, 257]
         42 [0, 1, 2, 3, 4, 5, 6, 7, 8, 9, 10, 11]             [252, 253, 254, 255, 256, 257, 258, 259, 260, 261, 262, 263]
         43 [0, 1, 2, 3, 4, 5, 6, 7, 8, 9, 10, 11]             [258, 259, 260, 261, 262, 263, 264, 265, 266, 267, 268, 269]
         44 [0, 1, 2, 3, 4, 5, 6, 7, 8, 9, 10, 11]             [264, 265, 266, 267, 268, 269, 270, 271, 272, 273, 274, 275]
         45 [0, 1, 2, 3, 4, 5, 6, 7, 8, 9, 10, 11]             [270, 271, 272, 273, 274, 275, 276, 277, 278, 279, 280, 281]
         46 [0, 1, 2, 3, 4, 5, 6, 7, 8, 9, 10, 11]             [276, 277, 278, 279, 280, 281, 282, 283, 284, 285, 286, 287]
         47 [0, 1, 2, 3, 4, 5, 6, 7, 8, 9, 10, 11]             [282, 283, 284, 285, 286, 287, 288, 289, 290, 291, 292, 293]
         48 [0, 1, 2, 3, 4, 5, 6, 7, 8, 9, 10, 11]             [288, 289, 290, 291, 292, 293, 294, 295, 296, 297, 298, 299]
         49 [0, 1, 2, 3, 4, 5, 6, 7, 8, 9, 10, 11]             [294, 295, 296, 297, 298, 299, 300, 301, 302, 303, 304, 305]
         50 [0, 1, 2, 3, 4, 5, 6, 7, 8, 9, 10, 11]             [300, 301, 302, 303, 304, 305, 306, 307, 308, 309, 310, 311]
         51 [0, 1, 2, 3, 4, 5, 6, 7, 8, 9, 10, 11]             [306, 307, 308, 309, 310, 311, 312, 313, 314, 315, 316, 317]
         52 [0, 1, 2, 3, 4, 5, 6, 7, 8, 9, 10, 11]             [312, 313, 314, 315, 316, 317, 318, 319, 320, 321, 322, 323]
         53 [0, 1, 2, 3, 4, 5, 6, 7, 8, 9, 10, 11]             [318, 319, 320, 321, 322, 323, 324, 325, 326, 327, 328, 329]
         54 [0, 1, 2, 3, 4, 5, 6, 7, 8, 9, 10, 11]             [324, 325, 326, 327, 328, 329, 330, 331, 332, 333, 334, 335]
         55 [0, 1, 2, 3, 4, 5, 6, 7, 8, 9, 10, 11]             [330, 331, 332, 333, 334, 335, 336, 337, 338, 339, 340, 341]
         56 [0, 1, 2, 3, 4, 5, 6, 7, 8, 9, 10, 11]             [336, 337, 338, 339, 340, 341, 342, 343, 344, 345, 346, 347]
         57 [0, 1, 2, 3, 4, 5, 6, 7, 8, 9, 10, 11]             [342, 343, 344, 345, 346, 347, 348, 349, 350, 351, 352, 353]
         58 [0, 1, 2, 3, 4, 5, 6, 7, 8, 9, 10, 11]             [348, 349, 350, 351, 352, 353, 354, 355, 356, 357, 358, 359]
         59 [0, 1, 2, 3, 4, 5, 6, 7, 8, 9, 10, 11]             [354, 355, 356, 357, 358, 359, 360, 361, 362, 363, 364, 365]
         60 [0, 1, 2, 3, 4, 5, 6, 7, 8, 9, 10, 11]             [360, 361, 362, 363, 364, 365, 366, 367, 368, 369, 370, 371]
         61 [0, 1, 2, 3, 4, 5, 6, 7, 8, 9, 10, 11]             [366, 367, 368, 369, 370, 371, 372, 373, 374, 375, 376, 377]
         62 [0, 1, 2, 3, 4, 5, 6, 7, 8, 9, 10, 11]             [372, 373, 374, 375, 376, 377, 378, 379, 380, 381, 382, 383]
         63 [0, 1, 2, 3, 4, 5, 6, 7, 8, 9, 10, 11]             [378, 379, 380, 381, 382, 383, 384, 385, 386, 387, 388, 389]
         64 [0, 1, 2, 3, 4, 5, 6, 7, 8, 9, 10, 11]             [384, 385, 386, 387, 388, 389, 390, 391, 392, 393, 394, 395]
         65 [0, 1, 2, 3, 4, 5, 6, 7, 8, 9, 10, 11]             [390, 391, 392, 393, 394, 395, 396, 397, 398, 399, 400, 401]
         66 [0, 1, 2, 3, 4, 5, 6, 7, 8, 9, 10, 11]             [396, 397, 398, 399, 400, 401, 402, 403, 404, 405, 406, 407]
         67 [0, 1, 2, 3, 4, 5, 6, 7, 8, 9, 10, 11]             [402, 403, 404, 405, 406, 407, 408, 409, 410, 411, 412, 413]
         68 [0, 1, 2, 3, 4, 5, 6, 7, 8, 9, 10, 11]             [408, 409, 410, 411, 412, 413, 414, 415, 416, 417, 418, 419]
         69 [0, 1, 2, 3, 4, 5, 6, 7, 8, 9, 10, 11]             [414, 415, 416, 417, 418, 419, 420, 421, 422, 423, 424, 425]
         70 [0, 1, 2, 3, 4, 5, 6, 7, 8, 9, 10, 11]             [420, 421, 422, 423, 424, 425, 426, 427, 428, 429, 430, 431]
         71 [0, 1, 2, 3, 4, 5, 6, 7, 8, 9, 10, 11]             [426, 427, 428, 429, 430, 431, 432, 433, 434, 435, 436, 437]
         72 [0, 1, 2, 3, 4, 5, 6, 7, 8, 9, 10, 11]             [432, 433, 434, 435, 436, 437, 438, 439, 440, 441, 442, 443]
         73 [0, 1, 2, 3, 4, 5, 6, 7, 8, 9, 10, 11]             [438, 439, 440, 441, 442, 443, 444, 445, 446, 447, 448, 449]
         74 [0, 1, 2, 3, 4, 5, 6, 7, 8, 9, 10, 11]             [444, 445, 446, 447, 448, 449, 450, 451, 452, 453, 454, 455]
         75 [0, 1, 2, 3, 4, 5, 6, 7, 8, 9, 10, 11]             [450, 451, 452, 453, 454, 455, 456, 457, 458, 459, 460, 461]
         76 [0, 1, 2, 3, 4, 5, 6, 7, 8, 9, 10, 11]             [456, 457, 458, 459, 460, 461, 462, 463, 464, 465, 466, 467]
         77 [0, 1, 2, 3, 4, 5, 6, 7, 8, 9, 10, 11]             [462, 463, 464, 465, 466, 467, 468, 469, 470, 471, 472, 473]
         78 [0, 1, 2, 3, 4, 5, 6, 7, 8, 9, 10, 11]             [468, 469, 470, 471, 472, 473, 474, 475, 476, 477, 478, 479]
         79 [0, 1, 2, 3, 4, 5, 6, 7, 8, 9, 10, 11]             [474, 475, 476, 477, 478, 479, 480, 481, 482, 483, 484, 485]
         80 [0, 1, 2, 3, 4, 5, 6, 7, 8, 9, 10, 11]             [480, 481, 482, 483, 484, 485, 486, 487, 488, 489, 490, 491]
         81 [0, 1, 2, 3, 4, 5, 6, 7, 8, 9, 10, 11]             [486, 487, 488, 489, 490, 491, 492, 493, 494, 495, 496, 497]
         82 [0, 1, 2, 3, 4, 5, 6, 7, 8, 9, 10, 11]             [492, 493, 494, 495, 496, 497, 498, 499, 500, 501, 502, 503]
         83 [0, 1, 2, 3, 4, 5, 6, 7, 8, 9, 10, 11]             [498, 499, 500, 501, 502, 503, 504, 505, 506, 507, 508, 509]
         84 [0, 1, 2, 3, 4, 5, 6, 7, 8, 9, 10, 11]             [504, 505, 506, 507, 508, 509, 510, 511, 512, 513, 514, 515]
         85 [0, 1, 2, 3, 4, 5, 6, 7, 8, 9, 10, 11]             [510, 511, 512, 513, 514, 515, 516, 517, 518, 519, 520, 521]
         86 [0, 1, 2, 3, 4, 5, 6, 7, 8, 9, 10, 11]             [516, 517, 518, 519, 520, 521, 522, 523, 524, 525, 526, 527]
         87 [0, 1, 2, 3, 4, 5, 6, 7, 8, 9, 10, 11]             [522, 523, 524, 525, 526, 527, 528, 529, 530, 531, 532, 533]
         88 [0, 1, 2, 3, 4, 5, 6, 7, 8, 9, 10, 11]             [528, 529, 530, 531, 532, 533, 534, 535, 536, 537, 538, 539]
         89 [0, 1, 2, 3, 4, 5, 6, 7, 8, 9, 10, 11]             [534, 535, 536, 537, 538, 539, 540, 541, 542, 543, 544, 545]
         90 [0, 1, 2, 3, 4, 5, 6, 7, 8, 9, 10, 11]             [540, 541, 542, 543, 544, 545, 546, 547, 548, 549, 550, 551]
         91 [0, 1, 2, 3, 4, 5, 6, 7, 8, 9, 10, 11]             [546, 547, 548, 549, 550, 551, 552, 553, 554, 555, 556, 557]
         92 [0, 1, 2, 3, 4, 5, 6, 7, 8, 9, 10, 11]             [552, 553, 554, 555, 556, 557, 558, 559, 560, 561, 562, 563]
         93 [0, 1, 2, 3, 4, 5, 6, 7, 8, 9, 10, 11]             [558, 559, 560, 561, 562, 563, 564, 565, 566, 567, 568, 569]
         94 [0, 1, 2, 3, 4, 5, 6, 7, 8, 9, 10, 11]             [564, 565, 566, 567, 568, 569, 570, 571, 572, 573, 574, 575]
         95 [0, 1, 2, 3, 4, 5, 6, 7, 8, 9, 10, 11]             [570, 571, 572, 573, 574, 575, 576, 577, 578, 579, 580, 581]
         96 [0, 1, 2, 3, 4, 5, 6, 7, 8, 9, 10, 11]             [576, 577, 578, 579, 580, 581, 582, 583, 584, 585, 586, 587]
         97 [0, 1, 2, 3, 4, 5, 6, 7, 8, 9, 10, 11]             [582, 583, 584, 585, 586, 587, 588, 589, 590, 591, 592, 593]
         98 [0, 1, 2, 3, 4, 5, 6, 7, 8, 9, 10, 11]             [588, 589, 590, 591, 592, 593, 594, 595, 596, 597, 598, 599]
         99 [0, 1, 2, 3, 4, 5, 6, 7, 8, 9, 10, 11]             [594, 595, 596, 597, 598, 599, 600, 601, 602, 603, 604, 605]
        100 [0, 1, 2, 3, 4, 5, 6, 7, 8, 9, 10, 11]             [600, 601, 602, 603, 604, 605, 606, 607, 608, 609, 610, 611]
        101 [0, 1, 2, 3, 4, 5, 6, 7, 8, 9, 10, 11]             [606, 607, 608, 609, 610, 611, 612, 613, 614, 615, 616, 617]
        102 [0, 1, 2, 3, 4, 5, 6, 7, 8, 9, 10, 11]             [612, 613, 614, 615, 616, 617, 618, 619, 620, 621, 622, 623]
        103 [0, 1, 2, 3, 4, 5, 6, 7, 8, 9, 10, 11]             [618, 619, 620, 621, 622, 623, 624, 625, 626, 627, 628, 629]
        104 [0, 1, 2, 3, 4, 5, 6, 7, 8, 9, 10, 11]             [624, 625, 626, 627, 628, 629, 630, 631, 632, 633, 634, 635]
        105 [0, 1, 2, 3, 4, 5, 6, 7, 8, 9, 10, 11]             [630, 631, 632, 633, 634, 635, 636, 637, 638, 639, 640, 641]
        106 [0, 1, 2, 3, 4, 5, 6, 7, 8, 9, 10, 11]             [636, 637, 638, 639, 640, 641, 642, 643, 644, 645, 646, 647]
        107 [0, 1, 2, 3, 4, 5, 6, 7, 8, 9, 10, 11]             [642, 643, 644, 645, 646, 647, 648, 649, 650, 651, 652, 653]
        108 [0, 1, 2, 3, 4, 5, 6, 7, 8, 9, 10, 11]             [648, 649, 650, 651, 652, 653, 654, 655, 656, 657, 658, 659]
        109 [0, 1, 2, 3, 4, 5, 6, 7, 8, 9, 10, 11]             [654, 655, 656, 657, 658, 659, 660, 661, 662, 663, 664, 665]
        110 [0, 1, 2, 3, 4, 5, 6, 7, 8, 9, 10, 11]             [660, 661, 662, 663, 664, 665, 666, 667, 668, 669, 670, 671]
        111 [0, 1, 2, 3, 4, 5, 6, 7, 8, 9, 10, 11]             [666, 667, 668, 669, 670, 671, 672, 673, 674, 675, 676, 677]
        112 [0, 1, 2, 3, 4, 5, 6, 7, 8, 9, 10, 11]             [672, 673, 674, 675, 676, 677, 678, 679, 680, 681, 682, 683]
        113 [0, 1, 2, 3, 4, 5, 6, 7, 8, 9, 10, 11]             [678, 679, 680, 681, 682, 683, 684, 685, 686, 687, 688, 689]
        114 [0, 1, 2, 3, 4, 5, 6, 7, 8, 9, 10, 11]             [684, 685, 686, 687, 688, 689, 690, 691, 692, 693, 694, 695]
        115 [0, 1, 2, 3, 4, 5, 6, 7, 8, 9, 10, 11]             [690, 691, 692, 693, 694, 695, 696, 697, 698, 699, 700, 701]
        116 [0, 1, 2, 3, 4, 5, 6, 7, 8, 9, 10, 11]             [696, 697, 698, 699, 700, 701, 702, 703, 704, 705, 706, 707]
        117 [0, 1, 2, 3, 4, 5, 6, 7, 8, 9, 10, 11]             [702, 703, 704, 705, 706, 707, 708, 709, 710, 711, 712, 713]
        118 [0, 1, 2, 3, 4, 5, 6, 7, 8, 9, 10, 11]             [708, 709, 710, 711, 712, 713, 714, 715, 716, 717, 718, 719]
        119 [0, 1, 2, 3, 4, 5, 6, 7, 8, 9, 10, 11]             [714, 715, 716, 717, 718, 719, 720, 721, 722, 723, 724, 725]
        120 [0, 1, 2, 3, 4, 5, 6, 7, 8, 9, 10, 11]             [720, 721, 722, 723, 724, 725, 726, 727, 728, 729, 730, 731]
        121 [0, 1, 2, 3, 4, 5, 6, 7, 8, 9, 10, 11]             [726, 727, 728, 729, 730, 731, 732, 733, 734, 735, 736, 737]
        122 [0, 1, 2, 3, 4, 5, 6, 7, 8, 9, 10, 11]             [732, 733, 734, 735, 736, 737, 738, 739, 740, 741, 742, 743]
        123 [0, 1, 2, 3, 4, 5, 6, 7, 8, 9, 10, 11]             [738, 739, 740, 741, 742, 743, 744, 745, 746, 747, 748, 749]
        124 [0, 1, 2, 3, 4, 5, 6, 7, 8, 9, 10, 11]             [744, 745, 746, 747, 748, 749, 750, 751, 752, 753, 754, 755]
        125 [0, 1, 2, 3, 4, 5, 6, 7, 8, 9, 10, 11]             [750, 751, 752, 753, 754, 755, 756, 757, 758, 759, 760, 761]
        126 [0, 1, 2, 3, 4, 5, 6, 7, 8, 9, 10, 11]             [756, 757, 758, 759, 760, 761, 762, 763, 764, 765, 766, 767]
        127 [0, 1, 2, 3, 4, 5, 6, 7, 8, 9, 10, 11]             [762, 763, 764, 765, 766, 767, 768, 769, 770, 771, 772, 773]
        128 [0, 1, 2, 3, 4, 5, 6, 7, 8, 9, 10, 11]             [768, 769, 770, 771, 772, 773, 774, 775, 776, 777, 778, 779]
        129 [0, 1, 2, 3, 4, 5, 6, 7, 8, 9, 10, 11]             [774, 775, 776, 777, 778, 779, 780, 781, 782, 783, 784, 785]
        130 [0, 1, 2, 3, 4, 5, 6, 7, 8, 9, 10, 11]             [780, 781, 782, 783, 784, 785, 786, 787, 788, 789, 790, 791]
        131 [0, 1, 2, 3, 4, 5, 6, 7, 8, 9, 10, 11]             [786, 787, 788, 789, 790, 791, 792, 793, 794, 795, 796, 797]
        132 [0, 1, 2, 3, 4, 5, 6, 7, 8, 9, 10, 11]             [792, 793, 794, 795, 796, 797, 798, 799, 800, 801, 802, 803]
        133 [0, 1, 2, 3, 4, 5, 6, 7, 8, 9, 10, 11]             [798, 799, 800, 801, 802, 803, 804, 805, 806, 807, 808, 809]
        134 [0, 1, 2, 3, 4, 5, 6, 7, 8, 9, 10, 11]             [804, 805, 806, 807, 808, 809, 810, 811, 812, 813, 814, 815]
        135 [0, 1, 2, 3, 4, 5, 6, 7, 8, 9, 10, 11]             [810, 811, 812, 813, 814, 815, 816, 817, 818, 819, 820, 821]
        136 [0, 1, 2, 3, 4, 5, 6, 7, 8, 9, 10, 11]             [816, 817, 818, 819, 820, 821, 822, 823, 824, 825, 826, 827]
        137 [0, 1, 2, 3, 4, 5, 6, 7, 8, 9, 10, 11]             [822, 823, 824, 825, 826, 827, 828, 829, 830, 831, 832, 833]
        138 [0, 1, 2, 3, 4, 5, 6, 7, 8, 9, 10, 11]             [828, 829, 830, 831, 832, 833, 834, 835, 836, 837, 838, 839]
        139 [0, 1, 2, 3, 4, 5, 6, 7, 8, 9, 10, 11]             [834, 835, 836, 837, 838, 839, 840, 841, 842, 843, 844, 845]
        140 [0, 1, 2, 3, 4, 5, 6, 7, 8, 9, 10, 11]             [840, 841, 842, 843, 844, 845, 846, 847, 848, 849, 850, 851]
        141 [0, 1, 2, 3, 4, 5, 6, 7, 8, 9, 10, 11]             [846, 847, 848, 849, 850, 851, 852, 853, 854, 855, 856, 857]
        142 [0, 1, 2, 3, 4, 5, 6, 7, 8, 9, 10, 11]             [852, 853, 854, 855, 856, 857, 858, 859, 860, 861, 862, 863]
        143 [0, 1, 2, 3, 4, 5, 6, 7, 8, 9, 10, 11]             [858, 859, 860, 861, 862, 863, 864, 865, 866, 867, 868, 869]
        144 [0, 1, 2, 3, 4, 5, 6, 7, 8, 9, 10, 11]             [864, 865, 866, 867, 868, 869, 870, 871, 872, 873, 874, 875]
        145 [0, 1, 2, 3, 4, 5, 6, 7, 8, 9, 10, 11]             [870, 871, 872, 873, 874, 875, 876, 877, 878, 879, 880, 881]
        146 [0, 1, 2, 3, 4, 5, 6, 7, 8, 9, 10, 11]             [876, 877, 878, 879, 880, 881, 882, 883, 884, 885, 886, 887]
        147 [0, 1, 2, 3, 4, 5, 6, 7, 8, 9, 10, 11]             [882, 883, 884, 885, 886, 887, 888, 889, 890, 891, 892, 893]
        148 [0, 1, 2, 3, 4, 5, 6, 7, 8, 9, 10, 11]             [888, 889, 890, 891, 892, 893, 894, 895, 896, 897, 898, 899]
        149 [0, 1, 2, 3, 4, 5, 6, 7, 8, 9, 10, 11]             [894, 895, 896, 897, 898, 899, 900, 901, 902, 903, 904, 905]
        150 [0, 1, 2, 3, 4, 5, 6, 7, 8, 9, 10, 11]             [900, 901, 902, 903, 904, 905, 906, 907, 908, 909, 910, 911]
        151 [0, 1, 2, 3, 4, 5, 6, 7, 8, 9, 10, 11]             [906, 907, 908, 909, 910, 911, 912, 913, 914, 915, 916, 917]
        152 [0, 1, 2, 3, 4, 5, 6, 7, 8, 9, 10, 11]             [912, 913, 914, 915, 916, 917, 918, 919, 920, 921, 922, 923]
        153 [0, 1, 2, 3, 4, 5, 6, 7, 8, 9, 10, 11]             [918, 919, 920, 921, 922, 923, 924, 925, 926, 927, 928, 929]
        154 [0, 1, 2, 3, 4, 5, 6, 7, 8, 9, 10, 11]             [924, 925, 926, 927, 928, 929, 930, 931, 932, 933, 934, 935]
        155 [0, 1, 2, 3, 4, 5, 6, 7, 8, 9, 10, 11]             [930, 931, 932, 933, 934, 935, 936, 937, 938, 939, 940, 941]
        156 [0, 1, 2, 3, 4, 5, 6, 7, 8, 9, 10, 11]             [936, 937, 938, 939, 940, 941, 942, 943, 944, 945, 946, 947]
        157 [0, 1, 2, 3, 4, 5, 6, 7, 8, 9, 10, 11]             [942, 943, 944, 945, 946, 947, 948, 949, 950, 951, 952, 953]
        158 [0, 1, 2, 3, 4, 5, 6, 7, 8, 9, 10, 11]             [948, 949, 950, 951, 952, 953, 954, 955, 956, 957, 958, 959]
        159 [0, 1, 2, 3, 4, 5, 6, 7, 8, 9, 10, 11]             [954, 955, 956, 957, 958, 959, 960, 961, 962, 963, 964, 965]
        160 [0, 1, 2, 3, 4, 5, 6, 7, 8, 9, 10, 11]             [960, 961, 962, 963, 964, 965, 966, 967, 968, 969, 970, 971]
        161 [0, 1, 2, 3, 4, 5, 6, 7, 8, 9, 10, 11]             [966, 967, 968, 969, 970, 971, 972, 973, 974, 975, 976, 977]
        162 [0, 1, 2, 3, 4, 5, 6, 7, 8, 9, 10, 11]             [972, 973, 974, 975, 976, 977, 978, 979, 980, 981, 982, 983]
        163 [0, 1, 2, 3, 4, 5, 6, 7, 8, 9, 10, 11]             [978, 979, 980, 981, 982, 983, 984, 985, 986, 987, 988, 989]
        164 [0, 1, 2, 3, 4, 5, 6, 7, 8, 9, 10, 11]             [984, 985, 986, 987, 988, 989, 990, 991, 992, 993, 994, 995]
        165 [0, 1, 2, 3, 4, 5, 6, 7, 8, 9, 10, 11]           [990, 991, 992, 993, 994, 995, 996, 997, 998, 999, 1000, 1001]
        166 [0, 1, 2, 3, 4, 5, 6, 7, 8, 9, 10, 11]     [996, 997, 998, 999, 1000, 1001, 1002, 1003, 1004, 1005, 1006, 1007]
        167 [0, 1, 2, 3, 4, 5, 6, 7, 8, 9, 10, 11] [1002, 1003, 1004, 1005, 1006, 1007, 1008, 1009, 1010, 1011, 1012, 1013]
        168 [0, 1, 2, 3, 4, 5, 6, 7, 8, 9, 10, 11] [1008, 1009, 1010, 1011, 1012, 1013, 1014, 1015, 1016, 1017, 1018, 1019]
        169 [0, 1, 2, 3, 4, 5, 6, 7, 8, 9, 10, 11] [1014, 1015, 1016, 1017, 1018, 1019, 1020, 1021, 1022, 1023, 1024, 1025]
        170 [0, 1, 2, 3, 4, 5, 6, 7, 8, 9, 10, 11] [1020, 1021, 1022, 1023, 1024, 1025, 1026, 1027, 1028, 1029, 1030, 1031]
        171 [0, 1, 2, 3, 4, 5, 6, 7, 8, 9, 10, 11] [1026, 1027, 1028, 1029, 1030, 1031, 1032, 1033, 1034, 1035, 1036, 1037]
        172 [0, 1, 2, 3, 4, 5, 6, 7, 8, 9, 10, 11] [1032, 1033, 1034, 1035, 1036, 1037, 1038, 1039, 1040, 1041, 1042, 1043]
        173 [0, 1, 2, 3, 4, 5, 6, 7, 8, 9, 10, 11] [1038, 1039, 1040, 1041, 1042, 1043, 1044, 1045, 1046, 1047, 1048, 1049]
        174 [0, 1, 2, 3, 4, 5, 6, 7, 8, 9, 10, 11] [1044, 1045, 1046, 1047, 1048, 1049, 1050, 1051, 1052, 1053, 1054, 1055]
        175 [0, 1, 2, 3, 4, 5, 6, 7, 8, 9, 10, 11] [1050, 1051, 1052, 1053, 1054, 1055, 1056, 1057, 1058, 1059, 1060, 1061]
        176 [0, 1, 2, 3, 4, 5, 6, 7, 8, 9, 10, 11] [1056, 1057, 1058, 1059, 1060, 1061, 1062, 1063, 1064, 1065, 1066, 1067]
        177 [0, 1, 2, 3, 4, 5, 6, 7, 8, 9, 10, 11] [1062, 1063, 1064, 1065, 1066, 1067, 1068, 1069, 1070, 1071, 1072, 1073]
        178 [0, 1, 2, 3, 4, 5, 6, 7, 8, 9, 10, 11] [1068, 1069, 1070, 1071, 1072, 1073, 1074, 1075, 1076, 1077, 1078, 1079]
        179 [0, 1, 2, 3, 4, 5, 6, 7, 8, 9, 10, 11] [1074, 1075, 1076, 1077, 1078, 1079, 1080, 1081, 1082, 1083, 1084, 1085]
        180 [0, 1, 2, 3, 4, 5, 6, 7, 8, 9, 10, 11] [1080, 1081, 1082, 1083, 1084, 1085, 1086, 1087, 1088, 1089, 1090, 1091]
        181 [0, 1, 2, 3, 4, 5, 6, 7, 8, 9, 10, 11] [1086, 1087, 1088, 1089, 1090, 1091, 1092, 1093, 1094, 1095, 1096, 1097]
        182 [0, 1, 2, 3, 4, 5, 6, 7, 8, 9, 10, 11] [1092, 1093, 1094, 1095, 1096, 1097, 1098, 1099, 1100, 1101, 1102, 1103]
        183 [0, 1, 2, 3, 4, 5, 6, 7, 8, 9, 10, 11] [1098, 1099, 1100, 1101, 1102, 1103, 1104, 1105, 1106, 1107, 1108, 1109]
        184 [0, 1, 2, 3, 4, 5, 6, 7, 8, 9, 10, 11] [1104, 1105, 1106, 1107, 1108, 1109, 1110, 1111, 1112, 1113, 1114, 1115]
        185 [0, 1, 2, 3, 4, 5, 6, 7, 8, 9, 10, 11] [1110, 1111, 1112, 1113, 1114, 1115, 1116, 1117, 1118, 1119, 1120, 1121]
        186 [0, 1, 2, 3, 4, 5, 6, 7, 8, 9, 10, 11] [1116, 1117, 1118, 1119, 1120, 1121, 1122, 1123, 1124, 1125, 1126, 1127]
        187 [0, 1, 2, 3, 4, 5, 6, 7, 8, 9, 10, 11] [1122, 1123, 1124, 1125, 1126, 1127, 1128, 1129, 1130, 1131, 1132, 1133]
        188 [0, 1, 2, 3, 4, 5, 6, 7, 8, 9, 10, 11] [1128, 1129, 1130, 1131, 1132, 1133, 1134, 1135, 1136, 1137, 1138, 1139]
        189 [0, 1, 2, 3, 4, 5, 6, 7, 8, 9, 10, 11] [1134, 1135, 1136, 1137, 1138, 1139, 1140, 1141, 1142, 1143, 1144, 1145]
        190 [0, 1, 2, 3, 4, 5, 6, 7, 8, 9, 10, 11] [1140, 1141, 1142, 1143, 1144, 1145, 1146, 1147, 1148, 1149, 1150, 1151]
        191 [0, 1, 2, 3, 4, 5, 6, 7, 8, 9, 10, 11] [1146, 1147, 1148, 1149, 1150, 1151, 1152, 1153, 1154, 1155, 1156, 1157]
        192 [0, 1, 2, 3, 4, 5, 6, 7, 8, 9, 10, 11] [1152, 1153, 1154, 1155, 1156, 1157, 1158, 1159, 1160, 1161, 1162, 1163]
        193 [0, 1, 2, 3, 4, 5, 6, 7, 8, 9, 10, 11] [1158, 1159, 1160, 1161, 1162, 1163, 1164, 1165, 1166, 1167, 1168, 1169]
        194 [0, 1, 2, 3, 4, 5, 6, 7, 8, 9, 10, 11] [1164, 1165, 1166, 1167, 1168, 1169, 1170, 1171, 1172, 1173, 1174, 1175]
        195 [0, 1, 2, 3, 4, 5, 6, 7, 8, 9, 10, 11] [1170, 1171, 1172, 1173, 1174, 1175, 1176, 1177, 1178, 1179, 1180, 1181]
        196 [0, 1, 2, 3, 4, 5, 6, 7, 8, 9, 10, 11] [1176, 1177, 1178, 1179, 1180, 1181, 1182, 1183, 1184, 1185, 1186, 1187]
        197 [0, 1, 2, 3, 4, 5, 6, 7, 8, 9, 10, 11] [1182, 1183, 1184, 1185, 1186, 1187, 1188, 1189, 1190, 1191, 1192, 1193]
        198 [0, 1, 2, 3, 4, 5, 6, 7, 8, 9, 10, 11] [1188, 1189, 1190, 1191, 1192, 1193, 1194, 1195, 1196, 1197, 1198, 1199]
        199 [0, 1, 2, 3, 4, 5, 6, 7, 8, 9, 10, 11] [1194, 1195, 1196, 1197, 1198, 1199, 1200, 1201, 1202, 1203, 1204, 1205]
        200 [0, 1, 2, 3, 4, 5, 6, 7, 8, 9, 10, 11] [1200, 1201, 1202, 1203, 1204, 1205, 1206, 1207, 1208, 1209, 1210, 1211]
        201 [0, 1, 2, 3, 4, 5, 6, 7, 8, 9, 10, 11] [1206, 1207, 1208, 1209, 1210, 1211, 1212, 1213, 1214, 1215, 1216, 1217]
        202 [0, 1, 2, 3, 4, 5, 6, 7, 8, 9, 10, 11] [1212, 1213, 1214, 1215, 1216, 1217, 1218, 1219, 1220, 1221, 1222, 1223]
        203 [0, 1, 2, 3, 4, 5, 6, 7, 8, 9, 10, 11] [1218, 1219, 1220, 1221, 1222, 1223, 1224, 1225, 1226, 1227, 1228, 1229]
        204 [0, 1, 2, 3, 4, 5, 6, 7, 8, 9, 10, 11] [1224, 1225, 1226, 1227, 1228, 1229, 1230, 1231, 1232, 1233, 1234, 1235]
        205 [0, 1, 2, 3, 4, 5, 6, 7, 8, 9, 10, 11] [1230, 1231, 1232, 1233, 1234, 1235, 1236, 1237, 1238, 1239, 1240, 1241]
        206 [0, 1, 2, 3, 4, 5, 6, 7, 8, 9, 10, 11] [1236, 1237, 1238, 1239, 1240, 1241, 1242, 1243, 1244, 1245, 1246, 1247]
        207 [0, 1, 2, 3, 4, 5, 6, 7, 8, 9, 10, 11] [1242, 1243, 1244, 1245, 1246, 1247, 1248, 1249, 1250, 1251, 1252, 1253]
        208 [0, 1, 2, 3, 4, 5, 6, 7, 8, 9, 10, 11] [1248, 1249, 1250, 1251, 1252, 1253, 1254, 1255, 1256, 1257, 1258, 1259]
        209 [0, 1, 2, 3, 4, 5, 6, 7, 8, 9, 10, 11] [1254, 1255, 1256, 1257, 1258, 1259, 1260, 1261, 1262, 1263, 1264, 1265]
        210 [0, 1, 2, 3, 4, 5, 6, 7, 8, 9, 10, 11] [1260, 1261, 1262, 1263, 1264, 1265, 1266, 1267, 1268, 1269, 1270, 1271]
        211 [0, 1, 2, 3, 4, 5, 6, 7, 8, 9, 10, 11] [1266, 1267, 1268, 1269, 1270, 1271, 1272, 1273, 1274, 1275, 1276, 1277]
        212 [0, 1, 2, 3, 4, 5, 6, 7, 8, 9, 10, 11] [1272, 1273, 1274, 1275, 1276, 1277, 1278, 1279, 1280, 1281, 1282, 1283]
        213 [0, 1, 2, 3, 4, 5, 6, 7, 8, 9, 10, 11] [1278, 1279, 1280, 1281, 1282, 1283, 1284, 1285, 1286, 1287, 1288, 1289]
        214 [0, 1, 2, 3, 4, 5, 6, 7, 8, 9, 10, 11] [1284, 1285, 1286, 1287, 1288, 1289, 1290, 1291, 1292, 1293, 1294, 1295]
        215 [0, 1, 2, 3, 4, 5, 6, 7, 8, 9, 10, 11] [1290, 1291, 1292, 1293, 1294, 1295, 1296, 1297, 1298, 1299, 1300, 1301]
        216 [0, 1, 2, 3, 4, 5, 6, 7, 8, 9, 10, 11] [1296, 1297, 1298, 1299, 1300, 1301, 1302, 1303, 1304, 1305, 1306, 1307]
        217 [0, 1, 2, 3, 4, 5, 6, 7, 8, 9, 10, 11] [1302, 1303, 1304, 1305, 1306, 1307, 1308, 1309, 1310, 1311, 1312, 1313]
        218 [0, 1, 2, 3, 4, 5, 6, 7, 8, 9, 10, 11] [1308, 1309, 1310, 1311, 1312, 1313, 1314, 1315, 1316, 1317, 1318, 1319]
        219 [0, 1, 2, 3, 4, 5, 6, 7, 8, 9, 10, 11] [1314, 1315, 1316, 1317, 1318, 1319, 1320, 1321, 1322, 1323, 1324, 1325]
        220 [0, 1, 2, 3, 4, 5, 6, 7, 8, 9, 10, 11] [1320, 1321, 1322, 1323, 1324, 1325, 1326, 1327, 1328, 1329, 1330, 1331]
        221 [0, 1, 2, 3, 4, 5, 6, 7, 8, 9, 10, 11] [1326, 1327, 1328, 1329, 1330, 1331, 1332, 1333, 1334, 1335, 1336, 1337]
        222 [0, 1, 2, 3, 4, 5, 6, 7, 8, 9, 10, 11] [1332, 1333, 1334, 1335, 1336, 1337, 1338, 1339, 1340, 1341, 1342, 1343]
        223 [0, 1, 2, 3, 4, 5, 6, 7, 8, 9, 10, 11] [1338, 1339, 1340, 1341, 1342, 1343, 1344, 1345, 1346, 1347, 1348, 1349]
        224 [0, 1, 2, 3, 4, 5, 6, 7, 8, 9, 10, 11] [1344, 1345, 1346, 1347, 1348, 1349, 1350, 1351, 1352, 1353, 1354, 1355]
        225 [0, 1, 2, 3, 4, 5, 6, 7, 8, 9, 10, 11] [1350, 1351, 1352, 1353, 1354, 1355, 1356, 1357, 1358, 1359, 1360, 1361]
        226 [0, 1, 2, 3, 4, 5, 6, 7, 8, 9, 10, 11] [1356, 1357, 1358, 1359, 1360, 1361, 1362, 1363, 1364, 1365, 1366, 1367]
        227 [0, 1, 2, 3, 4, 5, 6, 7, 8, 9, 10, 11] [1362, 1363, 1364, 1365, 1366, 1367, 1368, 1369, 1370, 1371, 1372, 1373]
        228 [0, 1, 2, 3, 4, 5, 6, 7, 8, 9, 10, 11] [1368, 1369, 1370, 1371, 1372, 1373, 1374, 1375, 1376, 1377, 1378, 1379]
        229 [0, 1, 2, 3, 4, 5, 6, 7, 8, 9, 10, 11] [1374, 1375, 1376, 1377, 1378, 1379, 1380, 1381, 1382, 1383, 1384, 1385]
        230 [0, 1, 2, 3, 4, 5, 6, 7, 8, 9, 10, 11] [1380, 1381, 1382, 1383, 1384, 1385, 1386, 1387, 1388, 1389, 1390, 1391]
        231 [0, 1, 2, 3, 4, 5, 6, 7, 8, 9, 10, 11] [1386, 1387, 1388, 1389, 1390, 1391, 1392, 1393, 1394, 1395, 1396, 1397]
        232 [0, 1, 2, 3, 4, 5, 6, 7, 8, 9, 10, 11] [1392, 1393, 1394, 1395, 1396, 1397, 1398, 1399, 1400, 1401, 1402, 1403]
        233 [0, 1, 2, 3, 4, 5, 6, 7, 8, 9, 10, 11] [1398, 1399, 1400, 1401, 1402, 1403, 1404, 1405, 1406, 1407, 1408, 1409]
        234 [0, 1, 2, 3, 4, 5, 6, 7, 8, 9, 10, 11] [1404, 1405, 1406, 1407, 1408, 1409, 1410, 1411, 1412, 1413, 1414, 1415]
        235 [0, 1, 2, 3, 4, 5, 6, 7, 8, 9, 10, 11] [1410, 1411, 1412, 1413, 1414, 1415, 1416, 1417, 1418, 1419, 1420, 1421]
        236 [0, 1, 2, 3, 4, 5, 6, 7, 8, 9, 10, 11] [1416, 1417, 1418, 1419, 1420, 1421, 1422, 1423, 1424, 1425, 1426, 1427]
        237 [0, 1, 2, 3, 4, 5, 6, 7, 8, 9, 10, 11] [1422, 1423, 1424, 1425, 1426, 1427, 1428, 1429, 1430, 1431, 1432, 1433]
        238 [0, 1, 2, 3, 4, 5, 6, 7, 8, 9, 10, 11] [1428, 1429, 1430, 1431, 1432, 1433, 1434, 1435, 1436, 1437, 1438, 1439]
        239 [0, 1, 2, 3, 4, 5, 6, 7, 8, 9, 10, 11] [1434, 1435, 1436, 1437, 1438, 1439, 1440, 1441, 1442, 1443, 1444, 1445]
        240 [0, 1, 2, 3, 4, 5, 6, 7, 8, 9, 10, 11] [1440, 1441, 1442, 1443, 1444, 1445, 1446, 1447, 1448, 1449, 1450, 1451]
        241 [0, 1, 2, 3, 4, 5, 6, 7, 8, 9, 10, 11] [1446, 1447, 1448, 1449, 1450, 1451, 1452, 1453, 1454, 1455, 1456, 1457]
        242 [0, 1, 2, 3, 4, 5, 6, 7, 8, 9, 10, 11] [1452, 1453, 1454, 1455, 1456, 1457, 1458, 1459, 1460, 1461, 1462, 1463]
        243 [0, 1, 2, 3, 4, 5, 6, 7, 8, 9, 10, 11] [1458, 1459, 1460, 1461, 1462, 1463, 1464, 1465, 1466, 1467, 1468, 1469]
        244 [0, 1, 2, 3, 4, 5, 6, 7, 8, 9, 10, 11] [1464, 1465, 1466, 1467, 1468, 1469, 1470, 1471, 1472, 1473, 1474, 1475]
        245 [0, 1, 2, 3, 4, 5, 6, 7, 8, 9, 10, 11] [1470, 1471, 1472, 1473, 1474, 1475, 1476, 1477, 1478, 1479, 1480, 1481]
        246 [0, 1, 2, 3, 4, 5, 6, 7, 8, 9, 10, 11] [1476, 1477, 1478, 1479, 1480, 1481, 1482, 1483, 1484, 1485, 1486, 1487]
        247 [0, 1, 2, 3, 4, 5, 6, 7, 8, 9, 10, 11] [1482, 1483, 1484, 1485, 1486, 1487, 1488, 1489, 1490, 1491, 1492, 1493]
        248 [0, 1, 2, 3, 4, 5, 6, 7, 8, 9, 10, 11] [1488, 1489, 1490, 1491, 1492, 1493, 1494, 1495, 1496, 1497, 1498, 1499]
        249 [0, 1, 2, 3, 4, 5, 6, 7, 8, 9, 10, 11] [1494, 1495, 1496, 1497, 1498, 1499, 1500, 1501, 1502, 1503, 1504, 1505] (Module: assembly, Line: 204)
2025-11-16 14:43:22,965 [INFO] 🧾 System Info:
  Total DOFs: 1506
  Number of elements: 250
  Symmetry tolerance: 1.0e-08 (Module: assembly, Line: 344)
2025-11-16 14:43:22,966 [INFO] ✅ Stiffness matrix assembled (Module: assembly, Line: 248)
2025-11-16 14:43:22,967 [INFO] ✅ Force vector assembled (Module: assembly, Line: 277)
2025-11-16 14:43:22,967 [INFO] Global Stiffness Matrix:
  Non-zero entries: 7510
  Symmetry: False
  Norm: 5.024e+16 (Module: assembly, Line: 364)
2025-11-16 14:43:22,979 [DEBUG] 
Stiffness Matrix Sample (COO):
 Row  Col       K Value
 278  274  1.018710e+14
  16   20  1.018710e+14
 226  226  9.338175e+13
 858  858  6.877500e+10
1094 1100 -1.782742e+14
 917  919 -6.576223e+14
 722  728 -1.782742e+14
1104 1104  6.877500e+10
 702  702  6.877500e+10
  49   43 -1.150839e+15
 993  999 -2.639314e+05
1066 1060  4.244625e+13
 784  776 -7.640325e+13
 733  739 -1.150839e+15
 852  846 -3.438750e+10
1427 1421  2.740093e+14
1250 1256 -1.782742e+14
1471 1477 -1.150839e+15
1370 1378 -7.640325e+13
1153 1159 -1.150839e+15
  29   19  4.932168e+14
1292 1292  3.565485e+14
 955  953 -6.576223e+14
1432 1438  4.244625e+13
 314  322 -7.640325e+13
 113  115 -6.576223e+14
 827  827  6.028205e+14
 846  846  6.877500e+10
  56   62 -1.782742e+14
 960  966 -3.438750e+10
 642  636 -3.438750e+10
 829  829  2.301678e+15
 369  363 -2.639314e+05
 658  658  9.338175e+13
 342  336 -3.438750e+10
 308  314 -1.782742e+14
 895  889 -1.150839e+15
 828  834 -3.438750e+10
 336  330 -3.438750e+10
 924  918 -3.438750e+10
 529  529  2.301678e+15
1236 1236  6.877500e+10
1069 1069  2.301678e+15
1160 1154 -1.782742e+14
 919  919  2.301678e+15
 851  851  6.028205e+14
 755  757 -6.576223e+14
1084 1090  4.244625e+13
  10    4  4.244625e+13
1413 1407 -2.639314e+05
 326  334 -7.640325e+13
1302 1302  6.877500e+10
 146  148 -2.546775e+13
 723  717 -2.639314e+05
1064 1070 -1.782742e+14
1051 1049 -6.576223e+14
1227 1221 -2.639314e+05
 901  899 -6.576223e+14
 945  945  5.278628e+05
1138 1142  1.018710e+14
 246  240 -3.438750e+10
 184  188  1.018710e+14
1478 1484 -1.782742e+14
 107  109 -6.576224e+14
 281  283 -6.576223e+14
1132 1132  9.338175e+13
 919  913 -1.150839e+15
  61   65  1.644056e+14
 200  194 -1.782742e+14
 797  787  4.932168e+14
1265 1265  6.028205e+14
 398  392 -1.782742e+14
  95   95  6.028205e+14
1132 1124 -7.640325e+13
1079 1075  1.644056e+14
1020 1020  6.877500e+10
 584  584  3.565485e+14
 805  815  4.932168e+14
1492 1492  9.338175e+13
 257  257  6.028205e+14
1325 1315  4.932168e+14
  32   34 -2.546775e+13
 107  107  6.028205e+14
1183 1181 -6.576223e+14
 796  800  1.018710e+14
 179  181 -6.576224e+14
 467  461  2.740093e+14
1107 1107  5.278628e+05
 649  647 -6.576223e+14
 198  192 -3.438750e+10
 644  646 -2.546775e+13
  94   98  1.018710e+14
 626  620 -1.782742e+14
1466 1474 -7.640325e+13
 432  426 -3.438750e+10
 238  242  1.018710e+14
1155 1161 -2.639314e+05
 579  585 -2.639314e+05
 585  591 -2.639314e+05
 934  928  4.244625e+13
1052 1060 -7.640325e+13
 938  944 -1.782742e+14
 420  414 -3.438750e+10
1135 1141 -1.150839e+15
 558  564 -3.438750e+10
 920  922 -2.546775e+13
1031 1031  6.028205e+14
1278 1284 -3.438750e+10
1415 1415  6.028205e+14
 622  616  4.244625e+13
 413  407  2.740093e+14
  10   14  1.018710e+14
1044 1050 -3.438750e+10
1000  998 -2.546775e+13
 249  243 -2.639314e+05
1069 1073  1.644056e+14
 506  500 -1.782742e+14
 735  741 -2.639314e+05
 429  435 -2.639314e+05
 691  701  4.932168e+14
 512  512  3.565485e+14
 722  722  3.565485e+14
 443  443  6.028205e+14
 375  381 -2.639314e+05
 493  493  2.301678e+15
1024 1022 -2.546775e+13
1469 1475  2.740093e+14
 569  575  2.740093e+14
  45   51 -2.639314e+05
1162 1156  4.244625e+13
 870  870  6.877500e+10
  92  100 -7.640325e+13
1501 1495 -1.150839e+15
 991  989 -6.576223e+14
 603  609 -2.639314e+05
1229 1235  2.740093e+14
 788  790 -2.546775e+13
 997 1003 -1.150839e+15
1353 1353  5.278628e+05
  62   70 -7.640325e+13
  11    1  4.932168e+14
 523  533  4.932168e+14
 907  913 -1.150839e+15
  11   17  2.740093e+14
 234  234  6.877500e+10
 101   95  2.740093e+14
 958  964  4.244625e+13
 162  156 -3.438750e+10
 157  151 -1.150839e+15
 781  785  1.644056e+14
 267  267  5.278628e+05
1402 1396  4.244625e+13
1265 1267 -6.576223e+14
1129 1127 -6.576223e+14
 478  470 -7.640325e+13
1180 1186  4.244625e+13
 845  847 -6.576224e+14
1127 1133  2.740093e+14
 822  816 -3.438750e+10
 405  411 -2.639314e+05
 358  364  4.244625e+13
 481  485  1.644056e+14
 709  719  4.932168e+14
 757  755 -6.576223e+14
 110  110  3.565485e+14
 269  259  4.932168e+14
 974  970  1.018710e+14
 589  583 -1.150839e+15
 458  466 -7.640325e+13
 519  513 -2.639314e+05
  31   29 -6.576224e+14
  42   36 -3.438750e+10
 575  577 -6.576223e+14
 142  140 -2.546775e+13
1186 1192  4.244625e+13
 502  502  9.338175e+13
1388 1382 -1.782742e+14
 597  597  5.278628e+05
 872  866 -1.782742e+14
1391 1397  2.740093e+14
 275  281  2.740093e+14
  34   26 -7.640325e+13
 450  456 -3.438750e+10
 937  943 -1.150839e+15
 175  173 -6.576223e+14
1343 1339  1.644056e+14
1276 1274 -2.546775e+13
 175  175  2.301678e+15
1285 1279 -1.150839e+15
 172  176  1.018710e+14
1490 1486  1.018710e+14
1452 1458 -3.438750e+10
 655  661 -1.150839e+15
1447 1447  2.301678e+15
 104   98 -1.782742e+14
 656  652  1.018710e+14
  31   37 -1.150839e+15
1216 1222  4.244625e+13
1120 1118 -2.546775e+13
1481 1481  6.028205e+14
 308  308  3.565485e+14
1394 1388 -1.782742e+14
 904  902 -2.546775e+13
 964  970  4.244625e+13
 895  895  2.301678e+15
 121  115 -1.150839e+15
  10    2 -7.640325e+13
   8   14 -1.782743e+14
 477  483 -2.639314e+05
1021 1027 -1.150839e+15
1010 1004 -1.782742e+14
1250 1258 -7.640325e+13
 198  204 -3.438750e+10
 388  394  4.244625e+13
 200  208 -7.640325e+13
1004  998 -1.782742e+14
1063 1057 -1.150839e+15
1240 1234  4.244625e+13
 983  973  4.932168e+14
 813  807 -2.639314e+05
 139  133 -1.150839e+15
 653  647  2.740093e+14
 783  783  5.278628e+05
 215  211  1.644056e+14
1212 1212  6.877500e+10
 365  365  6.028205e+14
 901  911  4.932168e+14
1376 1376  3.565485e+14
 205  203 -6.576223e+14
 191  181  4.932168e+14
 871  875  1.644056e+14
1396 1390  4.244625e+13
1108 1100 -7.640325e+13
1110 1104 -3.438750e+10
 734  736 -2.546775e+13
1334 1330  1.018710e+14
  93   93  5.278628e+05
  37   41  1.644056e+14
  22   14 -7.640325e+13
  64   64  9.338175e+13
 933  933  5.278628e+05
 456  450 -3.438750e+10
1049 1045  1.644056e+14
 706  704 -2.546775e+13
 632  626 -1.782742e+14
1127 1121  2.740093e+14
 947  941  2.740093e+14
 598  604  4.244625e+13
 569  571 -6.576223e+14
 589  599  4.932168e+14
1494 1488 -3.438750e+10
1271 1277  2.740093e+14
 457  467  4.932168e+14
 106  106  9.338175e+13
 563  559  1.644056e+14
 522  522  6.877500e+10
 533  535 -6.576223e+14
 185  181  1.644056e+14
 654  648 -3.438750e+10
 977  971  2.740093e+14
 180  180  6.877500e+10
 145  139 -1.150839e+15
 963  963  5.278628e+05
 197  193  1.644056e+14
   8    2 -1.782743e+14
1106 1112 -1.782742e+14
 343  343  2.301678e+15
1133 1127  2.740093e+14
1070 1078 -7.640325e+13
  80   88 -7.640325e+13
1003 1003  2.301678e+15
1283 1285 -6.576223e+14
 836  830 -1.782742e+14
 412  404 -7.640325e+13
 220  220  9.338175e+13
1465 1459 -1.150839e+15
 844  850  4.244625e+13
 693  693  5.278628e+05
  42   48 -3.438750e+10
1079 1081 -6.576223e+14
 356  356  3.565485e+14
  61   61  2.301678e+15
 710  712 -2.546775e+13
 616  610  4.244625e+13
 489  489  5.278628e+05
  12    6 -3.438750e+10
 875  865  4.932168e+14
 389  395  2.740093e+14
 385  383 -6.576223e+14
 514  512 -2.546775e+13
 376  370  4.244625e+13
 736  742  4.244625e+13
 107  103  1.644056e+14
 235  245  4.932168e+14
 434  442 -7.640325e+13
1290 1290  6.877500e+10
 937  937  2.301678e+15
 350  350  3.565485e+14
1190 1184 -1.782742e+14
 437  431  2.740093e+14
 634  638  1.018710e+14
 676  670  4.244625e+13
 512  508  1.018710e+14
 156  156  6.877500e+10
1045 1039 -1.150839e+15
 879  879  5.278628e+05
 110  116 -1.782742e+14
1196 1198 -2.546775e+13
 656  650 -1.782742e+14
 498  498  6.877500e+10
 718  724  4.244625e+13
1381 1385  1.644056e+14
  71   71  6.028205e+14
 758  752 -1.782742e+14
1499 1493  2.740093e+14
 170  166  1.018710e+14
1345 1339 -1.150839e+15
1489 1493  1.644056e+14
 789  789  5.278628e+05
 230  236 -1.782742e+14
 209  199  4.932168e+14
1148 1148  3.565485e+14
1443 1443  5.278628e+05
1447 1441 -1.150839e+15
  99  105 -2.639314e+05
 809  803  2.740093e+14
1409 1409  6.028205e+14
1420 1426  4.244625e+13
 577  581  1.644056e+14
 793  793  2.301678e+15
  65   65  6.028205e+14
  47   43  1.644056e+14
1450 1454  1.018710e+14
 197  199 -6.576223e+14
  30   24 -3.438750e+10
 454  458  1.018710e+14
 865  875  4.932168e+14
1231 1229 -6.576223e+14
 272  274 -2.546775e+13
1482 1476 -3.438750e+10
1201 1199 -6.576223e+14
 368  362 -1.782742e+14
 455  449  2.740093e+14
 313  313  2.301678e+15
1011 1005 -2.639314e+05
 657  663 -2.639314e+05
 299  289  4.932168e+14
1417 1421  1.644056e+14
 359  361 -6.576223e+14
1009 1013  1.644056e+14
 214  212 -2.546775e+13
 245  241  1.644056e+14
1098 1104 -3.438750e+10
 974  982 -7.640325e+13
1342 1334 -7.640325e+13
 654  660 -3.438750e+10
 577  583 -1.150839e+15
1069 1075 -1.150839e+15
1227 1233 -2.639314e+05
 619  629  4.932168e+14
1336 1340  1.018710e+14
1492 1498  4.244625e+13
 630  624 -3.438750e+10
1065 1065  5.278628e+05
  32   40 -7.640325e+13
 305  295  4.932168e+14
 618  618  6.877500e+10
 311  311  6.028205e+14
1130 1126  1.018710e+14
 739  733 -1.150839e+15
 130  130  9.338175e+13
1270 1262 -7.640325e+13
1257 1263 -2.639314e+05
 797  797  6.028205e+14
1000 1000  9.338175e+13
1130 1138 -7.640325e+13
 638  640 -2.546775e+13
 109  103 -1.150839e+15
 998  992 -1.782742e+14
 997  991 -1.150839e+15
 193  203  4.932168e+14
1102 1094 -7.640325e+13
 116  118 -2.546775e+13
  64   70  4.244625e+13
1070 1070  3.565485e+14
 530  538 -7.640325e+13
 701  701  6.028205e+14
1247 1247  6.028205e+14
1486 1480  4.244625e+13
 318  312 -3.438750e+10
1018 1018  9.338175e+13
1462 1454 -7.640325e+13
1367 1361  2.740093e+14
 820  812 -7.640325e+13
 694  692 -2.546775e+13
 434  436 -2.546775e+13
 178  170 -7.640325e+13
  92   92  3.565485e+14
 937  947  4.932168e+14
 713  703  4.932168e+14
 314  320 -1.782742e+14
 775  773 -6.576223e+14
 890  892 -2.546775e+13
1288 1282  4.244625e+13
1015 1021 -1.150839e+15
1058 1066 -7.640325e+13
 316  308 -7.640325e+13
 721  719 -6.576223e+14
1150 1154  1.018710e+14
 779  773  2.740093e+14
 199  205 -1.150839e+15
 445  439 -1.150839e+15
1129 1123 -1.150839e+15
 683  683  6.028205e+14
1303 1297 -1.150839e+15
  91   89 -6.576224e+14
1009 1019  4.932168e+14
 212  212  3.565485e+14
 228  234 -3.438750e+10
1192 1190 -2.546775e+13
1348 1354  4.244625e+13
1012 1018  4.244625e+13
 906  900 -3.438750e+10
1168 1166 -2.546775e+13
 572  572  3.565485e+14
1401 1407 -2.639314e+05
1302 1296 -3.438750e+10
 845  835  4.932168e+14
 467  473  2.740093e+14
 140  146 -1.782742e+14
 367  365 -6.576223e+14
1405 1415  4.932168e+14
 340  344  1.018710e+14
  12   12  6.877500e+10
 862  862  9.338175e+13
 293  287  2.740093e+14
 988  992  1.018710e+14
 792  792  6.877500e+10
 304  310  4.244625e+13
 170  172 -2.546775e+13
 417  417  5.278628e+05
1269 1269  5.278628e+05
 332  332  3.565485e+14
 340  332 -7.640325e+13
1379 1375  1.644056e+14
 592  586  4.244625e+13
 446  454 -7.640325e+13
 606  606  6.877500e+10
 351  351  5.278628e+05
1067 1067  6.028205e+14
1044 1038 -3.438750e+10
 514  520  4.244625e+13
1372 1372  9.338175e+13
1370 1372 -2.546775e+13
 834  840 -3.438750e+10
 985  979 -1.150839e+15
 124  130  4.244625e+13
  15    9 -2.639314e+05
 147  141 -2.639314e+05
1460 1466 -1.782742e+14
1189 1193  1.644056e+14
 769  773  1.644056e+14
1012 1016  1.018710e+14
 709  715 -1.150839e+15
 197  203  2.740093e+14
 112  104 -7.640325e+13
1237 1247  4.932168e+14
 793  791 -6.576223e+14
1268 1276 -7.640325e+13
 328  332  1.018710e+14
  77   79 -6.576224e+14
 516  510 -3.438750e+10
 998 1000 -2.546775e+13
  53   53  6.028205e+14
1087 1091  1.644056e+14
1194 1200 -3.438750e+10
  50   58 -7.640325e+13
 417  411 -2.639314e+05
 800  808 -7.640325e+13
 169  167 -6.576223e+14
 503  509  2.740093e+14
1339 1343  1.644056e+14
 274  278  1.018710e+14
 271  265 -1.150839e+15
 904  908  1.018710e+14
 869  869  6.028205e+14
  26   20 -1.782743e+14
1031 1033 -6.576224e+14
 913  917  1.644056e+14
 607  613 -1.150839e+15
1238 1246 -7.640325e+13
  31   41  4.932168e+14
1157 1157  6.028205e+14
 581  587  2.740093e+14
 491  493 -6.576223e+14
 466  458 -7.640325e+13
 982  986  1.018710e+14
1369 1373  1.644056e+14
 524  530 -1.782742e+14
1427 1417  4.932168e+14
1258 1264  4.244625e+13
1060 1064  1.018710e+14
 930  930  6.877500e+10
  47   37  4.932168e+14
1066 1064 -2.546775e+13
  20   16  1.018710e+14
1364 1358 -1.782742e+14
 776  784 -7.640325e+13
1234 1240  4.244625e+13
1122 1116 -3.438750e+10
1403 1405 -6.576223e+14
 375  369 -2.639314e+05
 976  970  4.244625e+13
 322  322  9.338175e+13
 427  425 -6.576224e+14
 295  301 -1.150839e+15
1498 1502  1.018710e+14
 959  961 -6.576223e+14
 749  755  2.740093e+14
 991 1001  4.932168e+14
 878  880 -2.546775e+13
1051 1055  1.644056e+14
1444 1436 -7.640325e+13
 488  482 -1.782742e+14
 482  490 -7.640325e+13
 943  947  1.644056e+14
 326  326  3.565485e+14
1218 1218  6.877500e+10
 382  380 -2.546775e+13
1192 1186  4.244625e+13
 940  932 -7.640325e+13
 293  289  1.644056e+14
 727  731  1.644056e+14
1462 1466  1.018710e+14
1230 1224 -3.438750e+10
 409  413  1.644056e+14
 287  281  2.740093e+14
 219  213 -2.639314e+05
1143 1143  5.278628e+05
1010 1006  1.018710e+14
 847  857  4.932168e+14
 509  503  2.740093e+14
 494  490  1.018710e+14
 995  989  2.740093e+14
1489 1495 -1.150839e+15
1190 1192 -2.546775e+13
 431  433 -6.576223e+14
1262 1262  3.565485e+14
 344  346 -2.546775e+13
1027 1037  4.932168e+14
1460 1456  1.018710e+14
 784  790  4.244625e+13
1067 1063  1.644056e+14
 176  184 -7.640325e+13
1221 1227 -2.639314e+05
 208  202  4.244625e+13
1474 1478  1.018710e+14
 602  598  1.018710e+14
1199 1189  4.932168e+14
 741  741  5.278628e+05
 941  941  6.028205e+14
 508  508  9.338175e+13
 258  264 -3.438750e+10
1174 1166 -7.640325e+13
 196  196  9.338175e+13
 995  985  4.932168e+14
1121 1123 -6.576223e+14
1355 1349  2.740093e+14
 218  220 -2.546775e+13
1360 1360  9.338175e+13
 497  491  2.740093e+14
1190 1190  3.565485e+14
 219  225 -2.639314e+05
1430 1438 -7.640325e+13
  51   57 -2.639314e+05
 917  907  4.932168e+14
1280 1282 -2.546775e+13
 874  868  4.244625e+13
1414 1414  9.338175e+13
 102  108 -3.438750e+10
1456 1450  4.244625e+13
 587  593  2.740093e+14
 821  817  1.644056e+14
1238 1238  3.565485e+14
 368  364  1.018710e+14
 386  388 -2.546775e+13
 448  440 -7.640325e+13
 730  722 -7.640325e+13
  36   30 -3.438750e+10
 601  611  4.932168e+14
  95   85  4.932168e+14
 987  993 -2.639314e+05
 572  578 -1.782742e+14
1259 1265  2.740093e+14
 646  650  1.018710e+14
 216  210 -3.438750e+10
 535  533 -6.576223e+14
 128  122 -1.782742e+14
1209 1203 -2.639314e+05
 397  395 -6.576223e+14
 716  712  1.018710e+14
1281 1287 -2.639314e+05
 857  853  1.644056e+14
 838  830 -7.640325e+13
 376  374 -2.546775e+13
   8    8  3.565485e+14
1244 1238 -1.782742e+14
1489 1499  4.932168e+14
 430  430  9.338175e+13
  65   67 -6.576224e+14
 948  954 -3.438750e+10
  85   95  4.932168e+14
1333 1327 -1.150839e+15
 455  451  1.644056e+14
 638  634  1.018710e+14
 259  257 -6.576224e+14
 568  568  9.338175e+13
 839  833  2.740093e+14
1085 1075  4.932168e+14
 559  557 -6.576223e+14
1505 1501 -4.932168e+14
 494  488 -1.782742e+14
 729  729  5.278628e+05
1373 1373  6.028205e+14
 486  480 -3.438750e+10
 385  391 -1.150839e+15
1330 1322 -7.640325e+13
1231 1235  1.644056e+14
1336 1334 -2.546775e+13
 132  132  6.877500e+10
1311 1305 -2.639314e+05
 440  446 -1.782742e+14
1075 1069 -1.150839e+15
 437  439 -6.576223e+14
1352 1354 -2.546775e+13
  59   59  6.028205e+14
 610  616  4.244625e+13
   4    8  1.018710e+14
 636  630 -3.438750e+10
 924  930 -3.438750e+10
 545  535  4.932168e+14
 520  518 -2.546775e+13
1363 1373  4.932168e+14
 705  699 -2.639314e+05
 418  418  9.338175e+13
 619  613 -1.150839e+15
 364  364  9.338175e+13
 519  525 -2.639314e+05
 482  482  3.565485e+14
1331 1331  6.028205e+14
 393  387 -2.639314e+05
 209  203  2.740093e+14
1439 1445  2.740093e+14
 839  845  2.740093e+14
 902  904 -2.546775e+13
 146  140 -1.782742e+14
 436  436  9.338175e+13
1442 1444 -2.546775e+13
1146 1146  6.877500e+10
1358 1354  1.018710e+14
  86   88 -2.546775e+13
 902  910 -7.640325e+13
 935  931  1.644056e+14
 824  820  1.018710e+14
 814  814  9.338175e+13
 428  428  3.565485e+14
 148  154  4.244625e+13
1058 1064 -1.782742e+14
 226  230  1.018710e+14
 273  279 -2.639314e+05
 753  759 -2.639314e+05
 460  458 -2.546775e+13
 155  157 -6.576224e+14
 316  316  9.338175e+13
1002 1008 -3.438750e+10
 203  205 -6.576223e+14
 713  719  2.740093e+14
 795  789 -2.639314e+05
 339  345 -2.639314e+05
1196 1190 -1.782742e+14
 907  901 -1.150839e+15
 394  394  9.338175e+13
1471 1475  1.644056e+14
 118  110 -7.640325e+13
 716  718 -2.546775e+13
 856  850  4.244625e+13
 352  350 -2.546775e+13
 647  641  2.740093e+14
  41   31  4.932168e+14
1080 1086 -3.438750e+10
 307  301 -1.150839e+15
 561  555 -2.639314e+05
 585  579 -2.639314e+05
 440  434 -1.782742e+14
1139 1145  2.740093e+14
1075 1075  2.301678e+15
 524  524  3.565485e+14
 528  528  6.877500e+10
 515  521  2.740093e+14
 868  860 -7.640325e+13
 780  774 -3.438750e+10
1028 1022 -1.782742e+14
1385 1391  2.740093e+14
 991  985 -1.150839e+15
1132 1126  4.244625e+13
1171 1165 -1.150839e+15
 419  419  6.028205e+14
1448 1450 -2.546775e+13
1214 1214  3.565485e+14
 391  395  1.644056e+14
 585  585  5.278628e+05
1277 1279 -6.576223e+14
 706  710  1.018710e+14
  34   28  4.244625e+13
 328  334  4.244625e+13
 512  520 -7.640325e+13
1416 1410 -3.438750e+10
 689  679  4.932168e+14
 968  968  3.565485e+14
 822  822  6.877500e+10
 431  437  2.740093e+14
 817  815 -6.576223e+14
 388  380 -7.640325e+13
 473  479  2.740093e+14
 129  123 -2.639314e+05
 434  434  3.565485e+14
1048 1054  4.244625e+13
1343 1349  2.740093e+14
1293 1293  5.278628e+05
  60   54 -3.438750e+10
 482  478  1.018710e+14
  47   47  6.028205e+14
 820  824  1.018710e+14
1121 1115  2.740093e+14
 408  402 -3.438750e+10
 835  833 -6.576223e+14
1451 1451  6.028205e+14
 128  136 -7.640325e+13
 143  133  4.932168e+14
 518  514  1.018710e+14
1482 1488 -3.438750e+10
 721  721  2.301678e+15
  40   40  9.338175e+13
 547  551  1.644056e+14
 333  333  5.278628e+05
 492  486 -3.438750e+10
 421  421  2.301678e+15
 108  102 -3.438750e+10
 476  478 -2.546775e+13
  86   82  1.018710e+14
 330  336 -3.438750e+10
 758  766 -7.640325e+13
1226 1220 -1.782743e+14
 408  408  6.877500e+10
  60   60  6.877500e+10
 544  538  4.244625e+13
 292  298  4.244625e+13
1012 1004 -7.640325e+13
1037 1031  2.740093e+14
 981  987 -2.639314e+05
1399 1399  2.301678e+15
 917  913  1.644056e+14
 638  646 -7.640325e+13
 985  985  2.301678e+15
 414  408 -3.438750e+10
1004 1000  1.018710e+14
 452  454 -2.546775e+13
 848  848  3.565485e+14
 309  309  5.278628e+05
 665  671  2.740093e+14
1085 1081  1.644056e+14
 101  107  2.740093e+14
1260 1260  6.877500e+10
  11   13 -6.576224e+14
 158  152 -1.782743e+14
 776  782 -1.782742e+14
 399  393 -2.639314e+05
 337  337  2.301678e+15
 880  884  1.018710e+14
 398  404 -1.782742e+14
 938  938  3.565485e+14
 479  473  2.740093e+14
 961  967 -1.150839e+15
1136 1142 -1.782742e+14
 877  875 -6.576223e+14
1256 1264 -7.640325e+13
1211 1205  2.740093e+14
 743  739  1.644056e+14
1379 1385  2.740093e+14
 682  688  4.244625e+13
 605  611  2.740093e+14
 108  114 -3.438750e+10
 833  829  1.644056e+14
 809  799  4.932168e+14
 678  678  6.877500e+10
 448  442  4.244625e+13
 757  761  1.644056e+14
 884  880  1.018710e+14
1027 1021 -1.150839e+15
 135  141 -2.639314e+05
1261 1261  2.301678e+15
1000 1004  1.018710e+14
1053 1059 -2.639314e+05
  98   92 -1.782742e+14
1461 1461  5.278628e+05
 934  940  4.244625e+13
 732  732  6.877500e+10
 793  799 -1.150839e+15
1439 1429  4.932168e+14
1174 1180  4.244625e+13
1232 1226 -1.782742e+14
 428  436 -7.640325e+13
1112 1118 -1.782742e+14
 852  858 -3.438750e+10
 352  344 -7.640325e+13
 575  581  2.740093e+14
 956  950 -1.782742e+14
1087 1097  4.932168e+14
 673  671 -6.576223e+14
1106 1100 -1.782742e+14
 848  856 -7.640325e+13
1126 1132  4.244625e+13
  40   32 -7.640325e+13
1484 1478 -1.782742e+14
 539  535  1.644056e+14
 836  838 -2.546775e+13
 664  664  9.338175e+13
 815  809  2.740093e+14
 633  639 -2.639314e+05
 812  818 -1.782742e+14
  44   52 -7.640325e+13
 323  323  6.028205e+14
 190  182 -7.640325e+13
 578  586 -7.640325e+13
 751  755  1.644056e+14
 493  499 -1.150839e+15
 826  820  4.244625e+13
 753  747 -2.639314e+05
 168  168  6.877500e+10
  49   47 -6.576224e+14
 116  124 -7.640325e+13
 293  283  4.932168e+14
 206  208 -2.546775e+13
1186 1184 -2.546775e+13
 698  700 -2.546775e+13
1412 1406 -1.782743e+14
 634  634  9.338175e+13
  26   34 -7.640325e+13
 782  790 -7.640325e+13
1490 1490  3.565485e+14
1096 1088 -7.640325e+13
 350  352 -2.546775e+13
 390  384 -3.438750e+10
 984  984  6.877500e+10
1445 1441  1.644056e+14
1133 1135 -6.576223e+14
1375 1381 -1.150839e+15
1031 1025  2.740093e+14
 744  738 -3.438750e+10
 881  871  4.932168e+14
 446  452 -1.782742e+14
1265 1255  4.932168e+14
1199 1195  1.644056e+14
 893  893  6.028205e+14
1111 1121  4.932168e+14
 650  650  3.565485e+14
 161  151  4.932168e+14
 710  706  1.018710e+14
 923  929  2.740093e+14
 556  548 -7.640325e+13
 610  604  4.244625e+13
 308  302 -1.782743e+14
1103 1103  6.028205e+14
 932  926 -1.782742e+14
1334 1328 -1.782742e+14
1432 1430 -2.546775e+13
1402 1402  9.338175e+13
 729  735 -2.639314e+05
 194  200 -1.782742e+14
1025 1015  4.932168e+14
 667  661 -1.150839e+15
 980  974 -1.782742e+14
1261 1259 -6.576223e+14
 772  770 -2.546775e+13
 911  913 -6.576223e+14
 580  580  9.338175e+13
1262 1268 -1.782742e+14
 835  839  1.644056e+14
1091 1085  2.740093e+14
1118 1126 -7.640325e+13
 230  232 -2.546775e+13
 386  386  3.565485e+14
 518  526 -7.640325e+13
 277  271 -1.150839e+15
1349 1355  2.740093e+14
  97   97  2.301678e+15
1285 1283 -6.576223e+14
 764  760  1.018710e+14
 684  678 -3.438750e+10
1183 1177 -1.150839e+15
 737  737  6.028205e+14
 310  308 -2.546775e+13
 320  316  1.018710e+14
1300 1300  9.338175e+13
1011 1017 -2.639314e+05
 636  642 -3.438750e+10
1317 1311 -2.639314e+05
 312  312  6.877500e+10
1228 1222  4.244625e+13
 568  560 -7.640325e+13
 368  374 -1.782742e+14
 659  665  2.740093e+14
 620  626 -1.782742e+14
 977  967  4.932168e+14
 707  709 -6.576224e+14
1241 1231  4.932168e+14
 106  100  4.244625e+13
1319 1313  2.740093e+14
1402 1408  4.244625e+13
 839  829  4.932168e+14
1242 1242  6.877500e+10
 149  149  6.028205e+14
 850  842 -7.640325e+13
 331  329 -6.576223e+14
 631  637 -1.150839e+15
  31   25 -1.150839e+15
 341  337  1.644056e+14
1075 1079  1.644056e+14
1376 1382 -1.782742e+14
1387 1387  2.301678e+15
 887  883  1.644056e+14
1432 1436  1.018710e+14
1217 1219 -6.576223e+14
 829  823 -1.150839e+15
1231 1225 -1.150839e+15
 517  523 -1.150839e+15
 426  432 -3.438750e+10
 896  898 -2.546775e+13
 346  338 -7.640325e+13
 800  800  3.565485e+14
 177  171 -2.639314e+05
1179 1173 -2.639314e+05
1285 1289  1.644056e+14
1424 1432 -7.640325e+13
 475  473 -6.576223e+14
1440 1440  6.877500e+10
1428 1428  6.877500e+10
 593  595 -6.576223e+14
 534  534  6.877500e+10
 307  311  1.644056e+14
 835  841 -1.150839e+15
 941  935  2.740093e+14
 598  596 -2.546775e+13
1229 1229  6.028205e+14
 503  497  2.740093e+14
 992 1000 -7.640325e+13
 509  515  2.740093e+14
 293  293  6.028205e+14
 947  947  6.028205e+14
 997 1007  4.932168e+14
 565  565  2.301678e+15
  83   89  2.740093e+14
1361 1357  1.644056e+14
 152  152  3.565485e+14
 355  359  1.644056e+14
 620  622 -2.546775e+13
 280  272 -7.640325e+13
 958  950 -7.640325e+13
 738  732 -3.438750e+10
 866  872 -1.782742e+14
 139  137 -6.576223e+14
  96  102 -3.438750e+10
1076 1076  3.565485e+14
 911  917  2.740093e+14
 747  747  5.278628e+05
 437  443  2.740093e+14
1393 1397  1.644056e+14
1301 1295  2.740093e+14
1137 1137  5.278628e+05
 528  534 -3.438750e+10
 751  749 -6.576223e+14
 676  682  4.244625e+13
1298 1298  3.565485e+14
1322 1330 -7.640325e+13
  55   49 -1.150839e+15
 335  331  1.644056e+14
 636  636  6.877500e+10
 484  488  1.018710e+14
1263 1257 -2.639314e+05
1172 1180 -7.640325e+13
 393  399 -2.639314e+05
1249 1259  4.932168e+14
 736  730  4.244625e+13
 478  478  9.338175e+13
1391 1381  4.932168e+14
 257  259 -6.576224e+14
  26   26  3.565485e+14
 455  455  6.028205e+14
1111 1109 -6.576223e+14
 254  248 -1.782742e+14 (Module: assembly, Line: 384)
2025-11-16 14:43:22,979 [INFO] 📊 Performance Metrics:
  Assembly Time: 0.05s
  Elements Processed: 250
  Matrix Density: 3.31e-03
  Memory Usage: 0.06MB
  Processing Rate: 5151.9 elements/s (Module: assembly, Line: 360)
2025-11-16 14:43:22,979 [INFO] ✅ Assembly complete. (Module: assembly, Line: 127)
