Machine Specifications:
   - OS: Windows 11 (10.0.26100)
       • Logical cores: 20
       • Physical cores: 12
   - RAM: 31.24 GB
   - Disk: 943.72 GB total, 2.54 GB free
   - Python Version: 3.12.5 (C:\Users\s1834431\AppData\Local\Programs\Python\Python312\python.exe)
   - GPU(s): Intel(R) UHD Graphics 770

Job: job_0004_n8
Timestamp (job start): 2026-02-26_16-17-55-068558
Total Time: 6.53 sec

+-------------------------------+------------+---------------+-------------+-----------+
| Step                          |   Time (s) |   Memory (MB) |   Disk (GB) |   CPU (%) |
+===============================+============+===============+=============+===========+
| Parsing                       | 0.00514984 |       135.285 |     941.163 |         0 |
+-------------------------------+------------+---------------+-------------+-----------+
| Element Instantiation         | 0.0139244  |       135.285 |     941.163 |         0 |
+-------------------------------+------------+---------------+-------------+-----------+
| Element Stiffness Computation | 0.0367038  |       135.285 |     941.163 |         0 |
+-------------------------------+------------+---------------+-------------+-----------+
| Element Force Computation     | 0.0152006  |       135.285 |     941.164 |         0 |
+-------------------------------+------------+---------------+-------------+-----------+
| Full Simulation               | 5.84436    |       135.285 |     941.173 |         0 |
+-------------------------------+------------+---------------+-------------+-----------+

Parallel Jobs: None
Start Memory: 135.29 MB | End Memory: 135.29 MB
Start Disk Usage: 941.16 GB | End Disk Usage: 941.17 GB
Start CPU: 0.00% | End CPU: 0.00%
