--------------------------------------------------------------------------
Machine specifications – written 2026-02-26 16:16:52.784690
OS          : Windows 11 (10.0.26100)
CPU         : 12th Gen Intel(R) Core(TM) i7-12700
   logical  : 20
   physical : 12
RAM         : 31.24 GB
Disk        : 943.72 GB total  /  2.62 GB free
Python      : 3.12.5  (C:\Users\s1834431\AppData\Local\Programs\Python\Python312\python.exe)
GPU(s)      : Intel(R) UHD Graphics 770
--------------------------------------------------------------------------

Runtime telemetry header written → C:\Users\s1834431\Programs\fem_model\post_processing\results\job_0001_n64_2026-02-26_16-16-48-562007_pid18316_c3b89ec2\diagnostics\RuntimeMonitorTelemetry.log
2026-02-26 16:16:53 │ PrepareLocalSystem BEGIN   │ Δt  0.00 s │ RAM   134.7 MB │ CPU   7.8 % │ Disk  941.1 GB
2026-02-26 16:16:53 │ PrepareLocalSystem END     │ Δt  0.22 s │ RAM   134.7 MB │ CPU   7.3 % │ Disk  941.1 GB
2026-02-26 16:16:53 │ AssembleGlobalSystem BEGIN │ Δt  0.20 s │ RAM   134.7 MB │ CPU  10.6 % │ Disk  941.1 GB
2026-02-26 16:16:53 │ AssembleGlobalSystem END   │ Δt  0.23 s │ RAM   134.7 MB │ CPU  11.2 % │ Disk  941.1 GB
2026-02-26 16:16:54 │ ModifyGlobalSystem BEGIN   │ Δt  0.37 s │ RAM   135.0 MB │ CPU   7.8 % │ Disk  941.1 GB
2026-02-26 16:16:54 │ ModifyGlobalSystem END     │ Δt  0.22 s │ RAM   135.1 MB │ CPU  19.9 % │ Disk  941.1 GB
2026-02-26 16:16:54 │ CondenseModifiedSystem BEGIN │ Δt  0.37 s │ RAM   135.1 MB │ CPU   4.4 % │ Disk  941.1 GB
2026-02-26 16:16:54 │ CondenseModifiedSystem END │ Δt  0.23 s │ RAM   135.2 MB │ CPU  18.4 % │ Disk  941.1 GB
2026-02-26 16:16:55 │ SolveCondensedSystem BEGIN │ Δt  0.37 s │ RAM   135.2 MB │ CPU  16.6 % │ Disk  941.1 GB
2026-02-26 16:16:55 │ SolveCondensedSystem END   │ Δt  0.22 s │ RAM   135.4 MB │ CPU   2.8 % │ Disk  941.1 GB
2026-02-26 16:16:55 │ ReconstructGlobalSystem BEGIN │ Δt  0.20 s │ RAM   135.4 MB │ CPU   9.5 % │ Disk  941.1 GB
2026-02-26 16:16:55 │ ReconstructGlobalSystem END │ Δt  0.22 s │ RAM   135.4 MB │ CPU   9.3 % │ Disk  941.1 GB
2026-02-26 16:16:56 │ ComputePrimaryResults BEGIN │ Δt  0.20 s │ RAM   135.4 MB │ CPU   7.1 % │ Disk  941.1 GB
2026-02-26 16:16:56 │ ComputePrimaryResults END  │ Δt  0.47 s │ RAM   134.9 MB │ CPU   4.1 % │ Disk  941.1 GB
2026-02-26 16:16:56 │ SaveFormulationCache BEGIN │ Δt  0.20 s │ RAM   134.9 MB │ CPU   2.9 % │ Disk  941.1 GB
2026-02-26 16:16:57 │ SaveFormulationCache END   │ Δt  0.40 s │ RAM   134.9 MB │ CPU  11.8 % │ Disk  941.1 GB
2026-02-26 16:16:57 │ ComputeSecondaryResults BEGIN │ Δt  0.20 s │ RAM   134.9 MB │ CPU   4.4 % │ Disk  941.1 GB
2026-02-26 16:16:57 │ ComputeSecondaryResults END │ Δt  0.28 s │ RAM   134.9 MB │ CPU  10.2 % │ Disk  941.1 GB
2026-02-26 16:16:57 │ ComputeTertiaryResults BEGIN │ Δt  0.20 s │ RAM   134.9 MB │ CPU   8.0 % │ Disk  941.1 GB
2026-02-26 16:16:58 │ ComputeTertiaryResults END │ Δt  0.28 s │ RAM   134.9 MB │ CPU  18.7 % │ Disk  941.1 GB
