=== Unnamed Matrix ===
[[0. 0.]
 [0. 0.]]


=== Element 13 Stiffness Matrix Computation ===
=== Element length  L  (1, 1) ===
[[0.125]]

=== Material stiffness matrix  D  (6, 6) ===
[[2.751000e+08 0.000000e+00 0.000000e+00 0.000000e+00 0.000000e+00 0.000000e+00]
 [0.000000e+00 6.791400e+04 0.000000e+00 0.000000e+00 0.000000e+00 0.000000e+00]
 [0.000000e+00 0.000000e+00 4.384149e+05 0.000000e+00 0.000000e+00 0.000000e+00]
 [0.000000e+00 0.000000e+00 0.000000e+00 0.000000e+00 0.000000e+00 0.000000e+00]
 [0.000000e+00 0.000000e+00 0.000000e+00 0.000000e+00 0.000000e+00 0.000000e+00]
 [0.000000e+00 0.000000e+00 0.000000e+00 0.000000e+00 0.000000e+00 2.111451e+03]]


GP 1/3: ξ = -0.774597,  x = 1.639088e+00,  w = 5.555556e-01
=== Shape-function derivative  dN/dξ  (1, 12, 6) ===
[[[-0.5       0.        0.        0.        0.        0.      ]
  [ 0.       -0.3       0.        0.        0.        0.      ]
  [ 0.        0.       -0.3       0.        0.        0.      ]
  [ 0.        0.        0.       -0.5       0.        0.      ]
  [ 0.        0.        0.        0.       -0.036706  0.      ]
  [ 0.        0.        0.        0.        0.        0.036706]
  [ 0.5       0.        0.        0.        0.        0.      ]
  [ 0.        0.3       0.        0.        0.        0.      ]
  [ 0.        0.        0.3       0.        0.        0.      ]
  [ 0.        0.        0.        0.5       0.        0.      ]
  [ 0.        0.        0.        0.        0.011706  0.      ]
  [ 0.        0.        0.        0.        0.       -0.011706]]]

=== Second derivative  d²N/dξ²  (1, 12, 6) ===
[[[ 0.        0.        0.        0.        0.        0.      ]
  [ 0.       -1.161895  0.        0.        0.        0.      ]
  [ 0.        0.       -1.161895  0.        0.        0.      ]
  [ 0.        0.        0.        0.        0.        0.      ]
  [ 0.        0.        0.        0.        0.103868  0.      ]
  [ 0.        0.        0.        0.        0.       -0.103868]
  [ 0.        0.        0.        0.        0.        0.      ]
  [ 0.        1.161895  0.        0.        0.        0.      ]
  [ 0.        0.        1.161895  0.        0.        0.      ]
  [ 0.        0.        0.        0.        0.        0.      ]
  [ 0.        0.        0.        0.        0.041368  0.      ]
  [ 0.        0.        0.        0.        0.       -0.041368]]]

=== Strain-displacement matrix  B  (6, 12) ===
[[  -8.          0.          0.          0.          0.          0.          8.          0.          0.
     0.          0.          0.      ]
 [   0.          0.       -297.445121    0.         26.59032     0.          0.          0.        297.445121
     0.         10.59032     0.      ]
 [   0.       -297.445121    0.          0.          0.        -26.59032     0.        297.445121    0.
     0.          0.        -10.59032 ]
 [   0.          0.          0.          0.          0.          0.          0.          0.          0.
     0.          0.          0.      ]
 [   0.          0.          0.          0.          0.          0.          0.          0.          0.
     0.          0.          0.      ]
 [   0.          0.          0.         -8.          0.          0.          0.          0.          0.
     8.          0.          0.      ]]

=== Gauss-point contribution  BᵀDB  (12, 12) ===
[[ 6.113333e+08  0.000000e+00  0.000000e+00  0.000000e+00  0.000000e+00  0.000000e+00 -6.113333e+08  0.000000e+00
   0.000000e+00  0.000000e+00  0.000000e+00  0.000000e+00]
 [ 0.000000e+00  1.346811e+09  0.000000e+00  0.000000e+00  0.000000e+00  1.203991e+08  0.000000e+00 -1.346811e+09
   0.000000e+00  0.000000e+00  0.000000e+00  4.795222e+07]
 [ 0.000000e+00  0.000000e+00  2.086318e+08  0.000000e+00 -1.865079e+07  0.000000e+00  0.000000e+00  0.000000e+00
  -2.086318e+08  0.000000e+00 -7.428186e+06  0.000000e+00]
 [ 0.000000e+00  0.000000e+00  0.000000e+00  4.692114e+03  0.000000e+00  0.000000e+00  0.000000e+00  0.000000e+00
   0.000000e+00 -4.692114e+03  0.000000e+00  0.000000e+00]
 [ 0.000000e+00  0.000000e+00 -1.865079e+07  0.000000e+00  1.667301e+06  0.000000e+00  0.000000e+00  0.000000e+00
   1.865079e+07  0.000000e+00  6.640480e+05  0.000000e+00]
 [ 0.000000e+00  1.203991e+08  0.000000e+00  0.000000e+00  0.000000e+00  1.076316e+07  0.000000e+00 -1.203991e+08
   0.000000e+00  0.000000e+00  0.000000e+00  4.286723e+06]
 [-6.113333e+08  0.000000e+00  0.000000e+00  0.000000e+00  0.000000e+00  0.000000e+00  6.113333e+08  0.000000e+00
   0.000000e+00  0.000000e+00  0.000000e+00  0.000000e+00]
 [ 0.000000e+00 -1.346811e+09  0.000000e+00  0.000000e+00  0.000000e+00 -1.203991e+08  0.000000e+00  1.346811e+09
   0.000000e+00  0.000000e+00  0.000000e+00 -4.795222e+07]
 [ 0.000000e+00  0.000000e+00 -2.086318e+08  0.000000e+00  1.865079e+07  0.000000e+00  0.000000e+00  0.000000e+00
   2.086318e+08  0.000000e+00  7.428186e+06  0.000000e+00]
 [ 0.000000e+00  0.000000e+00  0.000000e+00 -4.692114e+03  0.000000e+00  0.000000e+00  0.000000e+00  0.000000e+00
   0.000000e+00  4.692114e+03  0.000000e+00  0.000000e+00]
 [ 0.000000e+00  0.000000e+00 -7.428186e+06  0.000000e+00  6.640480e+05  0.000000e+00  0.000000e+00  0.000000e+00
   7.428186e+06  0.000000e+00  2.644752e+05  0.000000e+00]
 [ 0.000000e+00  4.795222e+07  0.000000e+00  0.000000e+00  0.000000e+00  4.286723e+06  0.000000e+00 -4.795222e+07
   0.000000e+00  0.000000e+00  0.000000e+00  1.707305e+06]]


GP 2/3: ξ = 0.000000,  x = 1.687500e+00,  w = 8.888889e-01
=== Shape-function derivative  dN/dξ  (1, 12, 6) ===
[[[-0.5       0.        0.        0.        0.        0.      ]
  [ 0.       -0.75      0.        0.        0.        0.      ]
  [ 0.        0.       -0.75      0.        0.        0.      ]
  [ 0.        0.        0.       -0.5       0.        0.      ]
  [ 0.        0.        0.        0.        0.015625  0.      ]
  [ 0.        0.        0.        0.        0.       -0.015625]
  [ 0.5       0.        0.        0.        0.        0.      ]
  [ 0.        0.75      0.        0.        0.        0.      ]
  [ 0.        0.        0.75      0.        0.        0.      ]
  [ 0.        0.        0.        0.5       0.        0.      ]
  [ 0.        0.        0.        0.        0.015625  0.      ]
  [ 0.        0.        0.        0.        0.       -0.015625]]]

=== Second derivative  d²N/dξ²  (1, 12, 6) ===
[[[ 0.       0.       0.       0.       0.       0.     ]
  [ 0.       0.       0.       0.       0.       0.     ]
  [ 0.       0.       0.       0.       0.       0.     ]
  [ 0.       0.       0.       0.       0.       0.     ]
  [ 0.       0.       0.       0.       0.03125  0.     ]
  [ 0.       0.       0.       0.       0.      -0.03125]
  [ 0.       0.       0.       0.       0.       0.     ]
  [ 0.      -0.       0.       0.       0.       0.     ]
  [ 0.       0.      -0.       0.       0.       0.     ]
  [ 0.       0.       0.       0.       0.       0.     ]
  [ 0.       0.       0.       0.      -0.03125  0.     ]
  [ 0.       0.       0.       0.       0.       0.03125]]]

=== Strain-displacement matrix  B  (6, 12) ===
[[-8.  0.  0.  0.  0.  0.  8.  0.  0.  0.  0.  0.]
 [ 0.  0.  0.  0.  8.  0.  0.  0. -0.  0. -8.  0.]
 [ 0.  0.  0.  0.  0. -8.  0. -0.  0.  0.  0.  8.]
 [ 0.  0.  0.  0.  0.  0.  0.  0.  0.  0.  0.  0.]
 [ 0.  0.  0.  0.  0.  0.  0.  0.  0.  0.  0.  0.]
 [ 0.  0.  0. -8.  0.  0.  0.  0.  0.  8.  0.  0.]]

=== Gauss-point contribution  BᵀDB  (12, 12) ===
[[ 9.781333e+08  0.000000e+00  0.000000e+00  0.000000e+00  0.000000e+00  0.000000e+00 -9.781333e+08  0.000000e+00
   0.000000e+00  0.000000e+00  0.000000e+00  0.000000e+00]
 [ 0.000000e+00  0.000000e+00  0.000000e+00  0.000000e+00  0.000000e+00  0.000000e+00  0.000000e+00  0.000000e+00
   0.000000e+00  0.000000e+00  0.000000e+00  0.000000e+00]
 [ 0.000000e+00  0.000000e+00  0.000000e+00  0.000000e+00  0.000000e+00  0.000000e+00  0.000000e+00  0.000000e+00
   0.000000e+00  0.000000e+00  0.000000e+00  0.000000e+00]
 [ 0.000000e+00  0.000000e+00  0.000000e+00  7.507382e+03  0.000000e+00  0.000000e+00  0.000000e+00  0.000000e+00
   0.000000e+00 -7.507382e+03  0.000000e+00  0.000000e+00]
 [ 0.000000e+00  0.000000e+00  0.000000e+00  0.000000e+00  2.414720e+05  0.000000e+00  0.000000e+00  0.000000e+00
   0.000000e+00  0.000000e+00 -2.414720e+05  0.000000e+00]
 [ 0.000000e+00  0.000000e+00  0.000000e+00  0.000000e+00  0.000000e+00  1.558809e+06  0.000000e+00  0.000000e+00
   0.000000e+00  0.000000e+00  0.000000e+00 -1.558809e+06]
 [-9.781333e+08  0.000000e+00  0.000000e+00  0.000000e+00  0.000000e+00  0.000000e+00  9.781333e+08  0.000000e+00
   0.000000e+00  0.000000e+00  0.000000e+00  0.000000e+00]
 [ 0.000000e+00  0.000000e+00  0.000000e+00  0.000000e+00  0.000000e+00  0.000000e+00  0.000000e+00  0.000000e+00
   0.000000e+00  0.000000e+00  0.000000e+00  0.000000e+00]
 [ 0.000000e+00  0.000000e+00  0.000000e+00  0.000000e+00  0.000000e+00  0.000000e+00  0.000000e+00  0.000000e+00
   0.000000e+00  0.000000e+00  0.000000e+00  0.000000e+00]
 [ 0.000000e+00  0.000000e+00  0.000000e+00 -7.507382e+03  0.000000e+00  0.000000e+00  0.000000e+00  0.000000e+00
   0.000000e+00  7.507382e+03  0.000000e+00  0.000000e+00]
 [ 0.000000e+00  0.000000e+00  0.000000e+00  0.000000e+00 -2.414720e+05  0.000000e+00  0.000000e+00  0.000000e+00
   0.000000e+00  0.000000e+00  2.414720e+05  0.000000e+00]
 [ 0.000000e+00  0.000000e+00  0.000000e+00  0.000000e+00  0.000000e+00 -1.558809e+06  0.000000e+00  0.000000e+00
   0.000000e+00  0.000000e+00  0.000000e+00  1.558809e+06]]


GP 3/3: ξ = 0.774597,  x = 1.735912e+00,  w = 5.555556e-01
=== Shape-function derivative  dN/dξ  (1, 12, 6) ===
[[[-0.5       0.        0.        0.        0.        0.      ]
  [ 0.       -0.3       0.        0.        0.        0.      ]
  [ 0.        0.       -0.3       0.        0.        0.      ]
  [ 0.        0.        0.       -0.5       0.        0.      ]
  [ 0.        0.        0.        0.        0.011706  0.      ]
  [ 0.        0.        0.        0.        0.       -0.011706]
  [ 0.5       0.        0.        0.        0.        0.      ]
  [ 0.        0.3       0.        0.        0.        0.      ]
  [ 0.        0.        0.3       0.        0.        0.      ]
  [ 0.        0.        0.        0.5       0.        0.      ]
  [ 0.        0.        0.        0.       -0.036706  0.      ]
  [ 0.        0.        0.        0.        0.        0.036706]]]

=== Second derivative  d²N/dξ²  (1, 12, 6) ===
[[[ 0.        0.        0.        0.        0.        0.      ]
  [ 0.        1.161895  0.        0.        0.        0.      ]
  [ 0.        0.        1.161895  0.        0.        0.      ]
  [ 0.        0.        0.        0.        0.        0.      ]
  [ 0.        0.        0.        0.       -0.041368  0.      ]
  [ 0.        0.        0.        0.        0.        0.041368]
  [ 0.        0.        0.        0.        0.        0.      ]
  [ 0.       -1.161895  0.        0.        0.        0.      ]
  [ 0.        0.       -1.161895  0.        0.        0.      ]
  [ 0.        0.        0.        0.        0.        0.      ]
  [ 0.        0.        0.        0.       -0.103868  0.      ]
  [ 0.        0.        0.        0.        0.        0.103868]]]

=== Strain-displacement matrix  B  (6, 12) ===
[[  -8.          0.          0.          0.          0.          0.          8.          0.          0.
     0.          0.          0.      ]
 [   0.          0.        297.445121    0.        -10.59032     0.          0.          0.       -297.445121
     0.        -26.59032     0.      ]
 [   0.        297.445121    0.          0.          0.         10.59032     0.       -297.445121    0.
     0.          0.         26.59032 ]
 [   0.          0.          0.          0.          0.          0.          0.          0.          0.
     0.          0.          0.      ]
 [   0.          0.          0.          0.          0.          0.          0.          0.          0.
     0.          0.          0.      ]
 [   0.          0.          0.         -8.          0.          0.          0.          0.          0.
     8.          0.          0.      ]]

=== Gauss-point contribution  BᵀDB  (12, 12) ===
[[ 6.113333e+08  0.000000e+00  0.000000e+00  0.000000e+00  0.000000e+00  0.000000e+00 -6.113333e+08  0.000000e+00
   0.000000e+00  0.000000e+00  0.000000e+00  0.000000e+00]
 [ 0.000000e+00  1.346811e+09  0.000000e+00  0.000000e+00  0.000000e+00  4.795222e+07  0.000000e+00 -1.346811e+09
   0.000000e+00  0.000000e+00  0.000000e+00  1.203991e+08]
 [ 0.000000e+00  0.000000e+00  2.086318e+08  0.000000e+00 -7.428186e+06  0.000000e+00  0.000000e+00  0.000000e+00
  -2.086318e+08  0.000000e+00 -1.865079e+07  0.000000e+00]
 [ 0.000000e+00  0.000000e+00  0.000000e+00  4.692114e+03  0.000000e+00  0.000000e+00  0.000000e+00  0.000000e+00
   0.000000e+00 -4.692114e+03  0.000000e+00  0.000000e+00]
 [ 0.000000e+00  0.000000e+00 -7.428186e+06  0.000000e+00  2.644752e+05  0.000000e+00  0.000000e+00  0.000000e+00
   7.428186e+06  0.000000e+00  6.640480e+05  0.000000e+00]
 [ 0.000000e+00  4.795222e+07  0.000000e+00  0.000000e+00  0.000000e+00  1.707305e+06  0.000000e+00 -4.795222e+07
   0.000000e+00  0.000000e+00  0.000000e+00  4.286723e+06]
 [-6.113333e+08  0.000000e+00  0.000000e+00  0.000000e+00  0.000000e+00  0.000000e+00  6.113333e+08  0.000000e+00
   0.000000e+00  0.000000e+00  0.000000e+00  0.000000e+00]
 [ 0.000000e+00 -1.346811e+09  0.000000e+00  0.000000e+00  0.000000e+00 -4.795222e+07  0.000000e+00  1.346811e+09
   0.000000e+00  0.000000e+00  0.000000e+00 -1.203991e+08]
 [ 0.000000e+00  0.000000e+00 -2.086318e+08  0.000000e+00  7.428186e+06  0.000000e+00  0.000000e+00  0.000000e+00
   2.086318e+08  0.000000e+00  1.865079e+07  0.000000e+00]
 [ 0.000000e+00  0.000000e+00  0.000000e+00 -4.692114e+03  0.000000e+00  0.000000e+00  0.000000e+00  0.000000e+00
   0.000000e+00  4.692114e+03  0.000000e+00  0.000000e+00]
 [ 0.000000e+00  0.000000e+00 -1.865079e+07  0.000000e+00  6.640480e+05  0.000000e+00  0.000000e+00  0.000000e+00
   1.865079e+07  0.000000e+00  1.667301e+06  0.000000e+00]
 [ 0.000000e+00  1.203991e+08  0.000000e+00  0.000000e+00  0.000000e+00  4.286723e+06  0.000000e+00 -1.203991e+08
   0.000000e+00  0.000000e+00  0.000000e+00  1.076316e+07]]

=== Final Element Stiffness Matrix ===
[[ 2.200800e+09  0.000000e+00  0.000000e+00  0.000000e+00  0.000000e+00  0.000000e+00 -2.200800e+09  0.000000e+00
   0.000000e+00  0.000000e+00  0.000000e+00  0.000000e+00]
 [ 0.000000e+00  2.693621e+09  0.000000e+00  0.000000e+00  0.000000e+00  1.683513e+08  0.000000e+00 -2.693621e+09
   0.000000e+00  0.000000e+00  0.000000e+00  1.683513e+08]
 [ 0.000000e+00  0.000000e+00  4.172636e+08  0.000000e+00 -2.607898e+07  0.000000e+00  0.000000e+00  0.000000e+00
  -4.172636e+08  0.000000e+00 -2.607898e+07  0.000000e+00]
 [ 0.000000e+00  0.000000e+00  0.000000e+00  1.689161e+04  0.000000e+00  0.000000e+00  0.000000e+00  0.000000e+00
   0.000000e+00 -1.689161e+04  0.000000e+00  0.000000e+00]
 [ 0.000000e+00  0.000000e+00 -2.607898e+07  0.000000e+00  2.173248e+06  0.000000e+00  0.000000e+00  0.000000e+00
   2.607898e+07  0.000000e+00  1.086624e+06  0.000000e+00]
 [ 0.000000e+00  1.683513e+08  0.000000e+00  0.000000e+00  0.000000e+00  1.402928e+07  0.000000e+00 -1.683513e+08
   0.000000e+00  0.000000e+00  0.000000e+00  7.014638e+06]
 [-2.200800e+09  0.000000e+00  0.000000e+00  0.000000e+00  0.000000e+00  0.000000e+00  2.200800e+09  0.000000e+00
   0.000000e+00  0.000000e+00  0.000000e+00  0.000000e+00]
 [ 0.000000e+00 -2.693621e+09  0.000000e+00  0.000000e+00  0.000000e+00 -1.683513e+08  0.000000e+00  2.693621e+09
   0.000000e+00  0.000000e+00  0.000000e+00 -1.683513e+08]
 [ 0.000000e+00  0.000000e+00 -4.172636e+08  0.000000e+00  2.607898e+07  0.000000e+00  0.000000e+00  0.000000e+00
   4.172636e+08  0.000000e+00  2.607898e+07  0.000000e+00]
 [ 0.000000e+00  0.000000e+00  0.000000e+00 -1.689161e+04  0.000000e+00  0.000000e+00  0.000000e+00  0.000000e+00
   0.000000e+00  1.689161e+04  0.000000e+00  0.000000e+00]
 [ 0.000000e+00  0.000000e+00 -2.607898e+07  0.000000e+00  1.086624e+06  0.000000e+00  0.000000e+00  0.000000e+00
   2.607898e+07  0.000000e+00  2.173248e+06  0.000000e+00]
 [ 0.000000e+00  1.683513e+08  0.000000e+00  0.000000e+00  0.000000e+00  7.014638e+06  0.000000e+00 -1.683513e+08
   0.000000e+00  0.000000e+00  0.000000e+00  1.402928e+07]]

