Machine Specifications:
   - OS: Windows 11 (10.0.26100)
       • Logical cores: 20
       • Physical cores: 12
   - RAM: 31.24 GB
   - Disk: 943.72 GB total, 2.59 GB free
   - Python Version: 3.12.5 (C:\Users\s1834431\AppData\Local\Programs\Python\Python312\python.exe)
   - GPU(s): Intel(R) UHD Graphics 770

Job: job_0002_n8
Timestamp (job start): 2026-02-26_16-17-17-901259
Total Time: 6.45 sec

+-------------------------------+------------+---------------+-------------+-----------+
| Step                          |   Time (s) |   Memory (MB) |   Disk (GB) |   CPU (%) |
+===============================+============+===============+=============+===========+
| Parsing                       | 0          |       132.574 |     941.115 |         0 |
+-------------------------------+------------+---------------+-------------+-----------+
| Element Instantiation         | 0.00454974 |       132.574 |     941.115 |         0 |
+-------------------------------+------------+---------------+-------------+-----------+
| Element Stiffness Computation | 0.0344441  |       132.574 |     941.115 |         0 |
+-------------------------------+------------+---------------+-------------+-----------+
| Element Force Computation     | 0.00451136 |       132.574 |     941.116 |         0 |
+-------------------------------+------------+---------------+-------------+-----------+
| Full Simulation               | 5.79534    |       132.602 |     941.126 |         0 |
+-------------------------------+------------+---------------+-------------+-----------+

Parallel Jobs: None
Start Memory: 132.57 MB | End Memory: 132.60 MB
Start Disk Usage: 941.12 GB | End Disk Usage: 941.13 GB
Start CPU: 0.00% | End CPU: 0.00%
