2026-02-26 16:18:35,694 [DEBUG]: 🟢 ElementFactory logger initialised.
2026-02-26 16:18:35,694 [INFO]: 🚩 Starting batch element creation.
2026-02-26 16:18:35,694 [DEBUG]: Element IDs sanitised: [0, 1, 2, 3, 4, 5, 6, 7, 8, 9, 10, 11, 12, 13, 14, 15, 16, 17, 18, 19, 20, 21, 22, 23, 24, 25, 26, 27, 28, 29, 30, 31]
2026-02-26 16:18:35,694 [DEBUG]: Module for TimoshenkoBeamElement3D loaded.
2026-02-26 16:18:35,694 [DEBUG]: ✅ Element 0 (TimoshenkoBeamElement3D) instantiated.
2026-02-26 16:18:35,696 [DEBUG]: ✅ Element 1 (TimoshenkoBeamElement3D) instantiated.
2026-02-26 16:18:35,696 [DEBUG]: ✅ Element 2 (TimoshenkoBeamElement3D) instantiated.
2026-02-26 16:18:35,700 [DEBUG]: ✅ Element 3 (TimoshenkoBeamElement3D) instantiated.
2026-02-26 16:18:35,701 [DEBUG]: ✅ Element 4 (TimoshenkoBeamElement3D) instantiated.
2026-02-26 16:18:35,702 [DEBUG]: ✅ Element 5 (TimoshenkoBeamElement3D) instantiated.
2026-02-26 16:18:35,702 [DEBUG]: ✅ Element 6 (TimoshenkoBeamElement3D) instantiated.
2026-02-26 16:18:35,703 [DEBUG]: ✅ Element 7 (TimoshenkoBeamElement3D) instantiated.
2026-02-26 16:18:35,704 [DEBUG]: ✅ Element 8 (TimoshenkoBeamElement3D) instantiated.
2026-02-26 16:18:35,705 [DEBUG]: ✅ Element 9 (TimoshenkoBeamElement3D) instantiated.
2026-02-26 16:18:35,707 [DEBUG]: ✅ Element 10 (TimoshenkoBeamElement3D) instantiated.
2026-02-26 16:18:35,708 [DEBUG]: ✅ Element 11 (TimoshenkoBeamElement3D) instantiated.
2026-02-26 16:18:35,709 [DEBUG]: ✅ Element 12 (TimoshenkoBeamElement3D) instantiated.
2026-02-26 16:18:35,711 [DEBUG]: ✅ Element 13 (TimoshenkoBeamElement3D) instantiated.
2026-02-26 16:18:35,712 [DEBUG]: ✅ Element 14 (TimoshenkoBeamElement3D) instantiated.
2026-02-26 16:18:35,712 [DEBUG]: ✅ Element 15 (TimoshenkoBeamElement3D) instantiated.
2026-02-26 16:18:35,713 [DEBUG]: ✅ Element 16 (TimoshenkoBeamElement3D) instantiated.
2026-02-26 16:18:35,714 [DEBUG]: ✅ Element 17 (TimoshenkoBeamElement3D) instantiated.
2026-02-26 16:18:35,715 [DEBUG]: ✅ Element 18 (TimoshenkoBeamElement3D) instantiated.
2026-02-26 16:18:35,715 [DEBUG]: ✅ Element 19 (TimoshenkoBeamElement3D) instantiated.
2026-02-26 16:18:35,716 [DEBUG]: ✅ Element 20 (TimoshenkoBeamElement3D) instantiated.
2026-02-26 16:18:35,717 [DEBUG]: ✅ Element 21 (TimoshenkoBeamElement3D) instantiated.
2026-02-26 16:18:35,717 [DEBUG]: ✅ Element 22 (TimoshenkoBeamElement3D) instantiated.
2026-02-26 16:18:35,718 [DEBUG]: ✅ Element 23 (TimoshenkoBeamElement3D) instantiated.
2026-02-26 16:18:35,718 [DEBUG]: ✅ Element 24 (TimoshenkoBeamElement3D) instantiated.
2026-02-26 16:18:35,719 [DEBUG]: ✅ Element 25 (TimoshenkoBeamElement3D) instantiated.
2026-02-26 16:18:35,719 [DEBUG]: ✅ Element 26 (TimoshenkoBeamElement3D) instantiated.
2026-02-26 16:18:35,720 [DEBUG]: ✅ Element 27 (TimoshenkoBeamElement3D) instantiated.
2026-02-26 16:18:35,720 [DEBUG]: ✅ Element 28 (TimoshenkoBeamElement3D) instantiated.
2026-02-26 16:18:35,720 [DEBUG]: ✅ Element 29 (TimoshenkoBeamElement3D) instantiated.
2026-02-26 16:18:35,721 [DEBUG]: ✅ Element 30 (TimoshenkoBeamElement3D) instantiated.
2026-02-26 16:18:35,721 [DEBUG]: ✅ Element 31 (TimoshenkoBeamElement3D) instantiated.
2026-02-26 16:18:35,722 [DEBUG]: Logging verified for element 0.
2026-02-26 16:18:35,723 [DEBUG]: Logging verified for element 1.
2026-02-26 16:18:35,723 [DEBUG]: Logging verified for element 2.
2026-02-26 16:18:35,724 [DEBUG]: Logging verified for element 3.
2026-02-26 16:18:35,724 [DEBUG]: Logging verified for element 4.
2026-02-26 16:18:35,724 [DEBUG]: Logging verified for element 5.
2026-02-26 16:18:35,725 [DEBUG]: Logging verified for element 6.
2026-02-26 16:18:35,725 [DEBUG]: Logging verified for element 7.
2026-02-26 16:18:35,725 [DEBUG]: Logging verified for element 8.
2026-02-26 16:18:35,726 [DEBUG]: Logging verified for element 9.
2026-02-26 16:18:35,726 [DEBUG]: Logging verified for element 10.
2026-02-26 16:18:35,727 [DEBUG]: Logging verified for element 11.
2026-02-26 16:18:35,727 [DEBUG]: Logging verified for element 12.
2026-02-26 16:18:35,728 [DEBUG]: Logging verified for element 13.
2026-02-26 16:18:35,728 [DEBUG]: Logging verified for element 14.
2026-02-26 16:18:35,728 [DEBUG]: Logging verified for element 15.
2026-02-26 16:18:35,729 [DEBUG]: Logging verified for element 16.
2026-02-26 16:18:35,729 [DEBUG]: Logging verified for element 17.
2026-02-26 16:18:35,730 [DEBUG]: Logging verified for element 18.
2026-02-26 16:18:35,731 [DEBUG]: Logging verified for element 19.
2026-02-26 16:18:35,731 [DEBUG]: Logging verified for element 20.
2026-02-26 16:18:35,731 [DEBUG]: Logging verified for element 21.
2026-02-26 16:18:35,732 [DEBUG]: Logging verified for element 22.
2026-02-26 16:18:35,732 [DEBUG]: Logging verified for element 23.
2026-02-26 16:18:35,733 [DEBUG]: Logging verified for element 24.
2026-02-26 16:18:35,733 [DEBUG]: Logging verified for element 25.
2026-02-26 16:18:35,733 [DEBUG]: Logging verified for element 26.
2026-02-26 16:18:35,734 [DEBUG]: Logging verified for element 27.
2026-02-26 16:18:35,734 [DEBUG]: Logging verified for element 28.
2026-02-26 16:18:35,735 [DEBUG]: Logging verified for element 29.
2026-02-26 16:18:35,735 [DEBUG]: Logging verified for element 30.
2026-02-26 16:18:35,735 [DEBUG]: Logging verified for element 31.
2026-02-26 16:18:35,735 [INFO]: ✅ Batch element creation complete.
