Machine Specifications:
   - OS: Windows 11 (10.0.26100)
       • Logical cores: 20
       • Physical cores: 12
   - RAM: 31.24 GB
   - Disk: 943.72 GB total, 2.51 GB free
   - Python Version: 3.12.5 (C:\Users\s1834431\AppData\Local\Programs\Python\Python312\python.exe)
   - GPU(s): Intel(R) UHD Graphics 770

Job: job_0007_n32
Timestamp (job start): 2026-02-26_16-18-42-533967
Total Time: 6.86 sec

+-------------------------------+------------+---------------+-------------+-----------+
| Step                          |   Time (s) |   Memory (MB) |   Disk (GB) |   CPU (%) |
+===============================+============+===============+=============+===========+
| Parsing                       |  0         |       136.055 |     941.202 |         0 |
+-------------------------------+------------+---------------+-------------+-----------+
| Element Instantiation         |  0.0417514 |       136.055 |     941.202 |         0 |
+-------------------------------+------------+---------------+-------------+-----------+
| Element Stiffness Computation |  0.103121  |       136.055 |     941.203 |         0 |
+-------------------------------+------------+---------------+-------------+-----------+
| Element Force Computation     |  0.0159814 |       136.055 |     941.203 |         0 |
+-------------------------------+------------+---------------+-------------+-----------+
| Full Simulation               |  6.08556   |       136.188 |     941.206 |         0 |
+-------------------------------+------------+---------------+-------------+-----------+

Parallel Jobs: None
Start Memory: 136.09 MB | End Memory: 136.19 MB
Start Disk Usage: 941.20 GB | End Disk Usage: 941.21 GB
Start CPU: 0.00% | End CPU: 0.00%
