--------------------------------------------------------------------------
Machine specifications – written 2026-02-26 16:18:37.488636
OS          : Windows 11 (10.0.26100)
CPU         : 12th Gen Intel(R) Core(TM) i7-12700
   logical  : 20
   physical : 12
RAM         : 31.24 GB
Disk        : 943.72 GB total  /  2.51 GB free
Python      : 3.12.5  (C:\Users\s1834431\AppData\Local\Programs\Python\Python312\python.exe)
GPU(s)      : Intel(R) UHD Graphics 770
--------------------------------------------------------------------------

Runtime telemetry header written → C:\Users\s1834431\Programs\fem_model\post_processing\results\job_0007_n8_2026-02-26_16-18-35-482850_pid18316_31626e1e\diagnostics\RuntimeMonitorTelemetry.log
2026-02-26 16:18:37 │ PrepareLocalSystem BEGIN   │ Δt  0.00 s │ RAM   133.5 MB │ CPU  26.1 % │ Disk  941.2 GB
2026-02-26 16:18:37 │ PrepareLocalSystem END     │ Δt  0.20 s │ RAM   133.5 MB │ CPU  28.2 % │ Disk  941.2 GB
2026-02-26 16:18:38 │ AssembleGlobalSystem BEGIN │ Δt  0.20 s │ RAM   133.5 MB │ CPU  18.1 % │ Disk  941.2 GB
2026-02-26 16:18:38 │ AssembleGlobalSystem END   │ Δt  0.21 s │ RAM   133.6 MB │ CPU  13.8 % │ Disk  941.2 GB
2026-02-26 16:18:38 │ ModifyGlobalSystem BEGIN   │ Δt  0.20 s │ RAM   133.6 MB │ CPU  10.8 % │ Disk  941.2 GB
2026-02-26 16:18:38 │ ModifyGlobalSystem END     │ Δt  0.21 s │ RAM   133.6 MB │ CPU   8.2 % │ Disk  941.2 GB
2026-02-26 16:18:39 │ CondenseModifiedSystem BEGIN │ Δt  0.20 s │ RAM   133.6 MB │ CPU   7.5 % │ Disk  941.2 GB
2026-02-26 16:18:39 │ CondenseModifiedSystem END │ Δt  0.21 s │ RAM   133.9 MB │ CPU   7.6 % │ Disk  941.2 GB
2026-02-26 16:18:39 │ SolveCondensedSystem BEGIN │ Δt  0.20 s │ RAM   133.9 MB │ CPU   6.5 % │ Disk  941.2 GB
2026-02-26 16:18:39 │ SolveCondensedSystem END   │ Δt  0.25 s │ RAM   134.0 MB │ CPU   1.2 % │ Disk  941.2 GB
2026-02-26 16:18:39 │ ReconstructGlobalSystem BEGIN │ Δt  0.20 s │ RAM   134.0 MB │ CPU   5.9 % │ Disk  941.2 GB
2026-02-26 16:18:40 │ ReconstructGlobalSystem END │ Δt  0.21 s │ RAM   134.0 MB │ CPU   8.7 % │ Disk  941.2 GB
2026-02-26 16:18:40 │ ComputePrimaryResults BEGIN │ Δt  0.20 s │ RAM   134.0 MB │ CPU  10.6 % │ Disk  941.2 GB
2026-02-26 16:18:40 │ ComputePrimaryResults END  │ Δt  0.26 s │ RAM   134.0 MB │ CPU   8.2 % │ Disk  941.2 GB
2026-02-26 16:18:40 │ SaveFormulationCache BEGIN │ Δt  0.20 s │ RAM   134.0 MB │ CPU  23.2 % │ Disk  941.2 GB
2026-02-26 16:18:40 │ SaveFormulationCache END   │ Δt  0.22 s │ RAM   134.0 MB │ CPU   5.5 % │ Disk  941.2 GB
2026-02-26 16:18:41 │ ComputeSecondaryResults BEGIN │ Δt  0.20 s │ RAM   134.0 MB │ CPU  16.5 % │ Disk  941.2 GB
2026-02-26 16:18:41 │ ComputeSecondaryResults END │ Δt  0.22 s │ RAM   134.0 MB │ CPU  10.3 % │ Disk  941.2 GB
2026-02-26 16:18:41 │ ComputeTertiaryResults BEGIN │ Δt  0.20 s │ RAM   134.0 MB │ CPU  11.6 % │ Disk  941.2 GB
2026-02-26 16:18:41 │ ComputeTertiaryResults END │ Δt  0.22 s │ RAM   134.0 MB │ CPU   8.7 % │ Disk  941.2 GB
