
=== Element 17 Force Vector Computation ===

=== Distributed Loads ===
=== N (12, 6) ===
[[ 0.887298  0.        0.        0.        0.        0.      ]
 [ 0.        0.887298  0.        0.        0.        0.      ]
 [ 0.        0.        0.887298  0.        0.        0.      ]
 [ 0.        0.        0.        0.887298  0.        0.      ]
 [ 0.        0.        0.        0.       -0.887298  0.      ]
 [ 0.        0.        0.        0.        0.        0.887298]
 [ 0.112702  0.        0.        0.        0.        0.      ]
 [ 0.        0.112702  0.        0.        0.        0.      ]
 [ 0.        0.        0.112702  0.        0.        0.      ]
 [ 0.        0.        0.        0.112702  0.        0.      ]
 [ 0.        0.        0.        0.       -0.112702  0.      ]
 [ 0.        0.        0.        0.        0.        0.112702]]

=== q (6,) ===
[  0.       -35.747626   0.         0.         0.         0.      ]

=== N (12, 6) ===
[[ 0.5  0.   0.   0.   0.   0. ]
 [ 0.   0.5  0.   0.   0.   0. ]
 [ 0.   0.   0.5  0.   0.   0. ]
 [ 0.   0.   0.   0.5  0.   0. ]
 [ 0.   0.   0.   0.  -0.5  0. ]
 [ 0.   0.   0.   0.   0.   0.5]
 [ 0.5  0.   0.   0.   0.   0. ]
 [ 0.   0.5  0.   0.   0.   0. ]
 [ 0.   0.   0.5  0.   0.   0. ]
 [ 0.   0.   0.   0.5  0.   0. ]
 [ 0.   0.   0.   0.  -0.5  0. ]
 [ 0.   0.   0.   0.   0.   0.5]]

=== q (6,) ===
[  0.       -37.384033   0.         0.         0.         0.      ]

=== N (12, 6) ===
[[ 0.112702  0.        0.        0.        0.        0.      ]
 [ 0.        0.112702  0.        0.        0.        0.      ]
 [ 0.        0.        0.112702  0.        0.        0.      ]
 [ 0.        0.        0.        0.112702  0.        0.      ]
 [ 0.        0.        0.        0.       -0.112702  0.      ]
 [ 0.        0.        0.        0.        0.        0.112702]
 [ 0.887298  0.        0.        0.        0.        0.      ]
 [ 0.        0.887298  0.        0.        0.        0.      ]
 [ 0.        0.        0.887298  0.        0.        0.      ]
 [ 0.        0.        0.        0.887298  0.        0.      ]
 [ 0.        0.        0.        0.       -0.887298  0.      ]
 [ 0.        0.        0.        0.        0.        0.887298]]

=== q (6,) ===
[  0.      -39.05706   0.        0.        0.        0.     ]

=== Total Fe (12,) ===
[[ 0.       -0.573158  0.        0.        0.        0.        0.       -0.595411  0.
   0.        0.        0.      ]]

=== Final Force Vector ===
[[ 0.       -0.573158  0.        0.        0.        0.        0.       -0.595411  0.        0.        0.
   0.      ]]

