
=== Element 42 Force Vector Computation ===

=== Distributed Loads ===
=== N (12, 6) ===
[[ 0.887298  0.        0.        0.        0.        0.      ]
 [ 0.        0.964758  0.        0.        0.        0.      ]
 [ 0.        0.        0.964758  0.        0.        0.      ]
 [ 0.        0.        0.        0.887298  0.        0.      ]
 [ 0.        0.        0.        0.       -0.002773  0.      ]
 [ 0.        0.        0.        0.        0.        0.002773]
 [ 0.112702  0.        0.        0.        0.        0.      ]
 [ 0.        0.035242  0.        0.        0.        0.      ]
 [ 0.        0.        0.035242  0.        0.        0.      ]
 [ 0.        0.        0.        0.112702  0.        0.      ]
 [ 0.        0.        0.        0.        0.000352  0.      ]
 [ 0.        0.        0.        0.        0.       -0.000352]]

=== q (6,) ===
[   0.       -216.489214    0.          0.          0.          0.      ]

=== N (12, 6) ===
[[ 0.5       0.        0.        0.        0.        0.      ]
 [ 0.        0.5       0.        0.        0.        0.      ]
 [ 0.        0.        0.5       0.        0.        0.      ]
 [ 0.        0.        0.        0.5       0.        0.      ]
 [ 0.        0.        0.        0.       -0.003906  0.      ]
 [ 0.        0.        0.        0.        0.        0.003906]
 [ 0.5       0.        0.        0.        0.        0.      ]
 [ 0.        0.5       0.        0.        0.        0.      ]
 [ 0.        0.        0.5       0.        0.        0.      ]
 [ 0.        0.        0.        0.5       0.        0.      ]
 [ 0.        0.        0.        0.        0.003906  0.      ]
 [ 0.        0.        0.        0.        0.       -0.003906]]

=== q (6,) ===
[   0.       -220.489502    0.          0.          0.          0.      ]

=== N (12, 6) ===
[[ 0.112702  0.        0.        0.        0.        0.      ]
 [ 0.        0.035242  0.        0.        0.        0.      ]
 [ 0.        0.        0.035242  0.        0.        0.      ]
 [ 0.        0.        0.        0.112702  0.        0.      ]
 [ 0.        0.        0.        0.       -0.000352  0.      ]
 [ 0.        0.        0.        0.        0.        0.000352]
 [ 0.887298  0.        0.        0.        0.        0.      ]
 [ 0.        0.964758  0.        0.        0.        0.      ]
 [ 0.        0.        0.964758  0.        0.        0.      ]
 [ 0.        0.        0.        0.887298  0.        0.      ]
 [ 0.        0.        0.        0.        0.002773  0.      ]
 [ 0.        0.        0.        0.        0.       -0.002773]]

=== q (6,) ===
[   0.       -224.526411    0.          0.          0.          0.      ]

=== Total Fe (12,) ===
[[ 0.       -3.412882  0.        0.        0.        0.        0.       -3.477732  0.
   0.        0.        0.      ]]

=== Final Force Vector ===
[[ 0.       -3.412882  0.        0.        0.        0.        0.       -3.477732  0.        0.        0.
   0.      ]]

