
=== Element 15 Force Vector Computation ===

=== Distributed Loads ===
=== N (12, 6) ===
[[ 0.887298  0.        0.        0.        0.        0.      ]
 [ 0.        0.964758  0.        0.        0.        0.      ]
 [ 0.        0.        0.964758  0.        0.        0.      ]
 [ 0.        0.        0.        0.887298  0.        0.      ]
 [ 0.        0.        0.        0.       -0.002773  0.      ]
 [ 0.        0.        0.        0.        0.        0.002773]
 [ 0.112702  0.        0.        0.        0.        0.      ]
 [ 0.        0.035242  0.        0.        0.        0.      ]
 [ 0.        0.        0.035242  0.        0.        0.      ]
 [ 0.        0.        0.        0.112702  0.        0.      ]
 [ 0.        0.        0.        0.        0.000352  0.      ]
 [ 0.        0.        0.        0.        0.       -0.000352]]

=== q (6,) ===
[  0.       -27.880096   0.         0.         0.         0.      ]

=== N (12, 6) ===
[[ 0.5       0.        0.        0.        0.        0.      ]
 [ 0.        0.5       0.        0.        0.        0.      ]
 [ 0.        0.        0.5       0.        0.        0.      ]
 [ 0.        0.        0.        0.5       0.        0.      ]
 [ 0.        0.        0.        0.       -0.003906  0.      ]
 [ 0.        0.        0.        0.        0.        0.003906]
 [ 0.5       0.        0.        0.        0.        0.      ]
 [ 0.        0.5       0.        0.        0.        0.      ]
 [ 0.        0.        0.5       0.        0.        0.      ]
 [ 0.        0.        0.        0.5       0.        0.      ]
 [ 0.        0.        0.        0.        0.003906  0.      ]
 [ 0.        0.        0.        0.        0.       -0.003906]]

=== q (6,) ===
[  0.       -29.327392   0.         0.         0.         0.      ]

=== N (12, 6) ===
[[ 0.112702  0.        0.        0.        0.        0.      ]
 [ 0.        0.035242  0.        0.        0.        0.      ]
 [ 0.        0.        0.035242  0.        0.        0.      ]
 [ 0.        0.        0.        0.112702  0.        0.      ]
 [ 0.        0.        0.        0.       -0.000352  0.      ]
 [ 0.        0.        0.        0.        0.        0.000352]
 [ 0.887298  0.        0.        0.        0.        0.      ]
 [ 0.        0.964758  0.        0.        0.        0.      ]
 [ 0.        0.        0.964758  0.        0.        0.      ]
 [ 0.        0.        0.        0.887298  0.        0.      ]
 [ 0.        0.        0.        0.        0.002773  0.      ]
 [ 0.        0.        0.        0.        0.       -0.002773]]

=== q (6,) ===
[  0.      -30.81131   0.        0.        0.        0.     ]

=== Total Fe (12,) ===
[[ 0.       -0.446574  0.        0.        0.        0.        0.       -0.470225  0.
   0.        0.        0.      ]]

=== Final Force Vector ===
[[ 0.       -0.446574  0.        0.        0.        0.        0.       -0.470225  0.        0.        0.
   0.      ]]

